Exact classical Chain bridge C++: max_chain=11, moment_max=27, families=B,C, rank_min=-1, rank_cap=-1
  m_1 = 0  (|support| = 1, |cache| = 9)
  m_2 = 1  (|support| = 6, |cache| = 14)
  m_3 = 1  (|support| = 10, |cache| = 22)
  m_4 = 6  (|support| = 15, |cache| = 30)
  m_5 = 22  (|support| = 21, |cache| = 39)
  m_6 = 115  (|support| = 28, |cache| = 49)
  m_7 = 611  (|support| = 36, |cache| = 60)
  m_8 = 3556  (|support| = 45, |cache| = 72)
  m_9 = 21716  (|support| = 55, |cache| = 85)
  m_10 = 138882  (|support| = 66, |cache| = 99)
  m_11 = 921230  (|support| = 78, |cache| = 114)
  m_12 = 6305684  (|support| = 91, |cache| = 130)
  m_13 = 44334006  (|support| = 105, |cache| = 147)
  m_14 = 319045025  (|support| = 120, |cache| = 165)
  m_15 = 2343236105  (|support| = 136, |cache| = 184)
  m_16 = 17522447360  (|support| = 153, |cache| = 204)
  m_17 = 133144919192  (|support| = 171, |cache| = 225)
  m_18 = 1026309263244  (|support| = 190, |cache| = 247)
  m_19 = 8013773625828  (|support| = 210, |cache| = 270)
  m_20 = 63309732739656  (|support| = 231, |cache| = 294)
  m_21 = 505498597115760  (|support| = 253, |cache| = 319)
  m_22 = 4075552833545634  (|support| = 276, |cache| = 345)
  m_23 = 33152851412172558  (|support| = 300, |cache| = 372)
  m_24 = 271903910777993616  (|support| = 325, |cache| = 400)
  m_25 = 2246973648063022792  (|support| = 351, |cache| = 429)
  m_26 = 18699342067072593900  (|support| = 378, |cache| = 459)
  m_27 = 156633331120410093092  (|support| = 406, |cache| = 490)
B2: min_diff_m0..11=32 diff_m11=41078499774144274682472 Q3(25)=42111655178183826594088 m0..6=[1, 0, 1, 1, 6, 22, 115] dt=0.00277296s OK
  m_1 = 0  (|support| = 1, |cache| = 19)
  m_2 = 1  (|support| = 6, |cache| = 30)
  m_3 = 1  (|support| = 14, |cache| = 60)
  m_4 = 6  (|support| = 27, |cache| = 93)
  m_5 = 22  (|support| = 44, |cache| = 138)
  m_6 = 130  (|support| = 67, |cache| = 192)
  m_7 = 822  (|support| = 96, |cache| = 257)
  m_8 = 6111  (|support| = 133, |cache| = 329)
  m_9 = 50052  (|support| = 178, |cache| = 418)
  m_10 = 447183  (|support| = 232, |cache| = 519)
  m_11 = 4279707  (|support| = 296, |cache| = 631)
  m_12 = 43399323  (|support| = 371, |cache| = 761)
  m_13 = 462212754  (|support| = 457, |cache| = 907)
  m_14 = 5135616863  (|support| = 556, |cache| = 1065)
  m_15 = 59215620779  (|support| = 668, |cache| = 1245)
  m_16 = 705541112331  (|support| = 794, |cache| = 1442)
  m_17 = 8656183546704  (|support| = 935, |cache| = 1655)
  m_18 = 109036491555915  (|support| = 1092, |cache| = 1891)
  m_19 = 1406609597674359  (|support| = 1265, |cache| = 2148)
  m_20 = 18543809002364226  (|support| = 1456, |cache| = 2422)
  m_21 = 249366848792366502  (|support| = 1665, |cache| = 2723)
  m_22 = 3414956514592438326  (|support| = 1893, |cache| = 3046)
  m_23 = 47557092563447931948  (|support| = 2141, |cache| = 3390)
  m_24 = 672631839670462718601  (|support| = 2410, |cache| = 3762)
  m_25 = 9651184343109891301428  (|support| = 2700, |cache| = 4160)
  m_26 = 140341444327536670782825  (|support| = 3013, |cache| = 4580)
  m_27 = 2066328459117346754619003  (|support| = 3349, |cache| = 5032)
B3: min_diff_m0..11=32 diff_m11=36085437879165584578360092 Q3(25)=36530243165434548422177052 m0..6=[1, 0, 1, 1, 6, 22, 130] dt=0.0396769s OK
  m_1 = 0  (|support| = 1, |cache| = 33)
  m_2 = 1  (|support| = 6, |cache| = 54)
  m_3 = 1  (|support| = 14, |cache| = 121)
  m_4 = 6  (|support| = 32, |cache| = 207)
  m_5 = 22  (|support| = 60, |cache| = 352)
  m_6 = 130  (|support| = 105, |cache| = 520)
  m_7 = 822  (|support| = 166, |cache| = 779)
  m_8 = 6202  (|support| = 251, |cache| = 1065)
  m_9 = 52552  (|support| = 364, |cache| = 1436)
  m_10 = 498591  (|support| = 511, |cache| = 1886)
  m_11 = 5210715  (|support| = 697, |cache| = 2426)
  m_12 = 59344098  (|support| = 931, |cache| = 3056)
  m_13 = 728810658  (|support| = 1217, |cache| = 3821)
  m_14 = 9564530430  (|support| = 1565, |cache| = 4684)
  m_15 = 133066760584  (|support| = 1982, |cache| = 5696)
  m_16 = 1949272050600  (|support| = 2477, |cache| = 6854)
  m_17 = 29892206780720  (|support| = 3058, |cache| = 8172)
  m_18 = 477532564286970  (|support| = 3737, |cache| = 9653)
  m_19 = 7914358104935202  (|support| = 4521, |cache| = 11345)
  m_20 = 135606068908550236  (|support| = 5423, |cache| = 13214)
  m_21 = 2394976664800991580  (|support| = 6453, |cache| = 15314)
  m_22 = 43488385457596205592  (|support| = 7623, |cache| = 17645)
  m_23 = 810093693179993187372  (|support| = 8944, |cache| = 20224)
  m_24 = 15450734292438138737124  (|support| = 10431, |cache| = 23057)
  m_25 = 301215371314774702941324  (|support| = 12094, |cache| = 26195)
  m_26 = 5993283596801868178162425  (|support| = 13949, |cache| = 29607)
  m_27 = 121542373610200809082298989  (|support| = 16009, |cache| = 33350)
B4: min_diff_m0..11=32 diff_m11=709510108129047929960260722 Q3(25)=715467164005135249067494226 m0..6=[1, 0, 1, 1, 6, 22, 130] dt=0.424624s OK
  m_1 = 0  (|support| = 1, |cache| = 51)
  m_2 = 1  (|support| = 6, |cache| = 86)
  m_3 = 1  (|support| = 14, |cache| = 203)
  m_4 = 6  (|support| = 32, |cache| = 381)
  m_5 = 22  (|support| = 66, |cache| = 689)
  m_6 = 130  (|support| = 125, |cache| = 1124)
  m_7 = 822  (|support| = 216, |cache| = 1781)
  m_8 = 6202  (|support| = 354, |cache| = 2611)
  m_9 = 52552  (|support| = 548, |cache| = 3772)
  m_10 = 499194  (|support| = 819, |cache| = 5198)
  m_11 = 5238370  (|support| = 1184, |cache| = 7029)
  m_12 = 60218631  (|support| = 1668, |cache| = 9272)
  m_13 = 752295328  (|support| = 2295, |cache| = 12056)
  m_14 = 10144664127  (|support| = 3097, |cache| = 15394)
  m_15 = 146769394114  (|support| = 4105, |cache| = 19424)
  m_16 = 2265547792695  (|support| = 5359, |cache| = 24198)
  m_17 = 37121039284096  (|support| = 6898, |cache| = 29834)
  m_18 = 642539858471527  (|support| = 8771, |cache| = 36399)
  m_19 = 11697226135612799  (|support| = 11026, |cache| = 44069)
  m_20 = 223040738974645588  (|support| = 13722, |cache| = 52878)
  m_21 = 4437795519925066290  (|support| = 16916, |cache| = 63040)
  m_22 = 91821245077949007432  (|support| = 20678, |cache| = 74603)
  m_23 = 1969551009651971282658  (|support| = 25077, |cache| = 87773)
  m_24 = 43674931477328840045835  (|support| = 30193, |cache| = 102662)
  m_25 = 998754177988926572231520  (|support| = 36107, |cache| = 119469)
  m_26 = 23500817151387615829171275  (|support| = 42912, |cache| = 138303)
  m_27 = 567866002780379218364668505  (|support| = 50701, |cache| = 159402)
B5: min_diff_m0..11=32 diff_m11=2311166911563073728005756632 Q3(25)=2326241134498655300825372760 m0..6=[1, 0, 1, 1, 6, 22, 130] dt=3.72831s OK
  m_1 = 0  (|support| = 1, |cache| = 73)
  m_2 = 1  (|support| = 6, |cache| = 126)
  m_3 = 1  (|support| = 14, |cache| = 309)
  m_4 = 6  (|support| = 32, |cache| = 604)
  m_5 = 22  (|support| = 66, |cache| = 1158)
  m_6 = 130  (|support| = 132, |cache| = 1987)
  m_7 = 822  (|support| = 240, |cache| = 3372)
  m_8 = 6202  (|support| = 416, |cache| = 5216)
  m_9 = 52552  (|support| = 681, |cache| = 7940)
  m_10 = 499194  (|support| = 1072, |cache| = 11516)
  m_11 = 5238370  (|support| = 1625, |cache| = 16323)
  m_12 = 60222844  (|support| = 2395, |cache| = 22450)
  m_13 = 752587764  (|support| = 3438, |cache| = 30341)
  m_14 = 10157914507  (|support| = 4833, |cache| = 40139)
  m_15 = 147264181771  (|support| = 6660, |cache| = 52453)
  m_16 = 2282170099110  (|support| = 9024, |cache| = 67487)
  m_17 = 37645808955616  (|support| = 12039, |cache| = 85795)
  m_18 = 658502885314306  (|support| = 15845, |cache| = 107820)
  m_19 = 12172470348212442  (|support| = 20591, |cache| = 134268)
  m_20 = 237031945376636364  (|support| = 26461, |cache| = 165526)
  m_21 = 4848005266941905700  (|support| = 33649, |cache| = 202530)
  m_22 = 103858798394423428839  (|support| = 42386, |cache| = 245796)
  m_23 = 2324373171564518101029  (|support| = 52922, |cache| = 296255)
  m_24 = 54208076554672769179758  (|support| = 65546, |cache| = 354716)
  m_25 = 1314263240217480547628556  (|support| = 80566, |cache| = 422273)
  m_26 = 33050363740641162888813000  (|support| = 98341, |cache| = 499680)
  m_27 = 860225725962748999644047556  (|support| = 119250, |cache| = 588359)
B6: min_diff_m0..11=32 diff_m11=3154178306360917621117700396 Q3(25)=3172676446059114492075143244 m0..6=[1, 0, 1, 1, 6, 22, 130] dt=16.7371s OK
  m_1 = 0  (|support| = 1, |cache| = 99)
  m_2 = 1  (|support| = 6, |cache| = 174)
  m_3 = 1  (|support| = 14, |cache| = 439)
  m_4 = 6  (|support| = 32, |cache| = 880)
  m_5 = 22  (|support| = 66, |cache| = 1752)
  m_6 = 130  (|support| = 132, |cache| = 3120)
  m_7 = 822  (|support| = 248, |cache| = 5473)
  m_8 = 6202  (|support| = 444, |cache| = 8944)
  m_9 = 52552  (|support| = 755, |cache| = 14168)
  m_10 = 499194  (|support| = 1235, |cache| = 21472)
  m_11 = 5238370  (|support| = 1944, |cache| = 31706)
  m_12 = 60222844  (|support| = 2974, |cache| = 45274)
  m_13 = 752587764  (|support| = 4421, |cache| = 63543)
  m_14 = 10157945044  (|support| = 6426, |cache| = 86953)
  m_15 = 147267180508  (|support| = 9149, |cache| = 117163)
  m_16 = 2282354940585  (|support| = 12792, |cache| = 155398)
  m_17 = 37654974086176  (|support| = 17591, |cache| = 203318)
  m_18 = 658904345011321  (|support| = 23843, |cache| = 262553)
  m_19 = 12188757105729621  (|support| = 31880, |cache| = 335639)
  m_20 = 237660979995875815  (|support| = 42115, |cache| = 424342)
  m_21 = 4871542457203082940  (|support| = 55014, |cache| = 531808)
  m_22 = 104722135663801022787  (|support| = 71132, |cache| = 660733)
  m_23 = 2355671921436975519268  (|support| = 91098, |cache| = 814582)
  m_24 = 55336240661458603569375  (|support| = 115656, |cache| = 996753)
  m_25 = 1354871759669466850312692  (|support| = 145632, |cache| = 1211918)
  m_26 = 34514853371216308317488175  (|support| = 181993, |cache| = 1463928)
  m_27 = 913272684037897364665845337  (|support| = 225819, |cache| = 1758247)
B7: min_diff_m0..11=32 diff_m11=3289209587188659438798570504 Q3(25)=3308102796141959046907628168 m0..6=[1, 0, 1, 1, 6, 22, 130] dt=44.9526s OK
  m_1 = 0  (|support| = 1, |cache| = 129)
  m_2 = 1  (|support| = 6, |cache| = 230)
  m_3 = 1  (|support| = 14, |cache| = 593)
  m_4 = 6  (|support| = 32, |cache| = 1212)
  m_5 = 22  (|support| = 66, |cache| = 2463)
  m_6 = 130  (|support| = 132, |cache| = 4507)
  m_7 = 822  (|support| = 248, |cache| = 8105)
  m_8 = 6202  (|support| = 453, |cache| = 13594)
  m_9 = 52552  (|support| = 787, |cache| = 22365)
  m_10 = 499194  (|support| = 1321, |cache| = 35037)
  m_11 = 5238370  (|support| = 2137, |cache| = 53528)
  m_12 = 60222844  (|support| = 3360, |cache| = 79070)
  m_13 = 752587764  (|support| = 5136, |cache| = 114476)
  m_14 = 10157945044  (|support| = 7674, |cache| = 161571)
  m_15 = 147267180508  (|support| = 11217, |cache| = 224324)
  m_16 = 2282355168060  (|support| = 16097, |cache| = 305659)
  m_17 = 37655004171808  (|support| = 22704, |cache| = 410708)
  m_18 = 658906770497881  (|support| = 31542, |cache| = 543993)
  m_19 = 12188911337478153  (|support| = 43205, |cache| = 712350)
  m_20 = 237669513629732518  (|support| = 58437, |cache| = 922021)
  m_21 = 4871974413138496726  (|support| = 78109, |cache| = 1181911)
  m_22 = 104742737639904654878  (|support| = 103290, |cache| = 1500540)
  m_23 = 2356615498955696525602  (|support| = 135222, |cache| = 1889340)
  m_24 = 55378279655881842718008  (|support| = 175401, |cache| = 2359588)
  m_25 = 1356710462403877895635548  (|support| = 225555, |cache| = 2925969)
  m_26 = 34594334921924821038101010  (|support| = 287735, |cache| = 3602960)
  m_27 = 916685378934680181454510298  (|support| = 364291, |cache| = 4409064)
B8: min_diff_m0..11=32 diff_m11=3297220822177694319103696808 Q3(25)=3316130673355353748888560392 m0..6=[1, 0, 1, 1, 6, 22, 130] dt=90.4809s OK
  m_1 = 0  (|support| = 1, |cache| = 163)
  m_2 = 1  (|support| = 6, |cache| = 294)
  m_3 = 1  (|support| = 14, |cache| = 771)
  m_4 = 6  (|support| = 32, |cache| = 1600)
  m_5 = 22  (|support| = 66, |cache| = 3299)
  m_6 = 130  (|support| = 132, |cache| = 6151)
  m_7 = 822  (|support| = 248, |cache| = 11250)
  m_8 = 6202  (|support| = 453, |cache| = 19237)
  m_9 = 52552  (|support| = 797, |cache| = 32220)
  m_10 = 499194  (|support| = 1357, |cache| = 51912)
  m_11 = 5238370  (|support| = 2235, |cache| = 81313)
  m_12 = 60222844  (|support| = 3583, |cache| = 123466)
  m_13 = 752587764  (|support| = 5589, |cache| = 183505)
  m_14 = 10157945044  (|support| = 8527, |cache| = 265865)
  m_15 = 147267180508  (|support| = 12730, |cache| = 378629)
  m_16 = 2282355168060  (|support| = 18655, |cache| = 528862)
  m_17 = 37655004171808  (|support| = 26863, |cache| = 727777)
  m_18 = 658906772228668  (|support| = 38090, |cache| = 986516)
  m_19 = 12188911634495388  (|support| = 53234, |cache| = 1320683)
  m_20 = 237669544000984207  (|support| = 73443, |cache| = 1746368)
  m_21 = 4871976823357513960  (|support| = 100099, |cache| = 2285563)
  m_22 = 104742901965743099583  (|support| = 134927, |cache| = 2960764)
  m_23 = 2356625641277338959198  (|support| = 179997, |cache| = 3801125)
  m_24 = 55378864254292294814139  (|support| = 237839, |cache| = 4838225)
  m_25 = 1356742571011640366132664  (|support| = 311455, |cache| = 6110913)
  m_26 = 34596038823907636274452875  (|support| = 404476, |cache| = 7660730)
  m_27 = 916773613161598650694578849  (|support| = 521167, |cache| = 9539517)
B9: min_diff_m0..11=32 diff_m11=3297416446385700293804916384 Q3(25)=3316326573754862630010473856 m0..6=[1, 0, 1, 1, 6, 22, 130] dt=165.388s OK
  m_1 = 0  (|support| = 1, |cache| = 201)
  m_2 = 1  (|support| = 6, |cache| = 366)
  m_3 = 1  (|support| = 14, |cache| = 973)
  m_4 = 6  (|support| = 32, |cache| = 2044)
  m_5 = 22  (|support| = 66, |cache| = 4263)
  m_6 = 130  (|support| = 132, |cache| = 8044)
  m_7 = 822  (|support| = 248, |cache| = 14905)
  m_8 = 6202  (|support| = 453, |cache| = 25843)
  m_9 = 52552  (|support| = 797, |cache| = 43865)
  m_10 = 499194  (|support| = 1368, |cache| = 71654)
  m_11 = 5238370  (|support| = 2275, |cache| = 114528)
  m_12 = 60222844  (|support| = 3693, |cache| = 177327)
  m_13 = 752587764  (|support| = 5842, |cache| = 269131)
  m_14 = 10157945044  (|support| = 9047, |cache| = 398354)
  m_15 = 147267180508  (|support| = 13722, |cache| = 579197)
  m_16 = 2282355168060  (|support| = 20437, |cache| = 826369)
  m_17 = 37655004171808  (|support| = 29915, |cache| = 1160778)
  m_18 = 658906772228668  (|support| = 43128, |cache| = 1605291)
  m_19 = 12188911634495388  (|support| = 61275, |cache| = 2192413)
  m_20 = 237669544014377896  (|support| = 85931, |cache| = 2955292)
  m_21 = 4871976826254018760  (|support| = 119041, |cache| = 3940400)
  m_22 = 104742902332287209067  (|support| = 163067, |cache| = 5198631)
  m_23 = 2356625676794920942543  (|support| = 221031, |cache| = 6793926)
  m_24 = 55378867179234137643390  (|support| = 296702, |cache| = 8798554)
  m_25 = 1356742787105391576972180  (|support| = 394637, |cache| = 11302821)
  m_26 = 34596053617776955054332700  (|support| = 520442, |cache| = 14405650)
  m_27 = 916774571716260216912267640  (|support| = 680849, |cache| = 18229817)
B10: min_diff_m0..11=32 diff_m11=3297418484384319627431802324 Q3(25)=3316328613545925701235756980 m0..6=[1, 0, 1, 1, 6, 22, 130] dt=277.006s OK
  m_1 = 0  (|support| = 1, |cache| = 243)
  m_2 = 1  (|support| = 6, |cache| = 446)
  m_3 = 1  (|support| = 14, |cache| = 1199)
  m_4 = 6  (|support| = 32, |cache| = 2544)
  m_5 = 22  (|support| = 66, |cache| = 5355)
  m_6 = 130  (|support| = 132, |cache| = 10198)
  m_7 = 822  (|support| = 248, |cache| = 19077)
  m_8 = 6202  (|support| = 453, |cache| = 33414)
  m_9 = 52552  (|support| = 797, |cache| = 57280)
  m_10 = 499194  (|support| = 1368, |cache| = 94547)
  m_11 = 5238370  (|support| = 2287, |cache| = 152660)
  m_12 = 60222844  (|support| = 3737, |cache| = 239983)
  m_13 = 752587764  (|support| = 5964, |cache| = 369611)
  m_14 = 10157945044  (|support| = 9330, |cache| = 556175)
  m_15 = 147267180508  (|support| = 14309, |cache| = 822258)
  m_16 = 2282355168060  (|support| = 21568, |cache| = 1193064)
  m_17 = 37655004171808  (|support| = 31968, |cache| = 1704821)
  m_18 = 658906772228668  (|support| = 46681, |cache| = 2398374)
  m_19 = 12188911634495388  (|support| = 67202, |cache| = 3330589)
  m_20 = 237669544014377896  (|support| = 95504, |cache| = 4565579)
  m_21 = 4871976826254018760  (|support| = 134074, |cache| = 6188735)
  m_22 = 104742902332392298296  (|support| = 186127, |cache| = 8297301)
  m_23 = 2356625676822897681256  (|support| = 255672, |cache| = 11016770)
  m_24 = 55378867183528568696995  (|support| = 347784, |cache| = 14491282)
  m_25 = 1356742787604446783490356  (|support| = 468729, |cache| = 18901264)
  m_26 = 34596053666610129699302275  (|support| = 626314, |cache| = 24453815)
  m_27 = 916774575969471677219950331  (|support| = 830081, |cache| = 31403179)
B11: min_diff_m0..11=32 diff_m11=3297418493154986559181162332 Q3(25)=3316328622320632710769896444 m0..6=[1, 0, 1, 1, 6, 22, 130] dt=391.589s OK
  m_1 = 0  (|support| = 1, |cache| = 289)
  m_2 = 1  (|support| = 6, |cache| = 534)
  m_3 = 1  (|support| = 14, |cache| = 1449)
  m_4 = 6  (|support| = 32, |cache| = 3100)
  m_5 = 22  (|support| = 66, |cache| = 6575)
  m_6 = 130  (|support| = 132, |cache| = 12616)
  m_7 = 822  (|support| = 248, |cache| = 23758)
  m_8 = 6202  (|support| = 453, |cache| = 41951)
  m_9 = 52552  (|support| = 797, |cache| = 72458)
  m_10 = 499194  (|support| = 1368, |cache| = 120544)
  m_11 = 5238370  (|support| = 2287, |cache| = 196169)
  m_12 = 60222844  (|support| = 3750, |cache| = 310875)
  m_13 = 752587764  (|support| = 6012, |cache| = 484170)
  m_14 = 10157945044  (|support| = 9464, |cache| = 736992)
  m_15 = 147267180508  (|support| = 14622, |cache| = 1103477)
  m_16 = 2282355168060  (|support| = 22222, |cache| = 1622445)
  m_17 = 37655004171808  (|support| = 33238, |cache| = 2349694)
  m_18 = 658906772228668  (|support| = 49006, |cache| = 3352015)
  m_19 = 12188911634495388  (|support| = 71260, |cache| = 4720388)
  m_20 = 237669544014377896  (|support| = 102332, |cache| = 6561498)
  m_21 = 4871976826254018760  (|support| = 145199, |cache| = 9019716)
  m_22 = 104742902332392298296  (|support| = 203765, |cache| = 12262382)
  m_23 = 2356625676822897681256  (|support| = 282976, |cache| = 16507640)
  m_24 = 55378867183529402783416  (|support| = 389182, |cache| = 22012363)
  m_25 = 1356742787604714936822432  (|support| = 530340, |cache| = 29100485)
  m_26 = 34596053666659232501008275  (|support| = 716510, |cache| = 38152831)
  m_27 = 916774575976213197125825631  (|support| = 960158, |cache| = 49642501)
B12: min_diff_m0..11=32 diff_m11=3297418493168604944337110926 Q3(25)=3316328622334253241152501646 m0..6=[1, 0, 1, 1, 6, 22, 130] dt=588.732s OK
  m_1 = 0  (|support| = 1, |cache| = 9)
  m_2 = 1  (|support| = 6, |cache| = 14)
  m_3 = 1  (|support| = 10, |cache| = 22)
  m_4 = 6  (|support| = 15, |cache| = 30)
  m_5 = 22  (|support| = 21, |cache| = 39)
  m_6 = 115  (|support| = 28, |cache| = 49)
  m_7 = 611  (|support| = 36, |cache| = 60)
  m_8 = 3556  (|support| = 45, |cache| = 72)
  m_9 = 21716  (|support| = 55, |cache| = 85)
  m_10 = 138882  (|support| = 66, |cache| = 99)
  m_11 = 921230  (|support| = 78, |cache| = 114)
  m_12 = 6305684  (|support| = 91, |cache| = 130)
  m_13 = 44334006  (|support| = 105, |cache| = 147)
  m_14 = 319045025  (|support| = 120, |cache| = 165)
  m_15 = 2343236105  (|support| = 136, |cache| = 184)
  m_16 = 17522447360  (|support| = 153, |cache| = 204)
  m_17 = 133144919192  (|support| = 171, |cache| = 225)
  m_18 = 1026309263244  (|support| = 190, |cache| = 247)
  m_19 = 8013773625828  (|support| = 210, |cache| = 270)
  m_20 = 63309732739656  (|support| = 231, |cache| = 294)
  m_21 = 505498597115760  (|support| = 253, |cache| = 319)
  m_22 = 4075552833545634  (|support| = 276, |cache| = 345)
  m_23 = 33152851412172558  (|support| = 300, |cache| = 372)
  m_24 = 271903910777993616  (|support| = 325, |cache| = 400)
  m_25 = 2246973648063022792  (|support| = 351, |cache| = 429)
  m_26 = 18699342067072593900  (|support| = 378, |cache| = 459)
  m_27 = 156633331120410093092  (|support| = 406, |cache| = 490)
C2: min_diff_m0..11=32 diff_m11=41078499774144274682472 Q3(25)=42111655178183826594088 m0..6=[1, 0, 1, 1, 6, 22, 115] dt=0.00255627s OK
  m_1 = 0  (|support| = 1, |cache| = 19)
  m_2 = 1  (|support| = 6, |cache| = 32)
  m_3 = 1  (|support| = 14, |cache| = 60)
  m_4 = 6  (|support| = 24, |cache| = 97)
  m_5 = 22  (|support| = 38, |cache| = 137)
  m_6 = 130  (|support| = 57, |cache| = 185)
  m_7 = 822  (|support| = 81, |cache| = 247)
  m_8 = 6097  (|support| = 111, |cache| = 315)
  m_9 = 49716  (|support| = 148, |cache| = 393)
  m_10 = 441513  (|support| = 192, |cache| = 487)
  m_11 = 4197240  (|support| = 244, |cache| = 589)
  m_12 = 42279897  (|support| = 305, |cache| = 703)
  m_13 = 447494622  (|support| = 375, |cache| = 835)
  m_14 = 4944379817  (|support| = 455, |cache| = 977)
  m_15 = 56731920560  (|support| = 546, |cache| = 1133)
  m_16 = 673084351995  (|support| = 648, |cache| = 1309)
  m_17 = 8227793212904  (|support| = 762, |cache| = 1497)
  m_18 = 103313675389419  (|support| = 889, |cache| = 1701)
  m_19 = 1329152203653885  (|support| = 1029, |cache| = 1927)
  m_20 = 17481232430395236  (|support| = 1183, |cache| = 2167)
  m_21 = 234593244474624750  (|support| = 1352, |cache| = 2425)
  m_22 = 3206833994475428520  (|support| = 1536, |cache| = 2707)
  m_23 = 44587662523922390950  (|support| = 1736, |cache| = 3005)
  m_24 = 629744448005673298655  (|support| = 1953, |cache| = 3323)
  m_25 = 9024492419861562996588  (|support| = 2187, |cache| = 3667)
  m_26 = 131081514165023804095975  (|support| = 2439, |cache| = 4029)
  m_27 = 1928049964273846829390403  (|support| = 2710, |cache| = 4413)
C3: min_diff_m0..11=32 diff_m11=33921004409454417848678266 Q3(25)=34339778601678678486877242 m0..6=[1, 0, 1, 1, 6, 22, 130] dt=0.0288914s OK
  m_1 = 0  (|support| = 1, |cache| = 33)
  m_2 = 1  (|support| = 6, |cache| = 58)
  m_3 = 1  (|support| = 14, |cache| = 122)
  m_4 = 6  (|support| = 32, |cache| = 215)
  m_5 = 22  (|support| = 55, |cache| = 368)
  m_6 = 130  (|support| = 89, |cache| = 535)
  m_7 = 822  (|support| = 136, |cache| = 759)
  m_8 = 6202  (|support| = 200, |cache| = 1025)
  m_9 = 52552  (|support| = 284, |cache| = 1358)
  m_10 = 498249  (|support| = 392, |cache| = 1756)
  m_11 = 5196789  (|support| = 528, |cache| = 2230)
  m_12 = 58964994  (|support| = 697, |cache| = 2781)
  m_13 = 720151722  (|support| = 903, |cache| = 3433)
  m_14 = 9383818899  (|support| = 1152, |cache| = 4173)
  m_15 = 129474626610  (|support| = 1449, |cache| = 5028)
  m_16 = 1879661849940  (|support| = 1800, |cache| = 5998)
  m_17 = 28558484041800  (|support| = 2211, |cache| = 7096)
  m_18 = 452039912994576  (|support| = 2689, |cache| = 8325)
  m_19 = 7425417513482460  (|support| = 3240, |cache| = 9711)
  m_20 = 126159732874309546  (|support| = 3872, |cache| = 11243)
  m_21 = 2210670103626215020  (|support| = 4592, |cache| = 12950)
  m_22 = 39850890068356234476  (|support| = 5408, |cache| = 14834)
  m_23 = 737401001243036128900  (|support| = 6328, |cache| = 16910)
  m_24 = 13978909617372147756796  (|support| = 7361, |cache| = 19183)
  m_25 = 271015004539744032354384  (|support| = 8515, |cache| = 21681)
  m_26 = 5365260362868217736329765  (|support| = 9800, |cache| = 24395)
  m_27 = 108308277354705890161501009  (|support| = 11225, |cache| = 27356)
C4: min_diff_m0..11=32 diff_m11=641880387725414814801289618 Q3(25)=647317465409215736818361426 m0..6=[1, 0, 1, 1, 6, 22, 130] dt=0.237678s OK
  m_1 = 0  (|support| = 1, |cache| = 51)
  m_2 = 1  (|support| = 6, |cache| = 92)
  m_3 = 1  (|support| = 14, |cache| = 208)
  m_4 = 6  (|support| = 32, |cache| = 389)
  m_5 = 22  (|support| = 66, |cache| = 710)
  m_6 = 130  (|support| = 113, |cache| = 1180)
  m_7 = 822  (|support| = 183, |cache| = 1766)
  m_8 = 6202  (|support| = 284, |cache| = 2528)
  m_9 = 52552  (|support| = 425, |cache| = 3516)
  m_10 = 499194  (|support| = 617, |cache| = 4767)
  m_11 = 5238370  (|support| = 872, |cache| = 6334)
  m_12 = 60212449  (|support| = 1205, |cache| = 8237)
  m_13 = 751912088  (|support| = 1632, |cache| = 10560)
  m_14 = 10129431481  (|support| = 2172, |cache| = 13329)
  m_15 = 146273931146  (|support| = 2846, |cache| = 16624)
  m_16 = 2251095856625  (|support| = 3677, |cache| = 20514)
  m_17 = 36725415148436  (|support| = 4691, |cache| = 25048)
  m_18 = 632107359078601  (|support| = 5917, |cache| = 30304)
  m_19 = 11427908228358741  (|support| = 7386, |cache| = 36377)
  m_20 = 216161916757159252  (|support| = 9133, |cache| = 43327)
  m_21 = 4262706110094517180  (|support| = 11195, |cache| = 51270)
  m_22 = 87357723519491885040  (|support| = 13613, |cache| = 60275)
  m_23 = 1855182921248505920962  (|support| = 16431, |cache| = 70453)
  m_24 = 40722111892868939093731  (|support| = 19697, |cache| = 81897)
  m_25 = 921796082989278281035410  (|support| = 23462, |cache| = 94740)
  m_26 = 21473561370142039154074075  (|support| = 27781, |cache| = 109082)
  m_27 = 513842638524579062385973715  (|support| = 32713, |cache| = 125043)
C5: min_diff_m0..11=32 diff_m11=2130593516039248970319456280 Q3(25)=2144728016825679842741631400 m0..6=[1, 0, 1, 1, 6, 22, 130] dt=1.80181s OK
  m_1 = 0  (|support| = 1, |cache| = 73)
  m_2 = 1  (|support| = 6, |cache| = 134)
  m_3 = 1  (|support| = 14, |cache| = 318)
  m_4 = 6  (|support| = 32, |cache| = 619)
  m_5 = 22  (|support| = 66, |cache| = 1180)
  m_6 = 130  (|support| = 132, |cache| = 2048)
  m_7 = 822  (|support| = 222, |cache| = 3501)
  m_8 = 6202  (|support| = 358, |cache| = 5233)
  m_9 = 52552  (|support| = 557, |cache| = 7591)
  m_10 = 499194  (|support| = 839, |cache| = 10739)
  m_11 = 5238370  (|support| = 1230, |cache| = 14791)
  m_12 = 60222844  (|support| = 1762, |cache| = 19943)
  m_13 = 752587764  (|support| = 2471, |cache| = 26478)
  m_14 = 10157809909  (|support| = 3402, |cache| = 34534)
  m_15 = 147255018357  (|support| = 4608, |cache| = 44427)
  m_16 = 2281672060530  (|support| = 6148, |cache| = 56512)
  m_17 = 37624128514392  (|support| = 8093, |cache| = 71007)
  m_18 = 657670228917422  (|support| = 10525, |cache| = 88314)
  m_19 = 12142845824927454  (|support| = 13534, |cache| = 108918)
  m_20 = 236027471009829488  (|support| = 17226, |cache| = 133107)
  m_21 = 4814960157172131430  (|support| = 21720, |cache| = 161439)
  m_22 = 102791343795501660408  (|support| = 27147, |cache| = 194472)
  m_23 = 2290232773274587543523  (|support| = 33657, |cache| = 232647)
  m_24 = 53120562001948228249604  (|support| = 41417, |cache| = 276623)
  m_25 = 1279611912573214906758456  (|support| = 50609, |cache| = 327138)
  m_26 = 31942453624792546688918550  (|support| = 61438, |cache| = 384743)
  m_27 = 824595478322292392751646806  (|support| = 74130, |cache| = 450258)
C6: min_diff_m0..11=32 diff_m11=3056134074767500901715015180 Q3(25)=3074273379826805261061149964 m0..6=[1, 0, 1, 1, 6, 22, 130] dt=7.99327s OK
  m_1 = 0  (|support| = 1, |cache| = 99)
  m_2 = 1  (|support| = 6, |cache| = 184)
  m_3 = 1  (|support| = 14, |cache| = 452)
  m_4 = 6  (|support| = 32, |cache| = 905)
  m_5 = 22  (|support| = 66, |cache| = 1778)
  m_6 = 130  (|support| = 132, |cache| = 3180)
  m_7 = 822  (|support| = 248, |cache| = 5595)
  m_8 = 6202  (|support| = 412, |cache| = 9231)
  m_9 = 52552  (|support| = 660, |cache| = 13907)
  m_10 = 499194  (|support| = 1024, |cache| = 20359)
  m_11 = 5238370  (|support| = 1546, |cache| = 29021)
  m_12 = 60222844  (|support| = 2279, |cache| = 40457)
  m_13 = 752587764  (|support| = 3288, |cache| = 55370)
  m_14 = 10157945044  (|support| = 4655, |cache| = 74433)
  m_15 = 147267180508  (|support| = 6479, |cache| = 98593)
  m_16 = 2282353141035  (|support| = 8879, |cache| = 128862)
  m_17 = 37654762955832  (|support| = 11999, |cache| = 166313)
  m_18 = 658889370218907  (|support| = 16010, |cache| = 212291)
  m_19 = 12187921684113162  (|support| = 21112, |cache| = 268319)
  m_20 = 237620435402638589  (|support| = 27542, |cache| = 335930)
  m_21 = 4869740321830527440  (|support| = 35575, |cache| = 417065)
  m_22 = 104646520484691888549  (|support| = 45528, |cache| = 513807)
  m_23 = 2352618374495015803088  (|support| = 57769, |cache| = 628324)
  m_24 = 55215996758662457705141  (|support| = 72719, |cache| = 763228)
  m_25 = 1350211721928611677832202  (|support| = 90857, |cache| = 921368)
  m_26 = 34335921928269712029452425  (|support| = 112730, |cache| = 1105701)
  m_27 = 906431907175288322892895507  (|support| = 138956, |cache| = 1319690)
C7: min_diff_m0..11=32 diff_m11=3272356641144540358867456112 Q3(25)=3291206056083966600894588128 m0..6=[1, 0, 1, 1, 6, 22, 130] dt=22.7926s OK
  m_1 = 0  (|support| = 1, |cache| = 129)
  m_2 = 1  (|support| = 6, |cache| = 242)
  m_3 = 1  (|support| = 14, |cache| = 610)
  m_4 = 6  (|support| = 32, |cache| = 1247)
  m_5 = 22  (|support| = 66, |cache| = 2504)
  m_6 = 130  (|support| = 132, |cache| = 4576)
  m_7 = 822  (|support| = 248, |cache| = 8217)
  m_8 = 6202  (|support| = 453, |cache| = 13853)
  m_9 = 52552  (|support| = 741, |cache| = 22893)
  m_10 = 499194  (|support| = 1175, |cache| = 34476)
  m_11 = 5238370  (|support| = 1813, |cache| = 50562)
  m_12 = 60222844  (|support| = 2732, |cache| = 72427)
  m_13 = 752587764  (|support| = 4029, |cache| = 101784)
  m_14 = 10157945044  (|support| = 5830, |cache| = 140381)
  m_15 = 147267180508  (|support| = 8292, |cache| = 190619)
  m_16 = 2282355168060  (|support| = 11611, |cache| = 255166)
  m_17 = 37655004171808  (|support| = 16028, |cache| = 337170)
  m_18 = 658906737769243  (|support| = 21840, |cache| = 440241)
  m_19 = 12188906396662787  (|support| = 29404, |cache| = 568827)
  m_20 = 237669071954714650  (|support| = 39153, |cache| = 727642)
  m_21 = 4871943827908606250  (|support| = 51603, |cache| = 922477)
  m_22 = 104740917413165837629  (|support| = 67368, |cache| = 1159720)
  m_23 = 2356517277450056823344  (|support| = 87173, |cache| = 1446679)
  m_24 = 55373318653315979249154  (|support| = 111872, |cache| = 1791593)
  m_25 = 1356471052390972632183828  (|support| = 142460, |cache| = 2204003)
  m_26 = 34583139752632602291166350  (|support| = 180098, |cache| = 2694180)
  m_27 = 916173012324380673252168428  (|support| = 226129, |cache| = 3274042)
C8: min_diff_m0..11=32 diff_m11=3296047828208687723771166320 Q3(25)=3314955572127006282530760272 m0..6=[1, 0, 1, 1, 6, 22, 130] dt=46.101s OK
  m_1 = 0  (|support| = 1, |cache| = 163)
  m_2 = 1  (|support| = 6, |cache| = 308)
  m_3 = 1  (|support| = 14, |cache| = 792)
  m_4 = 6  (|support| = 32, |cache| = 1645)
  m_5 = 22  (|support| = 66, |cache| = 3358)
  m_6 = 130  (|support| = 132, |cache| = 6236)
  m_7 = 822  (|support| = 248, |cache| = 11367)
  m_8 = 6202  (|support| = 453, |cache| = 19467)
  m_9 = 52552  (|support| = 797, |cache| = 32659)
  m_10 = 499194  (|support| = 1285, |cache| = 52864)
  m_11 = 5238370  (|support| = 2017, |cache| = 79387)
  m_12 = 60222844  (|support| = 3093, |cache| = 116421)
  m_13 = 752587764  (|support| = 4642, |cache| = 167430)
  m_14 = 10157945044  (|support| = 6836, |cache| = 236162)
  m_15 = 147267180508  (|support| = 9896, |cache| = 327733)
  m_16 = 2282355168060  (|support| = 14102, |cache| = 448234)
  m_17 = 37655004171808  (|support| = 19810, |cache| = 604680)
  m_18 = 658906772228668  (|support| = 27467, |cache| = 805747)
  m_19 = 12188911634495388  (|support| = 37623, |cache| = 1061968)
  m_20 = 237669543359648821  (|support| = 50961, |cache| = 1384977)
  m_21 = 4871976702510223584  (|support| = 68315, |cache| = 1789223)
  m_22 = 104742888706825518261  (|support| = 90695, |cache| = 2291385)
  m_23 = 2356624528892957725974  (|support| = 119324, |cache| = 2910332)
  m_24 = 55378784890867004167921  (|support| = 155671, |cache| = 3668369)
  m_25 = 1356737482394317363644954  (|support| = 201483, |cache| = 4591426)
  m_26 = 34595735743061727981485525  (|support| = 258841, |cache| = 5708201)
  m_27 = 916756479196607425551511479  (|support| = 330203, |cache| = 7052435)
C9: min_diff_m0..11=32 diff_m11=3297379261045654527786596196 Q3(25)=3316289345683965237222303636 m0..6=[1, 0, 1, 1, 6, 22, 130] dt=85.338s OK
  m_1 = 0  (|support| = 1, |cache| = 201)
  m_2 = 1  (|support| = 6, |cache| = 382)
  m_3 = 1  (|support| = 14, |cache| = 998)
  m_4 = 6  (|support| = 32, |cache| = 2099)
  m_5 = 22  (|support| = 66, |cache| = 4340)
  m_6 = 130  (|support| = 132, |cache| = 8160)
  m_7 = 822  (|support| = 248, |cache| = 15045)
  m_8 = 6202  (|support| = 453, |cache| = 26073)
  m_9 = 52552  (|support| = 797, |cache| = 44237)
  m_10 = 499194  (|support| = 1368, |cache| = 72424)
  m_11 = 5238370  (|support| = 2175, |cache| = 116077)
  m_12 = 60222844  (|support| = 3379, |cache| = 173541)
  m_13 = 752587764  (|support| = 5140, |cache| = 254236)
  m_14 = 10157945044  (|support| = 7674, |cache| = 365356)
  m_15 = 147267180508  (|support| = 11264, |cache| = 516463)
  m_16 = 2282355168060  (|support| = 16277, |cache| = 719199)
  m_17 = 37655004171808  (|support| = 23189, |cache| = 987584)
  m_18 = 658906772228668  (|support| = 32607, |cache| = 1339246)
  m_19 = 12188911634495388  (|support| = 45297, |cache| = 1795506)
  m_20 = 237669544014377896  (|support| = 62225, |cache| = 2381506)
  m_21 = 4871976826254018760  (|support| = 84592, |cache| = 3128127)
  m_22 = 104742902318642987721  (|support| = 113884, |cache| = 4071598)
  m_23 = 2356625673660556249005  (|support| = 151931, |cache| = 5254715)
  m_24 = 55378866765784099582938  (|support| = 200968, |cache| = 6728321)
  m_25 = 1356742745861808031052580  (|support| = 263708, |cache| = 8551959)
  m_26 = 34596050151194950887085300  (|support| = 343433, |cache| = 10794508)
  m_27 = 916774311915975292234613080  (|support| = 444087, |cache| = 13536718)
C10: min_diff_m0..11=32 diff_m11=3297417942656221288575121100 Q3(25)=3316328071482522521104922540 m0..6=[1, 0, 1, 1, 6, 22, 130] dt=142.459s OK
  m_1 = 0  (|support| = 1, |cache| = 243)
  m_2 = 1  (|support| = 6, |cache| = 464)
  m_3 = 1  (|support| = 14, |cache| = 1228)
  m_4 = 6  (|support| = 32, |cache| = 2609)
  m_5 = 22  (|support| = 66, |cache| = 5450)
  m_6 = 130  (|support| = 132, |cache| = 10348)
  m_7 = 822  (|support| = 248, |cache| = 19251)
  m_8 = 6202  (|support| = 453, |cache| = 33671)
  m_9 = 52552  (|support| = 797, |cache| = 57627)
  m_10 = 499194  (|support| = 1368, |cache| = 95172)
  m_11 = 5238370  (|support| = 2287, |cache| = 153843)
  m_12 = 60222844  (|support| = 3590, |cache| = 242439)
  m_13 = 752587764  (|support| = 5520, |cache| = 360818)
  m_14 = 10157945044  (|support| = 8332, |cache| = 526835)
  m_15 = 147267180508  (|support| = 12367, |cache| = 756440)
  m_16 = 2282355168060  (|support| = 18075, |cache| = 1069781)
  m_17 = 37655004171808  (|support| = 26047, |cache| = 1491803)
  m_18 = 658906772228668  (|support| = 37051, |cache| = 2053898)
  m_19 = 12188911634495388  (|support| = 52072, |cache| = 2795119)
  m_20 = 237669544014377896  (|support| = 72370, |cache| = 3762638)
  m_21 = 4871976826254018760  (|support| = 99539, |cache| = 5014730)
  m_22 = 104742902332392298296  (|support| = 135582, |cache| = 6621662)
  m_23 = 2356625676822897681256  (|support| = 183002, |cache| = 8667827)
  m_24 = 55378867183213168640191  (|support| = 244905, |cache| = 11254689)
  m_25 = 1356742787517750547435556  (|support| = 325120, |cache| = 14503301)
  m_26 = 34596053653084888587835975  (|support| = 428346, |cache| = 18556593)
  m_27 = 916774574388941716193437406  (|support| = 560316, |cache| = 23583913)
C11: min_diff_m0..11=32 diff_m11=3297418489950010566321091482 Q3(25)=3316328619114963148021387194 m0..6=[1, 0, 1, 1, 6, 22, 130] dt=225.261s OK
  m_1 = 0  (|support| = 1, |cache| = 289)
  m_2 = 1  (|support| = 6, |cache| = 554)
  m_3 = 1  (|support| = 14, |cache| = 1482)
  m_4 = 6  (|support| = 32, |cache| = 3175)
  m_5 = 22  (|support| = 66, |cache| = 6688)
  m_6 = 130  (|support| = 132, |cache| = 12800)
  m_7 = 822  (|support| = 248, |cache| = 23985)
  m_8 = 6202  (|support| = 453, |cache| = 42261)
  m_9 = 52552  (|support| = 797, |cache| = 72829)
  m_10 = 499194  (|support| = 1368, |cache| = 121108)
  m_11 = 5238370  (|support| = 2287, |cache| = 197081)
  m_12 = 60222844  (|support| = 3750, |cache| = 312679)
  m_13 = 752587764  (|support| = 5813, |cache| = 487777)
  m_14 = 10157945044  (|support| = 8849, |cache| = 721326)
  m_15 = 147267180508  (|support| = 13250, |cache| = 1049077)
  m_16 = 2282355168060  (|support| = 19540, |cache| = 1502847)
  m_17 = 37655004171808  (|support| = 28417, |cache| = 2122721)
  m_18 = 658906772228668  (|support| = 40801, |cache| = 2960051)
  m_19 = 12188911634495388  (|support| = 57885, |cache| = 4079935)
  m_20 = 237669544014377896  (|support| = 81219, |cache| = 5561757)
  m_21 = 4871976826254018760  (|support| = 112789, |cache| = 7505831)
  m_22 = 104742902332392298296  (|support| = 155122, |cache| = 10034883)
  m_23 = 2356625676822897681256  (|support| = 211419, |cache| = 13298248)
  m_24 = 55378867183529402783416  (|support| = 285706, |cache| = 17478482)
  m_25 = 1356742787604714936822432  (|support| = 383005, |cache| = 22797085)
  m_26 = 34596053666651333332188775  (|support| = 509565, |cache| = 29518213)
  m_27 = 916774575973654254722654931  (|support| = 673105, |cache| = 37960801)
C12: min_diff_m0..11=32 diff_m11=3297418493163487059530769526 Q3(25)=3316328622329135356346160246 m0..6=[1, 0, 1, 1, 6, 22, 130] dt=342.461s OK

Summary table:
group,rank,min_chain_diff,last_chain_diff,last_odd_Q3,seconds
B2,2,32,41078499774144274682472,42111655178183826594088,0.00277296
B3,3,32,36085437879165584578360092,36530243165434548422177052,0.0396769
B4,4,32,709510108129047929960260722,715467164005135249067494226,0.424624
B5,5,32,2311166911563073728005756632,2326241134498655300825372760,3.72831
B6,6,32,3154178306360917621117700396,3172676446059114492075143244,16.7371
B7,7,32,3289209587188659438798570504,3308102796141959046907628168,44.9526
B8,8,32,3297220822177694319103696808,3316130673355353748888560392,90.4809
B9,9,32,3297416446385700293804916384,3316326573754862630010473856,165.388
B10,10,32,3297418484384319627431802324,3316328613545925701235756980,277.006
B11,11,32,3297418493154986559181162332,3316328622320632710769896444,391.589
B12,12,32,3297418493168604944337110926,3316328622334253241152501646,588.732
C2,2,32,41078499774144274682472,42111655178183826594088,0.00255627
C3,3,32,33921004409454417848678266,34339778601678678486877242,0.0288914
C4,4,32,641880387725414814801289618,647317465409215736818361426,0.237678
C5,5,32,2130593516039248970319456280,2144728016825679842741631400,1.80181
C6,6,32,3056134074767500901715015180,3074273379826805261061149964,7.99327
C7,7,32,3272356641144540358867456112,3291206056083966600894588128,22.7926
C8,8,32,3296047828208687723771166320,3314955572127006282530760272,46.101
C9,9,32,3297379261045654527786596196,3316289345683965237222303636,85.338
C10,10,32,3297417942656221288575121100,3316328071482522521104922540,142.459
C11,11,32,3297418489950010566321091482,3316328619114963148021387194,225.261
C12,12,32,3297418493163487059530769526,3316328622329135356346160246,342.461

RESULT: ALL PASS
