BEGIN D9 m11 2026-05-03T10:56:03+00:00
Exact classical Chain bridge C++: max_chain=11, moment_max=27, families=D, rank_min=9, rank_cap=9
  m_1 = 0  (|support| = 1, |cache| = 145)
  m_2 = 1  (|support| = 6, |cache| = 260)
  m_3 = 1  (|support| = 14, |cache| = 676)
  m_4 = 6  (|support| = 32, |cache| = 1392)
  m_5 = 22  (|support| = 66, |cache| = 2849)
  m_6 = 130  (|support| = 131, |cache| = 5251)
  m_7 = 822  (|support| = 242, |cache| = 9483)
  m_8 = 6202  (|support| = 432, |cache| = 15885)
  m_9 = 52553  (|support| = 738, |cache| = 26016)
  m_10 = 499230  (|support| = 1224, |cache| = 40844)
  m_11 = 5239405  (|support| = 1966, |cache| = 62648)
  m_12 = 60249530  (|support| = 3088, |cache| = 93129)
  m_13 = 753247710  (|support| = 4730, |cache| = 136365)
  m_14 = 10174043204  (|support| = 7110, |cache| = 194745)
  m_15 = 147660752792  (|support| = 10482, |cache| = 274311)
  m_16 = 2292088552215  (|support| = 15207, |cache| = 379566)
  m_17 = 37899885018947  (|support| = 21712, |cache| = 518632)
  m_18 = 665196482713007  (|support| = 30587, |cache| = 698322)
  m_19 = 12354202641257631  (|support| = 42513, |cache| = 931029)
  m_20 = 242119911923944943  (|support| = 58409, |cache| = 1225916)
  m_21 = 4994836194955205885  (|support| = 79341, |cache| = 1600055)
  m_22 = 108221909559745294803  (|support| = 106691, |cache| = 2067582)
  m_23 = 2457688084035905080118  (|support| = 142064, |cache| = 2650714)
  m_24 = 58390363991726542229471  (|support| = 187504, |cache| = 3369057)
  m_25 = 1448776636522548381006459  (|support| = 245355, |cache| = 4253369)
  m_26 = 37479810867706299281508575  (|support| = 318558, |cache| = 5329250)
  m_27 = 1009385179850464388210058534  (|support| = 410481, |cache| = 6637080)
D9: min_diff_m0..11=32 diff_m11=3557808443847139244393583572 Q3(25)=3577717415384157238510333956 m0..6=[1, 0, 1, 1, 6, 22, 130] dt=141.58s OK

Summary table:
group,rank,min_chain_diff,last_chain_diff,last_odd_Q3,seconds
D9,9,32,3557808443847139244393583572,3577717415384157238510333956,141.58

RESULT: ALL PASS
END D9 rc=0 2026-05-03T10:58:25+00:00
