    B3 Weyl moment 0/59 support=1 elapsed=3.216e-06s
    B3 Weyl moment 1/59 support=19 elapsed=7.2275e-05s
    B3 Weyl moment 2/59 support=93 elapsed=0.00010734s
    B3 Weyl moment 3/59 support=263 elapsed=0.000165268s
    B3 Weyl moment 4/59 support=569 elapsed=0.000306682s
    B3 Weyl moment 5/59 support=1051 elapsed=0.000585493s
    B3 Weyl moment 6/59 support=1749 elapsed=0.0011075s
    B3 Weyl moment 7/59 support=2703 elapsed=0.00195315s
    B3 Weyl moment 8/59 support=3953 elapsed=0.00317196s
    B3 Weyl moment 9/59 support=5539 elapsed=0.00507584s
    B3 Weyl moment 10/59 support=7501 elapsed=0.00763683s
    B3 Weyl moment 11/59 support=9879 elapsed=0.0114366s
    B3 Weyl moment 12/59 support=12713 elapsed=0.0158707s
    B3 Weyl moment 13/59 support=16043 elapsed=0.0215389s
    B3 Weyl moment 14/59 support=19909 elapsed=0.0287016s
    B3 Weyl moment 15/59 support=24351 elapsed=0.0379018s
    B3 Weyl moment 16/59 support=29409 elapsed=0.0492781s
    B3 Weyl moment 17/59 support=35123 elapsed=0.0632421s
    B3 Weyl moment 18/59 support=41533 elapsed=0.0814234s
    B3 Weyl moment 19/59 support=48679 elapsed=0.101761s
    B3 Weyl moment 20/59 support=56601 elapsed=0.126675s
    B3 Weyl moment 21/59 support=65339 elapsed=0.157919s
    B3 Weyl moment 22/59 support=74933 elapsed=0.189653s
    B3 Weyl moment 23/59 support=85423 elapsed=0.224084s
    B3 Weyl moment 24/59 support=96849 elapsed=0.279969s
    B3 Weyl moment 25/59 support=109251 elapsed=0.330406s
    B3 Weyl moment 26/59 support=122669 elapsed=0.38905s
    B3 Weyl moment 27/59 support=137143 elapsed=0.45333s
    B3 Weyl moment 28/59 support=152713 elapsed=0.521919s
    B3 Weyl moment 29/59 support=169419 elapsed=0.600711s
    B3 Weyl moment 30/59 support=187301 elapsed=0.693438s
    B3 Weyl moment 31/59 support=206399 elapsed=0.80107s
    B3 Weyl moment 32/59 support=226753 elapsed=0.912534s
    B3 Weyl moment 33/59 support=248403 elapsed=1.04646s
    B3 Weyl moment 34/59 support=271389 elapsed=1.21512s
    B3 Weyl moment 35/59 support=295751 elapsed=1.40506s
    B3 Weyl moment 36/59 support=321529 elapsed=1.60394s
    B3 Weyl moment 37/59 support=348763 elapsed=1.81285s
    B3 Weyl moment 38/59 support=377493 elapsed=2.04848s
    B3 Weyl moment 39/59 support=407759 elapsed=2.34133s
    B3 Weyl moment 40/59 support=439601 elapsed=2.71147s
    B3 Weyl moment 41/59 support=473059 elapsed=3.1464s
    B3 Weyl moment 42/59 support=508173 elapsed=3.61025s
    B3 Weyl moment 43/59 support=544983 elapsed=4.03585s
    B3 Weyl moment 44/59 support=583529 elapsed=4.52342s
    B3 Weyl moment 45/59 support=623851 elapsed=5.0481s
    B3 Weyl moment 46/59 support=665989 elapsed=5.61944s
    B3 Weyl moment 47/59 support=709983 elapsed=6.22975s
    B3 Weyl moment 48/59 support=755873 elapsed=6.9191s
    B3 Weyl moment 49/59 support=803699 elapsed=7.62252s
    B3 Weyl moment 50/59 support=853501 elapsed=8.42589s
    B3 Weyl moment 51/59 support=905319 elapsed=9.29105s
    B3 Weyl moment 52/59 support=959193 elapsed=10.2139s
    B3 Weyl moment 53/59 support=1015163 elapsed=11.124s
    B3 Weyl moment 54/59 support=1073269 elapsed=12.1079s
    B3 Weyl moment 55/59 support=1133551 elapsed=13.2161s
    B3 Weyl moment 56/59 support=1196049 elapsed=14.3729s
    B3 Weyl moment 57/59 support=1260803 elapsed=15.5389s
    B3 Weyl moment 58/59 support=1327853 elapsed=16.7595s
    B3 Weyl moment 59/59 support=1397239 elapsed=18.1395s
B_3 exact Weyl m=27 certificate
Weyl density constant term = 48
moment range m_0..m_59
m_47 = 2724899105096092090876423460127977913615608223987; Delta_47 = -16533071953423192537851830206813646951179046211215538593485
m_48 = 46498479620090281496114728671524506815582751812285; Delta_48 = -785317984456760324235239691353195827337409001656976997250307
m_49 = 796663732279103471311065776624845393615000701594432; Delta_49 = -38087788783930250847262296091909334278846533794696811892812480
m_50 = 13702277534520389004528323425202606042277791473038397; Delta_50 = -1885339339058146062479812601640803973733635655729355024699620227
m_51 = 236553335426264396699284228276476015971580809176169665; Delta_51 = -95209341861575717359544675896987945201328062484146764936575431935
m_52 = 4098497142210650708708848628656020537383808850490112222; Delta_52 = -4903266810540464757553123002349145789365550185853907536749778346402
m_53 = 71256303787533431533207440011925687961905461344855004682; Delta_53 = -257420799961451000117649299877151259039993613511282213374403242791542
m_54 = 1243002119269401929684247265413196284423588631366365049482; Delta_54 = -13771977065832721131698065491317957769834578256161090070542451339452662
m_55 = 21753040841118551568424821298772452537173268272859469154924; Delta_55 = -750570909947045242014583532224947415305051356014933808828689709690666004
m_56 = 381873742036297117783112221887249146930038756905191148577215; Delta_56 = -41656588897766310330880439217255811972945061120737599711359510161161799105
m_57 = 6723972553161213232839413849659348320076717603199740000002924; Delta_57 = -2353592104550579486443330552299572003696241069722625873251218284597397741204
m_58 = 118739503580176181522344483307233348925397400403306397411709887; Delta_58 = -135331264354280477785756814855728329351804725575744328259152304715536876954561
m_59 = 2102745152490326789800379714506365001442563500486301181162698359; Delta_59 = -7916863333164198153709830724882464726229595693193103006937805790485207596942089
B_3 Chain diff D(27) = 16828478968267060163709352422148690001408345642762028932476470810123036
    C3 Weyl moment 0/59 support=1 elapsed=1.233e-06s
    C3 Weyl moment 1/59 support=19 elapsed=4.6567e-05s
    C3 Weyl moment 2/59 support=85 elapsed=6.1475e-05s
    C3 Weyl moment 3/59 support=231 elapsed=0.000114995s
    C3 Weyl moment 4/59 support=489 elapsed=0.000219981s
    C3 Weyl moment 5/59 support=891 elapsed=0.000435003s
    C3 Weyl moment 6/59 support=1469 elapsed=0.000826253s
    C3 Weyl moment 7/59 support=2255 elapsed=0.00141847s
    C3 Weyl moment 8/59 support=3281 elapsed=0.00227963s
    C3 Weyl moment 9/59 support=4579 elapsed=0.00348835s
    C3 Weyl moment 10/59 support=6181 elapsed=0.00520536s
    C3 Weyl moment 11/59 support=8119 elapsed=0.00743298s
    C3 Weyl moment 12/59 support=10425 elapsed=0.0103823s
    C3 Weyl moment 13/59 support=13131 elapsed=0.0142077s
    C3 Weyl moment 14/59 support=16269 elapsed=0.018955s
    C3 Weyl moment 15/59 support=19871 elapsed=0.0249729s
    C3 Weyl moment 16/59 support=23969 elapsed=0.0329001s
    C3 Weyl moment 17/59 support=28595 elapsed=0.0427585s
    C3 Weyl moment 18/59 support=33781 elapsed=0.05429s
    C3 Weyl moment 19/59 support=39559 elapsed=0.0677168s
    C3 Weyl moment 20/59 support=45961 elapsed=0.085147s
    C3 Weyl moment 21/59 support=53019 elapsed=0.104908s
    C3 Weyl moment 22/59 support=60765 elapsed=0.128679s
    C3 Weyl moment 23/59 support=69231 elapsed=0.156097s
    C3 Weyl moment 24/59 support=78449 elapsed=0.187889s
    C3 Weyl moment 25/59 support=88451 elapsed=0.226076s
    C3 Weyl moment 26/59 support=99269 elapsed=0.266363s
    C3 Weyl moment 27/59 support=110935 elapsed=0.316423s
    C3 Weyl moment 28/59 support=123481 elapsed=0.369808s
    C3 Weyl moment 29/59 support=136939 elapsed=0.427608s
    C3 Weyl moment 30/59 support=151341 elapsed=0.496177s
    C3 Weyl moment 31/59 support=166719 elapsed=0.581248s
    C3 Weyl moment 32/59 support=183105 elapsed=0.662985s
    C3 Weyl moment 33/59 support=200531 elapsed=0.755541s
    C3 Weyl moment 34/59 support=219029 elapsed=0.855979s
    C3 Weyl moment 35/59 support=238631 elapsed=0.981987s
    C3 Weyl moment 36/59 support=259369 elapsed=1.11945s
    C3 Weyl moment 37/59 support=281275 elapsed=1.26366s
    C3 Weyl moment 38/59 support=304381 elapsed=1.42452s
    C3 Weyl moment 39/59 support=328719 elapsed=1.60202s
    C3 Weyl moment 40/59 support=354321 elapsed=1.81326s
    C3 Weyl moment 41/59 support=381219 elapsed=2.03272s
    C3 Weyl moment 42/59 support=409445 elapsed=2.27403s
    C3 Weyl moment 43/59 support=439031 elapsed=2.52219s
    C3 Weyl moment 44/59 support=470009 elapsed=2.82702s
    C3 Weyl moment 45/59 support=502411 elapsed=3.15315s
    C3 Weyl moment 46/59 support=536269 elapsed=3.50388s
    C3 Weyl moment 47/59 support=571615 elapsed=3.89532s
    C3 Weyl moment 48/59 support=608481 elapsed=4.27941s
    C3 Weyl moment 49/59 support=646899 elapsed=4.71426s
    C3 Weyl moment 50/59 support=686901 elapsed=5.21605s
    C3 Weyl moment 51/59 support=728519 elapsed=5.7244s
    C3 Weyl moment 52/59 support=771785 elapsed=6.30124s
    C3 Weyl moment 53/59 support=816731 elapsed=6.87428s
    C3 Weyl moment 54/59 support=863389 elapsed=7.56704s
    C3 Weyl moment 55/59 support=911791 elapsed=8.26423s
    C3 Weyl moment 56/59 support=961969 elapsed=9.02333s
    C3 Weyl moment 57/59 support=1013955 elapsed=9.78945s
    C3 Weyl moment 58/59 support=1067781 elapsed=10.5954s
    C3 Weyl moment 59/59 support=1123479 elapsed=11.4607s
C_3 exact Weyl m=27 certificate
Weyl density constant term = 48
moment range m_0..m_59
m_47 = 2519931547097093935492616031739295934994674850440; Delta_47 = -16533071953628160095850828362197454379567728189836471967032
m_48 = 42992677138161057195721782085678707815007102207285; Delta_48 = -785317984460266126717168915653588773923254800657552646855307
m_49 = 736466530375078974312841414660642528382975840921640; Delta_49 = -38087788783990448049166320588907558640810736659928836753485272
m_50 = 12664772826436198168034533076945332753167107523849957; Delta_50 = -1885339339059183567187896792477297764081892929018465708648808667
m_51 = 218607223572420220271282270708878619055969172052065275; Delta_51 = -95209341861593663471398520073415947158895659881062376573699536325
m_52 = 3786994433877514601231870599938457132920455855522828892; Delta_52 = -4903266810540776260261456138456622767394267749258370889744745629732
m_53 = 65831151743605795096826506023720118201715923407178828242; Delta_53 = -257420799961456425269693227513587639973981819081042402912340918967982
m_54 = 1148210325081120382284183079142447664779352984591414031992; Delta_54 = -13771977065832815923492253772865357834020849004780734306189226290470152
m_55 = 20091576974891638903522145554637101124149637583869859545874; Delta_55 = -750570909947046903478449759137612317980795491366346832459378699300275054
m_56 = 352664029203847378885799639810241899312482327475959314065985; Delta_56 = -41656588897766339540593271666994709285527138127985217267788939392996310335
m_57 = 6208937275930198168019757154665676129573920477899227260047844; Delta_57 = -2353592104550580001478607783314636823352936063394816376048343585110137696284
m_58 = 109632425089888561648887620417614498120992327112606699797878169; Delta_58 = -135331264354280486892835305143348202808667615194595132664225595415234490786279
m_59 = 1941266685486981647236647973264786184467250579720907976641831462; Delta_59 = -7916863333164198315188297728227607289961336934771919982250726555878412117808986
C_3 Chain diff D(27) = 14799169002488687839504626527875267091023103857262590956584721620279982
