m=27 B/C rank-pair positive-quadratic certificate
rank = 15
stable Chain diff D(27) = 42045445077102182205533040645398449053840308179888972401718533069918113097678848
begin B_15: first boundary = 32; exact through m_43
begin C_15: first boundary = 32; exact through m_43
    shared forward step 1/43 states=1 elapsed=3.436e-06s
    shared forward step 2/43 states=3 elapsed=2.9916e-05s
    shared forward step 3/43 states=7 elapsed=4.1818e-05s
    shared forward step 4/43 states=15 elapsed=6.5843e-05s
    shared forward step 5/43 states=30 elapsed=0.0001392s
    shared forward step 6/43 states=58 elapsed=0.00030542s
    shared forward step 7/43 states=105 elapsed=0.000707792s
    shared forward step 8/43 states=186 elapsed=0.00155162s
    shared forward step 9/43 states=318 elapsed=0.00327066s
    shared forward step 10/43 states=530 elapsed=0.00657567s
    shared forward step 11/43 states=863 elapsed=0.0131265s
    shared forward step 12/43 states=1380 elapsed=0.0266467s
    shared forward step 13/43 states=2164 elapsed=0.0472539s
    shared forward step 14/43 states=3345 elapsed=0.0836175s
    shared forward step 15/43 states=5096 elapsed=0.147396s
    shared forward step 16/43 states=7665 elapsed=0.253663s
    shared forward step 17/43 states=11395 elapsed=0.425795s
    shared forward step 18/43 states=16765 elapsed=0.712398s
    shared forward step 19/43 states=24418 elapsed=1.16695s
    shared forward step 20/43 states=35251 elapsed=1.88852s
    shared forward step 21/43 states=50460 elapsed=2.99759s
    shared forward step 22/43 states=71669 elapsed=4.7057s
    shared forward step 23/43 states=101050 elapsed=7.30488s
    shared forward step 24/43 states=141510 elapsed=11.2916s
    shared forward step 25/43 states=196888 elapsed=17.3042s
    shared forward step 26/43 states=272293 elapsed=26.0668s
    shared forward step 27/43 states=374423 elapsed=39.0612s
    shared forward step 28/43 states=512081 elapsed=58.1684s
      shared forward step 29/43 processed=500000/512081 next_states=683206 step_elapsed=24.9451s elapsed=83.1725s
    shared forward step 29/43 states=696760 elapsed=85.3471s
      shared forward step 30/43 processed=500000/696760 next_states=701654 step_elapsed=21.0215s elapsed=106.44s
    shared forward step 30/43 states=943442 elapsed=124.667s
      shared forward step 31/43 processed=500000/943442 next_states=714082 step_elapsed=19.044s elapsed=143.815s
    shared forward step 31/43 states=1271527 elapsed=181.655s
      shared forward step 32/43 processed=500000/1271527 next_states=721837 step_elapsed=18.3874s elapsed=200.192s
      shared forward step 32/43 processed=1000000/1271527 next_states=1378884 step_elapsed=49.6875s elapsed=231.492s
    shared forward step 32/43 states=1706159 elapsed=263.036s
    m_32: B_15 shared target 1/1 elapsed=1.3104e-05s
  B_15 Delta_32 = -3602118427251
    m_32: C_15 shared target 915/915 elapsed=0.000194232s
  C_15 Delta_32 = -191898783962510625
      shared forward step 33/43 processed=500000/1706159 next_states=726800 step_elapsed=18.4144s elapsed=281.66s
      shared forward step 33/43 processed=1000000/1706159 next_states=1402479 step_elapsed=45.6241s elapsed=308.87s
      shared forward step 33/43 processed=1500000/1706159 next_states=2035235 step_elapsed=87.201s elapsed=350.447s
    shared forward step 33/43 states=2279700 elapsed=379.84s
    m_33: B_15 shared target 2/2 elapsed=4.068e-06s
  B_15 Delta_33 = -2146148841469200
    m_33: C_15 shared target 1000/1211 elapsed=0.000236211s
    m_33: C_15 shared target 1211/1211 elapsed=0.000270785s
  C_15 Delta_33 = -94989898061442759376
      shared forward step 34/43 processed=500000/2279700 next_states=731956 step_elapsed=17.5792s elapsed=397.708s
      shared forward step 34/43 processed=1000000/2279700 next_states=1414256 step_elapsed=43.6574s elapsed=423.787s
      shared forward step 34/43 processed=1500000/2279700 next_states=2073625 step_elapsed=76.3236s elapsed=456.453s
      shared forward step 34/43 processed=2000000/2279700 next_states=2702873 step_elapsed=121.103s elapsed=501.232s
    shared forward step 34/43 states=3033772 elapsed=543.455s
    m_34: B_15 shared target 4/4 elapsed=1.1291e-05s
  B_15 Delta_34 = -704407739253648243
    m_34: C_15 shared target 1000/1595 elapsed=0.000544507s
    m_34: C_15 shared target 1595/1595 elapsed=0.00070666s
  C_15 Delta_34 = -25843584932583193401153
      shared forward step 35/43 processed=500000/3033772 next_states=736364 step_elapsed=17.0557s elapsed=560.86s
      shared forward step 35/43 processed=1000000/3033772 next_states=1428066 step_elapsed=41.146s elapsed=584.951s
      shared forward step 35/43 processed=1500000/3033772 next_states=2103344 step_elapsed=69.8929s elapsed=613.698s
      shared forward step 35/43 processed=2000000/3033772 next_states=2752538 step_elapsed=106.07s elapsed=649.874s
      shared forward step 35/43 processed=2500000/3033772 next_states=3382735 step_elapsed=152.338s elapsed=696.142s
      shared forward step 35/43 processed=3000000/3033772 next_states=3984212 step_elapsed=217.131s elapsed=760.935s
    shared forward step 35/43 states=4021695 elapsed=770.038s
    m_35: B_15 shared target 7/7 elapsed=1.3235e-05s
  B_15 Delta_35 = -168631144609941908451
    m_35: C_15 shared target 1000/2082 elapsed=0.000301072s
    m_35: C_15 shared target 2000/2082 elapsed=0.000476009s
    m_35: C_15 shared target 2082/2082 elapsed=0.000487781s
  C_15 Delta_35 = -5124388367421298726046242
      shared forward step 36/43 processed=500000/4021695 next_states=739541 step_elapsed=17.0705s elapsed=787.597s
      shared forward step 36/43 processed=1000000/4021695 next_states=1439520 step_elapsed=39.881s elapsed=810.407s
      shared forward step 36/43 processed=1500000/4021695 next_states=2117990 step_elapsed=68.3603s elapsed=838.887s
      shared forward step 36/43 processed=2000000/4021695 next_states=2783351 step_elapsed=101.406s elapsed=871.933s
      shared forward step 36/43 processed=2500000/4021695 next_states=3436010 step_elapsed=138.508s elapsed=909.035s
      shared forward step 36/43 processed=3000000/4021695 next_states=4074931 step_elapsed=181.383s elapsed=951.91s
      shared forward step 36/43 processed=3500000/4021695 next_states=4697254 step_elapsed=231.669s elapsed=1002.2s
      shared forward step 36/43 processed=4000000/4021695 next_states=5287900 step_elapsed=312.369s elapsed=1082.9s
    shared forward step 36/43 states=5311627 elapsed=1090.72s
    m_36: B_15 shared target 12/12 elapsed=1.3034e-05s
  B_15 Delta_36 = -32933854286697266066325
    m_36: C_15 shared target 1000/2705 elapsed=0.000399686s
    m_36: C_15 shared target 2000/2705 elapsed=0.000661385s
    m_36: C_15 shared target 2705/2705 elapsed=0.000796297s
  C_15 Delta_36 = -829163717174997172928834315
      shared forward step 37/43 processed=500000/5311627 next_states=742006 step_elapsed=17.2029s elapsed=1108.55s
