    C4 modular Weyl 9223372036854775507 moment 0/61 support=1 elapsed=5.21e-07s
    C4 modular Weyl 9223372036854775507 moment 1/61 support=33 elapsed=5.8539e-05s
    C4 modular Weyl 9223372036854775507 moment 2/61 support=225 elapsed=8.2143e-05s
    C4 modular Weyl 9223372036854775507 moment 3/61 support=833 elapsed=0.000198871s
    C4 modular Weyl 9223372036854775507 moment 4/61 support=2241 elapsed=0.000699876s
    C4 modular Weyl 9223372036854775507 moment 5/61 support=4961 elapsed=0.00175346s
    C4 modular Weyl 9223372036854775507 moment 6/61 support=9633 elapsed=0.00389459s
    C4 modular Weyl 9223372036854775507 moment 7/61 support=17025 elapsed=0.00866182s
    C4 modular Weyl 9223372036854775507 moment 8/61 support=28033 elapsed=0.0161681s
    C4 modular Weyl 9223372036854775507 moment 9/61 support=43681 elapsed=0.0275859s
    C4 modular Weyl 9223372036854775507 moment 10/61 support=65121 elapsed=0.047923s
    C4 modular Weyl 9223372036854775507 moment 11/61 support=93633 elapsed=0.0774642s
    C4 modular Weyl 9223372036854775507 moment 12/61 support=130625 elapsed=0.122741s
    C4 modular Weyl 9223372036854775507 moment 13/61 support=177633 elapsed=0.182858s
    C4 modular Weyl 9223372036854775507 moment 14/61 support=236321 elapsed=0.269093s
    C4 modular Weyl 9223372036854775507 moment 15/61 support=308481 elapsed=0.395858s
    C4 modular Weyl 9223372036854775507 moment 16/61 support=396033 elapsed=0.565662s
    C4 modular Weyl 9223372036854775507 moment 17/61 support=501025 elapsed=0.818402s
    C4 modular Weyl 9223372036854775507 moment 18/61 support=625633 elapsed=1.15592s
    C4 modular Weyl 9223372036854775507 moment 19/61 support=772161 elapsed=1.58635s
    C4 modular Weyl 9223372036854775507 moment 20/61 support=943041 elapsed=2.1445s
    C4 modular Weyl 9223372036854775507 moment 21/61 support=1140833 elapsed=2.90752s
    C4 modular Weyl 9223372036854775507 moment 22/61 support=1368225 elapsed=3.79778s
    C4 modular Weyl 9223372036854775507 moment 23/61 support=1628033 elapsed=5.1264s
    C4 modular Weyl 9223372036854775507 moment 24/61 support=1923201 elapsed=6.50486s
    C4 modular Weyl 9223372036854775507 moment 25/61 support=2256801 elapsed=8.38724s
    C4 modular Weyl 9223372036854775507 moment 26/61 support=2632033 elapsed=10.4968s
    C4 modular Weyl 9223372036854775507 moment 27/61 support=3052225 elapsed=13.2364s
    C4 modular Weyl 9223372036854775507 moment 28/61 support=3520833 elapsed=16.2983s
    C4 modular Weyl 9223372036854775507 moment 29/61 support=4041441 elapsed=20.1252s
    C4 modular Weyl 9223372036854775507 moment 30/61 support=4617761 elapsed=24.4489s
    C4 modular Weyl 9223372036854775507 moment 31/61 support=5253633 elapsed=29.5957s
    C4 modular Weyl 9223372036854775507 moment 32/61 support=5953025 elapsed=35.3179s
    C4 modular Weyl 9223372036854775507 moment 33/61 support=6720033 elapsed=42.8693s
    C4 modular Weyl 9223372036854775507 moment 34/61 support=7558881 elapsed=51.5492s
    C4 modular Weyl 9223372036854775507 moment 35/61 support=8473921 elapsed=61.4422s
    C4 modular Weyl 9223372036854775507 moment 36/61 support=9469633 elapsed=73.1953s
    C4 modular Weyl 9223372036854775507 moment 37/61 support=10550625 elapsed=86.651s
    C4 modular Weyl 9223372036854775507 moment 38/61 support=11721633 elapsed=100.566s
    C4 modular Weyl 9223372036854775507 moment 39/61 support=12987521 elapsed=116.023s
    C4 modular Weyl 9223372036854775507 moment 40/61 support=14353281 elapsed=133.119s
    C4 modular Weyl 9223372036854775507 moment 41/61 support=15824033 elapsed=153.473s
    C4 modular Weyl 9223372036854775507 moment 42/61 support=17405025 elapsed=177.432s
    C4 modular Weyl 9223372036854775507 moment 43/61 support=19101633 elapsed=204.428s
    C4 modular Weyl 9223372036854775507 moment 44/61 support=20919361 elapsed=234.956s
    C4 modular Weyl 9223372036854775507 moment 45/61 support=22863841 elapsed=266.769s
    C4 modular Weyl 9223372036854775507 moment 46/61 support=24940833 elapsed=301.79s
    C4 modular Weyl 9223372036854775507 moment 47/61 support=27156225 elapsed=341.377s
    C4 modular Weyl 9223372036854775507 moment 48/61 support=29516033 elapsed=385.585s
    C4 modular Weyl 9223372036854775507 moment 49/61 support=32026401 elapsed=434.897s
    C4 modular Weyl 9223372036854775507 moment 50/61 support=34693601 elapsed=489.868s
    C4 modular Weyl 9223372036854775507 moment 51/61 support=37524033 elapsed=546.777s
    C4 modular Weyl 9223372036854775507 moment 52/61 support=40524225 elapsed=609.685s
    C4 modular Weyl 9223372036854775507 moment 53/61 support=43700833 elapsed=677.471s
    C4 modular Weyl 9223372036854775507 moment 54/61 support=47060641 elapsed=752.657s
    C4 modular Weyl 9223372036854775507 moment 55/61 support=50610561 elapsed=829.961s
    C4 modular Weyl 9223372036854775507 moment 56/61 support=54357633 elapsed=917.419s
    C4 modular Weyl 9223372036854775507 moment 57/61 support=58309025 elapsed=1013.86s
    C4 modular Weyl 9223372036854775507 moment 58/61 support=62472033 elapsed=1122.35s
    C4 modular Weyl 9223372036854775507 moment 59/61 support=66854081 elapsed=1235.16s
    C4 modular Weyl 9223372036854775507 moment 60/61 support=71462721 elapsed=1358.74s
    C4 modular Weyl 9223372036854775507 moment 61/61 support=76305633 elapsed=1488.12s
C_4 MOD 9223372036854775507 Weyl density constant term = 384
C_4 MOD 9223372036854775507 m_0 moment=1
C_4 MOD 9223372036854775507 m_1 moment=0
C_4 MOD 9223372036854775507 m_2 moment=1
C_4 MOD 9223372036854775507 m_3 moment=1
C_4 MOD 9223372036854775507 m_4 moment=6
C_4 MOD 9223372036854775507 m_5 moment=22
C_4 MOD 9223372036854775507 m_6 moment=130
C_4 MOD 9223372036854775507 m_7 moment=822
C_4 MOD 9223372036854775507 m_8 moment=6202
C_4 MOD 9223372036854775507 m_9 moment=52552
C_4 MOD 9223372036854775507 m_10 moment=498249
C_4 MOD 9223372036854775507 m_11 moment=5196789
C_4 MOD 9223372036854775507 m_12 moment=58964994
C_4 MOD 9223372036854775507 m_13 moment=720151722
C_4 MOD 9223372036854775507 m_14 moment=9383818899
C_4 MOD 9223372036854775507 m_15 moment=129474626610
C_4 MOD 9223372036854775507 m_16 moment=1879661849940
C_4 MOD 9223372036854775507 m_17 moment=28558484041800
C_4 MOD 9223372036854775507 m_18 moment=452039912994576
C_4 MOD 9223372036854775507 m_19 moment=7425417513482460
C_4 MOD 9223372036854775507 m_20 moment=126159732874309546
C_4 MOD 9223372036854775507 m_21 moment=2210670103626215020
C_4 MOD 9223372036854775507 m_22 moment=2957401920937132448
C_4 MOD 9223372036854775507 m_23 moment=8754610331508863847
C_4 MOD 9223372036854775507 m_24 moment=5500981537162863691
C_4 MOD 9223372036854775507 m_25 moment=4663980840163632203
C_4 MOD 9223372036854775507 m_26 moment=6402285721114356851
C_4 MOD 9223372036854775507 m_27 moment=8860095411209248367
C_4 MOD 9223372036854775507 m_28 moment=7043296021100817174
C_4 MOD 9223372036854775507 m_29 moment=3532893513142886264
C_4 MOD 9223372036854775507 m_30 moment=8576144318394611702
C_4 MOD 9223372036854775507 m_31 moment=4654334496439969013
C_4 MOD 9223372036854775507 m_32 moment=6571565483973214994
C_4 MOD 9223372036854775507 m_33 moment=3893110558895174136
C_4 MOD 9223372036854775507 m_34 moment=6658352855648434546
C_4 MOD 9223372036854775507 m_35 moment=8179969029089052308
C_4 MOD 9223372036854775507 m_36 moment=1512885293513044285
C_4 MOD 9223372036854775507 m_37 moment=2755334947396981826
C_4 MOD 9223372036854775507 m_38 moment=8948647970114056916
C_4 MOD 9223372036854775507 m_39 moment=3355496691142303382
C_4 MOD 9223372036854775507 m_40 moment=5048026458394497182
C_4 MOD 9223372036854775507 m_41 moment=2266172982136677404
C_4 MOD 9223372036854775507 m_42 moment=6295248862452022711
C_4 MOD 9223372036854775507 m_43 moment=1245887131404642016
C_4 MOD 9223372036854775507 m_44 moment=5157118514117665981
C_4 MOD 9223372036854775507 m_45 moment=4318463859108331440
C_4 MOD 9223372036854775507 m_46 moment=7680287483691290708
C_4 MOD 9223372036854775507 m_47 moment=7995985292092725451
C_4 MOD 9223372036854775507 m_48 moment=1375097023498050156
C_4 MOD 9223372036854775507 m_49 moment=4987264041536869871
C_4 MOD 9223372036854775507 m_50 moment=5660946151441912756
C_4 MOD 9223372036854775507 m_51 moment=3049608301312186635
C_4 MOD 9223372036854775507 m_52 moment=6430220932348903834
C_4 MOD 9223372036854775507 m_53 moment=913320503842995207
C_4 MOD 9223372036854775507 m_54 moment=2810847287518028342
C_4 MOD 9223372036854775507 m_55 moment=8535233015875266403
C_4 MOD 9223372036854775507 m_56 moment=4745449471831517517
C_4 MOD 9223372036854775507 m_57 moment=1118756740705745424
C_4 MOD 9223372036854775507 m_58 moment=2230365013935188184
C_4 MOD 9223372036854775507 m_59 moment=7005502803430860099
C_4 MOD 9223372036854775507 m_60 moment=6777977805726406788
C_4 MOD 9223372036854775507 m_61 moment=3020040462219295793
__EXIT_STATUS=0
