    B4 modular Weyl 9223372036854775507 moment 0/61 support=1 elapsed=9e-08s
    B4 modular Weyl 9223372036854775507 moment 1/61 support=33 elapsed=5.6806e-05s
    B4 modular Weyl 9223372036854775507 moment 2/61 support=257 elapsed=0.000113232s
    B4 modular Weyl 9223372036854775507 moment 3/61 support=1025 elapsed=0.000247934s
    B4 modular Weyl 9223372036854775507 moment 4/61 support=2881 elapsed=0.000657411s
    B4 modular Weyl 9223372036854775507 moment 5/61 support=6561 elapsed=0.00201743s
    B4 modular Weyl 9223372036854775507 moment 6/61 support=12993 elapsed=0.00490836s
    B4 modular Weyl 9223372036854775507 moment 7/61 support=23297 elapsed=0.0109107s
    B4 modular Weyl 9223372036854775507 moment 8/61 support=38785 elapsed=0.0229291s
    B4 modular Weyl 9223372036854775507 moment 9/61 support=60961 elapsed=0.0420656s
    B4 modular Weyl 9223372036854775507 moment 10/61 support=91521 elapsed=0.0731632s
    B4 modular Weyl 9223372036854775507 moment 11/61 support=132353 elapsed=0.131605s
    B4 modular Weyl 9223372036854775507 moment 12/61 support=185537 elapsed=0.206331s
    B4 modular Weyl 9223372036854775507 moment 13/61 support=253345 elapsed=0.308483s
    B4 modular Weyl 9223372036854775507 moment 14/61 support=338241 elapsed=0.457827s
    B4 modular Weyl 9223372036854775507 moment 15/61 support=442881 elapsed=0.665364s
    B4 modular Weyl 9223372036854775507 moment 16/61 support=570113 elapsed=0.994029s
    B4 modular Weyl 9223372036854775507 moment 17/61 support=722977 elapsed=1.50942s
    B4 modular Weyl 9223372036854775507 moment 18/61 support=904705 elapsed=2.10625s
    B4 modular Weyl 9223372036854775507 moment 19/61 support=1118721 elapsed=3.06529s
    B4 modular Weyl 9223372036854775507 moment 20/61 support=1368641 elapsed=4.16921s
    B4 modular Weyl 9223372036854775507 moment 21/61 support=1658273 elapsed=5.61237s
    B4 modular Weyl 9223372036854775507 moment 22/61 support=1991617 elapsed=7.50626s
    B4 modular Weyl 9223372036854775507 moment 23/61 support=2372865 elapsed=9.84008s
    B4 modular Weyl 9223372036854775507 moment 24/61 support=2806401 elapsed=12.6047s
    B4 modular Weyl 9223372036854775507 moment 25/61 support=3296801 elapsed=15.9437s
    B4 modular Weyl 9223372036854775507 moment 26/61 support=3848833 elapsed=19.9551s
    B4 modular Weyl 9223372036854775507 moment 27/61 support=4467457 elapsed=24.9854s
    B4 modular Weyl 9223372036854775507 moment 28/61 support=5157825 elapsed=31.0621s
    B4 modular Weyl 9223372036854775507 moment 29/61 support=5925281 elapsed=38.5284s
    B4 modular Weyl 9223372036854775507 moment 30/61 support=6775361 elapsed=47.2627s
    B4 modular Weyl 9223372036854775507 moment 31/61 support=7713793 elapsed=57.8045s
    B4 modular Weyl 9223372036854775507 moment 32/61 support=8746497 elapsed=69.2887s
    B4 modular Weyl 9223372036854775507 moment 33/61 support=9879585 elapsed=82.9329s
    B4 modular Weyl 9223372036854775507 moment 34/61 support=11119361 elapsed=98.05s
    B4 modular Weyl 9223372036854775507 moment 35/61 support=12472321 elapsed=115.738s
    B4 modular Weyl 9223372036854775507 moment 36/61 support=13945153 elapsed=134.473s
    B4 modular Weyl 9223372036854775507 moment 37/61 support=15544737 elapsed=157.498s
    B4 modular Weyl 9223372036854775507 moment 38/61 support=17278145 elapsed=184.55s
    B4 modular Weyl 9223372036854775507 moment 39/61 support=19152641 elapsed=215.552s
    B4 modular Weyl 9223372036854775507 moment 40/61 support=21175681 elapsed=247.72s
    B4 modular Weyl 9223372036854775507 moment 41/61 support=23354913 elapsed=289.399s
    B4 modular Weyl 9223372036854775507 moment 42/61 support=25698177 elapsed=331.154s
    B4 modular Weyl 9223372036854775507 moment 43/61 support=28213505 elapsed=378.29s
    B4 modular Weyl 9223372036854775507 moment 44/61 support=30909121 elapsed=434.373s
    B4 modular Weyl 9223372036854775507 moment 45/61 support=33793441 elapsed=497.045s
    B4 modular Weyl 9223372036854775507 moment 46/61 support=36875073 elapsed=565.268s
    B4 modular Weyl 9223372036854775507 moment 47/61 support=40162817 elapsed=637.168s
    B4 modular Weyl 9223372036854775507 moment 48/61 support=43665665 elapsed=715.517s
    B4 modular Weyl 9223372036854775507 moment 49/61 support=47392801 elapsed=802.949s
    B4 modular Weyl 9223372036854775507 moment 50/61 support=51353601 elapsed=896.483s
    B4 modular Weyl 9223372036854775507 moment 51/61 support=55557633 elapsed=1005.61s
    B4 modular Weyl 9223372036854775507 moment 52/61 support=60014657 elapsed=1134.71s
    B4 modular Weyl 9223372036854775507 moment 53/61 support=64734625 elapsed=1272.06s
    B4 modular Weyl 9223372036854775507 moment 54/61 support=69727681 elapsed=1425.39s
    B4 modular Weyl 9223372036854775507 moment 55/61 support=75004161 elapsed=1585.76s
    B4 modular Weyl 9223372036854775507 moment 56/61 support=80574593 elapsed=1757.77s
    B4 modular Weyl 9223372036854775507 moment 57/61 support=86449697 elapsed=1950.12s
    B4 modular Weyl 9223372036854775507 moment 58/61 support=92640385 elapsed=2162.34s
    B4 modular Weyl 9223372036854775507 moment 59/61 support=99157761 elapsed=2387.36s
    B4 modular Weyl 9223372036854775507 moment 60/61 support=106013121 elapsed=2626.11s
    B4 modular Weyl 9223372036854775507 moment 61/61 support=113217953 elapsed=2891.92s
B_4 MOD 9223372036854775507 Weyl density constant term = 384
B_4 MOD 9223372036854775507 m_0 moment=1
B_4 MOD 9223372036854775507 m_1 moment=0
B_4 MOD 9223372036854775507 m_2 moment=1
B_4 MOD 9223372036854775507 m_3 moment=1
B_4 MOD 9223372036854775507 m_4 moment=6
B_4 MOD 9223372036854775507 m_5 moment=22
B_4 MOD 9223372036854775507 m_6 moment=130
B_4 MOD 9223372036854775507 m_7 moment=822
B_4 MOD 9223372036854775507 m_8 moment=6202
B_4 MOD 9223372036854775507 m_9 moment=52552
B_4 MOD 9223372036854775507 m_10 moment=498591
B_4 MOD 9223372036854775507 m_11 moment=5210715
B_4 MOD 9223372036854775507 m_12 moment=59344098
B_4 MOD 9223372036854775507 m_13 moment=728810658
B_4 MOD 9223372036854775507 m_14 moment=9564530430
B_4 MOD 9223372036854775507 m_15 moment=133066760584
B_4 MOD 9223372036854775507 m_16 moment=1949272050600
B_4 MOD 9223372036854775507 m_17 moment=29892206780720
B_4 MOD 9223372036854775507 m_18 moment=477532564286970
B_4 MOD 9223372036854775507 m_19 moment=7914358104935202
B_4 MOD 9223372036854775507 m_20 moment=135606068908550236
B_4 MOD 9223372036854775507 m_21 moment=2394976664800991580
B_4 MOD 9223372036854775507 m_22 moment=6594897310177103564
B_4 MOD 9223372036854775507 m_23 moment=7660325973627718263
B_4 MOD 9223372036854775507 m_24 moment=1586130706389762899
B_4 MOD 9223372036854775507 m_25 moment=7710707208299209225
B_4 MOD 9223372036854775507 m_26 moment=1010857893037142374
B_4 MOD 9223372036854775507 m_27 moment=5088741476622480439
B_4 MOD 9223372036854775507 m_28 moment=4737271371030712811
B_4 MOD 9223372036854775507 m_29 moment=3463090113396429373
B_4 MOD 9223372036854775507 m_30 moment=7788771829545631896
B_4 MOD 9223372036854775507 m_31 moment=8628339405495806724
B_4 MOD 9223372036854775507 m_32 moment=6350412977849928463
B_4 MOD 9223372036854775507 m_33 moment=1971874478730355194
B_4 MOD 9223372036854775507 m_34 moment=3531894443091984994
B_4 MOD 9223372036854775507 m_35 moment=6933731018220051278
B_4 MOD 9223372036854775507 m_36 moment=721872120799132819
B_4 MOD 9223372036854775507 m_37 moment=5706748375425978423
B_4 MOD 9223372036854775507 m_38 moment=426914246766823453
B_4 MOD 9223372036854775507 m_39 moment=220027920571886975
B_4 MOD 9223372036854775507 m_40 moment=6398142292025153140
B_4 MOD 9223372036854775507 m_41 moment=3616229981799803093
B_4 MOD 9223372036854775507 m_42 moment=9143040567145491157
B_4 MOD 9223372036854775507 m_43 moment=8374868613648532817
B_4 MOD 9223372036854775507 m_44 moment=8956719123570296220
B_4 MOD 9223372036854775507 m_45 moment=393528317088886312
B_4 MOD 9223372036854775507 m_46 moment=1053983685144628931
B_4 MOD 9223372036854775507 m_47 moment=7647122966482941970
B_4 MOD 9223372036854775507 m_48 moment=3647086563716847761
B_4 MOD 9223372036854775507 m_49 moment=1699216580876872394
B_4 MOD 9223372036854775507 m_50 moment=404496700573483231
B_4 MOD 9223372036854775507 m_51 moment=512589920818294423
B_4 MOD 9223372036854775507 m_52 moment=4388489700432821987
B_4 MOD 9223372036854775507 m_53 moment=2420267425674266622
B_4 MOD 9223372036854775507 m_54 moment=942418232257704879
B_4 MOD 9223372036854775507 m_55 moment=6246977645871680786
B_4 MOD 9223372036854775507 m_56 moment=3507914528885942277
B_4 MOD 9223372036854775507 m_57 moment=7387790205961535649
B_4 MOD 9223372036854775507 m_58 moment=7713185126589360335
B_4 MOD 9223372036854775507 m_59 moment=7659758566992973139
B_4 MOD 9223372036854775507 m_60 moment=7105366190812037211
B_4 MOD 9223372036854775507 m_61 moment=7433271724559524389
__EXIT_STATUS=0
