    C4 modular Weyl 9223372036854775643 moment 0/61 support=1 elapsed=1.1e-07s
    C4 modular Weyl 9223372036854775643 moment 1/61 support=33 elapsed=6.4661e-05s
    C4 modular Weyl 9223372036854775643 moment 2/61 support=225 elapsed=8.547e-05s
    C4 modular Weyl 9223372036854775643 moment 3/61 support=833 elapsed=0.000178725s
    C4 modular Weyl 9223372036854775643 moment 4/61 support=2241 elapsed=0.000489678s
    C4 modular Weyl 9223372036854775643 moment 5/61 support=4961 elapsed=0.0014803s
    C4 modular Weyl 9223372036854775643 moment 6/61 support=9633 elapsed=0.00342821s
    C4 modular Weyl 9223372036854775643 moment 7/61 support=17025 elapsed=0.00787162s
    C4 modular Weyl 9223372036854775643 moment 8/61 support=28033 elapsed=0.0156022s
    C4 modular Weyl 9223372036854775643 moment 9/61 support=43681 elapsed=0.0297096s
    C4 modular Weyl 9223372036854775643 moment 10/61 support=65121 elapsed=0.0530542s
    C4 modular Weyl 9223372036854775643 moment 11/61 support=93633 elapsed=0.0896114s
    C4 modular Weyl 9223372036854775643 moment 12/61 support=130625 elapsed=0.144804s
    C4 modular Weyl 9223372036854775643 moment 13/61 support=177633 elapsed=0.223512s
    C4 modular Weyl 9223372036854775643 moment 14/61 support=236321 elapsed=0.336802s
    C4 modular Weyl 9223372036854775643 moment 15/61 support=308481 elapsed=0.499995s
    C4 modular Weyl 9223372036854775643 moment 16/61 support=396033 elapsed=0.734646s
    C4 modular Weyl 9223372036854775643 moment 17/61 support=501025 elapsed=1.09957s
    C4 modular Weyl 9223372036854775643 moment 18/61 support=625633 elapsed=1.52448s
    C4 modular Weyl 9223372036854775643 moment 19/61 support=772161 elapsed=2.15751s
    C4 modular Weyl 9223372036854775643 moment 20/61 support=943041 elapsed=2.90169s
    C4 modular Weyl 9223372036854775643 moment 21/61 support=1140833 elapsed=3.90266s
    C4 modular Weyl 9223372036854775643 moment 22/61 support=1368225 elapsed=5.11469s
    C4 modular Weyl 9223372036854775643 moment 23/61 support=1628033 elapsed=6.76195s
    C4 modular Weyl 9223372036854775643 moment 24/61 support=1923201 elapsed=8.57541s
    C4 modular Weyl 9223372036854775643 moment 25/61 support=2256801 elapsed=10.9285s
    C4 modular Weyl 9223372036854775643 moment 26/61 support=2632033 elapsed=13.9168s
    C4 modular Weyl 9223372036854775643 moment 27/61 support=3052225 elapsed=17.4427s
    C4 modular Weyl 9223372036854775643 moment 28/61 support=3520833 elapsed=21.7521s
    C4 modular Weyl 9223372036854775643 moment 29/61 support=4041441 elapsed=26.2495s
    C4 modular Weyl 9223372036854775643 moment 30/61 support=4617761 elapsed=31.5465s
    C4 modular Weyl 9223372036854775643 moment 31/61 support=5253633 elapsed=37.814s
    C4 modular Weyl 9223372036854775643 moment 32/61 support=5953025 elapsed=45.1093s
    C4 modular Weyl 9223372036854775643 moment 33/61 support=6720033 elapsed=53.4328s
    C4 modular Weyl 9223372036854775643 moment 34/61 support=7558881 elapsed=62.587s
    C4 modular Weyl 9223372036854775643 moment 35/61 support=8473921 elapsed=73.5104s
    C4 modular Weyl 9223372036854775643 moment 36/61 support=9469633 elapsed=85.3098s
    C4 modular Weyl 9223372036854775643 moment 37/61 support=10550625 elapsed=99.6112s
    C4 modular Weyl 9223372036854775643 moment 38/61 support=11721633 elapsed=116.968s
    C4 modular Weyl 9223372036854775643 moment 39/61 support=12987521 elapsed=135.695s
    C4 modular Weyl 9223372036854775643 moment 40/61 support=14353281 elapsed=155.608s
    C4 modular Weyl 9223372036854775643 moment 41/61 support=15824033 elapsed=176.617s
    C4 modular Weyl 9223372036854775643 moment 42/61 support=17405025 elapsed=200.194s
    C4 modular Weyl 9223372036854775643 moment 43/61 support=19101633 elapsed=227.984s
    C4 modular Weyl 9223372036854775643 moment 44/61 support=20919361 elapsed=260.534s
    C4 modular Weyl 9223372036854775643 moment 45/61 support=22863841 elapsed=297.221s
    C4 modular Weyl 9223372036854775643 moment 46/61 support=24940833 elapsed=336.666s
    C4 modular Weyl 9223372036854775643 moment 47/61 support=27156225 elapsed=379.099s
    C4 modular Weyl 9223372036854775643 moment 48/61 support=29516033 elapsed=422.94s
    C4 modular Weyl 9223372036854775643 moment 49/61 support=32026401 elapsed=472.316s
    C4 modular Weyl 9223372036854775643 moment 50/61 support=34693601 elapsed=527.042s
    C4 modular Weyl 9223372036854775643 moment 51/61 support=37524033 elapsed=587.264s
    C4 modular Weyl 9223372036854775643 moment 52/61 support=40524225 elapsed=659.454s
    C4 modular Weyl 9223372036854775643 moment 53/61 support=43700833 elapsed=735.306s
    C4 modular Weyl 9223372036854775643 moment 54/61 support=47060641 elapsed=815.603s
    C4 modular Weyl 9223372036854775643 moment 55/61 support=50610561 elapsed=902.929s
    C4 modular Weyl 9223372036854775643 moment 56/61 support=54357633 elapsed=994.754s
    C4 modular Weyl 9223372036854775643 moment 57/61 support=58309025 elapsed=1096.92s
    C4 modular Weyl 9223372036854775643 moment 58/61 support=62472033 elapsed=1204.54s
    C4 modular Weyl 9223372036854775643 moment 59/61 support=66854081 elapsed=1315.93s
    C4 modular Weyl 9223372036854775643 moment 60/61 support=71462721 elapsed=1441.44s
    C4 modular Weyl 9223372036854775643 moment 61/61 support=76305633 elapsed=1577.87s
C_4 MOD 9223372036854775643 Weyl density constant term = 384
C_4 MOD 9223372036854775643 m_0 moment=1
C_4 MOD 9223372036854775643 m_1 moment=0
C_4 MOD 9223372036854775643 m_2 moment=1
C_4 MOD 9223372036854775643 m_3 moment=1
C_4 MOD 9223372036854775643 m_4 moment=6
C_4 MOD 9223372036854775643 m_5 moment=22
C_4 MOD 9223372036854775643 m_6 moment=130
C_4 MOD 9223372036854775643 m_7 moment=822
C_4 MOD 9223372036854775643 m_8 moment=6202
C_4 MOD 9223372036854775643 m_9 moment=52552
C_4 MOD 9223372036854775643 m_10 moment=498249
C_4 MOD 9223372036854775643 m_11 moment=5196789
C_4 MOD 9223372036854775643 m_12 moment=58964994
C_4 MOD 9223372036854775643 m_13 moment=720151722
C_4 MOD 9223372036854775643 m_14 moment=9383818899
C_4 MOD 9223372036854775643 m_15 moment=129474626610
C_4 MOD 9223372036854775643 m_16 moment=1879661849940
C_4 MOD 9223372036854775643 m_17 moment=28558484041800
C_4 MOD 9223372036854775643 m_18 moment=452039912994576
C_4 MOD 9223372036854775643 m_19 moment=7425417513482460
C_4 MOD 9223372036854775643 m_20 moment=126159732874309546
C_4 MOD 9223372036854775643 m_21 moment=2210670103626215020
C_4 MOD 9223372036854775643 m_22 moment=2957401920937131904
C_4 MOD 9223372036854775643 m_23 moment=8754610331508853103
C_4 MOD 9223372036854775643 m_24 moment=5500981537162657651
C_4 MOD 9223372036854775643 m_25 moment=4663980840159636115
C_4 MOD 9223372036854775643 m_26 moment=6402285721035245379
C_4 MOD 9223372036854775643 m_27 moment=8860095409612226751
C_4 MOD 9223372036854775643 m_28 moment=7043295988267812774
C_4 MOD 9223372036854775643 m_29 moment=3532892826474946344
C_4 MOD 9223372036854775643 m_30 moment=8576129724474312654
C_4 MOD 9223372036854775643 m_31 moment=4654019592034817437
C_4 MOD 9223372036854775643 m_32 moment=6564672699246261762
C_4 MOD 9223372036854775643 m_33 moment=3740185486033678520
C_4 MOD 9223372036854775643 m_34 moment=3221846269953942050
C_4 MOD 9223372036854775643 m_35 moment=3800309811002231308
C_4 MOD 9223372036854775643 m_36 moment=1510798518785537062
C_4 MOD 9223372036854775643 m_37 moment=1017032048340374554
C_4 MOD 9223372036854775643 m_38 moment=408276800186946021
C_4 MOD 9223372036854775643 m_39 moment=2878318968415470577
C_4 MOD 9223372036854775643 m_40 moment=4065829729439981926
C_4 MOD 9223372036854775643 m_41 moment=2494459969255173220
C_4 MOD 9223372036854775643 m_42 moment=8256371701051335414
C_4 MOD 9223372036854775643 m_43 moment=7150375768364997510
C_4 MOD 9223372036854775643 m_44 moment=4876178015374278258
C_4 MOD 9223372036854775643 m_45 moment=1975437577178846069
C_4 MOD 9223372036854775643 m_46 moment=5288106919363558072
C_4 MOD 9223372036854775643 m_47 moment=2774933139914141417
C_4 MOD 9223372036854775643 m_48 moment=6751547200267130021
C_4 MOD 9223372036854775643 m_49 moment=3595616190765309120
C_4 MOD 9223372036854775643 m_50 moment=1982721187315863194
C_4 MOD 9223372036854775643 m_51 moment=3764945487389539043
C_4 MOD 9223372036854775643 m_52 moment=8286813142949051197
C_4 MOD 9223372036854775643 m_53 moment=2259167644835216687
C_4 MOD 9223372036854775643 m_54 moment=1173711587647985012
C_4 MOD 9223372036854775643 m_55 moment=224246268823132624
C_4 MOD 9223372036854775643 m_56 moment=662692963059001875
C_4 MOD 9223372036854775643 m_57 moment=1846807744539487974
C_4 MOD 9223372036854775643 m_58 moment=875297294543503455
C_4 MOD 9223372036854775643 m_59 moment=8972407341240348985
C_4 MOD 9223372036854775643 m_60 moment=3030404683045833868
C_4 MOD 9223372036854775643 m_61 moment=3733675367928628099
__EXIT_STATUS=0
