B/C fixed-witness 2^q obstruction certificate
j=30 q=15 subset_mode=odd omp_threads=64
subset=1,3,5,7,9,11,13,15,17,19,21,23,25,27,29
exact arithmetic: GMP mpz_class
height_progress t=1 states=1 partial_final_filter=0 elapsed_s=0.00102024
height_progress t=2 states=3 partial_final_filter=0 elapsed_s=0.00271018
height_progress t=3 states=3 partial_final_filter=0 elapsed_s=0.00494152
height_progress t=4 states=10 partial_final_filter=0 elapsed_s=0.00657481
height_progress t=5 states=7 partial_final_filter=0 elapsed_s=0.0081819
height_progress t=6 states=24 partial_final_filter=0 elapsed_s=0.00923482
height_progress t=7 states=15 partial_final_filter=0 elapsed_s=0.0116137
height_progress t=8 states=50 partial_final_filter=0 elapsed_s=0.0125291
height_progress t=9 states=30 partial_final_filter=0 elapsed_s=0.014082
height_progress t=10 states=96 partial_final_filter=0 elapsed_s=0.0157572
height_progress t=11 states=56 partial_final_filter=0 elapsed_s=0.0172699
height_progress t=12 states=176 partial_final_filter=0 elapsed_s=0.0197136
height_progress t=13 states=101 partial_final_filter=0 elapsed_s=0.0207308
height_progress t=14 states=309 partial_final_filter=0 elapsed_s=0.0223468
height_progress t=15 states=176 partial_final_filter=0 elapsed_s=0.0239877
height_progress t=16 states=526 partial_final_filter=0 elapsed_s=0.0258247
height_progress t=17 states=297 partial_final_filter=0 elapsed_s=0.027752
height_progress t=18 states=873 partial_final_filter=0 elapsed_s=0.0306081
height_progress t=19 states=490 partial_final_filter=0 elapsed_s=0.0328683
height_progress t=20 states=1417 partial_final_filter=0 elapsed_s=0.0358759
height_progress t=21 states=792 partial_final_filter=0 elapsed_s=0.0388946
height_progress t=22 states=2255 partial_final_filter=0 elapsed_s=0.0434471
height_progress t=23 states=1255 partial_final_filter=0 elapsed_s=0.0483382
height_progress t=24 states=3531 partial_final_filter=0 elapsed_s=0.0552953
height_progress t=25 states=1958 partial_final_filter=0 elapsed_s=0.063372
height_progress t=26 states=5444 partial_final_filter=0 elapsed_s=0.0738956
height_progress t=27 states=3010 partial_final_filter=0 elapsed_s=0.0864228
height_progress t=28 states=8281 partial_final_filter=0 elapsed_s=0.105205
height_progress t=29 states=4565 partial_final_filter=0 elapsed_s=0.126956
height_progress t=30 states=12444 partial_final_filter=6190283353629375 elapsed_s=0.155959
RESULT q=15 j=30 subset_mode=odd
stable_s_j_minus_q=147267180508
rhs_2powq_s=4825650970886144
height_fiber=6190283353629375
stable_matches_expected=yes
rhs_matches_expected=yes
height_matches_expected=yes
height_exceeds_2powq_rhs=yes
SUMMARY failures=0
__EXIT_STATUS=0
