BC_TWENTYFIFTH_FRONTIER_GMP b_cases=0 c_fpf_cases=10 c_arithmetic_cases=33 run_b=0 run_c=1 b_q_min=-1000000 b_q_max=1000000 omp_max_threads=64
B_LOWER_BOX_RATIONAL numerator=31562069652058651724050564331116427866898930990810385836335683810816344863875220220375406369645430784395169909 denominator=327680000000000000000000000000000000000000000000000000000000000000000000000000000000000000000 ceil=96319792639339148
B_ABSORPTION_BASE q=44 left=1631698339603928414165194585139136415150069360512059164383537511536124994126576640000000000000000000000000000000000000000000000000000000000000000000000000000000000000000000000000000 right=197450685722107402353682037275992488341277868034975337796656295094902858969771811440894224355027779366597957338237853638272334919686385621811850780464277094400000000000000000000000000 margin=195818987382503473939516842690853351926127798674463278632272757583366733975645234800894224355027779366597957338237853638272334919686385621811850780464277094400000000000000000000000000
B_ABSORPTION_RATIO_BASE q=44 left=117990 right=124800 margin=6810
C_PAUSE_ABSORPTION_BASE q=64 P=38106144974042111076149000047527760958062592 central=95784491736452493294473263363363867621614750 margin=57678346762410382218324263315836106663552158
C_PAUSE_RATIO_BASE q=64 left=23870 right=33540 margin=9670
C_CENTRAL_RATIO_BASE q=64 left=23870 right=17550 margin=6320
C_FPF_BOUND q=21 j=67 value=53945547104126407383322291602955043744711552210652322566892979376723601047458376000000000
C_FPF_STABLE q=21 j=67 value=1954211164681443257926522972458391584067198254211562226984238146980200166454946504992361742592
C_FPF_MARGIN q=21 j=67 stable_minus_2bound=1954103273587235005111756327875185673979708831107140922339104361021446719252851588240361742592
C_FPF_BOUND q=22 j=69 value=12436988606154125333980540152151971543403099228006940852375342097616651767138901047939843750
C_FPF_STABLE q=22 j=69 value=9035761317088612444238991255468019455529981888205233547194765799344522272227693822804440755123712
C_FPF_MARGIN q=22 j=69 stable_minus_2bound=9035736443111400135988323294387715151586895082006777533313061048660327038924159545002344875436212
C_FPF_BOUND q=23 j=71 value=2835873872964951684296367117210385126083085889221674751522197771933392568825887299874081250000
C_FPF_STABLE q=23 j=71 value=44272870337243698081214185227207892678077895911020322840262089997508206015789182033584431273635427840
C_FPF_MARGIN q=23 j=71 stable_minus_2bound=44272864665495952151310816634473658257307643744848544396912586953112662149004044381809831525472927840
C_FPF_BOUND q=24 j=73 value=640700951891983448419183023400924950368312337844681703863135696851715480648574704218477801562500
C_FPF_STABLE q=24 j=73 value=229499010251335973773574243350048229283330134492962763370238833199597121641107164144808991322719436703744
C_FPF_MARGIN q=24 j=73 stable_minus_2bound=229499008969934069989607346511682182481480233756338087680875425473325727937676202847659582885763833578744
C_FPF_BOUND q=25 j=75 value=143652549639416524670187725918613977100508202153063555438013850540670917446501998745632600976562500
C_FPF_STABLE q=25 j=75 value=1256676780468867042847317084437511663922571743602251232632894091548268778692545502922374370338071167240749568
C_FPF_MARGIN q=25 j=75 stable_minus_2bound=1256676780181561943568484035097136212085343789401234828326766980672241077611203668029370372846805965287624568
C_FPF_BOUND q=26 j=77 value=32009166083826444919190417813722339499428387619084085979451889481573554295618138132951285179960937500
C_FPF_STABLE q=26 j=77 value=7258238000562610837751823684753927597931035259671566680425723838101729642262332770936508445458251496101223789568
C_FPF_MARGIN q=26 j=77 stable_minus_2bound=7258238000498592505584170794915546762303590580672709905187555666142825863299185662345272169192348925741301914568
C_FPF_BOUND q=27 j=79 value=7097141878747663521542393958084376639726674765305168806462532450413011248167599752568323745342070312500
C_FPF_STABLE q=27 j=79 value=44157232836692700825063754574781471258472902212106712575675848416069538417621428543801846239411065327084446550596608
C_FPF_MARGIN q=27 j=79 stable_minus_2bound=44157232836678506541306259247738386470556733458827259226145238078456613352720602521305511039905928679593762409971608
C_FPF_BOUND q=28 j=81 value=1567567585023481192490907927926316227559466912440613907406572763297522025365414992850474541903447617187500
C_FPF_STABLE q=28 j=81 value=282594820649086173955053884185975495344284302013747456720221424840390801124013460633014245696009883791290384047386173440
C_FPF_MARGIN q=28 j=81 stable_minus_2bound=282594820649083038819883837223590513528428449381292337786396543612575987978486865588963514866024182842206577152151798440
C_FPF_BOUND q=29 j=83 value=345252126968540163371614107551115155897950374319690614908709560770110350594373567232369892938377255703125000
C_FPF_STABLE q=29 j=83 value=1900094241916970117931209240138935340233911259038165847124235988803945896886316841661389835985097568669023946721955405863936
C_FPF_MARGIN q=29 j=83 stable_minus_2bound=1900094241916969427426955303058608597005696156807854051223487349422716079467195301440688647237963103929238069967443999613936
C_FPF_BOUND q=30 j=85 value=75893035884435531801065507087379609797949033754764854559411596003010676376030494156952934584007376399218750000
C_FPF_STABLE q=30 j=85 value=13406572350450220333476929689717057966687138989819887038420149893866631339098472328960551305990254170640733808710917241753454592
C_FPF_MARGIN q=30 j=85 stable_minus_2bound=13406572350450220181690857920845994364556124815060667442522082384336922220275280322939198553929265856734864640696164443315954592
C_PAUSE_POLYNOMIAL q=31 j=87 value=5047910995737832421064635984025485312
C_BOUND q=31 j=87 value=1939479171674306741869635829128429947182111906890105506513111414591109613563111913700756777932672579072935073253162928038446366720
C_STABLE q=31 j=87 value=99151536294250092657629161470485213770197136715316507939921207077238303542765927359811535550145058589089625641243772254545606305792
C_MARGIN q=31 j=87 stable_minus_bound=97212057122575785915759525641356783823015024808426402433408095662647193929202815446110778772212386010016690567990609326507159939072
C_PAUSE_POLYNOMIAL q=32 j=89 value=9783006720269792541474484407385456640
C_BOUND q=32 j=89 value=849480215403281770677781756671928495293333715216898331327452677240361105300860860271731448556953207736278111741695043175882099261440
C_STABLE q=32 j=89 value=767803834154796949339700774490437588122613781359267986367214256079028239425483726922223026617722923299526509932305209620874990088200192
C_MARGIN q=32 j=89 stable_minus_bound=766954353939393667569022992733765659627320447644051088035886803401787878320182866061951295169165970091790231820563514577699107988938752
C_PAUSE_POLYNOMIAL q=33 j=91 value=18637826401908385799827173801136750592
C_BOUND q=33 j=91 value=372222919421545653458125368391146730066149281611079733954583559761188950977269925223250298044748629212863023969419421005486001852776448
C_STABLE q=33 j=91 value=6219012485561720169125175711747072746616101573033681749973181063396653251833907992992299794612945668029683562597320420458909289083569428480
C_MARGIN q=33 j=91 stable_minus_bound=6218640262642298623471717586378681599886035423752070670239226479836892062882930723067076544314900919400470699573351001037903803081716652032
C_PAUSE_POLYNOMIAL q=34 j=93 value=34934644971009688944854053909189099520
C_BOUND q=34 j=93 value=163259770900659960908312307149449940054937371763250919229692519980710922472840655210754041633207060886450176371440856939362083162051051520
C_STABLE q=34 j=93 value=52636114508684281023057462983247168448627959118498202995779877291910314965053518047265082413237388057261789349857946883946075327053185016705024
C_MARGIN q=34 j=93 stable_minus_bound=52635951248913380363096554670940018998687904181126439744860647599390334254131045206609871659195754850200902899681575443089135964970022965653504
C_PAUSE_POLYNOMIAL q=35 j=95 value=64476834804439084162653019781224988672
C_BOUND q=35 j=95 value=71713794294563037612865842138237864584632524296046275189406714494020257773023258821405681398954424164616824645678171860044741915790840692736
C_STABLE q=35 j=95 value=465079114888095472747378954931122536275227942736325905210281246424033797827610545350466452851548111593259269814311579163792561772263843903304880128
C_MARGIN q=35 j=95 stable_minus_bound=465079043174301178184341342065280398037363358103801609164006057017319303807352772327207631445866712638835105197486933485620701727521928112464187392
C_PAUSE_POLYNOMIAL q=36 j=97 value=117262843157300261390013131767288954880
C_BOUND q=36 j=97 value=31562689543066827145232750045276533384151345239015122680033976298808870350128653801923485274244964313699451775830735275637929881756781825228800
C_STABLE q=36 j=97 value=4286049101830469787585519062310491636993132895599321887303824300884968128854355096965429712518063226708693734486753515105116496518270647314347804131328
C_MARGIN q=36 j=97 stable_minus_bound=4286049070267780244518691917077741591716599511447976648288701620850991830045484746836775910594577952463729420787301739274381220880340765557565978902528
C_PAUSE_POLYNOMIAL q=37 j=99 value=210293928924511933265011519610056343552
C_BOUND q=37 j=99 value=13924342259498738042535680027884571112314986126209288127321421483842302758084373276588102949136093343978592074057021227936501929150231673533628416
C_STABLE q=37 j=99 value=41162110219623827986714077844387249387887643477052640993127233143936172819413605186657045749386331177847384615454820678905274123861906846980764038124146688
C_MARGIN q=37 j=99 stable_minus_bound=41162110205699485727215339801851569360003072364737654866917945016614751335571302428572672472798228228711291271476228604848252895925404917830532364590518272
C_PAUSE_POLYNOMIAL q=38 j=101 value=372119345391770058758436281929800089600
C_BOUND q=38 j=101 value=6159841124134186179825544598685311317401729608980016716220202928543472675160268161549622984984043206699539146293280686544830934370296562034357043200
C_STABLE q=38 j=101 value=411610493361212659403148807521076157229850906012077840841555871690020499912092231135728529703795979343613815498825108650841231604379494136578074245596793036800
C_MARGIN q=38 j=101 stable_minus_bound=411610493355052818279014621341250612631165594694676111232575854973800296983548758460568261542246356358629772292125569504547950917834663202207777683562435993600
C_PAUSE_POLYNOMIAL q=39 j=103 value=650111319848417452756276732233928146944
C_BOUND q=39 j=103 value=2733430523158997837257588023757314238886307272450793167119206360889386321216504340585528577360119318240391185459286485921045578085956930681735198277632
C_STABLE q=39 j=103 value=4282289551634348924637847939334988424968279064470634107325427427198693919963603335170951595966612518329017210924868810539782025435994750151298214545404622338482176
C_MARGIN q=39 j=103 stable_minus_bound=4282289551631615494114688941497730836944521750231747800052976634031574713602713948849735091626026989751657091606628419354322738950073704573212257614722887140204544
C_PAUSE_POLYNOMIAL q=40 j=105 value=1121984269071048889070437519272118845440
C_BOUND q=40 j=105 value=1217099681794754603390465319562121420146270481696796282355687057051915212587925158961534992150012295838030686937534349448528007228019392139542827850792960
C_STABLE q=40 j=105 value=46316141414884575423512785844162280630709788031116921318799724057086479691262256432796102653529534725713620769686359379513356753716801539842697912580411248909753679872
C_MARGIN q=40 j=105 stable_minus_bound=46316141414883358323830991089558890165390225909696775048318027260804124004205204517583514728370573190721470757390521348826419219367353011835469893188271706081902886912
C_PAUSE_POLYNOMIAL q=41 j=107 value=1913847194781341639765142715539163971584
C_BOUND q=41 j=107 value=543935400858947805505085743228674527609970253417955916797576518622269302444098014377731971632618580122475114766881661126565910845046905453388045942553313280
C_STABLE q=41 j=107 value=520396248607814162823456898918379242662159520014922891460847538248496570078711464872539542588223937759635147514645265440959527603143327399996834507442932239739359563292672
C_MARGIN q=41 j=107 stable_minus_bound=520396248607813618888056039970573737576416291340395281490594120292579772502192842603237098490209560027663514896065142965844760721482200834085989460537478851693417009979392
C_PAUSE_POLYNOMIAL q=42 j=109 value=3228216961546034014455968288751254241280
C_BOUND q=42 j=109 value=244052823580425644907277992113882015655305657071614046304284351667478566190156877271650365699259068638626432732447100720781749725551540861728696815279480504320
C_STABLE q=42 j=109 value=6069768027148561641469987059305686919203463935482378676309774609903066670384315995954019357614659612429643828463793589394277088897664037260809509238174080460544151479940759552
C_MARGIN q=42 j=109 stable_minus_bound=6069768027148561397417163478880042011925471821600363021004117538289020366099964328475453167457782340779278129204724950767844356450563316479059783686633218731847336200460255232
C_PAUSE_POLYNOMIAL q=43 j=111 value=5387080268270936355857978319768905580544
C_BOUND q=43 j=111 value=109960771483602466344292817171447572924476738066847797893761639627507718565134915124575592160609565923950721249058624419350188653697088625787276134316220480487424
C_STABLE q=43 j=111 value=73442633136598658548124378676446602820000468916554313883241994137346874668889600876843674617252173635906655194082377194387500159554849826514192112771516579240202629368874792632320
C_MARGIN q=43 j=111 stable_minus_bound=73442633136598658438163607192844136475707651745106740958765256070499076775127961249335956052117258511331063033472811270436778910496225407164003459074427953452926495052654312144896
C_PAUSE_POLYNOMIAL q=44 j=113 value=8897492608787993868254394228067155312640
C_BOUND q=44 j=113 value=49762478201879074102631343152918197057275129969785702933039381909419660539272946550825612674502690285987066814414921739660063454440245085553225978777942928559964160
C_STABLE q=44 j=113 value=921245524013205551953790796065493296349092921023810650909335415790034481011794042283351062084712123074233550814203300034097477216895548794907025567623984288145900832855275715413540864
C_MARGIN q=44 j=113 stable_minus_bound=921245524013205551904028317863614222246461577870892453852060285820248778078754660373931401545439176523407938139700609748110410402480627055246962113183739202592674854077332786853576704
C_PAUSE_POLYNOMIAL q=45 j=115 value=14550646558193869490293003471973100027904
C_BOUND q=45 j=115 value=22623559960970406351414497350931975419962134152544699894771160425626780336059739127060180603467151758647408255611969902763644246037980089389771163173048433875739475968
C_STABLE q=45 j=115 value=11972270293412322391994921932842445378436419770745676696427199701976419385413104982266407771772452333294442442481875622546567042855881110775485163551155342543028775541266602323858313822208
C_MARGIN q=45 j=115 stable_minus_bound=11972270293412322391972298372881474972085005273394744721007237567823874685518333821840780991436392594167382261878408470787919634600269140872721519305117362453639004378093553889982574346240
C_PAUSE_POLYNOMIAL q=46 j=117 value=23570246115045439129108320722056212643840
C_BOUND q=46 j=117 value=10334545782662105206042044479881777761015087712879595565829383571114557790047141465455947407520563340643140646037415250984302083865344103432341595389107464903742141235200
C_STABLE q=46 j=117 value=161095796530604867861834758162849814753237539756573601164642589647241887203915028713352877738914290480496410841129833893555981855713712244796428058512322352934926539247687883774493032961835008
C_MARGIN q=46 j=117 stable_minus_bound=161095796530604867861824423617067152648031497712093719386881574559529007608349199329781763181124243339030954893722313330215338715067674829545443756428457008831494197652298776309589290820599808
C_PAUSE_POLYNOMIAL q=47 j=119 value=37832957795248335618617112623112377073664
C_BOUND q=47 j=119 value=4744201649522046743128897955523721115326454065113691612303338866054668563507403917004902962600842821448541657589301887509178163634059224560744679249030018662619957489041408
C_STABLE q=47 j=119 value=2243056546216084944751807745638699273025813720122239874458621253633263375191003996496612853058646621769173351268489508691967467386340315670051673487899295225113750085040881548965456936437184626688
C_MARGIN q=47 j=119 stable_minus_bound=2243056546216084944751803001437049750979070591224284350737505927179198261499391693157746798390083114365256346365526907849146018844682726368164164309735661165889189340361632518946794316479695585280
C_PAUSE_POLYNOMIAL q=48 j=121 value=60193445195613404452996443326105339822080
C_BOUND q=48 j=121 value=2188968930482904179601280080255650015003135852117502019742898809893092043729058387461303629686440233901722692627027485306916315806807419662294048187804066740632263826278973440
C_STABLE q=48 j=121 value=32299439121457320747514179580679431949306271614447110075187137000810864204407156589052117663533963105573209831460971334960571734004726624722805948165819595162258671792598758873674930864325975619010560
C_MARGIN q=48 j=121 stable_minus_bound=32299439121457320747514177391710501466402092013167029819537121997675012086905136846153307770441919376514822370157341648520337832282033997695320641249503788354839009498550571069608190232062149340037120
C_PAUSE_POLYNOMIAL q=49 j=123 value=94960073805735595991098655183408918953984
C_BOUND q=49 j=123 value=1015262493777137048941928435752227553654255388882950549993054319184850026194855397023953697997281987721605910869408646030384490295201180943594124764194137628570685757384376188928
C_STABLE q=49 j=123 value=480736573437627632444442336999710486535491647658964961524693053349221486065013558636284744341601480609773718026504994171361090118086144713850040809077816902989122641978755431992835948651719500266001760256
C_MARGIN q=49 j=123 stable_minus_bound=480736573437627632444442335984447992758354598717036525772465499694966097182063008643230425156751454414918321002551296174079102396480233844441394778693326607787941698384630667798698320081033742881625571328
C_PAUSE_POLYNOMIAL q=50 j=125 value=148586194263139130728563524945902588395520
C_BOUND q=50 j=125 value=473403660880898708291700011439695067926285418820232648412584331385256146405782817716837046185399918563058996057279778461155409751642895230080037784151137636321406576242948015390720
C_STABLE q=50 j=125 value=7391682389000089802339052812312253447680060075916531891031967439078360635099660803541394744980493740331839183408104563532972196335175457342521593397654022999948060360271904849241157645258451098070726042386432
C_MARGIN q=50 j=125 stable_minus_bound=7391682389000089802339052811838849786799161367624831879592272371152075216279428155128810413595237593926056365691267517347572277772116461285241814936498613248305165130191867065090020008937044521827778026995712
C_PAUSE_POLYNOMIAL q=51 j=127 value=230667838351478041798202113726030595227648
C_BOUND q=51 j=127 value=221945706151696005922978746161098408483800887238761484950773458946327316654614393499145590177808427845444818484609418542201723792415844331663240084918199214499310012887578193376051200
C_STABLE q=51 j=127 value=117348456612109982890333740601748666131785735237866493663972618089731670635910637676035574778962059677856829374442966122053491293258643596081595471812364122953960123084075399675246194247556278990156905605735186432
C_MARGIN q=51 j=127 stable_minus_bound=117348456612109982890333740601526720425634039231943514917811519681247869748671876191084801320015732361202214980943820531875682865413198777596986053270162399161544278752412159590327995033056968977269327412359135232
C_PAUSE_POLYNOMIAL q=52 j=129 value=355374164207232412053046237485559762124800
C_BOUND q=52 j=129 value=104632499686395982717751147405813929269995843204226783455091687388611814934488531069671589278858150722424658260114572477169346383634627589739633877700173169006862520233706560846351564800
C_STABLE q=52 j=129 value=1922607071870099047776047162593793163979044462501466120393600768660124883936149911962308793072429946521827652790149045274399005074495952747067167762466515875147148458130983919427529224310283142333176033918370648686592
C_MARGIN q=52 j=129 stable_minus_bound=1922607071870099047776047162593688531479358066518748369246194954730854888092945685178853701385041334706893164259079373685120146923773528088807053189989346528763513830541244285549829051141276279812942327357524297121792
C_PAUSE_POLYNOMIAL q=53 j=131 value=543485326228885150584532144126367962759168
C_BOUND q=53 j=131 value=49605508086088651104483083976010247738387771044990339144847484582197597270435112807444426770792246672749195930401234362806183573557556257615376970585302584088602284120222669213243877097472
C_STABLE q=53 j=131 value=32491567507955082463681564380506379361607447939437228088162206698252080750892834614423028378653484008420203445504688807048311864112145642350529299498587500675194432337637485726498027122051712672013747358214710628265820160
C_MARGIN q=53 j=131 stable_minus_bound=32491567507955082463681564380506329756099361850786123605078230688004342363121789624083883531168901810822933010391881362621541071865472893154598898264224694491620874781379870349527441819467624069729627135545497384388722688
C_PAUSE_POLYNOMIAL q=54 j=133 value=825277901933613159407929980558882667233280
C_BOUND q=54 j=133 value=23652202781871161899329944590377821485585506280705668983149511468197706319673848926459116110283928524978620125439070943080918439373641044786819563964688515741907364942293439077141053314170880
C_STABLE q=54 j=133 value=566124760447716687947008385494882991682625005595900118181225711749180426462795123187900527740477713529819790174661483954562152954693060037163312712603188625788663909230970736428677621396009404767730328525162826271060208779264
C_MARGIN q=54 j=133 stable_minus_bound=566124760447716687947008385494882968030422223724738218851281121371358940877288842482231544590966245332113470500812557495446042670764535058543187273532245544870224535589925949609113656707493662860365386231723749130006894608384
C_PAUSE_POLYNOMIAL q=55 j=135 value=1244586175355712284672662269264877257228288
C_BOUND q=55 j=135 value=11342874660813613826294037630421075903204275523355928842060691115883163670969498354507935514933031606832779791242117767238637882467321255731614076792247542845463992899548487419278563870039343104
C_STABLE q=55 j=135 value=10165191425994752876422337440716385533948598480406164555807066130636231078397196951078885814107546001269101071159661539950412533576539923325171117818997051099907622857767643908583387208960211952505552468018699422959961683071991808
C_MARGIN q=55 j=135 stable_minus_bound=10165191425994752876422337440716385522605723819592550729513028500215155175192921427722956972046854885385937400190163185442477018643508316492391326576879283861269740390446388176969310416712669107041559568470212003681397813032648704
C_PAUSE_POLYNOMIAL q=56 j=137 value=1864485727473122212483823931436168286044160
C_BOUND q=56 j=137 value=5471580223295062200326930332413268952857466087993645736186317423053100766121586315995445591262033950585779663510078273913070397700655517683859586546910428710443620096328791754094540376125525196800
C_STABLE q=56 j=137 value=188012781990683033386658460821740358242779537908706879791052371823505829166654074353634842976876088845243146148359164853044687797858223428514285672526228242261894661145534994402658511364125917667661550235641779637575104358407545028608
C_MARGIN q=56 j=137 stable_minus_bound=188012781990683033386658460821740358237307957685411817590725441491092560213796608265641197240689771422190045382237578537049242206596189477928506009016149968348824263444879476718798924817215488957217930139312987883480563982282019831808
C_PAUSE_POLYNOMIAL q=57 j=139 value=2775203333705242089089334506800809412395008
C_BOUND q=57 j=139 value=2655007817598159807639940733205107554990051704472861072339762791085283815586174994082549643990602831132426588835579788714478273930983365323242287434001900726076859476828695229590957043282852051943424
C_STABLE q=57 j=139 value=3580467372446220814152304752927059603961612767546312876955304904694428260440579229359243412814009370428896954472829994606360489228348429172781382188692298024811120846009049653287319904333530530967164385866326698276194987371210012084011008
C_MARGIN q=57 j=139 stable_minus_bound=3580467372446220814152304752927059603958957759728714717147664963961223152885589177654770551741669607637811670657243819612277939584357826341648955599856718236096642572078066287964077616899528630241087526389498003046604030327927160032067584
C_PAUSE_POLYNOMIAL q=58 j=141 value=4105066251980629155191870424941471612272640
C_BOUND q=58 j=141 value=1295999414027743786426531829301023648862986917377628914711277971871528535352173807695643504633877617115545435350307971503104288981561051712815149563575357663445165563619133401331154862520569082811514880
C_STABLE q=58 j=141 value=70176245780667169039660641024950160871815808823186882788460480555971640465620136390180363441573968429682273966258600349801590846499587497409811396359592847179805301171711457316872415653970730855920045547236004213664387943331986864127031377920
C_MARGIN q=58 j=141 stable_minus_bound=70176245780667169039660641024950160871814512823772855044674054024142339441971273403262985812659257151710402437723248175993895202994953619792695850924242539208302196882729896265159600504407155498256600381672385080263056788469466295044219863040
C_PAUSE_POLYNOMIAL q=59 j=143 value=6035580177644924306983708262908042755964928
C_BOUND q=59 j=143 value=636428815228735024669544053374178612219977968846097607999128243875749554873684276337586747627516270193286492287528023100337851084382002364086081011592713554885445931292410973500163125915164567097000853504
C_STABLE q=59 j=143 value=1415015897186040195814710359626221483641510992733391588172427879981841592264956140058743546502457706042037418977745095549467150784663937908516087294516134064261244575406954258461303309135391998938703586202786861913919446338207168660963221537816576
C_MARGIN q=59 j=143 stable_minus_bound=1415015897186040195814710359626221483641510356304576359437403210437788218086343920080774700404849706913793543228190221865190813197916310392245894008023846536238144237555869876458939223054380406225148700756855569502945946175081253496396124536963072
C_PAUSE_POLYNOMIAL q=60 j=145 value=8822088353065283435060801970710521598443520
C_BOUND q=60 j=145 value=314426132994329077849326950552359271494677793907477499758978332104282637829090115003625134488209962742897194043485349027469299286090147286553426288157249806250366726144238342098766788425983282003907895623680
C_STABLE q=60 j=145 value=29341408362910814023208684901539056904326734237499938658341147105231401451505916941808435479931154100883330800551481621669515656434095143531849206790332763918110092478840725834375947374273690606708425733239248636018601301776667173242432554945921155072
C_MARGIN q=60 j=145 stable_minus_bound=29341408362910814023208684901539056904326733923073805664012069255904450899146645447130641572453654341904998696268843792579400652808960655321886463893138720432761065009541439744228660820847402449458619482872522491780259203009878747259150551038025531392
C_PAUSE_POLYNOMIAL q=61 j=147 value=12821939899535888663003786654326644694581248
C_BOUND q=61 j=147 value=156288421366766481625319386582819227260073332038843328058295583402316441860179204536759819502168252367654267547410286997867727718332167908944895184194036923989265388025488782101135189387666809608030975678218240
C_STABLE q=61 j=147 value=625433971413586789951272620870545357688048891510320578689044931388172124380800090792979060666360049223784868513813952325346559662630499058267342413213206437634561074364844507703841626481492426075759738908336288069070834211057609026181063070948848110927872
C_MARGIN q=61 j=147 stable_minus_bound=625433971413586789951272620870545357688048891354032157322278449762852737797980863532905728627516721165489285111497510465167355125870679556099090045558938890224274076497116789371673717536597241881722814919070900043582052109922419638514253462917872432709632
C_PAUSE_POLYNOMIAL q=62 j=149 value=18532715539394626734029159870149216226508800
C_BOUND q=62 j=149 value=78160614559733488984334270254456504470795677231100899993017383345664449942955420968293490936395238162245234101627432658839739021283462015422846846452218488089354716122513287700997821505837374989748077306524467200
C_STABLE q=62 j=149 value=13699346116150342953286001332419072291155123064168779621331574472367299622939451338105741178281563329262639053784220269900761279731242776775356306249552023714434935424093853193946195199522672325980813615670068865841877818878575589656602123941318063040888307712
C_MARGIN q=62 j=149 stable_minus_bound=13699346116150342953286001332419072291155123064090619006771840983382965352684994833634945501050462429269621670438555819957805858762949285838961068087306789612807502765254114172662733184099825479528595127580714149719364531177577768150764748951569985734363840512
C_PAUSE_POLYNOMIAL q=63 j=151 value=26643864127563813718862612702497080520736768
C_BOUND q=63 j=151 value=39329090980702798444550331892708900169180559180575090294192272068180328040082552848939064944621151160331772813184016202696855262727549365202619703523916948089896772325650959546836504144500923906080458027034275217408
C_STABLE q=63 j=151 value=308231792878096742189917625001089406902867307567187030874210134300953019600974715651221318135454085472577005832236350872838650470592401203808788513055906413103457737215025090897061160039672693635297061450134451026074377844415662852122194472029104155916934958284800
C_MARGIN q=63 j=151 stable_minus_bound=308231792878096742189917625001089406902867307567147701783229431502508469269082006751052137576273510382282813560168170544798567917743462138864167361895574640290273721012328235634333610674470073931773144502044554253748726884868826347977693548123023697889900683067392
SUMMARY failures=0
__EXIT_STATUS=0
__EXIT_STATUS=0
BC_TWENTYFIFTH_FRONTIER_GMP b_cases=3 c_fpf_cases=10 c_arithmetic_cases=33 run_b=1 run_c=0 b_q_min=15 b_q_max=17 omp_max_threads=8
B_LOWER_BOX_RATIONAL numerator=31562069652058651724050564331116427866898930990810385836335683810816344863875220220375406369645430784395169909 denominator=327680000000000000000000000000000000000000000000000000000000000000000000000000000000000000000 ceil=96319792639339148
B_ABSORPTION_BASE q=44 left=1631698339603928414165194585139136415150069360512059164383537511536124994126576640000000000000000000000000000000000000000000000000000000000000000000000000000000000000000000000000000 right=197450685722107402353682037275992488341277868034975337796656295094902858969771811440894224355027779366597957338237853638272334919686385621811850780464277094400000000000000000000000000 margin=195818987382503473939516842690853351926127798674463278632272757583366733975645234800894224355027779366597957338237853638272334919686385621811850780464277094400000000000000000000000000
B_ABSORPTION_RATIO_BASE q=44 left=117990 right=124800 margin=6810
C_PAUSE_ABSORPTION_BASE q=64 P=38106144974042111076149000047527760958062592 central=95784491736452493294473263363363867621614750 margin=57678346762410382218324263315836106663552158
C_PAUSE_RATIO_BASE q=64 left=23870 right=33540 margin=9670
C_CENTRAL_RATIO_BASE q=64 left=23870 right=17550 margin=6320
B_CASE q=15 j=55 width_wall=30 terminal_shapes=9296
B_REVERSE_STEP q=15 after_removing_to=54 states=98284
B_REVERSE_STEP q=15 after_removing_to=49 states=1985027
B_REVERSE_STEP q=15 after_removing_to=44 states=4180968
B_REVERSE_STEP q=15 after_removing_to=39 states=4364144
B_REVERSE_STEP q=15 after_removing_to=34 states=2333093
B_REVERSE_STEP q=15 after_removing_to=29 states=711270
B_REVERSE_STEP q=15 after_removing_to=24 states=147273
B_REVERSE_STEP q=15 after_removing_to=19 states=26015
B_REVERSE_STEP q=15 after_removing_to=14 states=3718
B_REVERSE_STEP q=15 after_removing_to=9 states=385
B_REVERSE_STEP q=15 after_removing_to=4 states=22
B_REVERSE_STEP q=15 after_removing_to=1 states=2
B_REVERSE_STEP q=15 after_removing_to=0 states=1
B_BAD_COUNT q=15 j=55 value=4145931517461905557858975498460147368518189723816827644791522010
B_STABLE q=15 j=55 value=750570909947066995055424650776515840126350128467470982096962569159820928
B_MARGIN q=15 j=55 stable_minus_2bad=750570901655203960131613535058564843206055391431091534463307279576776908
B_CASE q=16 j=57 width_wall=32 terminal_shapes=9296
B_REVERSE_STEP q=16 after_removing_to=56 states=98284
B_REVERSE_STEP q=16 after_removing_to=54 states=693998
B_REVERSE_STEP q=16 after_removing_to=49 states=2892758
B_REVERSE_STEP q=16 after_removing_to=44 states=4983280
B_REVERSE_STEP q=16 after_removing_to=39 states=4448156
B_REVERSE_STEP q=16 after_removing_to=34 states=2335010
B_REVERSE_STEP q=16 after_removing_to=29 states=711277
B_REVERSE_STEP q=16 after_removing_to=24 states=147273
B_REVERSE_STEP q=16 after_removing_to=19 states=26015
B_REVERSE_STEP q=16 after_removing_to=14 states=3718
B_REVERSE_STEP q=16 after_removing_to=9 states=385
B_REVERSE_STEP q=16 after_removing_to=4 states=22
B_REVERSE_STEP q=16 after_removing_to=1 states=2
B_REVERSE_STEP q=16 after_removing_to=0 states=1
B_BAD_COUNT q=16 j=57 value=381825147256219851645212554161959212798369909875907096220856947944
B_STABLE q=16 j=57 value=2353592104550586210415883713512804843110090729070945949968821484337397744128
B_MARGIN q=16 j=57 stable_minus_2bad=2353592103786935915903444010222379734786172303474206130217007291895683848240
B_CASE q=17 j=59 width_wall=34 terminal_shapes=9296
B_REVERSE_STEP q=17 after_removing_to=58 states=98284
B_REVERSE_STEP q=17 after_removing_to=54 states=1537114
B_REVERSE_STEP q=17 after_removing_to=49 states=3802068
B_REVERSE_STEP q=17 after_removing_to=44 states=5668820
B_REVERSE_STEP q=17 after_removing_to=39 states=4490488
B_REVERSE_STEP q=17 after_removing_to=34 states=2335791
B_REVERSE_STEP q=17 after_removing_to=29 states=711278
B_REVERSE_STEP q=17 after_removing_to=24 states=147273
B_REVERSE_STEP q=17 after_removing_to=19 states=26015
B_REVERSE_STEP q=17 after_removing_to=14 states=3718
B_REVERSE_STEP q=17 after_removing_to=9 states=385
B_REVERSE_STEP q=17 after_removing_to=4 states=22
B_REVERSE_STEP q=17 after_removing_to=1 states=2
B_REVERSE_STEP q=17 after_removing_to=0 states=1
B_BAD_COUNT q=17 j=59 value=31262241721162037041241938421324025149111199451620716290903589710968
B_STABLE q=17 j=59 value=7916863333164200256454983215209254526609310199558104449501306276786388759640448
B_MARGIN q=17 j=59 stable_minus_2bad=7916863333101675773012659141126770649766662149259882050598064844204581580218512
SUMMARY failures=0
__EXIT_STATUS=0
__SHELL_STATUS=0
BC_TWENTYFIFTH_FRONTIER_GMP b_cases=3 c_fpf_cases=10 c_arithmetic_cases=33 run_b=1 run_c=0 b_q_min=18 b_q_max=20 omp_max_threads=8
B_LOWER_BOX_RATIONAL numerator=31562069652058651724050564331116427866898930990810385836335683810816344863875220220375406369645430784395169909 denominator=327680000000000000000000000000000000000000000000000000000000000000000000000000000000000000000 ceil=96319792639339148
B_ABSORPTION_BASE q=44 left=1631698339603928414165194585139136415150069360512059164383537511536124994126576640000000000000000000000000000000000000000000000000000000000000000000000000000000000000000000000000000 right=197450685722107402353682037275992488341277868034975337796656295094902858969771811440894224355027779366597957338237853638272334919686385621811850780464277094400000000000000000000000000 margin=195818987382503473939516842690853351926127798674463278632272757583366733975645234800894224355027779366597957338237853638272334919686385621811850780464277094400000000000000000000000000
B_ABSORPTION_RATIO_BASE q=44 left=117990 right=124800 margin=6810
C_PAUSE_ABSORPTION_BASE q=64 P=38106144974042111076149000047527760958062592 central=95784491736452493294473263363363867621614750 margin=57678346762410382218324263315836106663552158
C_PAUSE_RATIO_BASE q=64 left=23870 right=33540 margin=9670
C_CENTRAL_RATIO_BASE q=64 left=23870 right=17550 margin=6320
B_CASE q=18 j=61 width_wall=36 terminal_shapes=9296
B_REVERSE_STEP q=18 after_removing_to=60 states=98284
B_REVERSE_STEP q=18 after_removing_to=59 states=346686
B_REVERSE_STEP q=18 after_removing_to=54 states=2438749
B_REVERSE_STEP q=18 after_removing_to=49 states=4706615
B_REVERSE_STEP q=18 after_removing_to=44 states=6172636
B_REVERSE_STEP q=18 after_removing_to=39 states=4511188
B_REVERSE_STEP q=18 after_removing_to=34 states=2336086
B_REVERSE_STEP q=18 after_removing_to=29 states=711278
B_REVERSE_STEP q=18 after_removing_to=24 states=147273
B_REVERSE_STEP q=18 after_removing_to=19 states=26015
B_REVERSE_STEP q=18 after_removing_to=14 states=3718
B_REVERSE_STEP q=18 after_removing_to=9 states=385
B_REVERSE_STEP q=18 after_removing_to=4 states=22
B_REVERSE_STEP q=18 after_removing_to=1 states=2
B_REVERSE_STEP q=18 after_removing_to=0 states=1
B_BAD_COUNT q=18 j=61 value=2303513684154537786512596537819715085137130432054160558264571499792840
B_STABLE q=18 j=61 value=28498624571845034398726355851930572188102264622234847765953001676047745973229505280
B_MARGIN q=18 j=61 stable_minus_2bad=28498624571840427371358046776357546995026625192064573505088893354931216830229919600
B_CASE q=19 j=63 width_wall=38 terminal_shapes=9296
B_REVERSE_STEP q=19 after_removing_to=62 states=98284
B_REVERSE_STEP q=19 after_removing_to=59 states=1101297
B_REVERSE_STEP q=19 after_removing_to=54 states=3350008
B_REVERSE_STEP q=19 after_removing_to=49 states=5598716
B_REVERSE_STEP q=19 after_removing_to=44 states=6476799
B_REVERSE_STEP q=19 after_removing_to=39 states=4520966
B_REVERSE_STEP q=19 after_removing_to=34 states=2336187
B_REVERSE_STEP q=19 after_removing_to=29 states=711278
B_REVERSE_STEP q=19 after_removing_to=24 states=147273
B_REVERSE_STEP q=19 after_removing_to=19 states=26015
B_REVERSE_STEP q=19 after_removing_to=14 states=3718
B_REVERSE_STEP q=19 after_removing_to=9 states=385
B_REVERSE_STEP q=19 after_removing_to=4 states=22
B_REVERSE_STEP q=19 after_removing_to=1 states=2
B_REVERSE_STEP q=19 after_removing_to=0 states=1
B_BAD_COUNT q=19 j=63 value=154331061421702794859302866377271197814492106835326405573603958567232701
B_STABLE q=19 j=63 value=109541225789834175931658495496403519547416502620151868387334469329758036511863218119936
B_MARGIN q=19 j=63 stable_minus_2bad=109541225789833867269535652090813800941683748077756239403120798676946889303946083654534
B_CASE q=20 j=65 width_wall=40 terminal_shapes=9296
B_REVERSE_STEP q=20 after_removing_to=64 states=98284
B_REVERSE_STEP q=20 after_removing_to=59 states=1985389
B_REVERSE_STEP q=20 after_removing_to=54 states=4262219
B_REVERSE_STEP q=20 after_removing_to=49 states=6462197
B_REVERSE_STEP q=20 after_removing_to=44 states=6639184
B_REVERSE_STEP q=20 after_removing_to=39 states=4525401
B_REVERSE_STEP q=20 after_removing_to=34 states=2336217
B_REVERSE_STEP q=20 after_removing_to=29 states=711278
B_REVERSE_STEP q=20 after_removing_to=24 states=147273
B_REVERSE_STEP q=20 after_removing_to=19 states=26015
B_REVERSE_STEP q=20 after_removing_to=14 states=3718
B_REVERSE_STEP q=20 after_removing_to=9 states=385
B_REVERSE_STEP q=20 after_removing_to=4 states=22
B_REVERSE_STEP q=20 after_removing_to=1 states=2
B_REVERSE_STEP q=20 after_removing_to=0 states=1
B_BAD_COUNT q=20 j=65 value=9484773290242459222057202928554516041650527645222023360762614503785816096
B_STABLE q=20 j=65 value=448652128232881537732129952277792373763923626445924353990403553556345456494626112650043392
B_MARGIN q=20 j=65 stable_minus_2bad=448652128232881518762583371792873929649517769336892270689348263112298734969397105078411200
SUMMARY failures=0
__EXIT_STATUS=0
__SHELL_STATUS=0
BC_TWENTYFIFTH_FRONTIER_GMP b_cases=3 c_fpf_cases=10 c_arithmetic_cases=33 run_b=1 run_c=0 b_q_min=21 b_q_max=23 omp_max_threads=8
B_LOWER_BOX_RATIONAL numerator=31562069652058651724050564331116427866898930990810385836335683810816344863875220220375406369645430784395169909 denominator=327680000000000000000000000000000000000000000000000000000000000000000000000000000000000000000 ceil=96319792639339148
B_ABSORPTION_BASE q=44 left=1631698339603928414165194585139136415150069360512059164383537511536124994126576640000000000000000000000000000000000000000000000000000000000000000000000000000000000000000000000000000 right=197450685722107402353682037275992488341277868034975337796656295094902858969771811440894224355027779366597957338237853638272334919686385621811850780464277094400000000000000000000000000 margin=195818987382503473939516842690853351926127798674463278632272757583366733975645234800894224355027779366597957338237853638272334919686385621811850780464277094400000000000000000000000000
B_ABSORPTION_RATIO_BASE q=44 left=117990 right=124800 margin=6810
C_PAUSE_ABSORPTION_BASE q=64 P=38106144974042111076149000047527760958062592 central=95784491736452493294473263363363867621614750 margin=57678346762410382218324263315836106663552158
C_PAUSE_RATIO_BASE q=64 left=23870 right=33540 margin=9670
C_CENTRAL_RATIO_BASE q=64 left=23870 right=17550 margin=6320
B_CASE q=21 j=67 width_wall=42 terminal_shapes=9296
B_REVERSE_STEP q=21 after_removing_to=66 states=98284
B_REVERSE_STEP q=21 after_removing_to=64 states=693998
B_REVERSE_STEP q=21 after_removing_to=59 states=2894084
B_REVERSE_STEP q=21 after_removing_to=54 states=5173826
B_REVERSE_STEP q=21 after_removing_to=49 states=7264510
B_REVERSE_STEP q=21 after_removing_to=44 states=6723196
B_REVERSE_STEP q=21 after_removing_to=39 states=4527318
B_REVERSE_STEP q=21 after_removing_to=34 states=2336224
B_REVERSE_STEP q=21 after_removing_to=29 states=711278
B_REVERSE_STEP q=21 after_removing_to=24 states=147273
B_REVERSE_STEP q=21 after_removing_to=19 states=26015
B_REVERSE_STEP q=21 after_removing_to=14 states=3718
B_REVERSE_STEP q=21 after_removing_to=9 states=385
B_REVERSE_STEP q=21 after_removing_to=4 states=22
B_REVERSE_STEP q=21 after_removing_to=1 states=2
B_REVERSE_STEP q=21 after_removing_to=0 states=1
B_BAD_COUNT q=21 j=67 value=538765609706049811735637740933424335650982597262166834434347342128085157340
B_STABLE q=21 j=67 value=1954211164681443257926522972458391584067198254211562226984238146980200166454946504992361742592
B_MARGIN q=21 j=67 stable_minus_2bad=1954211164681443256848991753046291960595922772344713555682272952455866497586251820736191427912
B_CASE q=22 j=69 width_wall=44 terminal_shapes=9296
B_REVERSE_STEP q=22 after_removing_to=68 states=98284
B_REVERSE_STEP q=22 after_removing_to=64 states=1537115
B_REVERSE_STEP q=22 after_removing_to=59 states=3806306
B_REVERSE_STEP q=22 after_removing_to=54 states=6083485
B_REVERSE_STEP q=22 after_removing_to=49 states=7950050
B_REVERSE_STEP q=22 after_removing_to=44 states=6765528
B_REVERSE_STEP q=22 after_removing_to=39 states=4528099
B_REVERSE_STEP q=22 after_removing_to=34 states=2336225
B_REVERSE_STEP q=22 after_removing_to=29 states=711278
B_REVERSE_STEP q=22 after_removing_to=24 states=147273
B_REVERSE_STEP q=22 after_removing_to=19 states=26015
B_REVERSE_STEP q=22 after_removing_to=14 states=3718
B_REVERSE_STEP q=22 after_removing_to=9 states=385
B_REVERSE_STEP q=22 after_removing_to=4 states=22
B_REVERSE_STEP q=22 after_removing_to=1 states=2
B_REVERSE_STEP q=22 after_removing_to=0 states=1
B_BAD_COUNT q=22 j=69 value=28472554463555590153447734908385862845491061556375669678159717963940642743534
B_STABLE q=22 j=69 value=9035761317088612444238991255468019455529981888205233547194765799344522272227693822804440755123712
B_MARGIN q=22 j=69 stable_minus_2bad=9035761317088612444182046146540908275223086418388461821503783676231770932871374386876559469636644
B_CASE q=23 j=71 width_wall=46 terminal_shapes=9296
B_REVERSE_STEP q=23 after_removing_to=70 states=98284
B_REVERSE_STEP q=23 after_removing_to=69 states=346686
B_REVERSE_STEP q=23 after_removing_to=64 states=2438762
B_REVERSE_STEP q=23 after_removing_to=59 states=4718853
B_REVERSE_STEP q=23 after_removing_to=54 states=6988045
B_REVERSE_STEP q=23 after_removing_to=49 states=8453866
B_REVERSE_STEP q=23 after_removing_to=44 states=6786228
B_REVERSE_STEP q=23 after_removing_to=39 states=4528394
B_REVERSE_STEP q=23 after_removing_to=34 states=2336225
B_REVERSE_STEP q=23 after_removing_to=29 states=711278
B_REVERSE_STEP q=23 after_removing_to=24 states=147273
B_REVERSE_STEP q=23 after_removing_to=19 states=26015
B_REVERSE_STEP q=23 after_removing_to=14 states=3718
B_REVERSE_STEP q=23 after_removing_to=9 states=385
B_REVERSE_STEP q=23 after_removing_to=4 states=22
B_REVERSE_STEP q=23 after_removing_to=1 states=2
B_REVERSE_STEP q=23 after_removing_to=0 states=1
B_BAD_COUNT q=23 j=71 value=1407999823983756896957975237043370441410192679057679962625726147821044728467240
B_STABLE q=23 j=71 value=44272870337243698081214185227207892678077895911020322840262089997508206015789182033584431273635427840
B_MARGIN q=23 j=71 stable_minus_2bad=44272870337243698081211369227559925164283979960546236099379269612150090655863930581288789184178493360
SUMMARY failures=0
__EXIT_STATUS=0
__SHELL_STATUS=0
BC_TWENTYFIFTH_FRONTIER_GMP b_cases=3 c_fpf_cases=10 c_arithmetic_cases=33 run_b=1 run_c=0 b_q_min=24 b_q_max=26 omp_max_threads=8
B_LOWER_BOX_RATIONAL numerator=31562069652058651724050564331116427866898930990810385836335683810816344863875220220375406369645430784395169909 denominator=327680000000000000000000000000000000000000000000000000000000000000000000000000000000000000000 ceil=96319792639339148
B_ABSORPTION_BASE q=44 left=1631698339603928414165194585139136415150069360512059164383537511536124994126576640000000000000000000000000000000000000000000000000000000000000000000000000000000000000000000000000000 right=197450685722107402353682037275992488341277868034975337796656295094902858969771811440894224355027779366597957338237853638272334919686385621811850780464277094400000000000000000000000000 margin=195818987382503473939516842690853351926127798674463278632272757583366733975645234800894224355027779366597957338237853638272334919686385621811850780464277094400000000000000000000000000
B_ABSORPTION_RATIO_BASE q=44 left=117990 right=124800 margin=6810
C_PAUSE_ABSORPTION_BASE q=64 P=38106144974042111076149000047527760958062592 central=95784491736452493294473263363363867621614750 margin=57678346762410382218324263315836106663552158
C_PAUSE_RATIO_BASE q=64 left=23870 right=33540 margin=9670
C_CENTRAL_RATIO_BASE q=64 left=23870 right=17550 margin=6320
B_CASE q=24 j=73 width_wall=48 terminal_shapes=9296
B_REVERSE_STEP q=24 after_removing_to=72 states=98284
B_REVERSE_STEP q=24 after_removing_to=69 states=1101297
B_REVERSE_STEP q=24 after_removing_to=64 states=3350089
B_REVERSE_STEP q=24 after_removing_to=59 states=5631357
B_REVERSE_STEP q=24 after_removing_to=54 states=7880146
B_REVERSE_STEP q=24 after_removing_to=49 states=8758029
B_REVERSE_STEP q=24 after_removing_to=44 states=6796006
B_REVERSE_STEP q=24 after_removing_to=39 states=4528495
B_REVERSE_STEP q=24 after_removing_to=34 states=2336225
B_REVERSE_STEP q=24 after_removing_to=29 states=711278
B_REVERSE_STEP q=24 after_removing_to=24 states=147273
B_REVERSE_STEP q=24 after_removing_to=19 states=26015
B_REVERSE_STEP q=24 after_removing_to=14 states=3718
B_REVERSE_STEP q=24 after_removing_to=9 states=385
B_REVERSE_STEP q=24 after_removing_to=4 states=22
B_REVERSE_STEP q=24 after_removing_to=1 states=2
B_REVERSE_STEP q=24 after_removing_to=0 states=1
B_BAD_COUNT q=24 j=73 value=65482513596139903435397956148551264351869178182153461043978953484141568164518232
B_STABLE q=24 j=73 value=229499010251335973773574243350048229283330134492962763370238833199597121641107164144808991322719436703744
B_MARGIN q=24 j=73 stable_minus_2bad=229499010251335973773574112385021037003523263697050466267710129461240757334185076186902023039583107667280
B_CASE q=25 j=75 width_wall=50 terminal_shapes=9296
B_REVERSE_STEP q=25 after_removing_to=74 states=98284
B_REVERSE_STEP q=25 after_removing_to=69 states=1985389
B_REVERSE_STEP q=25 after_removing_to=64 states=4262581
B_REVERSE_STEP q=25 after_removing_to=59 states=6543648
B_REVERSE_STEP q=25 after_removing_to=54 states=8743627
B_REVERSE_STEP q=25 after_removing_to=49 states=8920414
B_REVERSE_STEP q=25 after_removing_to=44 states=6800441
B_REVERSE_STEP q=25 after_removing_to=39 states=4528525
B_REVERSE_STEP q=25 after_removing_to=34 states=2336225
B_REVERSE_STEP q=25 after_removing_to=29 states=711278
B_REVERSE_STEP q=25 after_removing_to=24 states=147273
B_REVERSE_STEP q=25 after_removing_to=19 states=26015
B_REVERSE_STEP q=25 after_removing_to=14 states=3718
B_REVERSE_STEP q=25 after_removing_to=9 states=385
B_REVERSE_STEP q=25 after_removing_to=4 states=22
B_REVERSE_STEP q=25 after_removing_to=1 states=2
B_REVERSE_STEP q=25 after_removing_to=0 states=1
B_BAD_COUNT q=25 j=75 value=2877000945746070073513592998559095898913681456515908712069980686077444195516288104
B_STABLE q=25 j=75 value=1256676780468867042847317084437511663922571743602251232632894091548268778692545502922374370338071167240749568
B_MARGIN q=25 j=75 stable_minus_2bad=1256676780468867042847317078683509772430431596575065235514702293720905865660728078782412998183182776208173360
B_CASE q=26 j=77 width_wall=52 terminal_shapes=9296
B_REVERSE_STEP q=26 after_removing_to=76 states=98284
B_REVERSE_STEP q=26 after_removing_to=74 states=693998
B_REVERSE_STEP q=26 after_removing_to=69 states=2894084
B_REVERSE_STEP q=26 after_removing_to=64 states=5175152
B_REVERSE_STEP q=26 after_removing_to=59 states=7455256
B_REVERSE_STEP q=26 after_removing_to=54 states=9545940
B_REVERSE_STEP q=26 after_removing_to=49 states=9004426
B_REVERSE_STEP q=26 after_removing_to=44 states=6802358
B_REVERSE_STEP q=26 after_removing_to=39 states=4528532
B_REVERSE_STEP q=26 after_removing_to=34 states=2336225
B_REVERSE_STEP q=26 after_removing_to=29 states=711278
B_REVERSE_STEP q=26 after_removing_to=24 states=147273
B_REVERSE_STEP q=26 after_removing_to=19 states=26015
B_REVERSE_STEP q=26 after_removing_to=14 states=3718
B_REVERSE_STEP q=26 after_removing_to=9 states=385
B_REVERSE_STEP q=26 after_removing_to=4 states=22
B_REVERSE_STEP q=26 after_removing_to=1 states=2
B_REVERSE_STEP q=26 after_removing_to=0 states=1
B_BAD_COUNT q=26 j=77 value=119888756626776632089808575502343737859968173294893746848818950024528282238973333612
B_STABLE q=26 j=77 value=7258238000562610837751823684753927597931035259671566680425723838101729642262332770936508445458251496101223789568
B_MARGIN q=26 j=77 stable_minus_2bad=7258238000562610837751823684514150084677481995491949529421036362381793295672545277238870545409194931623277122344
SUMMARY failures=0
__EXIT_STATUS=0
__SHELL_STATUS=0
BC_TWENTYFIFTH_FRONTIER_GMP b_cases=3 c_fpf_cases=10 c_arithmetic_cases=33 run_b=1 run_c=0 b_q_min=27 b_q_max=29 omp_max_threads=8
B_LOWER_BOX_RATIONAL numerator=31562069652058651724050564331116427866898930990810385836335683810816344863875220220375406369645430784395169909 denominator=327680000000000000000000000000000000000000000000000000000000000000000000000000000000000000000 ceil=96319792639339148
B_ABSORPTION_BASE q=44 left=1631698339603928414165194585139136415150069360512059164383537511536124994126576640000000000000000000000000000000000000000000000000000000000000000000000000000000000000000000000000000 right=197450685722107402353682037275992488341277868034975337796656295094902858969771811440894224355027779366597957338237853638272334919686385621811850780464277094400000000000000000000000000 margin=195818987382503473939516842690853351926127798674463278632272757583366733975645234800894224355027779366597957338237853638272334919686385621811850780464277094400000000000000000000000000
B_ABSORPTION_RATIO_BASE q=44 left=117990 right=124800 margin=6810
C_PAUSE_ABSORPTION_BASE q=64 P=38106144974042111076149000047527760958062592 central=95784491736452493294473263363363867621614750 margin=57678346762410382218324263315836106663552158
C_PAUSE_RATIO_BASE q=64 left=23870 right=33540 margin=9670
C_CENTRAL_RATIO_BASE q=64 left=23870 right=17550 margin=6320
B_CASE q=27 j=79 width_wall=54 terminal_shapes=9296
B_REVERSE_STEP q=27 after_removing_to=78 states=98284
B_REVERSE_STEP q=27 after_removing_to=74 states=1537115
B_REVERSE_STEP q=27 after_removing_to=69 states=3806307
B_REVERSE_STEP q=27 after_removing_to=64 states=6087723
B_REVERSE_STEP q=27 after_removing_to=59 states=8364915
B_REVERSE_STEP q=27 after_removing_to=54 states=10231480
B_REVERSE_STEP q=27 after_removing_to=49 states=9046758
B_REVERSE_STEP q=27 after_removing_to=44 states=6803139
B_REVERSE_STEP q=27 after_removing_to=39 states=4528533
B_REVERSE_STEP q=27 after_removing_to=34 states=2336225
B_REVERSE_STEP q=27 after_removing_to=29 states=711278
B_REVERSE_STEP q=27 after_removing_to=24 states=147273
B_REVERSE_STEP q=27 after_removing_to=19 states=26015
B_REVERSE_STEP q=27 after_removing_to=14 states=3718
B_REVERSE_STEP q=27 after_removing_to=9 states=385
B_REVERSE_STEP q=27 after_removing_to=4 states=22
B_REVERSE_STEP q=27 after_removing_to=1 states=2
B_REVERSE_STEP q=27 after_removing_to=0 states=1
B_BAD_COUNT q=27 j=79 value=4755433453302025540806807094223694719079936824229588911800371943793040789295397920941
B_STABLE q=27 j=79 value=44157232836692700825063754574781471258472902212106712575675848416069538417621428543801846239411065327084446550596608
B_MARGIN q=27 j=79 stable_minus_2bad=44157232836692700825063754574771960391566298161025098961487401026631378543972969365978245495523479245505855754754726
B_CASE q=28 j=81 width_wall=56 terminal_shapes=9296
B_REVERSE_STEP q=28 after_removing_to=80 states=98284
B_REVERSE_STEP q=28 after_removing_to=79 states=346686
B_REVERSE_STEP q=28 after_removing_to=74 states=2438762
B_REVERSE_STEP q=28 after_removing_to=69 states=4718866
B_REVERSE_STEP q=28 after_removing_to=64 states=7000283
B_REVERSE_STEP q=28 after_removing_to=59 states=9269475
B_REVERSE_STEP q=28 after_removing_to=54 states=10735296
B_REVERSE_STEP q=28 after_removing_to=49 states=9067458
B_REVERSE_STEP q=28 after_removing_to=44 states=6803434
B_REVERSE_STEP q=28 after_removing_to=39 states=4528533
B_REVERSE_STEP q=28 after_removing_to=34 states=2336225
B_REVERSE_STEP q=28 after_removing_to=29 states=711278
B_REVERSE_STEP q=28 after_removing_to=24 states=147273
B_REVERSE_STEP q=28 after_removing_to=19 states=26015
B_REVERSE_STEP q=28 after_removing_to=14 states=3718
B_REVERSE_STEP q=28 after_removing_to=9 states=385
B_REVERSE_STEP q=28 after_removing_to=4 states=22
B_REVERSE_STEP q=28 after_removing_to=1 states=2
B_REVERSE_STEP q=28 after_removing_to=0 states=1
B_BAD_COUNT q=28 j=81 value=180122261004411799850782300882024397519889210366410200764974162892136015474289706437920
B_STABLE q=28 j=81 value=282594820649086173955053884185975495344284302013747456720221424840390801124013460633014245696009883791290384047386173440
B_MARGIN q=28 j=81 stable_minus_2bad=282594820649086173955053884185975135099762293190147755155619660791595761345592727812612715747684099519259435467973297600
B_CASE q=29 j=83 width_wall=58 terminal_shapes=9296
B_REVERSE_STEP q=29 after_removing_to=82 states=98284
B_REVERSE_STEP q=29 after_removing_to=79 states=1101297
B_REVERSE_STEP q=29 after_removing_to=74 states=3350089
B_REVERSE_STEP q=29 after_removing_to=69 states=5631438
B_REVERSE_STEP q=29 after_removing_to=64 states=7912787
B_REVERSE_STEP q=29 after_removing_to=59 states=10161576
B_REVERSE_STEP q=29 after_removing_to=54 states=11039459
B_REVERSE_STEP q=29 after_removing_to=49 states=9077236
B_REVERSE_STEP q=29 after_removing_to=44 states=6803535
B_REVERSE_STEP q=29 after_removing_to=39 states=4528533
B_REVERSE_STEP q=29 after_removing_to=34 states=2336225
B_REVERSE_STEP q=29 after_removing_to=29 states=711278
B_REVERSE_STEP q=29 after_removing_to=24 states=147273
B_REVERSE_STEP q=29 after_removing_to=19 states=26015
B_REVERSE_STEP q=29 after_removing_to=14 states=3718
B_REVERSE_STEP q=29 after_removing_to=9 states=385
B_REVERSE_STEP q=29 after_removing_to=4 states=22
B_REVERSE_STEP q=29 after_removing_to=1 states=2
B_REVERSE_STEP q=29 after_removing_to=0 states=1
B_BAD_COUNT q=29 j=83 value=6533814889183911337086297668211913451588726206575274598861572338785122326920449835991954
B_STABLE q=29 j=83 value=1900094241916970117931209240138935340233911259038165847124235988803945896886316841661389835985097568669023946721955405863936
B_MARGIN q=29 j=83 stable_minus_2bad=1900094241916970117931209240138935327166281480670343172951640652380118993708864428510840638261952891098779292881055733880028
SUMMARY failures=0
__EXIT_STATUS=0
__SHELL_STATUS=0
BC_TWENTYFIFTH_FRONTIER_GMP b_cases=3 c_fpf_cases=10 c_arithmetic_cases=33 run_b=1 run_c=0 b_q_min=30 b_q_max=32 omp_max_threads=8
B_LOWER_BOX_RATIONAL numerator=31562069652058651724050564331116427866898930990810385836335683810816344863875220220375406369645430784395169909 denominator=327680000000000000000000000000000000000000000000000000000000000000000000000000000000000000000 ceil=96319792639339148
B_ABSORPTION_BASE q=44 left=1631698339603928414165194585139136415150069360512059164383537511536124994126576640000000000000000000000000000000000000000000000000000000000000000000000000000000000000000000000000000 right=197450685722107402353682037275992488341277868034975337796656295094902858969771811440894224355027779366597957338237853638272334919686385621811850780464277094400000000000000000000000000 margin=195818987382503473939516842690853351926127798674463278632272757583366733975645234800894224355027779366597957338237853638272334919686385621811850780464277094400000000000000000000000000
B_ABSORPTION_RATIO_BASE q=44 left=117990 right=124800 margin=6810
C_PAUSE_ABSORPTION_BASE q=64 P=38106144974042111076149000047527760958062592 central=95784491736452493294473263363363867621614750 margin=57678346762410382218324263315836106663552158
C_PAUSE_RATIO_BASE q=64 left=23870 right=33540 margin=9670
C_CENTRAL_RATIO_BASE q=64 left=23870 right=17550 margin=6320
B_CASE q=30 j=85 width_wall=60 terminal_shapes=9296
B_REVERSE_STEP q=30 after_removing_to=84 states=98284
B_REVERSE_STEP q=30 after_removing_to=79 states=1985389
B_REVERSE_STEP q=30 after_removing_to=74 states=4262581
B_REVERSE_STEP q=30 after_removing_to=69 states=6544010
B_REVERSE_STEP q=30 after_removing_to=64 states=8825078
B_REVERSE_STEP q=30 after_removing_to=59 states=11025057
B_REVERSE_STEP q=30 after_removing_to=54 states=11201844
B_REVERSE_STEP q=30 after_removing_to=49 states=9081671
B_REVERSE_STEP q=30 after_removing_to=44 states=6803565
B_REVERSE_STEP q=30 after_removing_to=39 states=4528533
B_REVERSE_STEP q=30 after_removing_to=34 states=2336225
B_REVERSE_STEP q=30 after_removing_to=29 states=711278
B_REVERSE_STEP q=30 after_removing_to=24 states=147273
B_REVERSE_STEP q=30 after_removing_to=19 states=26015
B_REVERSE_STEP q=30 after_removing_to=14 states=3718
B_REVERSE_STEP q=30 after_removing_to=9 states=385
B_REVERSE_STEP q=30 after_removing_to=4 states=22
B_REVERSE_STEP q=30 after_removing_to=1 states=2
B_REVERSE_STEP q=30 after_removing_to=0 states=1
B_BAD_COUNT q=30 j=85 value=227576088845539798983484324827616614867063917040530292163791999671686785188166588936377358
B_STABLE q=30 j=85 value=13406572350450220333476929689717057966687138989819887038420149893866631339098472328960551305990254170640733808710917241753454592
B_MARGIN q=30 j=85 stable_minus_2bad=13406572350450220333476929689717057966231986812128807440453181244211398109364344494879490721662670171297360238334584063880699876
B_CASE q=31 j=87 width_wall=62 terminal_shapes=9296
B_REVERSE_STEP q=31 after_removing_to=86 states=98284
B_REVERSE_STEP q=31 after_removing_to=84 states=693998
B_REVERSE_STEP q=31 after_removing_to=79 states=2894084
B_REVERSE_STEP q=31 after_removing_to=74 states=5175152
B_REVERSE_STEP q=31 after_removing_to=69 states=7456582
B_REVERSE_STEP q=31 after_removing_to=64 states=9736686
B_REVERSE_STEP q=31 after_removing_to=59 states=11827370
B_REVERSE_STEP q=31 after_removing_to=54 states=11285856
B_REVERSE_STEP q=31 after_removing_to=49 states=9083588
B_REVERSE_STEP q=31 after_removing_to=44 states=6803572
B_REVERSE_STEP q=31 after_removing_to=39 states=4528533
B_REVERSE_STEP q=31 after_removing_to=34 states=2336225
B_REVERSE_STEP q=31 after_removing_to=29 states=711278
B_REVERSE_STEP q=31 after_removing_to=24 states=147273
B_REVERSE_STEP q=31 after_removing_to=19 states=26015
B_REVERSE_STEP q=31 after_removing_to=14 states=3718
B_REVERSE_STEP q=31 after_removing_to=9 states=385
B_REVERSE_STEP q=31 after_removing_to=4 states=22
B_REVERSE_STEP q=31 after_removing_to=1 states=2
B_REVERSE_STEP q=31 after_removing_to=0 states=1
B_BAD_COUNT q=31 j=87 value=7629243383042814630196006231888299575515378431998099393346712401121861451922225008034154330
B_STABLE q=31 j=87 value=99151536294250092657629161470485213770197136715316507939921207077238303542765927359811535550145058589089625641243772254545606305792
B_MARGIN q=31 j=87 stable_minus_2bad=99151536294250092657629161470485213770181878228550422310660815064774526943614896602947539351358365164287381918339927804529537997132
B_CASE q=32 j=89 width_wall=64 terminal_shapes=9296
B_REVERSE_STEP q=32 after_removing_to=88 states=98284
B_REVERSE_STEP q=32 after_removing_to=84 states=1537115
B_REVERSE_STEP q=32 after_removing_to=79 states=3806307
B_REVERSE_STEP q=32 after_removing_to=74 states=6087724
B_REVERSE_STEP q=32 after_removing_to=69 states=8369153
B_REVERSE_STEP q=32 after_removing_to=64 states=10646345
B_REVERSE_STEP q=32 after_removing_to=59 states=12512910
B_REVERSE_STEP q=32 after_removing_to=54 states=11328188
B_REVERSE_STEP q=32 after_removing_to=49 states=9084369
B_REVERSE_STEP q=32 after_removing_to=44 states=6803573
B_REVERSE_STEP q=32 after_removing_to=39 states=4528533
B_REVERSE_STEP q=32 after_removing_to=34 states=2336225
B_REVERSE_STEP q=32 after_removing_to=29 states=711278
B_REVERSE_STEP q=32 after_removing_to=24 states=147273
B_REVERSE_STEP q=32 after_removing_to=19 states=26015
B_REVERSE_STEP q=32 after_removing_to=14 states=3718
B_REVERSE_STEP q=32 after_removing_to=9 states=385
B_REVERSE_STEP q=32 after_removing_to=4 states=22
B_REVERSE_STEP q=32 after_removing_to=1 states=2
B_REVERSE_STEP q=32 after_removing_to=0 states=1
B_BAD_COUNT q=32 j=89 value=246703306024066097803373166592171570021148679547491900777820203439034237196358256869385924964
B_STABLE q=32 j=89 value=767803834154796949339700774490437588122613781359267986367214256079028239425483726922223026617722923299526509932305209620874990088200192
B_MARGIN q=32 j=89 stable_minus_2bad=767803834154796949339700774490437588122613287952655938235018649332695055082343684624863931633921367659119631863830816904361251316350264
SUMMARY failures=0
__EXIT_STATUS=0
__SHELL_STATUS=0
BC_TWENTYFIFTH_FRONTIER_GMP b_cases=3 c_fpf_cases=10 c_arithmetic_cases=33 run_b=1 run_c=0 b_q_min=33 b_q_max=35 omp_max_threads=8
B_LOWER_BOX_RATIONAL numerator=31562069652058651724050564331116427866898930990810385836335683810816344863875220220375406369645430784395169909 denominator=327680000000000000000000000000000000000000000000000000000000000000000000000000000000000000000 ceil=96319792639339148
B_ABSORPTION_BASE q=44 left=1631698339603928414165194585139136415150069360512059164383537511536124994126576640000000000000000000000000000000000000000000000000000000000000000000000000000000000000000000000000000 right=197450685722107402353682037275992488341277868034975337796656295094902858969771811440894224355027779366597957338237853638272334919686385621811850780464277094400000000000000000000000000 margin=195818987382503473939516842690853351926127798674463278632272757583366733975645234800894224355027779366597957338237853638272334919686385621811850780464277094400000000000000000000000000
B_ABSORPTION_RATIO_BASE q=44 left=117990 right=124800 margin=6810
C_PAUSE_ABSORPTION_BASE q=64 P=38106144974042111076149000047527760958062592 central=95784491736452493294473263363363867621614750 margin=57678346762410382218324263315836106663552158
C_PAUSE_RATIO_BASE q=64 left=23870 right=33540 margin=9670
C_CENTRAL_RATIO_BASE q=64 left=23870 right=17550 margin=6320
B_CASE q=33 j=91 width_wall=66 terminal_shapes=9296
B_REVERSE_STEP q=33 after_removing_to=90 states=98284
B_REVERSE_STEP q=33 after_removing_to=89 states=346686
B_REVERSE_STEP q=33 after_removing_to=84 states=2438762
B_REVERSE_STEP q=33 after_removing_to=79 states=4718866
B_REVERSE_STEP q=33 after_removing_to=74 states=7000296
B_REVERSE_STEP q=33 after_removing_to=69 states=9281713
B_REVERSE_STEP q=33 after_removing_to=64 states=11550905
B_REVERSE_STEP q=33 after_removing_to=59 states=13016726
B_REVERSE_STEP q=33 after_removing_to=54 states=11348888
B_REVERSE_STEP q=33 after_removing_to=49 states=9084664
B_REVERSE_STEP q=33 after_removing_to=44 states=6803573
B_REVERSE_STEP q=33 after_removing_to=39 states=4528533
B_REVERSE_STEP q=33 after_removing_to=34 states=2336225
B_REVERSE_STEP q=33 after_removing_to=29 states=711278
B_REVERSE_STEP q=33 after_removing_to=24 states=147273
B_REVERSE_STEP q=33 after_removing_to=19 states=26015
B_REVERSE_STEP q=33 after_removing_to=14 states=3718
B_REVERSE_STEP q=33 after_removing_to=9 states=385
B_REVERSE_STEP q=33 after_removing_to=4 states=22
B_REVERSE_STEP q=33 after_removing_to=1 states=2
B_REVERSE_STEP q=33 after_removing_to=0 states=1
B_BAD_COUNT q=33 j=91 value=7710283187893013835784344358602922029642325400191151143795062012174421286757753724395062592270
B_STABLE q=33 j=91 value=6219012485561720169125175711747072746616101573033681749973181063396653251833907992992299794612945668029683562597320420458909289083569428480
B_MARGIN q=33 j=91 stable_minus_2bad=6219012485561720169125175711747072746616101557613115374187153391827964534628063933707648994230643380439559538248477846943401840293444243940
B_CASE q=34 j=93 width_wall=68 terminal_shapes=9296
B_REVERSE_STEP q=34 after_removing_to=92 states=98284
B_REVERSE_STEP q=34 after_removing_to=89 states=1101297
B_REVERSE_STEP q=34 after_removing_to=84 states=3350089
B_REVERSE_STEP q=34 after_removing_to=79 states=5631438
B_REVERSE_STEP q=34 after_removing_to=74 states=7912868
B_REVERSE_STEP q=34 after_removing_to=69 states=10194217
B_REVERSE_STEP q=34 after_removing_to=64 states=12443006
B_REVERSE_STEP q=34 after_removing_to=59 states=13320889
B_REVERSE_STEP q=34 after_removing_to=54 states=11358666
B_REVERSE_STEP q=34 after_removing_to=49 states=9084765
B_REVERSE_STEP q=34 after_removing_to=44 states=6803573
B_REVERSE_STEP q=34 after_removing_to=39 states=4528533
B_REVERSE_STEP q=34 after_removing_to=34 states=2336225
B_REVERSE_STEP q=34 after_removing_to=29 states=711278
B_REVERSE_STEP q=34 after_removing_to=24 states=147273
B_REVERSE_STEP q=34 after_removing_to=19 states=26015
B_REVERSE_STEP q=34 after_removing_to=14 states=3718
B_REVERSE_STEP q=34 after_removing_to=9 states=385
B_REVERSE_STEP q=34 after_removing_to=4 states=22
B_REVERSE_STEP q=34 after_removing_to=1 states=2
B_REVERSE_STEP q=34 after_removing_to=0 states=1
B_BAD_COUNT q=34 j=93 value=233324004198302830434854312274352246658842166040188021897341170251820615304989830564682131613676
B_STABLE q=34 j=93 value=52636114508684281023057462983247168448627959118498202995779877291910314965053518047265082413237388057261789349857946883946075327053185016705024
B_MARGIN q=34 j=93 stable_minus_2bad=52636114508684281023057462983247168448627959118031554987383271631040606340504813553947398081157012013467107009354305653336095665923820753477672
B_CASE q=35 j=95 width_wall=70 terminal_shapes=9296
B_REVERSE_STEP q=35 after_removing_to=94 states=98284
B_REVERSE_STEP q=35 after_removing_to=89 states=1985389
B_REVERSE_STEP q=35 after_removing_to=84 states=4262581
B_REVERSE_STEP q=35 after_removing_to=79 states=6544010
B_REVERSE_STEP q=35 after_removing_to=74 states=8825440
B_REVERSE_STEP q=35 after_removing_to=69 states=11106508
B_REVERSE_STEP q=35 after_removing_to=64 states=13306487
B_REVERSE_STEP q=35 after_removing_to=59 states=13483274
B_REVERSE_STEP q=35 after_removing_to=54 states=11363101
B_REVERSE_STEP q=35 after_removing_to=49 states=9084795
B_REVERSE_STEP q=35 after_removing_to=44 states=6803573
B_REVERSE_STEP q=35 after_removing_to=39 states=4528533
B_REVERSE_STEP q=35 after_removing_to=34 states=2336225
B_REVERSE_STEP q=35 after_removing_to=29 states=711278
B_REVERSE_STEP q=35 after_removing_to=24 states=147273
B_REVERSE_STEP q=35 after_removing_to=19 states=26015
B_REVERSE_STEP q=35 after_removing_to=14 states=3718
B_REVERSE_STEP q=35 after_removing_to=9 states=385
B_REVERSE_STEP q=35 after_removing_to=4 states=22
B_REVERSE_STEP q=35 after_removing_to=1 states=2
B_REVERSE_STEP q=35 after_removing_to=0 states=1
B_BAD_COUNT q=35 j=95 value=6848108068247151965795627395858831467260786613484327219811180368085085014244250337430578107544895
B_STABLE q=35 j=95 value=465079114888095472747378954931122536275227942736325905210281246424033797827610545350466452851548111593259269814311579163792561772263843903304880128
B_MARGIN q=35 j=95 stable_minus_2bad=465079114888095472747378954931122536275227942736312208994144752120102206572818827687531931278321142938819647453575408993764073271588982747089790338
SUMMARY failures=0
__EXIT_STATUS=0
__SHELL_STATUS=0
BC_TWENTYFIFTH_FRONTIER_GMP b_cases=3 c_fpf_cases=10 c_arithmetic_cases=33 run_b=1 run_c=0 b_q_min=36 b_q_max=38 omp_max_threads=8
B_LOWER_BOX_RATIONAL numerator=31562069652058651724050564331116427866898930990810385836335683810816344863875220220375406369645430784395169909 denominator=327680000000000000000000000000000000000000000000000000000000000000000000000000000000000000000 ceil=96319792639339148
B_ABSORPTION_BASE q=44 left=1631698339603928414165194585139136415150069360512059164383537511536124994126576640000000000000000000000000000000000000000000000000000000000000000000000000000000000000000000000000000 right=197450685722107402353682037275992488341277868034975337796656295094902858969771811440894224355027779366597957338237853638272334919686385621811850780464277094400000000000000000000000000 margin=195818987382503473939516842690853351926127798674463278632272757583366733975645234800894224355027779366597957338237853638272334919686385621811850780464277094400000000000000000000000000
B_ABSORPTION_RATIO_BASE q=44 left=117990 right=124800 margin=6810
C_PAUSE_ABSORPTION_BASE q=64 P=38106144974042111076149000047527760958062592 central=95784491736452493294473263363363867621614750 margin=57678346762410382218324263315836106663552158
C_PAUSE_RATIO_BASE q=64 left=23870 right=33540 margin=9670
C_CENTRAL_RATIO_BASE q=64 left=23870 right=17550 margin=6320
B_CASE q=36 j=97 width_wall=72 terminal_shapes=9296
B_REVERSE_STEP q=36 after_removing_to=96 states=98284
B_REVERSE_STEP q=36 after_removing_to=94 states=693998
B_REVERSE_STEP q=36 after_removing_to=89 states=2894084
B_REVERSE_STEP q=36 after_removing_to=84 states=5175152
B_REVERSE_STEP q=36 after_removing_to=79 states=7456582
B_REVERSE_STEP q=36 after_removing_to=74 states=9738012
B_REVERSE_STEP q=36 after_removing_to=69 states=12018116
B_REVERSE_STEP q=36 after_removing_to=64 states=14108800
B_REVERSE_STEP q=36 after_removing_to=59 states=13567286
B_REVERSE_STEP q=36 after_removing_to=54 states=11365018
B_REVERSE_STEP q=36 after_removing_to=49 states=9084802
B_REVERSE_STEP q=36 after_removing_to=44 states=6803573
B_REVERSE_STEP q=36 after_removing_to=39 states=4528533
B_REVERSE_STEP q=36 after_removing_to=34 states=2336225
B_REVERSE_STEP q=36 after_removing_to=29 states=711278
B_REVERSE_STEP q=36 after_removing_to=24 states=147273
B_REVERSE_STEP q=36 after_removing_to=19 states=26015
B_REVERSE_STEP q=36 after_removing_to=14 states=3718
B_REVERSE_STEP q=36 after_removing_to=9 states=385
B_REVERSE_STEP q=36 after_removing_to=4 states=22
B_REVERSE_STEP q=36 after_removing_to=1 states=2
B_REVERSE_STEP q=36 after_removing_to=0 states=1
B_BAD_COUNT q=36 j=97 value=195243007857585300168028972108265141626487986830143959392983018240227775048035735368323967882264544
B_STABLE q=36 j=97 value=4286049101830469787585519062310491636993132895599321887303824300884968128854355096965429712518063226708693734486753515105116496518270647314347804131328
B_MARGIN q=36 j=97 stable_minus_2bad=4286049101830469787585519062310491636993132895599321496817808585714367792796410880435146459542089566420774948520717034649566400446799910666412039602240
B_CASE q=37 j=99 width_wall=74 terminal_shapes=9296
B_REVERSE_STEP q=37 after_removing_to=98 states=98284
B_REVERSE_STEP q=37 after_removing_to=94 states=1537115
B_REVERSE_STEP q=37 after_removing_to=89 states=3806307
B_REVERSE_STEP q=37 after_removing_to=84 states=6087724
B_REVERSE_STEP q=37 after_removing_to=79 states=8369154
B_REVERSE_STEP q=37 after_removing_to=74 states=10650583
B_REVERSE_STEP q=37 after_removing_to=69 states=12927775
B_REVERSE_STEP q=37 after_removing_to=64 states=14794340
B_REVERSE_STEP q=37 after_removing_to=59 states=13609618
B_REVERSE_STEP q=37 after_removing_to=54 states=11365799
B_REVERSE_STEP q=37 after_removing_to=49 states=9084803
B_REVERSE_STEP q=37 after_removing_to=44 states=6803573
B_REVERSE_STEP q=37 after_removing_to=39 states=4528533
B_REVERSE_STEP q=37 after_removing_to=34 states=2336225
B_REVERSE_STEP q=37 after_removing_to=29 states=711278
B_REVERSE_STEP q=37 after_removing_to=24 states=147273
B_REVERSE_STEP q=37 after_removing_to=19 states=26015
B_REVERSE_STEP q=37 after_removing_to=14 states=3718
B_REVERSE_STEP q=37 after_removing_to=9 states=385
B_REVERSE_STEP q=37 after_removing_to=4 states=22
B_REVERSE_STEP q=37 after_removing_to=1 states=2
B_REVERSE_STEP q=37 after_removing_to=0 states=1
B_BAD_COUNT q=37 j=99 value=5414954288680224882813114357431128639023531061721428660661337850502110298527677652548871833485814200
B_STABLE q=37 j=99 value=41162110219623827986714077844387249387887643477052640993127233143936172819413605186657045749386331177847384615454820678905274123861906846980764038124146688
B_MARGIN q=37 j=99 stable_minus_2bad=41162110219623827986714077844387249387887643477052640982297324566575723053787376471794788471339269054404527294132144977901053526806551541883020371152518288
B_CASE q=38 j=101 width_wall=76 terminal_shapes=9296
B_REVERSE_STEP q=38 after_removing_to=100 states=98284
B_REVERSE_STEP q=38 after_removing_to=99 states=346686
B_REVERSE_STEP q=38 after_removing_to=94 states=2438762
B_REVERSE_STEP q=38 after_removing_to=89 states=4718866
B_REVERSE_STEP q=38 after_removing_to=84 states=7000296
B_REVERSE_STEP q=38 after_removing_to=79 states=9281726
B_REVERSE_STEP q=38 after_removing_to=74 states=11563143
B_REVERSE_STEP q=38 after_removing_to=69 states=13832335
B_REVERSE_STEP q=38 after_removing_to=64 states=15298156
B_REVERSE_STEP q=38 after_removing_to=59 states=13630318
B_REVERSE_STEP q=38 after_removing_to=54 states=11366094
B_REVERSE_STEP q=38 after_removing_to=49 states=9084803
B_REVERSE_STEP q=38 after_removing_to=44 states=6803573
B_REVERSE_STEP q=38 after_removing_to=39 states=4528533
B_REVERSE_STEP q=38 after_removing_to=34 states=2336225
B_REVERSE_STEP q=38 after_removing_to=29 states=711278
B_REVERSE_STEP q=38 after_removing_to=24 states=147273
B_REVERSE_STEP q=38 after_removing_to=19 states=26015
B_REVERSE_STEP q=38 after_removing_to=14 states=3718
B_REVERSE_STEP q=38 after_removing_to=9 states=385
B_REVERSE_STEP q=38 after_removing_to=4 states=22
B_REVERSE_STEP q=38 after_removing_to=1 states=2
B_REVERSE_STEP q=38 after_removing_to=0 states=1
B_BAD_COUNT q=38 j=101 value=146286237117273352894547699227239310976202885033796329383086113103977967509724924541573727667937924550
B_STABLE q=38 j=101 value=411610493361212659403148807521076157229850906012077840841555871690020499912092231135728529703795979343613815498825108650841231604379494136578074245596793036800
B_MARGIN q=38 j=101 stable_minus_2bad=411610493361212659403148807521076157229850906012077840841263299215785953206303135737274051081843573573546222840058936424633275669360044287494926790260917187700
SUMMARY failures=0
__EXIT_STATUS=0
__SHELL_STATUS=0
BC_TWENTYFIFTH_FRONTIER_GMP b_cases=3 c_fpf_cases=10 c_arithmetic_cases=33 run_b=1 run_c=0 b_q_min=39 b_q_max=41 omp_max_threads=8
B_LOWER_BOX_RATIONAL numerator=31562069652058651724050564331116427866898930990810385836335683810816344863875220220375406369645430784395169909 denominator=327680000000000000000000000000000000000000000000000000000000000000000000000000000000000000000 ceil=96319792639339148
B_ABSORPTION_BASE q=44 left=1631698339603928414165194585139136415150069360512059164383537511536124994126576640000000000000000000000000000000000000000000000000000000000000000000000000000000000000000000000000000 right=197450685722107402353682037275992488341277868034975337796656295094902858969771811440894224355027779366597957338237853638272334919686385621811850780464277094400000000000000000000000000 margin=195818987382503473939516842690853351926127798674463278632272757583366733975645234800894224355027779366597957338237853638272334919686385621811850780464277094400000000000000000000000000
B_ABSORPTION_RATIO_BASE q=44 left=117990 right=124800 margin=6810
C_PAUSE_ABSORPTION_BASE q=64 P=38106144974042111076149000047527760958062592 central=95784491736452493294473263363363867621614750 margin=57678346762410382218324263315836106663552158
C_PAUSE_RATIO_BASE q=64 left=23870 right=33540 margin=9670
C_CENTRAL_RATIO_BASE q=64 left=23870 right=17550 margin=6320
B_CASE q=39 j=103 width_wall=78 terminal_shapes=9296
B_REVERSE_STEP q=39 after_removing_to=102 states=98284
B_REVERSE_STEP q=39 after_removing_to=99 states=1101297
B_REVERSE_STEP q=39 after_removing_to=94 states=3350089
B_REVERSE_STEP q=39 after_removing_to=89 states=5631438
B_REVERSE_STEP q=39 after_removing_to=84 states=7912868
B_REVERSE_STEP q=39 after_removing_to=79 states=10194298
B_REVERSE_STEP q=39 after_removing_to=74 states=12475647
B_REVERSE_STEP q=39 after_removing_to=69 states=14724436
B_REVERSE_STEP q=39 after_removing_to=64 states=15602319
B_REVERSE_STEP q=39 after_removing_to=59 states=13640096
B_REVERSE_STEP q=39 after_removing_to=54 states=11366195
B_REVERSE_STEP q=39 after_removing_to=49 states=9084803
B_REVERSE_STEP q=39 after_removing_to=44 states=6803573
B_REVERSE_STEP q=39 after_removing_to=39 states=4528533
B_REVERSE_STEP q=39 after_removing_to=34 states=2336225
B_REVERSE_STEP q=39 after_removing_to=29 states=711278
B_REVERSE_STEP q=39 after_removing_to=24 states=147273
B_REVERSE_STEP q=39 after_removing_to=19 states=26015
B_REVERSE_STEP q=39 after_removing_to=14 states=3718
B_REVERSE_STEP q=39 after_removing_to=9 states=385
B_REVERSE_STEP q=39 after_removing_to=4 states=22
B_REVERSE_STEP q=39 after_removing_to=1 states=2
B_REVERSE_STEP q=39 after_removing_to=0 states=1
B_BAD_COUNT q=39 j=103 value=3854208145235496907201420896374848214274728530488552179052146178754920439872389117617201368228523392174
B_STABLE q=39 j=103 value=4282289551634348924637847939334988424968279064470634107325427427198693919963603335170951595966612518329017210924868810539782025435994750151298214545404622338482176
B_MARGIN q=39 j=103 stable_minus_2bad=4282289551634348924637847939334988424968279064470634107325419718782403448969788932329158846270183968871956233820510706247424515595115005373062980142668165291697828
B_CASE q=40 j=105 width_wall=80 terminal_shapes=9296
B_REVERSE_STEP q=40 after_removing_to=104 states=98284
B_REVERSE_STEP q=40 after_removing_to=99 states=1985389
B_REVERSE_STEP q=40 after_removing_to=94 states=4262581
B_REVERSE_STEP q=40 after_removing_to=89 states=6544010
B_REVERSE_STEP q=40 after_removing_to=84 states=8825440
B_REVERSE_STEP q=40 after_removing_to=79 states=11106870
B_REVERSE_STEP q=40 after_removing_to=74 states=13387938
B_REVERSE_STEP q=40 after_removing_to=69 states=15587917
B_REVERSE_STEP q=40 after_removing_to=64 states=15764704
B_REVERSE_STEP q=40 after_removing_to=59 states=13644531
B_REVERSE_STEP q=40 after_removing_to=54 states=11366225
B_REVERSE_STEP q=40 after_removing_to=49 states=9084803
B_REVERSE_STEP q=40 after_removing_to=44 states=6803573
B_REVERSE_STEP q=40 after_removing_to=39 states=4528533
B_REVERSE_STEP q=40 after_removing_to=34 states=2336225
B_REVERSE_STEP q=40 after_removing_to=29 states=711278
B_REVERSE_STEP q=40 after_removing_to=24 states=147273
B_REVERSE_STEP q=40 after_removing_to=19 states=26015
B_REVERSE_STEP q=40 after_removing_to=14 states=3718
B_REVERSE_STEP q=40 after_removing_to=9 states=385
B_REVERSE_STEP q=40 after_removing_to=4 states=22
B_REVERSE_STEP q=40 after_removing_to=1 states=2
B_REVERSE_STEP q=40 after_removing_to=0 states=1
B_BAD_COUNT q=40 j=105 value=99148506255084971187483653672387066123475937428263609916771914087900986624591806679913530709013275727664
B_STABLE q=40 j=105 value=46316141414884575423512785844162280630709788031116921318799724057086479691262256432796102653529534725713620769686359379513356753716801539842697912580411248909753679872
B_MARGIN q=40 j=105 stable_minus_2bad=46316141414884575423512785844162280630709788031116921318799723858789467181092314057828795308755402478761745913159139545969528577914828290659084552753349830883202224544
B_CASE q=41 j=107 width_wall=82 terminal_shapes=9296
B_REVERSE_STEP q=41 after_removing_to=106 states=98284
B_REVERSE_STEP q=41 after_removing_to=104 states=693998
B_REVERSE_STEP q=41 after_removing_to=99 states=2894084
B_REVERSE_STEP q=41 after_removing_to=94 states=5175152
B_REVERSE_STEP q=41 after_removing_to=89 states=7456582
B_REVERSE_STEP q=41 after_removing_to=84 states=9738012
B_REVERSE_STEP q=41 after_removing_to=79 states=12019442
B_REVERSE_STEP q=41 after_removing_to=74 states=14299546
B_REVERSE_STEP q=41 after_removing_to=69 states=16390230
B_REVERSE_STEP q=41 after_removing_to=64 states=15848716
B_REVERSE_STEP q=41 after_removing_to=59 states=13646448
B_REVERSE_STEP q=41 after_removing_to=54 states=11366232
B_REVERSE_STEP q=41 after_removing_to=49 states=9084803
B_REVERSE_STEP q=41 after_removing_to=44 states=6803573
B_REVERSE_STEP q=41 after_removing_to=39 states=4528533
B_REVERSE_STEP q=41 after_removing_to=34 states=2336225
B_REVERSE_STEP q=41 after_removing_to=29 states=711278
B_REVERSE_STEP q=41 after_removing_to=24 states=147273
B_REVERSE_STEP q=41 after_removing_to=19 states=26015
B_REVERSE_STEP q=41 after_removing_to=14 states=3718
B_REVERSE_STEP q=41 after_removing_to=9 states=385
B_REVERSE_STEP q=41 after_removing_to=4 states=22
B_REVERSE_STEP q=41 after_removing_to=1 states=2
B_REVERSE_STEP q=41 after_removing_to=0 states=1
B_BAD_COUNT q=41 j=107 value=2492980620950423184030911529930656255902260845725546617956542306845227660381862220931430772388347754440216
B_STABLE q=41 j=107 value=520396248607814162823456898918379242662159520014922891460847538248496570078711464872539542588223937759635147514645265440959527603143327399996834507442932239739359563292672
B_MARGIN q=41 j=107 stable_minus_2bad=520396248607814162823456898918379242662159520014922891460847538243510608836810618504477719528362625247830625823194172205046442989452872079233110065580070694962664054412240
SUMMARY failures=0
__EXIT_STATUS=0
__SHELL_STATUS=0
BC_TWENTYFIFTH_FRONTIER_GMP b_cases=2 c_fpf_cases=10 c_arithmetic_cases=33 run_b=1 run_c=0 b_q_min=42 b_q_max=43 omp_max_threads=8
B_LOWER_BOX_RATIONAL numerator=31562069652058651724050564331116427866898930990810385836335683810816344863875220220375406369645430784395169909 denominator=327680000000000000000000000000000000000000000000000000000000000000000000000000000000000000000 ceil=96319792639339148
B_ABSORPTION_BASE q=44 left=1631698339603928414165194585139136415150069360512059164383537511536124994126576640000000000000000000000000000000000000000000000000000000000000000000000000000000000000000000000000000 right=197450685722107402353682037275992488341277868034975337796656295094902858969771811440894224355027779366597957338237853638272334919686385621811850780464277094400000000000000000000000000 margin=195818987382503473939516842690853351926127798674463278632272757583366733975645234800894224355027779366597957338237853638272334919686385621811850780464277094400000000000000000000000000
B_ABSORPTION_RATIO_BASE q=44 left=117990 right=124800 margin=6810
C_PAUSE_ABSORPTION_BASE q=64 P=38106144974042111076149000047527760958062592 central=95784491736452493294473263363363867621614750 margin=57678346762410382218324263315836106663552158
C_PAUSE_RATIO_BASE q=64 left=23870 right=33540 margin=9670
C_CENTRAL_RATIO_BASE q=64 left=23870 right=17550 margin=6320
B_CASE q=42 j=109 width_wall=84 terminal_shapes=9296
B_REVERSE_STEP q=42 after_removing_to=108 states=98284
B_REVERSE_STEP q=42 after_removing_to=104 states=1537115
B_REVERSE_STEP q=42 after_removing_to=99 states=3806307
B_REVERSE_STEP q=42 after_removing_to=94 states=6087724
B_REVERSE_STEP q=42 after_removing_to=89 states=8369154
B_REVERSE_STEP q=42 after_removing_to=84 states=10650584
B_REVERSE_STEP q=42 after_removing_to=79 states=12932013
B_REVERSE_STEP q=42 after_removing_to=74 states=15209205
B_REVERSE_STEP q=42 after_removing_to=69 states=17075770
B_REVERSE_STEP q=42 after_removing_to=64 states=15891048
B_REVERSE_STEP q=42 after_removing_to=59 states=13647229
B_REVERSE_STEP q=42 after_removing_to=54 states=11366233
B_REVERSE_STEP q=42 after_removing_to=49 states=9084803
B_REVERSE_STEP q=42 after_removing_to=44 states=6803573
B_REVERSE_STEP q=42 after_removing_to=39 states=4528533
B_REVERSE_STEP q=42 after_removing_to=34 states=2336225
B_REVERSE_STEP q=42 after_removing_to=29 states=711278
B_REVERSE_STEP q=42 after_removing_to=24 states=147273
B_REVERSE_STEP q=42 after_removing_to=19 states=26015
B_REVERSE_STEP q=42 after_removing_to=14 states=3718
B_REVERSE_STEP q=42 after_removing_to=9 states=385
B_REVERSE_STEP q=42 after_removing_to=4 states=22
B_REVERSE_STEP q=42 after_removing_to=1 states=2
B_REVERSE_STEP q=42 after_removing_to=0 states=1
B_BAD_COUNT q=42 j=109 value=61328864800734725452304195789836622444459461915696851008253808474360134995239026619488849442774457977304792
B_STABLE q=42 j=109 value=6069768027148561641469987059305686919203463935482378676309774609903066670384315995954019357614659612429643828463793589394277088897664037260809509238174080460544151479940759552
B_MARGIN q=42 j=109 stable_minus_2bad=6069768027148561641469987059305686919203463935482378676309774609902944012654714526503114749223079939184754909539962195692260581280715316990819031184935102761658602563986149968
B_CASE q=43 j=111 width_wall=86 terminal_shapes=9296
B_REVERSE_STEP q=43 after_removing_to=110 states=98284
B_REVERSE_STEP q=43 after_removing_to=109 states=346686
B_REVERSE_STEP q=43 after_removing_to=104 states=2438762
B_REVERSE_STEP q=43 after_removing_to=99 states=4718866
B_REVERSE_STEP q=43 after_removing_to=94 states=7000296
B_REVERSE_STEP q=43 after_removing_to=89 states=9281726
B_REVERSE_STEP q=43 after_removing_to=84 states=11563156
B_REVERSE_STEP q=43 after_removing_to=79 states=13844573
B_REVERSE_STEP q=43 after_removing_to=74 states=16113765
B_REVERSE_STEP q=43 after_removing_to=69 states=17579586
B_REVERSE_STEP q=43 after_removing_to=64 states=15911748
B_REVERSE_STEP q=43 after_removing_to=59 states=13647524
B_REVERSE_STEP q=43 after_removing_to=54 states=11366233
B_REVERSE_STEP q=43 after_removing_to=49 states=9084803
B_REVERSE_STEP q=43 after_removing_to=44 states=6803573
B_REVERSE_STEP q=43 after_removing_to=39 states=4528533
B_REVERSE_STEP q=43 after_removing_to=34 states=2336225
B_REVERSE_STEP q=43 after_removing_to=29 states=711278
B_REVERSE_STEP q=43 after_removing_to=24 states=147273
B_REVERSE_STEP q=43 after_removing_to=19 states=26015
B_REVERSE_STEP q=43 after_removing_to=14 states=3718
B_REVERSE_STEP q=43 after_removing_to=9 states=385
B_REVERSE_STEP q=43 after_removing_to=4 states=22
B_REVERSE_STEP q=43 after_removing_to=1 states=2
B_REVERSE_STEP q=43 after_removing_to=0 states=1
B_BAD_COUNT q=43 j=111 value=1477500817551458801892338405894396207044666417511868155552612189932909325352000260541969253705692496658370785
B_STABLE q=43 j=111 value=73442633136598658548124378676446602820000468916554313883241994137346874668889600876843674617252173635906655194082377194387500159554849826514192112771516579240202629368874792632320
B_MARGIN q=43 j=111 stable_minus_2bad=73442633136598658548124378676446602820000468916554313883241994137346871713887965773926070832575361847114241104749542170651189054330469960695541408770995495301695217983881475890750
SUMMARY failures=0
__EXIT_STATUS=0
__SHELL_STATUS=0
