__RUN_ID=full_q3_clean_current_source_machine_c
__HOST=nb1cb2f
__START_UTC=2026-07-15T07:58:05Z
__CPU_MODEL=AMD Ryzen 9 7950X 16-Core Processor
__LOGICAL_CPUS=32
__REPLAY_THREADS=32
64b4376ade235309dfbcb8db85e0412c5f2c64041caca1db910a61537e25a188  run_full_q3_clean_replay_machine_c.sh
98cdbb03930cf2bc139364d59f703a3352b0007803c5d47c15282ce696f480eb  clean_room_replay.py
030229492cda95a0bb9c1d3183c3880880c2e29e8ee9e2cec717d32733b72ed5  replay_sources.sha256
bc5382e2db8fe6086c4ad0847d719e42715bbb015a379efbd7e8b65845d32847  certificates/full_q3/full_q3_source_manifest.sha256
[replay] isolated workspace: /tmp/ginibre-q3-clean-room-jb3u4pkg
[replay] artifact integrity: PASS (141 manifests, 1550 entries)
[replay] reference archive: PASS (45 files, 14 bibliography keys, 15 mappings)
[replay] proof structure: PASS (850 results, 850 proofs, 359 main-theorem-reachable results)
[replay] B/C caller-range closure: PASS (60 correction propositions, 2834 formerly uncovered odd targets, 402 exact-arithmetic rows)
[replay] certificate identity ledger: PASS (115 rows, 119 table outputs, 96 inline hashes)
[replay] post-m29 artifact boundary: PASS (73 accepted artifacts)
[replay] accepted replay status: PASS (59 logs)
[replay] proof-spine input coverage: PASS (158 files)
[replay] purged 17 pre-existing ELF binaries
[replay] purged 10 pre-existing LaTeX outputs
[replay] build_cpp_replayers ...
[replay] build_cpp_replayers: PASS (16.04s)
[replay] stable_moment_recurrence_comparison ...
[replay] stable_moment_recurrence_comparison: PASS (0.16s)
[replay] sun_recurrence_derivation_exact ...
[replay] sun_recurrence_derivation_exact: PASS (0.03s)
[replay] sun_repair_gmp ...
[replay] sun_repair_gmp: PASS (1.57s)
[replay] classical_bc_row_gated_source_bridge ...
[replay] classical_bc_row_gated_source_bridge: PASS (247.98s)
[replay] classical_d53_63_row_gated_source_bridge ...
[replay] classical_d53_63_row_gated_source_bridge: PASS (0.01s)
[replay] classical_source_m29_weyl ...
[replay] classical_source_m29_weyl: PASS (19.70s)
[replay] classical_source_m29_high_rows ...
[replay] classical_source_m29_high_rows: PASS (0.00s)
[replay] trace_square_cutoff_mpfr ...
[replay] trace_square_cutoff_mpfr: PASS (2.17s)
[replay] d4_j18_denv_counterexample_gmp ...
[replay] d4_j18_denv_counterexample_gmp: PASS (0.11s)
[replay] b_unitary_square_mpfr ...
[replay] b_unitary_square_mpfr: PASS (0.01s)
[replay] bc_tilted_mgf_mpfr ...
[replay] bc_tilted_mgf_mpfr: PASS (0.03s)
[replay] bc_layered_mgf_mpfr ...
[replay] bc_layered_mgf_mpfr: PASS (0.51s)
[replay] d4_modular_weyl_exact_moments ...
[replay] d4_modular_weyl_exact_moments: PASS (0.03s)
[replay] d4_character_pairing_m0_m59 ...
[replay] d4_character_pairing_m0_m59: PASS (0.16s)
[replay] classical_d4_d24_source_pairing_d4 ...
[replay] classical_d4_d24_source_pairing_d4: PASS (0.03s)
[replay] classical_d4_d24_source_pairing_d5 ...
[replay] classical_d4_d24_source_pairing_d5: PASS (0.11s)
[replay] classical_d4_d24_source_pairing_d6 ...
[replay] classical_d4_d24_source_pairing_d6: PASS (0.16s)
[replay] classical_d4_d24_source_pairing_d7 ...
[replay] classical_d4_d24_source_pairing_d7: PASS (0.26s)
[replay] classical_d4_d24_source_pairing_d8 ...
[replay] classical_d4_d24_source_pairing_d8: PASS (0.26s)
[replay] classical_d4_d24_source_pairing_d9 ...
[replay] classical_d4_d24_source_pairing_d9: PASS (0.41s)
[replay] classical_d4_d24_source_pairing_d10 ...
[replay] classical_d4_d24_source_pairing_d10: PASS (0.51s)
[replay] classical_d4_d24_source_pairing_d11 ...
[replay] classical_d4_d24_source_pairing_d11: PASS (2.97s)
[replay] classical_d4_d24_source_pairing_d12 ...
[replay] classical_d4_d24_source_pairing_d12: PASS (0.82s)
[replay] classical_d4_d24_source_pairing_d13 ...
[replay] classical_d4_d24_source_pairing_d13: PASS (0.97s)
[replay] classical_d4_d24_source_pairing_d14 ...
[replay] classical_d4_d24_source_pairing_d14: PASS (1.17s)
[replay] classical_d4_d24_source_pairing_d15 ...
[replay] classical_d4_d24_source_pairing_d15: PASS (1.47s)
[replay] classical_d4_d24_source_pairing_d16 ...
[replay] classical_d4_d24_source_pairing_d16: PASS (1.67s)
[replay] classical_d4_d24_source_pairing_d17 ...
[replay] classical_d4_d24_source_pairing_d17: PASS (2.17s)
[replay] classical_d4_d24_source_pairing_d18 ...
[replay] classical_d4_d24_source_pairing_d18: PASS (2.47s)
[replay] classical_d4_d24_source_pairing_d19 ...
[replay] classical_d4_d24_source_pairing_d19: PASS (1.12s)
[replay] classical_d4_d24_source_pairing_d20 ...
[replay] classical_d4_d24_source_pairing_d20: PASS (0.51s)
[replay] classical_d4_d24_source_pairing_d21 ...
[replay] classical_d4_d24_source_pairing_d21: PASS (0.56s)
[replay] classical_d4_d24_source_pairing_d22 ...
[replay] classical_d4_d24_source_pairing_d22: PASS (0.61s)
[replay] classical_d4_d24_source_pairing_d23 ...
[replay] classical_d4_d24_source_pairing_d23: PASS (0.71s)
[replay] classical_d4_d24_source_pairing_d24 ...
[replay] classical_d4_d24_source_pairing_d24: PASS (0.76s)
[replay] d4_d24_exact_prefix_interval_gmp ...
[replay] d4_d24_exact_prefix_interval_gmp: PASS (0.03s)
[replay] d12_d24_exact_mgf_onset63_mpfr ...
[replay] d12_d24_exact_mgf_onset63_mpfr: PASS (1.37s)
[replay] classical_d19_source_pairing_d19 ...
[replay] classical_d19_source_pairing_d19: PASS (6.07s)
[replay] d19_exact_mgf_onset63_mpfr ...
[replay] d19_exact_mgf_onset63_mpfr: PASS (0.16s)
[replay] d19_correction_bridge_gmp ...
[replay] d19_correction_bridge_gmp: PASS (0.02s)
[replay] d25_d52_exact_mgf_mpfr ...
[replay] d25_d52_exact_mgf_mpfr: PASS (1.67s)
[replay] d25_d52_correction_interval_gmp ...
[replay] d25_d52_correction_interval_gmp: PASS (0.02s)
[replay] d53_d295_a_free_frontier_gmp ...
[replay] d53_d295_a_free_frontier_gmp: PASS (0.02s)
[replay] bc_cheb80_negative_tail_gmp ...
[replay] bc_cheb80_negative_tail_gmp: PASS (0.02s)
[replay] bc_interval_formula_mpfr ...
[replay] bc_interval_formula_mpfr: PASS (1.26s)
[replay] bc_lambda_half_bridge_gmp ...
[replay] bc_lambda_half_bridge_gmp: PASS (8503.78s)
[replay] bc_pieri_powerloss_2q_gmp ...
[replay] bc_pieri_powerloss_2q_gmp: PASS (6.39s)
[replay] bc_b14_j37_badshape_gmp ...
[replay] bc_b14_j37_badshape_gmp: PASS (0.11s)
[replay] bc_b_eighth_frontier_gmp ...
[replay] bc_b_eighth_frontier_gmp: PASS (1.32s)
[replay] bc_ninth_frontier_gmp ...
[replay] bc_ninth_frontier_gmp: PASS (2.12s)
[replay] bc_tenth_frontier_gmp ...
[replay] bc_tenth_frontier_gmp: PASS (3.35s)
[replay] bc_eleventh_frontier_gmp ...
[replay] bc_eleventh_frontier_gmp: PASS (7.59s)
[replay] bc_twelfth_frontier_gmp ...
Terminated
__EXIT_STATUS=143
__END_UTC=2026-07-15T10:25:39Z
