m=26 remaining low-row lower certificate
stable Chain diff D(26) = 12286543675669277818501480760367475331226203559629274065967217301445883527168
negative linear coefficient indices = [25, 26, 27, 28, 29, 30, 31, 32]
negative quadratic pairs = [(0,55,-8), (1,54,-408), (2,53,-10184), (3,52,-165784), (4,51,-1978808), (5,50,-18459688), (6,49,-140087480), (7,48,-888782440), (8,47,-4807952240), (9,46,-22504889680), (10,45,-92177561840), (11,44,-333257338960), (12,43,-1070677833680), (13,42,-3072403584880), (14,41,-7903816855760), (15,40,-18270247271920), (16,39,-37982882486360), (17,38,-70959830348680), (18,37,-118756607267480), (19,36,-176848074599560), (20,35,-231262866784040), (21,34,-258470262876280), (22,33,-231262866784040), (23,32,-130713794269240), (25,32,-49771790894826), (26,31,-245030355174528), (27,30,-421996722800576), (28,29,-527495903500720)]
begin D_23 lower row
  D_23 Delta_23 = 1
  D_23 Delta_25 = 38226
  D_23 Delta_26 = 4477825
  D_23 Delta_27 = 449561476
    depth 5: partition 7/7 elapsed=0.225644s
  D_23 Delta_28 = 40735245006
    depth 6: partition 11/11 elapsed=0.19763s
  D_23 Delta_29 = 3435520957246
    depth 7: partition 15/15 elapsed=0.318845s
  D_23 Delta_30 = 275150488070152
    depth 8: partition 22/22 elapsed=0.5493s
  D_23 Delta_31 = 21219080492684265
    depth 9: partition 30/30 elapsed=0.867191s
  D_23 Delta_32 = 1591500922261609567
D_23 negative linear = -459959272042042739104594433478903856529540385005489737536; negative quadratic = -152330911169495192164094023276438685844; lower margin = 12286543675669277818041521488325432591969278214980875017273582893163955103788
begin D_22 lower row
  D_22 Delta_22 = 1
  D_22 Delta_23 = 231
  D_22 Delta_25 = 3485076
  D_22 Delta_26 = 325446850
    depth 5: partition 7/7 elapsed=4.128e-06s
  D_22 Delta_27 = 27531731656
    depth 6: partition 11/11 elapsed=6.712e-06s
  D_22 Delta_28 = 2174792570406
    depth 7: partition 15/15 elapsed=2.2222e-05s
  D_22 Delta_29 = 163595601527086
    depth 8: partition 22/22 elapsed=1.1812e-05s
  D_22 Delta_30 = 11879041982613877
    depth 9: partition 30/30 elapsed=1.5308e-05s
  D_22 Delta_31 = 840781121521519005
    depth 10: partition 42/42 elapsed=1.18235s
  D_22 Delta_32 = 58428373700987662567
    depth 11: partition 56/56 elapsed=1.8761s
  D_22 Delta_33 = 4008686378987180357392
D_22 negative linear = -18977780987869256084633612856173957561660916627170043563136; negative quadratic = -402875338351936170394659163683224937958384; lower margin = 12286543675669277799523699772498218843717252351519146109647136991050902005648
begin D_21 lower row
  D_21 Delta_21 = 1
  D_21 Delta_22 = 210
  D_21 Delta_23 = 26796
  D_21 Delta_25 = 232380501
    depth 5: partition 7/7 elapsed=6.522e-06s
  D_21 Delta_26 = 18307215655
    depth 6: partition 11/11 elapsed=7.525e-06s
  D_21 Delta_27 = 1351297034776
    depth 7: partition 15/15 elapsed=1.5068e-05s
  D_21 Delta_28 = 95265210553956
    depth 8: partition 22/22 elapsed=1.3997e-05s
  D_21 Delta_29 = 6499987088784931
    depth 9: partition 30/30 elapsed=3.1449e-05s
  D_21 Delta_30 = 433314617918299552
    depth 10: partition 42/42 elapsed=2.5728e-05s
  D_21 Delta_31 = 28422199828160476620
    depth 11: partition 56/56 elapsed=4.3301e-05s
  D_21 Delta_32 = 1844134232484997842727
    depth 12: partition 77/77 elapsed=2.45471s
  D_21 Delta_33 = 118850898995256141760972
    coeff heartbeat misses=81542 cache=81540 power=33 partition-size=42
    depth 13: partition 101/101 elapsed=3.78139s
  D_21 Delta_34 = 7633077478752197908889607
D_21 negative linear = -671058767154906318967710253826281056972470943523426676330016; negative quadratic = -722572420903665099769472206951582607621551814; lower margin = 12286543675669277147442713605460433791095046068248447621289322195411585645338
begin D_20 lower row
  D_20 Delta_20 = 1
  D_20 Delta_21 = 190
  D_20 Delta_22 = 22155
  D_20 Delta_23 = 2040676
    depth 5: partition 7/7 elapsed=7.404e-06s
  D_20 Delta_25 = 11959420056
    depth 6: partition 11/11 elapsed=1.4407e-05s
  D_20 Delta_26 = 822781629775
    depth 7: partition 15/15 elapsed=1.6851e-05s
  D_20 Delta_27 = 54234776829376
    depth 8: partition 22/22 elapsed=1.5058e-05s
  D_20 Delta_28 = 3469535722213731
    depth 9: partition 30/30 elapsed=2.2853e-05s
  D_20 Delta_29 = 217398535261635196
    depth 10: partition 42/42 elapsed=2.7121e-05s
  D_20 Delta_30 = 13433235012857882917
    depth 11: partition 56/56 elapsed=3.8973e-05s
  D_20 Delta_31 = 822760503255478017330
    depth 12: partition 77/77 elapsed=5.1987e-05s
  D_20 Delta_32 = 50148245074049119687027
    depth 13: partition 101/101 elapsed=6.6615e-05s
  D_20 Delta_33 = 3051236972579180281126672
    depth 14: partition 135/135 elapsed=4.80259s
  D_20 Delta_34 = 185782187781276166166787327
    coeff heartbeat misses=174244 cache=174241 power=33 partition-size=39
    depth 15: partition 176/176 elapsed=7.16026s
  D_20 Delta_35 = 11342216887013369751922119979
D_20 negative linear = -20394488278381766305316170269061809415738012195649799114579456; negative quadratic = -901085393416265034480167874466053317326697330264; lower margin = 12286543675669257424013202377700084621639669463339690453488968334320071617448
minimum lower margin = D_20: 12286543675669257424013202377700084621639669463339690453488968334320071617448
