m=26 remaining low-row lower certificate
stable Chain diff D(26) = 12286543675669277818501480760367475331226203559629274065967217301445883527168
negative linear coefficient indices = [25, 26, 27, 28, 29, 30, 31, 32]
negative quadratic pairs = [(0,55,-8), (1,54,-408), (2,53,-10184), (3,52,-165784), (4,51,-1978808), (5,50,-18459688), (6,49,-140087480), (7,48,-888782440), (8,47,-4807952240), (9,46,-22504889680), (10,45,-92177561840), (11,44,-333257338960), (12,43,-1070677833680), (13,42,-3072403584880), (14,41,-7903816855760), (15,40,-18270247271920), (16,39,-37982882486360), (17,38,-70959830348680), (18,37,-118756607267480), (19,36,-176848074599560), (20,35,-231262866784040), (21,34,-258470262876280), (22,33,-231262866784040), (23,32,-130713794269240), (25,32,-49771790894826), (26,31,-245030355174528), (27,30,-421996722800576), (28,29,-527495903500720)]
begin D_57 lower row
D_57 negative linear = 0; negative quadratic = 0; lower margin = 12286543675669277818501480760367475331226203559629274065967217301445883527168
begin D_56 lower row
D_56 negative linear = 0; negative quadratic = 0; lower margin = 12286543675669277818501480760367475331226203559629274065967217301445883527168
begin D_55 lower row
D_55 negative linear = 0; negative quadratic = 0; lower margin = 12286543675669277818501480760367475331226203559629274065967217301445883527168
begin D_54 lower row
D_54 negative linear = 0; negative quadratic = 0; lower margin = 12286543675669277818501480760367475331226203559629274065967217301445883527168
begin D_53 lower row
D_53 negative linear = 0; negative quadratic = 0; lower margin = 12286543675669277818501480760367475331226203559629274065967217301445883527168
begin D_52 lower row
D_52 negative linear = 0; negative quadratic = 0; lower margin = 12286543675669277818501480760367475331226203559629274065967217301445883527168
begin D_51 lower row
D_51 negative linear = 0; negative quadratic = 0; lower margin = 12286543675669277818501480760367475331226203559629274065967217301445883527168
begin D_50 lower row
D_50 negative linear = 0; negative quadratic = 0; lower margin = 12286543675669277818501480760367475331226203559629274065967217301445883527168
begin D_49 lower row
D_49 negative linear = 0; negative quadratic = 0; lower margin = 12286543675669277818501480760367475331226203559629274065967217301445883527168
begin D_48 lower row
D_48 negative linear = 0; negative quadratic = 0; lower margin = 12286543675669277818501480760367475331226203559629274065967217301445883527168
begin D_47 lower row
D_47 negative linear = 0; negative quadratic = 0; lower margin = 12286543675669277818501480760367475331226203559629274065967217301445883527168
begin D_46 lower row
D_46 negative linear = 0; negative quadratic = 0; lower margin = 12286543675669277818501480760367475331226203559629274065967217301445883527168
begin D_45 lower row
D_45 negative linear = 0; negative quadratic = 0; lower margin = 12286543675669277818501480760367475331226203559629274065967217301445883527168
begin D_44 lower row
D_44 negative linear = 0; negative quadratic = 0; lower margin = 12286543675669277818501480760367475331226203559629274065967217301445883527168
begin D_43 lower row
D_43 negative linear = 0; negative quadratic = 0; lower margin = 12286543675669277818501480760367475331226203559629274065967217301445883527168
begin D_42 lower row
D_42 negative linear = 0; negative quadratic = 0; lower margin = 12286543675669277818501480760367475331226203559629274065967217301445883527168
begin D_41 lower row
D_41 negative linear = 0; negative quadratic = 0; lower margin = 12286543675669277818501480760367475331226203559629274065967217301445883527168
begin D_40 lower row
D_40 negative linear = 0; negative quadratic = 0; lower margin = 12286543675669277818501480760367475331226203559629274065967217301445883527168
begin D_39 lower row
D_39 negative linear = 0; negative quadratic = 0; lower margin = 12286543675669277818501480760367475331226203559629274065967217301445883527168
begin D_38 lower row
D_38 negative linear = 0; negative quadratic = 0; lower margin = 12286543675669277818501480760367475331226203559629274065967217301445883527168
begin D_37 lower row
D_37 negative linear = 0; negative quadratic = 0; lower margin = 12286543675669277818501480760367475331226203559629274065967217301445883527168
begin D_36 lower row
D_36 negative linear = 0; negative quadratic = 0; lower margin = 12286543675669277818501480760367475331226203559629274065967217301445883527168
begin D_35 lower row
D_35 negative linear = 0; negative quadratic = 0; lower margin = 12286543675669277818501480760367475331226203559629274065967217301445883527168
begin D_34 lower row
D_34 negative linear = 0; negative quadratic = 0; lower margin = 12286543675669277818501480760367475331226203559629274065967217301445883527168
begin D_33 lower row
D_33 negative linear = 0; negative quadratic = 0; lower margin = 12286543675669277818501480760367475331226203559629274065967217301445883527168
begin D_32 lower row
  D_32 Delta_32 = 1
D_32 negative linear = -67835561806615033225784572267314902272; negative quadratic = 0; lower margin = 12286543675669277818501480760367475331158367997822659032741432729178568624896
begin D_31 lower row
  D_31 Delta_31 = 1
  D_31 Delta_32 = 465
D_31 negative linear = -40018392240161645875659249778115249576960; negative quadratic = 0; lower margin = 12286543675669277818501480760367475291207811319467628190307967523330633950208
begin D_30 lower row
  D_30 Delta_30 = 1
  D_30 Delta_31 = 435
  D_30 Delta_32 = 108345
D_30 negative linear = -11422743850896058304982246318358452480825344; negative quadratic = 0; lower margin = 12286543675669277818501480760367463908482352663570969083720898942993402701824
begin D_29 lower row
  D_29 Delta_29 = 1
  D_29 Delta_30 = 406
  D_29 Delta_31 = 94830
  D_29 Delta_32 = 16707481
D_29 negative linear = -2107249524112828143178919774935852634687626496; negative quadratic = 0; lower margin = 12286543675669277818501480760365368081702090731486095146192281448811195900672
begin D_28 lower row
  D_28 Delta_28 = 1
  D_28 Delta_29 = 378
  D_28 Delta_30 = 82621
  D_28 Delta_31 = 13674690
  D_28 Delta_32 = 1903582621
D_28 negative linear = -282357333801704756622412246511815657153616140032; negative quadratic = -199393451523272160; lower margin = 12286543675669277818501480760085117997424498803006861819455202250840744114976
minimum lower margin = D_28: 12286543675669277818501480760085117997424498803006861819455202250840744114976
