[replay] classical_low_rank_exact_b2_c2_post_m29_tail_certificate ...
[replay] classical_low_rank_exact_b2_c2_post_m29_tail_certificate: PASS (0.32s)
[replay] classical_low_rank_exact_b3_c3_post_m29_tail_certificate ...
[replay] classical_low_rank_exact_b3_c3_post_m29_tail_certificate: PASS (0.37s)
[replay] classical_low_rank_exact_d4_post_m29_tail_certificate ...
[replay] classical_low_rank_exact_d4_post_m29_tail_certificate: PASS (0.37s)
[replay] classical_low_rank_exact_b4_c4_post_m29_tail_certificate ...
[replay] classical_low_rank_exact_b4_c4_post_m29_tail_certificate: PASS (0.37s)
[replay] classical_low_rank_exact_d5_post_m29_tail_certificate ...
[replay] classical_low_rank_exact_d5_post_m29_tail_certificate: PASS (0.37s)
[replay] classical_low_rank_exact_b5_post_m29_tail_certificate ...
[replay] classical_low_rank_exact_b5_post_m29_tail_certificate: PASS (0.37s)
[replay] classical_low_rank_exact_d6_b6_post_m29_tail_certificate ...
[replay] classical_low_rank_exact_d6_b6_post_m29_tail_certificate: PASS (0.32s)
[replay] classical_low_rank_exact_d7_b7_c7_post_m29_tail_certificate ...
[replay] classical_low_rank_exact_d7_b7_c7_post_m29_tail_certificate: PASS (0.32s)
[replay] classical_low_rank_exact_d8_post_m29_tail_certificate ...
[replay] classical_low_rank_exact_d8_post_m29_tail_certificate: PASS (0.32s)
[replay] classical_low_rank_exact_b8_c9_d9_post_m29_tail_certificate ...
[replay] classical_low_rank_exact_b8_c9_d9_post_m29_tail_certificate: PASS (0.32s)
[replay] classical_low_bc_exact_mgf ...
[replay] classical_low_bc_exact_mgf: PASS (4.83s)
[replay] classical_d10_exact_tail ...
[replay] classical_d10_exact_tail: PASS (0.03s)
[replay] classical_d11_exact_mgf_onset75 ...
[replay] classical_d11_exact_mgf_onset75: PASS (0.22s)
[replay] classical_d11_onset75_bridge ...
[replay] classical_d11_onset75_bridge: PASS (0.03s)
[replay] classical_low_bc_source_pairing_b11 ...
[replay] classical_low_bc_source_pairing_b11: PASS (51.66s)
[replay] classical_low_bc_source_pairing_b12 ...
[replay] classical_low_bc_source_pairing_b12: PASS (86.43s)
[replay] classical_low_bc_source_pairing_b13 ...
[replay] classical_low_bc_source_pairing_b13: PASS (216.54s)
[replay] classical_low_bc_source_pairing_b14 ...
[replay] classical_low_bc_source_pairing_b14: PASS (8.74s)
[replay] classical_low_bc_source_pairing_b15 ...
[replay] classical_low_bc_source_pairing_b15: PASS (10.09s)
[replay] classical_low_bc_source_pairing_b16 ...
[replay] classical_low_bc_source_pairing_b16: PASS (9.99s)
[replay] classical_low_bc_source_pairing_b17 ...
[replay] classical_low_bc_source_pairing_b17: PASS (20.02s)
[replay] classical_low_bc_source_pairing_b18 ...
[replay] classical_low_bc_source_pairing_b18: PASS (14.65s)
[replay] classical_low_bc_source_pairing_c13 ...
[replay] classical_low_bc_source_pairing_c13: PASS (13.75s)
[replay] classical_low_bc_source_pairing_c14 ...
[replay] classical_low_bc_source_pairing_c14: PASS (70.24s)
[replay] classical_low_bc_source_pairing_c15 ...
[replay] classical_low_bc_source_pairing_c15: PASS (9.29s)
[replay] classical_low_bc_source_pairing_c16 ...
[replay] classical_low_bc_source_pairing_c16: PASS (9.89s)
[replay] classical_low_bc_source_pairing_c17 ...
[replay] classical_low_bc_source_pairing_c17: PASS (38.62s)
[replay] classical_low_bc_source_pairing_c18 ...
[replay] classical_low_bc_source_pairing_c18: PASS (13.60s)
[replay] classical_low_bc_exact_onset_bridge ...
[replay] classical_low_bc_exact_onset_bridge: PASS (0.37s)
[replay] classical_post_m29_bc_first_hit ...
[replay] classical_post_m29_bc_first_hit: PASS (4.18s)
__RUN_ID=fullq3classicalpost0001
__HOST=optimus
__WRAPPER_SHA256=77ad5695f7bafd0d9e1569902d9f303773c59c3192c88a0338a34b8d4933b8d9
__CLEAN_DRIVER_SHA256=98cdbb03930cf2bc139364d59f703a3352b0007803c5d47c15282ce696f480eb
__SOURCE_MANIFEST_SHA256=030229492cda95a0bb9c1d3183c3880880c2e29e8ee9e2cec717d32733b72ed5
FULL_Q3_CLASSICAL_POST tasks_passed=30 tasks_expected=30 failures=0
FULL_Q3_CLASSICAL_POST VERIFICATION: ALL PASS
__EXIT_STATUS=0
