m=28 remaining low-row lower certificate
stable Chain diff D(28) = 153889275723409762152911972708157654219985447590746073156624800187079091955425345536
negative linear coefficient indices = [27, 28, 29, 30, 31, 32, 33, 34]
negative quadratic pairs = [(0,59,-8), (1,58,-440), (2,57,-11864), (3,56,-209000), (4,55,-2704688), (5,54,-27410768), (6,53,-226472400), (7,52,-1567971504), (8,51,-9279424440), (9,50,-47648202888), (10,49,-214740051240), (11,48,-857117515800), (12,47,-3051600071520), (13,46,-9745874090400), (14,45,-28042705115040), (15,44,-72935904877920), (16,43,-171847064881800), (17,42,-367200514933560), (18,41,-711478029523800), (19,40,-1247835262978920), (20,39,-1973017012668240), (21,38,-2790596437028400), (22,37,-3478870024659120), (23,36,-3708486380398800), (24,35,-3135356667064440), (25,34,-1557564279767496), (27,34,-1035350614872644), (28,33,-3771634382750346), (29,32,-6199353065899994), (30,31,-7629973004184608)]
begin D_9 lower row
  D_9 Delta_9 = 1
  D_9 Delta_10 = 36
  D_9 Delta_11 = 1035
  D_9 Delta_12 = 26686
  D_9 Delta_13 = 659946
    depth 5: determinant reverse step 1/14 frontier=28 elapsed=0.00024035s
    depth 5: determinant reverse step 2/14 frontier=55 elapsed=0.00123269s
    depth 5: determinant reverse step 3/14 frontier=67 elapsed=0.00268179s
    depth 5: determinant reverse step 4/14 frontier=72 elapsed=0.00405379s
    depth 5: determinant reverse step 5/14 frontier=74 elapsed=0.00548274s
    depth 5: determinant reverse step 6/14 frontier=74 elapsed=0.00660672s
    depth 5: determinant reverse step 7/14 frontier=73 elapsed=0.00743929s
    depth 5: determinant reverse step 8/14 frontier=66 elapsed=0.00780097s
    depth 5: determinant reverse step 9/14 frontier=42 elapsed=0.00800091s
    depth 5: determinant reverse step 10/14 frontier=22 elapsed=0.00808252s
    depth 5: determinant reverse step 11/14 frontier=11 elapsed=0.00811374s
    depth 5: determinant reverse step 12/14 frontier=5 elapsed=0.00812325s
    depth 5: determinant reverse step 13/14 frontier=2 elapsed=0.00812605s
    depth 5: determinant reverse step 14/14 frontier=1 elapsed=0.00812802s
  D_9 Delta_14 = 16098160
    depth 6: determinant reverse step 1/15 frontier=47 elapsed=0.000412451s
    depth 6: determinant reverse step 2/15 frontier=95 elapsed=0.00180607s
    depth 6: determinant reverse step 3/15 frontier=120 elapsed=0.0043307s
    depth 6: determinant reverse step 4/15 frontier=132 elapsed=0.00694993s
    depth 6: determinant reverse step 5/15 frontier=137 elapsed=0.0093976s
    depth 6: determinant reverse step 6/15 frontier=139 elapsed=0.0111128s
    depth 6: determinant reverse step 7/15 frontier=136 elapsed=0.0123137s
    depth 6: determinant reverse step 8/15 frontier=120 elapsed=0.013088s
    depth 6: determinant reverse step 9/15 frontier=77 elapsed=0.0135281s
    depth 6: determinant reverse step 10/15 frontier=42 elapsed=0.0137274s
    depth 6: determinant reverse step 11/15 frontier=22 elapsed=0.0138106s
    depth 6: determinant reverse step 12/15 frontier=11 elapsed=0.0138389s
    depth 6: determinant reverse step 13/15 frontier=5 elapsed=0.0138484s
    depth 6: determinant reverse step 14/15 frontier=2 elapsed=0.0138512s
    depth 6: determinant reverse step 15/15 frontier=1 elapsed=0.0138527s
  D_9 Delta_15 = 393572284
    depth 7: determinant reverse step 1/16 frontier=73 elapsed=0.000526033s
    depth 7: determinant reverse step 2/16 frontier=156 elapsed=0.00271947s
    depth 7: determinant reverse step 3/16 frontier=204 elapsed=0.00687523s
    depth 7: determinant reverse step 4/16 frontier=230 elapsed=0.0135926s
    depth 7: determinant reverse step 5/16 frontier=242 elapsed=0.0188448s
    depth 7: determinant reverse step 6/16 frontier=246 elapsed=0.0236747s
    depth 7: determinant reverse step 7/16 frontier=241 elapsed=0.0276422s
    depth 7: determinant reverse step 8/16 frontier=209 elapsed=0.0292628s
    depth 7: determinant reverse step 9/16 frontier=135 elapsed=0.0304172s
    depth 7: determinant reverse step 10/16 frontier=77 elapsed=0.0309385s
    depth 7: determinant reverse step 11/16 frontier=42 elapsed=0.0311532s
    depth 7: determinant reverse step 12/16 frontier=22 elapsed=0.0312596s
    depth 7: determinant reverse step 13/16 frontier=11 elapsed=0.0313021s
    depth 7: determinant reverse step 14/16 frontier=5 elapsed=0.0313286s
    depth 7: determinant reverse step 15/16 frontier=2 elapsed=0.0313432s
    depth 7: determinant reverse step 16/16 frontier=1 elapsed=0.0313609s
  D_9 Delta_16 = 9733384155
    depth 8: determinant reverse step 1/17 frontier=114 elapsed=0.000812399s
    depth 8: determinant reverse step 2/17 frontier=251 elapsed=0.0050771s
    depth 8: determinant reverse step 3/17 frontier=338 elapsed=0.0121303s
    depth 8: determinant reverse step 4/17 frontier=389 elapsed=0.0202234s
    depth 8: determinant reverse step 5/17 frontier=415 elapsed=0.0277367s
    depth 8: determinant reverse step 6/17 frontier=424 elapsed=0.0339756s
    depth 8: determinant reverse step 7/17 frontier=413 elapsed=0.0386387s
    depth 8: determinant reverse step 8/17 frontier=355 elapsed=0.0418437s
    depth 8: determinant reverse step 9/17 frontier=231 elapsed=0.0437127s
    depth 8: determinant reverse step 10/17 frontier=135 elapsed=0.0446531s
    depth 8: determinant reverse step 11/17 frontier=77 elapsed=0.045477s
    depth 8: determinant reverse step 12/17 frontier=42 elapsed=0.0457734s
    depth 8: determinant reverse step 13/17 frontier=22 elapsed=0.0458619s
    depth 8: determinant reverse step 14/17 frontier=11 elapsed=0.0458917s
    depth 8: determinant reverse step 15/17 frontier=5 elapsed=0.0459009s
    depth 8: determinant reverse step 16/17 frontier=2 elapsed=0.0459038s
    depth 8: determinant reverse step 17/17 frontier=1 elapsed=0.0459054s
  D_9 Delta_17 = 244880847139
    depth 9: determinant reverse step 1/18 frontier=170 elapsed=0.0010801s
    depth 9: determinant reverse step 2/18 frontier=391 elapsed=0.00677613s
    depth 9: determinant reverse step 3/18 frontier=543 elapsed=0.0196423s
    depth 9: determinant reverse step 4/18 frontier=637 elapsed=0.0336369s
    depth 9: determinant reverse step 5/18 frontier=688 elapsed=0.0461616s
    depth 9: determinant reverse step 6/18 frontier=707 elapsed=0.0582207s
    depth 9: determinant reverse step 7/18 frontier=686 elapsed=0.0668748s
    depth 9: determinant reverse step 8/18 frontier=583 elapsed=0.0727858s
    depth 9: determinant reverse step 9/18 frontier=385 elapsed=0.0764133s
    depth 9: determinant reverse step 10/18 frontier=231 elapsed=0.0783375s
    depth 9: determinant reverse step 11/18 frontier=135 elapsed=0.0793046s
    depth 9: determinant reverse step 12/18 frontier=77 elapsed=0.0797581s
    depth 9: determinant reverse step 13/18 frontier=42 elapsed=0.0799722s
    depth 9: determinant reverse step 14/18 frontier=22 elapsed=0.0800527s
    depth 9: determinant reverse step 15/18 frontier=11 elapsed=0.0800866s
    depth 9: determinant reverse step 16/18 frontier=5 elapsed=0.0800981s
    depth 9: determinant reverse step 17/18 frontier=2 elapsed=0.0801011s
    depth 9: determinant reverse step 18/18 frontier=1 elapsed=0.0801026s
  D_9 Delta_18 = 6289710484339
    depth 10: determinant reverse step 1/19 frontier=253 elapsed=0.00149814s
    depth 10: determinant reverse step 2/19 frontier=599 elapsed=0.0106629s
    depth 10: determinant reverse step 3/19 frontier=854 elapsed=0.0289837s
    depth 10: determinant reverse step 4/19 frontier=1021 elapsed=0.0525865s
    depth 10: determinant reverse step 5/19 frontier=1115 elapsed=0.0739329s
    depth 10: determinant reverse step 6/19 frontier=1151 elapsed=0.0922652s
    depth 10: determinant reverse step 7/19 frontier=1114 elapsed=0.1065s
    depth 10: determinant reverse step 8/19 frontier=939 elapsed=0.116593s
    depth 10: determinant reverse step 9/19 frontier=625 elapsed=0.122994s
    depth 10: determinant reverse step 10/19 frontier=385 elapsed=0.126832s
    depth 10: determinant reverse step 11/19 frontier=231 elapsed=0.128736s
    depth 10: determinant reverse step 12/19 frontier=135 elapsed=0.129692s
    depth 10: determinant reverse step 13/19 frontier=77 elapsed=0.130162s
    depth 10: determinant reverse step 14/19 frontier=42 elapsed=0.130365s
    depth 10: determinant reverse step 15/19 frontier=22 elapsed=0.130451s
    depth 10: determinant reverse step 16/19 frontier=11 elapsed=0.130485s
    depth 10: determinant reverse step 17/19 frontier=5 elapsed=0.130496s
    depth 10: determinant reverse step 18/19 frontier=2 elapsed=0.1305s
    depth 10: determinant reverse step 19/19 frontier=1 elapsed=0.130502s
  D_9 Delta_19 = 165291011567838
    depth 11: determinant reverse step 1/20 frontier=365 elapsed=0.00209574s
    depth 11: determinant reverse step 2/20 frontier=897 elapsed=0.0156667s
    depth 11: determinant reverse step 3/20 frontier=1313 elapsed=0.0426804s
    depth 11: determinant reverse step 4/20 frontier=1597 elapsed=0.0776277s
    depth 11: determinant reverse step 5/20 frontier=1764 elapsed=0.113786s
    depth 11: determinant reverse step 6/20 frontier=1829 elapsed=0.144371s
    depth 11: determinant reverse step 7/20 frontier=1765 elapsed=0.169264s
    depth 11: determinant reverse step 8/20 frontier=1479 elapsed=0.186784s
    depth 11: determinant reverse step 9/20 frontier=995 elapsed=0.197676s
    depth 11: determinant reverse step 10/20 frontier=625 elapsed=0.205889s
    depth 11: determinant reverse step 11/20 frontier=385 elapsed=0.209667s
    depth 11: determinant reverse step 12/20 frontier=231 elapsed=0.211633s
    depth 11: determinant reverse step 13/20 frontier=135 elapsed=0.212612s
    depth 11: determinant reverse step 14/20 frontier=77 elapsed=0.213077s
    depth 11: determinant reverse step 15/20 frontier=42 elapsed=0.213282s
    depth 11: determinant reverse step 16/20 frontier=22 elapsed=0.213387s
    depth 11: determinant reverse step 17/20 frontier=11 elapsed=0.213425s
    depth 11: determinant reverse step 18/20 frontier=5 elapsed=0.213438s
    depth 11: determinant reverse step 19/20 frontier=2 elapsed=0.213441s
    depth 11: determinant reverse step 20/20 frontier=1 elapsed=0.213443s
  D_9 Delta_20 = 4450368838345966
    depth 12: determinant reverse step 1/21 frontier=525 elapsed=0.00285422s
    depth 12: determinant reverse step 2/21 frontier=1326 elapsed=0.0203314s
    depth 12: determinant reverse step 3/21 frontier=1988 elapsed=0.0609051s
    depth 12: determinant reverse step 4/21 frontier=2457 elapsed=0.114971s
    depth 12: determinant reverse step 5/21 frontier=2741 elapsed=0.169201s
    depth 12: determinant reverse step 6/21 frontier=2855 elapsed=0.219665s
    depth 12: determinant reverse step 7/21 frontier=2748 elapsed=0.259938s
    depth 12: determinant reverse step 8/21 frontier=2290 elapsed=0.289493s
    depth 12: determinant reverse step 9/21 frontier=1556 elapsed=0.310963s
    depth 12: determinant reverse step 10/21 frontier=995 elapsed=0.322727s
    depth 12: determinant reverse step 11/21 frontier=625 elapsed=0.329351s
    depth 12: determinant reverse step 12/21 frontier=385 elapsed=0.333302s
    depth 12: determinant reverse step 13/21 frontier=231 elapsed=0.335277s
    depth 12: determinant reverse step 14/21 frontier=135 elapsed=0.336255s
    depth 12: determinant reverse step 15/21 frontier=77 elapsed=0.336717s
    depth 12: determinant reverse step 16/21 frontier=42 elapsed=0.33695s
    depth 12: determinant reverse step 17/21 frontier=22 elapsed=0.337039s
    depth 12: determinant reverse step 18/21 frontier=11 elapsed=0.337077s
    depth 12: determinant reverse step 19/21 frontier=5 elapsed=0.33709s
    depth 12: determinant reverse step 20/21 frontier=2 elapsed=0.337093s
    depth 12: determinant reverse step 21/21 frontier=1 elapsed=0.337095s
  D_9 Delta_21 = 122859474682781305
    depth 13: determinant reverse step 1/22 frontier=738 elapsed=0.0037644s
    depth 13: determinant reverse step 2/22 frontier=1926 elapsed=0.0292608s
    depth 13: determinant reverse step 3/22 frontier=2956 elapsed=0.0905695s
    depth 13: determinant reverse step 4/22 frontier=3712 elapsed=0.179683s
    depth 13: determinant reverse step 5/22 frontier=4181 elapsed=0.264345s
    depth 13: determinant reverse step 6/22 frontier=4371 elapsed=0.342036s
    depth 13: determinant reverse step 7/22 frontier=4200 elapsed=0.40747s
    depth 13: determinant reverse step 8/22 frontier=3486 elapsed=0.457331s
    depth 13: determinant reverse step 9/22 frontier=2391 elapsed=0.489947s
    depth 13: determinant reverse step 10/22 frontier=1556 elapsed=0.509783s
    depth 13: determinant reverse step 11/22 frontier=995 elapsed=0.521446s
    depth 13: determinant reverse step 12/22 frontier=625 elapsed=0.528031s
    depth 13: determinant reverse step 13/22 frontier=385 elapsed=0.531632s
    depth 13: determinant reverse step 14/22 frontier=231 elapsed=0.533543s
    depth 13: determinant reverse step 15/22 frontier=135 elapsed=0.534525s
    depth 13: determinant reverse step 16/22 frontier=77 elapsed=0.534988s
    depth 13: determinant reverse step 17/22 frontier=42 elapsed=0.535204s
    depth 13: determinant reverse step 18/22 frontier=22 elapsed=0.535293s
    depth 13: determinant reverse step 19/22 frontier=11 elapsed=0.53533s
    depth 13: determinant reverse step 20/22 frontier=5 elapsed=0.535339s
    depth 13: determinant reverse step 21/22 frontier=2 elapsed=0.535345s
    depth 13: determinant reverse step 22/22 frontier=1 elapsed=0.535346s
  D_9 Delta_22 = 3479016549620170986
    depth 14: determinant reverse step 1/23 frontier=1033 elapsed=0.00512975s
    depth 14: determinant reverse step 2/23 frontier=2767 elapsed=0.0419575s
    depth 14: determinant reverse step 3/23 frontier=4339 elapsed=0.129942s
    depth 14: determinant reverse step 4/23 frontier=5529 elapsed=0.250204s
    depth 14: determinant reverse step 5/23 frontier=6285 elapsed=0.381831s
    depth 14: determinant reverse step 6/23 frontier=6594 elapsed=0.503079s
    depth 14: determinant reverse step 7/23 frontier=6323 elapsed=0.609136s
    depth 14: determinant reverse step 8/23 frontier=5233 elapsed=0.689203s
    depth 14: determinant reverse step 9/23 frontier=3621 elapsed=0.753126s
    depth 14: determinant reverse step 10/23 frontier=2391 elapsed=0.785439s
    depth 14: determinant reverse step 11/23 frontier=1556 elapsed=0.804786s
    depth 14: determinant reverse step 12/23 frontier=995 elapsed=0.816034s
    depth 14: determinant reverse step 13/23 frontier=625 elapsed=0.822428s
    depth 14: determinant reverse step 14/23 frontier=385 elapsed=0.825968s
    depth 14: determinant reverse step 15/23 frontier=231 elapsed=0.829396s
    depth 14: determinant reverse step 16/23 frontier=135 elapsed=0.83035s
    depth 14: determinant reverse step 17/23 frontier=77 elapsed=0.830788s
    depth 14: determinant reverse step 18/23 frontier=42 elapsed=0.830983s
    depth 14: determinant reverse step 19/23 frontier=22 elapsed=0.831067s
    depth 14: determinant reverse step 20/23 frontier=11 elapsed=0.831095s
    depth 14: determinant reverse step 21/23 frontier=5 elapsed=0.831105s
    depth 14: determinant reverse step 22/23 frontier=2 elapsed=0.831108s
    depth 14: determinant reverse step 23/23 frontier=1 elapsed=0.83111s
  D_9 Delta_23 = 101063107894888856596
    depth 15: determinant reverse step 1/24 frontier=1422 elapsed=0.00649074s
    depth 15: determinant reverse step 2/24 frontier=3921 elapsed=0.0543275s
    depth 15: determinant reverse step 3/24 frontier=6282 elapsed=0.175425s
    depth 15: determinant reverse step 4/24 frontier=8118 elapsed=0.348121s
    depth 15: determinant reverse step 5/24 frontier=9308 elapsed=0.536324s
    depth 15: determinant reverse step 6/24 frontier=9800 elapsed=0.715783s
    depth 15: determinant reverse step 7/24 frontier=9381 elapsed=0.869261s
    depth 15: determinant reverse step 8/24 frontier=7745 elapsed=0.99755s
    depth 15: determinant reverse step 9/24 frontier=5409 elapsed=1.07959s
    depth 15: determinant reverse step 10/24 frontier=3621 elapsed=1.13356s
    depth 15: determinant reverse step 11/24 frontier=2391 elapsed=1.16463s
    depth 15: determinant reverse step 12/24 frontier=1556 elapsed=1.18469s
    depth 15: determinant reverse step 13/24 frontier=995 elapsed=1.19627s
    depth 15: determinant reverse step 14/24 frontier=625 elapsed=1.20279s
    depth 15: determinant reverse step 15/24 frontier=385 elapsed=1.20638s
    depth 15: determinant reverse step 16/24 frontier=231 elapsed=1.20831s
    depth 15: determinant reverse step 17/24 frontier=135 elapsed=1.20927s
    depth 15: determinant reverse step 18/24 frontier=77 elapsed=1.20971s
    depth 15: determinant reverse step 19/24 frontier=42 elapsed=1.20991s
    depth 15: determinant reverse step 20/24 frontier=22 elapsed=1.20999s
    depth 15: determinant reverse step 21/24 frontier=11 elapsed=1.21003s
    depth 15: determinant reverse step 22/24 frontier=5 elapsed=1.21004s
    depth 15: determinant reverse step 23/24 frontier=2 elapsed=1.21004s
    depth 15: determinant reverse step 24/24 frontier=1 elapsed=1.21004s
  D_9 Delta_24 = 3011544270731484860062
    depth 16: determinant reverse step 1/25 frontier=1948 elapsed=0.00860116s
    depth 16: determinant reverse step 2/25 frontier=5504 elapsed=0.0763056s
    depth 16: determinant reverse step 3/25 frontier=8994 elapsed=0.250367s
    depth 16: determinant reverse step 4/25 frontier=11781 elapsed=0.502783s
    depth 16: determinant reverse step 5/25 frontier=13617 elapsed=0.783335s
    depth 16: determinant reverse step 6/25 frontier=14381 elapsed=1.06333s
    depth 16: determinant reverse step 7/25 frontier=13747 elapsed=1.30018s
    depth 16: determinant reverse step 8/25 frontier=11329 elapsed=1.48311s
    depth 16: determinant reverse step 9/25 frontier=7976 elapsed=1.61458s
    depth 16: determinant reverse step 10/25 frontier=5409 elapsed=1.69974s
    depth 16: determinant reverse step 11/25 frontier=3621 elapsed=1.75234s
    depth 16: determinant reverse step 12/25 frontier=2391 elapsed=1.78459s
    depth 16: determinant reverse step 13/25 frontier=1556 elapsed=1.80554s
    depth 16: determinant reverse step 14/25 frontier=995 elapsed=1.81704s
    depth 16: determinant reverse step 15/25 frontier=625 elapsed=1.82353s
    depth 16: determinant reverse step 16/25 frontier=385 elapsed=1.82714s
    depth 16: determinant reverse step 17/25 frontier=231 elapsed=1.82906s
    depth 16: determinant reverse step 18/25 frontier=135 elapsed=1.83002s
    depth 16: determinant reverse step 19/25 frontier=77 elapsed=1.83047s
    depth 16: determinant reverse step 20/25 frontier=42 elapsed=1.83067s
    depth 16: determinant reverse step 21/25 frontier=22 elapsed=1.83076s
    depth 16: determinant reverse step 22/25 frontier=11 elapsed=1.83079s
    depth 16: determinant reverse step 23/25 frontier=5 elapsed=1.83081s
    depth 16: determinant reverse step 24/25 frontier=2 elapsed=1.83081s
    depth 16: determinant reverse step 25/25 frontier=1 elapsed=1.83081s
  D_9 Delta_25 = 92036839845666325430676
    depth 18: determinant reverse step 1/27 frontier=3542 elapsed=0.0147569s
    depth 18: determinant reverse step 2/27 frontier=10517 elapsed=0.149659s
    depth 18: determinant reverse step 3/27 frontier=17850 elapsed=0.505276s
    depth 18: determinant reverse step 4/27 frontier=23977 elapsed=1.0591s
    depth 18: determinant reverse step 5/27 frontier=28138 elapsed=1.68471s
    depth 18: determinant reverse step 6/27 frontier=29888 elapsed=2.29048s
    depth 18: determinant reverse step 7/27 frontier=28496 elapsed=2.82049s
    depth 18: determinant reverse step 8/27 frontier=23439 elapsed=3.24021s
    depth 18: determinant reverse step 9/27 frontier=16765 elapsed=3.57537s
    depth 18: determinant reverse step 10/27 frontier=11626 elapsed=3.78163s
    depth 18: determinant reverse step 11/27 frontier=7976 elapsed=3.91326s
    depth 18: determinant reverse step 12/27 frontier=5409 elapsed=3.99794s
    depth 18: determinant reverse step 13/27 frontier=3621 elapsed=4.05009s
    depth 18: determinant reverse step 14/27 frontier=2391 elapsed=4.08414s
    depth 18: determinant reverse step 15/27 frontier=1556 elapsed=4.10351s
    depth 18: determinant reverse step 16/27 frontier=995 elapsed=4.11495s
    depth 18: determinant reverse step 17/27 frontier=625 elapsed=4.12141s
    depth 18: determinant reverse step 18/27 frontier=385 elapsed=4.12502s
    depth 18: determinant reverse step 19/27 frontier=231 elapsed=4.12693s
    depth 18: determinant reverse step 20/27 frontier=135 elapsed=4.12788s
    depth 18: determinant reverse step 21/27 frontier=77 elapsed=4.12833s
    depth 18: determinant reverse step 22/27 frontier=42 elapsed=4.12853s
    depth 18: determinant reverse step 23/27 frontier=22 elapsed=4.12861s
    depth 18: determinant reverse step 24/27 frontier=11 elapsed=4.12864s
    depth 18: determinant reverse step 25/27 frontier=5 elapsed=4.12865s
    depth 18: determinant reverse step 26/27 frontier=2 elapsed=4.12865s
    depth 18: determinant reverse step 27/27 frontier=1 elapsed=4.12865s
  D_9 Delta_27 = 92620924603436522077510726
    depth 19: determinant reverse step 1/28 frontier=4713 elapsed=0.0182952s
    depth 19: determinant reverse step 2/28 frontier=14341 elapsed=0.18691s
    depth 19: determinant reverse step 3/28 frontier=24783 elapsed=0.679681s
    depth 19: determinant reverse step 4/28 frontier=33692 elapsed=1.43525s
    depth 19: determinant reverse step 5/28 frontier=39819 elapsed=2.29717s
    depth 19: determinant reverse step 6/28 frontier=42404 elapsed=3.17354s
    depth 19: determinant reverse step 7/28 frontier=40390 elapsed=3.96604s
    depth 19: determinant reverse step 8/28 frontier=33209 elapsed=4.60828s
    depth 19: determinant reverse step 9/28 frontier=23928 elapsed=5.07535s
    depth 19: determinant reverse step 10/28 frontier=16765 elapsed=5.38673s
    depth 19: determinant reverse step 11/28 frontier=11626 elapsed=5.58948s
    depth 19: determinant reverse step 12/28 frontier=7976 elapsed=5.73082s
    depth 19: determinant reverse step 13/28 frontier=5409 elapsed=5.81701s
    depth 19: determinant reverse step 14/28 frontier=3621 elapsed=5.86932s
    depth 19: determinant reverse step 15/28 frontier=2391 elapsed=5.9014s
    depth 19: determinant reverse step 16/28 frontier=1556 elapsed=5.92228s
    depth 19: determinant reverse step 17/28 frontier=995 elapsed=5.93386s
    depth 19: determinant reverse step 18/28 frontier=625 elapsed=5.9404s
    depth 19: determinant reverse step 19/28 frontier=385 elapsed=5.94404s
    depth 19: determinant reverse step 20/28 frontier=231 elapsed=5.94596s
    depth 19: determinant reverse step 21/28 frontier=135 elapsed=5.94694s
    depth 19: determinant reverse step 22/28 frontier=77 elapsed=5.94745s
    depth 19: determinant reverse step 23/28 frontier=42 elapsed=5.94767s
    depth 19: determinant reverse step 24/28 frontier=22 elapsed=5.94776s
    depth 19: determinant reverse step 25/28 frontier=11 elapsed=5.94779s
    depth 19: determinant reverse step 26/28 frontier=5 elapsed=5.94781s
    depth 19: determinant reverse step 27/28 frontier=2 elapsed=5.94781s
    depth 19: determinant reverse step 28/28 frontier=1 elapsed=5.94781s
  D_9 Delta_28 = 3047622236441466453610072776
    depth 20: determinant reverse step 1/29 frontier=6242 elapsed=0.023833s
    depth 20: determinant reverse step 2/29 frontier=19413 elapsed=0.246644s
    depth 20: determinant reverse step 3/29 frontier=34128 elapsed=0.920682s
    depth 20: determinant reverse step 4/29 frontier=46928 elapsed=1.97555s
    depth 20: determinant reverse step 5/29 frontier=55837 elapsed=3.20627s
    depth 20: determinant reverse step 6/29 frontier=59606 elapsed=4.46648s
    depth 20: determinant reverse step 7/29 frontier=56719 elapsed=5.62204s
    depth 20: determinant reverse step 8/29 frontier=46632 elapsed=6.55588s
    depth 20: determinant reverse step 9/29 frontier=33834 elapsed=7.22931s
    depth 20: determinant reverse step 10/29 frontier=23928 elapsed=7.69899s
    depth 20: determinant reverse step 11/29 frontier=16765 elapsed=8.00617s
    depth 20: determinant reverse step 12/29 frontier=11626 elapsed=8.2089s
    depth 20: determinant reverse step 13/29 frontier=7976 elapsed=8.34073s
    depth 20: determinant reverse step 14/29 frontier=5409 elapsed=8.43363s
    depth 20: determinant reverse step 15/29 frontier=3621 elapsed=8.48692s
    depth 20: determinant reverse step 16/29 frontier=2391 elapsed=8.52071s
    depth 20: determinant reverse step 17/29 frontier=1556 elapsed=8.54011s
    depth 20: determinant reverse step 18/29 frontier=995 elapsed=8.55155s
    depth 20: determinant reverse step 19/29 frontier=625 elapsed=8.55807s
    depth 20: determinant reverse step 20/29 frontier=385 elapsed=8.56165s
    depth 20: determinant reverse step 21/29 frontier=231 elapsed=8.56355s
    depth 20: determinant reverse step 22/29 frontier=135 elapsed=8.56451s
    depth 20: determinant reverse step 23/29 frontier=77 elapsed=8.56495s
    depth 20: determinant reverse step 24/29 frontier=42 elapsed=8.56515s
    depth 20: determinant reverse step 25/29 frontier=22 elapsed=8.56525s
    depth 20: determinant reverse step 26/29 frontier=11 elapsed=8.56528s
    depth 20: determinant reverse step 27/29 frontier=5 elapsed=8.56529s
    depth 20: determinant reverse step 28/29 frontier=2 elapsed=8.56529s
    depth 20: determinant reverse step 29/29 frontier=1 elapsed=8.5653s
  D_9 Delta_29 = 102697081814663796343880676106
    depth 21: determinant reverse step 1/30 frontier=8193 elapsed=0.0325364s
    depth 21: determinant reverse step 2/30 frontier=26066 elapsed=0.334198s
    depth 21: determinant reverse step 3/30 frontier=46604 elapsed=1.24922s
    depth 21: determinant reverse step 4/30 frontier=64796 elapsed=2.74494s
    depth 21: determinant reverse step 5/30 frontier=77596 elapsed=4.48359s
    depth 21: determinant reverse step 6/30 frontier=83028 elapsed=6.26189s
    depth 21: determinant reverse step 7/30 frontier=78941 elapsed=7.90428s
    depth 21: determinant reverse step 8/30 frontier=64912 elapsed=9.24019s
    depth 21: determinant reverse step 9/30 frontier=47420 elapsed=10.2306s
    depth 21: determinant reverse step 10/30 frontier=33834 elapsed=10.9263s
    depth 21: determinant reverse step 11/30 frontier=23928 elapsed=11.3838s
    depth 21: determinant reverse step 12/30 frontier=16765 elapsed=11.6911s
    depth 21: determinant reverse step 13/30 frontier=11626 elapsed=11.9092s
    depth 21: determinant reverse step 14/30 frontier=7976 elapsed=12.0437s
    depth 21: determinant reverse step 15/30 frontier=5409 elapsed=12.1285s
    depth 21: determinant reverse step 16/30 frontier=3621 elapsed=12.1808s
    depth 21: determinant reverse step 17/30 frontier=2391 elapsed=12.2148s
    depth 21: determinant reverse step 18/30 frontier=1556 elapsed=12.2348s
    depth 21: determinant reverse step 19/30 frontier=995 elapsed=12.2464s
    depth 21: determinant reverse step 20/30 frontier=625 elapsed=12.253s
    depth 21: determinant reverse step 21/30 frontier=385 elapsed=12.2566s
    depth 21: determinant reverse step 22/30 frontier=231 elapsed=12.2586s
    depth 21: determinant reverse step 23/30 frontier=135 elapsed=12.2595s
    depth 21: determinant reverse step 24/30 frontier=77 elapsed=12.26s
    depth 21: determinant reverse step 25/30 frontier=42 elapsed=12.2602s
    depth 21: determinant reverse step 26/30 frontier=22 elapsed=12.2603s
    depth 21: determinant reverse step 27/30 frontier=11 elapsed=12.2603s
    depth 21: determinant reverse step 28/30 frontier=5 elapsed=12.2603s
    depth 21: determinant reverse step 29/30 frontier=2 elapsed=12.2603s
    depth 21: determinant reverse step 30/30 frontier=1 elapsed=12.2603s
  D_9 Delta_30 = 3542487740248687804971664837792
    depth 22: determinant reverse step 1/31 frontier=10705 elapsed=0.0385877s
    depth 22: determinant reverse step 2/31 frontier=34771 elapsed=0.436171s
    depth 22: determinant reverse step 3/31 frontier=63175 elapsed=1.67896s
    depth 22: determinant reverse step 4/31 frontier=88778 elapsed=3.66827s
    depth 22: determinant reverse step 5/31 frontier=106970 elapsed=6.06332s
    depth 22: determinant reverse step 6/31 frontier=114705 elapsed=8.59132s
    depth 22: determinant reverse step 7/31 frontier=108981 elapsed=10.9238s
    depth 22: determinant reverse step 8/31 frontier=89646 elapsed=12.8932s
    depth 22: determinant reverse step 9/31 frontier=65907 elapsed=14.3617s
    depth 22: determinant reverse step 10/31 frontier=47420 elapsed=15.3636s
    depth 22: determinant reverse step 11/31 frontier=33834 elapsed=16.0557s
    depth 22: determinant reverse step 12/31 frontier=23928 elapsed=16.5144s
    depth 22: determinant reverse step 13/31 frontier=16765 elapsed=16.8306s
    depth 22: determinant reverse step 14/31 frontier=11626 elapsed=17.0353s
    depth 22: determinant reverse step 15/31 frontier=7976 elapsed=17.1687s
    depth 22: determinant reverse step 16/31 frontier=5409 elapsed=17.2523s
    depth 22: determinant reverse step 17/31 frontier=3621 elapsed=17.3066s
    depth 22: determinant reverse step 18/31 frontier=2391 elapsed=17.338s
    depth 22: determinant reverse step 19/31 frontier=1556 elapsed=17.3594s
    depth 22: determinant reverse step 20/31 frontier=995 elapsed=17.371s
    depth 22: determinant reverse step 21/31 frontier=625 elapsed=17.3776s
    depth 22: determinant reverse step 22/31 frontier=385 elapsed=17.3813s
    depth 22: determinant reverse step 23/31 frontier=231 elapsed=17.3832s
    depth 22: determinant reverse step 24/31 frontier=135 elapsed=17.3842s
    depth 22: determinant reverse step 25/31 frontier=77 elapsed=17.3846s
    depth 22: determinant reverse step 26/31 frontier=42 elapsed=17.3848s
    depth 22: determinant reverse step 27/31 frontier=22 elapsed=17.3849s
    depth 22: determinant reverse step 28/31 frontier=11 elapsed=17.385s
    depth 22: determinant reverse step 29/31 frontier=5 elapsed=17.385s
    depth 22: determinant reverse step 30/31 frontier=2 elapsed=17.385s
    depth 22: determinant reverse step 31/31 frontier=1 elapsed=17.385s
  D_9 Delta_31 = 125030379503120630833413979833930
    depth 23: determinant reverse step 1/32 frontier=13881 elapsed=0.0484975s
    depth 23: determinant reverse step 2/32 frontier=46057 elapsed=0.584848s
    depth 23: determinant reverse step 3/32 frontier=85011 elapsed=2.23452s
    depth 23: determinant reverse step 4/32 frontier=120704 elapsed=5.02453s
    depth 23: determinant reverse step 5/32 frontier=146307 elapsed=8.39869s
    depth 23: determinant reverse step 6/32 frontier=157210 elapsed=11.9319s
    depth 23: determinant reverse step 7/32 frontier=149269 elapsed=15.2756s
    depth 23: determinant reverse step 8/32 frontier=122862 elapsed=18.0879s
    depth 23: determinant reverse step 9/32 frontier=90889 elapsed=20.223s
    depth 23: determinant reverse step 10/32 frontier=65907 elapsed=21.7061s
    depth 23: determinant reverse step 11/32 frontier=47420 elapsed=22.7127s
    depth 23: determinant reverse step 12/32 frontier=33834 elapsed=23.4098s
    depth 23: determinant reverse step 13/32 frontier=23928 elapsed=23.8675s
    depth 23: determinant reverse step 14/32 frontier=16765 elapsed=24.1815s
    depth 23: determinant reverse step 15/32 frontier=11626 elapsed=24.3968s
    depth 23: determinant reverse step 16/32 frontier=7976 elapsed=24.5299s
    depth 23: determinant reverse step 17/32 frontier=5409 elapsed=24.6174s
    depth 23: determinant reverse step 18/32 frontier=3621 elapsed=24.6703s
    depth 23: determinant reverse step 19/32 frontier=2391 elapsed=24.7045s
    depth 23: determinant reverse step 20/32 frontier=1556 elapsed=24.7243s
    depth 23: determinant reverse step 21/32 frontier=995 elapsed=24.7359s
    depth 23: determinant reverse step 22/32 frontier=625 elapsed=24.7426s
    depth 23: determinant reverse step 23/32 frontier=385 elapsed=24.7462s
    depth 23: determinant reverse step 24/32 frontier=231 elapsed=24.7483s
    depth 23: determinant reverse step 25/32 frontier=135 elapsed=24.7492s
    depth 23: determinant reverse step 26/32 frontier=77 elapsed=24.7497s
    depth 23: determinant reverse step 27/32 frontier=42 elapsed=24.7499s
    depth 23: determinant reverse step 28/32 frontier=22 elapsed=24.75s
    depth 23: determinant reverse step 29/32 frontier=11 elapsed=24.75s
    depth 23: determinant reverse step 30/32 frontier=5 elapsed=24.75s
    depth 23: determinant reverse step 31/32 frontier=2 elapsed=24.75s
    depth 23: determinant reverse step 32/32 frontier=1 elapsed=24.75s
  D_9 Delta_32 = 4513164269125774239648866946494242
    depth 24: determinant reverse step 1/33 frontier=17923 elapsed=0.0636459s
    depth 24: determinant reverse step 2/33 frontier=60649 elapsed=0.763906s
    depth 24: determinant reverse step 3/33 frontier=113655 elapsed=3.06008s
    depth 24: determinant reverse step 4/33 frontier=162987 elapsed=6.99834s
    depth 24: determinant reverse step 5/33 frontier=198680 elapsed=11.7789s
    depth 24: determinant reverse step 6/33 frontier=213905 elapsed=16.8626s
    depth 24: determinant reverse step 7/33 frontier=202983 elapsed=21.5552s
    depth 24: determinant reverse step 8/33 frontier=167192 elapsed=25.4641s
    depth 24: determinant reverse step 9/33 frontier=124418 elapsed=28.4346s
    depth 24: determinant reverse step 10/33 frontier=90889 elapsed=30.5426s
    depth 24: determinant reverse step 11/33 frontier=65907 elapsed=32.0267s
    depth 24: determinant reverse step 12/33 frontier=47420 elapsed=33.0378s
    depth 24: determinant reverse step 13/33 frontier=33834 elapsed=33.7256s
    depth 24: determinant reverse step 14/33 frontier=23928 elapsed=34.2018s
    depth 24: determinant reverse step 15/33 frontier=16765 elapsed=34.5165s
    depth 24: determinant reverse step 16/33 frontier=11626 elapsed=34.7239s
    depth 24: determinant reverse step 17/33 frontier=7976 elapsed=34.8592s
    depth 24: determinant reverse step 18/33 frontier=5409 elapsed=34.9453s
    depth 24: determinant reverse step 19/33 frontier=3621 elapsed=34.9979s
    depth 24: determinant reverse step 20/33 frontier=2391 elapsed=35.0318s
    depth 24: determinant reverse step 21/33 frontier=1556 elapsed=35.0514s
    depth 24: determinant reverse step 22/33 frontier=995 elapsed=35.063s
    depth 24: determinant reverse step 23/33 frontier=625 elapsed=35.0695s
    depth 24: determinant reverse step 24/33 frontier=385 elapsed=35.0732s
    depth 24: determinant reverse step 25/33 frontier=231 elapsed=35.0752s
    depth 24: determinant reverse step 26/33 frontier=135 elapsed=35.0761s
    depth 24: determinant reverse step 27/33 frontier=77 elapsed=35.0766s
    depth 24: determinant reverse step 28/33 frontier=42 elapsed=35.0768s
    depth 24: determinant reverse step 29/33 frontier=22 elapsed=35.0769s
    depth 24: determinant reverse step 30/33 frontier=11 elapsed=35.0769s
    depth 24: determinant reverse step 31/33 frontier=5 elapsed=35.0769s
    depth 24: determinant reverse step 32/33 frontier=2 elapsed=35.0769s
    depth 24: determinant reverse step 33/33 frontier=1 elapsed=35.0769s
  D_9 Delta_33 = 166535263118773684918046649513006172
    depth 25: determinant reverse step 1/34 frontier=22990 elapsed=0.0782049s
    depth 25: determinant reverse step 2/34 frontier=79368 elapsed=0.974742s
    depth 25: determinant reverse step 3/34 frontier=150958 elapsed=3.91833s
    depth 25: determinant reverse step 4/34 frontier=218592 elapsed=9.09037s
    depth 25: determinant reverse step 5/34 frontier=267924 elapsed=15.5036s
    depth 25: determinant reverse step 6/34 frontier=288989 elapsed=22.3176s
    depth 25: determinant reverse step 7/34 frontier=274107 elapsed=28.7439s
    depth 25: determinant reverse step 8/34 frontier=225973 elapsed=34.1693s
    depth 25: determinant reverse step 9/34 frontier=169120 elapsed=38.4118s
    depth 25: determinant reverse step 10/34 frontier=124418 elapsed=41.3472s
    depth 25: determinant reverse step 11/34 frontier=90889 elapsed=43.3984s
    depth 25: determinant reverse step 12/34 frontier=65907 elapsed=44.8434s
    depth 25: determinant reverse step 13/34 frontier=47420 elapsed=45.8444s
    depth 25: determinant reverse step 14/34 frontier=33834 elapsed=46.5196s
    depth 25: determinant reverse step 15/34 frontier=23928 elapsed=46.9876s
    depth 25: determinant reverse step 16/34 frontier=16765 elapsed=47.2957s
    depth 25: determinant reverse step 17/34 frontier=11626 elapsed=47.501s
    depth 25: determinant reverse step 18/34 frontier=7976 elapsed=47.6332s
    depth 25: determinant reverse step 19/34 frontier=5409 elapsed=47.7191s
    depth 25: determinant reverse step 20/34 frontier=3621 elapsed=47.7809s
    depth 25: determinant reverse step 21/34 frontier=2391 elapsed=47.8139s
    depth 25: determinant reverse step 22/34 frontier=1556 elapsed=47.8336s
    depth 25: determinant reverse step 23/34 frontier=995 elapsed=47.8451s
    depth 25: determinant reverse step 24/34 frontier=625 elapsed=47.8517s
    depth 25: determinant reverse step 25/34 frontier=385 elapsed=47.8554s
    depth 25: determinant reverse step 26/34 frontier=231 elapsed=47.8573s
    depth 25: determinant reverse step 27/34 frontier=135 elapsed=47.8583s
    depth 25: determinant reverse step 28/34 frontier=77 elapsed=47.8587s
    depth 25: determinant reverse step 29/34 frontier=42 elapsed=47.859s
    depth 25: determinant reverse step 30/34 frontier=22 elapsed=47.8591s
    depth 25: determinant reverse step 31/34 frontier=11 elapsed=47.8591s
    depth 25: determinant reverse step 32/34 frontier=5 elapsed=47.8591s
    depth 25: determinant reverse step 33/34 frontier=2 elapsed=47.8591s
    depth 25: determinant reverse step 34/34 frontier=1 elapsed=47.8591s
  D_9 Delta_34 = 6279033079458477424465053172872962610
    depth 26: determinant reverse step 1/35 frontier=29371 elapsed=0.0968274s
    depth 26: determinant reverse step 2/35 frontier=103314 elapsed=1.22766s
    depth 26: determinant reverse step 3/35 frontier=199335 elapsed=5.06428s
    depth 26: determinant reverse step 4/35 frontier=291353 elapsed=11.834s
    depth 26: determinant reverse step 5/35 frontier=358987 elapsed=20.4143s
    depth 26: determinant reverse step 6/35 frontier=387891 elapsed=29.8575s
    depth 26: determinant reverse step 7/35 frontier=367757 elapsed=39.0548s
    depth 26: determinant reverse step 8/35 frontier=303478 elapsed=46.7781s
    depth 26: determinant reverse step 9/35 frontier=228364 elapsed=52.6794s
    depth 26: determinant reverse step 10/35 frontier=169120 elapsed=56.8815s
    depth 26: determinant reverse step 11/35 frontier=124418 elapsed=59.9245s
    depth 26: determinant reverse step 12/35 frontier=90889 elapsed=62.0827s
    depth 26: determinant reverse step 13/35 frontier=65907 elapsed=63.5827s
    depth 26: determinant reverse step 14/35 frontier=47420 elapsed=64.6233s
    depth 26: determinant reverse step 15/35 frontier=33834 elapsed=65.3294s
    depth 26: determinant reverse step 16/35 frontier=23928 elapsed=65.7943s
    depth 26: determinant reverse step 17/35 frontier=16765 elapsed=66.1219s
    depth 26: determinant reverse step 18/35 frontier=11626 elapsed=66.3306s
    depth 26: determinant reverse step 19/35 frontier=7976 elapsed=66.4641s
    depth 26: determinant reverse step 20/35 frontier=5409 elapsed=66.5512s
    depth 26: determinant reverse step 21/35 frontier=3621 elapsed=66.6057s
    depth 26: determinant reverse step 22/35 frontier=2391 elapsed=66.6383s
    depth 26: determinant reverse step 23/35 frontier=1556 elapsed=66.6592s
    depth 26: determinant reverse step 24/35 frontier=995 elapsed=66.6705s
    depth 26: determinant reverse step 25/35 frontier=625 elapsed=66.6768s
    depth 26: determinant reverse step 26/35 frontier=385 elapsed=66.6804s
    depth 26: determinant reverse step 27/35 frontier=231 elapsed=66.6841s
    depth 26: determinant reverse step 28/35 frontier=135 elapsed=66.6851s
    depth 26: determinant reverse step 29/35 frontier=77 elapsed=66.6857s
    depth 26: determinant reverse step 30/35 frontier=42 elapsed=66.6859s
    depth 26: determinant reverse step 31/35 frontier=22 elapsed=66.6861s
    depth 26: determinant reverse step 32/35 frontier=11 elapsed=66.6861s
    depth 26: determinant reverse step 33/35 frontier=5 elapsed=66.6861s
    depth 26: determinant reverse step 34/35 frontier=2 elapsed=66.6861s
    depth 26: determinant reverse step 35/35 frontier=1 elapsed=66.6861s
  D_9 Delta_35 = 241793577514879040408566760140324723882
    depth 27: determinant reverse step 1/36 frontier=37309 elapsed=0.124274s
    depth 27: determinant reverse step 2/36 frontier=133740 elapsed=1.66049s
    depth 27: determinant reverse step 3/36 frontier=261686 elapsed=6.7923s
    depth 27: determinant reverse step 4/36 frontier=385982 elapsed=15.9735s
    depth 27: determinant reverse step 5/36 frontier=478000 elapsed=27.6524s
    depth 27: determinant reverse step 6/36 frontier=517359 elapsed=40.4304s
    depth 27: determinant reverse step 7/36 frontier=490332 elapsed=52.4957s
    depth 27: determinant reverse step 8/36 frontier=405066 elapsed=62.5344s
    depth 27: determinant reverse step 9/36 frontier=306421 elapsed=70.1779s
    depth 27: determinant reverse step 10/36 frontier=228364 elapsed=75.7352s
    depth 27: determinant reverse step 11/36 frontier=169120 elapsed=79.7585s
    depth 27: determinant reverse step 12/36 frontier=124418 elapsed=82.6259s
    depth 27: determinant reverse step 13/36 frontier=90889 elapsed=84.6425s
    depth 27: determinant reverse step 14/36 frontier=65907 elapsed=86.0721s
    depth 27: determinant reverse step 15/36 frontier=47420 elapsed=87.0501s
    depth 27: determinant reverse step 16/36 frontier=33834 elapsed=87.7289s
    depth 27: determinant reverse step 17/36 frontier=23928 elapsed=88.1862s
    depth 27: determinant reverse step 18/36 frontier=16765 elapsed=88.4949s
    depth 27: determinant reverse step 19/36 frontier=11626 elapsed=88.6928s
    depth 27: determinant reverse step 20/36 frontier=7976 elapsed=88.8261s
    depth 27: determinant reverse step 21/36 frontier=5409 elapsed=88.91s
    depth 27: determinant reverse step 22/36 frontier=3621 elapsed=88.9622s
    depth 27: determinant reverse step 23/36 frontier=2391 elapsed=88.9941s
    depth 27: determinant reverse step 24/36 frontier=1556 elapsed=89.0155s
    depth 27: determinant reverse step 25/36 frontier=995 elapsed=89.0271s
    depth 27: determinant reverse step 26/36 frontier=625 elapsed=89.0336s
    depth 27: determinant reverse step 27/36 frontier=385 elapsed=89.0373s
    depth 27: determinant reverse step 28/36 frontier=231 elapsed=89.0393s
    depth 27: determinant reverse step 29/36 frontier=135 elapsed=89.0403s
    depth 27: determinant reverse step 30/36 frontier=77 elapsed=89.0407s
    depth 27: determinant reverse step 31/36 frontier=42 elapsed=89.0409s
    depth 27: determinant reverse step 32/36 frontier=22 elapsed=89.041s
    depth 27: determinant reverse step 33/36 frontier=11 elapsed=89.0411s
    depth 27: determinant reverse step 34/36 frontier=5 elapsed=89.0411s
    depth 27: determinant reverse step 35/36 frontier=2 elapsed=89.0411s
    depth 27: determinant reverse step 36/36 frontier=1 elapsed=89.0411s
  D_9 Delta_36 = 9505362831501194581012331704967430601200
    depth 28: determinant reverse step 1/37 frontier=47213 elapsed=0.143765s
    depth 28: determinant reverse step 2/37 frontier=172290 elapsed=1.96472s
    depth 28: determinant reverse step 3/37 frontier=341716 elapsed=8.49651s
    depth 28: determinant reverse step 4/37 frontier=508488 elapsed=20.5777s
    depth 28: determinant reverse step 5/37 frontier=632784 elapsed=36.3636s
    depth 28: determinant reverse step 6/37 frontier=685976 elapsed=53.3181s
    depth 28: determinant reverse step 7/37 frontier=649949 elapsed=69.9096s
    depth 28: determinant reverse step 8/37 frontier=537545 elapsed=84.4153s
    depth 28: determinant reverse step 9/37 frontier=408687 elapsed=95.4817s
    depth 28: determinant reverse step 10/37 frontier=306421 elapsed=103.835s
    depth 28: determinant reverse step 11/37 frontier=228364 elapsed=110.388s
    depth 28: determinant reverse step 12/37 frontier=169120 elapsed=114.921s
    depth 28: determinant reverse step 13/37 frontier=124418 elapsed=118.089s
    depth 28: determinant reverse step 14/37 frontier=90889 elapsed=120.258s
    depth 28: determinant reverse step 15/37 frontier=65907 elapsed=121.761s
    depth 28: determinant reverse step 16/37 frontier=47420 elapsed=122.798s
    depth 28: determinant reverse step 17/37 frontier=33834 elapsed=123.522s
    depth 28: determinant reverse step 18/37 frontier=23928 elapsed=124.006s
    depth 28: determinant reverse step 19/37 frontier=16765 elapsed=124.336s
    depth 28: determinant reverse step 20/37 frontier=11626 elapsed=124.55s
    depth 28: determinant reverse step 21/37 frontier=7976 elapsed=124.688s
    depth 28: determinant reverse step 22/37 frontier=5409 elapsed=124.777s
    depth 28: determinant reverse step 23/37 frontier=3621 elapsed=124.832s
    depth 28: determinant reverse step 24/37 frontier=2391 elapsed=124.867s
    depth 28: determinant reverse step 25/37 frontier=1556 elapsed=124.887s
    depth 28: determinant reverse step 26/37 frontier=995 elapsed=124.899s
    depth 28: determinant reverse step 27/37 frontier=625 elapsed=124.906s
    depth 28: determinant reverse step 28/37 frontier=385 elapsed=124.91s
    depth 28: determinant reverse step 29/37 frontier=231 elapsed=124.912s
    depth 28: determinant reverse step 30/37 frontier=135 elapsed=124.913s
    depth 28: determinant reverse step 31/37 frontier=77 elapsed=124.913s
    depth 28: determinant reverse step 32/37 frontier=42 elapsed=124.913s
    depth 28: determinant reverse step 33/37 frontier=22 elapsed=124.914s
    depth 28: determinant reverse step 34/37 frontier=11 elapsed=124.914s
    depth 28: determinant reverse step 35/37 frontier=5 elapsed=124.914s
    depth 28: determinant reverse step 36/37 frontier=2 elapsed=124.914s
    depth 28: determinant reverse step 37/37 frontier=1 elapsed=124.914s
  D_9 Delta_37 = 381306471837496741902845159493413315432832
    depth 29: determinant reverse step 1/38 frontier=59444 elapsed=0.190093s
    depth 29: determinant reverse step 2/38 frontier=220846 elapsed=2.83131s
    depth 29: determinant reverse step 3/38 frontier=443879 elapsed=12.1834s
    depth 29: determinant reverse step 4/38 frontier=666203 elapsed=28.2133s
    depth 29: determinant reverse step 5/38 frontier=832975 elapsed=49.3867s
    depth 29: determinant reverse step 6/38 frontier=904373 elapsed=73.3413s
    depth 29: determinant reverse step 7/38 frontier=856666 elapsed=96.1217s
    depth 29: determinant reverse step 8/38 frontier=709393 elapsed=115.603s
    depth 29: determinant reverse step 9/38 frontier=541971 elapsed=130.448s
    depth 29: determinant reverse step 10/38 frontier=408687 elapsed=141.475s
    depth 29: determinant reverse step 11/38 frontier=306421 elapsed=149.54s
    depth 29: determinant reverse step 12/38 frontier=228364 elapsed=155.323s
    depth 29: determinant reverse step 13/38 frontier=169120 elapsed=159.487s
    depth 29: determinant reverse step 14/38 frontier=124418 elapsed=162.453s
    depth 29: determinant reverse step 15/38 frontier=90889 elapsed=164.558s
    depth 29: determinant reverse step 16/38 frontier=65907 elapsed=166.018s
    depth 29: determinant reverse step 17/38 frontier=47420 elapsed=167.031s
    depth 29: determinant reverse step 18/38 frontier=33834 elapsed=167.736s
    depth 29: determinant reverse step 19/38 frontier=23928 elapsed=168.205s
    depth 29: determinant reverse step 20/38 frontier=16765 elapsed=168.53s
    depth 29: determinant reverse step 21/38 frontier=11626 elapsed=168.739s
    depth 29: determinant reverse step 22/38 frontier=7976 elapsed=168.877s
    depth 29: determinant reverse step 23/38 frontier=5409 elapsed=168.966s
    depth 29: determinant reverse step 24/38 frontier=3621 elapsed=169.021s
    depth 29: determinant reverse step 25/38 frontier=2391 elapsed=169.055s
    depth 29: determinant reverse step 26/38 frontier=1556 elapsed=169.076s
    depth 29: determinant reverse step 27/38 frontier=995 elapsed=169.088s
    depth 29: determinant reverse step 28/38 frontier=625 elapsed=169.095s
    depth 29: determinant reverse step 29/38 frontier=385 elapsed=169.098s
    depth 29: determinant reverse step 30/38 frontier=231 elapsed=169.101s
    depth 29: determinant reverse step 31/38 frontier=135 elapsed=169.102s
    depth 29: determinant reverse step 32/38 frontier=77 elapsed=169.102s
    depth 29: determinant reverse step 33/38 frontier=42 elapsed=169.102s
    depth 29: determinant reverse step 34/38 frontier=22 elapsed=169.102s
    depth 29: determinant reverse step 35/38 frontier=11 elapsed=169.102s
    depth 29: determinant reverse step 36/38 frontier=5 elapsed=169.102s
    depth 29: determinant reverse step 37/38 frontier=2 elapsed=169.102s
    depth 29: determinant reverse step 38/38 frontier=1 elapsed=169.102s
  D_9 Delta_38 = 15601780913657106797055302085979923165553432
    depth 30: determinant reverse step 1/39 frontier=74579 elapsed=0.23164s
    depth 30: determinant reverse step 2/39 frontier=281834 elapsed=3.26868s
    depth 30: determinant reverse step 3/39 frontier=573803 elapsed=14.2351s
    depth 30: determinant reverse step 4/39 frontier=868393 elapsed=34.8605s
    depth 30: determinant reverse step 5/39 frontier=1090717 elapsed=63.3861s
    depth 30: determinant reverse step 6/39 frontier=1185932 elapsed=95.0885s
    depth 30: determinant reverse step 7/39 frontier=1123142 elapsed=125.593s
    depth 30: determinant reverse step 8/39 frontier=931245 elapsed=151.937s
    depth 30: determinant reverse step 9/39 frontier=714802 elapsed=172.099s
    depth 30: determinant reverse step 10/39 frontier=541971 elapsed=187.213s
    depth 30: determinant reverse step 11/39 frontier=408687 elapsed=198.252s
    depth 30: determinant reverse step 12/39 frontier=306421 elapsed=206.298s
    depth 30: determinant reverse step 13/39 frontier=228364 elapsed=212.17s
    depth 30: determinant reverse step 14/39 frontier=169120 elapsed=216.313s
    depth 30: determinant reverse step 15/39 frontier=124418 elapsed=219.259s
    depth 30: determinant reverse step 16/39 frontier=90889 elapsed=221.346s
    depth 30: determinant reverse step 17/39 frontier=65907 elapsed=222.804s
    depth 30: determinant reverse step 18/39 frontier=47420 elapsed=223.819s
    depth 30: determinant reverse step 19/39 frontier=33834 elapsed=224.508s
    depth 30: determinant reverse step 20/39 frontier=23928 elapsed=224.983s
    depth 30: determinant reverse step 21/39 frontier=16765 elapsed=225.297s
    depth 30: determinant reverse step 22/39 frontier=11626 elapsed=225.503s
    depth 30: determinant reverse step 23/39 frontier=7976 elapsed=225.646s
    depth 30: determinant reverse step 24/39 frontier=5409 elapsed=225.733s
    depth 30: determinant reverse step 25/39 frontier=3621 elapsed=225.786s
    depth 30: determinant reverse step 26/39 frontier=2391 elapsed=225.818s
    depth 30: determinant reverse step 27/39 frontier=1556 elapsed=225.84s
    depth 30: determinant reverse step 28/39 frontier=995 elapsed=225.851s
    depth 30: determinant reverse step 29/39 frontier=625 elapsed=225.858s
    depth 30: determinant reverse step 30/39 frontier=385 elapsed=225.862s
    depth 30: determinant reverse step 31/39 frontier=231 elapsed=225.864s
    depth 30: determinant reverse step 32/39 frontier=135 elapsed=225.865s
    depth 30: determinant reverse step 33/39 frontier=77 elapsed=225.865s
    depth 30: determinant reverse step 34/39 frontier=42 elapsed=225.865s
    depth 30: determinant reverse step 35/39 frontier=22 elapsed=225.865s
    depth 30: determinant reverse step 36/39 frontier=11 elapsed=225.865s
    depth 30: determinant reverse step 37/39 frontier=5 elapsed=225.865s
    depth 30: determinant reverse step 38/39 frontier=2 elapsed=225.865s
    depth 30: determinant reverse step 39/39 frontier=1 elapsed=225.865s
  D_9 Delta_39 = 650856534047343784792287357764749411068030174
    depth 31: determinant reverse step 1/40 frontier=93144 elapsed=0.275662s
    depth 31: determinant reverse step 2/40 frontier=358038 elapsed=4.08919s
    depth 31: determinant reverse step 3/40 frontier=738207 elapsed=17.959s
    depth 31: determinant reverse step 4/40 frontier=1126311 elapsed=44.7938s
    depth 31: determinant reverse step 5/40 frontier=1420901 elapsed=81.812s
    depth 31: determinant reverse step 6/40 frontier=1547090 elapsed=123.68s
    depth 31: determinant reverse step 7/40 frontier=1464965 elapsed=165.149s
    depth 31: determinant reverse step 8/40 frontier=1216286 elapsed=200.65s
    depth 31: determinant reverse step 9/40 frontier=937815 elapsed=228.321s
    depth 31: determinant reverse step 10/40 frontier=714802 elapsed=248.987s
    depth 31: determinant reverse step 11/40 frontier=541971 elapsed=264.011s
    depth 31: determinant reverse step 12/40 frontier=408687 elapsed=275.039s
    depth 31: determinant reverse step 13/40 frontier=306421 elapsed=283.02s
    depth 31: determinant reverse step 14/40 frontier=228364 elapsed=288.953s
    depth 31: determinant reverse step 15/40 frontier=169120 elapsed=293.261s
    depth 31: determinant reverse step 16/40 frontier=124418 elapsed=296.332s
    depth 31: determinant reverse step 17/40 frontier=90889 elapsed=298.482s
    depth 31: determinant reverse step 18/40 frontier=65907 elapsed=299.974s
    depth 31: determinant reverse step 19/40 frontier=47420 elapsed=300.997s
    depth 31: determinant reverse step 20/40 frontier=33834 elapsed=301.692s
    depth 31: determinant reverse step 21/40 frontier=23928 elapsed=302.188s
    depth 31: determinant reverse step 22/40 frontier=16765 elapsed=302.542s
    depth 31: determinant reverse step 23/40 frontier=11626 elapsed=302.756s
    depth 31: determinant reverse step 24/40 frontier=7976 elapsed=302.907s
    depth 31: determinant reverse step 25/40 frontier=5409 elapsed=302.997s
    depth 31: determinant reverse step 26/40 frontier=3621 elapsed=303.051s
    depth 31: determinant reverse step 27/40 frontier=2391 elapsed=303.086s
    depth 31: determinant reverse step 28/40 frontier=1556 elapsed=303.106s
    depth 31: determinant reverse step 29/40 frontier=995 elapsed=303.118s
    depth 31: determinant reverse step 30/40 frontier=625 elapsed=303.125s
    depth 31: determinant reverse step 31/40 frontier=385 elapsed=303.128s
    depth 31: determinant reverse step 32/40 frontier=231 elapsed=303.13s
    depth 31: determinant reverse step 33/40 frontier=135 elapsed=303.131s
    depth 31: determinant reverse step 34/40 frontier=77 elapsed=303.132s
    depth 31: determinant reverse step 35/40 frontier=42 elapsed=303.132s
    depth 31: determinant reverse step 36/40 frontier=22 elapsed=303.132s
    depth 31: determinant reverse step 37/40 frontier=11 elapsed=303.132s
    depth 31: determinant reverse step 38/40 frontier=5 elapsed=303.132s
    depth 31: determinant reverse step 39/40 frontier=2 elapsed=303.132s
    depth 31: determinant reverse step 40/40 frontier=1 elapsed=303.132s
  D_9 Delta_40 = 27671183808743443502823777876961471523658613320
    depth 32: determinant reverse step 1/41 frontier=115944 elapsed=0.357608s
    depth 32: determinant reverse step 2/41 frontier=452996 elapsed=5.31563s
    depth 32: determinant reverse step 3/41 frontier=945509 elapsed=23.5359s
    depth 32: determinant reverse step 4/41 frontier=1454008 elapsed=58.5801s
    depth 32: determinant reverse step 5/41 frontier=1842112 elapsed=107.666s
    depth 32: determinant reverse step 6/41 frontier=2008372 elapsed=163.532s
    depth 32: determinant reverse step 7/41 frontier=1901533 elapsed=217.938s
    depth 32: determinant reverse step 8/41 frontier=1580909 elapsed=265.018s
    depth 32: determinant reverse step 9/41 frontier=1224262 elapsed=301.482s
    depth 32: determinant reverse step 10/41 frontier=937815 elapsed=329.265s
    depth 32: determinant reverse step 11/41 frontier=714802 elapsed=349.668s
    depth 32: determinant reverse step 12/41 frontier=541971 elapsed=364.842s
    depth 32: determinant reverse step 13/41 frontier=408687 elapsed=376.149s
    depth 32: determinant reverse step 14/41 frontier=306421 elapsed=384.264s
    depth 32: determinant reverse step 15/41 frontier=228364 elapsed=390.107s
    depth 32: determinant reverse step 16/41 frontier=169120 elapsed=394.298s
    depth 32: determinant reverse step 17/41 frontier=124418 elapsed=397.221s
    depth 32: determinant reverse step 18/41 frontier=90889 elapsed=399.419s
    depth 32: determinant reverse step 19/41 frontier=65907 elapsed=400.937s
    depth 32: determinant reverse step 20/41 frontier=47420 elapsed=401.985s
    depth 32: determinant reverse step 21/41 frontier=33834 elapsed=402.717s
    depth 32: determinant reverse step 22/41 frontier=23928 elapsed=403.202s
    depth 32: determinant reverse step 23/41 frontier=16765 elapsed=403.542s
    depth 32: determinant reverse step 24/41 frontier=11626 elapsed=403.754s
    depth 32: determinant reverse step 25/41 frontier=7976 elapsed=403.891s
    depth 32: determinant reverse step 26/41 frontier=5409 elapsed=403.983s
    depth 32: determinant reverse step 27/41 frontier=3621 elapsed=404.039s
    depth 32: determinant reverse step 28/41 frontier=2391 elapsed=404.072s
    depth 32: determinant reverse step 29/41 frontier=1556 elapsed=404.093s
    depth 32: determinant reverse step 30/41 frontier=995 elapsed=404.105s
    depth 32: determinant reverse step 31/41 frontier=625 elapsed=404.111s
    depth 32: determinant reverse step 32/41 frontier=385 elapsed=404.115s
    depth 32: determinant reverse step 33/41 frontier=231 elapsed=404.117s
    depth 32: determinant reverse step 34/41 frontier=135 elapsed=404.118s
    depth 32: determinant reverse step 35/41 frontier=77 elapsed=404.119s
    depth 32: determinant reverse step 36/41 frontier=42 elapsed=404.119s
    depth 32: determinant reverse step 37/41 frontier=22 elapsed=404.119s
    depth 32: determinant reverse step 38/41 frontier=11 elapsed=404.119s
    depth 32: determinant reverse step 39/41 frontier=5 elapsed=404.119s
    depth 32: determinant reverse step 40/41 frontier=2 elapsed=404.119s
    depth 32: determinant reverse step 41/41 frontier=1 elapsed=404.119s
  D_9 Delta_41 = 1198465725807280859274953520774233635382915618025
    depth 33: determinant reverse step 1/42 frontier=143737 elapsed=0.454285s
    depth 33: determinant reverse step 2/42 frontier=570772 elapsed=6.66912s
    depth 33: determinant reverse step 3/42 frontier=1205738 elapsed=29.7679s
    depth 33: determinant reverse step 4/42 frontier=1868499 elapsed=75.4144s
    depth 33: determinant reverse step 5/42 frontier=2376998 elapsed=139.554s
    depth 33: determinant reverse step 6/42 frontier=2594854 elapsed=212.923s
    depth 33: determinant reverse step 7/42 frontier=2456630 elapsed=284.839s
    depth 33: determinant reverse step 8/42 frontier=2045270 elapsed=347.245s
    depth 33: determinant reverse step 9/42 frontier=1590544 elapsed=396.49s
    depth 33: determinant reverse step 10/42 frontier=1224262 elapsed=433.979s
    depth 33: determinant reverse step 11/42 frontier=937815 elapsed=462.02s
    depth 33: determinant reverse step 12/42 frontier=714802 elapsed=482.725s
    depth 33: determinant reverse step 13/42 frontier=541971 elapsed=498.038s
    depth 33: determinant reverse step 14/42 frontier=408687 elapsed=509.625s
    depth 33: determinant reverse step 15/42 frontier=306421 elapsed=518.081s
    depth 33: determinant reverse step 16/42 frontier=228364 elapsed=524.319s
    depth 33: determinant reverse step 17/42 frontier=169120 elapsed=528.63s
    depth 33: determinant reverse step 18/42 frontier=124418 elapsed=531.667s
    depth 33: determinant reverse step 19/42 frontier=90889 elapsed=533.815s
    depth 33: determinant reverse step 20/42 frontier=65907 elapsed=535.321s
    depth 33: determinant reverse step 21/42 frontier=47420 elapsed=536.355s
    depth 33: determinant reverse step 22/42 frontier=33834 elapsed=537.088s
    depth 33: determinant reverse step 23/42 frontier=23928 elapsed=537.579s
    depth 33: determinant reverse step 24/42 frontier=16765 elapsed=537.901s
    depth 33: determinant reverse step 25/42 frontier=11626 elapsed=538.116s
    depth 33: determinant reverse step 26/42 frontier=7976 elapsed=538.254s
    depth 33: determinant reverse step 27/42 frontier=5409 elapsed=538.343s
    depth 33: determinant reverse step 28/42 frontier=3621 elapsed=538.405s
    depth 33: determinant reverse step 29/42 frontier=2391 elapsed=538.439s
    depth 33: determinant reverse step 30/42 frontier=1556 elapsed=538.46s
    depth 33: determinant reverse step 31/42 frontier=995 elapsed=538.472s
    depth 33: determinant reverse step 32/42 frontier=625 elapsed=538.478s
    depth 33: determinant reverse step 33/42 frontier=385 elapsed=538.482s
    depth 33: determinant reverse step 34/42 frontier=231 elapsed=538.484s
    depth 33: determinant reverse step 35/42 frontier=135 elapsed=538.485s
    depth 33: determinant reverse step 36/42 frontier=77 elapsed=538.486s
    depth 33: determinant reverse step 37/42 frontier=42 elapsed=538.486s
    depth 33: determinant reverse step 38/42 frontier=22 elapsed=538.486s
    depth 33: determinant reverse step 39/42 frontier=11 elapsed=538.486s
    depth 33: determinant reverse step 40/42 frontier=5 elapsed=538.486s
    depth 33: determinant reverse step 41/42 frontier=2 elapsed=538.486s
    depth 33: determinant reverse step 42/42 frontier=1 elapsed=538.486s
  D_9 Delta_42 = 52857508738347957125553930713138832751915541758260
    depth 34: determinant reverse step 1/43 frontier=177635 elapsed=0.509046s
    depth 34: determinant reverse step 2/43 frontier=716463 elapsed=8.43688s
    depth 34: determinant reverse step 3/43 frontier=1531299 elapsed=37.7562s
    depth 34: determinant reverse step 4/43 frontier=2390830 elapsed=97.2708s
    depth 34: determinant reverse step 5/43 frontier=3053591 elapsed=179.442s
    depth 34: determinant reverse step 6/43 frontier=3337525 elapsed=276.245s
    depth 34: determinant reverse step 7/43 frontier=3159604 elapsed=372.504s
    depth 34: determinant reverse step 8/43 frontier=2634265 elapsed=456.925s
    depth 34: determinant reverse step 9/43 frontier=2056896 elapsed=524.132s
    depth 34: determinant reverse step 10/43 frontier=1590544 elapsed=574.315s
    depth 34: determinant reverse step 11/43 frontier=1224262 elapsed=613.453s
    depth 34: determinant reverse step 12/43 frontier=937815 elapsed=642.546s
    depth 34: determinant reverse step 13/43 frontier=714802 elapsed=663.781s
    depth 34: determinant reverse step 14/43 frontier=541971 elapsed=679.666s
    depth 34: determinant reverse step 15/43 frontier=408687 elapsed=691.214s
    depth 34: determinant reverse step 16/43 frontier=306421 elapsed=699.687s
    depth 34: determinant reverse step 17/43 frontier=228364 elapsed=705.872s
    depth 34: determinant reverse step 18/43 frontier=169120 elapsed=710.162s
    depth 34: determinant reverse step 19/43 frontier=124418 elapsed=713.206s
    depth 34: determinant reverse step 20/43 frontier=90889 elapsed=715.357s
    depth 34: determinant reverse step 21/43 frontier=65907 elapsed=716.888s
    depth 34: determinant reverse step 22/43 frontier=47420 elapsed=718.155s
    depth 34: determinant reverse step 23/43 frontier=33834 elapsed=718.91s
    depth 34: determinant reverse step 24/43 frontier=23928 elapsed=719.447s
    depth 34: determinant reverse step 25/43 frontier=16765 elapsed=719.783s
    depth 34: determinant reverse step 26/43 frontier=11626 elapsed=720s
    depth 34: determinant reverse step 27/43 frontier=7976 elapsed=720.142s
    depth 34: determinant reverse step 28/43 frontier=5409 elapsed=720.23s
    depth 34: determinant reverse step 29/43 frontier=3621 elapsed=720.286s
    depth 34: determinant reverse step 30/43 frontier=2391 elapsed=720.319s
    depth 34: determinant reverse step 31/43 frontier=1556 elapsed=720.341s
    depth 34: determinant reverse step 32/43 frontier=995 elapsed=720.353s
    depth 34: determinant reverse step 33/43 frontier=625 elapsed=720.36s
    depth 34: determinant reverse step 34/43 frontier=385 elapsed=720.364s
    depth 34: determinant reverse step 35/43 frontier=231 elapsed=720.366s
    depth 34: determinant reverse step 36/43 frontier=135 elapsed=720.367s
    depth 34: determinant reverse step 37/43 frontier=77 elapsed=720.367s
    depth 34: determinant reverse step 38/43 frontier=42 elapsed=720.368s
    depth 34: determinant reverse step 39/43 frontier=22 elapsed=720.368s
    depth 34: determinant reverse step 40/43 frontier=11 elapsed=720.368s
    depth 34: determinant reverse step 41/43 frontier=5 elapsed=720.368s
    depth 34: determinant reverse step 42/43 frontier=2 elapsed=720.368s
    depth 34: determinant reverse step 43/43 frontier=1 elapsed=720.368s
  D_9 Delta_43 = 2373025747952164112122949102733346777230599007000735
    depth 35: determinant reverse step 1/44 frontier=218715 elapsed=0.856479s
    depth 35: determinant reverse step 2/44 frontier=895933 elapsed=11.1898s
    depth 35: determinant reverse step 3/44 frontier=1936953 elapsed=51.549s
    depth 35: determinant reverse step 4/44 frontier=3046346 elapsed=130.444s
    depth 35: determinant reverse step 5/44 frontier=3905877 elapsed=243.114s
    depth 35: determinant reverse step 6/44 frontier=4274081 elapsed=376.649s
    depth 35: determinant reverse step 7/44 frontier=4046188 elapsed=507.058s
    depth 35: determinant reverse step 8/44 frontier=3378319 elapsed=620.714s
    depth 35: determinant reverse step 9/44 frontier=2648233 elapsed=711.228s
    depth 35: determinant reverse step 10/44 frontier=2056896 elapsed=778.071s
    depth 35: determinant reverse step 11/44 frontier=1590544 elapsed=829.455s
    depth 35: determinant reverse step 12/44 frontier=1224262 elapsed=868.289s
    depth 35: determinant reverse step 13/44 frontier=937815 elapsed=897.292s
    depth 35: determinant reverse step 14/44 frontier=714802 elapsed=919.108s
    depth 35: determinant reverse step 15/44 frontier=541971 elapsed=934.707s
    depth 35: determinant reverse step 16/44 frontier=408687 elapsed=946.145s
    depth 35: determinant reverse step 17/44 frontier=306421 elapsed=954.703s
    depth 35: determinant reverse step 18/44 frontier=228364 elapsed=960.692s
    depth 35: determinant reverse step 19/44 frontier=169120 elapsed=965.005s
    depth 35: determinant reverse step 20/44 frontier=124418 elapsed=968.248s
    depth 35: determinant reverse step 21/44 frontier=90889 elapsed=970.37s
    depth 35: determinant reverse step 22/44 frontier=65907 elapsed=971.901s
    depth 35: determinant reverse step 23/44 frontier=47420 elapsed=972.933s
    depth 35: determinant reverse step 24/44 frontier=33834 elapsed=973.632s
    depth 35: determinant reverse step 25/44 frontier=23928 elapsed=974.154s
    depth 35: determinant reverse step 26/44 frontier=16765 elapsed=974.49s
    depth 35: determinant reverse step 27/44 frontier=11626 elapsed=974.704s
    depth 35: determinant reverse step 28/44 frontier=7976 elapsed=974.87s
    depth 35: determinant reverse step 29/44 frontier=5409 elapsed=974.966s
    depth 35: determinant reverse step 30/44 frontier=3621 elapsed=975.022s
    depth 35: determinant reverse step 31/44 frontier=2391 elapsed=975.055s
    depth 35: determinant reverse step 32/44 frontier=1556 elapsed=975.077s
    depth 35: determinant reverse step 33/44 frontier=995 elapsed=975.089s
    depth 35: determinant reverse step 34/44 frontier=625 elapsed=975.096s
    depth 35: determinant reverse step 35/44 frontier=385 elapsed=975.101s
    depth 35: determinant reverse step 36/44 frontier=231 elapsed=975.103s
    depth 35: determinant reverse step 37/44 frontier=135 elapsed=975.104s
    depth 35: determinant reverse step 38/44 frontier=77 elapsed=975.104s
    depth 35: determinant reverse step 39/44 frontier=42 elapsed=975.105s
    depth 35: determinant reverse step 40/44 frontier=22 elapsed=975.105s
    depth 35: determinant reverse step 41/44 frontier=11 elapsed=975.105s
    depth 35: determinant reverse step 42/44 frontier=5 elapsed=975.105s
    depth 35: determinant reverse step 43/44 frontier=2 elapsed=975.105s
    depth 35: determinant reverse step 44/44 frontier=1 elapsed=975.105s
  D_9 Delta_44 = 108404683006437418212376083389151021282992252927109966
    depth 36: determinant reverse step 1/45 frontier=268505 elapsed=0.758853s
    depth 36: determinant reverse step 2/45 frontier=1116450 elapsed=12.7942s
    depth 36: determinant reverse step 3/45 frontier=2440808 elapsed=60.8597s
    depth 36: determinant reverse step 4/45 frontier=3866172 elapsed=158.81s
    depth 36: determinant reverse step 5/45 frontier=4975565 elapsed=303.025s
    depth 36: determinant reverse step 6/45 frontier=5450752 elapsed=471.042s
    depth 36: determinant reverse step 7/45 frontier=5160190 elapsed=638.25s
    depth 36: determinant reverse step 8/45 frontier=4314693 elapsed=785.387s
    depth 36: determinant reverse step 9/45 frontier=3395084 elapsed=903.7s
    depth 36: determinant reverse step 10/45 frontier=2648233 elapsed=993.953s
    depth 36: determinant reverse step 11/45 frontier=2056896 elapsed=1063.05s
    depth 36: determinant reverse step 12/45 frontier=1590544 elapsed=1114.84s
    depth 36: determinant reverse step 13/45 frontier=1224262 elapsed=1153.61s
    depth 36: determinant reverse step 14/45 frontier=937815 elapsed=1182.27s
    depth 36: determinant reverse step 15/45 frontier=714802 elapsed=1203.34s
    depth 36: determinant reverse step 16/45 frontier=541971 elapsed=1219.06s
    depth 36: determinant reverse step 17/45 frontier=408687 elapsed=1230.61s
    depth 36: determinant reverse step 18/45 frontier=306421 elapsed=1239.18s
    depth 36: determinant reverse step 19/45 frontier=228364 elapsed=1245.11s
    depth 36: determinant reverse step 20/45 frontier=169120 elapsed=1249.63s
    depth 36: determinant reverse step 21/45 frontier=124418 elapsed=1252.7s
    depth 36: determinant reverse step 22/45 frontier=90889 elapsed=1255s
    depth 36: determinant reverse step 23/45 frontier=65907 elapsed=1256.54s
    depth 36: determinant reverse step 24/45 frontier=47420 elapsed=1257.6s
    depth 36: determinant reverse step 25/45 frontier=33834 elapsed=1258.31s
    depth 36: determinant reverse step 26/45 frontier=23928 elapsed=1258.83s
    depth 36: determinant reverse step 27/45 frontier=16765 elapsed=1259.15s
    depth 36: determinant reverse step 28/45 frontier=11626 elapsed=1259.37s
    depth 36: determinant reverse step 29/45 frontier=7976 elapsed=1259.53s
    depth 36: determinant reverse step 30/45 frontier=5409 elapsed=1259.62s
    depth 36: determinant reverse step 31/45 frontier=3621 elapsed=1259.69s
    depth 36: determinant reverse step 32/45 frontier=2391 elapsed=1259.72s
    depth 36: determinant reverse step 33/45 frontier=1556 elapsed=1259.74s
    depth 36: determinant reverse step 34/45 frontier=995 elapsed=1259.75s
    depth 36: determinant reverse step 35/45 frontier=625 elapsed=1259.76s
    depth 36: determinant reverse step 36/45 frontier=385 elapsed=1259.76s
    depth 36: determinant reverse step 37/45 frontier=231 elapsed=1259.77s
    depth 36: determinant reverse step 38/45 frontier=135 elapsed=1259.77s
    depth 36: determinant reverse step 39/45 frontier=77 elapsed=1259.77s
    depth 36: determinant reverse step 40/45 frontier=42 elapsed=1259.77s
    depth 36: determinant reverse step 41/45 frontier=22 elapsed=1259.77s
    depth 36: determinant reverse step 42/45 frontier=11 elapsed=1259.77s
    depth 36: determinant reverse step 43/45 frontier=5 elapsed=1259.77s
    depth 36: determinant reverse step 44/45 frontier=2 elapsed=1259.77s
    depth 36: determinant reverse step 45/45 frontier=1 elapsed=1259.77s
  D_9 Delta_45 = 5037118691085474525531927281604510320143436305052239326
    depth 37: determinant reverse step 1/46 frontier=328513 elapsed=0.97545s
    depth 37: determinant reverse step 2/46 frontier=1386374 elapsed=15.5516s
    depth 37: determinant reverse step 3/46 frontier=3064298 elapsed=75.4703s
    depth 37: determinant reverse step 4/46 frontier=4887620 elapsed=200.406s
    depth 37: determinant reverse step 5/46 frontier=6312984 elapsed=381.288s
    depth 37: determinant reverse step 6/46 frontier=6923413 elapsed=598.02s
    depth 37: determinant reverse step 7/46 frontier=6554653 elapsed=816.629s
    depth 37: determinant reverse step 8/46 frontier=5488703 elapsed=1009.95s
    depth 37: determinant reverse step 9/46 frontier=4334733 elapsed=1163.54s
    depth 37: determinant reverse step 10/46 frontier=3395084 elapsed=1281.4s
    depth 37: determinant reverse step 11/46 frontier=2648233 elapsed=1372.08s
    depth 37: determinant reverse step 12/46 frontier=2056896 elapsed=1441.22s
    depth 37: determinant reverse step 13/46 frontier=1590544 elapsed=1493.63s
    depth 37: determinant reverse step 14/46 frontier=1224262 elapsed=1532.24s
    depth 37: determinant reverse step 15/46 frontier=937815 elapsed=1560.84s
    depth 37: determinant reverse step 16/46 frontier=714802 elapsed=1582.04s
    depth 37: determinant reverse step 17/46 frontier=541971 elapsed=1597.53s
    depth 37: determinant reverse step 18/46 frontier=408687 elapsed=1608.96s
    depth 37: determinant reverse step 19/46 frontier=306421 elapsed=1617.46s
    depth 37: determinant reverse step 20/46 frontier=228364 elapsed=1623.7s
    depth 37: determinant reverse step 21/46 frontier=169120 elapsed=1628.14s
    depth 37: determinant reverse step 22/46 frontier=124418 elapsed=1631.32s
    depth 37: determinant reverse step 23/46 frontier=90889 elapsed=1633.54s
    depth 37: determinant reverse step 24/46 frontier=65907 elapsed=1635.08s
    depth 37: determinant reverse step 25/46 frontier=47420 elapsed=1636.15s
    depth 37: determinant reverse step 26/46 frontier=33834 elapsed=1636.91s
    depth 37: determinant reverse step 27/46 frontier=23928 elapsed=1637.41s
    depth 37: determinant reverse step 28/46 frontier=16765 elapsed=1637.75s
    depth 37: determinant reverse step 29/46 frontier=11626 elapsed=1637.97s
    depth 37: determinant reverse step 30/46 frontier=7976 elapsed=1638.11s
    depth 37: determinant reverse step 31/46 frontier=5409 elapsed=1638.2s
    depth 37: determinant reverse step 32/46 frontier=3621 elapsed=1638.26s
    depth 37: determinant reverse step 33/46 frontier=2391 elapsed=1638.29s
    depth 37: determinant reverse step 34/46 frontier=1556 elapsed=1638.31s
    depth 37: determinant reverse step 35/46 frontier=995 elapsed=1638.32s
    depth 37: determinant reverse step 36/46 frontier=625 elapsed=1638.33s
    depth 37: determinant reverse step 37/46 frontier=385 elapsed=1638.33s
    depth 37: determinant reverse step 38/46 frontier=231 elapsed=1638.33s
    depth 37: determinant reverse step 39/46 frontier=135 elapsed=1638.33s
    depth 37: determinant reverse step 40/46 frontier=77 elapsed=1638.33s
    depth 37: determinant reverse step 41/46 frontier=42 elapsed=1638.33s
    depth 37: determinant reverse step 42/46 frontier=22 elapsed=1638.33s
    depth 37: determinant reverse step 43/46 frontier=11 elapsed=1638.33s
    depth 37: determinant reverse step 44/46 frontier=5 elapsed=1638.33s
    depth 37: determinant reverse step 45/46 frontier=2 elapsed=1638.33s
    depth 37: determinant reverse step 46/46 frontier=1 elapsed=1638.33s
  D_9 Delta_46 = 237983619285765099323650694558481705064913969028758818320
    depth 38: determinant reverse step 1/47 frontier=400821 elapsed=1.14844s
    depth 38: determinant reverse step 2/47 frontier=1715966 elapsed=19.4428s
    depth 38: determinant reverse step 3/47 frontier=3833542 elapsed=93.7433s
    depth 38: determinant reverse step 4/47 frontier=6156135 elapsed=251.21s
    depth 38: determinant reverse step 5/47 frontier=7979457 elapsed=485.738s
    depth 38: determinant reverse step 6/47 frontier=8760152 elapsed=766.862s
    depth 38: determinant reverse step 7/47 frontier=8294101 elapsed=1049.41s
    depth 38: determinant reverse step 8/47 frontier=6955474 elapsed=1300.81s
    depth 38: determinant reverse step 9/47 frontier=5512631 elapsed=1502.72s
    depth 38: determinant reverse step 10/47 frontier=4334733 elapsed=1658.53s
    depth 38: determinant reverse step 11/47 frontier=3395084 elapsed=1777.72s
    depth 38: determinant reverse step 12/47 frontier=2648233 elapsed=1868.6s
    depth 38: determinant reverse step 13/47 frontier=2056896 elapsed=1937.93s
    depth 38: determinant reverse step 14/47 frontier=1590544 elapsed=1990.17s
    depth 38: determinant reverse step 15/47 frontier=1224262 elapsed=2029.1s
    depth 38: determinant reverse step 16/47 frontier=937815 elapsed=2057.92s
    depth 38: determinant reverse step 17/47 frontier=714802 elapsed=2079.16s
    depth 38: determinant reverse step 18/47 frontier=541971 elapsed=2094.98s
    depth 38: determinant reverse step 19/47 frontier=408687 elapsed=2106.62s
    depth 38: determinant reverse step 20/47 frontier=306421 elapsed=2115.12s
    depth 38: determinant reverse step 21/47 frontier=228364 elapsed=2121.21s
    depth 38: determinant reverse step 22/47 frontier=169120 elapsed=2125.61s
    depth 38: determinant reverse step 23/47 frontier=124418 elapsed=2128.64s
    depth 38: determinant reverse step 24/47 frontier=90889 elapsed=2130.96s
    depth 38: determinant reverse step 25/47 frontier=65907 elapsed=2132.52s
    depth 38: determinant reverse step 26/47 frontier=47420 elapsed=2133.56s
    depth 38: determinant reverse step 27/47 frontier=33834 elapsed=2134.32s
    depth 38: determinant reverse step 28/47 frontier=23928 elapsed=2134.82s
    depth 38: determinant reverse step 29/47 frontier=16765 elapsed=2135.13s
    depth 38: determinant reverse step 30/47 frontier=11626 elapsed=2135.37s
    depth 38: determinant reverse step 31/47 frontier=7976 elapsed=2135.51s
    depth 38: determinant reverse step 32/47 frontier=5409 elapsed=2135.59s
    depth 38: determinant reverse step 33/47 frontier=3621 elapsed=2135.65s
    depth 38: determinant reverse step 34/47 frontier=2391 elapsed=2135.68s
    depth 38: determinant reverse step 35/47 frontier=1556 elapsed=2135.7s
    depth 38: determinant reverse step 36/47 frontier=995 elapsed=2135.71s
    depth 38: determinant reverse step 37/47 frontier=625 elapsed=2135.72s
    depth 38: determinant reverse step 38/47 frontier=385 elapsed=2135.72s
    depth 38: determinant reverse step 39/47 frontier=231 elapsed=2135.72s
    depth 38: determinant reverse step 40/47 frontier=135 elapsed=2135.72s
    depth 38: determinant reverse step 41/47 frontier=77 elapsed=2135.73s
    depth 38: determinant reverse step 42/47 frontier=42 elapsed=2135.73s
    depth 38: determinant reverse step 43/47 frontier=22 elapsed=2135.73s
    depth 38: determinant reverse step 44/47 frontier=11 elapsed=2135.73s
    depth 38: determinant reverse step 45/47 frontier=5 elapsed=2135.73s
    depth 38: determinant reverse step 46/47 frontier=2 elapsed=2135.73s
    depth 38: determinant reverse step 47/47 frontier=1 elapsed=2135.73s
  D_9 Delta_47 = 11428474461143801809313629660980302143707429285245749141226
    depth 39: determinant reverse step 1/48 frontier=487523 elapsed=1.42168s
    depth 39: determinant reverse step 2/48 frontier=2117023 elapsed=23.8695s
    depth 39: determinant reverse step 3/48 frontier=4779370 elapsed=117.835s
    depth 39: determinant reverse step 4/48 frontier=7726004 elapsed=316.759s
    depth 39: determinant reverse step 5/48 frontier=10048597 elapsed=618.392s
    depth 39: determinant reverse step 6/48 frontier=11042861 elapsed=981.848s
    depth 39: determinant reverse step 7/48 frontier=10456314 elapsed=1349.64s
    depth 39: determinant reverse step 8/48 frontier=8781624 elapsed=1673.94s
    depth 39: determinant reverse step 9/48 frontier=6983946 elapsed=1937.39s
    depth 39: determinant reverse step 10/48 frontier=5512631 elapsed=2138.43s
    depth 39: determinant reverse step 11/48 frontier=4334733 elapsed=2295.42s
    depth 39: determinant reverse step 12/48 frontier=3395084 elapsed=2418.47s
    depth 39: determinant reverse step 13/48 frontier=2648233 elapsed=2510.3s
    depth 39: determinant reverse step 14/48 frontier=2056896 elapsed=2578.8s
    depth 39: determinant reverse step 15/48 frontier=1590544 elapsed=2630.18s
    depth 39: determinant reverse step 16/48 frontier=1224262 elapsed=2669s
    depth 39: determinant reverse step 17/48 frontier=937815 elapsed=2697.87s
    depth 39: determinant reverse step 18/48 frontier=714802 elapsed=2719.36s
    depth 39: determinant reverse step 19/48 frontier=541971 elapsed=2735.07s
    depth 39: determinant reverse step 20/48 frontier=408687 elapsed=2746.68s
    depth 39: determinant reverse step 21/48 frontier=306421 elapsed=2755.17s
    depth 39: determinant reverse step 22/48 frontier=228364 elapsed=2761.33s
    depth 39: determinant reverse step 23/48 frontier=169120 elapsed=2765.67s
    depth 39: determinant reverse step 24/48 frontier=124418 elapsed=2768.87s
    depth 39: determinant reverse step 25/48 frontier=90889 elapsed=2771.1s
    depth 39: determinant reverse step 26/48 frontier=65907 elapsed=2772.81s
    depth 39: determinant reverse step 27/48 frontier=47420 elapsed=2773.87s
    depth 39: determinant reverse step 28/48 frontier=33834 elapsed=2774.6s
    depth 39: determinant reverse step 29/48 frontier=23928 elapsed=2775.11s
    depth 39: determinant reverse step 30/48 frontier=16765 elapsed=2775.42s
    depth 39: determinant reverse step 31/48 frontier=11626 elapsed=2775.65s
    depth 39: determinant reverse step 32/48 frontier=7976 elapsed=2775.78s
    depth 39: determinant reverse step 33/48 frontier=5409 elapsed=2775.89s
    depth 39: determinant reverse step 34/48 frontier=3621 elapsed=2775.95s
    depth 39: determinant reverse step 35/48 frontier=2391 elapsed=2775.98s
    depth 39: determinant reverse step 36/48 frontier=1556 elapsed=2776s
    depth 39: determinant reverse step 37/48 frontier=995 elapsed=2776.01s
    depth 39: determinant reverse step 38/48 frontier=625 elapsed=2776.02s
    depth 39: determinant reverse step 39/48 frontier=385 elapsed=2776.02s
    depth 39: determinant reverse step 40/48 frontier=231 elapsed=2776.02s
    depth 39: determinant reverse step 41/48 frontier=135 elapsed=2776.03s
    depth 39: determinant reverse step 42/48 frontier=77 elapsed=2776.03s
    depth 39: determinant reverse step 43/48 frontier=42 elapsed=2776.03s
    depth 39: determinant reverse step 44/48 frontier=22 elapsed=2776.03s
    depth 39: determinant reverse step 45/48 frontier=11 elapsed=2776.03s
    depth 39: determinant reverse step 46/48 frontier=5 elapsed=2776.03s
    depth 39: determinant reverse step 47/48 frontier=2 elapsed=2776.03s
    depth 39: determinant reverse step 48/48 frontier=1 elapsed=2776.03s
  D_9 Delta_48 = 557640924487169378878825063887558313699682709064030174420361
    depth 40: determinant reverse step 1/49 frontier=591434 elapsed=1.65196s
    depth 40: determinant reverse step 2/49 frontier=2603894 elapsed=29.6392s
    depth 40: determinant reverse step 3/49 frontier=5939030 elapsed=149.705s
    depth 40: determinant reverse step 4/49 frontier=9662892 elapsed=404.394s
    depth 40: determinant reverse step 5/49 frontier=12609526 elapsed=773.58s
    depth 40: determinant reverse step 6/49 frontier=13870604 elapsed=1221.64s
    depth 40: determinant reverse step 7/49 frontier=13135304 elapsed=1676.43s
    depth 40: determinant reverse step 8/49 frontier=11047748 elapsed=2075.75s
    depth 40: determinant reverse step 9/49 frontier=8815458 elapsed=2399.18s
    depth 40: determinant reverse step 10/49 frontier=6983946 elapsed=2652.43s
    depth 40: determinant reverse step 11/49 frontier=5512631 elapsed=2847.17s
    depth 40: determinant reverse step 12/49 frontier=4334733 elapsed=2997.26s
    depth 40: determinant reverse step 13/49 frontier=3395084 elapsed=3112.67s
    depth 40: determinant reverse step 14/49 frontier=2648233 elapsed=3201.05s
    depth 40: determinant reverse step 15/49 frontier=2056896 elapsed=3266.98s
    depth 40: determinant reverse step 16/49 frontier=1590544 elapsed=3319s
    depth 40: determinant reverse step 17/49 frontier=1224262 elapsed=3358.13s
    depth 40: determinant reverse step 18/49 frontier=937815 elapsed=3387.79s
    depth 40: determinant reverse step 19/49 frontier=714802 elapsed=3410.26s
    depth 40: determinant reverse step 20/49 frontier=541971 elapsed=3426.84s
    depth 40: determinant reverse step 21/49 frontier=408687 elapsed=3439.05s
    depth 40: determinant reverse step 22/49 frontier=306421 elapsed=3447.94s
    depth 40: determinant reverse step 23/49 frontier=228364 elapsed=3454.4s
    depth 40: determinant reverse step 24/49 frontier=169120 elapsed=3459.12s
    depth 40: determinant reverse step 25/49 frontier=124418 elapsed=3462.29s
    depth 40: determinant reverse step 26/49 frontier=90889 elapsed=3464.56s
    depth 40: determinant reverse step 27/49 frontier=65907 elapsed=3466.09s
    depth 40: determinant reverse step 28/49 frontier=47420 elapsed=3467.18s
    depth 40: determinant reverse step 29/49 frontier=33834 elapsed=3467.93s
    depth 40: determinant reverse step 30/49 frontier=23928 elapsed=3468.43s
    depth 40: determinant reverse step 31/49 frontier=16765 elapsed=3468.76s
    depth 40: determinant reverse step 32/49 frontier=11626 elapsed=3468.98s
    depth 40: determinant reverse step 33/49 frontier=7976 elapsed=3469.12s
    depth 40: determinant reverse step 34/49 frontier=5409 elapsed=3469.21s
    depth 40: determinant reverse step 35/49 frontier=3621 elapsed=3469.27s
    depth 40: determinant reverse step 36/49 frontier=2391 elapsed=3469.3s
    depth 40: determinant reverse step 37/49 frontier=1556 elapsed=3469.32s
    depth 40: determinant reverse step 38/49 frontier=995 elapsed=3469.34s
    depth 40: determinant reverse step 39/49 frontier=625 elapsed=3469.34s
    depth 40: determinant reverse step 40/49 frontier=385 elapsed=3469.35s
    depth 40: determinant reverse step 41/49 frontier=231 elapsed=3469.35s
    depth 40: determinant reverse step 42/49 frontier=135 elapsed=3469.35s
    depth 40: determinant reverse step 43/49 frontier=77 elapsed=3469.35s
    depth 40: determinant reverse step 44/49 frontier=42 elapsed=3469.35s
    depth 40: determinant reverse step 45/49 frontier=22 elapsed=3469.35s
    depth 40: determinant reverse step 46/49 frontier=11 elapsed=3469.35s
    depth 40: determinant reverse step 47/49 frontier=5 elapsed=3469.35s
    depth 40: determinant reverse step 48/49 frontier=2 elapsed=3469.35s
    depth 40: determinant reverse step 49/49 frontier=1 elapsed=3469.35s
  D_9 Delta_49 = 27637467736281671344000645434417914404140836901199467981618477
    depth 41: determinant reverse step 1/50 frontier=715428 elapsed=2.03668s
    depth 41: determinant reverse step 2/50 frontier=3193065 elapsed=35.2111s
    depth 41: determinant reverse step 3/50 frontier=7356382 elapsed=181.298s
    depth 41: determinant reverse step 4/50 frontier=12044869 elapsed=502.627s
    depth 41: determinant reverse step 5/50 frontier=15768731 elapsed=1013.57s
    depth 41: determinant reverse step 6/50 frontier=17362014 elapsed=1606s
    depth 41: determinant reverse step 7/50 frontier=16443763 elapsed=2181.92s
    depth 41: determinant reverse step 8/50 frontier=13850732 elapsed=2693.84s
    depth 41: determinant reverse step 9/50 frontier=11087828 elapsed=3091.68s
    depth 41: determinant reverse step 10/50 frontier=8815458 elapsed=3412.05s
    depth 41: determinant reverse step 11/50 frontier=6983946 elapsed=3658.81s
    depth 41: determinant reverse step 12/50 frontier=5512631 elapsed=3846.26s
    depth 41: determinant reverse step 13/50 frontier=4334733 elapsed=3988.98s
    depth 41: determinant reverse step 14/50 frontier=3395084 elapsed=4097.72s
    depth 41: determinant reverse step 15/50 frontier=2648233 elapsed=4180.31s
    depth 41: determinant reverse step 16/50 frontier=2056896 elapsed=4245.01s
    depth 41: determinant reverse step 17/50 frontier=1590544 elapsed=4293.46s
    depth 41: determinant reverse step 18/50 frontier=1224262 elapsed=4329.53s
    depth 41: determinant reverse step 19/50 frontier=937815 elapsed=4356.76s
    depth 41: determinant reverse step 20/50 frontier=714802 elapsed=4376.79s
    depth 41: determinant reverse step 21/50 frontier=541971 elapsed=4391.81s
    depth 41: determinant reverse step 22/50 frontier=408687 elapsed=4402.83s
    depth 41: determinant reverse step 23/50 frontier=306421 elapsed=4410.84s
    depth 41: determinant reverse step 24/50 frontier=228364 elapsed=4416.59s
    depth 41: determinant reverse step 25/50 frontier=169120 elapsed=4420.77s
    depth 41: determinant reverse step 26/50 frontier=124418 elapsed=4423.75s
    depth 41: determinant reverse step 27/50 frontier=90889 elapsed=4425.85s
    depth 41: determinant reverse step 28/50 frontier=65907 elapsed=4427.35s
    depth 41: determinant reverse step 29/50 frontier=47420 elapsed=4428.38s
    depth 41: determinant reverse step 30/50 frontier=33834 elapsed=4429.09s
    depth 41: determinant reverse step 31/50 frontier=23928 elapsed=4429.57s
    depth 41: determinant reverse step 32/50 frontier=16765 elapsed=4429.89s
    depth 41: determinant reverse step 33/50 frontier=11626 elapsed=4430.1s
    depth 41: determinant reverse step 34/50 frontier=7976 elapsed=4430.23s
    depth 41: determinant reverse step 35/50 frontier=5409 elapsed=4430.32s
    depth 41: determinant reverse step 36/50 frontier=3621 elapsed=4430.38s
    depth 41: determinant reverse step 37/50 frontier=2391 elapsed=4430.41s
    depth 41: determinant reverse step 38/50 frontier=1556 elapsed=4430.43s
    depth 41: determinant reverse step 39/50 frontier=995 elapsed=4430.44s
    depth 41: determinant reverse step 40/50 frontier=625 elapsed=4430.45s
    depth 41: determinant reverse step 41/50 frontier=385 elapsed=4430.45s
    depth 41: determinant reverse step 42/50 frontier=231 elapsed=4430.46s
    depth 41: determinant reverse step 43/50 frontier=135 elapsed=4430.46s
    depth 41: determinant reverse step 44/50 frontier=77 elapsed=4430.46s
    depth 41: determinant reverse step 45/50 frontier=42 elapsed=4430.46s
    depth 41: determinant reverse step 46/50 frontier=22 elapsed=4430.46s
    depth 41: determinant reverse step 47/50 frontier=11 elapsed=4430.46s
    depth 41: determinant reverse step 48/50 frontier=5 elapsed=4430.46s
    depth 41: determinant reverse step 49/50 frontier=2 elapsed=4430.46s
    depth 41: determinant reverse step 50/50 frontier=1 elapsed=4430.46s
  D_9 Delta_50 = 1390830631513749466295548414536039302561923439067059617336276697
D_9 negative linear = -102200926039351378287835004451876422125067326984104911868471512449167439793380928; negative quadratic = -8819997772556355683055633842798682421792621209404337134932474781291043916260056; lower margin = 153778254799597854418941082069862979115438587642552563907621396199848633471715704552
minimum lower margin = D_9: 153778254799597854418941082069862979115438587642552563907621396199848633471715704552
__EXIT_STATUS=0
