m=28 remaining low-row lower certificate
stable Chain diff D(28) = 153889275723409762152911972708157654219985447590746073156624800187079091955425345536
negative linear coefficient indices = [27, 28, 29, 30, 31, 32, 33, 34]
negative quadratic pairs = [(0,59,-8), (1,58,-440), (2,57,-11864), (3,56,-209000), (4,55,-2704688), (5,54,-27410768), (6,53,-226472400), (7,52,-1567971504), (8,51,-9279424440), (9,50,-47648202888), (10,49,-214740051240), (11,48,-857117515800), (12,47,-3051600071520), (13,46,-9745874090400), (14,45,-28042705115040), (15,44,-72935904877920), (16,43,-171847064881800), (17,42,-367200514933560), (18,41,-711478029523800), (19,40,-1247835262978920), (20,39,-1973017012668240), (21,38,-2790596437028400), (22,37,-3478870024659120), (23,36,-3708486380398800), (24,35,-3135356667064440), (25,34,-1557564279767496), (27,34,-1035350614872644), (28,33,-3771634382750346), (29,32,-6199353065899994), (30,31,-7629973004184608)]
begin D_10 lower row
  D_10 Delta_10 = 1
  D_10 Delta_11 = 45
  D_10 Delta_12 = 1540
  D_10 Delta_13 = 46476
  D_10 Delta_14 = 1326403
    depth 5: determinant reverse step 1/15 frontier=28 elapsed=0.00036402s
    depth 5: determinant reverse step 2/15 frontier=55 elapsed=0.00161069s
    depth 5: determinant reverse step 3/15 frontier=67 elapsed=0.00383485s
    depth 5: determinant reverse step 4/15 frontier=72 elapsed=0.00603207s
    depth 5: determinant reverse step 5/15 frontier=74 elapsed=0.00793745s
    depth 5: determinant reverse step 6/15 frontier=74 elapsed=0.00938526s
    depth 5: determinant reverse step 7/15 frontier=74 elapsed=0.0103656s
    depth 5: determinant reverse step 8/15 frontier=73 elapsed=0.0109923s
    depth 5: determinant reverse step 9/15 frontier=66 elapsed=0.0120096s
    depth 5: determinant reverse step 10/15 frontier=42 elapsed=0.0122882s
    depth 5: determinant reverse step 11/15 frontier=22 elapsed=0.0123963s
    depth 5: determinant reverse step 12/15 frontier=11 elapsed=0.0124438s
    depth 5: determinant reverse step 13/15 frontier=5 elapsed=0.0124705s
    depth 5: determinant reverse step 14/15 frontier=2 elapsed=0.0124864s
    depth 5: determinant reverse step 15/15 frontier=1 elapsed=0.0125004s
  D_10 Delta_15 = 36946924
    depth 6: determinant reverse step 1/16 frontier=47 elapsed=0.000558604s
    depth 6: determinant reverse step 2/16 frontier=95 elapsed=0.00276792s
    depth 6: determinant reverse step 3/16 frontier=120 elapsed=0.00714418s
    depth 6: determinant reverse step 4/16 frontier=132 elapsed=0.0123114s
    depth 6: determinant reverse step 5/16 frontier=137 elapsed=0.0183758s
    depth 6: determinant reverse step 6/16 frontier=139 elapsed=0.0230123s
    depth 6: determinant reverse step 7/16 frontier=139 elapsed=0.02511s
    depth 6: determinant reverse step 8/16 frontier=136 elapsed=0.0263287s
    depth 6: determinant reverse step 9/16 frontier=120 elapsed=0.027102s
    depth 6: determinant reverse step 10/16 frontier=77 elapsed=0.0275549s
    depth 6: determinant reverse step 11/16 frontier=42 elapsed=0.0277713s
    depth 6: determinant reverse step 12/16 frontier=22 elapsed=0.0278936s
    depth 6: determinant reverse step 13/16 frontier=11 elapsed=0.0279506s
    depth 6: determinant reverse step 14/16 frontier=5 elapsed=0.027967s
    depth 6: determinant reverse step 15/16 frontier=2 elapsed=0.0279705s
    depth 6: determinant reverse step 16/16 frontier=1 elapsed=0.027972s
  D_10 Delta_16 = 1022593755
    depth 7: determinant reverse step 1/17 frontier=73 elapsed=0.000858013s
    depth 7: determinant reverse step 2/17 frontier=156 elapsed=0.0095988s
    depth 7: determinant reverse step 3/17 frontier=204 elapsed=0.0195453s
    depth 7: determinant reverse step 4/17 frontier=230 elapsed=0.0296653s
    depth 7: determinant reverse step 5/17 frontier=242 elapsed=0.0361484s
    depth 7: determinant reverse step 6/17 frontier=247 elapsed=0.0458181s
    depth 7: determinant reverse step 7/17 frontier=248 elapsed=0.0516683s
    depth 7: determinant reverse step 8/17 frontier=241 elapsed=0.0549125s
    depth 7: determinant reverse step 9/17 frontier=209 elapsed=0.057315s
    depth 7: determinant reverse step 10/17 frontier=135 elapsed=0.0582712s
    depth 7: determinant reverse step 11/17 frontier=77 elapsed=0.0587512s
    depth 7: determinant reverse step 12/17 frontier=42 elapsed=0.0589643s
    depth 7: determinant reverse step 13/17 frontier=22 elapsed=0.0590865s
    depth 7: determinant reverse step 14/17 frontier=11 elapsed=0.0591246s
    depth 7: determinant reverse step 15/17 frontier=5 elapsed=0.0591506s
    depth 7: determinant reverse step 16/17 frontier=2 elapsed=0.0591651s
    depth 7: determinant reverse step 17/17 frontier=1 elapsed=0.0592184s
  D_10 Delta_17 = 28423850656
    depth 8: determinant reverse step 1/18 frontier=114 elapsed=0.00133329s
    depth 8: determinant reverse step 2/18 frontier=251 elapsed=0.00677513s
    depth 8: determinant reverse step 3/18 frontier=338 elapsed=0.0167645s
    depth 8: determinant reverse step 4/18 frontier=389 elapsed=0.0279481s
    depth 8: determinant reverse step 5/18 frontier=415 elapsed=0.0382088s
    depth 8: determinant reverse step 6/18 frontier=427 elapsed=0.0467448s
    depth 8: determinant reverse step 7/18 frontier=429 elapsed=0.0532728s
    depth 8: determinant reverse step 8/18 frontier=415 elapsed=0.058118s
    depth 8: determinant reverse step 9/18 frontier=355 elapsed=0.0613084s
    depth 8: determinant reverse step 10/18 frontier=231 elapsed=0.0631825s
    depth 8: determinant reverse step 11/18 frontier=135 elapsed=0.0641957s
    depth 8: determinant reverse step 12/18 frontier=77 elapsed=0.0646763s
    depth 8: determinant reverse step 13/18 frontier=42 elapsed=0.064892s
    depth 8: determinant reverse step 14/18 frontier=22 elapsed=0.0649882s
    depth 8: determinant reverse step 15/18 frontier=11 elapsed=0.0650319s
    depth 8: determinant reverse step 16/18 frontier=5 elapsed=0.0650535s
    depth 8: determinant reverse step 17/18 frontier=2 elapsed=0.0650679s
    depth 8: determinant reverse step 18/18 frontier=1 elapsed=0.065084s
  D_10 Delta_18 = 798801174154
    depth 9: determinant reverse step 1/19 frontier=170 elapsed=0.00156161s
    depth 9: determinant reverse step 2/19 frontier=391 elapsed=0.00925287s
    depth 9: determinant reverse step 3/19 frontier=543 elapsed=0.0249919s
    depth 9: determinant reverse step 4/19 frontier=637 elapsed=0.0433071s
    depth 9: determinant reverse step 5/19 frontier=689 elapsed=0.0613128s
    depth 9: determinant reverse step 6/19 frontier=714 elapsed=0.078663s
    depth 9: determinant reverse step 7/19 frontier=719 elapsed=0.0916833s
    depth 9: determinant reverse step 8/19 frontier=691 elapsed=0.1017s
    depth 9: determinant reverse step 9/19 frontier=585 elapsed=0.1083s
    depth 9: determinant reverse step 10/19 frontier=385 elapsed=0.112064s
    depth 9: determinant reverse step 11/19 frontier=231 elapsed=0.114095s
    depth 9: determinant reverse step 12/19 frontier=135 elapsed=0.115132s
    depth 9: determinant reverse step 13/19 frontier=77 elapsed=0.11566s
    depth 9: determinant reverse step 14/19 frontier=42 elapsed=0.115911s
    depth 9: determinant reverse step 15/19 frontier=22 elapsed=0.116039s
    depth 9: determinant reverse step 16/19 frontier=11 elapsed=0.116106s
    depth 9: determinant reverse step 17/19 frontier=5 elapsed=0.116153s
    depth 9: determinant reverse step 18/19 frontier=2 elapsed=0.116177s
    depth 9: determinant reverse step 19/19 frontier=1 elapsed=0.116206s
  D_10 Delta_19 = 22796284805190
    depth 10: determinant reverse step 1/20 frontier=253 elapsed=0.00218003s
    depth 10: determinant reverse step 2/20 frontier=599 elapsed=0.0141106s
    depth 10: determinant reverse step 3/20 frontier=854 elapsed=0.0396414s
    depth 10: determinant reverse step 4/20 frontier=1021 elapsed=0.0713678s
    depth 10: determinant reverse step 5/20 frontier=1118 elapsed=0.100844s
    depth 10: determinant reverse step 6/20 frontier=1167 elapsed=0.126661s
    depth 10: determinant reverse step 7/20 frontier=1177 elapsed=0.147266s
    depth 10: determinant reverse step 8/20 frontier=1126 elapsed=0.162695s
    depth 10: determinant reverse step 9/20 frontier=944 elapsed=0.173605s
    depth 10: determinant reverse step 10/20 frontier=627 elapsed=0.180384s
    depth 10: determinant reverse step 11/20 frontier=385 elapsed=0.184373s
    depth 10: determinant reverse step 12/20 frontier=231 elapsed=0.186343s
    depth 10: determinant reverse step 13/20 frontier=135 elapsed=0.187328s
    depth 10: determinant reverse step 14/20 frontier=77 elapsed=0.187786s
    depth 10: determinant reverse step 15/20 frontier=42 elapsed=0.188011s
    depth 10: determinant reverse step 16/20 frontier=22 elapsed=0.188108s
    depth 10: determinant reverse step 17/20 frontier=11 elapsed=0.188146s
    depth 10: determinant reverse step 18/20 frontier=5 elapsed=0.18817s
    depth 10: determinant reverse step 19/20 frontier=2 elapsed=0.188186s
    depth 10: determinant reverse step 20/20 frontier=1 elapsed=0.188197s
  D_10 Delta_20 = 662530322246536
    depth 11: determinant reverse step 1/21 frontier=365 elapsed=0.00281667s
    depth 11: determinant reverse step 2/21 frontier=897 elapsed=0.0197562s
    depth 11: determinant reverse step 3/21 frontier=1313 elapsed=0.0573124s
    depth 11: determinant reverse step 4/21 frontier=1598 elapsed=0.103937s
    depth 11: determinant reverse step 5/21 frontier=1771 elapsed=0.150759s
    depth 11: determinant reverse step 6/21 frontier=1862 elapsed=0.192643s
    depth 11: determinant reverse step 7/21 frontier=1881 elapsed=0.226966s
    depth 11: determinant reverse step 8/21 frontier=1791 elapsed=0.253231s
    depth 11: determinant reverse step 9/21 frontier=1491 elapsed=0.275799s
    depth 11: determinant reverse step 10/21 frontier=1000 elapsed=0.287716s
    depth 11: determinant reverse step 11/21 frontier=627 elapsed=0.294521s
    depth 11: determinant reverse step 12/21 frontier=385 elapsed=0.298257s
    depth 11: determinant reverse step 13/21 frontier=231 elapsed=0.300184s
    depth 11: determinant reverse step 14/21 frontier=135 elapsed=0.30115s
    depth 11: determinant reverse step 15/21 frontier=77 elapsed=0.301613s
    depth 11: determinant reverse step 16/21 frontier=42 elapsed=0.301834s
    depth 11: determinant reverse step 17/21 frontier=22 elapsed=0.301941s
    depth 11: determinant reverse step 18/21 frontier=11 elapsed=0.301984s
    depth 11: determinant reverse step 19/21 frontier=5 elapsed=0.302004s
    depth 11: determinant reverse step 20/21 frontier=2 elapsed=0.302019s
    depth 11: determinant reverse step 21/21 frontier=1 elapsed=0.302038s
  D_10 Delta_21 = 19646538164368570
    depth 12: determinant reverse step 1/22 frontier=525 elapsed=0.00383294s
    depth 12: determinant reverse step 2/22 frontier=1326 elapsed=0.0283024s
    depth 12: determinant reverse step 3/22 frontier=1988 elapsed=0.0841494s
    depth 12: determinant reverse step 4/22 frontier=2460 elapsed=0.156013s
    depth 12: determinant reverse step 5/22 frontier=2757 elapsed=0.230025s
    depth 12: determinant reverse step 6/22 frontier=2918 elapsed=0.29755s
    depth 12: determinant reverse step 7/22 frontier=2953 elapsed=0.353982s
    depth 12: determinant reverse step 8/22 frontier=2800 elapsed=0.404588s
    depth 12: determinant reverse step 9/22 frontier=2316 elapsed=0.436722s
    depth 12: determinant reverse step 10/22 frontier=1568 elapsed=0.457255s
    depth 12: determinant reverse step 11/22 frontier=1000 elapsed=0.469239s
    depth 12: determinant reverse step 12/22 frontier=627 elapsed=0.476038s
    depth 12: determinant reverse step 13/22 frontier=385 elapsed=0.479812s
    depth 12: determinant reverse step 14/22 frontier=231 elapsed=0.481769s
    depth 12: determinant reverse step 15/22 frontier=135 elapsed=0.482752s
    depth 12: determinant reverse step 16/22 frontier=77 elapsed=0.483215s
    depth 12: determinant reverse step 17/22 frontier=42 elapsed=0.483426s
    depth 12: determinant reverse step 18/22 frontier=22 elapsed=0.483523s
    depth 12: determinant reverse step 19/22 frontier=11 elapsed=0.483562s
    depth 12: determinant reverse step 20/22 frontier=5 elapsed=0.483603s
    depth 12: determinant reverse step 21/22 frontier=2 elapsed=0.483619s
    depth 12: determinant reverse step 22/22 frontier=1 elapsed=0.483646s
  D_10 Delta_22 = 595168845869419710
    depth 13: determinant reverse step 1/23 frontier=738 elapsed=0.00505921s
    depth 13: determinant reverse step 2/23 frontier=1926 elapsed=0.0394264s
    depth 13: determinant reverse step 3/23 frontier=2957 elapsed=0.120927s
    depth 13: determinant reverse step 4/23 frontier=3719 elapsed=0.228412s
    depth 13: determinant reverse step 5/23 frontier=4214 elapsed=0.343156s
    depth 13: determinant reverse step 6/23 frontier=4488 elapsed=0.450539s
    depth 13: determinant reverse step 7/23 frontier=4549 elapsed=0.542331s
    depth 13: determinant reverse step 8/23 frontier=4298 elapsed=0.614576s
    depth 13: determinant reverse step 9/23 frontier=3538 elapsed=0.668013s
    depth 13: determinant reverse step 10/23 frontier=2417 elapsed=0.70281s
    depth 13: determinant reverse step 11/23 frontier=1568 elapsed=0.724036s
    depth 13: determinant reverse step 12/23 frontier=1000 elapsed=0.736302s
    depth 13: determinant reverse step 13/23 frontier=627 elapsed=0.743111s
    depth 13: determinant reverse step 14/23 frontier=385 elapsed=0.746929s
    depth 13: determinant reverse step 15/23 frontier=231 elapsed=0.748913s
    depth 13: determinant reverse step 16/23 frontier=135 elapsed=0.749899s
    depth 13: determinant reverse step 17/23 frontier=77 elapsed=0.750363s
    depth 13: determinant reverse step 18/23 frontier=42 elapsed=0.750572s
    depth 13: determinant reverse step 19/23 frontier=22 elapsed=0.750668s
    depth 13: determinant reverse step 20/23 frontier=11 elapsed=0.750711s
    depth 13: determinant reverse step 21/23 frontier=5 elapsed=0.750731s
    depth 13: determinant reverse step 22/23 frontier=2 elapsed=0.75075s
    depth 13: determinant reverse step 23/23 frontier=1 elapsed=0.750766s
  D_10 Delta_23 = 18433371713175061951
    depth 14: determinant reverse step 1/24 frontier=1033 elapsed=0.00694603s
    depth 14: determinant reverse step 2/24 frontier=2767 elapsed=0.0565399s
    depth 14: determinant reverse step 3/24 frontier=4342 elapsed=0.176609s
    depth 14: determinant reverse step 4/24 frontier=5545 elapsed=0.356227s
    depth 14: determinant reverse step 5/24 frontier=6348 elapsed=0.541501s
    depth 14: determinant reverse step 6/24 frontier=6802 elapsed=0.715889s
    depth 14: determinant reverse step 7/24 frontier=6904 elapsed=0.864743s
    depth 14: determinant reverse step 8/24 frontier=6501 elapsed=0.981576s
    depth 14: determinant reverse step 9/24 frontier=5331 elapsed=1.06782s
    depth 14: determinant reverse step 10/24 frontier=3673 elapsed=1.12592s
    depth 14: determinant reverse step 11/24 frontier=2417 elapsed=1.16159s
    depth 14: determinant reverse step 12/24 frontier=1568 elapsed=1.18328s
    depth 14: determinant reverse step 13/24 frontier=1000 elapsed=1.19555s
    depth 14: determinant reverse step 14/24 frontier=627 elapsed=1.20241s
    depth 14: determinant reverse step 15/24 frontier=385 elapsed=1.20623s
    depth 14: determinant reverse step 16/24 frontier=231 elapsed=1.20827s
    depth 14: determinant reverse step 17/24 frontier=135 elapsed=1.20932s
    depth 14: determinant reverse step 18/24 frontier=77 elapsed=1.20981s
    depth 14: determinant reverse step 19/24 frontier=42 elapsed=1.21005s
    depth 14: determinant reverse step 20/24 frontier=22 elapsed=1.21023s
    depth 14: determinant reverse step 21/24 frontier=11 elapsed=1.21033s
    depth 14: determinant reverse step 22/24 frontier=5 elapsed=1.21036s
    depth 14: determinant reverse step 23/24 frontier=2 elapsed=1.21036s
    depth 14: determinant reverse step 24/24 frontier=1 elapsed=1.21037s
  D_10 Delta_24 = 583950770169251987038
    depth 15: determinant reverse step 1/25 frontier=1422 elapsed=0.010271s
    depth 15: determinant reverse step 2/25 frontier=3922 elapsed=0.0885728s
    depth 15: determinant reverse step 3/25 frontier=6289 elapsed=0.268576s
    depth 15: determinant reverse step 4/25 frontier=8151 elapsed=0.523618s
    depth 15: determinant reverse step 5/25 frontier=9425 elapsed=0.805002s
    depth 15: determinant reverse step 6/25 frontier=10157 elapsed=1.06903s
    depth 15: determinant reverse step 7/25 frontier=10324 elapsed=1.30241s
    depth 15: determinant reverse step 8/25 frontier=9692 elapsed=1.48406s
    depth 15: determinant reverse step 9/25 frontier=7923 elapsed=1.6201s
    depth 15: determinant reverse step 10/25 frontier=5507 elapsed=1.71245s
    depth 15: determinant reverse step 11/25 frontier=3673 elapsed=1.77068s
    depth 15: determinant reverse step 12/25 frontier=2417 elapsed=1.8062s
    depth 15: determinant reverse step 13/25 frontier=1568 elapsed=1.82697s
    depth 15: determinant reverse step 14/25 frontier=1000 elapsed=1.83947s
    depth 15: determinant reverse step 15/25 frontier=627 elapsed=1.84632s
    depth 15: determinant reverse step 16/25 frontier=385 elapsed=1.85002s
    depth 15: determinant reverse step 17/25 frontier=231 elapsed=1.85194s
    depth 15: determinant reverse step 18/25 frontier=135 elapsed=1.8529s
    depth 15: determinant reverse step 19/25 frontier=77 elapsed=1.85338s
    depth 15: determinant reverse step 20/25 frontier=42 elapsed=1.85361s
    depth 15: determinant reverse step 21/25 frontier=22 elapsed=1.85369s
    depth 15: determinant reverse step 22/25 frontier=11 elapsed=1.85372s
    depth 15: determinant reverse step 23/25 frontier=5 elapsed=1.85373s
    depth 15: determinant reverse step 24/25 frontier=2 elapsed=1.85374s
    depth 15: determinant reverse step 25/25 frontier=1 elapsed=1.85374s
  D_10 Delta_25 = 18925649345267978910276
    depth 17: determinant reverse step 1/27 frontier=2634 elapsed=0.0156555s
    depth 17: determinant reverse step 2/27 frontier=7647 elapsed=0.142805s
    depth 17: determinant reverse step 3/27 frontier=12763 elapsed=0.508441s
    depth 17: determinant reverse step 4/27 frontier=17008 elapsed=1.03963s
    depth 17: determinant reverse step 5/27 frontier=20036 elapsed=1.64613s
    depth 17: determinant reverse step 6/27 frontier=21823 elapsed=2.28979s
    depth 17: determinant reverse step 7/27 frontier=22236 elapsed=2.83152s
    depth 17: determinant reverse step 8/27 frontier=20768 elapsed=3.26984s
    depth 17: determinant reverse step 9/27 frontier=16908 elapsed=3.61315s
    depth 17: determinant reverse step 10/27 frontier=11937 elapsed=3.85578s
    depth 17: determinant reverse step 11/27 frontier=8154 elapsed=4.0189s
    depth 17: determinant reverse step 12/27 frontier=5507 elapsed=4.11238s
    depth 17: determinant reverse step 13/27 frontier=3673 elapsed=4.17012s
    depth 17: determinant reverse step 14/27 frontier=2417 elapsed=4.20586s
    depth 17: determinant reverse step 15/27 frontier=1568 elapsed=4.22722s
    depth 17: determinant reverse step 16/27 frontier=1000 elapsed=4.2394s
    depth 17: determinant reverse step 17/27 frontier=627 elapsed=4.24632s
    depth 17: determinant reverse step 18/27 frontier=385 elapsed=4.25006s
    depth 17: determinant reverse step 19/27 frontier=231 elapsed=4.25202s
    depth 17: determinant reverse step 20/27 frontier=135 elapsed=4.25303s
    depth 17: determinant reverse step 21/27 frontier=77 elapsed=4.25349s
    depth 17: determinant reverse step 22/27 frontier=42 elapsed=4.25369s
    depth 17: determinant reverse step 23/27 frontier=22 elapsed=4.25378s
    depth 17: determinant reverse step 24/27 frontier=11 elapsed=4.25381s
    depth 17: determinant reverse step 25/27 frontier=5 elapsed=4.25382s
    depth 17: determinant reverse step 26/27 frontier=2 elapsed=4.25382s
    depth 17: determinant reverse step 27/27 frontier=1 elapsed=4.25382s
  D_10 Delta_27 = 21288846572850869487162766
    depth 18: determinant reverse step 1/28 frontier=3545 elapsed=0.0202375s
    depth 18: determinant reverse step 2/28 frontier=10533 elapsed=0.196823s
    depth 18: determinant reverse step 3/28 frontier=17913 elapsed=0.728268s
    depth 18: determinant reverse step 4/28 frontier=24185 elapsed=1.49086s
    depth 18: determinant reverse step 5/28 frontier=28740 elapsed=2.36048s
    depth 18: determinant reverse step 6/28 frontier=31458 elapsed=3.21291s
    depth 18: determinant reverse step 7/28 frontier=32089 elapsed=4.02534s
    depth 18: determinant reverse step 8/28 frontier=29904 elapsed=4.86425s
    depth 18: determinant reverse step 9/28 frontier=24313 elapsed=5.38193s
    depth 18: determinant reverse step 10/28 frontier=17293 elapsed=5.75419s
    depth 18: determinant reverse step 11/28 frontier=11937 elapsed=6.00931s
    depth 18: determinant reverse step 12/28 frontier=8154 elapsed=6.16197s
    depth 18: determinant reverse step 13/28 frontier=5507 elapsed=6.25734s
    depth 18: determinant reverse step 14/28 frontier=3673 elapsed=6.31828s
    depth 18: determinant reverse step 15/28 frontier=2417 elapsed=6.35553s
    depth 18: determinant reverse step 16/28 frontier=1568 elapsed=6.37738s
    depth 18: determinant reverse step 17/28 frontier=1000 elapsed=6.39052s
    depth 18: determinant reverse step 18/28 frontier=627 elapsed=6.39786s
    depth 18: determinant reverse step 19/28 frontier=385 elapsed=6.40182s
    depth 18: determinant reverse step 20/28 frontier=231 elapsed=6.40398s
    depth 18: determinant reverse step 21/28 frontier=135 elapsed=6.40511s
    depth 18: determinant reverse step 22/28 frontier=77 elapsed=6.40564s
    depth 18: determinant reverse step 23/28 frontier=42 elapsed=6.40591s
    depth 18: determinant reverse step 24/28 frontier=22 elapsed=6.40607s
    depth 18: determinant reverse step 25/28 frontier=11 elapsed=6.40616s
    depth 18: determinant reverse step 26/28 frontier=5 elapsed=6.40623s
    depth 18: determinant reverse step 27/28 frontier=2 elapsed=6.40629s
    depth 18: determinant reverse step 28/28 frontier=1 elapsed=6.40635s
  D_10 Delta_28 = 738725649579622874207889576
    depth 19: determinant reverse step 1/29 frontier=4720 elapsed=0.026425s
    depth 19: determinant reverse step 2/29 frontier=14374 elapsed=0.284888s
    depth 19: determinant reverse step 3/29 frontier=24900 elapsed=0.991674s
    depth 19: determinant reverse step 4/29 frontier=34050 elapsed=2.0629s
    depth 19: determinant reverse step 5/29 frontier=40807 elapsed=3.50528s
    depth 19: determinant reverse step 6/29 frontier=44877 elapsed=4.79842s
    depth 19: determinant reverse step 7/29 frontier=45825 elapsed=5.97227s
    depth 19: determinant reverse step 8/29 frontier=42621 elapsed=6.96586s
    depth 19: determinant reverse step 9/29 frontier=34624 elapsed=7.74786s
    depth 19: determinant reverse step 10/29 frontier=24803 elapsed=8.32689s
    depth 19: determinant reverse step 11/29 frontier=17293 elapsed=8.71166s
    depth 19: determinant reverse step 12/29 frontier=11937 elapsed=8.94907s
    depth 19: determinant reverse step 13/29 frontier=8154 elapsed=9.10666s
    depth 19: determinant reverse step 14/29 frontier=5507 elapsed=9.20368s
    depth 19: determinant reverse step 15/29 frontier=3673 elapsed=9.27193s
    depth 19: determinant reverse step 16/29 frontier=2417 elapsed=9.30808s
    depth 19: determinant reverse step 17/29 frontier=1568 elapsed=9.32995s
    depth 19: determinant reverse step 18/29 frontier=1000 elapsed=9.34245s
    depth 19: determinant reverse step 19/29 frontier=627 elapsed=9.34945s
    depth 19: determinant reverse step 20/29 frontier=385 elapsed=9.35327s
    depth 19: determinant reverse step 21/29 frontier=231 elapsed=9.3553s
    depth 19: determinant reverse step 22/29 frontier=135 elapsed=9.3563s
    depth 19: determinant reverse step 23/29 frontier=77 elapsed=9.35678s
    depth 19: determinant reverse step 24/29 frontier=42 elapsed=9.35699s
    depth 19: determinant reverse step 25/29 frontier=22 elapsed=9.35709s
    depth 19: determinant reverse step 26/29 frontier=11 elapsed=9.35714s
    depth 19: determinant reverse step 27/29 frontier=5 elapsed=9.35716s
    depth 19: determinant reverse step 28/29 frontier=2 elapsed=9.35717s
    depth 19: determinant reverse step 29/29 frontier=1 elapsed=9.35719s
  D_10 Delta_29 = 26215039239765777741363691276
    depth 20: determinant reverse step 1/30 frontier=6256 elapsed=0.034006s
    depth 20: determinant reverse step 2/30 frontier=19475 elapsed=0.355449s
    depth 20: determinant reverse step 3/30 frontier=34335 elapsed=1.31333s
    depth 20: determinant reverse step 4/30 frontier=47529 elapsed=2.87131s
    depth 20: determinant reverse step 5/30 frontier=57424 elapsed=4.75432s
    depth 20: determinant reverse step 6/30 frontier=63436 elapsed=6.64647s
    depth 20: determinant reverse step 7/30 frontier=64838 elapsed=8.47449s
    depth 20: determinant reverse step 8/30 frontier=60195 elapsed=9.97805s
    depth 20: determinant reverse step 9/30 frontier=48877 elapsed=11.1168s
    depth 20: determinant reverse step 10/30 frontier=35251 elapsed=11.9642s
    depth 20: determinant reverse step 11/30 frontier=24803 elapsed=12.5124s
    depth 20: determinant reverse step 12/30 frontier=17293 elapsed=12.8951s
    depth 20: determinant reverse step 13/30 frontier=11937 elapsed=13.1313s
    depth 20: determinant reverse step 14/30 frontier=8154 elapsed=13.2821s
    depth 20: determinant reverse step 15/30 frontier=5507 elapsed=13.3908s
    depth 20: determinant reverse step 16/30 frontier=3673 elapsed=13.4567s
    depth 20: determinant reverse step 17/30 frontier=2417 elapsed=13.4923s
    depth 20: determinant reverse step 18/30 frontier=1568 elapsed=13.5137s
    depth 20: determinant reverse step 19/30 frontier=1000 elapsed=13.5263s
    depth 20: determinant reverse step 20/30 frontier=627 elapsed=13.5333s
    depth 20: determinant reverse step 21/30 frontier=385 elapsed=13.5372s
    depth 20: determinant reverse step 22/30 frontier=231 elapsed=13.5391s
    depth 20: determinant reverse step 23/30 frontier=135 elapsed=13.5401s
    depth 20: determinant reverse step 24/30 frontier=77 elapsed=13.5406s
    depth 20: determinant reverse step 25/30 frontier=42 elapsed=13.5408s
    depth 20: determinant reverse step 26/30 frontier=22 elapsed=13.5409s
    depth 20: determinant reverse step 27/30 frontier=11 elapsed=13.5409s
    depth 20: determinant reverse step 28/30 frontier=5 elapsed=13.5409s
    depth 20: determinant reverse step 29/30 frontier=2 elapsed=13.5409s
    depth 20: determinant reverse step 30/30 frontier=1 elapsed=13.5409s
  D_10 Delta_30 = 951127995185495125549488317602
    depth 21: determinant reverse step 1/31 frontier=8219 elapsed=0.0422561s
    depth 21: determinant reverse step 2/31 frontier=26178 elapsed=0.500058s
    depth 21: determinant reverse step 3/31 frontier=46957 elapsed=1.84981s
    depth 21: determinant reverse step 4/31 frontier=65780 elapsed=4.07453s
    depth 21: determinant reverse step 5/31 frontier=80101 elapsed=6.8451s
    depth 21: determinant reverse step 6/31 frontier=88869 elapsed=9.83995s
    depth 21: determinant reverse step 7/31 frontier=90918 elapsed=12.357s
    depth 21: determinant reverse step 8/31 frontier=84270 elapsed=14.5837s
    depth 21: determinant reverse step 9/31 frontier=68414 elapsed=16.2251s
    depth 21: determinant reverse step 10/31 frontier=49668 elapsed=17.4544s
    depth 21: determinant reverse step 11/31 frontier=35251 elapsed=18.3814s
    depth 21: determinant reverse step 12/31 frontier=24803 elapsed=18.9348s
    depth 21: determinant reverse step 13/31 frontier=17293 elapsed=19.3016s
    depth 21: determinant reverse step 14/31 frontier=11937 elapsed=19.5347s
    depth 21: determinant reverse step 15/31 frontier=8154 elapsed=19.6884s
    depth 21: determinant reverse step 16/31 frontier=5507 elapsed=19.7865s
    depth 21: determinant reverse step 17/31 frontier=3673 elapsed=19.8468s
    depth 21: determinant reverse step 18/31 frontier=2417 elapsed=19.8844s
    depth 21: determinant reverse step 19/31 frontier=1568 elapsed=19.9146s
    depth 21: determinant reverse step 20/31 frontier=1000 elapsed=19.9282s
    depth 21: determinant reverse step 21/31 frontier=627 elapsed=19.9358s
    depth 21: determinant reverse step 22/31 frontier=385 elapsed=19.9397s
    depth 21: determinant reverse step 23/31 frontier=231 elapsed=19.9416s
    depth 21: determinant reverse step 24/31 frontier=135 elapsed=19.9427s
    depth 21: determinant reverse step 25/31 frontier=77 elapsed=19.9432s
    depth 21: determinant reverse step 26/31 frontier=42 elapsed=19.9434s
    depth 21: determinant reverse step 27/31 frontier=22 elapsed=19.9435s
    depth 21: determinant reverse step 28/31 frontier=11 elapsed=19.9435s
    depth 21: determinant reverse step 29/31 frontier=5 elapsed=19.9436s
    depth 21: determinant reverse step 30/31 frontier=2 elapsed=19.9436s
    depth 21: determinant reverse step 31/31 frontier=1 elapsed=19.9436s
  D_10 Delta_31 = 35271090697103961995950344624930
    depth 22: determinant reverse step 1/32 frontier=10750 elapsed=0.0537552s
    depth 22: determinant reverse step 2/32 frontier=34963 elapsed=0.608571s
    depth 22: determinant reverse step 3/32 frontier=63761 elapsed=2.56222s
    depth 22: determinant reverse step 4/32 frontier=90353 elapsed=5.83805s
    depth 22: determinant reverse step 5/32 frontier=110857 elapsed=9.84867s
    depth 22: determinant reverse step 6/32 frontier=123497 elapsed=13.718s
    depth 22: determinant reverse step 7/32 frontier=126452 elapsed=17.4928s
    depth 22: determinant reverse step 8/32 frontier=117035 elapsed=20.5552s
    depth 22: determinant reverse step 9/32 frontier=95020 elapsed=23.1222s
    depth 22: determinant reverse step 10/32 frontier=69414 elapsed=24.9649s
    depth 22: determinant reverse step 11/32 frontier=49668 elapsed=26.1957s
    depth 22: determinant reverse step 12/32 frontier=35251 elapsed=27.046s
    depth 22: determinant reverse step 13/32 frontier=24803 elapsed=27.5968s
    depth 22: determinant reverse step 14/32 frontier=17293 elapsed=27.9602s
    depth 22: determinant reverse step 15/32 frontier=11937 elapsed=28.2052s
    depth 22: determinant reverse step 16/32 frontier=8154 elapsed=28.355s
    depth 22: determinant reverse step 17/32 frontier=5507 elapsed=28.4583s
    depth 22: determinant reverse step 18/32 frontier=3673 elapsed=28.5197s
    depth 22: determinant reverse step 19/32 frontier=2417 elapsed=28.5556s
    depth 22: determinant reverse step 20/32 frontier=1568 elapsed=28.5775s
    depth 22: determinant reverse step 21/32 frontier=1000 elapsed=28.5904s
    depth 22: determinant reverse step 22/32 frontier=627 elapsed=28.5973s
    depth 22: determinant reverse step 23/32 frontier=385 elapsed=28.6012s
    depth 22: determinant reverse step 24/32 frontier=231 elapsed=28.6032s
    depth 22: determinant reverse step 25/32 frontier=135 elapsed=28.6042s
    depth 22: determinant reverse step 26/32 frontier=77 elapsed=28.6047s
    depth 22: determinant reverse step 27/32 frontier=42 elapsed=28.6053s
    depth 22: determinant reverse step 28/32 frontier=22 elapsed=28.6054s
    depth 22: determinant reverse step 29/32 frontier=11 elapsed=28.6055s
    depth 22: determinant reverse step 30/32 frontier=5 elapsed=28.6055s
    depth 22: determinant reverse step 31/32 frontier=2 elapsed=28.6055s
    depth 22: determinant reverse step 32/32 frontier=1 elapsed=28.6056s
  D_10 Delta_32 = 1336443093237023813120957377753162
    depth 23: determinant reverse step 1/33 frontier=13956 elapsed=0.0659722s
    depth 23: determinant reverse step 2/33 frontier=46374 elapsed=0.794329s
    depth 23: determinant reverse step 3/33 frontier=85958 elapsed=3.18455s
    depth 23: determinant reverse step 4/33 frontier=123180 elapsed=7.24987s
    depth 23: determinant reverse step 5/33 frontier=152245 elapsed=12.7698s
    depth 23: determinant reverse step 6/33 frontier=170276 elapsed=18.5223s
    depth 23: determinant reverse step 7/33 frontier=174492 elapsed=23.5895s
    depth 23: determinant reverse step 8/33 frontier=161285 elapsed=28.185s
    depth 23: determinant reverse step 9/33 frontier=130991 elapsed=31.8546s
    depth 23: determinant reverse step 10/33 frontier=96271 elapsed=34.4146s
    depth 23: determinant reverse step 11/33 frontier=69414 elapsed=36.1869s
    depth 23: determinant reverse step 12/33 frontier=49668 elapsed=37.4104s
    depth 23: determinant reverse step 13/33 frontier=35251 elapsed=38.2643s
    depth 23: determinant reverse step 14/33 frontier=24803 elapsed=38.8175s
    depth 23: determinant reverse step 15/33 frontier=17293 elapsed=39.1822s
    depth 23: determinant reverse step 16/33 frontier=11937 elapsed=39.4184s
    depth 23: determinant reverse step 17/33 frontier=8154 elapsed=39.5697s
    depth 23: determinant reverse step 18/33 frontier=5507 elapsed=39.6751s
    depth 23: determinant reverse step 19/33 frontier=3673 elapsed=39.7351s
    depth 23: determinant reverse step 20/33 frontier=2417 elapsed=39.7712s
    depth 23: determinant reverse step 21/33 frontier=1568 elapsed=39.7929s
    depth 23: determinant reverse step 22/33 frontier=1000 elapsed=39.8052s
    depth 23: determinant reverse step 23/33 frontier=627 elapsed=39.8122s
    depth 23: determinant reverse step 24/33 frontier=385 elapsed=39.8159s
    depth 23: determinant reverse step 25/33 frontier=231 elapsed=39.8179s
    depth 23: determinant reverse step 26/33 frontier=135 elapsed=39.8189s
    depth 23: determinant reverse step 27/33 frontier=77 elapsed=39.8193s
    depth 23: determinant reverse step 28/33 frontier=42 elapsed=39.8196s
    depth 23: determinant reverse step 29/33 frontier=22 elapsed=39.8197s
    depth 23: determinant reverse step 30/33 frontier=11 elapsed=39.8197s
    depth 23: determinant reverse step 31/33 frontier=5 elapsed=39.8197s
    depth 23: determinant reverse step 32/33 frontier=2 elapsed=39.8197s
    depth 23: determinant reverse step 33/33 frontier=1 elapsed=39.8198s
  D_10 Delta_33 = 51723389640917307854563960255154272
    depth 24: determinant reverse step 1/34 frontier=18043 elapsed=0.0828434s
    depth 24: determinant reverse step 2/34 frontier=61158 elapsed=1.02901s
    depth 24: determinant reverse step 3/34 frontier=115149 elapsed=4.15207s
    depth 24: determinant reverse step 4/34 frontier=166810 elapsed=9.89033s
    depth 24: determinant reverse step 5/34 frontier=207629 elapsed=17.6436s
    depth 24: determinant reverse step 6/34 frontier=233097 elapsed=25.587s
    depth 24: determinant reverse step 7/34 frontier=239051 elapsed=32.5439s
    depth 24: determinant reverse step 8/34 frontier=220694 elapsed=38.6897s
    depth 24: determinant reverse step 9/34 frontier=179328 elapsed=44.2569s
    depth 24: determinant reverse step 10/34 frontier=132559 elapsed=47.9305s
    depth 24: determinant reverse step 11/34 frontier=96271 elapsed=50.4817s
    depth 24: determinant reverse step 12/34 frontier=69414 elapsed=52.7251s
    depth 24: determinant reverse step 13/34 frontier=49668 elapsed=53.9913s
    depth 24: determinant reverse step 14/34 frontier=35251 elapsed=54.8107s
    depth 24: determinant reverse step 15/34 frontier=24803 elapsed=55.3671s
    depth 24: determinant reverse step 16/34 frontier=17293 elapsed=55.726s
    depth 24: determinant reverse step 17/34 frontier=11937 elapsed=55.9619s
    depth 24: determinant reverse step 18/34 frontier=8154 elapsed=56.1141s
    depth 24: determinant reverse step 19/34 frontier=5507 elapsed=56.2161s
    depth 24: determinant reverse step 20/34 frontier=3673 elapsed=56.2783s
    depth 24: determinant reverse step 21/34 frontier=2417 elapsed=56.3144s
    depth 24: determinant reverse step 22/34 frontier=1568 elapsed=56.336s
    depth 24: determinant reverse step 23/34 frontier=1000 elapsed=56.3485s
    depth 24: determinant reverse step 24/34 frontier=627 elapsed=56.3555s
    depth 24: determinant reverse step 25/34 frontier=385 elapsed=56.3594s
    depth 24: determinant reverse step 26/34 frontier=231 elapsed=56.3614s
    depth 24: determinant reverse step 27/34 frontier=135 elapsed=56.3624s
    depth 24: determinant reverse step 28/34 frontier=77 elapsed=56.3629s
    depth 24: determinant reverse step 29/34 frontier=42 elapsed=56.3631s
    depth 24: determinant reverse step 30/34 frontier=22 elapsed=56.3632s
    depth 24: determinant reverse step 31/34 frontier=11 elapsed=56.3632s
    depth 24: determinant reverse step 32/34 frontier=5 elapsed=56.3633s
    depth 24: determinant reverse step 33/34 frontier=2 elapsed=56.3633s
    depth 24: determinant reverse step 34/34 frontier=1 elapsed=56.3633s
  D_10 Delta_34 = 2043982794137253530295576769766383182
    depth 25: determinant reverse step 1/35 frontier=23177 elapsed=0.10509s
    depth 25: determinant reverse step 2/35 frontier=80165 elapsed=1.33763s
    depth 25: determinant reverse step 3/35 frontier=153272 elapsed=5.55217s
    depth 25: determinant reverse step 4/35 frontier=224400 elapsed=13.2453s
    depth 25: determinant reverse step 5/35 frontier=281236 elapsed=24.1173s
    depth 25: determinant reverse step 6/35 frontier=316880 elapsed=34.4667s
    depth 25: determinant reverse step 7/35 frontier=325211 elapsed=44.5631s
    depth 25: determinant reverse step 8/35 frontier=299922 elapsed=53.1603s
    depth 25: determinant reverse step 9/35 frontier=243871 elapsed=60.2591s
    depth 25: determinant reverse step 10/35 frontier=181274 elapsed=65.4907s
    depth 25: determinant reverse step 11/35 frontier=132559 elapsed=69.432s
    depth 25: determinant reverse step 12/35 frontier=96271 elapsed=72.05s
    depth 25: determinant reverse step 13/35 frontier=69414 elapsed=73.8422s
    depth 25: determinant reverse step 14/35 frontier=49668 elapsed=75.0676s
    depth 25: determinant reverse step 15/35 frontier=35251 elapsed=75.9197s
    depth 25: determinant reverse step 16/35 frontier=24803 elapsed=76.4764s
    depth 25: determinant reverse step 17/35 frontier=17293 elapsed=76.8607s
    depth 25: determinant reverse step 18/35 frontier=11937 elapsed=77.1036s
    depth 25: determinant reverse step 19/35 frontier=8154 elapsed=77.2609s
    depth 25: determinant reverse step 20/35 frontier=5507 elapsed=77.361s
    depth 25: determinant reverse step 21/35 frontier=3673 elapsed=77.4229s
    depth 25: determinant reverse step 22/35 frontier=2417 elapsed=77.4599s
    depth 25: determinant reverse step 23/35 frontier=1568 elapsed=77.4822s
    depth 25: determinant reverse step 24/35 frontier=1000 elapsed=77.4951s
    depth 25: determinant reverse step 25/35 frontier=627 elapsed=77.5024s
    depth 25: determinant reverse step 26/35 frontier=385 elapsed=77.5064s
    depth 25: determinant reverse step 27/35 frontier=231 elapsed=77.5084s
    depth 25: determinant reverse step 28/35 frontier=135 elapsed=77.5094s
    depth 25: determinant reverse step 29/35 frontier=77 elapsed=77.5099s
    depth 25: determinant reverse step 30/35 frontier=42 elapsed=77.5102s
    depth 25: determinant reverse step 31/35 frontier=22 elapsed=77.5103s
    depth 25: determinant reverse step 32/35 frontier=11 elapsed=77.5103s
    depth 25: determinant reverse step 33/35 frontier=5 elapsed=77.5103s
    depth 25: determinant reverse step 34/35 frontier=2 elapsed=77.5104s
    depth 25: determinant reverse step 35/35 frontier=1 elapsed=77.5104s
  D_10 Delta_35 = 82445602868599657001528434371447340798
    depth 26: determinant reverse step 1/36 frontier=29655 elapsed=0.133671s
    depth 26: determinant reverse step 2/36 frontier=104534 elapsed=1.7482s
    depth 26: determinant reverse step 3/36 frontier=202854 elapsed=7.24396s
    depth 26: determinant reverse step 4/36 frontier=300054 elapsed=17.6335s
    depth 26: determinant reverse step 5/36 frontier=378551 elapsed=31.677s
    depth 26: determinant reverse step 6/36 frontier=428018 elapsed=46.0997s
    depth 26: determinant reverse step 7/36 frontier=439569 elapsed=59.8505s
    depth 26: determinant reverse step 8/36 frontier=405000 elapsed=71.8324s
    depth 26: determinant reverse step 9/36 frontier=329577 elapsed=81.4206s
    depth 26: determinant reverse step 10/36 frontier=246288 elapsed=88.6364s
    depth 26: determinant reverse step 11/36 frontier=181274 elapsed=93.7945s
    depth 26: determinant reverse step 12/36 frontier=132559 elapsed=98.0717s
    depth 26: determinant reverse step 13/36 frontier=96271 elapsed=100.696s
    depth 26: determinant reverse step 14/36 frontier=69414 elapsed=102.464s
    depth 26: determinant reverse step 15/36 frontier=49668 elapsed=103.657s
    depth 26: determinant reverse step 16/36 frontier=35251 elapsed=104.463s
    depth 26: determinant reverse step 17/36 frontier=24803 elapsed=105.013s
    depth 26: determinant reverse step 18/36 frontier=17293 elapsed=105.373s
    depth 26: determinant reverse step 19/36 frontier=11937 elapsed=105.611s
    depth 26: determinant reverse step 20/36 frontier=8154 elapsed=105.783s
    depth 26: determinant reverse step 21/36 frontier=5507 elapsed=105.884s
    depth 26: determinant reverse step 22/36 frontier=3673 elapsed=105.946s
    depth 26: determinant reverse step 23/36 frontier=2417 elapsed=105.985s
    depth 26: determinant reverse step 24/36 frontier=1568 elapsed=106.007s
    depth 26: determinant reverse step 25/36 frontier=1000 elapsed=106.021s
    depth 26: determinant reverse step 26/36 frontier=627 elapsed=106.027s
    depth 26: determinant reverse step 27/36 frontier=385 elapsed=106.031s
    depth 26: determinant reverse step 28/36 frontier=231 elapsed=106.033s
    depth 26: determinant reverse step 29/36 frontier=135 elapsed=106.034s
    depth 26: determinant reverse step 30/36 frontier=77 elapsed=106.035s
    depth 26: determinant reverse step 31/36 frontier=42 elapsed=106.035s
    depth 26: determinant reverse step 32/36 frontier=22 elapsed=106.035s
    depth 26: determinant reverse step 33/36 frontier=11 elapsed=106.035s
    depth 26: determinant reverse step 34/36 frontier=5 elapsed=106.035s
    depth 26: determinant reverse step 35/36 frontier=2 elapsed=106.035s
    depth 26: determinant reverse step 36/36 frontier=1 elapsed=106.035s
  D_10 Delta_36 = 3393148585704189130027715539490621334100
    depth 27: determinant reverse step 1/37 frontier=37732 elapsed=0.166205s
    depth 27: determinant reverse step 2/37 frontier=135575 elapsed=2.18619s
    depth 27: determinant reverse step 3/37 frontier=266952 elapsed=9.51033s
    depth 27: determinant reverse step 4/37 frontier=398845 elapsed=23.6716s
    depth 27: determinant reverse step 5/37 frontier=506440 elapsed=42.9738s
    depth 27: determinant reverse step 6/37 frontier=574542 elapsed=62.7268s
    depth 27: determinant reverse step 7/37 frontier=590436 elapsed=81.6151s
    depth 27: determinant reverse step 8/37 frontier=543543 elapsed=98.6735s
    depth 27: determinant reverse step 9/37 frontier=442732 elapsed=112.76s
    depth 27: determinant reverse step 10/37 frontier=332557 elapsed=123.086s
    depth 27: determinant reverse step 11/37 frontier=246288 elapsed=130.533s
    depth 27: determinant reverse step 12/37 frontier=181274 elapsed=135.804s
    depth 27: determinant reverse step 13/37 frontier=132559 elapsed=139.54s
    depth 27: determinant reverse step 14/37 frontier=96271 elapsed=142.128s
    depth 27: determinant reverse step 15/37 frontier=69414 elapsed=143.985s
    depth 27: determinant reverse step 16/37 frontier=49668 elapsed=145.218s
    depth 27: determinant reverse step 17/37 frontier=35251 elapsed=146.084s
    depth 27: determinant reverse step 18/37 frontier=24803 elapsed=146.643s
    depth 27: determinant reverse step 19/37 frontier=17293 elapsed=147.041s
    depth 27: determinant reverse step 20/37 frontier=11937 elapsed=147.332s
    depth 27: determinant reverse step 21/37 frontier=8154 elapsed=147.496s
    depth 27: determinant reverse step 22/37 frontier=5507 elapsed=147.603s
    depth 27: determinant reverse step 23/37 frontier=3673 elapsed=147.668s
    depth 27: determinant reverse step 24/37 frontier=2417 elapsed=147.708s
    depth 27: determinant reverse step 25/37 frontier=1568 elapsed=147.731s
    depth 27: determinant reverse step 26/37 frontier=1000 elapsed=147.745s
    depth 27: determinant reverse step 27/37 frontier=627 elapsed=147.752s
    depth 27: determinant reverse step 28/37 frontier=385 elapsed=147.756s
    depth 27: determinant reverse step 29/37 frontier=231 elapsed=147.758s
    depth 27: determinant reverse step 30/37 frontier=135 elapsed=147.759s
    depth 27: determinant reverse step 31/37 frontier=77 elapsed=147.759s
    depth 27: determinant reverse step 32/37 frontier=42 elapsed=147.76s
    depth 27: determinant reverse step 33/37 frontier=22 elapsed=147.76s
    depth 27: determinant reverse step 34/37 frontier=11 elapsed=147.76s
    depth 27: determinant reverse step 35/37 frontier=5 elapsed=147.76s
    depth 27: determinant reverse step 36/37 frontier=2 elapsed=147.76s
    depth 27: determinant reverse step 37/37 frontier=1 elapsed=147.76s
  D_10 Delta_37 = 142438840134597942046952934692216699236644
    depth 28: determinant reverse step 1/38 frontier=47831 elapsed=0.211142s
    depth 28: determinant reverse step 2/38 frontier=175003 elapsed=2.88407s
    depth 28: determinant reverse step 3/38 frontier=349487 elapsed=12.4039s
    depth 28: determinant reverse step 4/38 frontier=527271 elapsed=30.8214s
    depth 28: determinant reverse step 5/38 frontier=673701 elapsed=56.4749s
    depth 28: determinant reverse step 6/38 frontier=766759 elapsed=83.4223s
    depth 28: determinant reverse step 7/38 frontier=788454 elapsed=109.607s
    depth 28: determinant reverse step 8/38 frontier=725290 elapsed=133.546s
    depth 28: determinant reverse step 9/38 frontier=591374 elapsed=152.561s
    depth 28: determinant reverse step 10/38 frontier=446405 elapsed=167.096s
    depth 28: determinant reverse step 11/38 frontier=332557 elapsed=177.513s
    depth 28: determinant reverse step 12/38 frontier=246288 elapsed=184.906s
    depth 28: determinant reverse step 13/38 frontier=181274 elapsed=190.36s
    depth 28: determinant reverse step 14/38 frontier=132559 elapsed=194.148s
    depth 28: determinant reverse step 15/38 frontier=96271 elapsed=196.762s
    depth 28: determinant reverse step 16/38 frontier=69414 elapsed=198.622s
    depth 28: determinant reverse step 17/38 frontier=49668 elapsed=199.821s
    depth 28: determinant reverse step 18/38 frontier=35251 elapsed=200.639s
    depth 28: determinant reverse step 19/38 frontier=24803 elapsed=201.201s
    depth 28: determinant reverse step 20/38 frontier=17293 elapsed=201.568s
    depth 28: determinant reverse step 21/38 frontier=11937 elapsed=201.802s
    depth 28: determinant reverse step 22/38 frontier=8154 elapsed=201.955s
    depth 28: determinant reverse step 23/38 frontier=5507 elapsed=202.05s
    depth 28: determinant reverse step 24/38 frontier=3673 elapsed=202.115s
    depth 28: determinant reverse step 25/38 frontier=2417 elapsed=202.15s
    depth 28: determinant reverse step 26/38 frontier=1568 elapsed=202.171s
    depth 28: determinant reverse step 27/38 frontier=1000 elapsed=202.186s
    depth 28: determinant reverse step 28/38 frontier=627 elapsed=202.193s
    depth 28: determinant reverse step 29/38 frontier=385 elapsed=202.196s
    depth 28: determinant reverse step 30/38 frontier=231 elapsed=202.199s
    depth 28: determinant reverse step 31/38 frontier=135 elapsed=202.2s
    depth 28: determinant reverse step 32/38 frontier=77 elapsed=202.2s
    depth 28: determinant reverse step 33/38 frontier=42 elapsed=202.2s
    depth 28: determinant reverse step 34/38 frontier=22 elapsed=202.2s
    depth 28: determinant reverse step 35/38 frontier=11 elapsed=202.2s
    depth 28: determinant reverse step 36/38 frontier=5 elapsed=202.2s
    depth 28: determinant reverse step 37/38 frontier=2 elapsed=202.2s
    depth 28: determinant reverse step 38/38 frontier=1 elapsed=202.2s
  D_10 Delta_38 = 6096631774015551508307562462350301797376628
    depth 29: determinant reverse step 1/39 frontier=60334 elapsed=0.329436s
    depth 29: determinant reverse step 2/39 frontier=224798 elapsed=3.86019s
    depth 29: determinant reverse step 3/39 frontier=455197 elapsed=16.3868s
    depth 29: determinant reverse step 4/39 frontier=693329 elapsed=40.4071s
    depth 29: determinant reverse step 5/39 frontier=891273 elapsed=74.7962s
    depth 29: determinant reverse step 6/39 frontier=1017543 elapsed=111.839s
    depth 29: determinant reverse step 7/39 frontier=1046953 elapsed=147.577s
    depth 29: determinant reverse step 8/39 frontier=962441 elapsed=179.247s
    depth 29: determinant reverse step 9/39 frontier=785624 elapsed=205.041s
    depth 29: determinant reverse step 10/39 frontier=595872 elapsed=224.749s
    depth 29: determinant reverse step 11/39 frontier=446405 elapsed=239.521s
    depth 29: determinant reverse step 12/39 frontier=332557 elapsed=250.19s
    depth 29: determinant reverse step 13/39 frontier=246288 elapsed=257.881s
    depth 29: determinant reverse step 14/39 frontier=181274 elapsed=263.315s
    depth 29: determinant reverse step 15/39 frontier=132559 elapsed=267.077s
    depth 29: determinant reverse step 16/39 frontier=96271 elapsed=269.658s
    depth 29: determinant reverse step 17/39 frontier=69414 elapsed=271.523s
    depth 29: determinant reverse step 18/39 frontier=49668 elapsed=272.739s
    depth 29: determinant reverse step 19/39 frontier=35251 elapsed=273.794s
    depth 29: determinant reverse step 20/39 frontier=24803 elapsed=274.425s
    depth 29: determinant reverse step 21/39 frontier=17293 elapsed=274.807s
    depth 29: determinant reverse step 22/39 frontier=11937 elapsed=275.049s
    depth 29: determinant reverse step 23/39 frontier=8154 elapsed=275.202s
    depth 29: determinant reverse step 24/39 frontier=5507 elapsed=275.3s
    depth 29: determinant reverse step 25/39 frontier=3673 elapsed=275.361s
    depth 29: determinant reverse step 26/39 frontier=2417 elapsed=275.398s
    depth 29: determinant reverse step 27/39 frontier=1568 elapsed=275.419s
    depth 29: determinant reverse step 28/39 frontier=1000 elapsed=275.432s
    depth 29: determinant reverse step 29/39 frontier=627 elapsed=275.439s
    depth 29: determinant reverse step 30/39 frontier=385 elapsed=275.443s
    depth 29: determinant reverse step 31/39 frontier=231 elapsed=275.445s
    depth 29: determinant reverse step 32/39 frontier=135 elapsed=275.446s
    depth 29: determinant reverse step 33/39 frontier=77 elapsed=275.446s
    depth 29: determinant reverse step 34/39 frontier=42 elapsed=275.447s
    depth 29: determinant reverse step 35/39 frontier=22 elapsed=275.447s
    depth 29: determinant reverse step 36/39 frontier=11 elapsed=275.447s
    depth 29: determinant reverse step 37/39 frontier=5 elapsed=275.447s
    depth 29: determinant reverse step 38/39 frontier=2 elapsed=275.447s
    depth 29: determinant reverse step 39/39 frontier=1 elapsed=275.447s
  D_10 Delta_39 = 265971240383073707731791074892945390917114056
    depth 30: determinant reverse step 1/40 frontier=75842 elapsed=0.320454s
    depth 30: determinant reverse step 2/40 frontier=287516 elapsed=4.57684s
    depth 30: determinant reverse step 3/40 frontier=590089 elapsed=20.5679s
    depth 30: determinant reverse step 4/40 frontier=907160 elapsed=52.1888s
    depth 30: determinant reverse step 5/40 frontier=1173039 elapsed=97.5858s
    depth 30: determinant reverse step 6/40 frontier=1343236 elapsed=146.097s
    depth 30: determinant reverse step 7/40 frontier=1382834 elapsed=194.016s
    depth 30: determinant reverse step 8/40 frontier=1270462 elapsed=236.816s
    depth 30: determinant reverse step 9/40 frontier=1038283 elapsed=271.954s
    depth 30: determinant reverse step 10/40 frontier=791131 elapsed=299.44s
    depth 30: determinant reverse step 11/40 frontier=595872 elapsed=319.301s
    depth 30: determinant reverse step 12/40 frontier=446405 elapsed=333.388s
    depth 30: determinant reverse step 13/40 frontier=332557 elapsed=343.79s
    depth 30: determinant reverse step 14/40 frontier=246288 elapsed=351.27s
    depth 30: determinant reverse step 15/40 frontier=181274 elapsed=356.413s
    depth 30: determinant reverse step 16/40 frontier=132559 elapsed=360.056s
    depth 30: determinant reverse step 17/40 frontier=96271 elapsed=362.618s
    depth 30: determinant reverse step 18/40 frontier=69414 elapsed=364.384s
    depth 30: determinant reverse step 19/40 frontier=49668 elapsed=365.61s
    depth 30: determinant reverse step 20/40 frontier=35251 elapsed=366.431s
    depth 30: determinant reverse step 21/40 frontier=24803 elapsed=366.99s
    depth 30: determinant reverse step 22/40 frontier=17293 elapsed=367.352s
    depth 30: determinant reverse step 23/40 frontier=11937 elapsed=367.589s
    depth 30: determinant reverse step 24/40 frontier=8154 elapsed=367.751s
    depth 30: determinant reverse step 25/40 frontier=5507 elapsed=367.848s
    depth 30: determinant reverse step 26/40 frontier=3673 elapsed=367.907s
    depth 30: determinant reverse step 27/40 frontier=2417 elapsed=367.943s
    depth 30: determinant reverse step 28/40 frontier=1568 elapsed=367.965s
    depth 30: determinant reverse step 29/40 frontier=1000 elapsed=367.977s
    depth 30: determinant reverse step 30/40 frontier=627 elapsed=367.984s
    depth 30: determinant reverse step 31/40 frontier=385 elapsed=367.988s
    depth 30: determinant reverse step 32/40 frontier=231 elapsed=367.99s
    depth 30: determinant reverse step 33/40 frontier=135 elapsed=367.991s
    depth 30: determinant reverse step 34/40 frontier=77 elapsed=367.991s
    depth 30: determinant reverse step 35/40 frontier=42 elapsed=367.992s
    depth 30: determinant reverse step 36/40 frontier=22 elapsed=367.992s
    depth 30: determinant reverse step 37/40 frontier=11 elapsed=367.992s
    depth 30: determinant reverse step 38/40 frontier=5 elapsed=367.992s
    depth 30: determinant reverse step 39/40 frontier=2 elapsed=367.992s
    depth 30: determinant reverse step 40/40 frontier=1 elapsed=367.992s
  D_10 Delta_40 = 11822561825669300279796964248858833900355219204
    depth 31: determinant reverse step 1/41 frontier=94915 elapsed=0.369148s
    depth 31: determinant reverse step 2/41 frontier=366110 elapsed=5.56234s
    depth 31: determinant reverse step 3/41 frontier=761391 elapsed=25.8235s
    depth 31: determinant reverse step 4/41 frontier=1181178 elapsed=66.8214s
    depth 31: determinant reverse step 5/41 frontier=1536158 elapsed=125.108s
    depth 31: determinant reverse step 6/41 frontier=1764128 elapsed=189.836s
    depth 31: determinant reverse step 7/41 frontier=1817111 elapsed=254.509s
    depth 31: determinant reverse step 8/41 frontier=1668604 elapsed=311.616s
    depth 31: determinant reverse step 9/41 frontier=1365377 elapsed=359.584s
    depth 31: determinant reverse step 10/41 frontier=1044986 elapsed=396.885s
    depth 31: determinant reverse step 11/41 frontier=791131 elapsed=424.116s
    depth 31: determinant reverse step 12/41 frontier=595872 elapsed=444.133s
    depth 31: determinant reverse step 13/41 frontier=446405 elapsed=458.571s
    depth 31: determinant reverse step 14/41 frontier=332557 elapsed=468.795s
    depth 31: determinant reverse step 15/41 frontier=246288 elapsed=476.155s
    depth 31: determinant reverse step 16/41 frontier=181274 elapsed=481.624s
    depth 31: determinant reverse step 17/41 frontier=132559 elapsed=485.279s
    depth 31: determinant reverse step 18/41 frontier=96271 elapsed=487.822s
    depth 31: determinant reverse step 19/41 frontier=69414 elapsed=489.593s
    depth 31: determinant reverse step 20/41 frontier=49668 elapsed=490.945s
    depth 31: determinant reverse step 21/41 frontier=35251 elapsed=491.787s
    depth 31: determinant reverse step 22/41 frontier=24803 elapsed=492.353s
    depth 31: determinant reverse step 23/41 frontier=17293 elapsed=492.726s
    depth 31: determinant reverse step 24/41 frontier=11937 elapsed=492.968s
    depth 31: determinant reverse step 25/41 frontier=8154 elapsed=493.121s
    depth 31: determinant reverse step 26/41 frontier=5507 elapsed=493.218s
    depth 31: determinant reverse step 27/41 frontier=3673 elapsed=493.278s
    depth 31: determinant reverse step 28/41 frontier=2417 elapsed=493.315s
    depth 31: determinant reverse step 29/41 frontier=1568 elapsed=493.336s
    depth 31: determinant reverse step 30/41 frontier=1000 elapsed=493.349s
    depth 31: determinant reverse step 31/41 frontier=627 elapsed=493.356s
    depth 31: determinant reverse step 32/41 frontier=385 elapsed=493.36s
    depth 31: determinant reverse step 33/41 frontier=231 elapsed=493.362s
    depth 31: determinant reverse step 34/41 frontier=135 elapsed=493.363s
    depth 31: determinant reverse step 35/41 frontier=77 elapsed=493.363s
    depth 31: determinant reverse step 36/41 frontier=42 elapsed=493.364s
    depth 31: determinant reverse step 37/41 frontier=22 elapsed=493.364s
    depth 31: determinant reverse step 38/41 frontier=11 elapsed=493.364s
    depth 31: determinant reverse step 39/41 frontier=5 elapsed=493.364s
    depth 31: determinant reverse step 40/41 frontier=2 elapsed=493.364s
    depth 31: determinant reverse step 41/41 frontier=1 elapsed=493.364s
  D_10 Delta_41 = 535268766777856733679937523924620977387806795560
    depth 32: determinant reverse step 1/42 frontier=118399 elapsed=0.471536s
    depth 32: determinant reverse step 2/42 frontier=464336 elapsed=7.18241s
    depth 32: determinant reverse step 3/42 frontier=978178 elapsed=33.2196s
    depth 32: determinant reverse step 4/42 frontier=1530967 elapsed=85.3438s
    depth 32: determinant reverse step 5/42 frontier=2002194 elapsed=160.968s
    depth 32: determinant reverse step 6/42 frontier=2305734 elapsed=245.696s
    depth 32: determinant reverse step 7/42 frontier=2376196 elapsed=332.135s
    depth 32: determinant reverse step 8/42 frontier=2181025 elapsed=409.794s
    depth 32: determinant reverse step 9/42 frontier=1787003 elapsed=475.419s
    depth 32: determinant reverse step 10/42 frontier=1373531 elapsed=525.389s
    depth 32: determinant reverse step 11/42 frontier=1044986 elapsed=562.357s
    depth 32: determinant reverse step 12/42 frontier=791131 elapsed=589.577s
    depth 32: determinant reverse step 13/42 frontier=595872 elapsed=610.319s
    depth 32: determinant reverse step 14/42 frontier=446405 elapsed=625.052s
    depth 32: determinant reverse step 15/42 frontier=332557 elapsed=635.583s
    depth 32: determinant reverse step 16/42 frontier=246288 elapsed=643.195s
    depth 32: determinant reverse step 17/42 frontier=181274 elapsed=648.446s
    depth 32: determinant reverse step 18/42 frontier=132559 elapsed=652.497s
    depth 32: determinant reverse step 19/42 frontier=96271 elapsed=655.218s
    depth 32: determinant reverse step 20/42 frontier=69414 elapsed=657.174s
    depth 32: determinant reverse step 21/42 frontier=49668 elapsed=658.4s
    depth 32: determinant reverse step 22/42 frontier=35251 elapsed=659.243s
    depth 32: determinant reverse step 23/42 frontier=24803 elapsed=659.797s
    depth 32: determinant reverse step 24/42 frontier=17293 elapsed=660.17s
    depth 32: determinant reverse step 25/42 frontier=11937 elapsed=660.417s
    depth 32: determinant reverse step 26/42 frontier=8154 elapsed=660.573s
    depth 32: determinant reverse step 27/42 frontier=5507 elapsed=660.673s
    depth 32: determinant reverse step 28/42 frontier=3673 elapsed=660.734s
    depth 32: determinant reverse step 29/42 frontier=2417 elapsed=660.771s
    depth 32: determinant reverse step 30/42 frontier=1568 elapsed=660.793s
    depth 32: determinant reverse step 31/42 frontier=1000 elapsed=660.805s
    depth 32: determinant reverse step 32/42 frontier=627 elapsed=660.815s
    depth 32: determinant reverse step 33/42 frontier=385 elapsed=660.819s
    depth 32: determinant reverse step 34/42 frontier=231 elapsed=660.821s
    depth 32: determinant reverse step 35/42 frontier=135 elapsed=660.822s
    depth 32: determinant reverse step 36/42 frontier=77 elapsed=660.822s
    depth 32: determinant reverse step 37/42 frontier=42 elapsed=660.822s
    depth 32: determinant reverse step 38/42 frontier=22 elapsed=660.822s
    depth 32: determinant reverse step 39/42 frontier=11 elapsed=660.822s
    depth 32: determinant reverse step 40/42 frontier=5 elapsed=660.822s
    depth 32: determinant reverse step 41/42 frontier=2 elapsed=660.822s
    depth 32: determinant reverse step 42/42 frontier=1 elapsed=660.822s
  D_10 Delta_42 = 24675684153344560558912323893303033081155300749046
    depth 33: determinant reverse step 1/43 frontier=147107 elapsed=0.569376s
    depth 33: determinant reverse step 2/43 frontier=586546 elapsed=9.06865s
    depth 33: determinant reverse step 3/43 frontier=1251341 elapsed=42.013s
    depth 33: determinant reverse step 4/43 frontier=1975531 elapsed=109.474s
    depth 33: determinant reverse step 5/43 frontier=2597669 elapsed=208.727s
    depth 33: determinant reverse step 6/43 frontier=2999547 elapsed=320.212s
    depth 33: determinant reverse step 7/43 frontier=3092739 elapsed=434.811s
    depth 33: determinant reverse step 8/43 frontier=2837640 elapsed=544.825s
    depth 33: determinant reverse step 9/43 frontier=2328132 elapsed=642.506s
    depth 33: determinant reverse step 10/43 frontier=1796874 elapsed=714.967s
    depth 33: determinant reverse step 11/43 frontier=1373531 elapsed=768.454s
    depth 33: determinant reverse step 12/43 frontier=1044986 elapsed=808.182s
    depth 33: determinant reverse step 13/43 frontier=791131 elapsed=836.203s
    depth 33: determinant reverse step 14/43 frontier=595872 elapsed=856.779s
    depth 33: determinant reverse step 15/43 frontier=446405 elapsed=871.89s
    depth 33: determinant reverse step 16/43 frontier=332557 elapsed=883.049s
    depth 33: determinant reverse step 17/43 frontier=246288 elapsed=890.75s
    depth 33: determinant reverse step 18/43 frontier=181274 elapsed=896.672s
    depth 33: determinant reverse step 19/43 frontier=132559 elapsed=900.514s
    depth 33: determinant reverse step 20/43 frontier=96271 elapsed=903.309s
    depth 33: determinant reverse step 21/43 frontier=69414 elapsed=905.392s
    depth 33: determinant reverse step 22/43 frontier=49668 elapsed=906.73s
    depth 33: determinant reverse step 23/43 frontier=35251 elapsed=907.612s
    depth 33: determinant reverse step 24/43 frontier=24803 elapsed=908.184s
    depth 33: determinant reverse step 25/43 frontier=17293 elapsed=908.572s
    depth 33: determinant reverse step 26/43 frontier=11937 elapsed=908.824s
    depth 33: determinant reverse step 27/43 frontier=8154 elapsed=908.987s
    depth 33: determinant reverse step 28/43 frontier=5507 elapsed=909.09s
    depth 33: determinant reverse step 29/43 frontier=3673 elapsed=909.16s
    depth 33: determinant reverse step 30/43 frontier=2417 elapsed=909.199s
    depth 33: determinant reverse step 31/43 frontier=1568 elapsed=909.221s
    depth 33: determinant reverse step 32/43 frontier=1000 elapsed=909.236s
    depth 33: determinant reverse step 33/43 frontier=627 elapsed=909.243s
    depth 33: determinant reverse step 34/43 frontier=385 elapsed=909.247s
    depth 33: determinant reverse step 35/43 frontier=231 elapsed=909.249s
    depth 33: determinant reverse step 36/43 frontier=135 elapsed=909.25s
    depth 33: determinant reverse step 37/43 frontier=77 elapsed=909.251s
    depth 33: determinant reverse step 38/43 frontier=42 elapsed=909.251s
    depth 33: determinant reverse step 39/43 frontier=22 elapsed=909.251s
    depth 33: determinant reverse step 40/43 frontier=11 elapsed=909.251s
    depth 33: determinant reverse step 41/43 frontier=5 elapsed=909.251s
    depth 33: determinant reverse step 42/43 frontier=2 elapsed=909.251s
    depth 33: determinant reverse step 43/43 frontier=1 elapsed=909.251s
  D_10 Delta_43 = 1157869615886727234194419474560337809596547658962150
    depth 34: determinant reverse step 1/44 frontier=182217 elapsed=0.748683s
    depth 34: determinant reverse step 2/44 frontier=738201 elapsed=11.4614s
    depth 34: determinant reverse step 3/44 frontier=1594407 elapsed=54.6612s
    depth 34: determinant reverse step 4/44 frontier=2538504 elapsed=147.298s
    depth 34: determinant reverse step 5/44 frontier=3355618 elapsed=284.505s
    depth 34: determinant reverse step 6/44 frontier=3884832 elapsed=445.9s
    depth 34: determinant reverse step 7/44 frontier=4007408 elapsed=606.695s
    depth 34: determinant reverse step 8/44 frontier=3675679 elapsed=755.884s
    depth 34: determinant reverse step 9/44 frontier=3019857 elapsed=880.33s
    depth 34: determinant reverse step 10/44 frontier=2340069 elapsed=975.86s
    depth 34: determinant reverse step 11/44 frontier=1796874 elapsed=1044.01s
    depth 34: determinant reverse step 12/44 frontier=1373531 elapsed=1094.31s
    depth 34: determinant reverse step 13/44 frontier=1044986 elapsed=1132.46s
    depth 34: determinant reverse step 14/44 frontier=791131 elapsed=1160.64s
    depth 34: determinant reverse step 15/44 frontier=595872 elapsed=1180.83s
    depth 34: determinant reverse step 16/44 frontier=446405 elapsed=1195.37s
    depth 34: determinant reverse step 17/44 frontier=332557 elapsed=1205.73s
    depth 34: determinant reverse step 18/44 frontier=246288 elapsed=1213.08s
    depth 34: determinant reverse step 19/44 frontier=181274 elapsed=1218.37s
    depth 34: determinant reverse step 20/44 frontier=132559 elapsed=1222.13s
    depth 34: determinant reverse step 21/44 frontier=96271 elapsed=1224.7s
    depth 34: determinant reverse step 22/44 frontier=69414 elapsed=1226.49s
    depth 34: determinant reverse step 23/44 frontier=49668 elapsed=1227.73s
    depth 34: determinant reverse step 24/44 frontier=35251 elapsed=1228.58s
    depth 34: determinant reverse step 25/44 frontier=24803 elapsed=1229.13s
    depth 34: determinant reverse step 26/44 frontier=17293 elapsed=1229.5s
    depth 34: determinant reverse step 27/44 frontier=11937 elapsed=1229.73s
    depth 34: determinant reverse step 28/44 frontier=8154 elapsed=1229.89s
    depth 34: determinant reverse step 29/44 frontier=5507 elapsed=1229.98s
    depth 34: determinant reverse step 30/44 frontier=3673 elapsed=1230.04s
    depth 34: determinant reverse step 31/44 frontier=2417 elapsed=1230.08s
    depth 34: determinant reverse step 32/44 frontier=1568 elapsed=1230.1s
    depth 34: determinant reverse step 33/44 frontier=1000 elapsed=1230.11s
    depth 34: determinant reverse step 34/44 frontier=627 elapsed=1230.12s
    depth 34: determinant reverse step 35/44 frontier=385 elapsed=1230.12s
    depth 34: determinant reverse step 36/44 frontier=231 elapsed=1230.12s
    depth 34: determinant reverse step 37/44 frontier=135 elapsed=1230.12s
    depth 34: determinant reverse step 38/44 frontier=77 elapsed=1230.13s
    depth 34: determinant reverse step 39/44 frontier=42 elapsed=1230.13s
    depth 34: determinant reverse step 40/44 frontier=22 elapsed=1230.13s
    depth 34: determinant reverse step 41/44 frontier=11 elapsed=1230.13s
    depth 34: determinant reverse step 42/44 frontier=5 elapsed=1230.13s
    depth 34: determinant reverse step 43/44 frontier=2 elapsed=1230.13s
    depth 34: determinant reverse step 44/44 frontier=1 elapsed=1230.13s
  D_10 Delta_44 = 55284336553776824793807374087180517493790981537482648
    depth 35: determinant reverse step 1/45 frontier=224893 elapsed=0.824323s
    depth 35: determinant reverse step 2/45 frontier=925633 elapsed=13.4168s
    depth 35: determinant reverse step 3/45 frontier=2023574 elapsed=66.4388s
    depth 35: determinant reverse step 4/45 frontier=3248578 elapsed=176.454s
    depth 35: determinant reverse step 5/45 frontier=4316454 elapsed=337.359s
    depth 35: determinant reverse step 6/45 frontier=5009789 elapsed=528.771s
    depth 35: determinant reverse step 7/45 frontier=5170205 elapsed=724.806s
    depth 35: determinant reverse step 8/45 frontier=4740953 elapsed=907.291s
    depth 35: determinant reverse step 9/45 frontier=3900572 elapsed=1058.59s
    depth 35: determinant reverse step 10/45 frontier=3034232 elapsed=1178.58s
    depth 35: determinant reverse step 11/45 frontier=2340069 elapsed=1266.48s
    depth 35: determinant reverse step 12/45 frontier=1796874 elapsed=1330.74s
    depth 35: determinant reverse step 13/45 frontier=1373531 elapsed=1379.07s
    depth 35: determinant reverse step 14/45 frontier=1044986 elapsed=1415.22s
    depth 35: determinant reverse step 15/45 frontier=791131 elapsed=1441.48s
    depth 35: determinant reverse step 16/45 frontier=595872 elapsed=1459.95s
    depth 35: determinant reverse step 17/45 frontier=446405 elapsed=1473.37s
    depth 35: determinant reverse step 18/45 frontier=332557 elapsed=1483.01s
    depth 35: determinant reverse step 19/45 frontier=246288 elapsed=1489.98s
    depth 35: determinant reverse step 20/45 frontier=181274 elapsed=1494.96s
    depth 35: determinant reverse step 21/45 frontier=132559 elapsed=1498.53s
    depth 35: determinant reverse step 22/45 frontier=96271 elapsed=1500.96s
    depth 35: determinant reverse step 23/45 frontier=69414 elapsed=1502.68s
    depth 35: determinant reverse step 24/45 frontier=49668 elapsed=1503.85s
    depth 35: determinant reverse step 25/45 frontier=35251 elapsed=1504.65s
    depth 35: determinant reverse step 26/45 frontier=24803 elapsed=1505.19s
    depth 35: determinant reverse step 27/45 frontier=17293 elapsed=1505.6s
    depth 35: determinant reverse step 28/45 frontier=11937 elapsed=1505.83s
    depth 35: determinant reverse step 29/45 frontier=8154 elapsed=1505.98s
    depth 35: determinant reverse step 30/45 frontier=5507 elapsed=1506.08s
    depth 35: determinant reverse step 31/45 frontier=3673 elapsed=1506.14s
    depth 35: determinant reverse step 32/45 frontier=2417 elapsed=1506.18s
    depth 35: determinant reverse step 33/45 frontier=1568 elapsed=1506.2s
    depth 35: determinant reverse step 34/45 frontier=1000 elapsed=1506.21s
    depth 35: determinant reverse step 35/45 frontier=627 elapsed=1506.22s
    depth 35: determinant reverse step 36/45 frontier=385 elapsed=1506.23s
    depth 35: determinant reverse step 37/45 frontier=231 elapsed=1506.23s
    depth 35: determinant reverse step 38/45 frontier=135 elapsed=1506.23s
    depth 35: determinant reverse step 39/45 frontier=77 elapsed=1506.23s
    depth 35: determinant reverse step 40/45 frontier=42 elapsed=1506.23s
    depth 35: determinant reverse step 41/45 frontier=22 elapsed=1506.23s
    depth 35: determinant reverse step 42/45 frontier=11 elapsed=1506.23s
    depth 35: determinant reverse step 43/45 frontier=5 elapsed=1506.23s
    depth 35: determinant reverse step 44/45 frontier=2 elapsed=1506.23s
    depth 35: determinant reverse step 45/45 frontier=1 elapsed=1506.23s
  D_10 Delta_45 = 2685085373779006991846555032383549503678255527832144456
    depth 36: determinant reverse step 1/46 frontier=276768 elapsed=0.959871s
    depth 36: determinant reverse step 2/46 frontier=1156706 elapsed=15.8778s
    depth 36: determinant reverse step 3/46 frontier=2558794 elapsed=78.3859s
    depth 36: determinant reverse step 4/46 frontier=4141165 elapsed=213.754s
    depth 36: determinant reverse step 5/46 frontier=5530142 elapsed=418.855s
    depth 36: determinant reverse step 6/46 frontier=6434045 elapsed=664.451s
    depth 36: determinant reverse step 7/46 frontier=6642950 elapsed=910.329s
    depth 36: determinant reverse step 8/46 frontier=6090081 elapsed=1138.72s
    depth 36: determinant reverse step 9/46 frontier=5017721 elapsed=1337.2s
    depth 36: determinant reverse step 10/46 frontier=3917865 elapsed=1487.03s
    depth 36: determinant reverse step 11/46 frontier=3034232 elapsed=1600.52s
    depth 36: determinant reverse step 12/46 frontier=2340069 elapsed=1692.61s
    depth 36: determinant reverse step 13/46 frontier=1796874 elapsed=1758.32s
    depth 36: determinant reverse step 14/46 frontier=1373531 elapsed=1807.55s
    depth 36: determinant reverse step 15/46 frontier=1044986 elapsed=1843.84s
    depth 36: determinant reverse step 16/46 frontier=791131 elapsed=1870.3s
    depth 36: determinant reverse step 17/46 frontier=595872 elapsed=1889.35s
    depth 36: determinant reverse step 18/46 frontier=446405 elapsed=1903.23s
    depth 36: determinant reverse step 19/46 frontier=332557 elapsed=1913.14s
    depth 36: determinant reverse step 20/46 frontier=246288 elapsed=1920.36s
    depth 36: determinant reverse step 21/46 frontier=181274 elapsed=1925.52s
    depth 36: determinant reverse step 22/46 frontier=132559 elapsed=1929.18s
    depth 36: determinant reverse step 23/46 frontier=96271 elapsed=1931.75s
    depth 36: determinant reverse step 24/46 frontier=69414 elapsed=1933.54s
    depth 36: determinant reverse step 25/46 frontier=49668 elapsed=1934.75s
    depth 36: determinant reverse step 26/46 frontier=35251 elapsed=1935.58s
    depth 36: determinant reverse step 27/46 frontier=24803 elapsed=1936.14s
    depth 36: determinant reverse step 28/46 frontier=17293 elapsed=1936.5s
    depth 36: determinant reverse step 29/46 frontier=11937 elapsed=1936.74s
    depth 36: determinant reverse step 30/46 frontier=8154 elapsed=1936.89s
    depth 36: determinant reverse step 31/46 frontier=5507 elapsed=1936.98s
    depth 36: determinant reverse step 32/46 frontier=3673 elapsed=1937.04s
    depth 36: determinant reverse step 33/46 frontier=2417 elapsed=1937.09s
    depth 36: determinant reverse step 34/46 frontier=1568 elapsed=1937.11s
    depth 36: determinant reverse step 35/46 frontier=1000 elapsed=1937.12s
    depth 36: determinant reverse step 36/46 frontier=627 elapsed=1937.13s
    depth 36: determinant reverse step 37/46 frontier=385 elapsed=1937.13s
    depth 36: determinant reverse step 38/46 frontier=231 elapsed=1937.13s
    depth 36: determinant reverse step 39/46 frontier=135 elapsed=1937.14s
    depth 36: determinant reverse step 40/46 frontier=77 elapsed=1937.14s
    depth 36: determinant reverse step 41/46 frontier=42 elapsed=1937.14s
    depth 36: determinant reverse step 42/46 frontier=22 elapsed=1937.14s
    depth 36: determinant reverse step 43/46 frontier=11 elapsed=1937.14s
    depth 36: determinant reverse step 44/46 frontier=5 elapsed=1937.14s
    depth 36: determinant reverse step 45/46 frontier=2 elapsed=1937.14s
    depth 36: determinant reverse step 46/46 frontier=1 elapsed=1937.14s
  D_10 Delta_46 = 132614789377129564865418311371222768178929409675033682685
    depth 37: determinant reverse step 1/47 frontier=339484 elapsed=1.16128s
    depth 37: determinant reverse step 2/47 frontier=1440531 elapsed=19.8513s
    depth 37: determinant reverse step 3/47 frontier=3223861 elapsed=97.7383s
    depth 37: determinant reverse step 4/47 frontier=5259051 elapsed=270.514s
    depth 37: determinant reverse step 5/47 frontier=7057487 elapsed=532.277s
    depth 37: determinant reverse step 6/47 frontier=8230399 elapsed=853.049s
    depth 37: determinant reverse step 7/47 frontier=8501200 elapsed=1192.07s
    depth 37: determinant reverse step 8/47 frontier=7792338 elapsed=1503.36s
    depth 37: determinant reverse step 9/47 frontier=6429565 elapsed=1764.6s
    depth 37: determinant reverse step 10/47 frontier=5038443 elapsed=1964.59s
    depth 37: determinant reverse step 11/47 frontier=3917865 elapsed=2125.55s
    depth 37: determinant reverse step 12/47 frontier=3034232 elapsed=2245.8s
    depth 37: determinant reverse step 13/47 frontier=2340069 elapsed=2333.26s
    depth 37: determinant reverse step 14/47 frontier=1796874 elapsed=2401.23s
    depth 37: determinant reverse step 15/47 frontier=1373531 elapsed=2451.85s
    depth 37: determinant reverse step 16/47 frontier=1044986 elapsed=2489.35s
    depth 37: determinant reverse step 17/47 frontier=791131 elapsed=2516.7s
    depth 37: determinant reverse step 18/47 frontier=595872 elapsed=2536.65s
    depth 37: determinant reverse step 19/47 frontier=446405 elapsed=2551.52s
    depth 37: determinant reverse step 20/47 frontier=332557 elapsed=2562.09s
    depth 37: determinant reverse step 21/47 frontier=246288 elapsed=2569.97s
    depth 37: determinant reverse step 22/47 frontier=181274 elapsed=2575.55s
    depth 37: determinant reverse step 23/47 frontier=132559 elapsed=2579.68s
    depth 37: determinant reverse step 24/47 frontier=96271 elapsed=2582.48s
    depth 37: determinant reverse step 25/47 frontier=69414 elapsed=2584.37s
    depth 37: determinant reverse step 26/47 frontier=49668 elapsed=2585.64s
    depth 37: determinant reverse step 27/47 frontier=35251 elapsed=2586.49s
    depth 37: determinant reverse step 28/47 frontier=24803 elapsed=2587.06s
    depth 37: determinant reverse step 29/47 frontier=17293 elapsed=2587.44s
    depth 37: determinant reverse step 30/47 frontier=11937 elapsed=2587.68s
    depth 37: determinant reverse step 31/47 frontier=8154 elapsed=2587.84s
    depth 37: determinant reverse step 32/47 frontier=5507 elapsed=2587.93s
    depth 37: determinant reverse step 33/47 frontier=3673 elapsed=2587.99s
    depth 37: determinant reverse step 34/47 frontier=2417 elapsed=2588.03s
    depth 37: determinant reverse step 35/47 frontier=1568 elapsed=2588.05s
    depth 37: determinant reverse step 36/47 frontier=1000 elapsed=2588.06s
    depth 37: determinant reverse step 37/47 frontier=627 elapsed=2588.07s
    depth 37: determinant reverse step 38/47 frontier=385 elapsed=2588.08s
    depth 37: determinant reverse step 39/47 frontier=231 elapsed=2588.08s
    depth 37: determinant reverse step 40/47 frontier=135 elapsed=2588.08s
    depth 37: determinant reverse step 41/47 frontier=77 elapsed=2588.08s
    depth 37: determinant reverse step 42/47 frontier=42 elapsed=2588.08s
    depth 37: determinant reverse step 43/47 frontier=22 elapsed=2588.08s
    depth 37: determinant reverse step 44/47 frontier=11 elapsed=2588.08s
    depth 37: determinant reverse step 45/47 frontier=5 elapsed=2588.08s
    depth 37: determinant reverse step 46/47 frontier=2 elapsed=2588.08s
    depth 37: determinant reverse step 47/47 frontier=1 elapsed=2588.08s
  D_10 Delta_47 = 6658413172591333514151745898782953593656917960237174037754
    depth 38: determinant reverse step 1/48 frontier=415287 elapsed=1.46693s
    depth 38: determinant reverse step 2/48 frontier=1788313 elapsed=25.4292s
    depth 38: determinant reverse step 3/48 frontier=4047874 elapsed=128.902s
    depth 38: determinant reverse step 4/48 frontier=6654662 elapsed=350.355s
    depth 38: determinant reverse step 5/48 frontier=8973124 elapsed=705.989s
    depth 38: determinant reverse step 6/48 frontier=10488288 elapsed=1121.23s
    depth 38: determinant reverse step 7/48 frontier=10837742 elapsed=1546.06s
    depth 38: determinant reverse step 8/48 frontier=9932736 elapsed=1948.14s
    depth 38: determinant reverse step 9/48 frontier=8207625 elapsed=2294.22s
    depth 38: determinant reverse step 10/48 frontier=6454368 elapsed=2563.12s
    depth 38: determinant reverse step 11/48 frontier=5038443 elapsed=2770.42s
    depth 38: determinant reverse step 12/48 frontier=3917865 elapsed=2928.12s
    depth 38: determinant reverse step 13/48 frontier=3034232 elapsed=3049.38s
    depth 38: determinant reverse step 14/48 frontier=2340069 elapsed=3139.48s
    depth 38: determinant reverse step 15/48 frontier=1796874 elapsed=3207.17s
    depth 38: determinant reverse step 16/48 frontier=1373531 elapsed=3254.72s
    depth 38: determinant reverse step 17/48 frontier=1044986 elapsed=3290.22s
    depth 38: determinant reverse step 18/48 frontier=791131 elapsed=3316.73s
    depth 38: determinant reverse step 19/48 frontier=595872 elapsed=3336.56s
    depth 38: determinant reverse step 20/48 frontier=446405 elapsed=3350.53s
    depth 38: determinant reverse step 21/48 frontier=332557 elapsed=3360.67s
    depth 38: determinant reverse step 22/48 frontier=246288 elapsed=3367.81s
    depth 38: determinant reverse step 23/48 frontier=181274 elapsed=3372.96s
    depth 38: determinant reverse step 24/48 frontier=132559 elapsed=3376.59s
    depth 38: determinant reverse step 25/48 frontier=96271 elapsed=3379.13s
    depth 38: determinant reverse step 26/48 frontier=69414 elapsed=3380.89s
    depth 38: determinant reverse step 27/48 frontier=49668 elapsed=3382.11s
    depth 38: determinant reverse step 28/48 frontier=35251 elapsed=3382.93s
    depth 38: determinant reverse step 29/48 frontier=24803 elapsed=3383.47s
    depth 38: determinant reverse step 30/48 frontier=17293 elapsed=3383.84s
    depth 38: determinant reverse step 31/48 frontier=11937 elapsed=3384.08s
    depth 38: determinant reverse step 32/48 frontier=8154 elapsed=3384.23s
    depth 38: determinant reverse step 33/48 frontier=5507 elapsed=3384.32s
    depth 38: determinant reverse step 34/48 frontier=3673 elapsed=3384.39s
    depth 38: determinant reverse step 35/48 frontier=2417 elapsed=3384.42s
    depth 38: determinant reverse step 36/48 frontier=1568 elapsed=3384.44s
    depth 38: determinant reverse step 37/48 frontier=1000 elapsed=3384.46s
    depth 38: determinant reverse step 38/48 frontier=627 elapsed=3384.46s
    depth 38: determinant reverse step 39/48 frontier=385 elapsed=3384.47s
    depth 38: determinant reverse step 40/48 frontier=231 elapsed=3384.47s
    depth 38: determinant reverse step 41/48 frontier=135 elapsed=3384.47s
    depth 38: determinant reverse step 42/48 frontier=77 elapsed=3384.47s
    depth 38: determinant reverse step 43/48 frontier=42 elapsed=3384.47s
    depth 38: determinant reverse step 44/48 frontier=22 elapsed=3384.47s
    depth 38: determinant reverse step 45/48 frontier=11 elapsed=3384.47s
    depth 38: determinant reverse step 46/48 frontier=5 elapsed=3384.47s
    depth 38: determinant reverse step 47/48 frontier=2 elapsed=3384.47s
    depth 38: determinant reverse step 48/48 frontier=1 elapsed=3384.47s
  D_10 Delta_48 = 339753714815961245540492478343768397562774387842356276954604
    depth 39: determinant reverse step 1/49 frontier=506475 elapsed=1.69783s
    depth 39: determinant reverse step 2/49 frontier=2213039 elapsed=30.048s
    depth 39: determinant reverse step 3/49 frontier=5065429 elapsed=153.974s
    depth 39: determinant reverse step 4/49 frontier=8391091 elapsed=426.454s
    depth 39: determinant reverse step 5/49 frontier=11367462 elapsed=869s
    depth 39: determinant reverse step 6/49 frontier=13316341 elapsed=1388.24s
    depth 39: determinant reverse step 7/49 frontier=13765404 elapsed=1911.5s
    depth 39: determinant reverse step 8/49 frontier=12614772 elapsed=2403.81s
    depth 39: determinant reverse step 9/49 frontier=10439211 elapsed=2814.78s
    depth 39: determinant reverse step 10/49 frontier=8237213 elapsed=3149.29s
    depth 39: determinant reverse step 11/49 frontier=6454368 elapsed=3408.38s
    depth 39: determinant reverse step 12/49 frontier=5038443 elapsed=3600.99s
    depth 39: determinant reverse step 13/49 frontier=3917865 elapsed=3745.88s
    depth 39: determinant reverse step 14/49 frontier=3034232 elapsed=3856.2s
    depth 39: determinant reverse step 15/49 frontier=2340069 elapsed=3939.27s
    depth 39: determinant reverse step 16/49 frontier=1796874 elapsed=4002.17s
    depth 39: determinant reverse step 17/49 frontier=1373531 elapsed=4048.56s
    depth 39: determinant reverse step 18/49 frontier=1044986 elapsed=4082.11s
    depth 39: determinant reverse step 19/49 frontier=791131 elapsed=4107.19s
    depth 39: determinant reverse step 20/49 frontier=595872 elapsed=4125.21s
    depth 39: determinant reverse step 21/49 frontier=446405 elapsed=4138.48s
    depth 39: determinant reverse step 22/49 frontier=332557 elapsed=4148.04s
    depth 39: determinant reverse step 23/49 frontier=246288 elapsed=4155.04s
    depth 39: determinant reverse step 24/49 frontier=181274 elapsed=4160.08s
    depth 39: determinant reverse step 25/49 frontier=132559 elapsed=4163.63s
    depth 39: determinant reverse step 26/49 frontier=96271 elapsed=4166.12s
    depth 39: determinant reverse step 27/49 frontier=69414 elapsed=4167.82s
    depth 39: determinant reverse step 28/49 frontier=49668 elapsed=4169s
    depth 39: determinant reverse step 29/49 frontier=35251 elapsed=4169.81s
    depth 39: determinant reverse step 30/49 frontier=24803 elapsed=4170.36s
    depth 39: determinant reverse step 31/49 frontier=17293 elapsed=4170.71s
    depth 39: determinant reverse step 32/49 frontier=11937 elapsed=4170.93s
    depth 39: determinant reverse step 33/49 frontier=8154 elapsed=4171.08s
    depth 39: determinant reverse step 34/49 frontier=5507 elapsed=4171.17s
    depth 39: determinant reverse step 35/49 frontier=3673 elapsed=4171.22s
    depth 39: determinant reverse step 36/49 frontier=2417 elapsed=4171.25s
    depth 39: determinant reverse step 37/49 frontier=1568 elapsed=4171.27s
    depth 39: determinant reverse step 38/49 frontier=1000 elapsed=4171.29s
    depth 39: determinant reverse step 39/49 frontier=627 elapsed=4171.29s
    depth 39: determinant reverse step 40/49 frontier=385 elapsed=4171.3s
    depth 39: determinant reverse step 41/49 frontier=231 elapsed=4171.3s
    depth 39: determinant reverse step 42/49 frontier=135 elapsed=4171.3s
    depth 39: determinant reverse step 43/49 frontier=77 elapsed=4171.3s
    depth 39: determinant reverse step 44/49 frontier=42 elapsed=4171.3s
    depth 39: determinant reverse step 45/49 frontier=22 elapsed=4171.3s
    depth 39: determinant reverse step 46/49 frontier=11 elapsed=4171.3s
    depth 39: determinant reverse step 47/49 frontier=5 elapsed=4171.3s
    depth 39: determinant reverse step 48/49 frontier=2 elapsed=4171.3s
    depth 39: determinant reverse step 49/49 frontier=1 elapsed=4171.3s
  D_10 Delta_49 = 17613465979289868682972748570372556888077904929998924133504944
D_10 negative linear = -28825675469899966473184865486106171713819328187478471778003872594042236333985408; negative quadratic = -665201708030535071811115683936357987273740525944695452913305092493331578070800; lower margin = 153859784846231831651366976726987611690284354522032649989393883009392556387513289328
minimum lower margin = D_10: 153859784846231831651366976726987611690284354522032649989393883009392556387513289328
__EXIT_STATUS=0
