Thu Jul 16 05:48:45 UTC 2026
nb1cb2f
32
g++ (Ubuntu 13.3.0-6ubuntu2~24.04.1) 13.3.0
784c47f797a61e805d509c8e6262ccf5abd7f3bf7757a3b8fb4dad6d84b80adf  /root/fullq3_frontier_c_20260715_w1/run_full_q3_frontier_partition.py
28b51756e053cb160e9cf5dde4f97a27ae416f084f7ef23ffedd02409098464a  /root/fullq3_frontier_c_20260715_w1/run_full_q3_frontier_fleet_queue.py
49ff73fe1eebbaf0fef5344f0d8884103fa28d57c1dfd00e6723f20a09143040  /root/fullq3_frontier_c_20260715_w1/monitor_full_q3_resource_envelope.py
g++ -O3 -march=native -std=c++20 -Wall -fopenmp post_m29_bc_twentyseventh_frontier_gmp.cpp -lgmpxx -lgmp -o post_m29_bc_twentyseventh_frontier_gmp
g++ -O3 -march=native -std=c++20 -Wall -fopenmp post_m29_bc_twentyeighth_frontier_gmp.cpp -lgmpxx -lgmp -o post_m29_bc_twentyeighth_frontier_gmp
g++ -O3 -march=native -std=c++20 -Wall post_m29_bc_twentyeighth_b_absorption_gmp.cpp -lgmpxx -lgmp -o post_m29_bc_twentyeighth_b_absorption_gmp
g++ -O3 -march=native -std=c++20 -Wall post_m29_bc_twentyninth_c_frontier_gmp.cpp -lgmpxx -lgmp -o post_m29_bc_twentyninth_c_frontier_gmp
g++ -O3 -march=native -std=c++20 -Wall post_m29_bc_twentyninth_b_absorption_gmp.cpp -lgmpxx -lgmp -o post_m29_bc_twentyninth_b_absorption_gmp
__SOURCE_BINARY_IDENTITIES_BEGIN
c972462934e71dbc5f99fd385ca0d2f6efd0e8297600064fe6488846836d6f0b  /root/fullq3_frontier_c_20260715_w1/source/character_ring_iter/post_m29_bc_twentyseventh_frontier_gmp.cpp
e81d3d0e97413fcf5b42f116d745be007d28b4c086ae73c681859c59bafb39e0  /root/fullq3_frontier_c_20260715_w1/source/character_ring_iter/post_m29_bc_twentyseventh_frontier_gmp
86bb38d3af6ec85ffbef3258466a2a9ac52ade3f11dd457269872b590a3eb7ef  /root/fullq3_frontier_c_20260715_w1/source/character_ring_iter/post_m29_bc_twentyeighth_frontier_gmp.cpp
af3215ff0c7af50497c8f43053fd28e40184f0b71de7cef4c4281a7673795604  /root/fullq3_frontier_c_20260715_w1/source/character_ring_iter/post_m29_bc_twentyeighth_frontier_gmp
d5e0d608d10b7bfdb49032e917cee7acde9affe06114ec8b0c58c28e216e738a  /root/fullq3_frontier_c_20260715_w1/source/character_ring_iter/post_m29_bc_twentyeighth_b_absorption_gmp.cpp
7d2cb4b9fa502581bae0e4e8fcbbfce4404e03650246c7837f21d6bdf1daecf2  /root/fullq3_frontier_c_20260715_w1/source/character_ring_iter/post_m29_bc_twentyeighth_b_absorption_gmp
b81deece0d14750d7331abe13be0c4de20fc89a503ba0ddf050f65aad20e5e9c  /root/fullq3_frontier_c_20260715_w1/source/character_ring_iter/post_m29_bc_twentyninth_c_frontier_gmp.cpp
7739b0db54a25d9c70b058d81f247301d021088d57ab0754e39af478d7627380  /root/fullq3_frontier_c_20260715_w1/source/character_ring_iter/post_m29_bc_twentyninth_c_frontier_gmp
f8101d7a75c6de1ce82a615b8f94e351213f394e09b155df2928ac151c48b186  /root/fullq3_frontier_c_20260715_w1/source/character_ring_iter/post_m29_bc_twentyninth_b_absorption_gmp.cpp
a681a367be74d57a15335cde83640149762fe78c8c7adfb3d8ec1733fd0e112c  /root/fullq3_frontier_c_20260715_w1/source/character_ring_iter/post_m29_bc_twentyninth_b_absorption_gmp
__SOURCE_BINARY_IDENTITIES_END
__BUILD_EXIT_STATUS=0
