FULL_Q3_FLEET_PARTITION start run_id=fullq3fleetcheavy0004 partition=machine_c_heavy tasks=40 workers=1 threads_per_task=8 wrapper_sha256=784c47f797a61e805d509c8e6262ccf5abd7f3bf7757a3b8fb4dad6d84b80adf ledger_sha256=28b51756e053cb160e9cf5dde4f97a27ae416f084f7ef23ffedd02409098464a
FULL_Q3_FLEET_PARTITION task=twentyseventh_b_33_33 status=PASS elapsed=3168.56s sha256=b115a004becfa8919103855925d1dbad6039960f0e62f633651597c6d6d41cf1
FULL_Q3_FLEET_PARTITION task=twentyseventh_b_34_34 status=PASS elapsed=3421.17s sha256=438396e15fa1c40c379e23ce4dc517ebb8fbb1e96a05c72f7ece6a7923dedf40
FULL_Q3_FLEET_PARTITION task=twentyseventh_b_35_35 status=PASS elapsed=3658.08s sha256=e5040a1aef9799459b1ed2859bc8bfa71ed6496dd49de9e0d286497af076ec1d
FULL_Q3_FLEET_PARTITION task=twentyseventh_b_36_36 status=PASS elapsed=3890.80s sha256=882099a588a29192d68b2bf917841cb621ba051ea4fe2ac103261cf05d3b94a7
FULL_Q3_FLEET_PARTITION task=twentyseventh_b_37_37 status=PASS elapsed=4160.10s sha256=6d4025e775ce9cf4c3816a6e18c182ec06395eca6b9bc5c143aa43510f2ecd6f
FULL_Q3_FLEET_PARTITION task=twentyseventh_b_38_38 status=PASS elapsed=4325.51s sha256=be85df90968f725a3be2b4ad8abcabc2e5a94d4def19379c9f0e2f574861edd3
FULL_Q3_FLEET_PARTITION task=twentyseventh_b_39_39 status=PASS elapsed=4639.22s sha256=4382c455123f9603a314e2d99ff95000bf72cbe6b68fca27f9c1c48cd876e96d
FULL_Q3_FLEET_PARTITION task=twentyseventh_b_40_40 status=PASS elapsed=4948.43s sha256=33bfd20d05567b25622d2f9a16b8c1b80c358fef9dbed65ed6c64d99d2f659ce
FULL_Q3_FLEET_PARTITION task=twentyseventh_b_41_41 status=PASS elapsed=5184.93s sha256=1574a7eef7e457d5a807a9fdd9f20fbf36ad1104a460090fabe9117cdd2f5ce6
FULL_Q3_FLEET_PARTITION task=twentyseventh_b_42_42 status=PASS elapsed=5488.97s sha256=02c106d2eb10a7cc9034a52d6742aab7b7d79cb5d3f5bc7432054dab4661356f
FULL_Q3_FLEET_PARTITION task=twentyseventh_b_43_43 status=PASS elapsed=5842.67s sha256=43c9faef0b0278c474790aee3a698aab22c4a5db37297cd06e17585f9633f4e5
FULL_Q3_FLEET_PARTITION task=twentyseventh_b_44_44 status=PASS elapsed=6139.67s sha256=ae9f70ac5464433f0a0a2a75b12a51b6104f3a8cb56b067976beeb3992e72cd4
FULL_Q3_FLEET_PARTITION task=twentyseventh_b_45_45 status=PASS elapsed=6436.87s sha256=d36c6cea0ef7d75798d98d7be1ed87102dd70a9fa29b8ec2b41a301ad23079f0
FULL_Q3_FLEET_PARTITION task=twentyseventh_b_46_46 status=PASS elapsed=6794.79s sha256=be9def660b1a30dd634bacfed6a3c1bbc393030ae9283428a7f9aa83d52655f0
FULL_Q3_FLEET_PARTITION task=twentyseventh_b_47_47 status=PASS elapsed=7093.87s sha256=9d9a897b2c5700d1d9461557f8b76eddf9c0f288c94b5958b378f9950227d7a1
FULL_Q3_FLEET_PARTITION task=twentyeighth_b_15_17 status=PASS elapsed=2633.55s sha256=313929eb3d3485e749183d75bbb92f4bbf45980a10d4b34915a9e112be80eb85
FULL_Q3_FLEET_PARTITION task=twentyeighth_b_18_20 status=PASS elapsed=4100.87s sha256=9129da97933d22f094ce4ff5522d4bab714f6f3785cd2aae05087cfe7a7332c8
FULL_Q3_FLEET_PARTITION task=twentyeighth_b_21_23 status=PASS elapsed=5935.98s sha256=503907b97c81ecb05ad5456689910aa2aad60f212e69d965857c83c096ffe5a2
FULL_Q3_FLEET_PARTITION task=twentyeighth_b_24_24 status=PASS elapsed=2235.99s sha256=3fca81c476117f9bd7ea48e90dfcf56f85c881a77af3c441c944a34a92e71fe1
FULL_Q3_FLEET_PARTITION task=twentyeighth_b_25_25 status=PASS elapsed=2463.45s sha256=1c2c16c9ba111f26775d04d2dbe809c4adc2c8697d2390f25b4b903f8437ed7e
FULL_Q3_FLEET_PARTITION task=twentyeighth_b_26_26 status=PASS elapsed=2709.75s sha256=e3f15dfc7d868c0943163ae27082850b64b9fc8bdf25d394aee7bcb7eab4fddd
FULL_Q3_FLEET_PARTITION task=twentyeighth_b_27_27 status=PASS elapsed=2934.46s sha256=1fe0b03b6dee667a82214386b5e3794626e6a4090b3490f268f940bb9475c7ab
FULL_Q3_FLEET_PARTITION task=twentyeighth_b_28_28 status=PASS elapsed=3253.51s sha256=39c7c2286b2177a276231141930d7169fa11019b768cf215cc87d4e9bc91f632
FULL_Q3_FLEET_PARTITION task=twentyeighth_b_29_29 status=PASS elapsed=3522.17s sha256=4b8208f06c2f59326dce4ebebacc53717273078c16f4edc759a6650e7c0b28e5
FULL_Q3_FLEET_PARTITION task=twentyeighth_b_30_30 status=PASS elapsed=3797.71s sha256=2aebd6f135f0bdd0c1e98b03c8d9b28738f1b5e739b1844e24483b9547b8d2b9
FULL_Q3_FLEET_PARTITION task=twentyeighth_b_31_31 status=PASS elapsed=4089.45s sha256=37144cf2b5739a5e1d47aaefeafed4f69b499ffe3eab22dbe0da54c5af650303
FULL_Q3_FLEET_PARTITION task=twentyeighth_b_32_32 status=PASS elapsed=4433.72s sha256=eadbdee4ce07a5ec38dfc647db7e442cfda90ac0c08af76aa0e9ddda648fd156
FULL_Q3_FLEET_PARTITION task=twentyeighth_b_33_33 status=PASS elapsed=4744.55s sha256=3375b4173e4a5ee6a1a36a6477c6a4898861daa1071c75194dd4507b62204fc9
FULL_Q3_FLEET_PARTITION task=twentyeighth_b_34_34 status=PASS elapsed=5059.27s sha256=3dcacb7a88587a7c56867c924fefd3b0b30b4e524f9aa94a88e19390d0bab41f
FULL_Q3_FLEET_PARTITION task=twentyeighth_b_35_35 status=PASS elapsed=5468.39s sha256=1d03e764ae16a47ae66a33574ed8402287b5330aef1827f11a0e7b10940dbfa1
FULL_Q3_FLEET_PARTITION task=twentyeighth_b_36_36 status=PASS elapsed=5780.00s sha256=78c63bf787cfcdd60e3afece21ca789346b9619764d1daafb82c57efe3629d4c
FULL_Q3_FLEET_PARTITION task=twentyeighth_b_37_37 status=PASS elapsed=6207.01s sha256=469f5991c9a837d2a265f347ffff30d1f52b69c95eb8d3044fdd5d65dbdcd409
FULL_Q3_FLEET_PARTITION task=twentyeighth_b_38_38 status=PASS elapsed=6642.31s sha256=385cfc0204b869a00a0a2e1b2754ca47a9241535dc358fc63f1ab7ddf9b2cffd
FULL_Q3_FLEET_PARTITION task=twentyeighth_b_39_39 status=PASS elapsed=8193.91s sha256=206ae19b5198931f5771c63b3af08ab952293cad7c5581a97b5fb6e5e1cf7892
FULL_Q3_FLEET_PARTITION task=twentyeighth_b_40_40 status=PASS elapsed=10220.79s sha256=f05a96f12dd0add5f7dd7f6386929e4c97d000bf9c390dc5dc749547007aad63
FULL_Q3_FLEET_PARTITION task=twentyeighth_b_41_41 status=PASS elapsed=10992.90s sha256=882f2c9afb580fddc26a02180f0ec3f078dff8fe8b098c131efde9c5f6bc93cd
FULL_Q3_FLEET_PARTITION task=twentyeighth_c status=PASS elapsed=0.01s sha256=d15558a069e179a263d58dc8f222b1805b8eb74e69330e837a41f3804a8baf91
FULL_Q3_FLEET_PARTITION task=twentyeighth_b_absorption status=PASS elapsed=0.03s sha256=5c0445e05ade306f439378df5d102bb8d02a7ba714196764cf498bd11ffc7863
FULL_Q3_FLEET_PARTITION task=twentyninth_c_frontier status=PASS elapsed=0.01s sha256=cadebfc29f18f1dc6bef0276c533a5d7a2acf132d7f99dcf027758c112121525
FULL_Q3_FLEET_PARTITION task=twentyninth_b_absorption status=PASS elapsed=0.06s sha256=4479d6dc51db221e0c23f64a7ac7ab96f171224dabb50a11d3bebb4a2c814d67
FULL_Q3_FLEET_PARTITION partition=machine_c_heavy tasks_passed=40 tasks_expected=40 failures=0
FULL_Q3_FLEET_PARTITION VERIFICATION: ALL PASS
__ORCHESTRATOR_EXIT_STATUS=0
