BC_ROW_GATED_BOUNDED_LITTLEWOOD maximum=61 parallel_threads=8
FULL_Q3_BOUNDED_LITTLEWOOD completed_prime=2147483647 primes_consumed=1 modulus_bits=31
FULL_Q3_BOUNDED_LITTLEWOOD completed_prime=2147483629 primes_consumed=2 modulus_bits=62
FULL_Q3_BOUNDED_LITTLEWOOD completed_prime=2147483587 primes_consumed=3 modulus_bits=93
FULL_Q3_BOUNDED_LITTLEWOOD completed_prime=2147483579 primes_consumed=4 modulus_bits=124
FULL_Q3_BOUNDED_LITTLEWOOD completed_prime=2147483563 primes_consumed=5 modulus_bits=155
FULL_Q3_BOUNDED_LITTLEWOOD completed_prime=2147483549 primes_consumed=6 modulus_bits=186
FULL_Q3_BOUNDED_LITTLEWOOD completed_prime=2147483543 primes_consumed=7 modulus_bits=217
FULL_Q3_BOUNDED_LITTLEWOOD completed_prime=2147483497 primes_consumed=8 modulus_bits=248
FULL_Q3_BOUNDED_LITTLEWOOD completed_prime=2147483489 primes_consumed=9 modulus_bits=279
FULL_Q3_BOUNDED_LITTLEWOOD completed_prime=2147483477 primes_consumed=10 modulus_bits=310
FULL_Q3_BOUNDED_LITTLEWOOD completed_prime=2147483423 primes_consumed=11 modulus_bits=341
FULL_Q3_BOUNDED_LITTLEWOOD completed_prime=2147483399 primes_consumed=12 modulus_bits=372
FULL_Q3_BOUNDED_LITTLEWOOD completed_prime=2147483353 primes_consumed=13 modulus_bits=403
FULL_Q3_BOUNDED_LITTLEWOOD completed_prime=2147483323 primes_consumed=14 modulus_bits=434
FULL_Q3_BOUNDED_LITTLEWOOD completed_prime=2147483269 primes_consumed=15 modulus_bits=465
FULL_Q3_BOUNDED_LITTLEWOOD completed_prime=2147483249 primes_consumed=16 modulus_bits=496
source_claims_checked=182 source_groups_checked=14
generated_correction_entries=832 correction_checksum=-261331786864494218436716518069236670564813132374707514373198565290872205444985487243570427
minimum_positive_margin_label=B_2 m=1 minimum_positive_margin=1046
ledger_checksum=-522736234492485419094885313899428626303654826589487960349093081180846922600009362789711747
families=2 ranks=58 row_gated_steps=870 exact_steps=416 interval_steps=454 failures=0 status=PASS
BC_ROW_GATED_BOUNDED_LITTLEWOOD VERIFICATION: ALL PASS
