B/C family single-delta reverse certificate
family = B
rank = 13
moment = 48
B_13 target count = 2714
    B_13 Delta_48 shared reverse step 1/48 frontier=23909 colors=1 elapsed=0.837431s
    B_13 Delta_48 shared reverse step 2/48 frontier=77387 colors=1 elapsed=8.13318s
    B_13 Delta_48 shared reverse step 3/48 frontier=145026 colors=1 elapsed=30.7702s
    B_13 Delta_48 shared reverse step 4/48 frontier=220527 colors=1 elapsed=71.5811s
    B_13 Delta_48 shared reverse step 5/48 frontier=299202 colors=1 elapsed=131.124s
    B_13 Delta_48 shared reverse step 6/48 frontier=379019 colors=1 elapsed=208.243s
    B_13 Delta_48 shared reverse step 7/48 frontier=459112 colors=1 elapsed=301.833s
    B_13 Delta_48 shared reverse step 8/48 frontier=538929 colors=1 elapsed=410.159s
    B_13 Delta_48 shared reverse step 9/48 frontier=617604 colors=1 elapsed=532.75s
    B_13 Delta_48 shared reverse step 10/48 frontier=693106 colors=1 elapsed=666.927s
    B_13 Delta_48 shared reverse step 11/48 frontier=760702 colors=1 elapsed=811.42s
    B_13 Delta_48 shared reverse step 12/48 frontier=810767 colors=1 elapsed=962.557s
    B_13 Delta_48 shared reverse step 13/48 frontier=829104 colors=1 elapsed=1116.04s
    B_13 Delta_48 shared reverse step 14/48 frontier=807897 colors=1 elapsed=1264.4s
    B_13 Delta_48 shared reverse step 15/48 frontier=757487 colors=1 elapsed=1399.29s
    B_13 Delta_48 shared reverse step 16/48 frontier=691893 colors=1 elapsed=1514.24s
    B_13 Delta_48 shared reverse step 17/48 frontier=619068 colors=1 elapsed=1609.49s
    B_13 Delta_48 shared reverse step 18/48 frontier=543329 colors=1 elapsed=1684.9s
    B_13 Delta_48 shared reverse step 19/48 frontier=467203 colors=1 elapsed=1743.68s
    B_13 Delta_48 shared reverse step 20/48 frontier=392509 colors=1 elapsed=1786.87s
    B_13 Delta_48 shared reverse step 21/48 frontier=320967 colors=1 elapsed=1817.74s
    B_13 Delta_48 shared reverse step 22/48 frontier=254509 colors=1 elapsed=1839.34s
    B_13 Delta_48 shared reverse step 23/48 frontier=195267 colors=1 elapsed=1854.29s
    B_13 Delta_48 shared reverse step 24/48 frontier=145180 colors=1 elapsed=1864.57s
    B_13 Delta_48 shared reverse step 25/48 frontier=105282 colors=1 elapsed=1871.54s
    B_13 Delta_48 shared reverse step 26/48 frontier=75163 colors=1 elapsed=1876.19s
    B_13 Delta_48 shared reverse step 27/48 frontier=53174 colors=1 elapsed=1879.28s
    B_13 Delta_48 shared reverse step 28/48 frontier=37338 colors=1 elapsed=1881.29s
    B_13 Delta_48 shared reverse step 29/48 frontier=26015 colors=1 elapsed=1882.59s
    B_13 Delta_48 shared reverse step 30/48 frontier=17977 colors=1 elapsed=1883.42s
    B_13 Delta_48 shared reverse step 31/48 frontier=12310 colors=1 elapsed=1883.94s
    B_13 Delta_48 shared reverse step 32/48 frontier=8349 colors=1 elapsed=1884.27s
    B_13 Delta_48 shared reverse step 33/48 frontier=5604 colors=1 elapsed=1884.47s
    B_13 Delta_48 shared reverse step 34/48 frontier=3718 colors=1 elapsed=1884.58s
    B_13 Delta_48 shared reverse step 35/48 frontier=2436 colors=1 elapsed=1884.65s
    B_13 Delta_48 shared reverse step 36/48 frontier=1575 colors=1 elapsed=1884.7s
    B_13 Delta_48 shared reverse step 37/48 frontier=1002 colors=1 elapsed=1884.72s
    B_13 Delta_48 shared reverse step 38/48 frontier=627 colors=1 elapsed=1884.73s
    B_13 Delta_48 shared reverse step 39/48 frontier=385 colors=1 elapsed=1884.74s
    B_13 Delta_48 shared reverse step 40/48 frontier=231 colors=1 elapsed=1884.74s
    B_13 Delta_48 shared reverse step 41/48 frontier=135 colors=1 elapsed=1884.74s
    B_13 Delta_48 shared reverse step 42/48 frontier=77 colors=1 elapsed=1884.74s
    B_13 Delta_48 shared reverse step 43/48 frontier=42 colors=1 elapsed=1884.74s
    B_13 Delta_48 shared reverse step 44/48 frontier=22 colors=1 elapsed=1884.74s
    B_13 Delta_48 shared reverse step 45/48 frontier=11 colors=1 elapsed=1884.74s
    B_13 Delta_48 shared reverse step 46/48 frontier=5 colors=1 elapsed=1884.75s
    B_13 Delta_48 shared reverse step 47/48 frontier=2 colors=1 elapsed=1884.75s
    B_13 Delta_48 shared reverse step 48/48 frontier=1 colors=1 elapsed=1884.75s
  B_13 Delta_48 = -8893607971007360054460252092637732603315717181725557
__EXIT_STATUS=0
