__HOST=optimus
__SOURCE_SHA256=bc22efcafafe2d40b5f5430cb8f9cb046bc6b9b188da684e61dc6fdfaa27077e
D exact shared moment range ranks 12..17 moments m_38..m_38 C++ certificate
begin D_12=SO(24)
begin D_13=SO(26)
begin D_14=SO(28)
begin D_15=SO(30)
begin D_16=SO(32)
begin D_17=SO(34)
shared D exact moment m_38 ranks 12..17
    m_38: O-even shared reverse step 1/38 frontier=2347 colors=6 elapsed=0.0695862s
    m_38: O-even shared reverse step 2/38 frontier=6671 colors=6 elapsed=0.5057s
    m_38: O-even shared reverse step 3/38 frontier=11292 colors=6 elapsed=1.7076s
    m_38: O-even shared reverse step 4/38 frontier=16126 colors=6 elapsed=3.67613s
    m_38: O-even shared reverse step 5/38 frontier=21016 colors=6 elapsed=6.36517s
    m_38: O-even shared reverse step 6/38 frontier=25917 colors=6 elapsed=9.64298s
    m_38: O-even shared reverse step 7/38 frontier=30815 colors=6 elapsed=13.4787s
    m_38: O-even shared reverse step 8/38 frontier=35687 colors=6 elapsed=18.0932s
    m_38: O-even shared reverse step 9/38 frontier=40447 colors=6 elapsed=22.9721s
    m_38: O-even shared reverse step 10/38 frontier=44820 colors=6 elapsed=28.321s
    m_38: O-even shared reverse step 11/38 frontier=48083 colors=6 elapsed=33.6633s
    m_38: O-even shared reverse step 12/38 frontier=48983 colors=6 elapsed=38.992s
    m_38: O-even shared reverse step 13/38 frontier=47016 colors=6 elapsed=44.2005s
    m_38: O-even shared reverse step 14/38 frontier=43349 colors=6 elapsed=48.6151s
    m_38: O-even shared reverse step 15/38 frontier=38939 colors=6 elapsed=52.4295s
    m_38: O-even shared reverse step 16/38 frontier=34233 colors=6 elapsed=55.2265s
    m_38: O-even shared reverse step 17/38 frontier=29439 colors=6 elapsed=57.194s
    m_38: O-even shared reverse step 18/38 frontier=24670 colors=6 elapsed=58.5933s
    m_38: O-even shared reverse step 19/38 frontier=20018 colors=6 elapsed=59.5622s
    m_38: O-even shared reverse step 20/38 frontier=15607 colors=6 elapsed=60.2292s
    m_38: O-even shared reverse step 21/38 frontier=11607 colors=6 elapsed=60.6622s
    m_38: O-even shared reverse step 22/38 frontier=8221 colors=6 elapsed=60.9335s
    m_38: O-even shared reverse step 23/38 frontier=5595 colors=6 elapsed=61.1004s
    m_38: O-even shared reverse step 24/38 frontier=3718 colors=6 elapsed=61.2018s
    m_38: O-even shared reverse step 25/38 frontier=2436 colors=6 elapsed=61.2624s
    m_38: O-even shared reverse step 26/38 frontier=1575 colors=6 elapsed=61.2977s
    m_38: O-even shared reverse step 27/38 frontier=1002 colors=6 elapsed=61.3188s
    m_38: O-even shared reverse step 28/38 frontier=627 colors=6 elapsed=61.3299s
    m_38: O-even shared reverse step 29/38 frontier=385 colors=6 elapsed=61.3363s
    m_38: O-even shared reverse step 30/38 frontier=231 colors=6 elapsed=61.3397s
    m_38: O-even shared reverse step 31/38 frontier=135 colors=6 elapsed=61.3416s
    m_38: O-even shared reverse step 32/38 frontier=77 colors=6 elapsed=61.3425s
    m_38: O-even shared reverse step 33/38 frontier=42 colors=6 elapsed=61.3429s
    m_38: O-even shared reverse step 34/38 frontier=22 colors=6 elapsed=61.3431s
    m_38: O-even shared reverse step 35/38 frontier=11 colors=6 elapsed=61.3432s
    m_38: O-even shared reverse step 36/38 frontier=5 colors=6 elapsed=61.3432s
    m_38: O-even shared reverse step 37/38 frontier=2 colors=6 elapsed=61.3432s
    m_38: O-even shared reverse step 38/38 frontier=1 colors=6 elapsed=61.3432s
    m_38: determinant shared reverse step 1/38 frontier=104194 colors=6 elapsed=1.78233s
    m_38: determinant shared reverse step 2/38 frontier=275465 colors=6 elapsed=21.2595s
    m_38: determinant shared reverse step 3/38 frontier=423466 colors=6 elapsed=70.4071s
    m_38: determinant shared reverse step 4/38 frontier=516940 colors=6 elapsed=140.243s
    m_38: determinant shared reverse step 5/38 frontier=568061 colors=6 elapsed=218.167s
    m_38: determinant shared reverse step 6/38 frontier=592522 colors=6 elapsed=291.457s
    m_38: determinant shared reverse step 7/38 frontier=598649 colors=6 elapsed=358.508s
    m_38: determinant shared reverse step 8/38 frontier=586966 colors=6 elapsed=414.73s
    m_38: determinant shared reverse step 9/38 frontier=551035 colors=6 elapsed=459.277s
    m_38: determinant shared reverse step 10/38 frontier=481431 colors=6 elapsed=494.594s
    m_38: determinant shared reverse step 11/38 frontier=381029 colors=6 elapsed=521.742s
    m_38: determinant shared reverse step 12/38 frontier=280374 colors=6 elapsed=540.991s
    m_38: determinant shared reverse step 13/38 frontier=203542 colors=6 elapsed=554.166s
    m_38: determinant shared reverse step 14/38 frontier=146900 colors=6 elapsed=563.042s
    m_38: determinant shared reverse step 15/38 frontier=105363 colors=6 elapsed=569.134s
    m_38: determinant shared reverse step 16/38 frontier=75078 colors=6 elapsed=573.252s
    m_38: determinant shared reverse step 17/38 frontier=53129 colors=6 elapsed=575.97s
    m_38: determinant shared reverse step 18/38 frontier=37319 colors=6 elapsed=577.782s
    m_38: determinant shared reverse step 19/38 frontier=26008 colors=6 elapsed=578.938s
    m_38: determinant shared reverse step 20/38 frontier=17975 colors=6 elapsed=579.716s
    m_38: determinant shared reverse step 21/38 frontier=12310 colors=6 elapsed=580.193s
    m_38: determinant shared reverse step 22/38 frontier=8349 colors=6 elapsed=580.477s
    m_38: determinant shared reverse step 23/38 frontier=5604 colors=6 elapsed=580.652s
    m_38: determinant shared reverse step 24/38 frontier=3718 colors=6 elapsed=580.759s
    m_38: determinant shared reverse step 25/38 frontier=2436 colors=6 elapsed=580.821s
    m_38: determinant shared reverse step 26/38 frontier=1575 colors=6 elapsed=580.859s
    m_38: determinant shared reverse step 27/38 frontier=1002 colors=6 elapsed=580.88s
    m_38: determinant shared reverse step 28/38 frontier=627 colors=6 elapsed=580.892s
    m_38: determinant shared reverse step 29/38 frontier=385 colors=6 elapsed=580.907s
    m_38: determinant shared reverse step 30/38 frontier=231 colors=6 elapsed=580.91s
    m_38: determinant shared reverse step 31/38 frontier=135 colors=6 elapsed=580.912s
    m_38: determinant shared reverse step 32/38 frontier=77 colors=6 elapsed=580.913s
    m_38: determinant shared reverse step 33/38 frontier=42 colors=6 elapsed=580.914s
    m_38: determinant shared reverse step 34/38 frontier=22 colors=6 elapsed=580.914s
    m_38: determinant shared reverse step 35/38 frontier=11 colors=6 elapsed=580.914s
    m_38: determinant shared reverse step 36/38 frontier=5 colors=6 elapsed=580.914s
    m_38: determinant shared reverse step 37/38 frontier=2 colors=6 elapsed=580.914s
    m_38: determinant shared reverse step 38/38 frontier=1 colors=6 elapsed=580.914s
  D_12 m_38 += O_even -890332826879661565145827738844376502 + det 381640923670526409412712341797725262245320; Delta_38 = 381640033337699529751147195969986417868818; moment_38 = 37544668425975678121291178492463491913199666
  D_13 m_38 += O_even -5183930220854911941537348411841738 + det 66810553679413130139892997540310966088780; Delta_38 = 66810548495482909284981056002962554247042; moment_38 = 37229838941133461500825012352496468049577890
  D_14 m_38 += O_even -16420496059835511401299193328771 + det 9564159564043551425127420534068674268959; Delta_38 = 9564159547623055365291909132769480940188; moment_38 = 37172592552185601646905323205626274976271036
  D_15 m_38 += O_even -27177071735064151608856711263 + det 1140593381550104566383264372286312504909; Delta_38 = 1140593381522927494648200220677455793646; moment_38 = 37164168986019501519034679496714182951124494
  D_16 m_38 += O_even -21580424090510903478572825 + det 114940530340062092744638883457342164059; Delta_38 = 114940530340040512320548372553863591234; moment_38 = 37163143333168318632052351844866059358922082
  D_17 m_38 += O_even -6897103467094708734691 + det 9896921042223149012092048708091241934; Delta_38 = 9896921042223142114988581613382507243; moment_38 = 37163038289559020814682146285075118877838091
__EXIT_STATUS=0
