__RUN_ID=fullq3fleetcheavy0004
__HOST_LABEL=machine_c
__TASK=twentyseventh_b_35_35
__START_UTC=2026-07-16T15:22:13Z
__SOURCE_SHA256=c972462934e71dbc5f99fd385ca0d2f6efd0e8297600064fe6488846836d6f0b  post_m29_bc_twentyseventh_frontier_gmp.cpp
__BINARY_SHA256=e81d3d0e97413fcf5b42f116d745be007d28b4c086ae73c681859c59bafb39e0  post_m29_bc_twentyseventh_frontier_gmp
__ENV=RUN_B=1 RUN_C=0 B_Q_MIN=35 B_Q_MAX=35 OMP_NUM_THREADS=8
__COMMAND=./post_m29_bc_twentyseventh_frontier_gmp
BC_TWENTYSEVENTH_FRONTIER_GMP b_cases=1 c_fpf_cases=12 c_arithmetic_cases=36 run_b=1 run_c=0 b_q_min=35 b_q_max=35 omp_max_threads=8
B_LOWER_BOX_RATIONAL numerator=2627146205381501605105934114888073677477007311327886945300155746611238154833874468430700303859194480319027224499 denominator=124429159411793678131320841300679691068154374989700419393399303806437927962865201395531776 ceil=21113589594277165270589
B_ABSORPTION_BASE q=48 left=1382580989788954876046671229620184847513314093131940228783286920916351208602873186022008689840612544163943709058433179375497089498785389185389770907252631190072242900215336209818152644872892879061647360 right=98750442008336013624115798714482080125644041369783596059584700502676714572050143649033796427745042294071023050579626404736512939596842694895821378210620013388054747214795243520000000000000000000000000000 margin=97367861018547058748069127484861895278130727276651655830801413581760363363447270463011787737904429749907079341521193225361015850098057305710431607303367382197982504314579907310181847355127107120938352640
B_ABSORPTION_RATIO_BASE q=48 left=139500 right=149100 margin=9600
C_PAUSE_ABSORPTION_BASE q=69 P=130891286985753943793524421574917285603272818688 central=319620688063970456986413452647207180184213345250 margin=188729401078216513192889031072289894580940526562
C_PAUSE_RATIO_BASE q=69 left=27722 right=38920 margin=11198
C_CENTRAL_RATIO_BASE q=69 left=27722 right=20370 margin=7352
B_CASE q=35 j=97 width_wall=70 terminal_shapes=14742
B_REVERSE_STEP q=35 after_removing_to=96 states=166149
B_REVERSE_STEP q=35 after_removing_to=94 states=1242807
B_REVERSE_STEP q=35 after_removing_to=89 states=5421316
B_REVERSE_STEP q=35 after_removing_to=84 states=9791055
B_REVERSE_STEP q=35 after_removing_to=79 states=14162120
B_REVERSE_STEP q=35 after_removing_to=74 states=18533172
B_REVERSE_STEP q=35 after_removing_to=69 states=22891999
B_REVERSE_STEP q=35 after_removing_to=64 states=26366217
B_REVERSE_STEP q=35 after_removing_to=59 states=24039652
B_REVERSE_STEP q=35 after_removing_to=54 states=19747749
B_REVERSE_STEP q=35 after_removing_to=49 states=15377980
B_REVERSE_STEP q=35 after_removing_to=44 states=11010406
B_REVERSE_STEP q=35 after_removing_to=39 states=6694377
B_REVERSE_STEP q=35 after_removing_to=34 states=2836258
B_REVERSE_STEP q=35 after_removing_to=29 states=715204
B_REVERSE_STEP q=35 after_removing_to=24 states=147273
B_REVERSE_STEP q=35 after_removing_to=19 states=26015
B_REVERSE_STEP q=35 after_removing_to=14 states=3718
B_REVERSE_STEP q=35 after_removing_to=9 states=385
B_REVERSE_STEP q=35 after_removing_to=4 states=22
B_REVERSE_STEP q=35 after_removing_to=1 states=2
B_REVERSE_STEP q=35 after_removing_to=0 states=1
B_BAD_COUNT q=35 j=97 value=486073862847743532396297040368369884888814908814815124807177943099329010029139471955977304467166377200
B_STABLE q=35 j=97 value=4286049101830469787585519062310491636993132895599321887303824300884968128854355096965429712518063226708693734486753515105116496518270647314347804131328
B_MARGIN q=35 j=97 stable_minus_2bad=4286049101830469787585519062310491636993132895598349739578128813820175534773618357195652082700433596459079378600554857085058217574358692705413471376928
SUMMARY failures=0
__EXIT_STATUS=0
__EXIT_STATUS=0
__ELAPSED_SECONDS=3658.080384
__END_UTC=2026-07-16T16:23:11Z
