__RUN_ID=fullq3fleetcheavy0004
__HOST_LABEL=machine_c
__TASK=twentyeighth_b_21_23
__START_UTC=2026-07-17T12:17:51Z
__SOURCE_SHA256=86bb38d3af6ec85ffbef3258466a2a9ac52ade3f11dd457269872b590a3eb7ef  post_m29_bc_twentyeighth_frontier_gmp.cpp
__BINARY_SHA256=af3215ff0c7af50497c8f43053fd28e40184f0b71de7cef4c4281a7673795604  post_m29_bc_twentyeighth_frontier_gmp
__ENV=RUN_B=1 RUN_C=0 B_Q_MIN=21 B_Q_MAX=23 OMP_NUM_THREADS=8
__COMMAND=./post_m29_bc_twentyeighth_frontier_gmp
BC_TWENTYEIGHTH_FRONTIER_GMP b_cases=3 c_fpf_cases=13 c_arithmetic_cases=37 run_b=1 run_c=0 b_q_min=21 b_q_max=23 omp_max_threads=8
B_LOWER_BOX_RATIONAL numerator=2025529548764936535663219997915257739427053097450973064895015969532428326966504020337406927050447841928760131584542621 denominator=15694126151719317999571618173922000017876418395539549210232909869689551256045946062675902464 ceil=129062907305803474509175447
B_ABSORPTION_BASE q=50 left=587619932792485841297698709732493321980746498038495779458663513421569462665494436057433168011562205529350986467465004414564735037011434723317921965808368421534260528034746952978553319112791180346822600232114585600 right=3012660018457659544809977077527059692324164918673621799053346900596667207618480809067860692097713761984609779945772783965563851033300772326297773087851869982500270661791244122597621760000000000000000000000000000000 margin=2425040085665173703512278367794566370343418420635126019594683387175097744952986373010427524086151556455258793478307779550999115996289337602979851122043501560966010133756497169619068440887208819653177399767885414400
B_ABSORPTION_RATIO_BASE q=50 left=150930 right=162060 margin=11130
C_PAUSE_ABSORPTION_BASE q=71 P=6422467389983358344404895865219565878768457220096 central=9143552349859580429564574407161791083419805934000 margin=2721084959876222085159678541942225204651348713904
C_PAUSE_RATIO_BASE q=71 left=29412 right=41184 margin=11772
C_CENTRAL_RATIO_BASE q=71 left=29412 right=21600 margin=7812
B_CASE q=21 j=70 width_wall=42 terminal_shapes=18460
B_REVERSE_STEP q=21 after_removing_to=69 states=214446
B_REVERSE_STEP q=21 after_removing_to=64 states=4977252
B_REVERSE_STEP q=21 after_removing_to=59 states=10957522
B_REVERSE_STEP q=21 after_removing_to=54 states=16832099
B_REVERSE_STEP q=21 after_removing_to=49 states=18849558
B_REVERSE_STEP q=21 after_removing_to=44 states=13708168
B_REVERSE_STEP q=21 after_removing_to=39 states=7875743
B_REVERSE_STEP q=21 after_removing_to=34 states=2979820
B_REVERSE_STEP q=21 after_removing_to=29 states=715220
B_REVERSE_STEP q=21 after_removing_to=24 states=147273
B_REVERSE_STEP q=21 after_removing_to=19 states=26015
B_REVERSE_STEP q=21 after_removing_to=14 states=3718
B_REVERSE_STEP q=21 after_removing_to=9 states=385
B_REVERSE_STEP q=21 after_removing_to=4 states=22
B_REVERSE_STEP q=21 after_removing_to=1 states=2
B_REVERSE_STEP q=21 after_removing_to=0 states=1
B_BAD_COUNT q=21 j=70 value=1359084067784028910220980874472086474153531791578832340654214913962342619785860376
B_STABLE q=21 j=70 value=627984678371728270376818250246812081830104244785246538569736365153874640142027958326866251995349504
B_MARGIN q=21 j=70 stable_minus_2bad=627984678371728267658650114678754261388142495841073590262672781996209958833598130402181012423628752
B_CASE q=22 j=72 width_wall=44 terminal_shapes=18460
B_REVERSE_STEP q=22 after_removing_to=71 states=214446
B_REVERSE_STEP q=22 after_removing_to=69 states=1649896
B_REVERSE_STEP q=22 after_removing_to=64 states=7359914
B_REVERSE_STEP q=22 after_removing_to=59 states=13356246
B_REVERSE_STEP q=22 after_removing_to=54 states=19065491
B_REVERSE_STEP q=22 after_removing_to=49 states=19267485
B_REVERSE_STEP q=22 after_removing_to=44 states=13722460
B_REVERSE_STEP q=22 after_removing_to=39 states=7875918
B_REVERSE_STEP q=22 after_removing_to=34 states=2979820
B_REVERSE_STEP q=22 after_removing_to=29 states=715220
B_REVERSE_STEP q=22 after_removing_to=24 states=147273
B_REVERSE_STEP q=22 after_removing_to=19 states=26015
B_REVERSE_STEP q=22 after_removing_to=14 states=3718
B_REVERSE_STEP q=22 after_removing_to=9 states=385
B_REVERSE_STEP q=22 after_removing_to=4 states=22
B_REVERSE_STEP q=22 after_removing_to=1 states=2
B_REVERSE_STEP q=22 after_removing_to=0 states=1
B_BAD_COUNT q=22 j=72 value=85146862847101127036811118276249816737442043526692338393654900427466883992654506350
B_STABLE q=22 j=72 value=3165506839235730069039027353629446009606476006070005420532280678737636588724630090276033089043302767104
B_MARGIN q=22 j=72 stable_minus_2bad=3165506839235730068868733627935243755532853769517505787057396591684251911937320289421099321057993754404
B_CASE q=23 j=74 width_wall=46 terminal_shapes=18460
B_REVERSE_STEP q=23 after_removing_to=73 states=214446
B_REVERSE_STEP q=23 after_removing_to=69 states=3809024
B_REVERSE_STEP q=23 after_removing_to=64 states=9758138
B_REVERSE_STEP q=23 after_removing_to=59 states=15751822
B_REVERSE_STEP q=23 after_removing_to=54 states=21115338
B_REVERSE_STEP q=23 after_removing_to=49 states=19491232
B_REVERSE_STEP q=23 after_removing_to=44 states=13729081
B_REVERSE_STEP q=23 after_removing_to=39 states=7875974
B_REVERSE_STEP q=23 after_removing_to=34 states=2979820
B_REVERSE_STEP q=23 after_removing_to=29 states=715220
B_REVERSE_STEP q=23 after_removing_to=24 states=147273
B_REVERSE_STEP q=23 after_removing_to=19 states=26015
B_REVERSE_STEP q=23 after_removing_to=14 states=3718
B_REVERSE_STEP q=23 after_removing_to=9 states=385
B_REVERSE_STEP q=23 after_removing_to=4 states=22
B_REVERSE_STEP q=23 after_removing_to=1 states=2
B_REVERSE_STEP q=23 after_removing_to=0 states=1
B_BAD_COUNT q=23 j=74 value=4964752625479653797256182628289752310273065773025960482631359264311445304518814319612
B_STABLE q=23 j=74 value=16868160644365457941953337882591367954426383855975230713302082540604985785368227008776946896671566077008384
B_MARGIN q=23 j=74 stable_minus_2bad=16868160644365457941943408377340408646831871490718651208681536409058933864402964290248324006062528448369160
SUMMARY failures=0
__EXIT_STATUS=0
__EXIT_STATUS=0
__ELAPSED_SECONDS=5935.975637
__END_UTC=2026-07-17T13:56:47Z
