__RUN_ID=fullq3fleetcheavy0004
__HOST_LABEL=machine_c
__TASK=twentyeighth_b_36_36
__START_UTC=2026-07-18T02:22:00Z
__SOURCE_SHA256=86bb38d3af6ec85ffbef3258466a2a9ac52ade3f11dd457269872b590a3eb7ef  post_m29_bc_twentyeighth_frontier_gmp.cpp
__BINARY_SHA256=af3215ff0c7af50497c8f43053fd28e40184f0b71de7cef4c4281a7673795604  post_m29_bc_twentyeighth_frontier_gmp
__ENV=RUN_B=1 RUN_C=0 B_Q_MIN=36 B_Q_MAX=36 OMP_NUM_THREADS=8
__COMMAND=./post_m29_bc_twentyeighth_frontier_gmp
BC_TWENTYEIGHTH_FRONTIER_GMP b_cases=1 c_fpf_cases=13 c_arithmetic_cases=37 run_b=1 run_c=0 b_q_min=36 b_q_max=36 omp_max_threads=8
B_LOWER_BOX_RATIONAL numerator=2025529548764936535663219997915257739427053097450973064895015969532428326966504020337406927050447841928760131584542621 denominator=15694126151719317999571618173922000017876418395539549210232909869689551256045946062675902464 ceil=129062907305803474509175447
B_ABSORPTION_BASE q=50 left=587619932792485841297698709732493321980746498038495779458663513421569462665494436057433168011562205529350986467465004414564735037011434723317921965808368421534260528034746952978553319112791180346822600232114585600 right=3012660018457659544809977077527059692324164918673621799053346900596667207618480809067860692097713761984609779945772783965563851033300772326297773087851869982500270661791244122597621760000000000000000000000000000000 margin=2425040085665173703512278367794566370343418420635126019594683387175097744952986373010427524086151556455258793478307779550999115996289337602979851122043501560966010133756497169619068440887208819653177399767885414400
B_ABSORPTION_RATIO_BASE q=50 left=150930 right=162060 margin=11130
C_PAUSE_ABSORPTION_BASE q=71 P=6422467389983358344404895865219565878768457220096 central=9143552349859580429564574407161791083419805934000 margin=2721084959876222085159678541942225204651348713904
C_PAUSE_RATIO_BASE q=71 left=29412 right=41184 margin=11772
C_CENTRAL_RATIO_BASE q=71 left=29412 right=21600 margin=7812
B_CASE q=36 j=100 width_wall=72 terminal_shapes=18460
B_REVERSE_STEP q=36 after_removing_to=99 states=214446
B_REVERSE_STEP q=36 after_removing_to=94 states=4977252
B_REVERSE_STEP q=36 after_removing_to=89 states=10958228
B_REVERSE_STEP q=36 after_removing_to=84 states=16959334
B_REVERSE_STEP q=36 after_removing_to=79 states=22960474
B_REVERSE_STEP q=36 after_removing_to=74 states=28960908
B_REVERSE_STEP q=36 after_removing_to=69 states=34835517
B_REVERSE_STEP q=36 after_removing_to=64 states=36852531
B_REVERSE_STEP q=36 after_removing_to=59 states=31699789
B_REVERSE_STEP q=36 after_removing_to=54 states=25724217
B_REVERSE_STEP q=36 after_removing_to=49 states=19723771
B_REVERSE_STEP q=36 after_removing_to=44 states=13733983
B_REVERSE_STEP q=36 after_removing_to=39 states=7875992
B_REVERSE_STEP q=36 after_removing_to=34 states=2979820
B_REVERSE_STEP q=36 after_removing_to=29 states=715220
B_REVERSE_STEP q=36 after_removing_to=24 states=147273
B_REVERSE_STEP q=36 after_removing_to=19 states=26015
B_REVERSE_STEP q=36 after_removing_to=14 states=3718
B_REVERSE_STEP q=36 after_removing_to=9 states=385
B_REVERSE_STEP q=36 after_removing_to=4 states=22
B_REVERSE_STEP q=36 after_removing_to=1 states=2
B_REVERSE_STEP q=36 after_removing_to=0 states=1
B_BAD_COUNT q=36 j=100 value=4083897101082909469206918896956722524211795152759413725967012378316234148806104697816448826674497380966998
B_STABLE q=36 j=100 value=4095628359235226170344431641109679151351419816735792387000577737946449523874142975437588272923325262622454337121560525749166865702147422096626218259238117376
B_MARGIN q=36 j=100 stable_minus_2bad=4095628359235226170344431641109679151351419816735784219206375572127511110036349061992539849333019743795002403096803893280869253492751789198972869264476183380
SUMMARY failures=0
__EXIT_STATUS=0
__EXIT_STATUS=0
__ELAPSED_SECONDS=5779.997359
__END_UTC=2026-07-18T03:58:20Z
