__RUN_ID=fullq3fleetcheavy0004
__HOST_LABEL=machine_c
__TASK=twentyseventh_b_44_44
__START_UTC=2026-07-17T03:04:32Z
__SOURCE_SHA256=c972462934e71dbc5f99fd385ca0d2f6efd0e8297600064fe6488846836d6f0b  post_m29_bc_twentyseventh_frontier_gmp.cpp
__BINARY_SHA256=e81d3d0e97413fcf5b42f116d745be007d28b4c086ae73c681859c59bafb39e0  post_m29_bc_twentyseventh_frontier_gmp
__ENV=RUN_B=1 RUN_C=0 B_Q_MIN=44 B_Q_MAX=44 OMP_NUM_THREADS=8
__COMMAND=./post_m29_bc_twentyseventh_frontier_gmp
BC_TWENTYSEVENTH_FRONTIER_GMP b_cases=1 c_fpf_cases=12 c_arithmetic_cases=36 run_b=1 run_c=0 b_q_min=44 b_q_max=44 omp_max_threads=8
B_LOWER_BOX_RATIONAL numerator=2627146205381501605105934114888073677477007311327886945300155746611238154833874468430700303859194480319027224499 denominator=124429159411793678131320841300679691068154374989700419393399303806437927962865201395531776 ceil=21113589594277165270589
B_ABSORPTION_BASE q=48 left=1382580989788954876046671229620184847513314093131940228783286920916351208602873186022008689840612544163943709058433179375497089498785389185389770907252631190072242900215336209818152644872892879061647360 right=98750442008336013624115798714482080125644041369783596059584700502676714572050143649033796427745042294071023050579626404736512939596842694895821378210620013388054747214795243520000000000000000000000000000 margin=97367861018547058748069127484861895278130727276651655830801413581760363363447270463011787737904429749907079341521193225361015850098057305710431607303367382197982504314579907310181847355127107120938352640
B_ABSORPTION_RATIO_BASE q=48 left=139500 right=149100 margin=9600
C_PAUSE_ABSORPTION_BASE q=69 P=130891286985753943793524421574917285603272818688 central=319620688063970456986413452647207180184213345250 margin=188729401078216513192889031072289894580940526562
C_PAUSE_RATIO_BASE q=69 left=27722 right=38920 margin=11198
C_CENTRAL_RATIO_BASE q=69 left=27722 right=20370 margin=7352
B_CASE q=44 j=115 width_wall=88 terminal_shapes=14742
B_REVERSE_STEP q=44 after_removing_to=114 states=166149
B_REVERSE_STEP q=44 after_removing_to=109 states=3683815
B_REVERSE_STEP q=44 after_removing_to=104 states=8042642
B_REVERSE_STEP q=44 after_removing_to=99 states=12413694
B_REVERSE_STEP q=44 after_removing_to=94 states=16784759
B_REVERSE_STEP q=44 after_removing_to=89 states=21155824
B_REVERSE_STEP q=44 after_removing_to=84 states=25526888
B_REVERSE_STEP q=44 after_removing_to=79 states=29893715
B_REVERSE_STEP q=44 after_removing_to=74 states=33834059
B_REVERSE_STEP q=44 after_removing_to=69 states=32697770
B_REVERSE_STEP q=44 after_removing_to=64 states=28487962
B_REVERSE_STEP q=44 after_removing_to=59 states=24120021
B_REVERSE_STEP q=44 after_removing_to=54 states=19748964
B_REVERSE_STEP q=44 after_removing_to=49 states=15377981
B_REVERSE_STEP q=44 after_removing_to=44 states=11010406
B_REVERSE_STEP q=44 after_removing_to=39 states=6694377
B_REVERSE_STEP q=44 after_removing_to=34 states=2836258
B_REVERSE_STEP q=44 after_removing_to=29 states=715204
B_REVERSE_STEP q=44 after_removing_to=24 states=147273
B_REVERSE_STEP q=44 after_removing_to=19 states=26015
B_REVERSE_STEP q=44 after_removing_to=14 states=3718
B_REVERSE_STEP q=44 after_removing_to=9 states=385
B_REVERSE_STEP q=44 after_removing_to=4 states=22
B_REVERSE_STEP q=44 after_removing_to=1 states=2
B_REVERSE_STEP q=44 after_removing_to=0 states=1
B_BAD_COUNT q=44 j=115 value=4792715553310661449544538012802364751877939520234126915256695926930144560410755563426555515716653207612317976105723
B_STABLE q=44 j=115 value=11972270293412322391994921932842445378436419770745676696427199701976419385413104982266407771772452333294442442481875622546567042855881110775485163551155342543028775541266602323858313822208
B_MARGIN q=44 j=115 stable_minus_2bad=11972270293412322391994921932842445378436419770745676696427199701976419375827673875645084872683376307689712938725996582078313212342489256915196042729644215689917744107960187099222361610762
SUMMARY failures=0
__EXIT_STATUS=0
__EXIT_STATUS=0
__ELAPSED_SECONDS=6139.672150
__END_UTC=2026-07-17T04:46:51Z
