COMMAND: /usr/bin/python3 direct_chain_e8_arxiv_m100_finite_bridge.py
group=E8 source=m_0..m_100
prefix_chain_odd_n=(1, 3, 5, 7, 9, 11, 13, 15, 17, 19, 21, 23, 25, 27, 29, 31, 33, 35, 37, 39, 41, 43, 45, 47, 49, 51, 53, 55, 57, 59, 61, 63, 65)
bridge_odd_n=(69, 71, 73, 75, 77)
chain_odd_n=(67, 69, 71, 73, 75, 77)
extended_chain_odd_n=(67, 69, 71, 73, 75, 77, 79, 81, 83, 85, 87, 89, 91, 93, 95)
min_prefix_chain_diff=20
log10_min_prefix_chain_diff=1.30
log10_min_bridge_q3=100.94
log10_min_chain_diff=100.94
log10_min_extended_chain_diff=100.94
Q3_69=86682495027332887028520594929771529277623688399190009196290987855965274037420493475278750708429247284
Q3_71=476248297254841033168235869140676571830345139660989617019846859265174357763264212689652693245885812490144
Q3_73=2744574331652593961571841312079609243675864389488703195594099088385410774922156158729079894345676876725389072
Q3_75=16560271328605597901747141714737169854545211246865693104750714050741832070923550480630392785929183912850114509920
Q3_77=104440555702443794628392123087252202589522847695259547159559644660052319558670028984069350716542771606452178132885096
D_E8_67=86616171388485850944007203232792742686870072063978716337193529311770152696686796238802991735234731188
D_E8_69=475901567274731701620121786760957485713234644907392856983061695313750496667114530715751578243052095501008
D_E8_71=2742669338463574597439168368603046537388543008930059237126019700948350077491103101878321283572693333475428496
D_E8_73=16549293031278987525900854349488851417570507789307738291968337654388290427823861855995476466351801205343212953632
D_E8_75=104374314617129372236785134520393253910104666850272084387140641803849352230386334782146829145399054870800777674845416
D_E8_77=686938971240196532938939954290167596091010016072921991578416050538918916606558074115171224780334952536929308082172272608
moment_log_0_100_arxiv_extension: OK
prefix_chain_diff_1_65_positive: OK
bridge_q3_69_77_positive: OK
chain_diff_67_77_positive: OK
extended_chain_diff_67_95_positive: OK
