D capped suffix modular moment range rank 7 moments m_7..m_50 row cap 14 modulus 9223372036854775549 C++ certificate
begin D_7=SO(14) mod 9223372036854775549
    D_7 capped mod 9223372036854775549 forward step 1/50 states=1 elapsed=4.177e-06s
    D_7 capped mod 9223372036854775549 forward step 2/50 states=3 elapsed=2.2922e-05s
    D_7 capped mod 9223372036854775549 forward step 3/50 states=7 elapsed=2.7701e-05s
    D_7 capped mod 9223372036854775549 forward step 4/50 states=15 elapsed=3.5857e-05s
    D_7 capped mod 9223372036854775549 forward step 5/50 states=30 elapsed=4.1798e-05s
    D_7 capped mod 9223372036854775549 forward step 6/50 states=58 elapsed=6.3107e-05s
    D_7 capped mod 9223372036854775549 forward step 7/50 states=105 elapsed=9.8453e-05s
D_7 MOD 9223372036854775549 m_7 kept_even=822 det=1
    D_7 capped mod 9223372036854775549 forward step 8/50 states=184 elapsed=0.000142676s
D_7 MOD 9223372036854775549 m_8 kept_even=6202 det=21
    D_7 capped mod 9223372036854775549 forward step 9/50 states=311 elapsed=0.000237112s
D_7 MOD 9223372036854775549 m_9 kept_even=52552 det=406
    D_7 capped mod 9223372036854775549 forward step 10/50 states=511 elapsed=0.000369119s
D_7 MOD 9223372036854775549 m_10 kept_even=499194 det=7281
    D_7 capped mod 9223372036854775549 forward step 11/50 states=818 elapsed=0.000630738s
D_7 MOD 9223372036854775549 m_11 kept_even=5238370 det=129790
    D_7 capped mod 9223372036854775549 forward step 12/50 states=1283 elapsed=0.00103292s
D_7 MOD 9223372036854775549 m_12 kept_even=60222844 det=2339128
    D_7 capped mod 9223372036854775549 forward step 13/50 states=1969 elapsed=0.00172001s
D_7 MOD 9223372036854775549 m_13 kept_even=752587764 det=43121508
    D_7 capped mod 9223372036854775549 forward step 14/50 states=2972 elapsed=0.0028802s
D_7 MOD 9223372036854775549 m_14 kept_even=10157945044 det=817659778
    D_7 capped mod 9223372036854775549 forward step 15/50 states=4413 elapsed=0.00475586s
D_7 MOD 9223372036854775549 m_15 kept_even=147267097411 det=15995989114
    D_7 capped mod 9223372036854775549 forward step 16/50 states=6458 elapsed=0.00783846s
D_7 MOD 9223372036854775549 m_16 kept_even=2282345647665 det=323329078710
    D_7 capped mod 9223372036854775549 forward step 17/50 states=9324 elapsed=0.0124676s
D_7 MOD 9223372036854775549 m_17 kept_even=37654329521332 det=6756394374112
    D_7 capped mod 9223372036854775549 forward step 18/50 states=13301 elapsed=0.0221521s
D_7 MOD 9223372036854775549 m_18 kept_even=658868685948817 det=145955337141142
    D_7 capped mod 9223372036854775549 forward step 19/50 states=18754 elapsed=0.0329035s
D_7 MOD 9223372036854775549 m_19 kept_even=12187026165585375 det=3258422799424182
    D_7 capped mod 9223372036854775549 forward step 20/50 states=26170 elapsed=0.0496724s
D_7 MOD 9223372036854775549 m_20 kept_even=237583603732071067 det=75133071385486291
    D_7 capped mod 9223372036854775549 forward step 21/50 states=36158 elapsed=0.0731913s
D_7 MOD 9223372036854775549 m_21 kept_even=4868265661796700700 det=1788079680523814095
    D_7 capped mod 9223372036854775549 forward step 22/50 states=49502 elapsed=0.113776s
D_7 MOD 9223372036854775549 m_22 kept_even=3131179638473864848 det=6993473756164664429
    D_7 capped mod 9223372036854775549 forward step 23/50 states=67188 elapsed=0.16425s
D_7 MOD 9223372036854775549 m_23 kept_even=7595173890721308626 det=3183396685154904385
    D_7 capped mod 9223372036854775549 forward step 24/50 states=90464 elapsed=0.246053s
D_7 MOD 9223372036854775549 m_24 kept_even=7528011118723121176 det=7760004984049042320
    D_7 capped mod 9223372036854775549 forward step 25/50 states=120871 elapsed=0.377049s
D_7 MOD 9223372036854775549 m_25 kept_even=3644262066540168415 det=7163513258242859885
    D_7 capped mod 9223372036854775549 forward step 26/50 states=160349 elapsed=0.550655s
D_7 MOD 9223372036854775549 m_26 kept_even=8334713338465515791 det=7349677719460599632
    D_7 capped mod 9223372036854775549 forward step 27/50 states=211276 elapsed=0.783445s
D_7 MOD 9223372036854775549 m_27 kept_even=2676040907851473360 det=560141966791814925
    D_7 capped mod 9223372036854775549 forward step 28/50 states=276592 elapsed=1.11956s
D_7 MOD 9223372036854775549 m_28 kept_even=8558739407939142105 det=3080282800531430843
    D_7 capped mod 9223372036854775549 forward step 29/50 states=359888 elapsed=1.60039s
D_7 MOD 9223372036854775549 m_29 kept_even=1392521385938267157 det=2932435229725597217
    D_7 capped mod 9223372036854775549 forward step 30/50 states=465562 elapsed=2.23231s
D_7 MOD 9223372036854775549 m_30 kept_even=3541723118303403648 det=3851642454681293271
    D_7 capped mod 9223372036854775549 forward step 31/50 states=598926 elapsed=3.07362s
      D_7 capped mod scan m_31 processed=500000/598926 elapsed=0.0018899s
D_7 MOD 9223372036854775549 m_31 kept_even=1970564497668987711 det=6660432117004422250
      D_7 capped mod 9223372036854775549 packed step 32/50 processed=500000/598926 next_states=660983 step_elapsed=0.979915s elapsed=4.05665s
    D_7 capped mod 9223372036854775549 forward step 32/50 states=766444 elapsed=4.28003s
      D_7 capped mod scan m_32 processed=500000/766444 elapsed=0.00186562s
D_7 MOD 9223372036854775549 m_32 kept_even=966527162096494298 det=7346284534784490814
      D_7 capped mod 9223372036854775549 packed step 33/50 processed=500000/766444 next_states=677084 step_elapsed=0.984146s elapsed=5.26916s
    D_7 capped mod 9223372036854775549 forward step 33/50 states=975873 elapsed=5.88396s
      D_7 capped mod scan m_33 processed=500000/975873 elapsed=0.00185592s
D_7 MOD 9223372036854775549 m_33 kept_even=5746988712024351501 det=5582081245596612557
      D_7 capped mod 9223372036854775549 packed step 34/50 processed=500000/975873 next_states=684202 step_elapsed=1.00779s elapsed=6.90545s
    D_7 capped mod 9223372036854775549 forward step 34/50 states=1236550 elapsed=8.06845s
      D_7 capped mod scan m_34 processed=500000/1236550 elapsed=0.00187343s
      D_7 capped mod scan m_34 processed=1000000/1236550 elapsed=0.00409363s
D_7 MOD 9223372036854775549 m_34 kept_even=869481738115605325 det=628746259594678509
      D_7 capped mod 9223372036854775549 packed step 35/50 processed=500000/1236550 next_states=692333 step_elapsed=0.993038s elapsed=9.06859s
      D_7 capped mod 9223372036854775549 packed step 35/50 processed=1000000/1236550 next_states=1304721 step_elapsed=2.27221s elapsed=10.3478s
    D_7 capped mod 9223372036854775549 forward step 35/50 states=1559632 elapsed=10.9597s
      D_7 capped mod scan m_35 processed=500000/1559632 elapsed=0.00192856s
      D_7 capped mod scan m_35 processed=1000000/1559632 elapsed=0.00396944s
      D_7 capped mod scan m_35 processed=1500000/1559632 elapsed=0.00623512s
D_7 MOD 9223372036854775549 m_35 kept_even=8821781271714328056 det=4743602174675886958
      D_7 capped mod 9223372036854775549 packed step 36/50 processed=500000/1559632 next_states=698621 step_elapsed=1.01295s elapsed=11.9992s
      D_7 capped mod 9223372036854775549 packed step 36/50 processed=1000000/1559632 next_states=1331972 step_elapsed=2.29676s elapsed=13.283s
      D_7 capped mod 9223372036854775549 packed step 36/50 processed=1500000/1559632 next_states=1899254 step_elapsed=3.80627s elapsed=14.7925s
    D_7 capped mod 9223372036854775549 forward step 36/50 states=1958447 elapsed=14.9293s
      D_7 capped mod scan m_36 processed=500000/1958447 elapsed=0.00180025s
      D_7 capped mod scan m_36 processed=1000000/1958447 elapsed=0.00374258s
      D_7 capped mod scan m_36 processed=1500000/1958447 elapsed=0.00580543s
D_7 MOD 9223372036854775549 m_36 kept_even=506110520442566080 det=8912552828181029919
      D_7 capped mod 9223372036854775549 packed step 37/50 processed=500000/1958447 next_states=703051 step_elapsed=1.05208s elapsed=15.9932s
      D_7 capped mod 9223372036854775549 packed step 37/50 processed=1000000/1958447 next_states=1344174 step_elapsed=2.3623s elapsed=17.3034s
      D_7 capped mod 9223372036854775549 packed step 37/50 processed=1500000/1958447 next_states=1950746 step_elapsed=3.79156s elapsed=18.7327s
    D_7 capped mod 9223372036854775549 forward step 37/50 states=2448799 elapsed=19.9604s
      D_7 capped mod scan m_37 processed=500000/2448799 elapsed=0.00176278s
      D_7 capped mod scan m_37 processed=1000000/2448799 elapsed=0.00369184s
      D_7 capped mod scan m_37 processed=1500000/2448799 elapsed=0.00568542s
      D_7 capped mod scan m_37 processed=2000000/2448799 elapsed=0.00774287s
D_7 MOD 9223372036854775549 m_37 kept_even=3792328995276824762 det=5488863802040007069
      D_7 capped mod 9223372036854775549 packed step 38/50 processed=500000/2448799 next_states=707186 step_elapsed=1.01821s elapsed=21.0107s
      D_7 capped mod 9223372036854775549 packed step 38/50 processed=1000000/2448799 next_states=1358393 step_elapsed=2.4139s elapsed=22.4063s
      D_7 capped mod 9223372036854775549 packed step 38/50 processed=1500000/2448799 next_states=1982462 step_elapsed=3.90924s elapsed=23.9017s
      D_7 capped mod 9223372036854775549 packed step 38/50 processed=2000000/2448799 next_states=2573137 step_elapsed=5.49197s elapsed=25.4844s
    D_7 capped mod 9223372036854775549 forward step 38/50 states=3049468 elapsed=26.8134s
      D_7 capped mod scan m_38 processed=500000/3049468 elapsed=0.00176118s
      D_7 capped mod scan m_38 processed=1000000/3049468 elapsed=0.00366472s
      D_7 capped mod scan m_38 processed=1500000/3049468 elapsed=0.0055951s
      D_7 capped mod scan m_38 processed=2000000/3049468 elapsed=0.00757666s
      D_7 capped mod scan m_38 processed=2500000/3049468 elapsed=0.00967537s
      D_7 capped mod scan m_38 processed=3000000/3049468 elapsed=0.0121827s
D_7 MOD 9223372036854775549 m_38 kept_even=5467767369336887207 det=9200593214425003171
      D_7 capped mod 9223372036854775549 packed step 39/50 processed=500000/3049468 next_states=710463 step_elapsed=1.22956s elapsed=28.0959s
      D_7 capped mod 9223372036854775549 packed step 39/50 processed=1000000/3049468 next_states=1369259 step_elapsed=2.61873s elapsed=29.4851s
      D_7 capped mod 9223372036854775549 packed step 39/50 processed=1500000/3049468 next_states=2004647 step_elapsed=4.17733s elapsed=31.0437s
      D_7 capped mod 9223372036854775549 packed step 39/50 processed=2000000/3049468 next_states=2614622 step_elapsed=5.74215s elapsed=32.6085s
      D_7 capped mod 9223372036854775549 packed step 39/50 processed=2500000/3049468 next_states=3195568 step_elapsed=7.3232s elapsed=34.1896s
      D_7 capped mod 9223372036854775549 packed step 39/50 processed=3000000/3049468 next_states=3735680 step_elapsed=8.84831s elapsed=35.7147s
    D_7 capped mod 9223372036854775549 forward step 39/50 states=3782595 elapsed=35.8511s
      D_7 capped mod scan m_39 processed=500000/3782595 elapsed=0.0017458s
      D_7 capped mod scan m_39 processed=1000000/3782595 elapsed=0.00373572s
      D_7 capped mod scan m_39 processed=1500000/3782595 elapsed=0.00568111s
      D_7 capped mod scan m_39 processed=2000000/3782595 elapsed=0.00782355s
      D_7 capped mod scan m_39 processed=2500000/3782595 elapsed=0.00990596s
      D_7 capped mod scan m_39 processed=3000000/3782595 elapsed=0.0122123s
      D_7 capped mod scan m_39 processed=3500000/3782595 elapsed=0.0145799s
D_7 MOD 9223372036854775549 m_39 kept_even=6869603389415660237 det=1350174306393494440
      D_7 capped mod 9223372036854775549 packed step 40/50 processed=500000/3782595 next_states=713055 step_elapsed=1.17413s elapsed=37.0845s
      D_7 capped mod 9223372036854775549 packed step 40/50 processed=1000000/3782595 next_states=1376972 step_elapsed=2.52556s elapsed=38.436s
      D_7 capped mod 9223372036854775549 packed step 40/50 processed=1500000/3782595 next_states=2015909 step_elapsed=4.0732s elapsed=39.9836s
      D_7 capped mod 9223372036854775549 packed step 40/50 processed=2000000/3782595 next_states=2646351 step_elapsed=5.64887s elapsed=41.5593s
      D_7 capped mod 9223372036854775549 packed step 40/50 processed=2500000/3782595 next_states=3253955 step_elapsed=7.55606s elapsed=43.4665s
      D_7 capped mod 9223372036854775549 packed step 40/50 processed=3000000/3782595 next_states=3835561 step_elapsed=9.35365s elapsed=45.2641s
      D_7 capped mod 9223372036854775549 packed step 40/50 processed=3500000/3782595 next_states=4389300 step_elapsed=11.0851s elapsed=46.9956s
    D_7 capped mod 9223372036854775549 forward step 40/50 states=4674296 elapsed=47.9057s
      D_7 capped mod scan m_40 processed=500000/4674296 elapsed=0.0018329s
      D_7 capped mod scan m_40 processed=1000000/4674296 elapsed=0.00373195s
      D_7 capped mod scan m_40 processed=1500000/4674296 elapsed=0.00571303s
      D_7 capped mod scan m_40 processed=2000000/4674296 elapsed=0.00767368s
      D_7 capped mod scan m_40 processed=2500000/4674296 elapsed=0.00974344s
      D_7 capped mod scan m_40 processed=3000000/4674296 elapsed=0.0118477s
      D_7 capped mod scan m_40 processed=3500000/4674296 elapsed=0.0141569s
      D_7 capped mod scan m_40 processed=4000000/4674296 elapsed=0.0163659s
      D_7 capped mod scan m_40 processed=4500000/4674296 elapsed=0.0188647s
D_7 MOD 9223372036854775549 m_40 kept_even=6988832316644302466 det=376480127791136125
      D_7 capped mod 9223372036854775549 packed step 41/50 processed=500000/4674296 next_states=715903 step_elapsed=1.12928s elapsed=49.1015s
      D_7 capped mod 9223372036854775549 packed step 41/50 processed=1000000/4674296 next_states=1384246 step_elapsed=2.49358s elapsed=50.4658s
      D_7 capped mod 9223372036854775549 packed step 41/50 processed=1500000/4674296 next_states=2030907 step_elapsed=4.02968s elapsed=52.0019s
      D_7 capped mod 9223372036854775549 packed step 41/50 processed=2000000/4674296 next_states=2660380 step_elapsed=5.67827s elapsed=53.6504s
      D_7 capped mod 9223372036854775549 packed step 41/50 processed=2500000/4674296 next_states=3280341 step_elapsed=7.43609s elapsed=55.4083s
      D_7 capped mod 9223372036854775549 packed step 41/50 processed=3000000/4674296 next_states=3887135 step_elapsed=9.20012s elapsed=57.1723s
      D_7 capped mod 9223372036854775549 packed step 41/50 processed=3500000/4674296 next_states=4474178 step_elapsed=11.0234s elapsed=58.9956s
      D_7 capped mod 9223372036854775549 packed step 41/50 processed=4000000/4674296 next_states=5040655 step_elapsed=12.9192s elapsed=60.8913s
      D_7 capped mod 9223372036854775549 packed step 41/50 processed=4500000/4674296 next_states=5583228 step_elapsed=14.6422s elapsed=62.6144s
    D_7 capped mod 9223372036854775549 forward step 41/50 states=5755226 elapsed=63.1403s
      D_7 capped mod scan m_41 processed=500000/5755226 elapsed=0.00178531s
      D_7 capped mod scan m_41 processed=1000000/5755226 elapsed=0.00373859s
      D_7 capped mod scan m_41 processed=1500000/5755226 elapsed=0.00567883s
      D_7 capped mod scan m_41 processed=2000000/5755226 elapsed=0.00767377s
      D_7 capped mod scan m_41 processed=2500000/5755226 elapsed=0.00967665s
      D_7 capped mod scan m_41 processed=3000000/5755226 elapsed=0.0117142s
      D_7 capped mod scan m_41 processed=3500000/5755226 elapsed=0.013797s
      D_7 capped mod scan m_41 processed=4000000/5755226 elapsed=0.0158148s
      D_7 capped mod scan m_41 processed=4500000/5755226 elapsed=0.0181011s
      D_7 capped mod scan m_41 processed=5000000/5755226 elapsed=0.020294s
      D_7 capped mod scan m_41 processed=5500000/5755226 elapsed=0.0226469s
D_7 MOD 9223372036854775549 m_41 kept_even=6822569692769713572 det=7467662092136584984
      D_7 capped mod 9223372036854775549 packed step 42/50 processed=500000/5755226 next_states=719330 step_elapsed=1.20823s elapsed=64.4585s
      D_7 capped mod 9223372036854775549 packed step 42/50 processed=1000000/5755226 next_states=1389116 step_elapsed=2.68404s elapsed=65.9343s
      D_7 capped mod 9223372036854775549 packed step 42/50 processed=1500000/5755226 next_states=2042808 step_elapsed=4.33212s elapsed=67.5824s
      D_7 capped mod 9223372036854775549 packed step 42/50 processed=2000000/5755226 next_states=2682767 step_elapsed=6.04942s elapsed=69.2997s
      D_7 capped mod 9223372036854775549 packed step 42/50 processed=2500000/5755226 next_states=3312777 step_elapsed=7.85395s elapsed=71.1043s
      D_7 capped mod 9223372036854775549 packed step 42/50 processed=3000000/5755226 next_states=3933970 step_elapsed=9.70193s elapsed=72.9522s
      D_7 capped mod 9223372036854775549 packed step 42/50 processed=3500000/5755226 next_states=4543840 step_elapsed=11.7497s elapsed=75s
      D_7 capped mod 9223372036854775549 packed step 42/50 processed=4000000/5755226 next_states=5124668 step_elapsed=13.7766s elapsed=77.0269s
      D_7 capped mod 9223372036854775549 packed step 42/50 processed=4500000/5755226 next_states=5705481 step_elapsed=15.8078s elapsed=79.0581s
      D_7 capped mod 9223372036854775549 packed step 42/50 processed=5000000/5755226 next_states=6268142 step_elapsed=17.7121s elapsed=80.9624s
      D_7 capped mod 9223372036854775549 packed step 42/50 processed=5500000/5755226 next_states=6811450 step_elapsed=19.4882s elapsed=82.7385s
    D_7 capped mod 9223372036854775549 forward step 42/50 states=7061341 elapsed=83.5371s
      D_7 capped mod scan m_42 processed=500000/7061341 elapsed=0.00181445s
      D_7 capped mod scan m_42 processed=1000000/7061341 elapsed=0.00369108s
      D_7 capped mod scan m_42 processed=1500000/7061341 elapsed=0.0056262s
      D_7 capped mod scan m_42 processed=2000000/7061341 elapsed=0.00791645s
      D_7 capped mod scan m_42 processed=2500000/7061341 elapsed=0.00989765s
      D_7 capped mod scan m_42 processed=3000000/7061341 elapsed=0.0119091s
      D_7 capped mod scan m_42 processed=3500000/7061341 elapsed=0.0138201s
      D_7 capped mod scan m_42 processed=4000000/7061341 elapsed=0.0159112s
      D_7 capped mod scan m_42 processed=4500000/7061341 elapsed=0.018017s
      D_7 capped mod scan m_42 processed=5000000/7061341 elapsed=0.0200815s
      D_7 capped mod scan m_42 processed=5500000/7061341 elapsed=0.0224366s
      D_7 capped mod scan m_42 processed=6000000/7061341 elapsed=0.0254227s
      D_7 capped mod scan m_42 processed=6500000/7061341 elapsed=0.0276584s
      D_7 capped mod scan m_42 processed=7000000/7061341 elapsed=0.0301422s
D_7 MOD 9223372036854775549 m_42 kept_even=5455046800565165157 det=3860013914087994533
      D_7 capped mod 9223372036854775549 packed step 43/50 processed=500000/7061341 next_states=719884 step_elapsed=1.2282s elapsed=84.8844s
      D_7 capped mod 9223372036854775549 packed step 43/50 processed=1000000/7061341 next_states=1394957 step_elapsed=2.65617s elapsed=86.3123s
      D_7 capped mod 9223372036854775549 packed step 43/50 processed=1500000/7061341 next_states=2051583 step_elapsed=4.29359s elapsed=87.9498s
      D_7 capped mod 9223372036854775549 packed step 43/50 processed=2000000/7061341 next_states=2698853 step_elapsed=5.91926s elapsed=89.5754s
      D_7 capped mod 9223372036854775549 packed step 43/50 processed=2500000/7061341 next_states=3338545 step_elapsed=7.6077s elapsed=91.2639s
      D_7 capped mod 9223372036854775549 packed step 43/50 processed=3000000/7061341 next_states=3967999 step_elapsed=9.45696s elapsed=93.1131s
      D_7 capped mod 9223372036854775549 packed step 43/50 processed=3500000/7061341 next_states=4573024 step_elapsed=11.4345s elapsed=95.0907s
      D_7 capped mod 9223372036854775549 packed step 43/50 processed=4000000/7061341 next_states=5191345 step_elapsed=13.2175s elapsed=96.8737s
      D_7 capped mod 9223372036854775549 packed step 43/50 processed=4500000/7061341 next_states=5794411 step_elapsed=15.1483s elapsed=98.8044s
      D_7 capped mod 9223372036854775549 packed step 43/50 processed=5000000/7061341 next_states=6371318 step_elapsed=17.1695s elapsed=100.826s
      D_7 capped mod 9223372036854775549 packed step 43/50 processed=5500000/7061341 next_states=6956235 step_elapsed=19.0747s elapsed=102.731s
      D_7 capped mod 9223372036854775549 packed step 43/50 processed=6000000/7061341 next_states=7525532 step_elapsed=21.0475s elapsed=104.704s
      D_7 capped mod 9223372036854775549 packed step 43/50 processed=6500000/7061341 next_states=8068940 step_elapsed=22.9433s elapsed=106.599s
      D_7 capped mod 9223372036854775549 packed step 43/50 processed=7000000/7061341 next_states=8577847 step_elapsed=24.6173s elapsed=108.273s
    D_7 capped mod 9223372036854775549 forward step 43/50 states=8634598 elapsed=108.455s
      D_7 capped mod scan m_43 processed=500000/8634598 elapsed=0.00176326s
      D_7 capped mod scan m_43 processed=1000000/8634598 elapsed=0.00361608s
      D_7 capped mod scan m_43 processed=1500000/8634598 elapsed=0.00556504s
      D_7 capped mod scan m_43 processed=2000000/8634598 elapsed=0.0075123s
      D_7 capped mod scan m_43 processed=2500000/8634598 elapsed=0.00942142s
      D_7 capped mod scan m_43 processed=3000000/8634598 elapsed=0.0112998s
      D_7 capped mod scan m_43 processed=3500000/8634598 elapsed=0.013374s
      D_7 capped mod scan m_43 processed=4000000/8634598 elapsed=0.0154243s
      D_7 capped mod scan m_43 processed=4500000/8634598 elapsed=0.0173863s
      D_7 capped mod scan m_43 processed=5000000/8634598 elapsed=0.0193755s
      D_7 capped mod scan m_43 processed=5500000/8634598 elapsed=0.0254355s
      D_7 capped mod scan m_43 processed=6000000/8634598 elapsed=0.0307512s
      D_7 capped mod scan m_43 processed=6500000/8634598 elapsed=0.0333672s
      D_7 capped mod scan m_43 processed=7000000/8634598 elapsed=0.0362193s
      D_7 capped mod scan m_43 processed=7500000/8634598 elapsed=0.0387999s
      D_7 capped mod scan m_43 processed=8000000/8634598 elapsed=0.0431102s
      D_7 capped mod scan m_43 processed=8500000/8634598 elapsed=0.0460611s
D_7 MOD 9223372036854775549 m_43 kept_even=6247137852431184696 det=3061161502941058192
      D_7 capped mod 9223372036854775549 packed step 44/50 processed=500000/8634598 next_states=720385 step_elapsed=1.17002s elapsed=109.755s
      D_7 capped mod 9223372036854775549 packed step 44/50 processed=1000000/8634598 next_states=1398182 step_elapsed=2.64188s elapsed=111.227s
      D_7 capped mod 9223372036854775549 packed step 44/50 processed=1500000/8634598 next_states=2057590 step_elapsed=4.16709s elapsed=112.752s
      D_7 capped mod 9223372036854775549 packed step 44/50 processed=2000000/8634598 next_states=2711466 step_elapsed=5.78337s elapsed=114.369s
      D_7 capped mod 9223372036854775549 packed step 44/50 processed=2500000/8634598 next_states=3358254 step_elapsed=7.48417s elapsed=116.069s
      D_7 capped mod 9223372036854775549 packed step 44/50 processed=3000000/8634598 next_states=3977804 step_elapsed=9.30781s elapsed=117.893s
      D_7 capped mod 9223372036854775549 packed step 44/50 processed=3500000/8634598 next_states=4613428 step_elapsed=11.1273s elapsed=119.713s
      D_7 capped mod 9223372036854775549 packed step 44/50 processed=4000000/8634598 next_states=5240316 step_elapsed=12.9645s elapsed=121.55s
      D_7 capped mod 9223372036854775549 packed step 44/50 processed=4500000/8634598 next_states=5837516 step_elapsed=14.9703s elapsed=123.556s
      D_7 capped mod 9223372036854775549 packed step 44/50 processed=5000000/8634598 next_states=6457443 step_elapsed=16.8297s elapsed=125.415s
      D_7 capped mod 9223372036854775549 packed step 44/50 processed=5500000/8634598 next_states=7034138 step_elapsed=19.0887s elapsed=127.674s
      D_7 capped mod 9223372036854775549 packed step 44/50 processed=6000000/8634598 next_states=7639670 step_elapsed=20.957s elapsed=129.542s
      D_7 capped mod 9223372036854775549 packed step 44/50 processed=6500000/8634598 next_states=8204385 step_elapsed=23.1415s elapsed=131.727s
      D_7 capped mod 9223372036854775549 packed step 44/50 processed=7000000/8634598 next_states=8782443 step_elapsed=25.2496s elapsed=133.835s
      D_7 capped mod 9223372036854775549 packed step 44/50 processed=7500000/8634598 next_states=9346432 step_elapsed=27.3499s elapsed=135.935s
      D_7 capped mod 9223372036854775549 packed step 44/50 processed=8000000/8634598 next_states=9885064 step_elapsed=29.4704s elapsed=138.056s
      D_7 capped mod 9223372036854775549 packed step 44/50 processed=8500000/8634598 next_states=10394981 step_elapsed=31.3446s elapsed=139.93s
    D_7 capped mod 9223372036854775549 forward step 44/50 states=10523981 elapsed=140.398s
      D_7 capped mod scan m_44 processed=500000/10523981 elapsed=0.00182784s
      D_7 capped mod scan m_44 processed=1000000/10523981 elapsed=0.00374076s
      D_7 capped mod scan m_44 processed=1500000/10523981 elapsed=0.00564611s
      D_7 capped mod scan m_44 processed=2000000/10523981 elapsed=0.00754412s
      D_7 capped mod scan m_44 processed=2500000/10523981 elapsed=0.00950648s
      D_7 capped mod scan m_44 processed=3000000/10523981 elapsed=0.0116812s
      D_7 capped mod scan m_44 processed=3500000/10523981 elapsed=0.0137313s
      D_7 capped mod scan m_44 processed=4000000/10523981 elapsed=0.0165128s
      D_7 capped mod scan m_44 processed=4500000/10523981 elapsed=0.0196223s
      D_7 capped mod scan m_44 processed=5000000/10523981 elapsed=0.0217623s
      D_7 capped mod scan m_44 processed=5500000/10523981 elapsed=0.0236109s
      D_7 capped mod scan m_44 processed=6000000/10523981 elapsed=0.0255223s
      D_7 capped mod scan m_44 processed=6500000/10523981 elapsed=0.0276975s
      D_7 capped mod scan m_44 processed=7000000/10523981 elapsed=0.0298432s
      D_7 capped mod scan m_44 processed=7500000/10523981 elapsed=0.0318872s
      D_7 capped mod scan m_44 processed=8000000/10523981 elapsed=0.0339226s
      D_7 capped mod scan m_44 processed=8500000/10523981 elapsed=0.0365004s
      D_7 capped mod scan m_44 processed=9000000/10523981 elapsed=0.0389439s
      D_7 capped mod scan m_44 processed=9500000/10523981 elapsed=0.0411859s
      D_7 capped mod scan m_44 processed=10000000/10523981 elapsed=0.0436808s
      D_7 capped mod scan m_44 processed=10500000/10523981 elapsed=0.0472114s
D_7 MOD 9223372036854775549 m_44 kept_even=7760342384291011986 det=3552216983204886368
      D_7 capped mod 9223372036854775549 packed step 45/50 processed=500000/10523981 next_states=720385 step_elapsed=1.35765s elapsed=141.987s
      D_7 capped mod 9223372036854775549 packed step 45/50 processed=1000000/10523981 next_states=1403258 step_elapsed=2.95856s elapsed=143.588s
      D_7 capped mod 9223372036854775549 packed step 45/50 processed=1500000/10523981 next_states=2064964 step_elapsed=4.61462s elapsed=145.244s
      D_7 capped mod 9223372036854775549 packed step 45/50 processed=2000000/10523981 next_states=2721684 step_elapsed=6.40019s elapsed=147.03s
      D_7 capped mod 9223372036854775549 packed step 45/50 processed=2500000/10523981 next_states=3371093 step_elapsed=8.25836s elapsed=148.888s
      D_7 capped mod 9223372036854775549 packed step 45/50 processed=3000000/10523981 next_states=3998267 step_elapsed=10.4107s elapsed=151.04s
      D_7 capped mod 9223372036854775549 packed step 45/50 processed=3500000/10523981 next_states=4640067 step_elapsed=12.2699s elapsed=152.9s
      D_7 capped mod 9223372036854775549 packed step 45/50 processed=4000000/10523981 next_states=5261368 step_elapsed=14.6805s elapsed=155.31s
      D_7 capped mod 9223372036854775549 packed step 45/50 processed=4500000/10523981 next_states=5889343 step_elapsed=16.8921s elapsed=157.522s
      D_7 capped mod 9223372036854775549 packed step 45/50 processed=5000000/10523981 next_states=6496048 step_elapsed=19.1049s elapsed=159.735s
      D_7 capped mod 9223372036854775549 packed step 45/50 processed=5500000/10523981 next_states=7115166 step_elapsed=21.1958s elapsed=161.826s
      D_7 capped mod 9223372036854775549 packed step 45/50 processed=6000000/10523981 next_states=7703092 step_elapsed=23.7044s elapsed=164.334s
      D_7 capped mod 9223372036854775549 packed step 45/50 processed=6500000/10523981 next_states=8319632 step_elapsed=25.8088s elapsed=166.438s
      D_7 capped mod 9223372036854775549 packed step 45/50 processed=7000000/10523981 next_states=8894080 step_elapsed=28.1441s elapsed=168.774s
      D_7 capped mod 9223372036854775549 packed step 45/50 processed=7500000/10523981 next_states=9496843 step_elapsed=30.1524s elapsed=170.782s
      D_7 capped mod 9223372036854775549 packed step 45/50 processed=8000000/10523981 next_states=10054871 step_elapsed=32.3896s elapsed=173.019s
      D_7 capped mod 9223372036854775549 packed step 45/50 processed=8500000/10523981 next_states=10639171 step_elapsed=34.4978s elapsed=175.128s
      D_7 capped mod 9223372036854775549 packed step 45/50 processed=9000000/10523981 next_states=11176520 step_elapsed=36.8395s elapsed=177.469s
      D_7 capped mod 9223372036854775549 packed step 45/50 processed=9500000/10523981 next_states=11736597 step_elapsed=38.8861s elapsed=179.516s
      D_7 capped mod 9223372036854775549 packed step 45/50 processed=10000000/10523981 next_states=12268752 step_elapsed=40.994s elapsed=181.624s
      D_7 capped mod 9223372036854775549 packed step 45/50 processed=10500000/10523981 next_states=12765149 step_elapsed=42.671s elapsed=183.301s
    D_7 capped mod 9223372036854775549 forward step 45/50 states=12786384 elapsed=183.426s
      D_7 capped mod scan m_45 processed=500000/12786384 elapsed=0.00182789s
      D_7 capped mod scan m_45 processed=1000000/12786384 elapsed=0.00366604s
      D_7 capped mod scan m_45 processed=1500000/12786384 elapsed=0.0056994s
      D_7 capped mod scan m_45 processed=2000000/12786384 elapsed=0.00758656s
      D_7 capped mod scan m_45 processed=2500000/12786384 elapsed=0.00961691s
      D_7 capped mod scan m_45 processed=3000000/12786384 elapsed=0.011444s
      D_7 capped mod scan m_45 processed=3500000/12786384 elapsed=0.0134418s
      D_7 capped mod scan m_45 processed=4000000/12786384 elapsed=0.0155169s
      D_7 capped mod scan m_45 processed=4500000/12786384 elapsed=0.0174926s
      D_7 capped mod scan m_45 processed=5000000/12786384 elapsed=0.019447s
      D_7 capped mod scan m_45 processed=5500000/12786384 elapsed=0.0214667s
      D_7 capped mod scan m_45 processed=6000000/12786384 elapsed=0.0236845s
      D_7 capped mod scan m_45 processed=6500000/12786384 elapsed=0.0258707s
      D_7 capped mod scan m_45 processed=7000000/12786384 elapsed=0.0278836s
      D_7 capped mod scan m_45 processed=7500000/12786384 elapsed=0.030042s
      D_7 capped mod scan m_45 processed=8000000/12786384 elapsed=0.0338283s
      D_7 capped mod scan m_45 processed=8500000/12786384 elapsed=0.0364887s
      D_7 capped mod scan m_45 processed=9000000/12786384 elapsed=0.039227s
      D_7 capped mod scan m_45 processed=9500000/12786384 elapsed=0.0415843s
      D_7 capped mod scan m_45 processed=10000000/12786384 elapsed=0.0438663s
      D_7 capped mod scan m_45 processed=10500000/12786384 elapsed=0.0461259s
      D_7 capped mod scan m_45 processed=11000000/12786384 elapsed=0.0486996s
      D_7 capped mod scan m_45 processed=11500000/12786384 elapsed=0.0510794s
      D_7 capped mod scan m_45 processed=12000000/12786384 elapsed=0.0534843s
      D_7 capped mod scan m_45 processed=12500000/12786384 elapsed=0.0561601s
D_7 MOD 9223372036854775549 m_45 kept_even=7854651632197635270 det=1993659674472133687
      D_7 capped mod 9223372036854775549 packed step 46/50 processed=500000/12786384 next_states=720385 step_elapsed=1.25468s elapsed=184.926s
      D_7 capped mod 9223372036854775549 packed step 46/50 processed=1000000/12786384 next_states=1408555 step_elapsed=2.89622s elapsed=186.567s
      D_7 capped mod 9223372036854775549 packed step 46/50 processed=1500000/12786384 next_states=2070069 step_elapsed=4.58934s elapsed=188.261s
      D_7 capped mod 9223372036854775549 packed step 46/50 processed=2000000/12786384 next_states=2729727 step_elapsed=6.31959s elapsed=189.991s
      D_7 capped mod 9223372036854775549 packed step 46/50 processed=2500000/12786384 next_states=3381381 step_elapsed=8.14598s elapsed=191.817s
      D_7 capped mod 9223372036854775549 packed step 46/50 processed=3000000/12786384 next_states=4015044 step_elapsed=10.0974s elapsed=193.769s
      D_7 capped mod 9223372036854775549 packed step 46/50 processed=3500000/12786384 next_states=4666181 step_elapsed=11.8824s elapsed=195.554s
      D_7 capped mod 9223372036854775549 packed step 46/50 processed=4000000/12786384 next_states=5282640 step_elapsed=14.0603s elapsed=197.732s
      D_7 capped mod 9223372036854775549 packed step 46/50 processed=4500000/12786384 next_states=5926337 step_elapsed=15.8254s elapsed=199.497s
      D_7 capped mod 9223372036854775549 packed step 46/50 processed=5000000/12786384 next_states=6538582 step_elapsed=18.0013s elapsed=201.673s
      D_7 capped mod 9223372036854775549 packed step 46/50 processed=5500000/12786384 next_states=7174293 step_elapsed=19.9036s elapsed=203.575s
      D_7 capped mod 9223372036854775549 packed step 46/50 processed=6000000/12786384 next_states=7773304 step_elapsed=22.0384s elapsed=205.71s
      D_7 capped mod 9223372036854775549 packed step 46/50 processed=6500000/12786384 next_states=8378405 step_elapsed=24.4602s elapsed=208.131s
      D_7 capped mod 9223372036854775549 packed step 46/50 processed=7000000/12786384 next_states=8995254 step_elapsed=26.5461s elapsed=210.217s
      D_7 capped mod 9223372036854775549 packed step 46/50 processed=7500000/12786384 next_states=9576499 step_elapsed=28.9132s elapsed=212.584s
      D_7 capped mod 9223372036854775549 packed step 46/50 processed=8000000/12786384 next_states=10189851 step_elapsed=31.0128s elapsed=214.684s
      D_7 capped mod 9223372036854775549 packed step 46/50 processed=8500000/12786384 next_states=10770786 step_elapsed=33.3149s elapsed=216.986s
      D_7 capped mod 9223372036854775549 packed step 46/50 processed=9000000/12786384 next_states=11336984 step_elapsed=35.7313s elapsed=219.403s
      D_7 capped mod 9223372036854775549 packed step 46/50 processed=9500000/12786384 next_states=11941982 step_elapsed=37.8317s elapsed=221.503s
      D_7 capped mod 9223372036854775549 packed step 46/50 processed=10000000/12786384 next_states=12492785 step_elapsed=40.2204s elapsed=223.892s
      D_7 capped mod 9223372036854775549 packed step 46/50 processed=10500000/12786384 next_states=13072550 step_elapsed=42.3495s elapsed=226.021s
      D_7 capped mod 9223372036854775549 packed step 46/50 processed=11000000/12786384 next_states=13614449 step_elapsed=44.4903s elapsed=228.162s
      D_7 capped mod 9223372036854775549 packed step 46/50 processed=11500000/12786384 next_states=14173011 step_elapsed=46.6289s elapsed=230.3s
      D_7 capped mod 9223372036854775549 packed step 46/50 processed=12000000/12786384 next_states=14694198 step_elapsed=48.7276s elapsed=232.399s
      D_7 capped mod 9223372036854775549 packed step 46/50 processed=12500000/12786384 next_states=15211347 step_elapsed=50.5542s elapsed=234.225s
    D_7 capped mod 9223372036854775549 forward step 46/50 states=15487861 elapsed=235.174s
      D_7 capped mod scan m_46 processed=500000/15487861 elapsed=0.00172989s
      D_7 capped mod scan m_46 processed=1000000/15487861 elapsed=0.00354021s
      D_7 capped mod scan m_46 processed=1500000/15487861 elapsed=0.00536737s
      D_7 capped mod scan m_46 processed=2000000/15487861 elapsed=0.00725073s
      D_7 capped mod scan m_46 processed=2500000/15487861 elapsed=0.00906503s
      D_7 capped mod scan m_46 processed=3000000/15487861 elapsed=0.0110111s
      D_7 capped mod scan m_46 processed=3500000/15487861 elapsed=0.0129752s
      D_7 capped mod scan m_46 processed=4000000/15487861 elapsed=0.0164782s
      D_7 capped mod scan m_46 processed=4500000/15487861 elapsed=0.0185267s
      D_7 capped mod scan m_46 processed=5000000/15487861 elapsed=0.0206655s
      D_7 capped mod scan m_46 processed=5500000/15487861 elapsed=0.0228467s
      D_7 capped mod scan m_46 processed=6000000/15487861 elapsed=0.0247434s
      D_7 capped mod scan m_46 processed=6500000/15487861 elapsed=0.0267294s
      D_7 capped mod scan m_46 processed=7000000/15487861 elapsed=0.028801s
      D_7 capped mod scan m_46 processed=7500000/15487861 elapsed=0.0309698s
      D_7 capped mod scan m_46 processed=8000000/15487861 elapsed=0.0333234s
      D_7 capped mod scan m_46 processed=8500000/15487861 elapsed=0.0354097s
      D_7 capped mod scan m_46 processed=9000000/15487861 elapsed=0.0374181s
      D_7 capped mod scan m_46 processed=9500000/15487861 elapsed=0.0395477s
      D_7 capped mod scan m_46 processed=10000000/15487861 elapsed=0.0417076s
      D_7 capped mod scan m_46 processed=10500000/15487861 elapsed=0.0439688s
      D_7 capped mod scan m_46 processed=11000000/15487861 elapsed=0.0463812s
      D_7 capped mod scan m_46 processed=11500000/15487861 elapsed=0.0488384s
      D_7 capped mod scan m_46 processed=12000000/15487861 elapsed=0.0509121s
      D_7 capped mod scan m_46 processed=12500000/15487861 elapsed=0.0532137s
      D_7 capped mod scan m_46 processed=13000000/15487861 elapsed=0.0555134s
      D_7 capped mod scan m_46 processed=13500000/15487861 elapsed=0.0580413s
      D_7 capped mod scan m_46 processed=14000000/15487861 elapsed=0.0604713s
      D_7 capped mod scan m_46 processed=14500000/15487861 elapsed=0.0628285s
      D_7 capped mod scan m_46 processed=15000000/15487861 elapsed=0.0654448s
D_7 MOD 9223372036854775549 m_46 kept_even=7803402425662107006 det=2857866703790867778
      D_7 capped mod 9223372036854775549 packed step 47/50 processed=500000/15487861 next_states=720385 step_elapsed=1.23076s elapsed=236.636s
      D_7 capped mod 9223372036854775549 packed step 47/50 processed=1000000/15487861 next_states=1409254 step_elapsed=2.74351s elapsed=238.148s
      D_7 capped mod 9223372036854775549 packed step 47/50 processed=1500000/15487861 next_states=2077245 step_elapsed=4.32286s elapsed=239.728s
      D_7 capped mod 9223372036854775549 packed step 47/50 processed=2000000/15487861 next_states=2737722 step_elapsed=6.0677s elapsed=241.472s
      D_7 capped mod 9223372036854775549 packed step 47/50 processed=2500000/15487861 next_states=3386941 step_elapsed=7.86762s elapsed=243.272s
      D_7 capped mod 9223372036854775549 packed step 47/50 processed=3000000/15487861 next_states=4033370 step_elapsed=9.79065s elapsed=245.195s
      D_7 capped mod 9223372036854775549 packed step 47/50 processed=3500000/15487861 next_states=4684800 step_elapsed=11.6341s elapsed=247.039s
      D_7 capped mod 9223372036854775549 packed step 47/50 processed=4000000/15487861 next_states=5310574 step_elapsed=13.7074s elapsed=249.112s
      D_7 capped mod 9223372036854775549 packed step 47/50 processed=4500000/15487861 next_states=5957535 step_elapsed=15.5836s elapsed=250.988s
      D_7 capped mod 9223372036854775549 packed step 47/50 processed=5000000/15487861 next_states=6578527 step_elapsed=17.879s elapsed=253.284s
      D_7 capped mod 9223372036854775549 packed step 47/50 processed=5500000/15487861 next_states=7199804 step_elapsed=20.1792s elapsed=255.584s
      D_7 capped mod 9223372036854775549 packed step 47/50 processed=6000000/15487861 next_states=7828051 step_elapsed=22.3473s elapsed=257.752s
      D_7 capped mod 9223372036854775549 packed step 47/50 processed=6500000/15487861 next_states=8431213 step_elapsed=24.7353s elapsed=260.14s
      D_7 capped mod 9223372036854775549 packed step 47/50 processed=7000000/15487861 next_states=9062303 step_elapsed=26.8566s elapsed=262.261s
      D_7 capped mod 9223372036854775549 packed step 47/50 processed=7500000/15487861 next_states=9668411 step_elapsed=29.1441s elapsed=264.549s
      D_7 capped mod 9223372036854775549 packed step 47/50 processed=8000000/15487861 next_states=10255567 step_elapsed=31.7946s elapsed=267.199s
      D_7 capped mod 9223372036854775549 packed step 47/50 processed=8500000/15487861 next_states=10876061 step_elapsed=34.0223s elapsed=269.427s
      D_7 capped mod 9223372036854775549 packed step 47/50 processed=9000000/15487861 next_states=11475725 step_elapsed=36.3381s elapsed=271.743s
      D_7 capped mod 9223372036854775549 packed step 47/50 processed=9500000/15487861 next_states=12055149 step_elapsed=38.8682s elapsed=274.273s
      D_7 capped mod 9223372036854775549 packed step 47/50 processed=10000000/15487861 next_states=12650005 step_elapsed=41.1892s elapsed=276.594s
      D_7 capped mod 9223372036854775549 packed step 47/50 processed=10500000/15487861 next_states=13245903 step_elapsed=43.5972s elapsed=279.002s
      D_7 capped mod 9223372036854775549 packed step 47/50 processed=11000000/15487861 next_states=13810220 step_elapsed=46.1718s elapsed=281.577s
      D_7 capped mod 9223372036854775549 packed step 47/50 processed=11500000/15487861 next_states=14386522 step_elapsed=48.4689s elapsed=283.874s
      D_7 capped mod 9223372036854775549 packed step 47/50 processed=12000000/15487861 next_states=14971837 step_elapsed=51.0427s elapsed=286.447s
      D_7 capped mod 9223372036854775549 packed step 47/50 processed=12500000/15487861 next_states=15516988 step_elapsed=53.704s elapsed=289.109s
      D_7 capped mod 9223372036854775549 packed step 47/50 processed=13000000/15487861 next_states=16088241 step_elapsed=56.0881s elapsed=291.493s
      D_7 capped mod 9223372036854775549 packed step 47/50 processed=13500000/15487861 next_states=16635390 step_elapsed=58.6182s elapsed=294.023s
      D_7 capped mod 9223372036854775549 packed step 47/50 processed=14000000/15487861 next_states=17174648 step_elapsed=60.8352s elapsed=296.24s
      D_7 capped mod 9223372036854775549 packed step 47/50 processed=14500000/15487861 next_states=17706235 step_elapsed=63.2519s elapsed=298.657s
      D_7 capped mod 9223372036854775549 packed step 47/50 processed=15000000/15487861 next_states=18229158 step_elapsed=65.5414s elapsed=300.946s
    D_7 capped mod 9223372036854775549 forward step 47/50 states=18704832 elapsed=302.864s
      D_7 capped mod scan m_47 processed=500000/18704832 elapsed=0.00182617s
      D_7 capped mod scan m_47 processed=1000000/18704832 elapsed=0.00401782s
      D_7 capped mod scan m_47 processed=1500000/18704832 elapsed=0.00622567s
      D_7 capped mod scan m_47 processed=2000000/18704832 elapsed=0.00823843s
      D_7 capped mod scan m_47 processed=2500000/18704832 elapsed=0.0104326s
      D_7 capped mod scan m_47 processed=3000000/18704832 elapsed=0.0122302s
      D_7 capped mod scan m_47 processed=3500000/18704832 elapsed=0.0141751s
      D_7 capped mod scan m_47 processed=4000000/18704832 elapsed=0.0162419s
      D_7 capped mod scan m_47 processed=4500000/18704832 elapsed=0.0220474s
      D_7 capped mod scan m_47 processed=5000000/18704832 elapsed=0.0280748s
      D_7 capped mod scan m_47 processed=5500000/18704832 elapsed=0.0303105s
      D_7 capped mod scan m_47 processed=6000000/18704832 elapsed=0.0326082s
      D_7 capped mod scan m_47 processed=6500000/18704832 elapsed=0.0354583s
      D_7 capped mod scan m_47 processed=7000000/18704832 elapsed=0.0379131s
      D_7 capped mod scan m_47 processed=7500000/18704832 elapsed=0.0401657s
      D_7 capped mod scan m_47 processed=8000000/18704832 elapsed=0.0421399s
      D_7 capped mod scan m_47 processed=8500000/18704832 elapsed=0.0441475s
      D_7 capped mod scan m_47 processed=9000000/18704832 elapsed=0.0462293s
      D_7 capped mod scan m_47 processed=9500000/18704832 elapsed=0.0484718s
      D_7 capped mod scan m_47 processed=10000000/18704832 elapsed=0.0507356s
      D_7 capped mod scan m_47 processed=10500000/18704832 elapsed=0.0530553s
      D_7 capped mod scan m_47 processed=11000000/18704832 elapsed=0.0551493s
      D_7 capped mod scan m_47 processed=11500000/18704832 elapsed=0.057261s
      D_7 capped mod scan m_47 processed=12000000/18704832 elapsed=0.0593904s
      D_7 capped mod scan m_47 processed=12500000/18704832 elapsed=0.0615701s
      D_7 capped mod scan m_47 processed=13000000/18704832 elapsed=0.0637007s
      D_7 capped mod scan m_47 processed=13500000/18704832 elapsed=0.0660512s
      D_7 capped mod scan m_47 processed=14000000/18704832 elapsed=0.068459s
      D_7 capped mod scan m_47 processed=14500000/18704832 elapsed=0.0706998s
      D_7 capped mod scan m_47 processed=15000000/18704832 elapsed=0.0728273s
      D_7 capped mod scan m_47 processed=15500000/18704832 elapsed=0.075129s
      D_7 capped mod scan m_47 processed=16000000/18704832 elapsed=0.0775135s
      D_7 capped mod scan m_47 processed=16500000/18704832 elapsed=0.0817891s
      D_7 capped mod scan m_47 processed=17000000/18704832 elapsed=0.0845671s
      D_7 capped mod scan m_47 processed=17500000/18704832 elapsed=0.0870374s
      D_7 capped mod scan m_47 processed=18000000/18704832 elapsed=0.0898559s
      D_7 capped mod scan m_47 processed=18500000/18704832 elapsed=0.0925372s
D_7 MOD 9223372036854775549 m_47 kept_even=7916972180542236043 det=3235228239796417407
      D_7 capped mod 9223372036854775549 packed step 48/50 processed=500000/18704832 next_states=720385 step_elapsed=1.25848s elapsed=304.388s
      D_7 capped mod 9223372036854775549 packed step 48/50 processed=1000000/18704832 next_states=1409924 step_elapsed=2.79807s elapsed=305.928s
      D_7 capped mod 9223372036854775549 packed step 48/50 processed=1500000/18704832 next_states=2084148 step_elapsed=4.46326s elapsed=307.593s
      D_7 capped mod 9223372036854775549 packed step 48/50 processed=2000000/18704832 next_states=2744308 step_elapsed=6.19299s elapsed=309.322s
      D_7 capped mod 9223372036854775549 packed step 48/50 processed=2500000/18704832 next_states=3390755 step_elapsed=8.02176s elapsed=311.151s
      D_7 capped mod 9223372036854775549 packed step 48/50 processed=3000000/18704832 next_states=4045670 step_elapsed=9.83709s elapsed=312.967s
      D_7 capped mod 9223372036854775549 packed step 48/50 processed=3500000/18704832 next_states=4699623 step_elapsed=11.5758s elapsed=314.705s
      D_7 capped mod 9223372036854775549 packed step 48/50 processed=4000000/18704832 next_states=5328381 step_elapsed=13.5404s elapsed=316.67s
      D_7 capped mod 9223372036854775549 packed step 48/50 processed=4500000/18704832 next_states=5977586 step_elapsed=15.3944s elapsed=318.524s
      D_7 capped mod 9223372036854775549 packed step 48/50 processed=5000000/18704832 next_states=6604897 step_elapsed=17.3165s elapsed=320.446s
      D_7 capped mod 9223372036854775549 packed step 48/50 processed=5500000/18704832 next_states=7225833 step_elapsed=19.5513s elapsed=322.681s
      D_7 capped mod 9223372036854775549 packed step 48/50 processed=6000000/18704832 next_states=7874849 step_elapsed=21.4765s elapsed=324.606s
      D_7 capped mod 9223372036854775549 packed step 48/50 processed=6500000/18704832 next_states=8485808 step_elapsed=23.8068s elapsed=326.936s
      D_7 capped mod 9223372036854775549 packed step 48/50 processed=7000000/18704832 next_states=9093863 step_elapsed=26.1846s elapsed=329.314s
      D_7 capped mod 9223372036854775549 packed step 48/50 processed=7500000/18704832 next_states=9737727 step_elapsed=28.1317s elapsed=331.261s
      D_7 capped mod 9223372036854775549 packed step 48/50 processed=8000000/18704832 next_states=10340444 step_elapsed=30.4368s elapsed=333.566s
      D_7 capped mod 9223372036854775549 packed step 48/50 processed=8500000/18704832 next_states=10938513 step_elapsed=32.9418s elapsed=336.071s
      D_7 capped mod 9223372036854775549 packed step 48/50 processed=9000000/18704832 next_states=11562196 step_elapsed=35.1579s elapsed=338.287s
      D_7 capped mod 9223372036854775549 packed step 48/50 processed=9500000/18704832 next_states=12170253 step_elapsed=37.5137s elapsed=340.643s
      D_7 capped mod 9223372036854775549 packed step 48/50 processed=10000000/18704832 next_states=12757171 step_elapsed=40.087s elapsed=343.217s
      D_7 capped mod 9223372036854775549 packed step 48/50 processed=10500000/18704832 next_states=13341015 step_elapsed=42.6623s elapsed=345.792s
      D_7 capped mod 9223372036854775549 packed step 48/50 processed=11000000/18704832 next_states=13967731 step_elapsed=44.767s elapsed=347.896s
      D_7 capped mod 9223372036854775549 packed step 48/50 processed=11500000/18704832 next_states=14552762 step_elapsed=47.0912s elapsed=350.221s
      D_7 capped mod 9223372036854775549 packed step 48/50 processed=12000000/18704832 next_states=15122176 step_elapsed=49.6053s elapsed=352.735s
      D_7 capped mod 9223372036854775549 packed step 48/50 processed=12500000/18704832 next_states=15698137 step_elapsed=51.9394s elapsed=355.069s
      D_7 capped mod 9223372036854775549 packed step 48/50 processed=13000000/18704832 next_states=16315000 step_elapsed=54.2297s elapsed=357.359s
      D_7 capped mod 9223372036854775549 packed step 48/50 processed=13500000/18704832 next_states=16878235 step_elapsed=56.7852s elapsed=359.915s
      D_7 capped mod 9223372036854775549 packed step 48/50 processed=14000000/18704832 next_states=17433115 step_elapsed=59.43s elapsed=362.56s
      D_7 capped mod 9223372036854775549 packed step 48/50 processed=14500000/18704832 next_states=18023692 step_elapsed=61.75s elapsed=364.88s
      D_7 capped mod 9223372036854775549 packed step 48/50 processed=15000000/18704832 next_states=18591237 step_elapsed=64.2776s elapsed=367.407s
      D_7 capped mod 9223372036854775549 packed step 48/50 processed=15500000/18704832 next_states=19128735 step_elapsed=66.8624s elapsed=369.992s
      D_7 capped mod 9223372036854775549 packed step 48/50 processed=16000000/18704832 next_states=19696044 step_elapsed=69.1624s elapsed=372.292s
      D_7 capped mod 9223372036854775549 packed step 48/50 processed=16500000/18704832 next_states=20247054 step_elapsed=71.6653s elapsed=374.795s
      D_7 capped mod 9223372036854775549 packed step 48/50 processed=17000000/18704832 next_states=20760942 step_elapsed=74.0893s elapsed=377.219s
      D_7 capped mod 9223372036854775549 packed step 48/50 processed=17500000/18704832 next_states=21319587 step_elapsed=76.4498s elapsed=379.579s
      D_7 capped mod 9223372036854775549 packed step 48/50 processed=18000000/18704832 next_states=21829162 step_elapsed=78.5702s elapsed=381.7s
      D_7 capped mod 9223372036854775549 packed step 48/50 processed=18500000/18704832 next_states=22333939 step_elapsed=80.6445s elapsed=383.774s
    D_7 capped mod 9223372036854775549 forward step 48/50 states=22525613 elapsed=384.523s
      D_7 capped mod scan m_48 processed=500000/22525613 elapsed=0.00175577s
      D_7 capped mod scan m_48 processed=1000000/22525613 elapsed=0.003547s
      D_7 capped mod scan m_48 processed=1500000/22525613 elapsed=0.00540187s
      D_7 capped mod scan m_48 processed=2000000/22525613 elapsed=0.00735555s
      D_7 capped mod scan m_48 processed=2500000/22525613 elapsed=0.00914224s
      D_7 capped mod scan m_48 processed=3000000/22525613 elapsed=0.0111341s
      D_7 capped mod scan m_48 processed=3500000/22525613 elapsed=0.0130391s
      D_7 capped mod scan m_48 processed=4000000/22525613 elapsed=0.0148099s
      D_7 capped mod scan m_48 processed=4500000/22525613 elapsed=0.0166869s
      D_7 capped mod scan m_48 processed=5000000/22525613 elapsed=0.018677s
      D_7 capped mod scan m_48 processed=5500000/22525613 elapsed=0.0207406s
      D_7 capped mod scan m_48 processed=6000000/22525613 elapsed=0.022647s
      D_7 capped mod scan m_48 processed=6500000/22525613 elapsed=0.0261466s
      D_7 capped mod scan m_48 processed=7000000/22525613 elapsed=0.0281579s
      D_7 capped mod scan m_48 processed=7500000/22525613 elapsed=0.0301901s
      D_7 capped mod scan m_48 processed=8000000/22525613 elapsed=0.0323634s
      D_7 capped mod scan m_48 processed=8500000/22525613 elapsed=0.03462s
      D_7 capped mod scan m_48 processed=9000000/22525613 elapsed=0.0367152s
      D_7 capped mod scan m_48 processed=9500000/22525613 elapsed=0.03887s
      D_7 capped mod scan m_48 processed=10000000/22525613 elapsed=0.0409189s
      D_7 capped mod scan m_48 processed=10500000/22525613 elapsed=0.0429329s
      D_7 capped mod scan m_48 processed=11000000/22525613 elapsed=0.0450352s
      D_7 capped mod scan m_48 processed=11500000/22525613 elapsed=0.0471193s
      D_7 capped mod scan m_48 processed=12000000/22525613 elapsed=0.0493106s
      D_7 capped mod scan m_48 processed=12500000/22525613 elapsed=0.0516928s
      D_7 capped mod scan m_48 processed=13000000/22525613 elapsed=0.0540595s
      D_7 capped mod scan m_48 processed=13500000/22525613 elapsed=0.0564098s
      D_7 capped mod scan m_48 processed=14000000/22525613 elapsed=0.0583657s
      D_7 capped mod scan m_48 processed=14500000/22525613 elapsed=0.0605498s
      D_7 capped mod scan m_48 processed=15000000/22525613 elapsed=0.062743s
      D_7 capped mod scan m_48 processed=15500000/22525613 elapsed=0.0649413s
      D_7 capped mod scan m_48 processed=16000000/22525613 elapsed=0.0672395s
      D_7 capped mod scan m_48 processed=16500000/22525613 elapsed=0.0694412s
      D_7 capped mod scan m_48 processed=17000000/22525613 elapsed=0.0719546s
      D_7 capped mod scan m_48 processed=17500000/22525613 elapsed=0.0744583s
      D_7 capped mod scan m_48 processed=18000000/22525613 elapsed=0.0767824s
      D_7 capped mod scan m_48 processed=18500000/22525613 elapsed=0.0790036s
      D_7 capped mod scan m_48 processed=19000000/22525613 elapsed=0.0813618s
      D_7 capped mod scan m_48 processed=19500000/22525613 elapsed=0.0837425s
      D_7 capped mod scan m_48 processed=20000000/22525613 elapsed=0.0862099s
      D_7 capped mod scan m_48 processed=20500000/22525613 elapsed=0.0887834s
      D_7 capped mod scan m_48 processed=21000000/22525613 elapsed=0.0912705s
      D_7 capped mod scan m_48 processed=21500000/22525613 elapsed=0.0937463s
      D_7 capped mod scan m_48 processed=22000000/22525613 elapsed=0.0964016s
      D_7 capped mod scan m_48 processed=22500000/22525613 elapsed=0.0992462s
D_7 MOD 9223372036854775549 m_48 kept_even=6687467658225007759 det=4577360568629477395
      D_7 capped mod 9223372036854775549 packed step 49/50 processed=500000/22525613 next_states=720385 step_elapsed=1.38905s elapsed=386.344s
      D_7 capped mod 9223372036854775549 packed step 49/50 processed=1000000/22525613 next_states=1409924 step_elapsed=3.2081s elapsed=388.163s
      D_7 capped mod 9223372036854775549 packed step 49/50 processed=1500000/22525613 next_states=2086368 step_elapsed=5.00492s elapsed=389.96s
      D_7 capped mod 9223372036854775549 packed step 49/50 processed=2000000/22525613 next_states=2752102 step_elapsed=6.79689s elapsed=391.752s
      D_7 capped mod 9223372036854775549 packed step 49/50 processed=2500000/22525613 next_states=3392109 step_elapsed=8.7822s elapsed=393.737s
      D_7 capped mod 9223372036854775549 packed step 49/50 processed=3000000/22525613 next_states=4054526 step_elapsed=10.6909s elapsed=395.646s
      D_7 capped mod 9223372036854775549 packed step 49/50 processed=3500000/22525613 next_states=4709801 step_elapsed=12.6537s elapsed=397.608s
      D_7 capped mod 9223372036854775549 packed step 49/50 processed=4000000/22525613 next_states=5348211 step_elapsed=14.8277s elapsed=399.782s
      D_7 capped mod 9223372036854775549 packed step 49/50 processed=4500000/22525613 next_states=5987373 step_elapsed=16.9517s elapsed=401.906s
      D_7 capped mod 9223372036854775549 packed step 49/50 processed=5000000/22525613 next_states=6631536 step_elapsed=18.997s elapsed=403.952s
      D_7 capped mod 9223372036854775549 packed step 49/50 processed=5500000/22525613 next_states=7256489 step_elapsed=21.3503s elapsed=406.305s
      D_7 capped mod 9223372036854775549 packed step 49/50 processed=6000000/22525613 next_states=7903626 step_elapsed=23.3865s elapsed=408.341s
      D_7 capped mod 9223372036854775549 packed step 49/50 processed=6500000/22525613 next_states=8523725 step_elapsed=25.5869s elapsed=410.541s
      D_7 capped mod 9223372036854775549 packed step 49/50 processed=7000000/22525613 next_states=9135345 step_elapsed=28.0269s elapsed=412.982s
      D_7 capped mod 9223372036854775549 packed step 49/50 processed=7500000/22525613 next_states=9772822 step_elapsed=30.3004s elapsed=415.255s
      D_7 capped mod 9223372036854775549 packed step 49/50 processed=8000000/22525613 next_states=10402710 step_elapsed=32.6897s elapsed=417.644s
      D_7 capped mod 9223372036854775549 packed step 49/50 processed=8500000/22525613 next_states=11005068 step_elapsed=35.345s elapsed=420.3s
      D_7 capped mod 9223372036854775549 packed step 49/50 processed=9000000/22525613 next_states=11604517 step_elapsed=38.2271s elapsed=423.182s
      D_7 capped mod 9223372036854775549 packed step 49/50 processed=9500000/22525613 next_states=12249100 step_elapsed=40.5554s elapsed=425.51s
      D_7 capped mod 9223372036854775549 packed step 49/50 processed=10000000/22525613 next_states=12855459 step_elapsed=43.0897s elapsed=428.044s
      D_7 capped mod 9223372036854775549 packed step 49/50 processed=10500000/22525613 next_states=13451682 step_elapsed=45.7338s elapsed=430.688s
      D_7 capped mod 9223372036854775549 packed step 49/50 processed=11000000/22525613 next_states=14042163 step_elapsed=48.6088s elapsed=433.563s
      D_7 capped mod 9223372036854775549 packed step 49/50 processed=11500000/22525613 next_states=14667092 step_elapsed=51.0144s elapsed=435.969s
      D_7 capped mod 9223372036854775549 packed step 49/50 processed=12000000/22525613 next_states=15278021 step_elapsed=53.6523s elapsed=438.607s
      D_7 capped mod 9223372036854775549 packed step 49/50 processed=12500000/22525613 next_states=15860119 step_elapsed=56.349s elapsed=441.304s
      D_7 capped mod 9223372036854775549 packed step 49/50 processed=13000000/22525613 next_states=16440625 step_elapsed=59.2566s elapsed=444.211s
      D_7 capped mod 9223372036854775549 packed step 49/50 processed=13500000/22525613 next_states=17023593 step_elapsed=61.7772s elapsed=446.732s
      D_7 capped mod 9223372036854775549 packed step 49/50 processed=14000000/22525613 next_states=17652717 step_elapsed=64.3264s elapsed=449.281s
      D_7 capped mod 9223372036854775549 packed step 49/50 processed=14500000/22525613 next_states=18226033 step_elapsed=66.9199s elapsed=451.875s
      D_7 capped mod 9223372036854775549 packed step 49/50 processed=15000000/22525613 next_states=18793615 step_elapsed=69.7205s elapsed=454.675s
      D_7 capped mod 9223372036854775549 packed step 49/50 processed=15500000/22525613 next_states=19357305 step_elapsed=72.4949s elapsed=457.45s
      D_7 capped mod 9223372036854775549 packed step 49/50 processed=16000000/22525613 next_states=19965616 step_elapsed=74.8658s elapsed=459.82s
      D_7 capped mod 9223372036854775549 packed step 49/50 processed=16500000/22525613 next_states=20549177 step_elapsed=77.3187s elapsed=462.273s
      D_7 capped mod 9223372036854775549 packed step 49/50 processed=17000000/22525613 next_states=21099958 step_elapsed=79.9967s elapsed=464.951s
      D_7 capped mod 9223372036854775549 packed step 49/50 processed=17500000/22525613 next_states=21647871 step_elapsed=82.7087s elapsed=467.663s
      D_7 capped mod 9223372036854775549 packed step 49/50 processed=18000000/22525613 next_states=22238293 step_elapsed=84.8727s elapsed=469.827s
      D_7 capped mod 9223372036854775549 packed step 49/50 processed=18500000/22525613 next_states=22806650 step_elapsed=87.4134s elapsed=472.368s
      D_7 capped mod 9223372036854775549 packed step 49/50 processed=19000000/22525613 next_states=23340938 step_elapsed=90.0376s elapsed=474.992s
      D_7 capped mod 9223372036854775549 packed step 49/50 processed=19500000/22525613 next_states=23882315 step_elapsed=92.4302s elapsed=477.385s
      D_7 capped mod 9223372036854775549 packed step 49/50 processed=20000000/22525613 next_states=24455031 step_elapsed=94.7962s elapsed=479.751s
      D_7 capped mod 9223372036854775549 packed step 49/50 processed=20500000/22525613 next_states=24973312 step_elapsed=97.3517s elapsed=482.306s
      D_7 capped mod 9223372036854775549 packed step 49/50 processed=21000000/22525613 next_states=25514486 step_elapsed=99.6445s elapsed=484.599s
      D_7 capped mod 9223372036854775549 packed step 49/50 processed=21500000/22525613 next_states=26029178 step_elapsed=102.189s elapsed=487.143s
      D_7 capped mod 9223372036854775549 packed step 49/50 processed=22000000/22525613 next_states=26547294 step_elapsed=104.42s elapsed=489.374s
      D_7 capped mod 9223372036854775549 packed step 49/50 processed=22500000/22525613 next_states=27029085 step_elapsed=106.235s elapsed=491.189s
    D_7 capped mod 9223372036854775549 forward step 49/50 states=27051907 elapsed=491.368s
      D_7 capped mod scan m_49 processed=500000/27051907 elapsed=0.00178756s
      D_7 capped mod scan m_49 processed=1000000/27051907 elapsed=0.00373921s
      D_7 capped mod scan m_49 processed=1500000/27051907 elapsed=0.00613802s
      D_7 capped mod scan m_49 processed=2000000/27051907 elapsed=0.00809455s
      D_7 capped mod scan m_49 processed=2500000/27051907 elapsed=0.0105734s
      D_7 capped mod scan m_49 processed=3000000/27051907 elapsed=0.0123669s
      D_7 capped mod scan m_49 processed=3500000/27051907 elapsed=0.0142335s
      D_7 capped mod scan m_49 processed=4000000/27051907 elapsed=0.0162933s
      D_7 capped mod scan m_49 processed=4500000/27051907 elapsed=0.0184501s
      D_7 capped mod scan m_49 processed=5000000/27051907 elapsed=0.0205042s
      D_7 capped mod scan m_49 processed=5500000/27051907 elapsed=0.0223769s
      D_7 capped mod scan m_49 processed=6000000/27051907 elapsed=0.0243118s
      D_7 capped mod scan m_49 processed=6500000/27051907 elapsed=0.0264323s
      D_7 capped mod scan m_49 processed=7000000/27051907 elapsed=0.0285093s
      D_7 capped mod scan m_49 processed=7500000/27051907 elapsed=0.0306938s
      D_7 capped mod scan m_49 processed=8000000/27051907 elapsed=0.0325397s
      D_7 capped mod scan m_49 processed=8500000/27051907 elapsed=0.0344705s
      D_7 capped mod scan m_49 processed=9000000/27051907 elapsed=0.036421s
      D_7 capped mod scan m_49 processed=9500000/27051907 elapsed=0.0384237s
      D_7 capped mod scan m_49 processed=10000000/27051907 elapsed=0.0404049s
      D_7 capped mod scan m_49 processed=10500000/27051907 elapsed=0.0426671s
      D_7 capped mod scan m_49 processed=11000000/27051907 elapsed=0.0451299s
      D_7 capped mod scan m_49 processed=11500000/27051907 elapsed=0.0471925s
      D_7 capped mod scan m_49 processed=12000000/27051907 elapsed=0.0493878s
      D_7 capped mod scan m_49 processed=12500000/27051907 elapsed=0.051216s
      D_7 capped mod scan m_49 processed=13000000/27051907 elapsed=0.0533518s
      D_7 capped mod scan m_49 processed=13500000/27051907 elapsed=0.0556582s
      D_7 capped mod scan m_49 processed=14000000/27051907 elapsed=0.0576748s
      D_7 capped mod scan m_49 processed=14500000/27051907 elapsed=0.0598158s
      D_7 capped mod scan m_49 processed=15000000/27051907 elapsed=0.0618442s
      D_7 capped mod scan m_49 processed=15500000/27051907 elapsed=0.0641927s
      D_7 capped mod scan m_49 processed=16000000/27051907 elapsed=0.0663268s
      D_7 capped mod scan m_49 processed=16500000/27051907 elapsed=0.0687417s
      D_7 capped mod scan m_49 processed=17000000/27051907 elapsed=0.0709872s
      D_7 capped mod scan m_49 processed=17500000/27051907 elapsed=0.072871s
      D_7 capped mod scan m_49 processed=18000000/27051907 elapsed=0.0750887s
      D_7 capped mod scan m_49 processed=18500000/27051907 elapsed=0.0773315s
      D_7 capped mod scan m_49 processed=19000000/27051907 elapsed=0.0795641s
      D_7 capped mod scan m_49 processed=19500000/27051907 elapsed=0.0818352s
      D_7 capped mod scan m_49 processed=20000000/27051907 elapsed=0.0840276s
      D_7 capped mod scan m_49 processed=20500000/27051907 elapsed=0.0862613s
      D_7 capped mod scan m_49 processed=21000000/27051907 elapsed=0.0887135s
      D_7 capped mod scan m_49 processed=21500000/27051907 elapsed=0.0914027s
      D_7 capped mod scan m_49 processed=22000000/27051907 elapsed=0.0937377s
      D_7 capped mod scan m_49 processed=22500000/27051907 elapsed=0.0957643s
      D_7 capped mod scan m_49 processed=23000000/27051907 elapsed=0.0980452s
      D_7 capped mod scan m_49 processed=23500000/27051907 elapsed=0.100345s
      D_7 capped mod scan m_49 processed=24000000/27051907 elapsed=0.102743s
      D_7 capped mod scan m_49 processed=24500000/27051907 elapsed=0.105096s
      D_7 capped mod scan m_49 processed=25000000/27051907 elapsed=0.107698s
      D_7 capped mod scan m_49 processed=25500000/27051907 elapsed=0.110227s
      D_7 capped mod scan m_49 processed=26000000/27051907 elapsed=0.112848s
      D_7 capped mod scan m_49 processed=26500000/27051907 elapsed=0.115329s
      D_7 capped mod scan m_49 processed=27000000/27051907 elapsed=0.117991s
D_7 MOD 9223372036854775549 m_49 kept_even=7917929860089903495 det=3334373596204910434
      D_7 capped mod 9223372036854775549 packed step 50/50 processed=500000/27051907 next_states=720385 step_elapsed=1.35495s elapsed=493.195s
      D_7 capped mod 9223372036854775549 packed step 50/50 processed=1000000/27051907 next_states=1409924 step_elapsed=3.19498s elapsed=495.035s
      D_7 capped mod 9223372036854775549 packed step 50/50 processed=1500000/27051907 next_states=2088209 step_elapsed=5.09577s elapsed=496.935s
      D_7 capped mod 9223372036854775549 packed step 50/50 processed=2000000/27051907 next_states=2760547 step_elapsed=7.07605s elapsed=498.916s
      D_7 capped mod 9223372036854775549 packed step 50/50 processed=2500000/27051907 next_states=3401927 step_elapsed=9.18519s elapsed=501.025s
      D_7 capped mod 9223372036854775549 packed step 50/50 processed=3000000/27051907 next_states=4062863 step_elapsed=11.1764s elapsed=503.016s
      D_7 capped mod 9223372036854775549 packed step 50/50 processed=3500000/27051907 next_states=4717480 step_elapsed=13.3078s elapsed=505.147s
      D_7 capped mod 9223372036854775549 packed step 50/50 processed=4000000/27051907 next_states=5362458 step_elapsed=15.5631s elapsed=507.403s
      D_7 capped mod 9223372036854775549 packed step 50/50 processed=4500000/27051907 next_states=5988394 step_elapsed=17.88s elapsed=509.72s
      D_7 capped mod 9223372036854775549 packed step 50/50 processed=5000000/27051907 next_states=6651835 step_elapsed=19.8775s elapsed=511.717s
      D_7 capped mod 9223372036854775549 packed step 50/50 processed=5500000/27051907 next_states=7282179 step_elapsed=22.2468s elapsed=514.086s
      D_7 capped mod 9223372036854775549 packed step 50/50 processed=6000000/27051907 next_states=7919941 step_elapsed=24.4773s elapsed=516.317s
      D_7 capped mod 9223372036854775549 packed step 50/50 processed=6500000/27051907 next_states=8560135 step_elapsed=26.5814s elapsed=518.421s
      D_7 capped mod 9223372036854775549 packed step 50/50 processed=7000000/27051907 next_states=9180743 step_elapsed=28.9362s elapsed=520.776s
      D_7 capped mod 9223372036854775549 packed step 50/50 processed=7500000/27051907 next_states=9794632 step_elapsed=31.2913s elapsed=523.131s
      D_7 capped mod 9223372036854775549 packed step 50/50 processed=8000000/27051907 next_states=10451212 step_elapsed=33.3796s elapsed=525.219s
      D_7 capped mod 9223372036854775549 packed step 50/50 processed=8500000/27051907 next_states=11062911 step_elapsed=35.898s elapsed=527.738s
      D_7 capped mod 9223372036854775549 packed step 50/50 processed=9000000/27051907 next_states=11673575 step_elapsed=38.4827s elapsed=530.322s
      D_7 capped mod 9223372036854775549 packed step 50/50 processed=9500000/27051907 next_states=12276541 step_elapsed=41.0125s elapsed=532.852s
      D_7 capped mod 9223372036854775549 packed step 50/50 processed=10000000/27051907 next_states=12931004 step_elapsed=43.1276s elapsed=534.967s
      D_7 capped mod 9223372036854775549 packed step 50/50 processed=10500000/27051907 next_states=13538032 step_elapsed=45.5732s elapsed=537.413s
      D_7 capped mod 9223372036854775549 packed step 50/50 processed=11000000/27051907 next_states=14135932 step_elapsed=48.2668s elapsed=540.106s
      D_7 capped mod 9223372036854775549 packed step 50/50 processed=11500000/27051907 next_states=14737792 step_elapsed=50.9752s elapsed=542.815s
      D_7 capped mod 9223372036854775549 packed step 50/50 processed=12000000/27051907 next_states=15355049 step_elapsed=53.0801s elapsed=544.92s
      D_7 capped mod 9223372036854775549 packed step 50/50 processed=12500000/27051907 next_states=15985461 step_elapsed=55.653s elapsed=547.493s
      D_7 capped mod 9223372036854775549 packed step 50/50 processed=13000000/27051907 next_states=16574266 step_elapsed=58.1439s elapsed=549.983s
      D_7 capped mod 9223372036854775549 packed step 50/50 processed=13500000/27051907 next_states=17162870 step_elapsed=60.7415s elapsed=552.581s
      D_7 capped mod 9223372036854775549 packed step 50/50 processed=14000000/27051907 next_states=17752909 step_elapsed=63.6115s elapsed=555.451s
      D_7 capped mod 9223372036854775549 packed step 50/50 processed=14500000/27051907 next_states=18358927 step_elapsed=65.79s elapsed=557.63s
      D_7 capped mod 9223372036854775549 packed step 50/50 processed=15000000/27051907 next_states=18984695 step_elapsed=68.1315s elapsed=559.971s
      D_7 capped mod 9223372036854775549 packed step 50/50 processed=15500000/27051907 next_states=19563170 step_elapsed=70.5807s elapsed=562.42s
      D_7 capped mod 9223372036854775549 packed step 50/50 processed=16000000/27051907 next_states=20144485 step_elapsed=73.3985s elapsed=565.238s
      D_7 capped mod 9223372036854775549 packed step 50/50 processed=16500000/27051907 next_states=20712874 step_elapsed=76.2739s elapsed=568.113s
      D_7 capped mod 9223372036854775549 packed step 50/50 processed=17000000/27051907 next_states=21295764 step_elapsed=78.6488s elapsed=570.488s
      D_7 capped mod 9223372036854775549 packed step 50/50 processed=17500000/27051907 next_states=21924686 step_elapsed=81.1767s elapsed=573.016s
      D_7 capped mod 9223372036854775549 packed step 50/50 processed=18000000/27051907 next_states=22504234 step_elapsed=83.6883s elapsed=575.528s
      D_7 capped mod 9223372036854775549 packed step 50/50 processed=18500000/27051907 next_states=23066822 step_elapsed=86.2093s elapsed=578.049s
      D_7 capped mod 9223372036854775549 packed step 50/50 processed=19000000/27051907 next_states=23630010 step_elapsed=88.9959s elapsed=580.835s
      D_7 capped mod 9223372036854775549 packed step 50/50 processed=19500000/27051907 next_states=24182453 step_elapsed=91.5282s elapsed=583.368s
      D_7 capped mod 9223372036854775549 packed step 50/50 processed=20000000/27051907 next_states=24806166 step_elapsed=93.8853s elapsed=585.725s
      D_7 capped mod 9223372036854775549 packed step 50/50 processed=20500000/27051907 next_states=25376196 step_elapsed=96.5751s elapsed=588.415s
      D_7 capped mod 9223372036854775549 packed step 50/50 processed=21000000/27051907 next_states=25922151 step_elapsed=99.3218s elapsed=591.161s
      D_7 capped mod 9223372036854775549 packed step 50/50 processed=21500000/27051907 next_states=26467482 step_elapsed=102.256s elapsed=594.096s
      D_7 capped mod 9223372036854775549 packed step 50/50 processed=22000000/27051907 next_states=27030569 step_elapsed=104.612s elapsed=596.451s
      D_7 capped mod 9223372036854775549 packed step 50/50 processed=22500000/27051907 next_states=27623079 step_elapsed=107.265s elapsed=599.104s
      D_7 capped mod 9223372036854775549 packed step 50/50 processed=23000000/27051907 next_states=28159878 step_elapsed=109.84s elapsed=601.679s
      D_7 capped mod 9223372036854775549 packed step 50/50 processed=23500000/27051907 next_states=28686705 step_elapsed=112.577s elapsed=604.417s
      D_7 capped mod 9223372036854775549 packed step 50/50 processed=24000000/27051907 next_states=29237127 step_elapsed=114.841s elapsed=606.681s
      D_7 capped mod 9223372036854775549 packed step 50/50 processed=24500000/27051907 next_states=29800260 step_elapsed=117.486s elapsed=609.326s
      D_7 capped mod 9223372036854775549 packed step 50/50 processed=25000000/27051907 next_states=30308862 step_elapsed=119.94s elapsed=611.78s
      D_7 capped mod 9223372036854775549 packed step 50/50 processed=25500000/27051907 next_states=30847063 step_elapsed=122.159s elapsed=613.999s
      D_7 capped mod 9223372036854775549 packed step 50/50 processed=26000000/27051907 next_states=31359117 step_elapsed=124.445s elapsed=616.285s
      D_7 capped mod 9223372036854775549 packed step 50/50 processed=26500000/27051907 next_states=31869555 step_elapsed=126.487s elapsed=618.326s
      D_7 capped mod 9223372036854775549 packed step 50/50 processed=27000000/27051907 next_states=32354047 step_elapsed=128.247s elapsed=620.087s
    D_7 capped mod 9223372036854775549 forward step 50/50 states=32400788 elapsed=620.365s
      D_7 capped mod scan m_50 processed=500000/32400788 elapsed=0.0018332s
      D_7 capped mod scan m_50 processed=1000000/32400788 elapsed=0.00377242s
      D_7 capped mod scan m_50 processed=1500000/32400788 elapsed=0.00570583s
      D_7 capped mod scan m_50 processed=2000000/32400788 elapsed=0.00768914s
      D_7 capped mod scan m_50 processed=2500000/32400788 elapsed=0.00953652s
      D_7 capped mod scan m_50 processed=3000000/32400788 elapsed=0.0116889s
      D_7 capped mod scan m_50 processed=3500000/32400788 elapsed=0.0137641s
      D_7 capped mod scan m_50 processed=4000000/32400788 elapsed=0.0156161s
      D_7 capped mod scan m_50 processed=4500000/32400788 elapsed=0.0175149s
      D_7 capped mod scan m_50 processed=5000000/32400788 elapsed=0.0196236s
      D_7 capped mod scan m_50 processed=5500000/32400788 elapsed=0.0217288s
      D_7 capped mod scan m_50 processed=6000000/32400788 elapsed=0.0239854s
      D_7 capped mod scan m_50 processed=6500000/32400788 elapsed=0.0257801s
      D_7 capped mod scan m_50 processed=7000000/32400788 elapsed=0.0277132s
      D_7 capped mod scan m_50 processed=7500000/32400788 elapsed=0.0297405s
      D_7 capped mod scan m_50 processed=8000000/32400788 elapsed=0.0317987s
      D_7 capped mod scan m_50 processed=8500000/32400788 elapsed=0.0340388s
      D_7 capped mod scan m_50 processed=9000000/32400788 elapsed=0.0361979s
      D_7 capped mod scan m_50 processed=9500000/32400788 elapsed=0.0384574s
      D_7 capped mod scan m_50 processed=10000000/32400788 elapsed=0.0406694s
      D_7 capped mod scan m_50 processed=10500000/32400788 elapsed=0.0426169s
      D_7 capped mod scan m_50 processed=11000000/32400788 elapsed=0.0447s
      D_7 capped mod scan m_50 processed=11500000/32400788 elapsed=0.0467491s
      D_7 capped mod scan m_50 processed=12000000/32400788 elapsed=0.0488412s
      D_7 capped mod scan m_50 processed=12500000/32400788 elapsed=0.0509261s
      D_7 capped mod scan m_50 processed=13000000/32400788 elapsed=0.0530572s
      D_7 capped mod scan m_50 processed=13500000/32400788 elapsed=0.0553363s
      D_7 capped mod scan m_50 processed=14000000/32400788 elapsed=0.0574869s
      D_7 capped mod scan m_50 processed=14500000/32400788 elapsed=0.0597583s
      D_7 capped mod scan m_50 processed=15000000/32400788 elapsed=0.0620667s
      D_7 capped mod scan m_50 processed=15500000/32400788 elapsed=0.0640334s
      D_7 capped mod scan m_50 processed=16000000/32400788 elapsed=0.0660043s
      D_7 capped mod scan m_50 processed=16500000/32400788 elapsed=0.0680836s
      D_7 capped mod scan m_50 processed=17000000/32400788 elapsed=0.0701689s
      D_7 capped mod scan m_50 processed=17500000/32400788 elapsed=0.0723118s
      D_7 capped mod scan m_50 processed=18000000/32400788 elapsed=0.0743915s
      D_7 capped mod scan m_50 processed=18500000/32400788 elapsed=0.0764815s
      D_7 capped mod scan m_50 processed=19000000/32400788 elapsed=0.0786152s
      D_7 capped mod scan m_50 processed=19500000/32400788 elapsed=0.0809695s
      D_7 capped mod scan m_50 processed=20000000/32400788 elapsed=0.0832564s
      D_7 capped mod scan m_50 processed=20500000/32400788 elapsed=0.0854692s
      D_7 capped mod scan m_50 processed=21000000/32400788 elapsed=0.0878461s
      D_7 capped mod scan m_50 processed=21500000/32400788 elapsed=0.090104s
      D_7 capped mod scan m_50 processed=22000000/32400788 elapsed=0.0921155s
      D_7 capped mod scan m_50 processed=22500000/32400788 elapsed=0.0942561s
      D_7 capped mod scan m_50 processed=23000000/32400788 elapsed=0.0964845s
      D_7 capped mod scan m_50 processed=23500000/32400788 elapsed=0.0987159s
      D_7 capped mod scan m_50 processed=24000000/32400788 elapsed=0.100908s
      D_7 capped mod scan m_50 processed=24500000/32400788 elapsed=0.103198s
      D_7 capped mod scan m_50 processed=25000000/32400788 elapsed=0.105412s
      D_7 capped mod scan m_50 processed=25500000/32400788 elapsed=0.10777s
      D_7 capped mod scan m_50 processed=26000000/32400788 elapsed=0.110305s
      D_7 capped mod scan m_50 processed=26500000/32400788 elapsed=0.112856s
      D_7 capped mod scan m_50 processed=27000000/32400788 elapsed=0.115136s
      D_7 capped mod scan m_50 processed=27500000/32400788 elapsed=0.117175s
      D_7 capped mod scan m_50 processed=28000000/32400788 elapsed=0.119382s
      D_7 capped mod scan m_50 processed=28500000/32400788 elapsed=0.121726s
      D_7 capped mod scan m_50 processed=29000000/32400788 elapsed=0.124089s
      D_7 capped mod scan m_50 processed=29500000/32400788 elapsed=0.126336s
      D_7 capped mod scan m_50 processed=30000000/32400788 elapsed=0.128856s
      D_7 capped mod scan m_50 processed=30500000/32400788 elapsed=0.13143s
      D_7 capped mod scan m_50 processed=31000000/32400788 elapsed=0.133671s
      D_7 capped mod scan m_50 processed=31500000/32400788 elapsed=0.13619s
      D_7 capped mod scan m_50 processed=32000000/32400788 elapsed=0.138788s
D_7 MOD 9223372036854775549 m_50 kept_even=4355159434479093843 det=4427495385497949724
