D capped suffix modular moment range rank 11 moments m_11..m_46 row cap 22 modulus 9223372036854775507 C++ certificate
begin D_11=SO(22) mod 9223372036854775507
    D_11 capped mod 9223372036854775507 forward step 1/46 states=1 elapsed=9.297e-06s
    D_11 capped mod 9223372036854775507 forward step 2/46 states=3 elapsed=2.7661e-05s
    D_11 capped mod 9223372036854775507 forward step 3/46 states=7 elapsed=3.265e-05s
    D_11 capped mod 9223372036854775507 forward step 4/46 states=15 elapsed=3.6257e-05s
    D_11 capped mod 9223372036854775507 forward step 5/46 states=30 elapsed=4.1697e-05s
    D_11 capped mod 9223372036854775507 forward step 6/46 states=58 elapsed=5.4241e-05s
    D_11 capped mod 9223372036854775507 forward step 7/46 states=105 elapsed=8.9286e-05s
    D_11 capped mod 9223372036854775507 forward step 8/46 states=186 elapsed=0.000136203s
    D_11 capped mod 9223372036854775507 forward step 9/46 states=318 elapsed=0.000276946s
    D_11 capped mod 9223372036854775507 forward step 10/46 states=530 elapsed=0.000412919s
    D_11 capped mod 9223372036854775507 forward step 11/46 states=863 elapsed=0.000723548s
D_11 MOD 9223372036854775507 m_11 kept_even=5238370 det=1
    D_11 capped mod 9223372036854775507 forward step 12/46 states=1378 elapsed=0.00120291s
D_11 MOD 9223372036854775507 m_12 kept_even=60222844 det=55
    D_11 capped mod 9223372036854775507 forward step 13/46 states=2157 elapsed=0.00212247s
D_11 MOD 9223372036854775507 m_13 kept_even=752587764 det=2211
    D_11 capped mod 9223372036854775507 forward step 14/46 states=3326 elapsed=0.00371867s
D_11 MOD 9223372036854775507 m_14 kept_even=10157945044 det=77155
    D_11 capped mod 9223372036854775507 forward step 15/46 states=5051 elapsed=0.00601782s
D_11 MOD 9223372036854775507 m_15 kept_even=147267180508 det=2514526
    D_11 capped mod 9223372036854775507 forward step 16/46 states=7568 elapsed=0.00978935s
D_11 MOD 9223372036854775507 m_16 kept_even=2282355168060 det=79224783
    D_11 capped mod 9223372036854775507 forward step 17/46 states=11200 elapsed=0.0158651s
D_11 MOD 9223372036854775507 m_17 kept_even=37655004171808 det=2460863476
    D_11 capped mod 9223372036854775507 forward step 18/46 states=16392 elapsed=0.0259541s
D_11 MOD 9223372036854775507 m_18 kept_even=658906772228668 det=76262603959
    D_11 capped mod 9223372036854775507 forward step 19/46 states=23734 elapsed=0.0422471s
D_11 MOD 9223372036854775507 m_19 kept_even=12188911634495388 det=2376076119246
    D_11 capped mod 9223372036854775507 forward step 20/46 states=34039 elapsed=0.0659015s
D_11 MOD 9223372036854775507 m_20 kept_even=237669544014377896 det=74807472731005
    D_11 capped mod 9223372036854775507 forward step 21/46 states=48373 elapsed=0.105362s
D_11 MOD 9223372036854775507 m_21 kept_even=4871976826254018760 det=2388183116955391
    D_11 capped mod 9223372036854775507 forward step 22/46 states=68163 elapsed=0.175257s
D_11 MOD 9223372036854775507 m_22 kept_even=3285809926989767719 det=77492629399345125
    D_11 capped mod 9223372036854775507 forward step 23/46 states=95288 elapsed=0.273481s
D_11 MOD 9223372036854775507 m_23 kept_even=4665807424634252977 det=2559964720012564711
    D_11 capped mod 9223372036854775507 forward step 24/46 states=132219 elapsed=0.426499s
D_11 MOD 9223372036854775507 m_24 kept_even=1741474166641512003 det=3182971822739052727
    D_11 capped mod 9223372036854775507 forward step 25/46 states=182162 elapsed=0.65121s
D_11 MOD 9223372036854775507 m_25 kept_even=3207712887240502144 det=8599552320711964276
    D_11 capped mod 9223372036854775507 forward step 26/46 states=249310 elapsed=0.994907s
D_11 MOD 9223372036854775507 m_26 kept_even=6034684949011040018 det=764377256866033381
    D_11 capped mod 9223372036854775507 forward step 27/46 states=339051 elapsed=1.51849s
D_11 MOD 9223372036854775507 m_27 kept_even=6217260035675808894 det=59747349156197349
    D_11 capped mod 9223372036854775507 forward step 28/46 states=458333 elapsed=2.26586s
D_11 MOD 9223372036854775507 m_28 kept_even=3459128341134637936 det=8728421333668820986
    D_11 capped mod 9223372036854775507 forward step 29/46 states=616044 elapsed=3.33598s
      D_11 capped mod scan m_29 processed=500000/616044 elapsed=0.00159644s
D_11 MOD 9223372036854775507 m_29 kept_even=8900567040586632501 det=8851764638556914771
      D_11 capped mod 9223372036854775507 packed step 30/46 processed=500000/616044 next_states=690401 step_elapsed=1.32684s elapsed=4.66599s
    D_11 capped mod 9223372036854775507 forward step 30/46 states=823530 elapsed=5.01873s
      D_11 capped mod scan m_30 processed=500000/823530 elapsed=0.00143427s
D_11 MOD 9223372036854775507 m_30 kept_even=9213807655109680985 det=6224376413446268043
      D_11 capped mod 9223372036854775507 packed step 31/46 processed=500000/823530 next_states=704206 step_elapsed=1.24067s elapsed=6.26393s
    D_11 capped mod 9223372036854775507 forward step 31/46 states=1095166 elapsed=7.21807s
      D_11 capped mod scan m_31 processed=500000/1095166 elapsed=0.00140081s
      D_11 capped mod scan m_31 processed=1000000/1095166 elapsed=0.00296875s
D_11 MOD 9223372036854775507 m_31 kept_even=2167671222157685344 det=8512420487164215830
      D_11 capped mod 9223372036854775507 packed step 32/46 processed=500000/1095166 next_states=715039 step_elapsed=1.23153s elapsed=8.45498s
      D_11 capped mod 9223372036854775507 packed step 32/46 processed=1000000/1095166 next_states=1343995 step_elapsed=2.82724s elapsed=10.0507s
    D_11 capped mod 9223372036854775507 forward step 32/46 states=1449186 elapsed=10.3171s
      D_11 capped mod scan m_32 processed=500000/1449186 elapsed=0.00145681s
      D_11 capped mod scan m_32 processed=1000000/1449186 elapsed=0.00292334s
D_11 MOD 9223372036854775507 m_32 kept_even=8024229895017454433 det=8531365349726813218
      D_11 capped mod 9223372036854775507 packed step 33/46 processed=500000/1449186 next_states=718691 step_elapsed=1.27424s elapsed=11.6222s
      D_11 capped mod 9223372036854775507 packed step 33/46 processed=1000000/1449186 next_states=1376483 step_elapsed=2.8354s elapsed=13.1833s
    D_11 capped mod 9223372036854775507 forward step 33/46 states=1908518 elapsed=14.6221s
      D_11 capped mod scan m_33 processed=500000/1908518 elapsed=0.00171295s
      D_11 capped mod scan m_33 processed=1000000/1908518 elapsed=0.00332781s
      D_11 capped mod scan m_33 processed=1500000/1908518 elapsed=0.00500113s
D_11 MOD 9223372036854775507 m_33 kept_even=5653377329891818400 det=2921250507527312292
      D_11 capped mod 9223372036854775507 packed step 34/46 processed=500000/1908518 next_states=725195 step_elapsed=1.25245s elapsed=15.8853s
      D_11 capped mod 9223372036854775507 packed step 34/46 processed=1000000/1908518 next_states=1399214 step_elapsed=2.89207s elapsed=17.5249s
      D_11 capped mod 9223372036854775507 packed step 34/46 processed=1500000/1908518 next_states=2032717 step_elapsed=4.70564s elapsed=19.3385s
    D_11 capped mod 9223372036854775507 forward step 34/46 states=2501982 elapsed=20.7795s
      D_11 capped mod scan m_34 processed=500000/2501982 elapsed=0.00149134s
      D_11 capped mod scan m_34 processed=1000000/2501982 elapsed=0.00296906s
      D_11 capped mod scan m_34 processed=1500000/2501982 elapsed=0.00445247s
      D_11 capped mod scan m_34 processed=2000000/2501982 elapsed=0.00593702s
      D_11 capped mod scan m_34 processed=2500000/2501982 elapsed=0.00960987s
D_11 MOD 9223372036854775507 m_34 kept_even=1952712059604998522 det=571935347485366789
      D_11 capped mod 9223372036854775507 packed step 35/46 processed=500000/2501982 next_states=729105 step_elapsed=1.2493s elapsed=22.0678s
      D_11 capped mod 9223372036854775507 packed step 35/46 processed=1000000/2501982 next_states=1410157 step_elapsed=2.92978s elapsed=23.7482s
      D_11 capped mod 9223372036854775507 packed step 35/46 processed=1500000/2501982 next_states=2065995 step_elapsed=4.79525s elapsed=25.6137s
      D_11 capped mod 9223372036854775507 packed step 35/46 processed=2000000/2501982 next_states=2691056 step_elapsed=6.80737s elapsed=27.6258s
      D_11 capped mod 9223372036854775507 packed step 35/46 processed=2500000/2501982 next_states=3263916 step_elapsed=8.6954s elapsed=29.5139s
    D_11 capped mod 9223372036854775507 forward step 35/46 states=3265628 elapsed=29.53s
      D_11 capped mod scan m_35 processed=500000/3265628 elapsed=0.00156988s
      D_11 capped mod scan m_35 processed=1000000/3265628 elapsed=0.00350461s
      D_11 capped mod scan m_35 processed=1500000/3265628 elapsed=0.00621786s
      D_11 capped mod scan m_35 processed=2000000/3265628 elapsed=0.00789121s
      D_11 capped mod scan m_35 processed=2500000/3265628 elapsed=0.00951772s
      D_11 capped mod scan m_35 processed=3000000/3265628 elapsed=0.0112065s
D_11 MOD 9223372036854775507 m_35 kept_even=5905189562180625052 det=2894962363183491601
      D_11 capped mod 9223372036854775507 packed step 36/46 processed=500000/3265628 next_states=733710 step_elapsed=1.30566s elapsed=30.8934s
      D_11 capped mod 9223372036854775507 packed step 36/46 processed=1000000/3265628 next_states=1422183 step_elapsed=2.93449s elapsed=32.5222s
      D_11 capped mod 9223372036854775507 packed step 36/46 processed=1500000/3265628 next_states=2091215 step_elapsed=4.89377s elapsed=34.4815s
      D_11 capped mod 9223372036854775507 packed step 36/46 processed=2000000/3265628 next_states=2737832 step_elapsed=6.74022s elapsed=36.3279s
      D_11 capped mod 9223372036854775507 packed step 36/46 processed=2500000/3265628 next_states=3358759 step_elapsed=8.74737s elapsed=38.3351s
      D_11 capped mod 9223372036854775507 packed step 36/46 processed=3000000/3265628 next_states=3956027 step_elapsed=10.6453s elapsed=40.233s
    D_11 capped mod 9223372036854775507 forward step 36/46 states=4244430 elapsed=41.1106s
      D_11 capped mod scan m_36 processed=500000/4244430 elapsed=0.00147683s
      D_11 capped mod scan m_36 processed=1000000/4244430 elapsed=0.00297094s
      D_11 capped mod scan m_36 processed=1500000/4244430 elapsed=0.00434582s
      D_11 capped mod scan m_36 processed=2000000/4244430 elapsed=0.00588537s
      D_11 capped mod scan m_36 processed=2500000/4244430 elapsed=0.00714957s
      D_11 capped mod scan m_36 processed=3000000/4244430 elapsed=0.00879281s
      D_11 capped mod scan m_36 processed=3500000/4244430 elapsed=0.0102366s
      D_11 capped mod scan m_36 processed=4000000/4244430 elapsed=0.0120254s
D_11 MOD 9223372036854775507 m_36 kept_even=944509653983397629 det=5689604261667581867
      D_11 capped mod 9223372036854775507 packed step 37/46 processed=500000/4244430 next_states=736133 step_elapsed=1.21339s elapsed=42.3782s
      D_11 capped mod 9223372036854775507 packed step 37/46 processed=1000000/4244430 next_states=1431946 step_elapsed=2.75064s elapsed=43.9154s
      D_11 capped mod 9223372036854775507 packed step 37/46 processed=1500000/4244430 next_states=2104438 step_elapsed=4.46292s elapsed=45.6277s
      D_11 capped mod 9223372036854775507 packed step 37/46 processed=2000000/4244430 next_states=2759954 step_elapsed=6.22905s elapsed=47.3938s
      D_11 capped mod 9223372036854775507 packed step 37/46 processed=2500000/4244430 next_states=3406126 step_elapsed=8.10315s elapsed=49.268s
      D_11 capped mod 9223372036854775507 packed step 37/46 processed=3000000/4244430 next_states=4035330 step_elapsed=10.0363s elapsed=51.2011s
      D_11 capped mod 9223372036854775507 packed step 37/46 processed=3500000/4244430 next_states=4642878 step_elapsed=11.9941s elapsed=53.1589s
      D_11 capped mod 9223372036854775507 packed step 37/46 processed=4000000/4244430 next_states=5232980 step_elapsed=14.093s elapsed=55.2578s
    D_11 capped mod 9223372036854775507 forward step 37/46 states=5494247 elapsed=56.1274s
      D_11 capped mod scan m_37 processed=500000/5494247 elapsed=0.00147838s
      D_11 capped mod scan m_37 processed=1000000/5494247 elapsed=0.00300188s
      D_11 capped mod scan m_37 processed=1500000/5494247 elapsed=0.00450883s
      D_11 capped mod scan m_37 processed=2000000/5494247 elapsed=0.00585821s
      D_11 capped mod scan m_37 processed=2500000/5494247 elapsed=0.00732954s
      D_11 capped mod scan m_37 processed=3000000/5494247 elapsed=0.00871386s
      D_11 capped mod scan m_37 processed=3500000/5494247 elapsed=0.0100989s
      D_11 capped mod scan m_37 processed=4000000/5494247 elapsed=0.0117423s
      D_11 capped mod scan m_37 processed=4500000/5494247 elapsed=0.0132463s
      D_11 capped mod scan m_37 processed=5000000/5494247 elapsed=0.0149211s
D_11 MOD 9223372036854775507 m_37 kept_even=5621017919288826332 det=7521328685268272880
      D_11 capped mod 9223372036854775507 packed step 38/46 processed=500000/5494247 next_states=739005 step_elapsed=1.27765s elapsed=57.5028s
      D_11 capped mod 9223372036854775507 packed step 38/46 processed=1000000/5494247 next_states=1439428 step_elapsed=3.02301s elapsed=59.2481s
      D_11 capped mod 9223372036854775507 packed step 38/46 processed=1500000/5494247 next_states=2117571 step_elapsed=4.88489s elapsed=61.11s
      D_11 capped mod 9223372036854775507 packed step 38/46 processed=2000000/5494247 next_states=2788025 step_elapsed=6.73921s elapsed=62.9643s
      D_11 capped mod 9223372036854775507 packed step 38/46 processed=2500000/5494247 next_states=3446130 step_elapsed=8.65771s elapsed=64.8828s
      D_11 capped mod 9223372036854775507 packed step 38/46 processed=3000000/5494247 next_states=4096021 step_elapsed=10.6649s elapsed=66.89s
      D_11 capped mod 9223372036854775507 packed step 38/46 processed=3500000/5494247 next_states=4726932 step_elapsed=12.7975s elapsed=69.0226s
      D_11 capped mod 9223372036854775507 packed step 38/46 processed=4000000/5494247 next_states=5342458 step_elapsed=14.9986s elapsed=71.2238s
      D_11 capped mod 9223372036854775507 packed step 38/46 processed=4500000/5494247 next_states=5953193 step_elapsed=17.0584s elapsed=73.2836s
      D_11 capped mod 9223372036854775507 packed step 38/46 processed=5000000/5494247 next_states=6539824 step_elapsed=19.113s elapsed=75.3381s
    D_11 capped mod 9223372036854775507 forward step 38/46 states=7084376 elapsed=77.0367s
      D_11 capped mod scan m_38 processed=500000/7084376 elapsed=0.00321484s
      D_11 capped mod scan m_38 processed=1000000/7084376 elapsed=0.0046221s
      D_11 capped mod scan m_38 processed=1500000/7084376 elapsed=0.00592054s
      D_11 capped mod scan m_38 processed=2000000/7084376 elapsed=0.00730623s
      D_11 capped mod scan m_38 processed=2500000/7084376 elapsed=0.00871943s
      D_11 capped mod scan m_38 processed=3000000/7084376 elapsed=0.0100065s
      D_11 capped mod scan m_38 processed=3500000/7084376 elapsed=0.0114873s
      D_11 capped mod scan m_38 processed=4000000/7084376 elapsed=0.0129331s
      D_11 capped mod scan m_38 processed=4500000/7084376 elapsed=0.0142854s
      D_11 capped mod scan m_38 processed=5000000/7084376 elapsed=0.0158199s
      D_11 capped mod scan m_38 processed=5500000/7084376 elapsed=0.0175037s
      D_11 capped mod scan m_38 processed=6000000/7084376 elapsed=0.0189766s
      D_11 capped mod scan m_38 processed=6500000/7084376 elapsed=0.0206955s
      D_11 capped mod scan m_38 processed=7000000/7084376 elapsed=0.0225201s
D_11 MOD 9223372036854775507 m_38 kept_even=1707282581431469043 det=7589197920830157323
      D_11 capped mod 9223372036854775507 packed step 39/46 processed=500000/7084376 next_states=741207 step_elapsed=1.17872s elapsed=78.3205s
      D_11 capped mod 9223372036854775507 packed step 39/46 processed=1000000/7084376 next_states=1445076 step_elapsed=2.69013s elapsed=79.8319s
      D_11 capped mod 9223372036854775507 packed step 39/46 processed=1500000/7084376 next_states=2130184 step_elapsed=4.40684s elapsed=81.5486s
      D_11 capped mod 9223372036854775507 packed step 39/46 processed=2000000/7084376 next_states=2806556 step_elapsed=6.14705s elapsed=83.2888s
      D_11 capped mod 9223372036854775507 packed step 39/46 processed=2500000/7084376 next_states=3477183 step_elapsed=7.9714s elapsed=85.1132s
      D_11 capped mod 9223372036854775507 packed step 39/46 processed=3000000/7084376 next_states=4125563 step_elapsed=10.0437s elapsed=87.1855s
      D_11 capped mod 9223372036854775507 packed step 39/46 processed=3500000/7084376 next_states=4777822 step_elapsed=12.0665s elapsed=89.2083s
      D_11 capped mod 9223372036854775507 packed step 39/46 processed=4000000/7084376 next_states=5426242 step_elapsed=14.0993s elapsed=91.2411s
      D_11 capped mod 9223372036854775507 packed step 39/46 processed=4500000/7084376 next_states=6045608 step_elapsed=16.3312s elapsed=93.473s
      D_11 capped mod 9223372036854775507 packed step 39/46 processed=5000000/7084376 next_states=6675080 step_elapsed=18.3665s elapsed=95.5083s
      D_11 capped mod 9223372036854775507 packed step 39/46 processed=5500000/7084376 next_states=7280100 step_elapsed=20.5173s elapsed=97.6591s
      D_11 capped mod 9223372036854775507 packed step 39/46 processed=6000000/7084376 next_states=7876841 step_elapsed=23.2636s elapsed=100.405s
      D_11 capped mod 9223372036854775507 packed step 39/46 processed=6500000/7084376 next_states=8461399 step_elapsed=25.8865s elapsed=103.028s
      D_11 capped mod 9223372036854775507 packed step 39/46 processed=7000000/7084376 next_states=9016337 step_elapsed=28.2136s elapsed=105.355s
    D_11 capped mod 9223372036854775507 forward step 39/46 states=9100351 elapsed=105.693s
      D_11 capped mod scan m_39 processed=500000/9100351 elapsed=0.00150504s
      D_11 capped mod scan m_39 processed=1000000/9100351 elapsed=0.00312742s
      D_11 capped mod scan m_39 processed=1500000/9100351 elapsed=0.00464332s
      D_11 capped mod scan m_39 processed=2000000/9100351 elapsed=0.00608031s
      D_11 capped mod scan m_39 processed=2500000/9100351 elapsed=0.00764945s
      D_11 capped mod scan m_39 processed=3000000/9100351 elapsed=0.0092841s
      D_11 capped mod scan m_39 processed=3500000/9100351 elapsed=0.0110135s
      D_11 capped mod scan m_39 processed=4000000/9100351 elapsed=0.0125352s
      D_11 capped mod scan m_39 processed=4500000/9100351 elapsed=0.0140409s
      D_11 capped mod scan m_39 processed=5000000/9100351 elapsed=0.0155151s
      D_11 capped mod scan m_39 processed=5500000/9100351 elapsed=0.016978s
      D_11 capped mod scan m_39 processed=6000000/9100351 elapsed=0.0185085s
      D_11 capped mod scan m_39 processed=6500000/9100351 elapsed=0.020096s
      D_11 capped mod scan m_39 processed=7000000/9100351 elapsed=0.0219694s
      D_11 capped mod scan m_39 processed=7500000/9100351 elapsed=0.0235285s
      D_11 capped mod scan m_39 processed=8000000/9100351 elapsed=0.0251728s
      D_11 capped mod scan m_39 processed=8500000/9100351 elapsed=0.0270565s
      D_11 capped mod scan m_39 processed=9000000/9100351 elapsed=0.0289073s
D_11 MOD 9223372036854775507 m_39 kept_even=2786294235407474620 det=6954410993396734359
      D_11 capped mod 9223372036854775507 packed step 40/46 processed=500000/9100351 next_states=743539 step_elapsed=1.457s elapsed=107.274s
      D_11 capped mod 9223372036854775507 packed step 40/46 processed=1000000/9100351 next_states=1448894 step_elapsed=3.49286s elapsed=109.31s
      D_11 capped mod 9223372036854775507 packed step 40/46 processed=1500000/9100351 next_states=2138947 step_elapsed=5.72234s elapsed=111.54s
      D_11 capped mod 9223372036854775507 packed step 40/46 processed=2000000/9100351 next_states=2824545 step_elapsed=8.04755s elapsed=113.865s
      D_11 capped mod 9223372036854775507 packed step 40/46 processed=2500000/9100351 next_states=3499721 step_elapsed=10.4508s elapsed=116.268s
      D_11 capped mod 9223372036854775507 packed step 40/46 processed=3000000/9100351 next_states=4158182 step_elapsed=13.0095s elapsed=118.827s
      D_11 capped mod 9223372036854775507 packed step 40/46 processed=3500000/9100351 next_states=4824423 step_elapsed=15.3239s elapsed=121.141s
      D_11 capped mod 9223372036854775507 packed step 40/46 processed=4000000/9100351 next_states=5464241 step_elapsed=17.9911s elapsed=123.808s
      D_11 capped mod 9223372036854775507 packed step 40/46 processed=4500000/9100351 next_states=6121650 step_elapsed=20.3703s elapsed=126.187s
      D_11 capped mod 9223372036854775507 packed step 40/46 processed=5000000/9100351 next_states=6743957 step_elapsed=23.2777s elapsed=129.095s
      D_11 capped mod 9223372036854775507 packed step 40/46 processed=5500000/9100351 next_states=7393750 step_elapsed=25.7629s elapsed=131.58s
      D_11 capped mod 9223372036854775507 packed step 40/46 processed=6000000/9100351 next_states=8005911 step_elapsed=28.6889s elapsed=134.506s
      D_11 capped mod 9223372036854775507 packed step 40/46 processed=6500000/9100351 next_states=8636349 step_elapsed=31.3387s elapsed=137.156s
      D_11 capped mod 9223372036854775507 packed step 40/46 processed=7000000/9100351 next_states=9231267 step_elapsed=34.307s elapsed=140.124s
      D_11 capped mod 9223372036854775507 packed step 40/46 processed=7500000/9100351 next_states=9843669 step_elapsed=37.1363s elapsed=142.953s
      D_11 capped mod 9223372036854775507 packed step 40/46 processed=8000000/9100351 next_states=10417702 step_elapsed=40.1264s elapsed=145.944s
      D_11 capped mod 9223372036854775507 packed step 40/46 processed=8500000/9100351 next_states=10996622 step_elapsed=42.7857s elapsed=148.603s
      D_11 capped mod 9223372036854775507 packed step 40/46 processed=9000000/9100351 next_states=11548373 step_elapsed=45.2045s elapsed=151.022s
    D_11 capped mod 9223372036854775507 forward step 40/46 states=11647586 elapsed=151.472s
      D_11 capped mod scan m_40 processed=500000/11647586 elapsed=0.00166791s
      D_11 capped mod scan m_40 processed=1000000/11647586 elapsed=0.00354597s
      D_11 capped mod scan m_40 processed=1500000/11647586 elapsed=0.00519158s
      D_11 capped mod scan m_40 processed=2000000/11647586 elapsed=0.00668451s
      D_11 capped mod scan m_40 processed=2500000/11647586 elapsed=0.00819219s
      D_11 capped mod scan m_40 processed=3000000/11647586 elapsed=0.00938s
      D_11 capped mod scan m_40 processed=3500000/11647586 elapsed=0.0109152s
      D_11 capped mod scan m_40 processed=4000000/11647586 elapsed=0.0127891s
      D_11 capped mod scan m_40 processed=4500000/11647586 elapsed=0.0145674s
      D_11 capped mod scan m_40 processed=5000000/11647586 elapsed=0.0159325s
      D_11 capped mod scan m_40 processed=5500000/11647586 elapsed=0.0173005s
      D_11 capped mod scan m_40 processed=6000000/11647586 elapsed=0.0187097s
      D_11 capped mod scan m_40 processed=6500000/11647586 elapsed=0.0202188s
      D_11 capped mod scan m_40 processed=7000000/11647586 elapsed=0.0219917s
      D_11 capped mod scan m_40 processed=7500000/11647586 elapsed=0.0239179s
      D_11 capped mod scan m_40 processed=8000000/11647586 elapsed=0.0254106s
      D_11 capped mod scan m_40 processed=8500000/11647586 elapsed=0.0270711s
      D_11 capped mod scan m_40 processed=9000000/11647586 elapsed=0.0287156s
      D_11 capped mod scan m_40 processed=9500000/11647586 elapsed=0.0304583s
      D_11 capped mod scan m_40 processed=10000000/11647586 elapsed=0.0319451s
      D_11 capped mod scan m_40 processed=10500000/11647586 elapsed=0.0336691s
      D_11 capped mod scan m_40 processed=11000000/11647586 elapsed=0.035545s
      D_11 capped mod scan m_40 processed=11500000/11647586 elapsed=0.0375173s
D_11 MOD 9223372036854775507 m_40 kept_even=8198214641652568202 det=902914138114158238
      D_11 capped mod 9223372036854775507 packed step 41/46 processed=500000/11647586 next_states=744753 step_elapsed=1.75741s elapsed=153.456s
      D_11 capped mod 9223372036854775507 packed step 41/46 processed=1000000/11647586 next_states=1454194 step_elapsed=4.08285s elapsed=155.782s
      D_11 capped mod 9223372036854775507 packed step 41/46 processed=1500000/11647586 next_states=2148292 step_elapsed=6.59383s elapsed=158.292s
      D_11 capped mod 9223372036854775507 packed step 41/46 processed=2000000/11647586 next_states=2837266 step_elapsed=8.84464s elapsed=160.543s
      D_11 capped mod 9223372036854775507 packed step 41/46 processed=2500000/11647586 next_states=3508959 step_elapsed=11.2439s elapsed=162.943s
      D_11 capped mod 9223372036854775507 packed step 41/46 processed=3000000/11647586 next_states=4179549 step_elapsed=13.6349s elapsed=165.334s
      D_11 capped mod 9223372036854775507 packed step 41/46 processed=3500000/11647586 next_states=4855828 step_elapsed=15.9323s elapsed=167.631s
      D_11 capped mod 9223372036854775507 packed step 41/46 processed=4000000/11647586 next_states=5506061 step_elapsed=18.6728s elapsed=170.371s
      D_11 capped mod 9223372036854775507 packed step 41/46 processed=4500000/11647586 next_states=6167201 step_elapsed=21.2798s elapsed=172.978s
      D_11 capped mod 9223372036854775507 packed step 41/46 processed=5000000/11647586 next_states=6816125 step_elapsed=23.8711s elapsed=175.57s
      D_11 capped mod 9223372036854775507 packed step 41/46 processed=5500000/11647586 next_states=7450967 step_elapsed=26.6833s elapsed=178.382s
      D_11 capped mod 9223372036854775507 packed step 41/46 processed=6000000/11647586 next_states=8107806 step_elapsed=29.2252s elapsed=180.924s
      D_11 capped mod 9223372036854775507 packed step 41/46 processed=6500000/11647586 next_states=8729528 step_elapsed=32.2531s elapsed=183.952s
      D_11 capped mod 9223372036854775507 packed step 41/46 processed=7000000/11647586 next_states=9359377 step_elapsed=34.9331s elapsed=186.632s
      D_11 capped mod 9223372036854775507 packed step 41/46 processed=7500000/11647586 next_states=9993428 step_elapsed=37.5246s elapsed=189.223s
      D_11 capped mod 9223372036854775507 packed step 41/46 processed=8000000/11647586 next_states=10599450 step_elapsed=40.466s elapsed=192.165s
      D_11 capped mod 9223372036854775507 packed step 41/46 processed=8500000/11647586 next_states=11226149 step_elapsed=42.916s elapsed=194.615s
      D_11 capped mod 9223372036854775507 packed step 41/46 processed=9000000/11647586 next_states=11824502 step_elapsed=45.5924s elapsed=197.291s
      D_11 capped mod 9223372036854775507 packed step 41/46 processed=9500000/11647586 next_states=12417101 step_elapsed=48.2599s elapsed=199.959s
      D_11 capped mod 9223372036854775507 packed step 41/46 processed=10000000/11647586 next_states=13016142 step_elapsed=50.9629s elapsed=202.662s
      D_11 capped mod 9223372036854775507 packed step 41/46 processed=10500000/11647586 next_states=13593053 step_elapsed=53.5675s elapsed=205.266s
      D_11 capped mod 9223372036854775507 packed step 41/46 processed=11000000/11647586 next_states=14158348 step_elapsed=56.1772s elapsed=207.876s
      D_11 capped mod 9223372036854775507 packed step 41/46 processed=11500000/11647586 next_states=14707799 step_elapsed=58.3868s elapsed=210.085s
    D_11 capped mod 9223372036854775507 forward step 41/46 states=14855542 elapsed=210.645s
      D_11 capped mod scan m_41 processed=500000/14855542 elapsed=0.00148872s
      D_11 capped mod scan m_41 processed=1000000/14855542 elapsed=0.00298069s
      D_11 capped mod scan m_41 processed=1500000/14855542 elapsed=0.00429936s
      D_11 capped mod scan m_41 processed=2000000/14855542 elapsed=0.00564865s
      D_11 capped mod scan m_41 processed=2500000/14855542 elapsed=0.00676694s
      D_11 capped mod scan m_41 processed=3000000/14855542 elapsed=0.00822682s
      D_11 capped mod scan m_41 processed=3500000/14855542 elapsed=0.00975789s
      D_11 capped mod scan m_41 processed=4000000/14855542 elapsed=0.0109481s
      D_11 capped mod scan m_41 processed=4500000/14855542 elapsed=0.0121079s
      D_11 capped mod scan m_41 processed=5000000/14855542 elapsed=0.0135273s
      D_11 capped mod scan m_41 processed=5500000/14855542 elapsed=0.0149774s
      D_11 capped mod scan m_41 processed=6000000/14855542 elapsed=0.0165821s
      D_11 capped mod scan m_41 processed=6500000/14855542 elapsed=0.0177622s
      D_11 capped mod scan m_41 processed=7000000/14855542 elapsed=0.0190842s
      D_11 capped mod scan m_41 processed=7500000/14855542 elapsed=0.0209783s
      D_11 capped mod scan m_41 processed=8000000/14855542 elapsed=0.0224982s
      D_11 capped mod scan m_41 processed=8500000/14855542 elapsed=0.0241336s
      D_11 capped mod scan m_41 processed=9000000/14855542 elapsed=0.0256145s
      D_11 capped mod scan m_41 processed=9500000/14855542 elapsed=0.0270836s
      D_11 capped mod scan m_41 processed=10000000/14855542 elapsed=0.0284472s
      D_11 capped mod scan m_41 processed=10500000/14855542 elapsed=0.0299264s
      D_11 capped mod scan m_41 processed=11000000/14855542 elapsed=0.0314313s
      D_11 capped mod scan m_41 processed=11500000/14855542 elapsed=0.0329567s
      D_11 capped mod scan m_41 processed=12000000/14855542 elapsed=0.0347462s
      D_11 capped mod scan m_41 processed=12500000/14855542 elapsed=0.0364682s
      D_11 capped mod scan m_41 processed=13000000/14855542 elapsed=0.0379034s
      D_11 capped mod scan m_41 processed=13500000/14855542 elapsed=0.0394727s
      D_11 capped mod scan m_41 processed=14000000/14855542 elapsed=0.0412656s
      D_11 capped mod scan m_41 processed=14500000/14855542 elapsed=0.0431165s
D_11 MOD 9223372036854775507 m_41 kept_even=6231957140717467290 det=5046082959693276966
      D_11 capped mod 9223372036854775507 packed step 42/46 processed=500000/14855542 next_states=746032 step_elapsed=1.36602s elapsed=212.239s
      D_11 capped mod 9223372036854775507 packed step 42/46 processed=1000000/14855542 next_states=1458046 step_elapsed=3.14129s elapsed=214.014s
      D_11 capped mod 9223372036854775507 packed step 42/46 processed=1500000/14855542 next_states=2153710 step_elapsed=5.05618s elapsed=215.929s
      D_11 capped mod 9223372036854775507 packed step 42/46 processed=2000000/14855542 next_states=2846989 step_elapsed=7.0842s elapsed=217.957s
      D_11 capped mod 9223372036854775507 packed step 42/46 processed=2500000/14855542 next_states=3519069 step_elapsed=9.27037s elapsed=220.143s
      D_11 capped mod 9223372036854775507 packed step 42/46 processed=3000000/14855542 next_states=4202105 step_elapsed=11.3222s elapsed=222.195s
      D_11 capped mod 9223372036854775507 packed step 42/46 processed=3500000/14855542 next_states=4870014 step_elapsed=13.7237s elapsed=224.596s
      D_11 capped mod 9223372036854775507 packed step 42/46 processed=4000000/14855542 next_states=5541321 step_elapsed=16.0679s elapsed=226.941s
      D_11 capped mod 9223372036854775507 packed step 42/46 processed=4500000/14855542 next_states=6195560 step_elapsed=18.8099s elapsed=229.683s
      D_11 capped mod 9223372036854775507 packed step 42/46 processed=5000000/14855542 next_states=6869038 step_elapsed=21.1051s elapsed=231.978s
      D_11 capped mod 9223372036854775507 packed step 42/46 processed=5500000/14855542 next_states=7508753 step_elapsed=23.7168s elapsed=234.589s
      D_11 capped mod 9223372036854775507 packed step 42/46 processed=6000000/14855542 next_states=8151492 step_elapsed=26.4086s elapsed=237.281s
      D_11 capped mod 9223372036854775507 packed step 42/46 processed=6500000/14855542 next_states=8819907 step_elapsed=28.9813s elapsed=239.854s
      D_11 capped mod 9223372036854775507 packed step 42/46 processed=7000000/14855542 next_states=9449004 step_elapsed=31.7111s elapsed=242.584s
      D_11 capped mod 9223372036854775507 packed step 42/46 processed=7500000/14855542 next_states=10076200 step_elapsed=34.6362s elapsed=245.509s
      D_11 capped mod 9223372036854775507 packed step 42/46 processed=8000000/14855542 next_states=10736285 step_elapsed=37.4319s elapsed=248.305s
      D_11 capped mod 9223372036854775507 packed step 42/46 processed=8500000/14855542 next_states=11356421 step_elapsed=40.3163s elapsed=251.189s
      D_11 capped mod 9223372036854775507 packed step 42/46 processed=9000000/14855542 next_states=11970406 step_elapsed=43.5648s elapsed=254.438s
      D_11 capped mod 9223372036854775507 packed step 42/46 processed=9500000/14855542 next_states=12610339 step_elapsed=46.3232s elapsed=257.196s
      D_11 capped mod 9223372036854775507 packed step 42/46 processed=10000000/14855542 next_states=13228708 step_elapsed=49.2973s elapsed=260.17s
      D_11 capped mod 9223372036854775507 packed step 42/46 processed=10500000/14855542 next_states=13830181 step_elapsed=52.3562s elapsed=263.229s
      D_11 capped mod 9223372036854775507 packed step 42/46 processed=11000000/14855542 next_states=14438280 step_elapsed=54.932s elapsed=265.805s
      D_11 capped mod 9223372036854775507 packed step 42/46 processed=11500000/14855542 next_states=15057312 step_elapsed=57.6609s elapsed=268.534s
      D_11 capped mod 9223372036854775507 packed step 42/46 processed=12000000/14855542 next_states=15641678 step_elapsed=60.6341s elapsed=271.507s
      D_11 capped mod 9223372036854775507 packed step 42/46 processed=12500000/14855542 next_states=16235988 step_elapsed=63.4722s elapsed=274.345s
      D_11 capped mod 9223372036854775507 packed step 42/46 processed=13000000/14855542 next_states=16827459 step_elapsed=66.4044s elapsed=277.277s
      D_11 capped mod 9223372036854775507 packed step 42/46 processed=13500000/14855542 next_states=17386893 step_elapsed=69.4682s elapsed=280.341s
      D_11 capped mod 9223372036854775507 packed step 42/46 processed=14000000/14855542 next_states=17967754 step_elapsed=72.133s elapsed=283.006s
      D_11 capped mod 9223372036854775507 packed step 42/46 processed=14500000/14855542 next_states=18517787 step_elapsed=74.7741s elapsed=285.647s
    D_11 capped mod 9223372036854775507 forward step 42/46 states=18882842 elapsed=287.209s
      D_11 capped mod scan m_42 processed=500000/18882842 elapsed=0.00148427s
      D_11 capped mod scan m_42 processed=1000000/18882842 elapsed=0.0028534s
      D_11 capped mod scan m_42 processed=1500000/18882842 elapsed=0.0042953s
      D_11 capped mod scan m_42 processed=2000000/18882842 elapsed=0.00564432s
      D_11 capped mod scan m_42 processed=2500000/18882842 elapsed=0.00709141s
      D_11 capped mod scan m_42 processed=3000000/18882842 elapsed=0.00844167s
      D_11 capped mod scan m_42 processed=3500000/18882842 elapsed=0.00958458s
      D_11 capped mod scan m_42 processed=4000000/18882842 elapsed=0.0110603s
      D_11 capped mod scan m_42 processed=4500000/18882842 elapsed=0.0125992s
      D_11 capped mod scan m_42 processed=5000000/18882842 elapsed=0.0139821s
      D_11 capped mod scan m_42 processed=5500000/18882842 elapsed=0.0152454s
      D_11 capped mod scan m_42 processed=6000000/18882842 elapsed=0.016482s
      D_11 capped mod scan m_42 processed=6500000/18882842 elapsed=0.0178354s
      D_11 capped mod scan m_42 processed=7000000/18882842 elapsed=0.019328s
      D_11 capped mod scan m_42 processed=7500000/18882842 elapsed=0.0207561s
      D_11 capped mod scan m_42 processed=8000000/18882842 elapsed=0.0223444s
      D_11 capped mod scan m_42 processed=8500000/18882842 elapsed=0.024363s
      D_11 capped mod scan m_42 processed=9000000/18882842 elapsed=0.0268682s
      D_11 capped mod scan m_42 processed=9500000/18882842 elapsed=0.0281963s
      D_11 capped mod scan m_42 processed=10000000/18882842 elapsed=0.0295465s
      D_11 capped mod scan m_42 processed=10500000/18882842 elapsed=0.0309999s
      D_11 capped mod scan m_42 processed=11000000/18882842 elapsed=0.033059s
      D_11 capped mod scan m_42 processed=11500000/18882842 elapsed=0.0346948s
      D_11 capped mod scan m_42 processed=12000000/18882842 elapsed=0.0363087s
      D_11 capped mod scan m_42 processed=12500000/18882842 elapsed=0.0378681s
      D_11 capped mod scan m_42 processed=13000000/18882842 elapsed=0.0392858s
      D_11 capped mod scan m_42 processed=13500000/18882842 elapsed=0.0407349s
      D_11 capped mod scan m_42 processed=14000000/18882842 elapsed=0.0422302s
      D_11 capped mod scan m_42 processed=14500000/18882842 elapsed=0.0438143s
      D_11 capped mod scan m_42 processed=15000000/18882842 elapsed=0.0454302s
      D_11 capped mod scan m_42 processed=15500000/18882842 elapsed=0.0472066s
      D_11 capped mod scan m_42 processed=16000000/18882842 elapsed=0.048979s
      D_11 capped mod scan m_42 processed=16500000/18882842 elapsed=0.0504298s
      D_11 capped mod scan m_42 processed=17000000/18882842 elapsed=0.0520439s
      D_11 capped mod scan m_42 processed=17500000/18882842 elapsed=0.0537603s
      D_11 capped mod scan m_42 processed=18000000/18882842 elapsed=0.0556701s
      D_11 capped mod scan m_42 processed=18500000/18882842 elapsed=0.0576064s
D_11 MOD 9223372036854775507 m_42 kept_even=2962031526699550457 det=8478148777947408
      D_11 capped mod 9223372036854775507 packed step 43/46 processed=500000/18882842 next_states=746032 step_elapsed=1.48956s elapsed=288.939s
      D_11 capped mod 9223372036854775507 packed step 43/46 processed=1000000/18882842 next_states=1461410 step_elapsed=3.34147s elapsed=290.791s
      D_11 capped mod 9223372036854775507 packed step 43/46 processed=1500000/18882842 next_states=2160024 step_elapsed=5.35456s elapsed=292.804s
      D_11 capped mod 9223372036854775507 packed step 43/46 processed=2000000/18882842 next_states=2853788 step_elapsed=7.46886s elapsed=294.919s
      D_11 capped mod 9223372036854775507 packed step 43/46 processed=2500000/18882842 next_states=3531129 step_elapsed=9.83007s elapsed=297.28s
      D_11 capped mod 9223372036854775507 packed step 43/46 processed=3000000/18882842 next_states=4218189 step_elapsed=12.0033s elapsed=299.453s
      D_11 capped mod 9223372036854775507 packed step 43/46 processed=3500000/18882842 next_states=4885942 step_elapsed=14.536s elapsed=301.986s
      D_11 capped mod 9223372036854775507 packed step 43/46 processed=4000000/18882842 next_states=5569801 step_elapsed=16.8779s elapsed=304.328s
      D_11 capped mod 9223372036854775507 packed step 43/46 processed=4500000/18882842 next_states=6227732 step_elapsed=19.5873s elapsed=307.037s
      D_11 capped mod 9223372036854775507 packed step 43/46 processed=5000000/18882842 next_states=6902619 step_elapsed=22.0112s elapsed=309.461s
      D_11 capped mod 9223372036854775507 packed step 43/46 processed=5500000/18882842 next_states=7558762 step_elapsed=24.732s elapsed=312.182s
      D_11 capped mod 9223372036854775507 packed step 43/46 processed=6000000/18882842 next_states=8209660 step_elapsed=27.6593s elapsed=315.109s
      D_11 capped mod 9223372036854775507 packed step 43/46 processed=6500000/18882842 next_states=8871674 step_elapsed=30.1638s elapsed=317.614s
      D_11 capped mod 9223372036854775507 packed step 43/46 processed=7000000/18882842 next_states=9527141 step_elapsed=32.795s elapsed=320.245s
      D_11 capped mod 9223372036854775507 packed step 43/46 processed=7500000/18882842 next_states=10159947 step_elapsed=35.7109s elapsed=323.161s
      D_11 capped mod 9223372036854775507 packed step 43/46 processed=8000000/18882842 next_states=10800624 step_elapsed=38.6938s elapsed=326.143s
      D_11 capped mod 9223372036854775507 packed step 43/46 processed=8500000/18882842 next_states=11465702 step_elapsed=41.1007s elapsed=328.55s
      D_11 capped mod 9223372036854775507 packed step 43/46 processed=9000000/18882842 next_states=12097531 step_elapsed=43.903s elapsed=331.353s
      D_11 capped mod 9223372036854775507 packed step 43/46 processed=9500000/18882842 next_states=12722622 step_elapsed=46.9683s elapsed=334.418s
      D_11 capped mod 9223372036854775507 packed step 43/46 processed=10000000/18882842 next_states=13348893 step_elapsed=50.0549s elapsed=337.505s
      D_11 capped mod 9223372036854775507 packed step 43/46 processed=10500000/18882842 next_states=14002119 step_elapsed=52.6754s elapsed=340.125s
      D_11 capped mod 9223372036854775507 packed step 43/46 processed=11000000/18882842 next_states=14626301 step_elapsed=55.3538s elapsed=342.803s
      D_11 capped mod 9223372036854775507 packed step 43/46 processed=11500000/18882842 next_states=15240665 step_elapsed=58.0814s elapsed=345.531s
      D_11 capped mod 9223372036854775507 packed step 43/46 processed=12000000/18882842 next_states=15843747 step_elapsed=61.0681s elapsed=348.518s
      D_11 capped mod 9223372036854775507 packed step 43/46 processed=12500000/18882842 next_states=16482551 step_elapsed=63.4037s elapsed=350.853s
      D_11 capped mod 9223372036854775507 packed step 43/46 processed=13000000/18882842 next_states=17107123 step_elapsed=66.021s elapsed=353.471s
      D_11 capped mod 9223372036854775507 packed step 43/46 processed=13500000/18882842 next_states=17705069 step_elapsed=68.7322s elapsed=356.182s
      D_11 capped mod 9223372036854775507 packed step 43/46 processed=14000000/18882842 next_states=18301093 step_elapsed=72.0808s elapsed=359.53s
      D_11 capped mod 9223372036854775507 packed step 43/46 processed=14500000/18882842 next_states=18916064 step_elapsed=74.4315s elapsed=361.881s
      D_11 capped mod 9223372036854775507 packed step 43/46 processed=15000000/18882842 next_states=19525225 step_elapsed=77.2808s elapsed=364.73s
      D_11 capped mod 9223372036854775507 packed step 43/46 processed=15500000/18882842 next_states=20104474 step_elapsed=80.0756s elapsed=367.525s
      D_11 capped mod 9223372036854775507 packed step 43/46 processed=16000000/18882842 next_states=20681270 step_elapsed=83.0621s elapsed=370.512s
      D_11 capped mod 9223372036854775507 packed step 43/46 processed=16500000/18882842 next_states=21288627 step_elapsed=85.5627s elapsed=373.012s
      D_11 capped mod 9223372036854775507 packed step 43/46 processed=17000000/18882842 next_states=21855202 step_elapsed=88.2444s elapsed=375.694s
      D_11 capped mod 9223372036854775507 packed step 43/46 processed=17500000/18882842 next_states=22425094 step_elapsed=90.8138s elapsed=378.263s
      D_11 capped mod 9223372036854775507 packed step 43/46 processed=18000000/18882842 next_states=22985284 step_elapsed=93.3359s elapsed=380.786s
      D_11 capped mod 9223372036854775507 packed step 43/46 processed=18500000/18882842 next_states=23532854 step_elapsed=95.8027s elapsed=383.252s
    D_11 capped mod 9223372036854775507 forward step 43/46 states=23923206 elapsed=384.847s
      D_11 capped mod scan m_43 processed=500000/23923206 elapsed=0.00132431s
      D_11 capped mod scan m_43 processed=1000000/23923206 elapsed=0.002688s
      D_11 capped mod scan m_43 processed=1500000/23923206 elapsed=0.0040586s
      D_11 capped mod scan m_43 processed=2000000/23923206 elapsed=0.00540167s
      D_11 capped mod scan m_43 processed=2500000/23923206 elapsed=0.00663535s
      D_11 capped mod scan m_43 processed=3000000/23923206 elapsed=0.00807001s
      D_11 capped mod scan m_43 processed=3500000/23923206 elapsed=0.0094401s
      D_11 capped mod scan m_43 processed=4000000/23923206 elapsed=0.0107061s
      D_11 capped mod scan m_43 processed=4500000/23923206 elapsed=0.0118731s
      D_11 capped mod scan m_43 processed=5000000/23923206 elapsed=0.0132567s
      D_11 capped mod scan m_43 processed=5500000/23923206 elapsed=0.0147039s
      D_11 capped mod scan m_43 processed=6000000/23923206 elapsed=0.0161654s
      D_11 capped mod scan m_43 processed=6500000/23923206 elapsed=0.0176797s
      D_11 capped mod scan m_43 processed=7000000/23923206 elapsed=0.0189352s
      D_11 capped mod scan m_43 processed=7500000/23923206 elapsed=0.0203479s
      D_11 capped mod scan m_43 processed=8000000/23923206 elapsed=0.0215288s
      D_11 capped mod scan m_43 processed=8500000/23923206 elapsed=0.0227902s
      D_11 capped mod scan m_43 processed=9000000/23923206 elapsed=0.0242144s
      D_11 capped mod scan m_43 processed=9500000/23923206 elapsed=0.0256854s
      D_11 capped mod scan m_43 processed=10000000/23923206 elapsed=0.0273902s
      D_11 capped mod scan m_43 processed=10500000/23923206 elapsed=0.0288437s
      D_11 capped mod scan m_43 processed=11000000/23923206 elapsed=0.030426s
      D_11 capped mod scan m_43 processed=11500000/23923206 elapsed=0.0315439s
      D_11 capped mod scan m_43 processed=12000000/23923206 elapsed=0.0375178s
      D_11 capped mod scan m_43 processed=12500000/23923206 elapsed=0.0420874s
      D_11 capped mod scan m_43 processed=13000000/23923206 elapsed=0.0438698s
      D_11 capped mod scan m_43 processed=13500000/23923206 elapsed=0.0455664s
      D_11 capped mod scan m_43 processed=14000000/23923206 elapsed=0.047301s
      D_11 capped mod scan m_43 processed=14500000/23923206 elapsed=0.0491518s
      D_11 capped mod scan m_43 processed=15000000/23923206 elapsed=0.0507661s
      D_11 capped mod scan m_43 processed=15500000/23923206 elapsed=0.0526888s
      D_11 capped mod scan m_43 processed=16000000/23923206 elapsed=0.05471s
      D_11 capped mod scan m_43 processed=16500000/23923206 elapsed=0.0561297s
      D_11 capped mod scan m_43 processed=17000000/23923206 elapsed=0.0574601s
      D_11 capped mod scan m_43 processed=17500000/23923206 elapsed=0.0588795s
      D_11 capped mod scan m_43 processed=18000000/23923206 elapsed=0.060352s
      D_11 capped mod scan m_43 processed=18500000/23923206 elapsed=0.0619111s
      D_11 capped mod scan m_43 processed=19000000/23923206 elapsed=0.0634897s
      D_11 capped mod scan m_43 processed=19500000/23923206 elapsed=0.0650913s
      D_11 capped mod scan m_43 processed=20000000/23923206 elapsed=0.0668261s
      D_11 capped mod scan m_43 processed=20500000/23923206 elapsed=0.0687012s
      D_11 capped mod scan m_43 processed=21000000/23923206 elapsed=0.0703567s
      D_11 capped mod scan m_43 processed=21500000/23923206 elapsed=0.0718296s
      D_11 capped mod scan m_43 processed=22000000/23923206 elapsed=0.0734262s
      D_11 capped mod scan m_43 processed=22500000/23923206 elapsed=0.075277s
      D_11 capped mod scan m_43 processed=23000000/23923206 elapsed=0.077136s
      D_11 capped mod scan m_43 processed=23500000/23923206 elapsed=0.0789802s
D_11 MOD 9223372036854775507 m_43 kept_even=6897149626642140436 det=320463044263474126
      D_11 capped mod 9223372036854775507 packed step 44/46 processed=500000/23923206 next_states=746032 step_elapsed=1.38103s elapsed=386.636s
      D_11 capped mod 9223372036854775507 packed step 44/46 processed=1000000/23923206 next_states=1465648 step_elapsed=3.14712s elapsed=388.402s
      D_11 capped mod 9223372036854775507 packed step 44/46 processed=1500000/23923206 next_states=2163474 step_elapsed=4.9848s elapsed=390.239s
      D_11 capped mod 9223372036854775507 packed step 44/46 processed=2000000/23923206 next_states=2860782 step_elapsed=7.09186s elapsed=392.346s
      D_11 capped mod 9223372036854775507 packed step 44/46 processed=2500000/23923206 next_states=3538948 step_elapsed=9.49321s elapsed=394.748s
      D_11 capped mod 9223372036854775507 packed step 44/46 processed=3000000/23923206 next_states=4228550 step_elapsed=11.5061s elapsed=396.761s
      D_11 capped mod 9223372036854775507 packed step 44/46 processed=3500000/23923206 next_states=4899266 step_elapsed=14.1641s elapsed=399.419s
      D_11 capped mod 9223372036854775507 packed step 44/46 processed=4000000/23923206 next_states=5591884 step_elapsed=16.3533s elapsed=401.608s
      D_11 capped mod 9223372036854775507 packed step 44/46 processed=4500000/23923206 next_states=6254667 step_elapsed=19.1202s elapsed=404.375s
      D_11 capped mod 9223372036854775507 packed step 44/46 processed=5000000/23923206 next_states=6917410 step_elapsed=21.8522s elapsed=407.107s
      D_11 capped mod 9223372036854775507 packed step 44/46 processed=5500000/23923206 next_states=7595725 step_elapsed=24.5229s elapsed=409.778s
      D_11 capped mod 9223372036854775507 packed step 44/46 processed=6000000/23923206 next_states=8248100 step_elapsed=27.5758s elapsed=412.83s
      D_11 capped mod 9223372036854775507 packed step 44/46 processed=6500000/23923206 next_states=8904400 step_elapsed=30.7813s elapsed=416.036s
      D_11 capped mod 9223372036854775507 packed step 44/46 processed=7000000/23923206 next_states=9584580 step_elapsed=33.5135s elapsed=418.768s
      D_11 capped mod 9223372036854775507 packed step 44/46 processed=7500000/23923206 next_states=10232317 step_elapsed=36.6503s elapsed=421.905s
      D_11 capped mod 9223372036854775507 packed step 44/46 processed=8000000/23923206 next_states=10877590 step_elapsed=40.1706s elapsed=425.425s
      D_11 capped mod 9223372036854775507 packed step 44/46 processed=8500000/23923206 next_states=11516564 step_elapsed=43.5071s elapsed=428.762s
      D_11 capped mod 9223372036854775507 packed step 44/46 processed=9000000/23923206 next_states=12188706 step_elapsed=46.3166s elapsed=431.571s
      D_11 capped mod 9223372036854775507 packed step 44/46 processed=9500000/23923206 next_states=12831674 step_elapsed=49.4714s elapsed=434.726s
      D_11 capped mod 9223372036854775507 packed step 44/46 processed=10000000/23923206 next_states=13464157 step_elapsed=52.7343s elapsed=437.989s
      D_11 capped mod 9223372036854775507 packed step 44/46 processed=10500000/23923206 next_states=14098651 step_elapsed=56.2557s elapsed=441.51s
      D_11 capped mod 9223372036854775507 packed step 44/46 processed=11000000/23923206 next_states=14729050 step_elapsed=59.1007s elapsed=444.355s
      D_11 capped mod 9223372036854775507 packed step 44/46 processed=11500000/23923206 next_states=15396890 step_elapsed=62.1698s elapsed=447.424s
      D_11 capped mod 9223372036854775507 packed step 44/46 processed=12000000/23923206 next_states=16024441 step_elapsed=65.494s elapsed=450.749s
      D_11 capped mod 9223372036854775507 packed step 44/46 processed=12500000/23923206 next_states=16642357 step_elapsed=68.9753s elapsed=454.23s
      D_11 capped mod 9223372036854775507 packed step 44/46 processed=13000000/23923206 next_states=17265068 step_elapsed=72.7694s elapsed=458.024s
      D_11 capped mod 9223372036854775507 packed step 44/46 processed=13500000/23923206 next_states=17875596 step_elapsed=76.2624s elapsed=461.517s
      D_11 capped mod 9223372036854775507 packed step 44/46 processed=14000000/23923206 next_states=18540712 step_elapsed=79.3133s elapsed=464.568s
      D_11 capped mod 9223372036854775507 packed step 44/46 processed=14500000/23923206 next_states=19165036 step_elapsed=82.9148s elapsed=468.169s
      D_11 capped mod 9223372036854775507 packed step 44/46 processed=15000000/23923206 next_states=19768833 step_elapsed=86.3195s elapsed=471.574s
      D_11 capped mod 9223372036854775507 packed step 44/46 processed=15500000/23923206 next_states=20378484 step_elapsed=90.1641s elapsed=475.419s
      D_11 capped mod 9223372036854775507 packed step 44/46 processed=16000000/23923206 next_states=20981723 step_elapsed=93.8107s elapsed=479.065s
      D_11 capped mod 9223372036854775507 packed step 44/46 processed=16500000/23923206 next_states=21617133 step_elapsed=96.6686s elapsed=481.923s
      D_11 capped mod 9223372036854775507 packed step 44/46 processed=17000000/23923206 next_states=22239072 step_elapsed=100.107s elapsed=485.362s
      D_11 capped mod 9223372036854775507 packed step 44/46 processed=17500000/23923206 next_states=22832278 step_elapsed=103.484s elapsed=488.738s
      D_11 capped mod 9223372036854775507 packed step 44/46 processed=18000000/23923206 next_states=23423131 step_elapsed=107.241s elapsed=492.496s
      D_11 capped mod 9223372036854775507 packed step 44/46 processed=18500000/23923206 next_states=24013210 step_elapsed=110.975s elapsed=496.23s
      D_11 capped mod 9223372036854775507 packed step 44/46 processed=19000000/23923206 next_states=24634726 step_elapsed=113.863s elapsed=499.117s
      D_11 capped mod 9223372036854775507 packed step 44/46 processed=19500000/23923206 next_states=25233782 step_elapsed=117.253s elapsed=502.508s
      D_11 capped mod 9223372036854775507 packed step 44/46 processed=20000000/23923206 next_states=25810710 step_elapsed=120.533s elapsed=505.788s
      D_11 capped mod 9223372036854775507 packed step 44/46 processed=20500000/23923206 next_states=26384461 step_elapsed=124.364s elapsed=509.619s
      D_11 capped mod 9223372036854775507 packed step 44/46 processed=21000000/23923206 next_states=26976969 step_elapsed=127.34s elapsed=512.595s
      D_11 capped mod 9223372036854775507 packed step 44/46 processed=21500000/23923206 next_states=27563150 step_elapsed=130.714s elapsed=515.969s
      D_11 capped mod 9223372036854775507 packed step 44/46 processed=22000000/23923206 next_states=28118327 step_elapsed=133.923s elapsed=519.178s
      D_11 capped mod 9223372036854775507 packed step 44/46 processed=22500000/23923206 next_states=28687058 step_elapsed=136.843s elapsed=522.097s
      D_11 capped mod 9223372036854775507 packed step 44/46 processed=23000000/23923206 next_states=29239995 step_elapsed=139.897s elapsed=525.151s
      D_11 capped mod 9223372036854775507 packed step 44/46 processed=23500000/23923206 next_states=29784771 step_elapsed=142.617s elapsed=527.871s
    D_11 capped mod 9223372036854775507 forward step 44/46 states=30212815 elapsed=529.919s
      D_11 capped mod scan m_44 processed=500000/30212815 elapsed=0.00134882s
      D_11 capped mod scan m_44 processed=1000000/30212815 elapsed=0.00265541s
      D_11 capped mod scan m_44 processed=1500000/30212815 elapsed=0.00403003s
      D_11 capped mod scan m_44 processed=2000000/30212815 elapsed=0.00527049s
      D_11 capped mod scan m_44 processed=2500000/30212815 elapsed=0.00669613s
      D_11 capped mod scan m_44 processed=3000000/30212815 elapsed=0.00793071s
      D_11 capped mod scan m_44 processed=3500000/30212815 elapsed=0.00903437s
      D_11 capped mod scan m_44 processed=4000000/30212815 elapsed=0.0104089s
      D_11 capped mod scan m_44 processed=4500000/30212815 elapsed=0.0118002s
      D_11 capped mod scan m_44 processed=5000000/30212815 elapsed=0.0133062s
      D_11 capped mod scan m_44 processed=5500000/30212815 elapsed=0.0149839s
      D_11 capped mod scan m_44 processed=6000000/30212815 elapsed=0.0162681s
      D_11 capped mod scan m_44 processed=6500000/30212815 elapsed=0.0174821s
      D_11 capped mod scan m_44 processed=7000000/30212815 elapsed=0.018837s
      D_11 capped mod scan m_44 processed=7500000/30212815 elapsed=0.0202967s
      D_11 capped mod scan m_44 processed=8000000/30212815 elapsed=0.0224878s
      D_11 capped mod scan m_44 processed=8500000/30212815 elapsed=0.0246726s
      D_11 capped mod scan m_44 processed=9000000/30212815 elapsed=0.0261849s
      D_11 capped mod scan m_44 processed=9500000/30212815 elapsed=0.0272828s
      D_11 capped mod scan m_44 processed=10000000/30212815 elapsed=0.0293421s
      D_11 capped mod scan m_44 processed=10500000/30212815 elapsed=0.0316866s
      D_11 capped mod scan m_44 processed=11000000/30212815 elapsed=0.0329649s
      D_11 capped mod scan m_44 processed=11500000/30212815 elapsed=0.0342565s
      D_11 capped mod scan m_44 processed=12000000/30212815 elapsed=0.0356859s
      D_11 capped mod scan m_44 processed=12500000/30212815 elapsed=0.037232s
      D_11 capped mod scan m_44 processed=13000000/30212815 elapsed=0.0389232s
      D_11 capped mod scan m_44 processed=13500000/30212815 elapsed=0.0411807s
      D_11 capped mod scan m_44 processed=14000000/30212815 elapsed=0.0427527s
      D_11 capped mod scan m_44 processed=14500000/30212815 elapsed=0.0446724s
      D_11 capped mod scan m_44 processed=15000000/30212815 elapsed=0.0460526s
      D_11 capped mod scan m_44 processed=15500000/30212815 elapsed=0.0473298s
      D_11 capped mod scan m_44 processed=16000000/30212815 elapsed=0.0486759s
      D_11 capped mod scan m_44 processed=16500000/30212815 elapsed=0.0500304s
      D_11 capped mod scan m_44 processed=17000000/30212815 elapsed=0.0513703s
      D_11 capped mod scan m_44 processed=17500000/30212815 elapsed=0.0527665s
      D_11 capped mod scan m_44 processed=18000000/30212815 elapsed=0.0542002s
      D_11 capped mod scan m_44 processed=18500000/30212815 elapsed=0.0556253s
      D_11 capped mod scan m_44 processed=19000000/30212815 elapsed=0.0572307s
      D_11 capped mod scan m_44 processed=19500000/30212815 elapsed=0.0588793s
      D_11 capped mod scan m_44 processed=20000000/30212815 elapsed=0.0604821s
      D_11 capped mod scan m_44 processed=20500000/30212815 elapsed=0.062128s
      D_11 capped mod scan m_44 processed=21000000/30212815 elapsed=0.0636796s
      D_11 capped mod scan m_44 processed=21500000/30212815 elapsed=0.0651228s
      D_11 capped mod scan m_44 processed=22000000/30212815 elapsed=0.0664063s
      D_11 capped mod scan m_44 processed=22500000/30212815 elapsed=0.0678368s
      D_11 capped mod scan m_44 processed=23000000/30212815 elapsed=0.0693305s
      D_11 capped mod scan m_44 processed=23500000/30212815 elapsed=0.0708252s
      D_11 capped mod scan m_44 processed=24000000/30212815 elapsed=0.0723631s
      D_11 capped mod scan m_44 processed=24500000/30212815 elapsed=0.0740343s
      D_11 capped mod scan m_44 processed=25000000/30212815 elapsed=0.0756546s
      D_11 capped mod scan m_44 processed=25500000/30212815 elapsed=0.0775188s
      D_11 capped mod scan m_44 processed=26000000/30212815 elapsed=0.0794239s
      D_11 capped mod scan m_44 processed=26500000/30212815 elapsed=0.081278s
      D_11 capped mod scan m_44 processed=27000000/30212815 elapsed=0.0829755s
      D_11 capped mod scan m_44 processed=27500000/30212815 elapsed=0.0852174s
      D_11 capped mod scan m_44 processed=28000000/30212815 elapsed=0.0869107s
      D_11 capped mod scan m_44 processed=28500000/30212815 elapsed=0.0885805s
      D_11 capped mod scan m_44 processed=29000000/30212815 elapsed=0.0903564s
      D_11 capped mod scan m_44 processed=29500000/30212815 elapsed=0.0925097s
      D_11 capped mod scan m_44 processed=30000000/30212815 elapsed=0.094354s
D_11 MOD 9223372036854775507 m_44 kept_even=1940309211020167347 det=8680146856487169983
      D_11 capped mod 9223372036854775507 packed step 45/46 processed=500000/30212815 next_states=746032 step_elapsed=1.55941s elapsed=531.931s
      D_11 capped mod 9223372036854775507 packed step 45/46 processed=1000000/30212815 next_states=1466569 step_elapsed=3.40305s elapsed=533.775s
      D_11 capped mod 9223372036854775507 packed step 45/46 processed=1500000/30212815 next_states=2168343 step_elapsed=5.42283s elapsed=535.794s
      D_11 capped mod 9223372036854775507 packed step 45/46 processed=2000000/30212815 next_states=2865122 step_elapsed=7.54314s elapsed=537.915s
      D_11 capped mod 9223372036854775507 packed step 45/46 processed=2500000/30212815 next_states=3549881 step_elapsed=9.8032s elapsed=540.175s
      D_11 capped mod 9223372036854775507 packed step 45/46 processed=3000000/30212815 next_states=4243205 step_elapsed=11.841s elapsed=542.213s
      D_11 capped mod 9223372036854775507 packed step 45/46 processed=3500000/30212815 next_states=4917495 step_elapsed=14.3516s elapsed=544.723s
      D_11 capped mod 9223372036854775507 packed step 45/46 processed=4000000/30212815 next_states=5608111 step_elapsed=16.4348s elapsed=546.806s
      D_11 capped mod 9223372036854775507 packed step 45/46 processed=4500000/30212815 next_states=6276641 step_elapsed=19.0425s elapsed=549.414s
      D_11 capped mod 9223372036854775507 packed step 45/46 processed=5000000/30212815 next_states=6939870 step_elapsed=21.6653s elapsed=552.037s
      D_11 capped mod 9223372036854775507 packed step 45/46 processed=5500000/30212815 next_states=7628367 step_elapsed=23.9129s elapsed=554.285s
      D_11 capped mod 9223372036854775507 packed step 45/46 processed=6000000/30212815 next_states=8287141 step_elapsed=26.5553s elapsed=556.927s
      D_11 capped mod 9223372036854775507 packed step 45/46 processed=6500000/30212815 next_states=8946054 step_elapsed=29.4334s elapsed=559.805s
      D_11 capped mod 9223372036854775507 packed step 45/46 processed=7000000/30212815 next_states=9613583 step_elapsed=31.9581s elapsed=562.33s
      D_11 capped mod 9223372036854775507 packed step 45/46 processed=7500000/30212815 next_states=10287064 step_elapsed=34.5142s elapsed=564.886s
      D_11 capped mod 9223372036854775507 packed step 45/46 processed=8000000/30212815 next_states=10935136 step_elapsed=37.3914s elapsed=567.763s
      D_11 capped mod 9223372036854775507 packed step 45/46 processed=8500000/30212815 next_states=11578238 step_elapsed=40.4481s elapsed=570.82s
      D_11 capped mod 9223372036854775507 packed step 45/46 processed=9000000/30212815 next_states=12217686 step_elapsed=43.3001s elapsed=573.672s
      D_11 capped mod 9223372036854775507 packed step 45/46 processed=9500000/30212815 next_states=12910714 step_elapsed=45.9575s elapsed=576.329s
      D_11 capped mod 9223372036854775507 packed step 45/46 processed=10000000/30212815 next_states=13555154 step_elapsed=49.0215s elapsed=579.393s
      D_11 capped mod 9223372036854775507 packed step 45/46 processed=10500000/30212815 next_states=14193034 step_elapsed=52.2315s elapsed=582.603s
      D_11 capped mod 9223372036854775507 packed step 45/46 processed=11000000/30212815 next_states=14826995 step_elapsed=55.7188s elapsed=586.09s
      D_11 capped mod 9223372036854775507 packed step 45/46 processed=11500000/30212815 next_states=15469581 step_elapsed=58.7427s elapsed=589.114s
      D_11 capped mod 9223372036854775507 packed step 45/46 processed=12000000/30212815 next_states=16138046 step_elapsed=61.2667s elapsed=591.638s
      D_11 capped mod 9223372036854775507 packed step 45/46 processed=12500000/30212815 next_states=16789279 step_elapsed=64.1802s elapsed=594.552s
      D_11 capped mod 9223372036854775507 packed step 45/46 processed=13000000/30212815 next_states=17413179 step_elapsed=67.1391s elapsed=597.511s
      D_11 capped mod 9223372036854775507 packed step 45/46 processed=13500000/30212815 next_states=18046856 step_elapsed=70.4375s elapsed=600.809s
      D_11 capped mod 9223372036854775507 packed step 45/46 processed=14000000/30212815 next_states=18670090 step_elapsed=74.0759s elapsed=604.448s
      D_11 capped mod 9223372036854775507 packed step 45/46 processed=14500000/30212815 next_states=19296008 step_elapsed=77.2734s elapsed=607.645s
      D_11 capped mod 9223372036854775507 packed step 45/46 processed=15000000/30212815 next_states=19957414 step_elapsed=79.8706s elapsed=610.242s
      D_11 capped mod 9223372036854775507 packed step 45/46 processed=15500000/30212815 next_states=20598332 step_elapsed=82.8471s elapsed=613.219s
      D_11 capped mod 9223372036854775507 packed step 45/46 processed=16000000/30212815 next_states=21219702 step_elapsed=85.8235s elapsed=616.195s
      D_11 capped mod 9223372036854775507 packed step 45/46 processed=16500000/30212815 next_states=21837757 step_elapsed=89.1247s elapsed=619.496s
      D_11 capped mod 9223372036854775507 packed step 45/46 processed=17000000/30212815 next_states=22454375 step_elapsed=92.5368s elapsed=622.908s
      D_11 capped mod 9223372036854775507 packed step 45/46 processed=17500000/30212815 next_states=23055976 step_elapsed=96.0064s elapsed=626.378s
      D_11 capped mod 9223372036854775507 packed step 45/46 processed=18000000/30212815 next_states=23687773 step_elapsed=98.5932s elapsed=628.965s
      D_11 capped mod 9223372036854775507 packed step 45/46 processed=18500000/30212815 next_states=24342328 step_elapsed=101.542s elapsed=631.913s
      D_11 capped mod 9223372036854775507 packed step 45/46 processed=19000000/30212815 next_states=24963062 step_elapsed=104.635s elapsed=635.006s
      D_11 capped mod 9223372036854775507 packed step 45/46 processed=19500000/30212815 next_states=25560134 step_elapsed=107.771s elapsed=638.142s
      D_11 capped mod 9223372036854775507 packed step 45/46 processed=20000000/30212815 next_states=26166035 step_elapsed=111.15s elapsed=641.522s
      D_11 capped mod 9223372036854775507 packed step 45/46 processed=20500000/30212815 next_states=26764006 step_elapsed=115.097s elapsed=645.469s
      D_11 capped mod 9223372036854775507 packed step 45/46 processed=21000000/30212815 next_states=27367662 step_elapsed=118.388s elapsed=648.76s
      D_11 capped mod 9223372036854775507 packed step 45/46 processed=21500000/30212815 next_states=28000940 step_elapsed=121.039s elapsed=651.411s
      D_11 capped mod 9223372036854775507 packed step 45/46 processed=22000000/30212815 next_states=28626737 step_elapsed=124.097s elapsed=654.469s
      D_11 capped mod 9223372036854775507 packed step 45/46 processed=22500000/30212815 next_states=29221191 step_elapsed=127.442s elapsed=657.813s
      D_11 capped mod 9223372036854775507 packed step 45/46 processed=23000000/30212815 next_states=29806889 step_elapsed=130.981s elapsed=661.352s
      D_11 capped mod 9223372036854775507 packed step 45/46 processed=23500000/30212815 next_states=30394976 step_elapsed=134.679s elapsed=665.051s
      D_11 capped mod 9223372036854775507 packed step 45/46 processed=24000000/30212815 next_states=30979151 step_elapsed=138.169s elapsed=668.541s
      D_11 capped mod 9223372036854775507 packed step 45/46 processed=24500000/30212815 next_states=31596457 step_elapsed=141.002s elapsed=671.374s
      D_11 capped mod 9223372036854775507 packed step 45/46 processed=25000000/30212815 next_states=32200423 step_elapsed=144.551s elapsed=674.923s
      D_11 capped mod 9223372036854775507 packed step 45/46 processed=25500000/30212815 next_states=32778900 step_elapsed=147.928s elapsed=678.299s
      D_11 capped mod 9223372036854775507 packed step 45/46 processed=26000000/30212815 next_states=33348088 step_elapsed=151.43s elapsed=681.802s
      D_11 capped mod 9223372036854775507 packed step 45/46 processed=26500000/30212815 next_states=33914374 step_elapsed=154.852s elapsed=685.224s
      D_11 capped mod 9223372036854775507 packed step 45/46 processed=27000000/30212815 next_states=34509556 step_elapsed=157.693s elapsed=688.064s
      D_11 capped mod 9223372036854775507 packed step 45/46 processed=27500000/30212815 next_states=35091873 step_elapsed=160.942s elapsed=691.314s
      D_11 capped mod 9223372036854775507 packed step 45/46 processed=28000000/30212815 next_states=35642746 step_elapsed=164.019s elapsed=694.391s
      D_11 capped mod 9223372036854775507 packed step 45/46 processed=28500000/30212815 next_states=36199669 step_elapsed=166.997s elapsed=697.368s
      D_11 capped mod 9223372036854775507 packed step 45/46 processed=29000000/30212815 next_states=36766276 step_elapsed=170.002s elapsed=700.373s
      D_11 capped mod 9223372036854775507 packed step 45/46 processed=29500000/30212815 next_states=37292763 step_elapsed=172.778s elapsed=703.15s
      D_11 capped mod 9223372036854775507 packed step 45/46 processed=30000000/30212815 next_states=37824556 step_elapsed=175.179s elapsed=705.551s
    D_11 capped mod 9223372036854775507 forward step 45/46 states=38038641 elapsed=706.509s
      D_11 capped mod scan m_45 processed=500000/38038641 elapsed=0.00136831s
      D_11 capped mod scan m_45 processed=1000000/38038641 elapsed=0.00269415s
      D_11 capped mod scan m_45 processed=1500000/38038641 elapsed=0.00394102s
      D_11 capped mod scan m_45 processed=2000000/38038641 elapsed=0.00541982s
      D_11 capped mod scan m_45 processed=2500000/38038641 elapsed=0.00652188s
      D_11 capped mod scan m_45 processed=3000000/38038641 elapsed=0.00782766s
      D_11 capped mod scan m_45 processed=3500000/38038641 elapsed=0.00929656s
      D_11 capped mod scan m_45 processed=4000000/38038641 elapsed=0.0105873s
      D_11 capped mod scan m_45 processed=4500000/38038641 elapsed=0.0117245s
      D_11 capped mod scan m_45 processed=5000000/38038641 elapsed=0.0128938s
      D_11 capped mod scan m_45 processed=5500000/38038641 elapsed=0.0142552s
      D_11 capped mod scan m_45 processed=6000000/38038641 elapsed=0.0156654s
      D_11 capped mod scan m_45 processed=6500000/38038641 elapsed=0.0171115s
      D_11 capped mod scan m_45 processed=7000000/38038641 elapsed=0.018592s
      D_11 capped mod scan m_45 processed=7500000/38038641 elapsed=0.0197399s
      D_11 capped mod scan m_45 processed=8000000/38038641 elapsed=0.0209731s
      D_11 capped mod scan m_45 processed=8500000/38038641 elapsed=0.0221293s
      D_11 capped mod scan m_45 processed=9000000/38038641 elapsed=0.0232914s
      D_11 capped mod scan m_45 processed=9500000/38038641 elapsed=0.0246168s
      D_11 capped mod scan m_45 processed=10000000/38038641 elapsed=0.0260034s
      D_11 capped mod scan m_45 processed=10500000/38038641 elapsed=0.0275418s
      D_11 capped mod scan m_45 processed=11000000/38038641 elapsed=0.029055s
      D_11 capped mod scan m_45 processed=11500000/38038641 elapsed=0.030517s
      D_11 capped mod scan m_45 processed=12000000/38038641 elapsed=0.0319726s
      D_11 capped mod scan m_45 processed=12500000/38038641 elapsed=0.0334286s
      D_11 capped mod scan m_45 processed=13000000/38038641 elapsed=0.0346198s
      D_11 capped mod scan m_45 processed=13500000/38038641 elapsed=0.0358673s
      D_11 capped mod scan m_45 processed=14000000/38038641 elapsed=0.0372373s
      D_11 capped mod scan m_45 processed=14500000/38038641 elapsed=0.0385159s
      D_11 capped mod scan m_45 processed=15000000/38038641 elapsed=0.0397442s
      D_11 capped mod scan m_45 processed=15500000/38038641 elapsed=0.0410453s
      D_11 capped mod scan m_45 processed=16000000/38038641 elapsed=0.0424827s
      D_11 capped mod scan m_45 processed=16500000/38038641 elapsed=0.0438451s
      D_11 capped mod scan m_45 processed=17000000/38038641 elapsed=0.045398s
      D_11 capped mod scan m_45 processed=17500000/38038641 elapsed=0.0470269s
      D_11 capped mod scan m_45 processed=18000000/38038641 elapsed=0.0486647s
      D_11 capped mod scan m_45 processed=18500000/38038641 elapsed=0.050193s
      D_11 capped mod scan m_45 processed=19000000/38038641 elapsed=0.0516415s
      D_11 capped mod scan m_45 processed=19500000/38038641 elapsed=0.0533875s
      D_11 capped mod scan m_45 processed=20000000/38038641 elapsed=0.0545249s
      D_11 capped mod scan m_45 processed=20500000/38038641 elapsed=0.0557487s
      D_11 capped mod scan m_45 processed=21000000/38038641 elapsed=0.0570723s
      D_11 capped mod scan m_45 processed=21500000/38038641 elapsed=0.0585074s
      D_11 capped mod scan m_45 processed=22000000/38038641 elapsed=0.0598926s
      D_11 capped mod scan m_45 processed=22500000/38038641 elapsed=0.0612637s
      D_11 capped mod scan m_45 processed=23000000/38038641 elapsed=0.0626696s
      D_11 capped mod scan m_45 processed=23500000/38038641 elapsed=0.0642225s
      D_11 capped mod scan m_45 processed=24000000/38038641 elapsed=0.0657006s
      D_11 capped mod scan m_45 processed=24500000/38038641 elapsed=0.0672123s
      D_11 capped mod scan m_45 processed=25000000/38038641 elapsed=0.0689375s
      D_11 capped mod scan m_45 processed=25500000/38038641 elapsed=0.0705897s
      D_11 capped mod scan m_45 processed=26000000/38038641 elapsed=0.0722698s
      D_11 capped mod scan m_45 processed=26500000/38038641 elapsed=0.0738296s
      D_11 capped mod scan m_45 processed=27000000/38038641 elapsed=0.075486s
      D_11 capped mod scan m_45 processed=27500000/38038641 elapsed=0.0774222s
      D_11 capped mod scan m_45 processed=28000000/38038641 elapsed=0.0786459s
      D_11 capped mod scan m_45 processed=28500000/38038641 elapsed=0.0800053s
      D_11 capped mod scan m_45 processed=29000000/38038641 elapsed=0.0815188s
      D_11 capped mod scan m_45 processed=29500000/38038641 elapsed=0.0830339s
      D_11 capped mod scan m_45 processed=30000000/38038641 elapsed=0.0845419s
      D_11 capped mod scan m_45 processed=30500000/38038641 elapsed=0.0860883s
      D_11 capped mod scan m_45 processed=31000000/38038641 elapsed=0.0875987s
      D_11 capped mod scan m_45 processed=31500000/38038641 elapsed=0.089371s
      D_11 capped mod scan m_45 processed=32000000/38038641 elapsed=0.0909217s
      D_11 capped mod scan m_45 processed=32500000/38038641 elapsed=0.0927871s
      D_11 capped mod scan m_45 processed=33000000/38038641 elapsed=0.0946985s
      D_11 capped mod scan m_45 processed=33500000/38038641 elapsed=0.096699s
      D_11 capped mod scan m_45 processed=34000000/38038641 elapsed=0.0986767s
      D_11 capped mod scan m_45 processed=34500000/38038641 elapsed=0.10027s
      D_11 capped mod scan m_45 processed=35000000/38038641 elapsed=0.101767s
      D_11 capped mod scan m_45 processed=35500000/38038641 elapsed=0.103493s
      D_11 capped mod scan m_45 processed=36000000/38038641 elapsed=0.105254s
      D_11 capped mod scan m_45 processed=36500000/38038641 elapsed=0.107236s
      D_11 capped mod scan m_45 processed=37000000/38038641 elapsed=0.109229s
      D_11 capped mod scan m_45 processed=37500000/38038641 elapsed=0.111294s
      D_11 capped mod scan m_45 processed=38000000/38038641 elapsed=0.113516s
D_11 MOD 9223372036854775507 m_45 kept_even=937243709504856135 det=3760976360331821086
      D_11 capped mod 9223372036854775507 packed step 46/46 processed=500000/38038641 next_states=746032 step_elapsed=1.54263s elapsed=708.524s
      D_11 capped mod 9223372036854775507 packed step 46/46 processed=1000000/38038641 next_states=1467546 step_elapsed=3.54208s elapsed=710.523s
      D_11 capped mod 9223372036854775507 packed step 46/46 processed=1500000/38038641 next_states=2174668 step_elapsed=5.73022s elapsed=712.711s
      D_11 capped mod 9223372036854775507 packed step 46/46 processed=2000000/38038641 next_states=2870571 step_elapsed=8.11826s elapsed=715.099s
      D_11 capped mod 9223372036854775507 packed step 46/46 processed=2500000/38038641 next_states=3556475 step_elapsed=10.7177s elapsed=717.699s
      D_11 capped mod 9223372036854775507 packed step 46/46 processed=3000000/38038641 next_states=4249619 step_elapsed=13.0466s elapsed=720.027s
      D_11 capped mod 9223372036854775507 packed step 46/46 processed=3500000/38038641 next_states=4927780 step_elapsed=15.9578s elapsed=722.939s
      D_11 capped mod 9223372036854775507 packed step 46/46 processed=4000000/38038641 next_states=5620095 step_elapsed=18.3697s elapsed=725.351s
      D_11 capped mod 9223372036854775507 packed step 46/46 processed=4500000/38038641 next_states=6290082 step_elapsed=21.22s elapsed=728.201s
      D_11 capped mod 9223372036854775507 packed step 46/46 processed=5000000/38038641 next_states=6955841 step_elapsed=24.3105s elapsed=731.291s
      D_11 capped mod 9223372036854775507 packed step 46/46 processed=5500000/38038641 next_states=7650550 step_elapsed=26.9329s elapsed=733.914s
      D_11 capped mod 9223372036854775507 packed step 46/46 processed=6000000/38038641 next_states=8315679 step_elapsed=29.9242s elapsed=736.905s
      D_11 capped mod 9223372036854775507 packed step 46/46 processed=6500000/38038641 next_states=8977343 step_elapsed=33.0466s elapsed=740.028s
      D_11 capped mod 9223372036854775507 packed step 46/46 processed=7000000/38038641 next_states=9629211 step_elapsed=36.1119s elapsed=743.093s
      D_11 capped mod 9223372036854775507 packed step 46/46 processed=7500000/38038641 next_states=10326175 step_elapsed=38.6924s elapsed=745.673s
      D_11 capped mod 9223372036854775507 packed step 46/46 processed=8000000/38038641 next_states=10979078 step_elapsed=41.769s elapsed=748.75s
      D_11 capped mod 9223372036854775507 packed step 46/46 processed=8500000/38038641 next_states=11634557 step_elapsed=45.0275s elapsed=752.008s
      D_11 capped mod 9223372036854775507 packed step 46/46 processed=9000000/38038641 next_states=12284364 step_elapsed=48.497s elapsed=755.478s
      D_11 capped mod 9223372036854775507 packed step 46/46 processed=9500000/38038641 next_states=12945673 step_elapsed=51.2438s elapsed=758.225s
      D_11 capped mod 9223372036854775507 packed step 46/46 processed=10000000/38038641 next_states=13626680 step_elapsed=54.3912s elapsed=761.372s
      D_11 capped mod 9223372036854775507 packed step 46/46 processed=10500000/38038641 next_states=14275598 step_elapsed=57.6212s elapsed=764.602s
      D_11 capped mod 9223372036854775507 packed step 46/46 processed=11000000/38038641 next_states=14911661 step_elapsed=61.2036s elapsed=768.185s
      D_11 capped mod 9223372036854775507 packed step 46/46 processed=11500000/38038641 next_states=15558396 step_elapsed=64.8193s elapsed=771.8s
      D_11 capped mod 9223372036854775507 packed step 46/46 processed=12000000/38038641 next_states=16202525 step_elapsed=68.0951s elapsed=775.076s
      D_11 capped mod 9223372036854775507 packed step 46/46 processed=12500000/38038641 next_states=16867279 step_elapsed=70.7058s elapsed=777.687s
      D_11 capped mod 9223372036854775507 packed step 46/46 processed=13000000/38038641 next_states=17534525 step_elapsed=73.829s elapsed=780.81s
      D_11 capped mod 9223372036854775507 packed step 46/46 processed=13500000/38038641 next_states=18168106 step_elapsed=76.9709s elapsed=783.952s
      D_11 capped mod 9223372036854775507 packed step 46/46 processed=14000000/38038641 next_states=18803544 step_elapsed=80.3839s elapsed=787.365s
      D_11 capped mod 9223372036854775507 packed step 46/46 processed=14500000/38038641 next_states=19433813 step_elapsed=84.0937s elapsed=791.075s
      D_11 capped mod 9223372036854775507 packed step 46/46 processed=15000000/38038641 next_states=20075411 step_elapsed=88.2475s elapsed=795.228s
      D_11 capped mod 9223372036854775507 packed step 46/46 processed=15500000/38038641 next_states=20701411 step_elapsed=91.7062s elapsed=798.687s
      D_11 capped mod 9223372036854775507 packed step 46/46 processed=16000000/38038641 next_states=21367495 step_elapsed=94.6025s elapsed=801.583s
      D_11 capped mod 9223372036854775507 packed step 46/46 processed=16500000/38038641 next_states=22025163 step_elapsed=97.9476s elapsed=804.929s
      D_11 capped mod 9223372036854775507 packed step 46/46 processed=17000000/38038641 next_states=22656438 step_elapsed=101.374s elapsed=808.355s
      D_11 capped mod 9223372036854775507 packed step 46/46 processed=17500000/38038641 next_states=23277640 step_elapsed=104.94s elapsed=811.921s
      D_11 capped mod 9223372036854775507 packed step 46/46 processed=18000000/38038641 next_states=23900053 step_elapsed=108.67s elapsed=815.651s
      D_11 capped mod 9223372036854775507 packed step 46/46 processed=18500000/38038641 next_states=24523699 step_elapsed=112.599s elapsed=819.58s
      D_11 capped mod 9223372036854775507 packed step 46/46 processed=19000000/38038641 next_states=25132419 step_elapsed=116.357s elapsed=823.338s
      D_11 capped mod 9223372036854775507 packed step 46/46 processed=19500000/38038641 next_states=25759643 step_elapsed=119.256s elapsed=826.237s
      D_11 capped mod 9223372036854775507 packed step 46/46 processed=20000000/38038641 next_states=26432297 step_elapsed=122.207s elapsed=829.187s
      D_11 capped mod 9223372036854775507 packed step 46/46 processed=20500000/38038641 next_states=27072818 step_elapsed=126.006s elapsed=832.987s
      D_11 capped mod 9223372036854775507 packed step 46/46 processed=21000000/38038641 next_states=27690693 step_elapsed=129.609s elapsed=836.59s
      D_11 capped mod 9223372036854775507 packed step 46/46 processed=21500000/38038641 next_states=28299358 step_elapsed=133.664s elapsed=840.645s
      D_11 capped mod 9223372036854775507 packed step 46/46 processed=22000000/38038641 next_states=28907211 step_elapsed=138.186s elapsed=845.167s
      D_11 capped mod 9223372036854775507 packed step 46/46 processed=22500000/38038641 next_states=29524735 step_elapsed=143.012s elapsed=849.993s
      D_11 capped mod 9223372036854775507 packed step 46/46 processed=23000000/38038641 next_states=30125326 step_elapsed=147.679s elapsed=854.66s
      D_11 capped mod 9223372036854775507 packed step 46/46 processed=23500000/38038641 next_states=30728330 step_elapsed=151.018s elapsed=857.999s
      D_11 capped mod 9223372036854775507 packed step 46/46 processed=24000000/38038641 next_states=31393925 step_elapsed=154.376s elapsed=861.357s
      D_11 capped mod 9223372036854775507 packed step 46/46 processed=24500000/38038641 next_states=32024495 step_elapsed=158.306s elapsed=865.287s
      D_11 capped mod 9223372036854775507 packed step 46/46 processed=25000000/38038641 next_states=32632430 step_elapsed=162.26s elapsed=869.241s
      D_11 capped mod 9223372036854775507 packed step 46/46 processed=25500000/38038641 next_states=33232049 step_elapsed=166.284s elapsed=873.265s
      D_11 capped mod 9223372036854775507 packed step 46/46 processed=26000000/38038641 next_states=33831167 step_elapsed=170.482s elapsed=877.463s
      D_11 capped mod 9223372036854775507 packed step 46/46 processed=26500000/38038641 next_states=34427452 step_elapsed=174.858s elapsed=881.839s
      D_11 capped mod 9223372036854775507 packed step 46/46 processed=27000000/38038641 next_states=35023403 step_elapsed=179.598s elapsed=886.579s
      D_11 capped mod 9223372036854775507 packed step 46/46 processed=27500000/38038641 next_states=35605355 step_elapsed=183.307s elapsed=890.288s
      D_11 capped mod 9223372036854775507 packed step 46/46 processed=28000000/38038641 next_states=36255239 step_elapsed=186.57s elapsed=893.551s
      D_11 capped mod 9223372036854775507 packed step 46/46 processed=28500000/38038641 next_states=36873815 step_elapsed=190.406s elapsed=897.387s
      D_11 capped mod 9223372036854775507 packed step 46/46 processed=29000000/38038641 next_states=37469314 step_elapsed=193.997s elapsed=900.978s
      D_11 capped mod 9223372036854775507 packed step 46/46 processed=29500000/38038641 next_states=38050313 step_elapsed=197.938s elapsed=904.919s
      D_11 capped mod 9223372036854775507 packed step 46/46 processed=30000000/38038641 next_states=38635137 step_elapsed=202.027s elapsed=909.007s
      D_11 capped mod 9223372036854775507 packed step 46/46 processed=30500000/38038641 next_states=39213112 step_elapsed=206.641s elapsed=913.622s
      D_11 capped mod 9223372036854775507 packed step 46/46 processed=31000000/38038641 next_states=39797697 step_elapsed=210.705s elapsed=917.686s
      D_11 capped mod 9223372036854775507 packed step 46/46 processed=31500000/38038641 next_states=40406996 step_elapsed=213.944s elapsed=920.925s
      D_11 capped mod 9223372036854775507 packed step 46/46 processed=32000000/38038641 next_states=41020708 step_elapsed=217.967s elapsed=924.947s
      D_11 capped mod 9223372036854775507 packed step 46/46 processed=32500000/38038641 next_states=41599784 step_elapsed=221.835s elapsed=928.816s
      D_11 capped mod 9223372036854775507 packed step 46/46 processed=33000000/38038641 next_states=42164863 step_elapsed=225.773s elapsed=932.754s
      D_11 capped mod 9223372036854775507 packed step 46/46 processed=33500000/38038641 next_states=42729389 step_elapsed=230.039s elapsed=937.02s
      D_11 capped mod 9223372036854775507 packed step 46/46 processed=34000000/38038641 next_states=43290397 step_elapsed=234.051s elapsed=941.032s
      D_11 capped mod 9223372036854775507 packed step 46/46 processed=34500000/38038641 next_states=43885823 step_elapsed=237.082s elapsed=944.063s
      D_11 capped mod 9223372036854775507 packed step 46/46 processed=35000000/38038641 next_states=44468925 step_elapsed=240.886s elapsed=947.867s
      D_11 capped mod 9223372036854775507 packed step 46/46 processed=35500000/38038641 next_states=45014342 step_elapsed=244.357s elapsed=951.338s
      D_11 capped mod 9223372036854775507 packed step 46/46 processed=36000000/38038641 next_states=45558238 step_elapsed=248.142s elapsed=955.123s
      D_11 capped mod 9223372036854775507 packed step 46/46 processed=36500000/38038641 next_states=46127981 step_elapsed=251.278s elapsed=958.259s
      D_11 capped mod 9223372036854775507 packed step 46/46 processed=37000000/38038641 next_states=46668349 step_elapsed=254.905s elapsed=961.886s
      D_11 capped mod 9223372036854775507 packed step 46/46 processed=37500000/38038641 next_states=47203460 step_elapsed=258.005s elapsed=964.986s
      D_11 capped mod 9223372036854775507 packed step 46/46 processed=38000000/38038641 next_states=47712398 step_elapsed=260.69s elapsed=967.67s
    D_11 capped mod 9223372036854775507 forward step 46/46 states=47748739 elapsed=967.999s
      D_11 capped mod scan m_46 processed=500000/47748739 elapsed=0.00203862s
      D_11 capped mod scan m_46 processed=1000000/47748739 elapsed=0.00413408s
      D_11 capped mod scan m_46 processed=1500000/47748739 elapsed=0.00565434s
      D_11 capped mod scan m_46 processed=2000000/47748739 elapsed=0.00699993s
      D_11 capped mod scan m_46 processed=2500000/47748739 elapsed=0.00852064s
      D_11 capped mod scan m_46 processed=3000000/47748739 elapsed=0.00975582s
      D_11 capped mod scan m_46 processed=3500000/47748739 elapsed=0.0109375s
      D_11 capped mod scan m_46 processed=4000000/47748739 elapsed=0.0123488s
      D_11 capped mod scan m_46 processed=4500000/47748739 elapsed=0.0140095s
      D_11 capped mod scan m_46 processed=5000000/47748739 elapsed=0.0154161s
      D_11 capped mod scan m_46 processed=5500000/47748739 elapsed=0.016743s
      D_11 capped mod scan m_46 processed=6000000/47748739 elapsed=0.0178217s
      D_11 capped mod scan m_46 processed=6500000/47748739 elapsed=0.0190281s
      D_11 capped mod scan m_46 processed=7000000/47748739 elapsed=0.0201943s
      D_11 capped mod scan m_46 processed=7500000/47748739 elapsed=0.0217529s
      D_11 capped mod scan m_46 processed=8000000/47748739 elapsed=0.0230788s
      D_11 capped mod scan m_46 processed=8500000/47748739 elapsed=0.0245706s
      D_11 capped mod scan m_46 processed=9000000/47748739 elapsed=0.0261292s
      D_11 capped mod scan m_46 processed=9500000/47748739 elapsed=0.0276244s
      D_11 capped mod scan m_46 processed=10000000/47748739 elapsed=0.0290183s
      D_11 capped mod scan m_46 processed=10500000/47748739 elapsed=0.0301894s
      D_11 capped mod scan m_46 processed=11000000/47748739 elapsed=0.0314012s
      D_11 capped mod scan m_46 processed=11500000/47748739 elapsed=0.0326093s
      D_11 capped mod scan m_46 processed=12000000/47748739 elapsed=0.033915s
      D_11 capped mod scan m_46 processed=12500000/47748739 elapsed=0.0352546s
      D_11 capped mod scan m_46 processed=13000000/47748739 elapsed=0.0366366s
      D_11 capped mod scan m_46 processed=13500000/47748739 elapsed=0.0379712s
      D_11 capped mod scan m_46 processed=14000000/47748739 elapsed=0.0395681s
      D_11 capped mod scan m_46 processed=14500000/47748739 elapsed=0.0411107s
      D_11 capped mod scan m_46 processed=15000000/47748739 elapsed=0.0430021s
      D_11 capped mod scan m_46 processed=15500000/47748739 elapsed=0.0445859s
      D_11 capped mod scan m_46 processed=16000000/47748739 elapsed=0.0461481s
      D_11 capped mod scan m_46 processed=16500000/47748739 elapsed=0.0479352s
      D_11 capped mod scan m_46 processed=17000000/47748739 elapsed=0.0491453s
      D_11 capped mod scan m_46 processed=17500000/47748739 elapsed=0.0503454s
      D_11 capped mod scan m_46 processed=18000000/47748739 elapsed=0.0516005s
      D_11 capped mod scan m_46 processed=18500000/47748739 elapsed=0.0529057s
      D_11 capped mod scan m_46 processed=19000000/47748739 elapsed=0.0541678s
      D_11 capped mod scan m_46 processed=19500000/47748739 elapsed=0.055635s
      D_11 capped mod scan m_46 processed=20000000/47748739 elapsed=0.0570387s
      D_11 capped mod scan m_46 processed=20500000/47748739 elapsed=0.0584446s
      D_11 capped mod scan m_46 processed=21000000/47748739 elapsed=0.0599191s
      D_11 capped mod scan m_46 processed=21500000/47748739 elapsed=0.0613652s
      D_11 capped mod scan m_46 processed=22000000/47748739 elapsed=0.0634821s
      D_11 capped mod scan m_46 processed=22500000/47748739 elapsed=0.0653627s
      D_11 capped mod scan m_46 processed=23000000/47748739 elapsed=0.0669651s
      D_11 capped mod scan m_46 processed=23500000/47748739 elapsed=0.0685339s
      D_11 capped mod scan m_46 processed=24000000/47748739 elapsed=0.0701042s
      D_11 capped mod scan m_46 processed=24500000/47748739 elapsed=0.0717561s
      D_11 capped mod scan m_46 processed=25000000/47748739 elapsed=0.074267s
      D_11 capped mod scan m_46 processed=25500000/47748739 elapsed=0.0765411s
      D_11 capped mod scan m_46 processed=26000000/47748739 elapsed=0.0780815s
      D_11 capped mod scan m_46 processed=26500000/47748739 elapsed=0.0792989s
      D_11 capped mod scan m_46 processed=27000000/47748739 elapsed=0.0805592s
      D_11 capped mod scan m_46 processed=27500000/47748739 elapsed=0.0819102s
      D_11 capped mod scan m_46 processed=28000000/47748739 elapsed=0.0833275s
      D_11 capped mod scan m_46 processed=28500000/47748739 elapsed=0.084853s
      D_11 capped mod scan m_46 processed=29000000/47748739 elapsed=0.0862334s
      D_11 capped mod scan m_46 processed=29500000/47748739 elapsed=0.0877045s
      D_11 capped mod scan m_46 processed=30000000/47748739 elapsed=0.0891746s
      D_11 capped mod scan m_46 processed=30500000/47748739 elapsed=0.0906312s
      D_11 capped mod scan m_46 processed=31000000/47748739 elapsed=0.0922592s
      D_11 capped mod scan m_46 processed=31500000/47748739 elapsed=0.0938793s
      D_11 capped mod scan m_46 processed=32000000/47748739 elapsed=0.0963264s
      D_11 capped mod scan m_46 processed=32500000/47748739 elapsed=0.0982023s
      D_11 capped mod scan m_46 processed=33000000/47748739 elapsed=0.099873s
      D_11 capped mod scan m_46 processed=33500000/47748739 elapsed=0.101718s
      D_11 capped mod scan m_46 processed=34000000/47748739 elapsed=0.103792s
      D_11 capped mod scan m_46 processed=34500000/47748739 elapsed=0.105533s
      D_11 capped mod scan m_46 processed=35000000/47748739 elapsed=0.107467s
      D_11 capped mod scan m_46 processed=35500000/47748739 elapsed=0.109778s
      D_11 capped mod scan m_46 processed=36000000/47748739 elapsed=0.111701s
      D_11 capped mod scan m_46 processed=36500000/47748739 elapsed=0.113408s
      D_11 capped mod scan m_46 processed=37000000/47748739 elapsed=0.115176s
      D_11 capped mod scan m_46 processed=37500000/47748739 elapsed=0.116694s
      D_11 capped mod scan m_46 processed=38000000/47748739 elapsed=0.118141s
      D_11 capped mod scan m_46 processed=38500000/47748739 elapsed=0.119685s
      D_11 capped mod scan m_46 processed=39000000/47748739 elapsed=0.121198s
      D_11 capped mod scan m_46 processed=39500000/47748739 elapsed=0.122695s
      D_11 capped mod scan m_46 processed=40000000/47748739 elapsed=0.124206s
      D_11 capped mod scan m_46 processed=40500000/47748739 elapsed=0.128564s
      D_11 capped mod scan m_46 processed=41000000/47748739 elapsed=0.132697s
      D_11 capped mod scan m_46 processed=41500000/47748739 elapsed=0.135128s
      D_11 capped mod scan m_46 processed=42000000/47748739 elapsed=0.137274s
      D_11 capped mod scan m_46 processed=42500000/47748739 elapsed=0.139315s
      D_11 capped mod scan m_46 processed=43000000/47748739 elapsed=0.141327s
      D_11 capped mod scan m_46 processed=43500000/47748739 elapsed=0.143494s
      D_11 capped mod scan m_46 processed=44000000/47748739 elapsed=0.144988s
      D_11 capped mod scan m_46 processed=44500000/47748739 elapsed=0.146765s
      D_11 capped mod scan m_46 processed=45000000/47748739 elapsed=0.148425s
      D_11 capped mod scan m_46 processed=45500000/47748739 elapsed=0.150107s
      D_11 capped mod scan m_46 processed=46000000/47748739 elapsed=0.152059s
      D_11 capped mod scan m_46 processed=46500000/47748739 elapsed=0.154051s
      D_11 capped mod scan m_46 processed=47000000/47748739 elapsed=0.156331s
      D_11 capped mod scan m_46 processed=47500000/47748739 elapsed=0.158265s
D_11 MOD 9223372036854775507 m_46 kept_even=1765534119417666481 det=3766380751118577916
