D capped suffix modular moment range rank 11 moments m_11..m_46 row cap 22 modulus 9223372036854775643 C++ certificate
begin D_11=SO(22) mod 9223372036854775643
    D_11 capped mod 9223372036854775643 forward step 1/46 states=1 elapsed=4.769e-06s
    D_11 capped mod 9223372036854775643 forward step 2/46 states=3 elapsed=2.2432e-05s
    D_11 capped mod 9223372036854775643 forward step 3/46 states=7 elapsed=2.7592e-05s
    D_11 capped mod 9223372036854775643 forward step 4/46 states=15 elapsed=3.1258e-05s
    D_11 capped mod 9223372036854775643 forward step 5/46 states=30 elapsed=3.6558e-05s
    D_11 capped mod 9223372036854775643 forward step 6/46 states=58 elapsed=5.4322e-05s
    D_11 capped mod 9223372036854775643 forward step 7/46 states=105 elapsed=8.5129e-05s
    D_11 capped mod 9223372036854775643 forward step 8/46 states=186 elapsed=0.000132077s
    D_11 capped mod 9223372036854775643 forward step 9/46 states=318 elapsed=0.000218028s
    D_11 capped mod 9223372036854775643 forward step 10/46 states=530 elapsed=0.000356677s
    D_11 capped mod 9223372036854775643 forward step 11/46 states=863 elapsed=0.000628715s
D_11 MOD 9223372036854775643 m_11 kept_even=5238370 det=1
    D_11 capped mod 9223372036854775643 forward step 12/46 states=1378 elapsed=0.0010992s
D_11 MOD 9223372036854775643 m_12 kept_even=60222844 det=55
    D_11 capped mod 9223372036854775643 forward step 13/46 states=2157 elapsed=0.0019085s
D_11 MOD 9223372036854775643 m_13 kept_even=752587764 det=2211
    D_11 capped mod 9223372036854775643 forward step 14/46 states=3326 elapsed=0.00340945s
D_11 MOD 9223372036854775643 m_14 kept_even=10157945044 det=77155
    D_11 capped mod 9223372036854775643 forward step 15/46 states=5051 elapsed=0.00579183s
D_11 MOD 9223372036854775643 m_15 kept_even=147267180508 det=2514526
    D_11 capped mod 9223372036854775643 forward step 16/46 states=7568 elapsed=0.00951161s
D_11 MOD 9223372036854775643 m_16 kept_even=2282355168060 det=79224783
    D_11 capped mod 9223372036854775643 forward step 17/46 states=11200 elapsed=0.0162453s
D_11 MOD 9223372036854775643 m_17 kept_even=37655004171808 det=2460863476
    D_11 capped mod 9223372036854775643 forward step 18/46 states=16392 elapsed=0.0260569s
D_11 MOD 9223372036854775643 m_18 kept_even=658906772228668 det=76262603959
    D_11 capped mod 9223372036854775643 forward step 19/46 states=23734 elapsed=0.0423311s
D_11 MOD 9223372036854775643 m_19 kept_even=12188911634495388 det=2376076119246
    D_11 capped mod 9223372036854775643 forward step 20/46 states=34039 elapsed=0.0758704s
D_11 MOD 9223372036854775643 m_20 kept_even=237669544014377896 det=74807472731005
    D_11 capped mod 9223372036854775643 forward step 21/46 states=48373 elapsed=0.114648s
D_11 MOD 9223372036854775643 m_21 kept_even=4871976826254018760 det=2388183116955391
    D_11 capped mod 9223372036854775643 forward step 22/46 states=68163 elapsed=0.177643s
D_11 MOD 9223372036854775643 m_22 kept_even=3285809926989766223 det=77492629399345125
    D_11 capped mod 9223372036854775643 forward step 23/46 states=95288 elapsed=0.274736s
D_11 MOD 9223372036854775643 m_23 kept_even=4665807424634218297 det=2559964720012564711
    D_11 capped mod 9223372036854775643 forward step 24/46 states=132219 elapsed=0.415676s
D_11 MOD 9223372036854775643 m_24 kept_even=1741474166640695459 det=3182971822739051503
    D_11 capped mod 9223372036854775643 forward step 25/46 states=182162 elapsed=0.628041s
D_11 MOD 9223372036854775643 m_25 kept_even=3207712887220496816 det=8599552320711920756
    D_11 capped mod 9223372036854775643 forward step 26/46 states=249310 elapsed=0.947557s
D_11 MOD 9223372036854775643 m_26 kept_even=6034684948500916122 det=764377256864503789
    D_11 capped mod 9223372036854775643 forward step 27/46 states=339051 elapsed=1.43369s
D_11 MOD 9223372036854775643 m_27 kept_even=6217260022157830766 det=59747349101480333
    D_11 capped mod 9223372036854775643 forward step 28/46 states=458333 elapsed=2.10569s
D_11 MOD 9223372036854775643 m_28 kept_even=3459127969397765384 det=8728421331670617866
    D_11 capped mod 9223372036854775643 forward step 29/46 states=616044 elapsed=3.03262s
      D_11 capped mod scan m_29 processed=500000/616044 elapsed=0.00132721s
D_11 MOD 9223372036854775643 m_29 kept_even=8900556446277691709 det=8851764564059871771
      D_11 capped mod 9223372036854775643 packed step 30/46 processed=500000/616044 next_states=690401 step_elapsed=1.12136s elapsed=4.15651s
    D_11 capped mod 9223372036854775643 forward step 30/46 states=823530 elapsed=4.48348s
      D_11 capped mod scan m_30 processed=500000/823530 elapsed=0.00129922s
D_11 MOD 9223372036854775643 m_30 kept_even=9213495128081460825 det=6224373578185388531
      D_11 capped mod 9223372036854775643 packed step 31/46 processed=500000/823530 next_states=704206 step_elapsed=1.09947s elapsed=5.58701s
    D_11 capped mod 9223372036854775643 forward step 31/46 states=1095166 elapsed=6.59972s
      D_11 capped mod scan m_31 processed=500000/1095166 elapsed=0.00135535s
      D_11 capped mod scan m_31 processed=1000000/1095166 elapsed=0.00288093s
D_11 MOD 9223372036854775643 m_31 kept_even=2158139287671709064 det=8512310346665321110
      D_11 capped mod 9223372036854775643 packed step 32/46 processed=500000/1095166 next_states=715039 step_elapsed=1.15557s elapsed=7.76038s
      D_11 capped mod 9223372036854775643 packed step 32/46 processed=1000000/1095166 next_states=1343995 step_elapsed=2.59348s elapsed=9.19829s
    D_11 capped mod 9223372036854775643 forward step 32/46 states=1449186 elapsed=9.44647s
      D_11 capped mod scan m_32 processed=500000/1449186 elapsed=0.00197005s
      D_11 capped mod scan m_32 processed=1000000/1449186 elapsed=0.00325241s
D_11 MOD 9223372036854775643 m_32 kept_even=7723977948071662497 det=8526998923405121506
      D_11 capped mod 9223372036854775643 packed step 33/46 processed=500000/1449186 next_states=718691 step_elapsed=1.13995s elapsed=10.6123s
      D_11 capped mod 9223372036854775643 packed step 33/46 processed=1000000/1449186 next_states=1376483 step_elapsed=2.6178s elapsed=12.0902s
    D_11 capped mod 9223372036854775643 forward step 33/46 states=1908518 elapsed=13.4082s
      D_11 capped mod scan m_33 processed=500000/1908518 elapsed=0.00139311s
      D_11 capped mod scan m_33 processed=1000000/1908518 elapsed=0.00270043s
      D_11 capped mod scan m_33 processed=1500000/1908518 elapsed=0.00413767s
D_11 MOD 9223372036854775643 m_33 kept_even=5118679004909804219 det=2744630395042883972
      D_11 capped mod 9223372036854775643 packed step 34/46 processed=500000/1908518 next_states=725195 step_elapsed=1.16838s elapsed=14.5859s
      D_11 capped mod 9223372036854775643 packed step 34/46 processed=1000000/1908518 next_states=1399214 step_elapsed=2.62914s elapsed=16.0467s
      D_11 capped mod 9223372036854775643 packed step 34/46 processed=1500000/1908518 next_states=2032717 step_elapsed=4.29439s elapsed=17.712s
    D_11 capped mod 9223372036854775643 forward step 34/46 states=2501982 elapsed=18.9887s
      D_11 capped mod scan m_34 processed=500000/2501982 elapsed=0.00124155s
      D_11 capped mod scan m_34 processed=1000000/2501982 elapsed=0.00248362s
      D_11 capped mod scan m_34 processed=1500000/2501982 elapsed=0.00383379s
      D_11 capped mod scan m_34 processed=2000000/2501982 elapsed=0.00526729s
      D_11 capped mod scan m_34 processed=2500000/2501982 elapsed=0.00703339s
D_11 MOD 9223372036854775643 m_34 kept_even=7102360271776927006 det=2507654831536693288
      D_11 capped mod 9223372036854775643 packed step 35/46 processed=500000/2501982 next_states=729105 step_elapsed=1.07022s elapsed=20.0872s
      D_11 capped mod 9223372036854775643 packed step 35/46 processed=1000000/2501982 next_states=1410157 step_elapsed=2.53274s elapsed=21.5497s
      D_11 capped mod 9223372036854775643 packed step 35/46 processed=1500000/2501982 next_states=2065995 step_elapsed=4.09533s elapsed=23.1123s
      D_11 capped mod 9223372036854775643 packed step 35/46 processed=2000000/2501982 next_states=2691056 step_elapsed=5.78602s elapsed=24.803s
      D_11 capped mod 9223372036854775643 packed step 35/46 processed=2500000/2501982 next_states=3263916 step_elapsed=7.44268s elapsed=26.4597s
    D_11 capped mod 9223372036854775643 forward step 35/46 states=3265628 elapsed=26.47s
      D_11 capped mod scan m_35 processed=500000/3265628 elapsed=0.00126659s
      D_11 capped mod scan m_35 processed=1000000/3265628 elapsed=0.00254139s
      D_11 capped mod scan m_35 processed=1500000/3265628 elapsed=0.00391995s
      D_11 capped mod scan m_35 processed=2000000/3265628 elapsed=0.00529124s
      D_11 capped mod scan m_35 processed=2500000/3265628 elapsed=0.00676996s
      D_11 capped mod scan m_35 processed=3000000/3265628 elapsed=0.00839665s
D_11 MOD 9223372036854775643 m_35 kept_even=8438785761275179281 det=604950547019293396
      D_11 capped mod 9223372036854775643 packed step 36/46 processed=500000/3265628 next_states=733710 step_elapsed=1.10959s elapsed=27.6322s
      D_11 capped mod 9223372036854775643 packed step 36/46 processed=1000000/3265628 next_states=1422183 step_elapsed=2.55764s elapsed=29.0803s
      D_11 capped mod 9223372036854775643 packed step 36/46 processed=1500000/3265628 next_states=2091215 step_elapsed=4.14907s elapsed=30.6717s
      D_11 capped mod 9223372036854775643 packed step 36/46 processed=2000000/3265628 next_states=2737832 step_elapsed=5.89577s elapsed=32.4184s
      D_11 capped mod 9223372036854775643 packed step 36/46 processed=2500000/3265628 next_states=3358759 step_elapsed=7.83609s elapsed=34.3587s
      D_11 capped mod 9223372036854775643 packed step 36/46 processed=3000000/3265628 next_states=3956027 step_elapsed=9.64589s elapsed=36.1685s
    D_11 capped mod 9223372036854775643 forward step 36/46 states=4244430 elapsed=37.007s
      D_11 capped mod scan m_36 processed=500000/4244430 elapsed=0.00152942s
      D_11 capped mod scan m_36 processed=1000000/4244430 elapsed=0.00280958s
      D_11 capped mod scan m_36 processed=1500000/4244430 elapsed=0.00399928s
      D_11 capped mod scan m_36 processed=2000000/4244430 elapsed=0.00549664s
      D_11 capped mod scan m_36 processed=2500000/4244430 elapsed=0.00671523s
      D_11 capped mod scan m_36 processed=3000000/4244430 elapsed=0.00826399s
      D_11 capped mod scan m_36 processed=3500000/4244430 elapsed=0.00969546s
      D_11 capped mod scan m_36 processed=4000000/4244430 elapsed=0.0113804s
D_11 MOD 9223372036854775643 m_36 kept_even=7061677255247874634 det=1775343171012488921
      D_11 capped mod 9223372036854775643 packed step 37/46 processed=500000/4244430 next_states=736133 step_elapsed=1.10836s elapsed=38.1704s
      D_11 capped mod 9223372036854775643 packed step 37/46 processed=1000000/4244430 next_states=1431946 step_elapsed=2.48851s elapsed=39.5505s
      D_11 capped mod 9223372036854775643 packed step 37/46 processed=1500000/4244430 next_states=2104438 step_elapsed=4.07308s elapsed=41.1351s
      D_11 capped mod 9223372036854775643 packed step 37/46 processed=2000000/4244430 next_states=2759954 step_elapsed=5.81088s elapsed=42.8729s
      D_11 capped mod 9223372036854775643 packed step 37/46 processed=2500000/4244430 next_states=3406126 step_elapsed=7.62034s elapsed=44.6823s
      D_11 capped mod 9223372036854775643 packed step 37/46 processed=3000000/4244430 next_states=4035330 step_elapsed=9.52506s elapsed=46.5871s
      D_11 capped mod 9223372036854775643 packed step 37/46 processed=3500000/4244430 next_states=4642878 step_elapsed=11.4864s elapsed=48.5484s
      D_11 capped mod 9223372036854775643 packed step 37/46 processed=4000000/4244430 next_states=5232980 step_elapsed=13.3887s elapsed=50.4507s
    D_11 capped mod 9223372036854775643 forward step 37/46 states=5494247 elapsed=51.2502s
      D_11 capped mod scan m_37 processed=500000/5494247 elapsed=0.00257844s
      D_11 capped mod scan m_37 processed=1000000/5494247 elapsed=0.00476968s
      D_11 capped mod scan m_37 processed=1500000/5494247 elapsed=0.0060634s
      D_11 capped mod scan m_37 processed=2000000/5494247 elapsed=0.00726103s
      D_11 capped mod scan m_37 processed=2500000/5494247 elapsed=0.0087065s
      D_11 capped mod scan m_37 processed=3000000/5494247 elapsed=0.0100142s
      D_11 capped mod scan m_37 processed=3500000/5494247 elapsed=0.011357s
      D_11 capped mod scan m_37 processed=4000000/5494247 elapsed=0.0129379s
      D_11 capped mod scan m_37 processed=4500000/5494247 elapsed=0.0143797s
      D_11 capped mod scan m_37 processed=5000000/5494247 elapsed=0.0160543s
D_11 MOD 9223372036854775643 m_37 kept_even=5121417345504431723 det=8357539562506506216
      D_11 capped mod 9223372036854775643 packed step 38/46 processed=500000/5494247 next_states=739005 step_elapsed=1.19669s elapsed=52.541s
      D_11 capped mod 9223372036854775643 packed step 38/46 processed=1000000/5494247 next_states=1439428 step_elapsed=2.69039s elapsed=54.0347s
      D_11 capped mod 9223372036854775643 packed step 38/46 processed=1500000/5494247 next_states=2117571 step_elapsed=4.43592s elapsed=55.7802s
      D_11 capped mod 9223372036854775643 packed step 38/46 processed=2000000/5494247 next_states=2788025 step_elapsed=6.221s elapsed=57.5653s
      D_11 capped mod 9223372036854775643 packed step 38/46 processed=2500000/5494247 next_states=3446130 step_elapsed=8.0031s elapsed=59.3474s
      D_11 capped mod 9223372036854775643 packed step 38/46 processed=3000000/5494247 next_states=4096021 step_elapsed=9.9456s elapsed=61.2899s
      D_11 capped mod 9223372036854775643 packed step 38/46 processed=3500000/5494247 next_states=4726932 step_elapsed=12.052s elapsed=63.3962s
      D_11 capped mod 9223372036854775643 packed step 38/46 processed=4000000/5494247 next_states=5342458 step_elapsed=14.2372s elapsed=65.5814s
      D_11 capped mod 9223372036854775643 packed step 38/46 processed=4500000/5494247 next_states=5953193 step_elapsed=16.2153s elapsed=67.5596s
      D_11 capped mod 9223372036854775643 packed step 38/46 processed=5000000/5494247 next_states=6539824 step_elapsed=18.1695s elapsed=69.5137s
    D_11 capped mod 9223372036854775643 forward step 38/46 states=7084376 elapsed=71.1772s
      D_11 capped mod scan m_38 processed=500000/7084376 elapsed=0.00124317s
      D_11 capped mod scan m_38 processed=1000000/7084376 elapsed=0.00249765s
      D_11 capped mod scan m_38 processed=1500000/7084376 elapsed=0.00378967s
      D_11 capped mod scan m_38 processed=2000000/7084376 elapsed=0.00519077s
      D_11 capped mod scan m_38 processed=2500000/7084376 elapsed=0.00652873s
      D_11 capped mod scan m_38 processed=3000000/7084376 elapsed=0.00775501s
      D_11 capped mod scan m_38 processed=3500000/7084376 elapsed=0.00919617s
      D_11 capped mod scan m_38 processed=4000000/7084376 elapsed=0.0109807s
      D_11 capped mod scan m_38 processed=4500000/7084376 elapsed=0.0134912s
      D_11 capped mod scan m_38 processed=5000000/7084376 elapsed=0.0159057s
      D_11 capped mod scan m_38 processed=5500000/7084376 elapsed=0.0182392s
      D_11 capped mod scan m_38 processed=6000000/7084376 elapsed=0.0203636s
      D_11 capped mod scan m_38 processed=6500000/7084376 elapsed=0.0220472s
      D_11 capped mod scan m_38 processed=7000000/7084376 elapsed=0.0238625s
D_11 MOD 9223372036854775643 m_38 kept_even=449010310702358793 det=5042099744225940001
      D_11 capped mod 9223372036854775643 packed step 39/46 processed=500000/7084376 next_states=741207 step_elapsed=1.13347s elapsed=72.4086s
      D_11 capped mod 9223372036854775643 packed step 39/46 processed=1000000/7084376 next_states=1445076 step_elapsed=2.52596s elapsed=73.8011s
      D_11 capped mod 9223372036854775643 packed step 39/46 processed=1500000/7084376 next_states=2130184 step_elapsed=4.17821s elapsed=75.4533s
      D_11 capped mod 9223372036854775643 packed step 39/46 processed=2000000/7084376 next_states=2806556 step_elapsed=5.81748s elapsed=77.0926s
      D_11 capped mod 9223372036854775643 packed step 39/46 processed=2500000/7084376 next_states=3477183 step_elapsed=7.58887s elapsed=78.864s
      D_11 capped mod 9223372036854775643 packed step 39/46 processed=3000000/7084376 next_states=4125563 step_elapsed=9.56217s elapsed=80.8373s
      D_11 capped mod 9223372036854775643 packed step 39/46 processed=3500000/7084376 next_states=4777822 step_elapsed=11.5067s elapsed=82.7818s
      D_11 capped mod 9223372036854775643 packed step 39/46 processed=4000000/7084376 next_states=5426242 step_elapsed=13.436s elapsed=84.7111s
      D_11 capped mod 9223372036854775643 packed step 39/46 processed=4500000/7084376 next_states=6045608 step_elapsed=15.7345s elapsed=87.0096s
      D_11 capped mod 9223372036854775643 packed step 39/46 processed=5000000/7084376 next_states=6675080 step_elapsed=17.7858s elapsed=89.0609s
      D_11 capped mod 9223372036854775643 packed step 39/46 processed=5500000/7084376 next_states=7280100 step_elapsed=20.0779s elapsed=91.353s
      D_11 capped mod 9223372036854775643 packed step 39/46 processed=6000000/7084376 next_states=7876841 step_elapsed=22.3576s elapsed=93.6326s
      D_11 capped mod 9223372036854775643 packed step 39/46 processed=6500000/7084376 next_states=8461399 step_elapsed=24.4811s elapsed=95.7562s
      D_11 capped mod 9223372036854775643 packed step 39/46 processed=7000000/7084376 next_states=9016337 step_elapsed=26.5135s elapsed=97.7886s
    D_11 capped mod 9223372036854775643 forward step 39/46 states=9100351 elapsed=98.0758s
      D_11 capped mod scan m_39 processed=500000/9100351 elapsed=0.00132185s
      D_11 capped mod scan m_39 processed=1000000/9100351 elapsed=0.00261224s
      D_11 capped mod scan m_39 processed=1500000/9100351 elapsed=0.00399668s
      D_11 capped mod scan m_39 processed=2000000/9100351 elapsed=0.00533289s
      D_11 capped mod scan m_39 processed=2500000/9100351 elapsed=0.00752042s
      D_11 capped mod scan m_39 processed=3000000/9100351 elapsed=0.00980973s
      D_11 capped mod scan m_39 processed=3500000/9100351 elapsed=0.0130672s
      D_11 capped mod scan m_39 processed=4000000/9100351 elapsed=0.015365s
      D_11 capped mod scan m_39 processed=4500000/9100351 elapsed=0.0167548s
      D_11 capped mod scan m_39 processed=5000000/9100351 elapsed=0.0182559s
      D_11 capped mod scan m_39 processed=5500000/9100351 elapsed=0.0195962s
      D_11 capped mod scan m_39 processed=6000000/9100351 elapsed=0.0209559s
      D_11 capped mod scan m_39 processed=6500000/9100351 elapsed=0.0225086s
      D_11 capped mod scan m_39 processed=7000000/9100351 elapsed=0.024258s
      D_11 capped mod scan m_39 processed=7500000/9100351 elapsed=0.0257595s
      D_11 capped mod scan m_39 processed=8000000/9100351 elapsed=0.0279387s
      D_11 capped mod scan m_39 processed=8500000/9100351 elapsed=0.030299s
      D_11 capped mod scan m_39 processed=9000000/9100351 elapsed=0.0331313s
D_11 MOD 9223372036854775643 m_39 kept_even=4977168178325491931 det=2291998899387295463
      D_11 capped mod 9223372036854775643 packed step 40/46 processed=500000/9100351 next_states=743539 step_elapsed=1.30028s elapsed=99.4956s
      D_11 capped mod 9223372036854775643 packed step 40/46 processed=1000000/9100351 next_states=1448894 step_elapsed=2.96452s elapsed=101.16s
      D_11 capped mod 9223372036854775643 packed step 40/46 processed=1500000/9100351 next_states=2138947 step_elapsed=4.90719s elapsed=103.102s
      D_11 capped mod 9223372036854775643 packed step 40/46 processed=2000000/9100351 next_states=2824545 step_elapsed=6.83379s elapsed=105.029s
      D_11 capped mod 9223372036854775643 packed step 40/46 processed=2500000/9100351 next_states=3499721 step_elapsed=8.99931s elapsed=107.195s
      D_11 capped mod 9223372036854775643 packed step 40/46 processed=3000000/9100351 next_states=4158182 step_elapsed=11.2567s elapsed=109.452s
      D_11 capped mod 9223372036854775643 packed step 40/46 processed=3500000/9100351 next_states=4824423 step_elapsed=13.3472s elapsed=111.542s
      D_11 capped mod 9223372036854775643 packed step 40/46 processed=4000000/9100351 next_states=5464241 step_elapsed=15.7658s elapsed=113.961s
      D_11 capped mod 9223372036854775643 packed step 40/46 processed=4500000/9100351 next_states=6121650 step_elapsed=17.868s elapsed=116.063s
      D_11 capped mod 9223372036854775643 packed step 40/46 processed=5000000/9100351 next_states=6743957 step_elapsed=20.5561s elapsed=118.751s
      D_11 capped mod 9223372036854775643 packed step 40/46 processed=5500000/9100351 next_states=7393750 step_elapsed=22.8547s elapsed=121.05s
      D_11 capped mod 9223372036854775643 packed step 40/46 processed=6000000/9100351 next_states=8005911 step_elapsed=25.6641s elapsed=123.859s
      D_11 capped mod 9223372036854775643 packed step 40/46 processed=6500000/9100351 next_states=8636349 step_elapsed=28.1496s elapsed=126.345s
      D_11 capped mod 9223372036854775643 packed step 40/46 processed=7000000/9100351 next_states=9231267 step_elapsed=30.7632s elapsed=128.959s
      D_11 capped mod 9223372036854775643 packed step 40/46 processed=7500000/9100351 next_states=9843669 step_elapsed=33.3012s elapsed=131.496s
      D_11 capped mod 9223372036854775643 packed step 40/46 processed=8000000/9100351 next_states=10417702 step_elapsed=35.961s elapsed=134.156s
      D_11 capped mod 9223372036854775643 packed step 40/46 processed=8500000/9100351 next_states=10996622 step_elapsed=38.3601s elapsed=136.555s
      D_11 capped mod 9223372036854775643 packed step 40/46 processed=9000000/9100351 next_states=11548373 step_elapsed=40.6037s elapsed=138.799s
    D_11 capped mod 9223372036854775643 forward step 40/46 states=11647586 elapsed=139.199s
      D_11 capped mod scan m_40 processed=500000/11647586 elapsed=0.00148876s
      D_11 capped mod scan m_40 processed=1000000/11647586 elapsed=0.00279037s
      D_11 capped mod scan m_40 processed=1500000/11647586 elapsed=0.00411137s
      D_11 capped mod scan m_40 processed=2000000/11647586 elapsed=0.00537046s
      D_11 capped mod scan m_40 processed=2500000/11647586 elapsed=0.00694199s
      D_11 capped mod scan m_40 processed=3000000/11647586 elapsed=0.0082407s
      D_11 capped mod scan m_40 processed=3500000/11647586 elapsed=0.00946622s
      D_11 capped mod scan m_40 processed=4000000/11647586 elapsed=0.0109065s
      D_11 capped mod scan m_40 processed=4500000/11647586 elapsed=0.0123268s
      D_11 capped mod scan m_40 processed=5000000/11647586 elapsed=0.0137856s
      D_11 capped mod scan m_40 processed=5500000/11647586 elapsed=0.015043s
      D_11 capped mod scan m_40 processed=6000000/11647586 elapsed=0.0164238s
      D_11 capped mod scan m_40 processed=6500000/11647586 elapsed=0.0178991s
      D_11 capped mod scan m_40 processed=7000000/11647586 elapsed=0.0195179s
      D_11 capped mod scan m_40 processed=7500000/11647586 elapsed=0.0208694s
      D_11 capped mod scan m_40 processed=8000000/11647586 elapsed=0.0222609s
      D_11 capped mod scan m_40 processed=8500000/11647586 elapsed=0.023715s
      D_11 capped mod scan m_40 processed=9000000/11647586 elapsed=0.0253742s
      D_11 capped mod scan m_40 processed=9500000/11647586 elapsed=0.0271388s
      D_11 capped mod scan m_40 processed=10000000/11647586 elapsed=0.0286287s
      D_11 capped mod scan m_40 processed=10500000/11647586 elapsed=0.0312174s
      D_11 capped mod scan m_40 processed=11000000/11647586 elapsed=0.0331824s
      D_11 capped mod scan m_40 processed=11500000/11647586 elapsed=0.0350835s
D_11 MOD 9223372036854775643 m_40 kept_even=3736969443452275884 det=4767177966534242528
      D_11 capped mod 9223372036854775643 packed step 41/46 processed=500000/11647586 next_states=744753 step_elapsed=1.36262s elapsed=140.76s
      D_11 capped mod 9223372036854775643 packed step 41/46 processed=1000000/11647586 next_states=1454194 step_elapsed=2.95693s elapsed=142.355s
      D_11 capped mod 9223372036854775643 packed step 41/46 processed=1500000/11647586 next_states=2148292 step_elapsed=4.75612s elapsed=144.154s
      D_11 capped mod 9223372036854775643 packed step 41/46 processed=2000000/11647586 next_states=2837266 step_elapsed=6.78344s elapsed=146.181s
      D_11 capped mod 9223372036854775643 packed step 41/46 processed=2500000/11647586 next_states=3508959 step_elapsed=9.02951s elapsed=148.427s
      D_11 capped mod 9223372036854775643 packed step 41/46 processed=3000000/11647586 next_states=4179549 step_elapsed=11.0985s elapsed=150.496s
      D_11 capped mod 9223372036854775643 packed step 41/46 processed=3500000/11647586 next_states=4855828 step_elapsed=13.1873s elapsed=152.585s
      D_11 capped mod 9223372036854775643 packed step 41/46 processed=4000000/11647586 next_states=5506061 step_elapsed=15.3807s elapsed=154.778s
      D_11 capped mod 9223372036854775643 packed step 41/46 processed=4500000/11647586 next_states=6167201 step_elapsed=17.6001s elapsed=156.998s
      D_11 capped mod 9223372036854775643 packed step 41/46 processed=5000000/11647586 next_states=6816125 step_elapsed=19.8662s elapsed=159.264s
      D_11 capped mod 9223372036854775643 packed step 41/46 processed=5500000/11647586 next_states=7450967 step_elapsed=22.3416s elapsed=161.739s
      D_11 capped mod 9223372036854775643 packed step 41/46 processed=6000000/11647586 next_states=8107806 step_elapsed=24.5403s elapsed=163.938s
      D_11 capped mod 9223372036854775643 packed step 41/46 processed=6500000/11647586 next_states=8729528 step_elapsed=26.9708s elapsed=166.368s
      D_11 capped mod 9223372036854775643 packed step 41/46 processed=7000000/11647586 next_states=9359377 step_elapsed=29.2374s elapsed=168.635s
      D_11 capped mod 9223372036854775643 packed step 41/46 processed=7500000/11647586 next_states=9993428 step_elapsed=31.513s elapsed=170.911s
      D_11 capped mod 9223372036854775643 packed step 41/46 processed=8000000/11647586 next_states=10599450 step_elapsed=33.9609s elapsed=173.359s
      D_11 capped mod 9223372036854775643 packed step 41/46 processed=8500000/11647586 next_states=11226149 step_elapsed=36.1751s elapsed=175.573s
      D_11 capped mod 9223372036854775643 packed step 41/46 processed=9000000/11647586 next_states=11824502 step_elapsed=38.6735s elapsed=178.071s
      D_11 capped mod 9223372036854775643 packed step 41/46 processed=9500000/11647586 next_states=12417101 step_elapsed=41.1079s elapsed=180.506s
      D_11 capped mod 9223372036854775643 packed step 41/46 processed=10000000/11647586 next_states=13016142 step_elapsed=43.4649s elapsed=182.863s
      D_11 capped mod 9223372036854775643 packed step 41/46 processed=10500000/11647586 next_states=13593053 step_elapsed=45.8253s elapsed=185.223s
      D_11 capped mod 9223372036854775643 packed step 41/46 processed=11000000/11647586 next_states=14158348 step_elapsed=48.1545s elapsed=187.552s
      D_11 capped mod 9223372036854775643 packed step 41/46 processed=11500000/11647586 next_states=14707799 step_elapsed=50.1392s elapsed=189.537s
    D_11 capped mod 9223372036854775643 forward step 41/46 states=14855542 elapsed=190.047s
      D_11 capped mod scan m_41 processed=500000/14855542 elapsed=0.00131146s
      D_11 capped mod scan m_41 processed=1000000/14855542 elapsed=0.00262593s
      D_11 capped mod scan m_41 processed=1500000/14855542 elapsed=0.0038544s
      D_11 capped mod scan m_41 processed=2000000/14855542 elapsed=0.00515482s
      D_11 capped mod scan m_41 processed=2500000/14855542 elapsed=0.00622191s
      D_11 capped mod scan m_41 processed=3000000/14855542 elapsed=0.00767927s
      D_11 capped mod scan m_41 processed=3500000/14855542 elapsed=0.00911984s
      D_11 capped mod scan m_41 processed=4000000/14855542 elapsed=0.0102828s
      D_11 capped mod scan m_41 processed=4500000/14855542 elapsed=0.0114485s
      D_11 capped mod scan m_41 processed=5000000/14855542 elapsed=0.0129052s
      D_11 capped mod scan m_41 processed=5500000/14855542 elapsed=0.0143669s
      D_11 capped mod scan m_41 processed=6000000/14855542 elapsed=0.0160362s
      D_11 capped mod scan m_41 processed=6500000/14855542 elapsed=0.0185088s
      D_11 capped mod scan m_41 processed=7000000/14855542 elapsed=0.0198424s
      D_11 capped mod scan m_41 processed=7500000/14855542 elapsed=0.0211274s
      D_11 capped mod scan m_41 processed=8000000/14855542 elapsed=0.0227053s
      D_11 capped mod scan m_41 processed=8500000/14855542 elapsed=0.0242885s
      D_11 capped mod scan m_41 processed=9000000/14855542 elapsed=0.0258622s
      D_11 capped mod scan m_41 processed=9500000/14855542 elapsed=0.0273878s
      D_11 capped mod scan m_41 processed=10000000/14855542 elapsed=0.0288561s
      D_11 capped mod scan m_41 processed=10500000/14855542 elapsed=0.0302959s
      D_11 capped mod scan m_41 processed=11000000/14855542 elapsed=0.0318845s
      D_11 capped mod scan m_41 processed=11500000/14855542 elapsed=0.0334745s
      D_11 capped mod scan m_41 processed=12000000/14855542 elapsed=0.0352187s
      D_11 capped mod scan m_41 processed=12500000/14855542 elapsed=0.0369525s
      D_11 capped mod scan m_41 processed=13000000/14855542 elapsed=0.0383878s
      D_11 capped mod scan m_41 processed=13500000/14855542 elapsed=0.0399566s
      D_11 capped mod scan m_41 processed=14000000/14855542 elapsed=0.041785s
      D_11 capped mod scan m_41 processed=14500000/14855542 elapsed=0.0437023s
D_11 MOD 9223372036854775643 m_41 kept_even=8961965698907257958 det=1512275804466883341
      D_11 capped mod 9223372036854775643 packed step 42/46 processed=500000/14855542 next_states=746032 step_elapsed=1.28321s elapsed=191.546s
      D_11 capped mod 9223372036854775643 packed step 42/46 processed=1000000/14855542 next_states=1458046 step_elapsed=2.83885s elapsed=193.102s
      D_11 capped mod 9223372036854775643 packed step 42/46 processed=1500000/14855542 next_states=2153710 step_elapsed=4.53447s elapsed=194.797s
      D_11 capped mod 9223372036854775643 packed step 42/46 processed=2000000/14855542 next_states=2846989 step_elapsed=6.35918s elapsed=196.622s
      D_11 capped mod 9223372036854775643 packed step 42/46 processed=2500000/14855542 next_states=3519069 step_elapsed=8.45257s elapsed=198.715s
      D_11 capped mod 9223372036854775643 packed step 42/46 processed=3000000/14855542 next_states=4202105 step_elapsed=10.4283s elapsed=200.691s
      D_11 capped mod 9223372036854775643 packed step 42/46 processed=3500000/14855542 next_states=4870014 step_elapsed=12.5179s elapsed=202.781s
      D_11 capped mod 9223372036854775643 packed step 42/46 processed=4000000/14855542 next_states=5541321 step_elapsed=14.5619s elapsed=204.825s
      D_11 capped mod 9223372036854775643 packed step 42/46 processed=4500000/14855542 next_states=6195560 step_elapsed=16.9049s elapsed=207.168s
      D_11 capped mod 9223372036854775643 packed step 42/46 processed=5000000/14855542 next_states=6869038 step_elapsed=19.0321s elapsed=209.295s
      D_11 capped mod 9223372036854775643 packed step 42/46 processed=5500000/14855542 next_states=7508753 step_elapsed=21.8458s elapsed=212.108s
      D_11 capped mod 9223372036854775643 packed step 42/46 processed=6000000/14855542 next_states=8151492 step_elapsed=24.572s elapsed=214.835s
      D_11 capped mod 9223372036854775643 packed step 42/46 processed=6500000/14855542 next_states=8819907 step_elapsed=27.1038s elapsed=217.366s
      D_11 capped mod 9223372036854775643 packed step 42/46 processed=7000000/14855542 next_states=9449004 step_elapsed=29.8395s elapsed=220.102s
      D_11 capped mod 9223372036854775643 packed step 42/46 processed=7500000/14855542 next_states=10076200 step_elapsed=32.7435s elapsed=223.006s
      D_11 capped mod 9223372036854775643 packed step 42/46 processed=8000000/14855542 next_states=10736285 step_elapsed=35.1804s elapsed=225.443s
      D_11 capped mod 9223372036854775643 packed step 42/46 processed=8500000/14855542 next_states=11356421 step_elapsed=37.8977s elapsed=228.16s
      D_11 capped mod 9223372036854775643 packed step 42/46 processed=9000000/14855542 next_states=11970406 step_elapsed=41.2165s elapsed=231.479s
      D_11 capped mod 9223372036854775643 packed step 42/46 processed=9500000/14855542 next_states=12610339 step_elapsed=43.6313s elapsed=233.894s
      D_11 capped mod 9223372036854775643 packed step 42/46 processed=10000000/14855542 next_states=13228708 step_elapsed=46.3992s elapsed=236.662s
      D_11 capped mod 9223372036854775643 packed step 42/46 processed=10500000/14855542 next_states=13830181 step_elapsed=49.4876s elapsed=239.75s
      D_11 capped mod 9223372036854775643 packed step 42/46 processed=11000000/14855542 next_states=14438280 step_elapsed=52.2715s elapsed=242.534s
      D_11 capped mod 9223372036854775643 packed step 42/46 processed=11500000/14855542 next_states=15057312 step_elapsed=55.1591s elapsed=245.422s
      D_11 capped mod 9223372036854775643 packed step 42/46 processed=12000000/14855542 next_states=15641678 step_elapsed=58.1932s elapsed=248.456s
      D_11 capped mod 9223372036854775643 packed step 42/46 processed=12500000/14855542 next_states=16235988 step_elapsed=61.2798s elapsed=251.542s
      D_11 capped mod 9223372036854775643 packed step 42/46 processed=13000000/14855542 next_states=16827459 step_elapsed=64.1384s elapsed=254.401s
      D_11 capped mod 9223372036854775643 packed step 42/46 processed=13500000/14855542 next_states=17386893 step_elapsed=67.1012s elapsed=257.364s
      D_11 capped mod 9223372036854775643 packed step 42/46 processed=14000000/14855542 next_states=17967754 step_elapsed=69.7132s elapsed=259.976s
      D_11 capped mod 9223372036854775643 packed step 42/46 processed=14500000/14855542 next_states=18517787 step_elapsed=72.3669s elapsed=262.63s
    D_11 capped mod 9223372036854775643 forward step 42/46 states=18882842 elapsed=264.242s
      D_11 capped mod scan m_42 processed=500000/18882842 elapsed=0.00147475s
      D_11 capped mod scan m_42 processed=1000000/18882842 elapsed=0.00278887s
      D_11 capped mod scan m_42 processed=1500000/18882842 elapsed=0.00424704s
      D_11 capped mod scan m_42 processed=2000000/18882842 elapsed=0.00584448s
      D_11 capped mod scan m_42 processed=2500000/18882842 elapsed=0.00739414s
      D_11 capped mod scan m_42 processed=3000000/18882842 elapsed=0.00888477s
      D_11 capped mod scan m_42 processed=3500000/18882842 elapsed=0.0101152s
      D_11 capped mod scan m_42 processed=4000000/18882842 elapsed=0.0115676s
      D_11 capped mod scan m_42 processed=4500000/18882842 elapsed=0.012974s
      D_11 capped mod scan m_42 processed=5000000/18882842 elapsed=0.014268s
      D_11 capped mod scan m_42 processed=5500000/18882842 elapsed=0.0154037s
      D_11 capped mod scan m_42 processed=6000000/18882842 elapsed=0.0166528s
      D_11 capped mod scan m_42 processed=6500000/18882842 elapsed=0.0180853s
      D_11 capped mod scan m_42 processed=7000000/18882842 elapsed=0.0196375s
      D_11 capped mod scan m_42 processed=7500000/18882842 elapsed=0.0210607s
      D_11 capped mod scan m_42 processed=8000000/18882842 elapsed=0.0227115s
      D_11 capped mod scan m_42 processed=8500000/18882842 elapsed=0.0239804s
      D_11 capped mod scan m_42 processed=9000000/18882842 elapsed=0.025223s
      D_11 capped mod scan m_42 processed=9500000/18882842 elapsed=0.0265588s
      D_11 capped mod scan m_42 processed=10000000/18882842 elapsed=0.0278846s
      D_11 capped mod scan m_42 processed=10500000/18882842 elapsed=0.0294317s
      D_11 capped mod scan m_42 processed=11000000/18882842 elapsed=0.0311887s
      D_11 capped mod scan m_42 processed=11500000/18882842 elapsed=0.0335735s
      D_11 capped mod scan m_42 processed=12000000/18882842 elapsed=0.0360419s
      D_11 capped mod scan m_42 processed=12500000/18882842 elapsed=0.038487s
      D_11 capped mod scan m_42 processed=13000000/18882842 elapsed=0.040113s
      D_11 capped mod scan m_42 processed=13500000/18882842 elapsed=0.0416237s
      D_11 capped mod scan m_42 processed=14000000/18882842 elapsed=0.0449166s
      D_11 capped mod scan m_42 processed=14500000/18882842 elapsed=0.0469344s
      D_11 capped mod scan m_42 processed=15000000/18882842 elapsed=0.0495835s
      D_11 capped mod scan m_42 processed=15500000/18882842 elapsed=0.0516704s
      D_11 capped mod scan m_42 processed=16000000/18882842 elapsed=0.0535412s
      D_11 capped mod scan m_42 processed=16500000/18882842 elapsed=0.0549813s
      D_11 capped mod scan m_42 processed=17000000/18882842 elapsed=0.0566108s
      D_11 capped mod scan m_42 processed=17500000/18882842 elapsed=0.0584124s
      D_11 capped mod scan m_42 processed=18000000/18882842 elapsed=0.0603462s
      D_11 capped mod scan m_42 processed=18500000/18882842 elapsed=0.0622725s
D_11 MOD 9223372036854775643 m_42 kept_even=7173704129220511022 det=4458447619444793676
      D_11 capped mod 9223372036854775643 packed step 43/46 processed=500000/18882842 next_states=746032 step_elapsed=1.45566s elapsed=265.928s
      D_11 capped mod 9223372036854775643 packed step 43/46 processed=1000000/18882842 next_states=1461410 step_elapsed=3.1363s elapsed=267.608s
      D_11 capped mod 9223372036854775643 packed step 43/46 processed=1500000/18882842 next_states=2160024 step_elapsed=4.95451s elapsed=269.426s
      D_11 capped mod 9223372036854775643 packed step 43/46 processed=2000000/18882842 next_states=2853788 step_elapsed=6.72061s elapsed=271.193s
      D_11 capped mod 9223372036854775643 packed step 43/46 processed=2500000/18882842 next_states=3531129 step_elapsed=8.72542s elapsed=273.197s
      D_11 capped mod 9223372036854775643 packed step 43/46 processed=3000000/18882842 next_states=4218189 step_elapsed=10.5084s elapsed=274.98s
      D_11 capped mod 9223372036854775643 packed step 43/46 processed=3500000/18882842 next_states=4885942 step_elapsed=12.639s elapsed=277.111s
      D_11 capped mod 9223372036854775643 packed step 43/46 processed=4000000/18882842 next_states=5569801 step_elapsed=14.553s elapsed=279.025s
      D_11 capped mod 9223372036854775643 packed step 43/46 processed=4500000/18882842 next_states=6227732 step_elapsed=16.8422s elapsed=281.314s
      D_11 capped mod 9223372036854775643 packed step 43/46 processed=5000000/18882842 next_states=6902619 step_elapsed=18.8784s elapsed=283.35s
      D_11 capped mod 9223372036854775643 packed step 43/46 processed=5500000/18882842 next_states=7558762 step_elapsed=21.0712s elapsed=285.543s
      D_11 capped mod 9223372036854775643 packed step 43/46 processed=6000000/18882842 next_states=8209660 step_elapsed=23.5779s elapsed=288.05s
      D_11 capped mod 9223372036854775643 packed step 43/46 processed=6500000/18882842 next_states=8871674 step_elapsed=25.6843s elapsed=290.156s
      D_11 capped mod 9223372036854775643 packed step 43/46 processed=7000000/18882842 next_states=9527141 step_elapsed=27.8831s elapsed=292.355s
      D_11 capped mod 9223372036854775643 packed step 43/46 processed=7500000/18882842 next_states=10159947 step_elapsed=30.7912s elapsed=295.263s
      D_11 capped mod 9223372036854775643 packed step 43/46 processed=8000000/18882842 next_states=10800624 step_elapsed=33.3416s elapsed=297.814s
      D_11 capped mod 9223372036854775643 packed step 43/46 processed=8500000/18882842 next_states=11465702 step_elapsed=35.4143s elapsed=299.886s
      D_11 capped mod 9223372036854775643 packed step 43/46 processed=9000000/18882842 next_states=12097531 step_elapsed=37.8476s elapsed=302.32s
      D_11 capped mod 9223372036854775643 packed step 43/46 processed=9500000/18882842 next_states=12722622 step_elapsed=40.4211s elapsed=304.893s
      D_11 capped mod 9223372036854775643 packed step 43/46 processed=10000000/18882842 next_states=13348893 step_elapsed=43.0619s elapsed=307.534s
      D_11 capped mod 9223372036854775643 packed step 43/46 processed=10500000/18882842 next_states=14002119 step_elapsed=45.2689s elapsed=309.741s
      D_11 capped mod 9223372036854775643 packed step 43/46 processed=11000000/18882842 next_states=14626301 step_elapsed=47.7684s elapsed=312.24s
      D_11 capped mod 9223372036854775643 packed step 43/46 processed=11500000/18882842 next_states=15240665 step_elapsed=50.7548s elapsed=315.227s
      D_11 capped mod 9223372036854775643 packed step 43/46 processed=12000000/18882842 next_states=15843747 step_elapsed=53.7865s elapsed=318.258s
      D_11 capped mod 9223372036854775643 packed step 43/46 processed=12500000/18882842 next_states=16482551 step_elapsed=56.0876s elapsed=320.56s
      D_11 capped mod 9223372036854775643 packed step 43/46 processed=13000000/18882842 next_states=17107123 step_elapsed=58.8529s elapsed=323.325s
      D_11 capped mod 9223372036854775643 packed step 43/46 processed=13500000/18882842 next_states=17705069 step_elapsed=61.7343s elapsed=326.206s
      D_11 capped mod 9223372036854775643 packed step 43/46 processed=14000000/18882842 next_states=18301093 step_elapsed=64.8994s elapsed=329.371s
      D_11 capped mod 9223372036854775643 packed step 43/46 processed=14500000/18882842 next_states=18916064 step_elapsed=67.4503s elapsed=331.922s
      D_11 capped mod 9223372036854775643 packed step 43/46 processed=15000000/18882842 next_states=19525225 step_elapsed=70.3693s elapsed=334.841s
      D_11 capped mod 9223372036854775643 packed step 43/46 processed=15500000/18882842 next_states=20104474 step_elapsed=73.4045s elapsed=337.876s
      D_11 capped mod 9223372036854775643 packed step 43/46 processed=16000000/18882842 next_states=20681270 step_elapsed=76.4833s elapsed=340.955s
      D_11 capped mod 9223372036854775643 packed step 43/46 processed=16500000/18882842 next_states=21288627 step_elapsed=79.0981s elapsed=343.57s
      D_11 capped mod 9223372036854775643 packed step 43/46 processed=17000000/18882842 next_states=21855202 step_elapsed=82.0805s elapsed=346.552s
      D_11 capped mod 9223372036854775643 packed step 43/46 processed=17500000/18882842 next_states=22425094 step_elapsed=84.8795s elapsed=349.351s
      D_11 capped mod 9223372036854775643 packed step 43/46 processed=18000000/18882842 next_states=22985284 step_elapsed=87.6053s elapsed=352.077s
      D_11 capped mod 9223372036854775643 packed step 43/46 processed=18500000/18882842 next_states=23532854 step_elapsed=90.1701s elapsed=354.642s
    D_11 capped mod 9223372036854775643 forward step 43/46 states=23923206 elapsed=356.299s
      D_11 capped mod scan m_43 processed=500000/23923206 elapsed=0.00242911s
      D_11 capped mod scan m_43 processed=1000000/23923206 elapsed=0.00542067s
      D_11 capped mod scan m_43 processed=1500000/23923206 elapsed=0.010369s
      D_11 capped mod scan m_43 processed=2000000/23923206 elapsed=0.0126423s
      D_11 capped mod scan m_43 processed=2500000/23923206 elapsed=0.0137591s
      D_11 capped mod scan m_43 processed=3000000/23923206 elapsed=0.0154373s
      D_11 capped mod scan m_43 processed=3500000/23923206 elapsed=0.0170798s
      D_11 capped mod scan m_43 processed=4000000/23923206 elapsed=0.018352s
      D_11 capped mod scan m_43 processed=4500000/23923206 elapsed=0.0198678s
      D_11 capped mod scan m_43 processed=5000000/23923206 elapsed=0.0213894s
      D_11 capped mod scan m_43 processed=5500000/23923206 elapsed=0.0227497s
      D_11 capped mod scan m_43 processed=6000000/23923206 elapsed=0.0244309s
      D_11 capped mod scan m_43 processed=6500000/23923206 elapsed=0.0258965s
      D_11 capped mod scan m_43 processed=7000000/23923206 elapsed=0.0271468s
      D_11 capped mod scan m_43 processed=7500000/23923206 elapsed=0.0283656s
      D_11 capped mod scan m_43 processed=8000000/23923206 elapsed=0.0295814s
      D_11 capped mod scan m_43 processed=8500000/23923206 elapsed=0.030775s
      D_11 capped mod scan m_43 processed=9000000/23923206 elapsed=0.0322054s
      D_11 capped mod scan m_43 processed=9500000/23923206 elapsed=0.0336194s
      D_11 capped mod scan m_43 processed=10000000/23923206 elapsed=0.0352021s
      D_11 capped mod scan m_43 processed=10500000/23923206 elapsed=0.0367224s
      D_11 capped mod scan m_43 processed=11000000/23923206 elapsed=0.0383303s
      D_11 capped mod scan m_43 processed=11500000/23923206 elapsed=0.0394825s
      D_11 capped mod scan m_43 processed=12000000/23923206 elapsed=0.0408175s
      D_11 capped mod scan m_43 processed=12500000/23923206 elapsed=0.0421419s
      D_11 capped mod scan m_43 processed=13000000/23923206 elapsed=0.043537s
      D_11 capped mod scan m_43 processed=13500000/23923206 elapsed=0.0449664s
      D_11 capped mod scan m_43 processed=14000000/23923206 elapsed=0.0464346s
      D_11 capped mod scan m_43 processed=14500000/23923206 elapsed=0.0479419s
      D_11 capped mod scan m_43 processed=15000000/23923206 elapsed=0.0495845s
      D_11 capped mod scan m_43 processed=15500000/23923206 elapsed=0.0512298s
      D_11 capped mod scan m_43 processed=16000000/23923206 elapsed=0.0529233s
      D_11 capped mod scan m_43 processed=16500000/23923206 elapsed=0.0544096s
      D_11 capped mod scan m_43 processed=17000000/23923206 elapsed=0.0556833s
      D_11 capped mod scan m_43 processed=17500000/23923206 elapsed=0.0571244s
      D_11 capped mod scan m_43 processed=18000000/23923206 elapsed=0.0585531s
      D_11 capped mod scan m_43 processed=18500000/23923206 elapsed=0.0600753s
      D_11 capped mod scan m_43 processed=19000000/23923206 elapsed=0.062302s
      D_11 capped mod scan m_43 processed=19500000/23923206 elapsed=0.0647731s
      D_11 capped mod scan m_43 processed=20000000/23923206 elapsed=0.066547s
      D_11 capped mod scan m_43 processed=20500000/23923206 elapsed=0.0683164s
      D_11 capped mod scan m_43 processed=21000000/23923206 elapsed=0.0706212s
      D_11 capped mod scan m_43 processed=21500000/23923206 elapsed=0.0725801s
      D_11 capped mod scan m_43 processed=22000000/23923206 elapsed=0.0742966s
      D_11 capped mod scan m_43 processed=22500000/23923206 elapsed=0.0765445s
      D_11 capped mod scan m_43 processed=23000000/23923206 elapsed=0.0789658s
      D_11 capped mod scan m_43 processed=23500000/23923206 elapsed=0.0809099s
D_11 MOD 9223372036854775643 m_43 kept_even=4299476014342885234 det=2630888071484000056
      D_11 capped mod 9223372036854775643 packed step 44/46 processed=500000/23923206 next_states=746032 step_elapsed=1.50072s elapsed=358.203s
      D_11 capped mod 9223372036854775643 packed step 44/46 processed=1000000/23923206 next_states=1465648 step_elapsed=3.30047s elapsed=360.002s
      D_11 capped mod 9223372036854775643 packed step 44/46 processed=1500000/23923206 next_states=2163474 step_elapsed=5.18906s elapsed=361.891s
      D_11 capped mod 9223372036854775643 packed step 44/46 processed=2000000/23923206 next_states=2860782 step_elapsed=7.24362s elapsed=363.946s
      D_11 capped mod 9223372036854775643 packed step 44/46 processed=2500000/23923206 next_states=3538948 step_elapsed=9.71598s elapsed=366.418s
      D_11 capped mod 9223372036854775643 packed step 44/46 processed=3000000/23923206 next_states=4228550 step_elapsed=11.9173s elapsed=368.619s
      D_11 capped mod 9223372036854775643 packed step 44/46 processed=3500000/23923206 next_states=4899266 step_elapsed=14.5534s elapsed=371.255s
      D_11 capped mod 9223372036854775643 packed step 44/46 processed=4000000/23923206 next_states=5591884 step_elapsed=16.6483s elapsed=373.35s
      D_11 capped mod 9223372036854775643 packed step 44/46 processed=4500000/23923206 next_states=6254667 step_elapsed=19.0335s elapsed=375.735s
      D_11 capped mod 9223372036854775643 packed step 44/46 processed=5000000/23923206 next_states=6917410 step_elapsed=21.6168s elapsed=378.319s
      D_11 capped mod 9223372036854775643 packed step 44/46 processed=5500000/23923206 next_states=7595725 step_elapsed=24.1349s elapsed=380.837s
      D_11 capped mod 9223372036854775643 packed step 44/46 processed=6000000/23923206 next_states=8248100 step_elapsed=26.9344s elapsed=383.636s
      D_11 capped mod 9223372036854775643 packed step 44/46 processed=6500000/23923206 next_states=8904400 step_elapsed=29.8428s elapsed=386.545s
      D_11 capped mod 9223372036854775643 packed step 44/46 processed=7000000/23923206 next_states=9584580 step_elapsed=32.2676s elapsed=388.97s
      D_11 capped mod 9223372036854775643 packed step 44/46 processed=7500000/23923206 next_states=10232317 step_elapsed=34.8968s elapsed=391.599s
      D_11 capped mod 9223372036854775643 packed step 44/46 processed=8000000/23923206 next_states=10877590 step_elapsed=37.929s elapsed=394.631s
      D_11 capped mod 9223372036854775643 packed step 44/46 processed=8500000/23923206 next_states=11516564 step_elapsed=40.8005s elapsed=397.502s
      D_11 capped mod 9223372036854775643 packed step 44/46 processed=9000000/23923206 next_states=12188706 step_elapsed=43.1658s elapsed=399.868s
      D_11 capped mod 9223372036854775643 packed step 44/46 processed=9500000/23923206 next_states=12831674 step_elapsed=45.9311s elapsed=402.633s
      D_11 capped mod 9223372036854775643 packed step 44/46 processed=10000000/23923206 next_states=13464157 step_elapsed=48.8818s elapsed=405.584s
      D_11 capped mod 9223372036854775643 packed step 44/46 processed=10500000/23923206 next_states=14098651 step_elapsed=52.0559s elapsed=408.758s
      D_11 capped mod 9223372036854775643 packed step 44/46 processed=11000000/23923206 next_states=14729050 step_elapsed=54.7645s elapsed=411.466s
      D_11 capped mod 9223372036854775643 packed step 44/46 processed=11500000/23923206 next_states=15396890 step_elapsed=57.6085s elapsed=414.31s
      D_11 capped mod 9223372036854775643 packed step 44/46 processed=12000000/23923206 next_states=16024441 step_elapsed=60.458s elapsed=417.16s
      D_11 capped mod 9223372036854775643 packed step 44/46 processed=12500000/23923206 next_states=16642357 step_elapsed=63.6916s elapsed=420.394s
      D_11 capped mod 9223372036854775643 packed step 44/46 processed=13000000/23923206 next_states=17265068 step_elapsed=67.0996s elapsed=423.802s
      D_11 capped mod 9223372036854775643 packed step 44/46 processed=13500000/23923206 next_states=17875596 step_elapsed=70.1321s elapsed=426.834s
      D_11 capped mod 9223372036854775643 packed step 44/46 processed=14000000/23923206 next_states=18540712 step_elapsed=72.7428s elapsed=429.445s
      D_11 capped mod 9223372036854775643 packed step 44/46 processed=14500000/23923206 next_states=19165036 step_elapsed=75.6902s elapsed=432.392s
      D_11 capped mod 9223372036854775643 packed step 44/46 processed=15000000/23923206 next_states=19768833 step_elapsed=78.9339s elapsed=435.636s
      D_11 capped mod 9223372036854775643 packed step 44/46 processed=15500000/23923206 next_states=20378484 step_elapsed=82.6473s elapsed=439.349s
      D_11 capped mod 9223372036854775643 packed step 44/46 processed=16000000/23923206 next_states=20981723 step_elapsed=86.0809s elapsed=442.783s
      D_11 capped mod 9223372036854775643 packed step 44/46 processed=16500000/23923206 next_states=21617133 step_elapsed=88.8947s elapsed=445.597s
      D_11 capped mod 9223372036854775643 packed step 44/46 processed=17000000/23923206 next_states=22239072 step_elapsed=92.0949s elapsed=448.797s
      D_11 capped mod 9223372036854775643 packed step 44/46 processed=17500000/23923206 next_states=22832278 step_elapsed=95.524s elapsed=452.226s
      D_11 capped mod 9223372036854775643 packed step 44/46 processed=18000000/23923206 next_states=23423131 step_elapsed=99.0616s elapsed=455.764s
      D_11 capped mod 9223372036854775643 packed step 44/46 processed=18500000/23923206 next_states=24013210 step_elapsed=102.336s elapsed=459.038s
      D_11 capped mod 9223372036854775643 packed step 44/46 processed=19000000/23923206 next_states=24634726 step_elapsed=104.923s elapsed=461.625s
      D_11 capped mod 9223372036854775643 packed step 44/46 processed=19500000/23923206 next_states=25233782 step_elapsed=107.892s elapsed=464.594s
      D_11 capped mod 9223372036854775643 packed step 44/46 processed=20000000/23923206 next_states=25810710 step_elapsed=110.941s elapsed=467.643s
      D_11 capped mod 9223372036854775643 packed step 44/46 processed=20500000/23923206 next_states=26384461 step_elapsed=114.367s elapsed=471.069s
      D_11 capped mod 9223372036854775643 packed step 44/46 processed=21000000/23923206 next_states=26976969 step_elapsed=116.846s elapsed=473.548s
      D_11 capped mod 9223372036854775643 packed step 44/46 processed=21500000/23923206 next_states=27563150 step_elapsed=119.716s elapsed=476.418s
      D_11 capped mod 9223372036854775643 packed step 44/46 processed=22000000/23923206 next_states=28118327 step_elapsed=122.341s elapsed=479.042s
      D_11 capped mod 9223372036854775643 packed step 44/46 processed=22500000/23923206 next_states=28687058 step_elapsed=124.752s elapsed=481.454s
      D_11 capped mod 9223372036854775643 packed step 44/46 processed=23000000/23923206 next_states=29239995 step_elapsed=127.341s elapsed=484.043s
      D_11 capped mod 9223372036854775643 packed step 44/46 processed=23500000/23923206 next_states=29784771 step_elapsed=129.578s elapsed=486.28s
    D_11 capped mod 9223372036854775643 forward step 44/46 states=30212815 elapsed=488.049s
      D_11 capped mod scan m_44 processed=500000/30212815 elapsed=0.00126148s
      D_11 capped mod scan m_44 processed=1000000/30212815 elapsed=0.00243821s
      D_11 capped mod scan m_44 processed=1500000/30212815 elapsed=0.00372681s
      D_11 capped mod scan m_44 processed=2000000/30212815 elapsed=0.00481307s
      D_11 capped mod scan m_44 processed=2500000/30212815 elapsed=0.00614513s
      D_11 capped mod scan m_44 processed=3000000/30212815 elapsed=0.00730102s
      D_11 capped mod scan m_44 processed=3500000/30212815 elapsed=0.00839476s
      D_11 capped mod scan m_44 processed=4000000/30212815 elapsed=0.00966016s
      D_11 capped mod scan m_44 processed=4500000/30212815 elapsed=0.0109887s
      D_11 capped mod scan m_44 processed=5000000/30212815 elapsed=0.0123382s
      D_11 capped mod scan m_44 processed=5500000/30212815 elapsed=0.0135253s
      D_11 capped mod scan m_44 processed=6000000/30212815 elapsed=0.0146282s
      D_11 capped mod scan m_44 processed=6500000/30212815 elapsed=0.0157888s
      D_11 capped mod scan m_44 processed=7000000/30212815 elapsed=0.0170177s
      D_11 capped mod scan m_44 processed=7500000/30212815 elapsed=0.0183164s
      D_11 capped mod scan m_44 processed=8000000/30212815 elapsed=0.0197725s
      D_11 capped mod scan m_44 processed=8500000/30212815 elapsed=0.0211955s
      D_11 capped mod scan m_44 processed=9000000/30212815 elapsed=0.0226889s
      D_11 capped mod scan m_44 processed=9500000/30212815 elapsed=0.0237924s
      D_11 capped mod scan m_44 processed=10000000/30212815 elapsed=0.0249533s
      D_11 capped mod scan m_44 processed=10500000/30212815 elapsed=0.0261551s
      D_11 capped mod scan m_44 processed=11000000/30212815 elapsed=0.027342s
      D_11 capped mod scan m_44 processed=11500000/30212815 elapsed=0.0285751s
      D_11 capped mod scan m_44 processed=12000000/30212815 elapsed=0.0300068s
      D_11 capped mod scan m_44 processed=12500000/30212815 elapsed=0.0314145s
      D_11 capped mod scan m_44 processed=13000000/30212815 elapsed=0.032915s
      D_11 capped mod scan m_44 processed=13500000/30212815 elapsed=0.0343087s
      D_11 capped mod scan m_44 processed=14000000/30212815 elapsed=0.035829s
      D_11 capped mod scan m_44 processed=14500000/30212815 elapsed=0.0372845s
      D_11 capped mod scan m_44 processed=15000000/30212815 elapsed=0.0385577s
      D_11 capped mod scan m_44 processed=15500000/30212815 elapsed=0.0397858s
      D_11 capped mod scan m_44 processed=16000000/30212815 elapsed=0.0410251s
      D_11 capped mod scan m_44 processed=16500000/30212815 elapsed=0.0422891s
      D_11 capped mod scan m_44 processed=17000000/30212815 elapsed=0.0436299s
      D_11 capped mod scan m_44 processed=17500000/30212815 elapsed=0.0450382s
      D_11 capped mod scan m_44 processed=18000000/30212815 elapsed=0.0464957s
      D_11 capped mod scan m_44 processed=18500000/30212815 elapsed=0.0479156s
      D_11 capped mod scan m_44 processed=19000000/30212815 elapsed=0.0494318s
      D_11 capped mod scan m_44 processed=19500000/30212815 elapsed=0.051084s
      D_11 capped mod scan m_44 processed=20000000/30212815 elapsed=0.0526966s
      D_11 capped mod scan m_44 processed=20500000/30212815 elapsed=0.0543248s
      D_11 capped mod scan m_44 processed=21000000/30212815 elapsed=0.0558468s
      D_11 capped mod scan m_44 processed=21500000/30212815 elapsed=0.0572891s
      D_11 capped mod scan m_44 processed=22000000/30212815 elapsed=0.0585398s
      D_11 capped mod scan m_44 processed=22500000/30212815 elapsed=0.0599451s
      D_11 capped mod scan m_44 processed=23000000/30212815 elapsed=0.0613592s
      D_11 capped mod scan m_44 processed=23500000/30212815 elapsed=0.0628503s
      D_11 capped mod scan m_44 processed=24000000/30212815 elapsed=0.0659772s
      D_11 capped mod scan m_44 processed=24500000/30212815 elapsed=0.0676312s
      D_11 capped mod scan m_44 processed=25000000/30212815 elapsed=0.0692718s
      D_11 capped mod scan m_44 processed=25500000/30212815 elapsed=0.0710838s
      D_11 capped mod scan m_44 processed=26000000/30212815 elapsed=0.072887s
      D_11 capped mod scan m_44 processed=26500000/30212815 elapsed=0.0747106s
      D_11 capped mod scan m_44 processed=27000000/30212815 elapsed=0.0763684s
      D_11 capped mod scan m_44 processed=27500000/30212815 elapsed=0.0779342s
      D_11 capped mod scan m_44 processed=28000000/30212815 elapsed=0.0797158s
      D_11 capped mod scan m_44 processed=28500000/30212815 elapsed=0.0814968s
      D_11 capped mod scan m_44 processed=29000000/30212815 elapsed=0.0833279s
      D_11 capped mod scan m_44 processed=29500000/30212815 elapsed=0.0855793s
      D_11 capped mod scan m_44 processed=30000000/30212815 elapsed=0.0874713s
D_11 MOD 9223372036854775643 m_44 kept_even=4969329951607791225 det=8956385925323311648
      D_11 capped mod 9223372036854775643 packed step 45/46 processed=500000/30212815 next_states=746032 step_elapsed=1.27546s elapsed=489.715s
      D_11 capped mod 9223372036854775643 packed step 45/46 processed=1000000/30212815 next_states=1466569 step_elapsed=2.88466s elapsed=491.325s
      D_11 capped mod 9223372036854775643 packed step 45/46 processed=1500000/30212815 next_states=2168343 step_elapsed=4.61654s elapsed=493.056s
      D_11 capped mod 9223372036854775643 packed step 45/46 processed=2000000/30212815 next_states=2865122 step_elapsed=6.51021s elapsed=494.95s
      D_11 capped mod 9223372036854775643 packed step 45/46 processed=2500000/30212815 next_states=3549881 step_elapsed=8.61319s elapsed=497.053s
      D_11 capped mod 9223372036854775643 packed step 45/46 processed=3000000/30212815 next_states=4243205 step_elapsed=10.5839s elapsed=499.024s
      D_11 capped mod 9223372036854775643 packed step 45/46 processed=3500000/30212815 next_states=4917495 step_elapsed=12.9651s elapsed=501.405s
      D_11 capped mod 9223372036854775643 packed step 45/46 processed=4000000/30212815 next_states=5608111 step_elapsed=14.9324s elapsed=503.372s
      D_11 capped mod 9223372036854775643 packed step 45/46 processed=4500000/30212815 next_states=6276641 step_elapsed=17.1606s elapsed=505.601s
      D_11 capped mod 9223372036854775643 packed step 45/46 processed=5000000/30212815 next_states=6939870 step_elapsed=19.6769s elapsed=508.117s
      D_11 capped mod 9223372036854775643 packed step 45/46 processed=5500000/30212815 next_states=7628367 step_elapsed=21.6856s elapsed=510.126s
      D_11 capped mod 9223372036854775643 packed step 45/46 processed=6000000/30212815 next_states=8287141 step_elapsed=24.0025s elapsed=512.442s
      D_11 capped mod 9223372036854775643 packed step 45/46 processed=6500000/30212815 next_states=8946054 step_elapsed=26.6896s elapsed=515.13s
      D_11 capped mod 9223372036854775643 packed step 45/46 processed=7000000/30212815 next_states=9613583 step_elapsed=28.8596s elapsed=517.3s
      D_11 capped mod 9223372036854775643 packed step 45/46 processed=7500000/30212815 next_states=10287064 step_elapsed=31.2818s elapsed=519.722s
      D_11 capped mod 9223372036854775643 packed step 45/46 processed=8000000/30212815 next_states=10935136 step_elapsed=33.9223s elapsed=522.362s
      D_11 capped mod 9223372036854775643 packed step 45/46 processed=8500000/30212815 next_states=11578238 step_elapsed=36.8648s elapsed=525.305s
      D_11 capped mod 9223372036854775643 packed step 45/46 processed=9000000/30212815 next_states=12217686 step_elapsed=39.7185s elapsed=528.158s
      D_11 capped mod 9223372036854775643 packed step 45/46 processed=9500000/30212815 next_states=12910714 step_elapsed=42.1114s elapsed=530.551s
      D_11 capped mod 9223372036854775643 packed step 45/46 processed=10000000/30212815 next_states=13555154 step_elapsed=44.7681s elapsed=533.208s
      D_11 capped mod 9223372036854775643 packed step 45/46 processed=10500000/30212815 next_states=14193034 step_elapsed=47.7078s elapsed=536.148s
      D_11 capped mod 9223372036854775643 packed step 45/46 processed=11000000/30212815 next_states=14826995 step_elapsed=50.9415s elapsed=539.381s
      D_11 capped mod 9223372036854775643 packed step 45/46 processed=11500000/30212815 next_states=15469581 step_elapsed=54.2644s elapsed=542.704s
      D_11 capped mod 9223372036854775643 packed step 45/46 processed=12000000/30212815 next_states=16138046 step_elapsed=56.7812s elapsed=545.221s
      D_11 capped mod 9223372036854775643 packed step 45/46 processed=12500000/30212815 next_states=16789279 step_elapsed=59.5446s elapsed=547.985s
      D_11 capped mod 9223372036854775643 packed step 45/46 processed=13000000/30212815 next_states=17413179 step_elapsed=62.3885s elapsed=550.828s
      D_11 capped mod 9223372036854775643 packed step 45/46 processed=13500000/30212815 next_states=18046856 step_elapsed=65.5692s elapsed=554.009s
      D_11 capped mod 9223372036854775643 packed step 45/46 processed=14000000/30212815 next_states=18670090 step_elapsed=68.792s elapsed=557.232s
      D_11 capped mod 9223372036854775643 packed step 45/46 processed=14500000/30212815 next_states=19296008 step_elapsed=71.819s elapsed=560.259s
      D_11 capped mod 9223372036854775643 packed step 45/46 processed=15000000/30212815 next_states=19957414 step_elapsed=74.2389s elapsed=562.679s
      D_11 capped mod 9223372036854775643 packed step 45/46 processed=15500000/30212815 next_states=20598332 step_elapsed=77.1352s elapsed=565.575s
      D_11 capped mod 9223372036854775643 packed step 45/46 processed=16000000/30212815 next_states=21219702 step_elapsed=79.9687s elapsed=568.409s
      D_11 capped mod 9223372036854775643 packed step 45/46 processed=16500000/30212815 next_states=21837757 step_elapsed=83.0764s elapsed=571.516s
      D_11 capped mod 9223372036854775643 packed step 45/46 processed=17000000/30212815 next_states=22454375 step_elapsed=86.4211s elapsed=574.861s
      D_11 capped mod 9223372036854775643 packed step 45/46 processed=17500000/30212815 next_states=23055976 step_elapsed=89.6857s elapsed=578.126s
      D_11 capped mod 9223372036854775643 packed step 45/46 processed=18000000/30212815 next_states=23687773 step_elapsed=92.1961s elapsed=580.636s
      D_11 capped mod 9223372036854775643 packed step 45/46 processed=18500000/30212815 next_states=24342328 step_elapsed=94.9235s elapsed=583.363s
      D_11 capped mod 9223372036854775643 packed step 45/46 processed=19000000/30212815 next_states=24963062 step_elapsed=97.7992s elapsed=586.239s
      D_11 capped mod 9223372036854775643 packed step 45/46 processed=19500000/30212815 next_states=25560134 step_elapsed=100.689s elapsed=589.129s
      D_11 capped mod 9223372036854775643 packed step 45/46 processed=20000000/30212815 next_states=26166035 step_elapsed=103.798s elapsed=592.237s
      D_11 capped mod 9223372036854775643 packed step 45/46 processed=20500000/30212815 next_states=26764006 step_elapsed=107.273s elapsed=595.713s
      D_11 capped mod 9223372036854775643 packed step 45/46 processed=21000000/30212815 next_states=27367662 step_elapsed=110.503s elapsed=598.943s
      D_11 capped mod 9223372036854775643 packed step 45/46 processed=21500000/30212815 next_states=28000940 step_elapsed=113.055s elapsed=601.495s
      D_11 capped mod 9223372036854775643 packed step 45/46 processed=22000000/30212815 next_states=28626737 step_elapsed=116.043s elapsed=604.483s
      D_11 capped mod 9223372036854775643 packed step 45/46 processed=22500000/30212815 next_states=29221191 step_elapsed=119.059s elapsed=607.499s
      D_11 capped mod 9223372036854775643 packed step 45/46 processed=23000000/30212815 next_states=29806889 step_elapsed=122.393s elapsed=610.833s
      D_11 capped mod 9223372036854775643 packed step 45/46 processed=23500000/30212815 next_states=30394976 step_elapsed=126.173s elapsed=614.613s
      D_11 capped mod 9223372036854775643 packed step 45/46 processed=24000000/30212815 next_states=30979151 step_elapsed=129.418s elapsed=617.858s
      D_11 capped mod 9223372036854775643 packed step 45/46 processed=24500000/30212815 next_states=31596457 step_elapsed=131.889s elapsed=620.329s
      D_11 capped mod 9223372036854775643 packed step 45/46 processed=25000000/30212815 next_states=32200423 step_elapsed=134.899s elapsed=623.339s
      D_11 capped mod 9223372036854775643 packed step 45/46 processed=25500000/30212815 next_states=32778900 step_elapsed=137.826s elapsed=626.266s
      D_11 capped mod 9223372036854775643 packed step 45/46 processed=26000000/30212815 next_states=33348088 step_elapsed=141.001s elapsed=629.441s
      D_11 capped mod 9223372036854775643 packed step 45/46 processed=26500000/30212815 next_states=33914374 step_elapsed=144.191s elapsed=632.631s
      D_11 capped mod 9223372036854775643 packed step 45/46 processed=27000000/30212815 next_states=34509556 step_elapsed=146.689s elapsed=635.129s
      D_11 capped mod 9223372036854775643 packed step 45/46 processed=27500000/30212815 next_states=35091873 step_elapsed=149.821s elapsed=638.261s
      D_11 capped mod 9223372036854775643 packed step 45/46 processed=28000000/30212815 next_states=35642746 step_elapsed=152.855s elapsed=641.295s
      D_11 capped mod 9223372036854775643 packed step 45/46 processed=28500000/30212815 next_states=36199669 step_elapsed=155.585s elapsed=644.025s
      D_11 capped mod 9223372036854775643 packed step 45/46 processed=29000000/30212815 next_states=36766276 step_elapsed=158.28s elapsed=646.72s
      D_11 capped mod 9223372036854775643 packed step 45/46 processed=29500000/30212815 next_states=37292763 step_elapsed=160.867s elapsed=649.306s
      D_11 capped mod 9223372036854775643 packed step 45/46 processed=30000000/30212815 next_states=37824556 step_elapsed=163.236s elapsed=651.676s
    D_11 capped mod 9223372036854775643 forward step 45/46 states=38038641 elapsed=652.613s
      D_11 capped mod scan m_45 processed=500000/38038641 elapsed=0.00128599s
      D_11 capped mod scan m_45 processed=1000000/38038641 elapsed=0.00255138s
      D_11 capped mod scan m_45 processed=1500000/38038641 elapsed=0.00374151s
      D_11 capped mod scan m_45 processed=2000000/38038641 elapsed=0.00517311s
      D_11 capped mod scan m_45 processed=2500000/38038641 elapsed=0.00621719s
      D_11 capped mod scan m_45 processed=3000000/38038641 elapsed=0.00750919s
      D_11 capped mod scan m_45 processed=3500000/38038641 elapsed=0.00896856s
      D_11 capped mod scan m_45 processed=4000000/38038641 elapsed=0.010224s
      D_11 capped mod scan m_45 processed=4500000/38038641 elapsed=0.0122916s
      D_11 capped mod scan m_45 processed=5000000/38038641 elapsed=0.0145564s
      D_11 capped mod scan m_45 processed=5500000/38038641 elapsed=0.0158747s
      D_11 capped mod scan m_45 processed=6000000/38038641 elapsed=0.0178001s
      D_11 capped mod scan m_45 processed=6500000/38038641 elapsed=0.0197443s
      D_11 capped mod scan m_45 processed=7000000/38038641 elapsed=0.0212285s
      D_11 capped mod scan m_45 processed=7500000/38038641 elapsed=0.0223941s
      D_11 capped mod scan m_45 processed=8000000/38038641 elapsed=0.0236025s
      D_11 capped mod scan m_45 processed=8500000/38038641 elapsed=0.0247959s
      D_11 capped mod scan m_45 processed=9000000/38038641 elapsed=0.0259931s
      D_11 capped mod scan m_45 processed=9500000/38038641 elapsed=0.0272485s
      D_11 capped mod scan m_45 processed=10000000/38038641 elapsed=0.0285946s
      D_11 capped mod scan m_45 processed=10500000/38038641 elapsed=0.0301363s
      D_11 capped mod scan m_45 processed=11000000/38038641 elapsed=0.031659s
      D_11 capped mod scan m_45 processed=11500000/38038641 elapsed=0.0331415s
      D_11 capped mod scan m_45 processed=12000000/38038641 elapsed=0.0345285s
      D_11 capped mod scan m_45 processed=12500000/38038641 elapsed=0.035981s
      D_11 capped mod scan m_45 processed=13000000/38038641 elapsed=0.0371504s
      D_11 capped mod scan m_45 processed=13500000/38038641 elapsed=0.0383826s
      D_11 capped mod scan m_45 processed=14000000/38038641 elapsed=0.0396041s
      D_11 capped mod scan m_45 processed=14500000/38038641 elapsed=0.0409664s
      D_11 capped mod scan m_45 processed=15000000/38038641 elapsed=0.0422276s
      D_11 capped mod scan m_45 processed=15500000/38038641 elapsed=0.0434612s
      D_11 capped mod scan m_45 processed=16000000/38038641 elapsed=0.0448495s
      D_11 capped mod scan m_45 processed=16500000/38038641 elapsed=0.0462564s
      D_11 capped mod scan m_45 processed=17000000/38038641 elapsed=0.0477993s
      D_11 capped mod scan m_45 processed=17500000/38038641 elapsed=0.0493815s
      D_11 capped mod scan m_45 processed=18000000/38038641 elapsed=0.0509597s
      D_11 capped mod scan m_45 processed=18500000/38038641 elapsed=0.052399s
      D_11 capped mod scan m_45 processed=19000000/38038641 elapsed=0.0537905s
      D_11 capped mod scan m_45 processed=19500000/38038641 elapsed=0.0555068s
      D_11 capped mod scan m_45 processed=20000000/38038641 elapsed=0.0565865s
      D_11 capped mod scan m_45 processed=20500000/38038641 elapsed=0.057814s
      D_11 capped mod scan m_45 processed=21000000/38038641 elapsed=0.0591235s
      D_11 capped mod scan m_45 processed=21500000/38038641 elapsed=0.0604837s
      D_11 capped mod scan m_45 processed=22000000/38038641 elapsed=0.0618126s
      D_11 capped mod scan m_45 processed=22500000/38038641 elapsed=0.0631785s
      D_11 capped mod scan m_45 processed=23000000/38038641 elapsed=0.0645802s
      D_11 capped mod scan m_45 processed=23500000/38038641 elapsed=0.0659814s
      D_11 capped mod scan m_45 processed=24000000/38038641 elapsed=0.0673919s
      D_11 capped mod scan m_45 processed=24500000/38038641 elapsed=0.0688544s
      D_11 capped mod scan m_45 processed=25000000/38038641 elapsed=0.0705427s
      D_11 capped mod scan m_45 processed=25500000/38038641 elapsed=0.0721565s
      D_11 capped mod scan m_45 processed=26000000/38038641 elapsed=0.073832s
      D_11 capped mod scan m_45 processed=26500000/38038641 elapsed=0.0755555s
      D_11 capped mod scan m_45 processed=27000000/38038641 elapsed=0.0772702s
      D_11 capped mod scan m_45 processed=27500000/38038641 elapsed=0.0791211s
      D_11 capped mod scan m_45 processed=28000000/38038641 elapsed=0.0803659s
      D_11 capped mod scan m_45 processed=28500000/38038641 elapsed=0.0816944s
      D_11 capped mod scan m_45 processed=29000000/38038641 elapsed=0.0831533s
      D_11 capped mod scan m_45 processed=29500000/38038641 elapsed=0.0846221s
      D_11 capped mod scan m_45 processed=30000000/38038641 elapsed=0.0861315s
      D_11 capped mod scan m_45 processed=30500000/38038641 elapsed=0.0876547s
      D_11 capped mod scan m_45 processed=31000000/38038641 elapsed=0.0892142s
      D_11 capped mod scan m_45 processed=31500000/38038641 elapsed=0.0908943s
      D_11 capped mod scan m_45 processed=32000000/38038641 elapsed=0.0923306s
      D_11 capped mod scan m_45 processed=32500000/38038641 elapsed=0.0940609s
      D_11 capped mod scan m_45 processed=33000000/38038641 elapsed=0.0958952s
      D_11 capped mod scan m_45 processed=33500000/38038641 elapsed=0.0977808s
      D_11 capped mod scan m_45 processed=34000000/38038641 elapsed=0.0996392s
      D_11 capped mod scan m_45 processed=34500000/38038641 elapsed=0.101152s
      D_11 capped mod scan m_45 processed=35000000/38038641 elapsed=0.102611s
      D_11 capped mod scan m_45 processed=35500000/38038641 elapsed=0.104225s
      D_11 capped mod scan m_45 processed=36000000/38038641 elapsed=0.105881s
      D_11 capped mod scan m_45 processed=36500000/38038641 elapsed=0.107747s
      D_11 capped mod scan m_45 processed=37000000/38038641 elapsed=0.109585s
      D_11 capped mod scan m_45 processed=37500000/38038641 elapsed=0.111526s
      D_11 capped mod scan m_45 processed=38000000/38038641 elapsed=0.113553s
D_11 MOD 9223372036854775643 m_45 kept_even=1241000846103534781 det=703725360381130287
      D_11 capped mod 9223372036854775643 packed step 46/46 processed=500000/38038641 next_states=746032 step_elapsed=1.45573s elapsed=654.507s
      D_11 capped mod 9223372036854775643 packed step 46/46 processed=1000000/38038641 next_states=1467546 step_elapsed=3.32572s elapsed=656.377s
      D_11 capped mod 9223372036854775643 packed step 46/46 processed=1500000/38038641 next_states=2174668 step_elapsed=5.26657s elapsed=658.317s
      D_11 capped mod 9223372036854775643 packed step 46/46 processed=2000000/38038641 next_states=2870571 step_elapsed=7.24176s elapsed=660.293s
      D_11 capped mod 9223372036854775643 packed step 46/46 processed=2500000/38038641 next_states=3556475 step_elapsed=9.36341s elapsed=662.414s
      D_11 capped mod 9223372036854775643 packed step 46/46 processed=3000000/38038641 next_states=4249619 step_elapsed=11.5021s elapsed=664.553s
      D_11 capped mod 9223372036854775643 packed step 46/46 processed=3500000/38038641 next_states=4927780 step_elapsed=13.8111s elapsed=666.862s
      D_11 capped mod 9223372036854775643 packed step 46/46 processed=4000000/38038641 next_states=5620095 step_elapsed=15.9682s elapsed=669.019s
      D_11 capped mod 9223372036854775643 packed step 46/46 processed=4500000/38038641 next_states=6290082 step_elapsed=18.4729s elapsed=671.524s
      D_11 capped mod 9223372036854775643 packed step 46/46 processed=5000000/38038641 next_states=6955841 step_elapsed=21.085s elapsed=674.136s
      D_11 capped mod 9223372036854775643 packed step 46/46 processed=5500000/38038641 next_states=7650550 step_elapsed=23.1274s elapsed=676.178s
      D_11 capped mod 9223372036854775643 packed step 46/46 processed=6000000/38038641 next_states=8315679 step_elapsed=25.5172s elapsed=678.568s
      D_11 capped mod 9223372036854775643 packed step 46/46 processed=6500000/38038641 next_states=8977343 step_elapsed=28.4131s elapsed=681.464s
      D_11 capped mod 9223372036854775643 packed step 46/46 processed=7000000/38038641 next_states=9629211 step_elapsed=31.024s elapsed=684.075s
      D_11 capped mod 9223372036854775643 packed step 46/46 processed=7500000/38038641 next_states=10326175 step_elapsed=33.2662s elapsed=686.317s
      D_11 capped mod 9223372036854775643 packed step 46/46 processed=8000000/38038641 next_states=10979078 step_elapsed=36.0196s elapsed=689.07s
      D_11 capped mod 9223372036854775643 packed step 46/46 processed=8500000/38038641 next_states=11634557 step_elapsed=38.7611s elapsed=691.812s
      D_11 capped mod 9223372036854775643 packed step 46/46 processed=9000000/38038641 next_states=12284364 step_elapsed=41.7934s elapsed=694.844s
      D_11 capped mod 9223372036854775643 packed step 46/46 processed=9500000/38038641 next_states=12945673 step_elapsed=44.1117s elapsed=697.163s
      D_11 capped mod 9223372036854775643 packed step 46/46 processed=10000000/38038641 next_states=13626680 step_elapsed=46.661s elapsed=699.712s
      D_11 capped mod 9223372036854775643 packed step 46/46 processed=10500000/38038641 next_states=14275598 step_elapsed=49.6005s elapsed=702.651s
      D_11 capped mod 9223372036854775643 packed step 46/46 processed=11000000/38038641 next_states=14911661 step_elapsed=52.5598s elapsed=705.611s
      D_11 capped mod 9223372036854775643 packed step 46/46 processed=11500000/38038641 next_states=15558396 step_elapsed=55.7377s elapsed=708.789s
      D_11 capped mod 9223372036854775643 packed step 46/46 processed=12000000/38038641 next_states=16202525 step_elapsed=58.8887s elapsed=711.94s
      D_11 capped mod 9223372036854775643 packed step 46/46 processed=12500000/38038641 next_states=16867279 step_elapsed=61.4986s elapsed=714.549s
      D_11 capped mod 9223372036854775643 packed step 46/46 processed=13000000/38038641 next_states=17534525 step_elapsed=64.1143s elapsed=717.165s
      D_11 capped mod 9223372036854775643 packed step 46/46 processed=13500000/38038641 next_states=18168106 step_elapsed=66.7746s elapsed=719.826s
      D_11 capped mod 9223372036854775643 packed step 46/46 processed=14000000/38038641 next_states=18803544 step_elapsed=69.6014s elapsed=722.652s
      D_11 capped mod 9223372036854775643 packed step 46/46 processed=14500000/38038641 next_states=19433813 step_elapsed=72.6924s elapsed=725.743s
      D_11 capped mod 9223372036854775643 packed step 46/46 processed=15000000/38038641 next_states=20075411 step_elapsed=75.8143s elapsed=728.865s
      D_11 capped mod 9223372036854775643 packed step 46/46 processed=15500000/38038641 next_states=20701411 step_elapsed=78.7587s elapsed=731.81s
      D_11 capped mod 9223372036854775643 packed step 46/46 processed=16000000/38038641 next_states=21367495 step_elapsed=81.2789s elapsed=734.33s
      D_11 capped mod 9223372036854775643 packed step 46/46 processed=16500000/38038641 next_states=22025163 step_elapsed=84.345s elapsed=737.396s
      D_11 capped mod 9223372036854775643 packed step 46/46 processed=17000000/38038641 next_states=22656438 step_elapsed=87.3635s elapsed=740.414s
      D_11 capped mod 9223372036854775643 packed step 46/46 processed=17500000/38038641 next_states=23277640 step_elapsed=90.4834s elapsed=743.534s
      D_11 capped mod 9223372036854775643 packed step 46/46 processed=18000000/38038641 next_states=23900053 step_elapsed=93.782s elapsed=746.833s
      D_11 capped mod 9223372036854775643 packed step 46/46 processed=18500000/38038641 next_states=24523699 step_elapsed=97.3628s elapsed=750.414s
      D_11 capped mod 9223372036854775643 packed step 46/46 processed=19000000/38038641 next_states=25132419 step_elapsed=100.956s elapsed=754.007s
      D_11 capped mod 9223372036854775643 packed step 46/46 processed=19500000/38038641 next_states=25759643 step_elapsed=103.624s elapsed=756.675s
      D_11 capped mod 9223372036854775643 packed step 46/46 processed=20000000/38038641 next_states=26432297 step_elapsed=106.271s elapsed=759.322s
      D_11 capped mod 9223372036854775643 packed step 46/46 processed=20500000/38038641 next_states=27072818 step_elapsed=109.14s elapsed=762.191s
      D_11 capped mod 9223372036854775643 packed step 46/46 processed=21000000/38038641 next_states=27690693 step_elapsed=112.12s elapsed=765.171s
      D_11 capped mod 9223372036854775643 packed step 46/46 processed=21500000/38038641 next_states=28299358 step_elapsed=115.24s elapsed=768.291s
      D_11 capped mod 9223372036854775643 packed step 46/46 processed=22000000/38038641 next_states=28907211 step_elapsed=118.467s elapsed=771.518s
      D_11 capped mod 9223372036854775643 packed step 46/46 processed=22500000/38038641 next_states=29524735 step_elapsed=122.057s elapsed=775.108s
      D_11 capped mod 9223372036854775643 packed step 46/46 processed=23000000/38038641 next_states=30125326 step_elapsed=125.581s elapsed=778.632s
      D_11 capped mod 9223372036854775643 packed step 46/46 processed=23500000/38038641 next_states=30728330 step_elapsed=128.367s elapsed=781.418s
      D_11 capped mod 9223372036854775643 packed step 46/46 processed=24000000/38038641 next_states=31393925 step_elapsed=131.054s elapsed=784.105s
      D_11 capped mod 9223372036854775643 packed step 46/46 processed=24500000/38038641 next_states=32024495 step_elapsed=134.06s elapsed=787.111s
      D_11 capped mod 9223372036854775643 packed step 46/46 processed=25000000/38038641 next_states=32632430 step_elapsed=136.977s elapsed=790.028s
      D_11 capped mod 9223372036854775643 packed step 46/46 processed=25500000/38038641 next_states=33232049 step_elapsed=140.027s elapsed=793.077s
      D_11 capped mod 9223372036854775643 packed step 46/46 processed=26000000/38038641 next_states=33831167 step_elapsed=143.276s elapsed=796.327s
      D_11 capped mod 9223372036854775643 packed step 46/46 processed=26500000/38038641 next_states=34427452 step_elapsed=146.688s elapsed=799.739s
      D_11 capped mod 9223372036854775643 packed step 46/46 processed=27000000/38038641 next_states=35023403 step_elapsed=150.336s elapsed=803.386s
      D_11 capped mod 9223372036854775643 packed step 46/46 processed=27500000/38038641 next_states=35605355 step_elapsed=153.082s elapsed=806.133s
      D_11 capped mod 9223372036854775643 packed step 46/46 processed=28000000/38038641 next_states=36255239 step_elapsed=155.732s elapsed=808.783s
      D_11 capped mod 9223372036854775643 packed step 46/46 processed=28500000/38038641 next_states=36873815 step_elapsed=158.864s elapsed=811.915s
      D_11 capped mod 9223372036854775643 packed step 46/46 processed=29000000/38038641 next_states=37469314 step_elapsed=161.897s elapsed=814.948s
      D_11 capped mod 9223372036854775643 packed step 46/46 processed=29500000/38038641 next_states=38050313 step_elapsed=164.951s elapsed=818.002s
      D_11 capped mod 9223372036854775643 packed step 46/46 processed=30000000/38038641 next_states=38635137 step_elapsed=168.452s elapsed=821.503s
      D_11 capped mod 9223372036854775643 packed step 46/46 processed=30500000/38038641 next_states=39213112 step_elapsed=172.23s elapsed=825.28s
      D_11 capped mod 9223372036854775643 packed step 46/46 processed=31000000/38038641 next_states=39797697 step_elapsed=175.771s elapsed=828.822s
      D_11 capped mod 9223372036854775643 packed step 46/46 processed=31500000/38038641 next_states=40406996 step_elapsed=178.357s elapsed=831.408s
      D_11 capped mod 9223372036854775643 packed step 46/46 processed=32000000/38038641 next_states=41020708 step_elapsed=181.65s elapsed=834.701s
      D_11 capped mod 9223372036854775643 packed step 46/46 processed=32500000/38038641 next_states=41599784 step_elapsed=184.838s elapsed=837.888s
      D_11 capped mod 9223372036854775643 packed step 46/46 processed=33000000/38038641 next_states=42164863 step_elapsed=188.067s elapsed=841.118s
      D_11 capped mod 9223372036854775643 packed step 46/46 processed=33500000/38038641 next_states=42729389 step_elapsed=191.707s elapsed=844.758s
      D_11 capped mod 9223372036854775643 packed step 46/46 processed=34000000/38038641 next_states=43290397 step_elapsed=195.049s elapsed=848.1s
      D_11 capped mod 9223372036854775643 packed step 46/46 processed=34500000/38038641 next_states=43885823 step_elapsed=197.738s elapsed=850.789s
      D_11 capped mod 9223372036854775643 packed step 46/46 processed=35000000/38038641 next_states=44468925 step_elapsed=200.939s elapsed=853.99s
      D_11 capped mod 9223372036854775643 packed step 46/46 processed=35500000/38038641 next_states=45014342 step_elapsed=204.119s elapsed=857.17s
      D_11 capped mod 9223372036854775643 packed step 46/46 processed=36000000/38038641 next_states=45558238 step_elapsed=207.671s elapsed=860.722s
      D_11 capped mod 9223372036854775643 packed step 46/46 processed=36500000/38038641 next_states=46127981 step_elapsed=210.473s elapsed=863.524s
      D_11 capped mod 9223372036854775643 packed step 46/46 processed=37000000/38038641 next_states=46668349 step_elapsed=213.774s elapsed=866.825s
      D_11 capped mod 9223372036854775643 packed step 46/46 processed=37500000/38038641 next_states=47203460 step_elapsed=216.597s elapsed=869.648s
      D_11 capped mod 9223372036854775643 packed step 46/46 processed=38000000/38038641 next_states=47712398 step_elapsed=218.985s elapsed=872.036s
    D_11 capped mod 9223372036854775643 forward step 46/46 states=47748739 elapsed=872.331s
      D_11 capped mod scan m_46 processed=500000/47748739 elapsed=0.00131349s
      D_11 capped mod scan m_46 processed=1000000/47748739 elapsed=0.00254831s
      D_11 capped mod scan m_46 processed=1500000/47748739 elapsed=0.00391298s
      D_11 capped mod scan m_46 processed=2000000/47748739 elapsed=0.00506257s
      D_11 capped mod scan m_46 processed=2500000/47748739 elapsed=0.00646933s
      D_11 capped mod scan m_46 processed=3000000/47748739 elapsed=0.00767164s
      D_11 capped mod scan m_46 processed=3500000/47748739 elapsed=0.0087878s
      D_11 capped mod scan m_46 processed=4000000/47748739 elapsed=0.0100817s
      D_11 capped mod scan m_46 processed=4500000/47748739 elapsed=0.0114432s
      D_11 capped mod scan m_46 processed=5000000/47748739 elapsed=0.0143474s
      D_11 capped mod scan m_46 processed=5500000/47748739 elapsed=0.0157177s
      D_11 capped mod scan m_46 processed=6000000/47748739 elapsed=0.0169522s
      D_11 capped mod scan m_46 processed=6500000/47748739 elapsed=0.0181773s
      D_11 capped mod scan m_46 processed=7000000/47748739 elapsed=0.0193105s
      D_11 capped mod scan m_46 processed=7500000/47748739 elapsed=0.0206517s
      D_11 capped mod scan m_46 processed=8000000/47748739 elapsed=0.0220057s
      D_11 capped mod scan m_46 processed=8500000/47748739 elapsed=0.0235618s
      D_11 capped mod scan m_46 processed=9000000/47748739 elapsed=0.0249818s
      D_11 capped mod scan m_46 processed=9500000/47748739 elapsed=0.0263685s
      D_11 capped mod scan m_46 processed=10000000/47748739 elapsed=0.027726s
      D_11 capped mod scan m_46 processed=10500000/47748739 elapsed=0.0288583s
      D_11 capped mod scan m_46 processed=11000000/47748739 elapsed=0.0301892s
      D_11 capped mod scan m_46 processed=11500000/47748739 elapsed=0.0313997s
      D_11 capped mod scan m_46 processed=12000000/47748739 elapsed=0.0326562s
      D_11 capped mod scan m_46 processed=12500000/47748739 elapsed=0.033839s
      D_11 capped mod scan m_46 processed=13000000/47748739 elapsed=0.0352215s
      D_11 capped mod scan m_46 processed=13500000/47748739 elapsed=0.0364874s
      D_11 capped mod scan m_46 processed=14000000/47748739 elapsed=0.0379083s
      D_11 capped mod scan m_46 processed=14500000/47748739 elapsed=0.0393753s
      D_11 capped mod scan m_46 processed=15000000/47748739 elapsed=0.0409108s
      D_11 capped mod scan m_46 processed=15500000/47748739 elapsed=0.04234s
      D_11 capped mod scan m_46 processed=16000000/47748739 elapsed=0.0436859s
      D_11 capped mod scan m_46 processed=16500000/47748739 elapsed=0.0454409s
      D_11 capped mod scan m_46 processed=17000000/47748739 elapsed=0.046615s
      D_11 capped mod scan m_46 processed=17500000/47748739 elapsed=0.0478737s
      D_11 capped mod scan m_46 processed=18000000/47748739 elapsed=0.0492091s
      D_11 capped mod scan m_46 processed=18500000/47748739 elapsed=0.0505981s
      D_11 capped mod scan m_46 processed=19000000/47748739 elapsed=0.0519108s
      D_11 capped mod scan m_46 processed=19500000/47748739 elapsed=0.0532974s
      D_11 capped mod scan m_46 processed=20000000/47748739 elapsed=0.0546667s
      D_11 capped mod scan m_46 processed=20500000/47748739 elapsed=0.0561114s
      D_11 capped mod scan m_46 processed=21000000/47748739 elapsed=0.0575924s
      D_11 capped mod scan m_46 processed=21500000/47748739 elapsed=0.0590367s
      D_11 capped mod scan m_46 processed=22000000/47748739 elapsed=0.0605173s
      D_11 capped mod scan m_46 processed=22500000/47748739 elapsed=0.0622327s
      D_11 capped mod scan m_46 processed=23000000/47748739 elapsed=0.0637968s
      D_11 capped mod scan m_46 processed=23500000/47748739 elapsed=0.0653541s
      D_11 capped mod scan m_46 processed=24000000/47748739 elapsed=0.0669647s
      D_11 capped mod scan m_46 processed=24500000/47748739 elapsed=0.0685898s
      D_11 capped mod scan m_46 processed=25000000/47748739 elapsed=0.0700036s
      D_11 capped mod scan m_46 processed=25500000/47748739 elapsed=0.0717349s
      D_11 capped mod scan m_46 processed=26000000/47748739 elapsed=0.074764s
      D_11 capped mod scan m_46 processed=26500000/47748739 elapsed=0.0760663s
      D_11 capped mod scan m_46 processed=27000000/47748739 elapsed=0.0774153s
      D_11 capped mod scan m_46 processed=27500000/47748739 elapsed=0.0789636s
      D_11 capped mod scan m_46 processed=28000000/47748739 elapsed=0.0804553s
      D_11 capped mod scan m_46 processed=28500000/47748739 elapsed=0.081911s
      D_11 capped mod scan m_46 processed=29000000/47748739 elapsed=0.0837047s
      D_11 capped mod scan m_46 processed=29500000/47748739 elapsed=0.0862015s
      D_11 capped mod scan m_46 processed=30000000/47748739 elapsed=0.0892428s
      D_11 capped mod scan m_46 processed=30500000/47748739 elapsed=0.0909911s
      D_11 capped mod scan m_46 processed=31000000/47748739 elapsed=0.0926231s
      D_11 capped mod scan m_46 processed=31500000/47748739 elapsed=0.0941135s
      D_11 capped mod scan m_46 processed=32000000/47748739 elapsed=0.0956433s
      D_11 capped mod scan m_46 processed=32500000/47748739 elapsed=0.0974382s
      D_11 capped mod scan m_46 processed=33000000/47748739 elapsed=0.0990596s
      D_11 capped mod scan m_46 processed=33500000/47748739 elapsed=0.100769s
      D_11 capped mod scan m_46 processed=34000000/47748739 elapsed=0.102617s
      D_11 capped mod scan m_46 processed=34500000/47748739 elapsed=0.104209s
      D_11 capped mod scan m_46 processed=35000000/47748739 elapsed=0.105833s
      D_11 capped mod scan m_46 processed=35500000/47748739 elapsed=0.107685s
      D_11 capped mod scan m_46 processed=36000000/47748739 elapsed=0.109153s
      D_11 capped mod scan m_46 processed=36500000/47748739 elapsed=0.110444s
      D_11 capped mod scan m_46 processed=37000000/47748739 elapsed=0.111844s
      D_11 capped mod scan m_46 processed=37500000/47748739 elapsed=0.113402s
      D_11 capped mod scan m_46 processed=38000000/47748739 elapsed=0.114902s
      D_11 capped mod scan m_46 processed=38500000/47748739 elapsed=0.116455s
      D_11 capped mod scan m_46 processed=39000000/47748739 elapsed=0.118007s
      D_11 capped mod scan m_46 processed=39500000/47748739 elapsed=0.119567s
      D_11 capped mod scan m_46 processed=40000000/47748739 elapsed=0.121153s
      D_11 capped mod scan m_46 processed=40500000/47748739 elapsed=0.122832s
      D_11 capped mod scan m_46 processed=41000000/47748739 elapsed=0.124339s
      D_11 capped mod scan m_46 processed=41500000/47748739 elapsed=0.126175s
      D_11 capped mod scan m_46 processed=42000000/47748739 elapsed=0.128072s
      D_11 capped mod scan m_46 processed=42500000/47748739 elapsed=0.129891s
      D_11 capped mod scan m_46 processed=43000000/47748739 elapsed=0.131738s
      D_11 capped mod scan m_46 processed=43500000/47748739 elapsed=0.133652s
      D_11 capped mod scan m_46 processed=44000000/47748739 elapsed=0.135203s
      D_11 capped mod scan m_46 processed=44500000/47748739 elapsed=0.136789s
      D_11 capped mod scan m_46 processed=45000000/47748739 elapsed=0.138524s
      D_11 capped mod scan m_46 processed=45500000/47748739 elapsed=0.140267s
      D_11 capped mod scan m_46 processed=46000000/47748739 elapsed=0.14218s
      D_11 capped mod scan m_46 processed=46500000/47748739 elapsed=0.144113s
      D_11 capped mod scan m_46 processed=47000000/47748739 elapsed=0.146325s
      D_11 capped mod scan m_46 processed=47500000/47748739 elapsed=0.148241s
D_11 MOD 9223372036854775643 m_46 kept_even=7531936347408660915 det=5612458367112110124
