D capped suffix modular moment range rank 7 moments m_7..m_50 row cap 14 modulus 9223372036854775507 C++ certificate
begin D_7=SO(14) mod 9223372036854775507
    D_7 capped mod 9223372036854775507 forward step 1/50 states=1 elapsed=4.378e-06s
    D_7 capped mod 9223372036854775507 forward step 2/50 states=3 elapsed=2.2041e-05s
    D_7 capped mod 9223372036854775507 forward step 3/50 states=7 elapsed=2.7031e-05s
    D_7 capped mod 9223372036854775507 forward step 4/50 states=15 elapsed=3.0678e-05s
    D_7 capped mod 9223372036854775507 forward step 5/50 states=30 elapsed=3.5837e-05s
    D_7 capped mod 9223372036854775507 forward step 6/50 states=58 elapsed=4.8461e-05s
    D_7 capped mod 9223372036854775507 forward step 7/50 states=105 elapsed=8.4488e-05s
D_7 MOD 9223372036854775507 m_7 kept_even=822 det=1
    D_7 capped mod 9223372036854775507 forward step 8/50 states=184 elapsed=0.00013388s
D_7 MOD 9223372036854775507 m_8 kept_even=6202 det=21
    D_7 capped mod 9223372036854775507 forward step 9/50 states=311 elapsed=0.000222466s
D_7 MOD 9223372036854775507 m_9 kept_even=52552 det=406
    D_7 capped mod 9223372036854775507 forward step 10/50 states=511 elapsed=0.000354482s
D_7 MOD 9223372036854775507 m_10 kept_even=499194 det=7281
    D_7 capped mod 9223372036854775507 forward step 11/50 states=818 elapsed=0.000607956s
D_7 MOD 9223372036854775507 m_11 kept_even=5238370 det=129790
    D_7 capped mod 9223372036854775507 forward step 12/50 states=1283 elapsed=0.00103379s
D_7 MOD 9223372036854775507 m_12 kept_even=60222844 det=2339128
    D_7 capped mod 9223372036854775507 forward step 13/50 states=1969 elapsed=0.00172193s
D_7 MOD 9223372036854775507 m_13 kept_even=752587764 det=43121508
    D_7 capped mod 9223372036854775507 forward step 14/50 states=2972 elapsed=0.00288914s
D_7 MOD 9223372036854775507 m_14 kept_even=10157945044 det=817659778
    D_7 capped mod 9223372036854775507 forward step 15/50 states=4413 elapsed=0.00476427s
D_7 MOD 9223372036854775507 m_15 kept_even=147267097411 det=15995989114
    D_7 capped mod 9223372036854775507 forward step 16/50 states=6458 elapsed=0.00797529s
D_7 MOD 9223372036854775507 m_16 kept_even=2282345647665 det=323329078710
    D_7 capped mod 9223372036854775507 forward step 17/50 states=9324 elapsed=0.0126468s
D_7 MOD 9223372036854775507 m_17 kept_even=37654329521332 det=6756394374112
    D_7 capped mod 9223372036854775507 forward step 18/50 states=13301 elapsed=0.020551s
D_7 MOD 9223372036854775507 m_18 kept_even=658868685948817 det=145955337141142
    D_7 capped mod 9223372036854775507 forward step 19/50 states=18754 elapsed=0.0312495s
D_7 MOD 9223372036854775507 m_19 kept_even=12187026165585375 det=3258422799424182
    D_7 capped mod 9223372036854775507 forward step 20/50 states=26170 elapsed=0.0480707s
D_7 MOD 9223372036854775507 m_20 kept_even=237583603732071067 det=75133071385486291
    D_7 capped mod 9223372036854775507 forward step 21/50 states=36158 elapsed=0.071696s
D_7 MOD 9223372036854775507 m_21 kept_even=4868265661796700700 det=1788079680523814095
    D_7 capped mod 9223372036854775507 forward step 22/50 states=49502 elapsed=0.107298s
D_7 MOD 9223372036854775507 m_22 kept_even=3131179638473865310 det=6993473756164664597
    D_7 capped mod 9223372036854775507 forward step 23/50 states=67188 elapsed=0.155474s
D_7 MOD 9223372036854775507 m_23 kept_even=7595173890721319294 det=3183396685154909425
    D_7 capped mod 9223372036854775507 forward step 24/50 states=90464 elapsed=0.2331s
D_7 MOD 9223372036854775507 m_24 kept_even=7528011118723372168 det=7760004984049173906
    D_7 capped mod 9223372036854775507 forward step 25/50 states=120871 elapsed=0.344482s
D_7 MOD 9223372036854775507 m_25 kept_even=3644262066546300793 det=7163513258246385743
    D_7 capped mod 9223372036854775507 forward step 26/50 states=160349 elapsed=0.503944s
D_7 MOD 9223372036854775507 m_26 kept_even=8334713338621240913 det=7349677719557680826
    D_7 capped mod 9223372036854775507 forward step 27/50 states=211276 elapsed=0.7308s
D_7 MOD 9223372036854775507 m_27 kept_even=2676040911954256758 det=560141969536923543
    D_7 capped mod 9223372036854775507 forward step 28/50 states=276592 elapsed=1.05999s
D_7 MOD 9223372036854775507 m_28 kept_even=8558739519881846643 det=3080282880180678017
    D_7 capped mod 9223372036854775507 forward step 29/50 states=359888 elapsed=1.51974s
D_7 MOD 9223372036854775507 m_29 kept_even=1392524543475288159 det=2932437599183077649
    D_7 capped mod 9223372036854775507 forward step 30/50 states=465562 elapsed=2.1534s
D_7 MOD 9223372036854775507 m_30 kept_even=3541815037540477200 det=3851714667856445529
    D_7 capped mod 9223372036854775507 forward step 31/50 states=598926 elapsed=3.00041s
      D_7 capped mod scan m_31 processed=500000/598926 elapsed=0.00193385s
D_7 MOD 9223372036854775507 m_31 kept_even=1973321721895267563 det=6662685047390843440
      D_7 capped mod 9223372036854775507 packed step 32/50 processed=500000/598926 next_states=660983 step_elapsed=0.982992s elapsed=3.98658s
    D_7 capped mod 9223372036854775507 forward step 32/50 states=766444 elapsed=4.2181s
      D_7 capped mod scan m_32 processed=500000/766444 elapsed=0.00186909s
D_7 MOD 9223372036854775507 m_32 kept_even=1051617738609461288 det=7418182241649917746
      D_7 capped mod 9223372036854775507 packed step 33/50 processed=500000/766444 next_states=677084 step_elapsed=0.987339s elapsed=5.21033s
    D_7 capped mod 9223372036854775507 forward step 33/50 states=975873 elapsed=5.82979s
      D_7 capped mod scan m_33 processed=500000/975873 elapsed=0.00177754s
D_7 MOD 9223372036854775507 m_33 kept_even=8444759568321400467 det=7927384851164028995
      D_7 capped mod 9223372036854775507 packed step 34/50 processed=500000/975873 next_states=684202 step_elapsed=0.997805s elapsed=6.84114s
    D_7 capped mod 9223372036854775507 forward step 34/50 states=1236550 elapsed=7.9921s
      D_7 capped mod scan m_34 processed=500000/1236550 elapsed=0.00180101s
      D_7 capped mod scan m_34 processed=1000000/1236550 elapsed=0.00391701s
D_7 MOD 9223372036854775507 m_34 kept_even=5609410166845913626 det=4984657597347571195
      D_7 capped mod 9223372036854775507 packed step 35/50 processed=500000/1236550 next_states=692333 step_elapsed=0.999285s elapsed=8.99837s
      D_7 capped mod 9223372036854775507 packed step 35/50 processed=1000000/1236550 next_states=1304721 step_elapsed=2.28873s elapsed=10.2878s
    D_7 capped mod 9223372036854775507 forward step 35/50 states=1559632 elapsed=10.9062s
      D_7 capped mod scan m_35 processed=500000/1559632 elapsed=0.00174804s
      D_7 capped mod scan m_35 processed=1000000/1559632 elapsed=0.00364646s
      D_7 capped mod scan m_35 processed=1500000/1559632 elapsed=0.00581649s
D_7 MOD 9223372036854775507 m_35 kept_even=296581344218546712 det=5981451053389542298
      D_7 capped mod 9223372036854775507 packed step 36/50 processed=500000/1559632 next_states=698621 step_elapsed=1.11477s elapsed=12.0489s
      D_7 capped mod 9223372036854775507 packed step 36/50 processed=1000000/1559632 next_states=1331972 step_elapsed=2.53786s elapsed=13.472s
      D_7 capped mod 9223372036854775507 packed step 36/50 processed=1500000/1559632 next_states=1899254 step_elapsed=3.99915s elapsed=14.9333s
    D_7 capped mod 9223372036854775507 forward step 36/50 states=1958447 elapsed=15.0744s
      D_7 capped mod scan m_36 processed=500000/1958447 elapsed=0.00192844s
      D_7 capped mod scan m_36 processed=1000000/1958447 elapsed=0.00397607s
      D_7 capped mod scan m_36 processed=1500000/1958447 elapsed=0.00623334s
D_7 MOD 9223372036854775507 m_36 kept_even=4492412783659530422 det=3710788223214407625
      D_7 capped mod 9223372036854775507 packed step 37/50 processed=500000/1958447 next_states=703051 step_elapsed=1.08355s elapsed=16.1717s
      D_7 capped mod 9223372036854775507 packed step 37/50 processed=1000000/1958447 next_states=1344174 step_elapsed=2.40954s elapsed=17.4977s
      D_7 capped mod 9223372036854775507 packed step 37/50 processed=1500000/1958447 next_states=1950746 step_elapsed=3.82779s elapsed=18.9159s
    D_7 capped mod 9223372036854775507 forward step 37/50 states=2448799 elapsed=20.1487s
      D_7 capped mod scan m_37 processed=500000/2448799 elapsed=0.00178358s
      D_7 capped mod scan m_37 processed=1000000/2448799 elapsed=0.00372608s
      D_7 capped mod scan m_37 processed=1500000/2448799 elapsed=0.00572299s
      D_7 capped mod scan m_37 processed=2000000/2448799 elapsed=0.00787161s
D_7 MOD 9223372036854775507 m_37 kept_even=4728819592852909661 det=3869068444956587904
      D_7 capped mod 9223372036854775507 packed step 38/50 processed=500000/2448799 next_states=707186 step_elapsed=1.04075s elapsed=21.2201s
      D_7 capped mod 9223372036854775507 packed step 38/50 processed=1000000/2448799 next_states=1358393 step_elapsed=2.44006s elapsed=22.6194s
      D_7 capped mod 9223372036854775507 packed step 38/50 processed=1500000/2448799 next_states=1982462 step_elapsed=3.87954s elapsed=24.0589s
      D_7 capped mod 9223372036854775507 packed step 38/50 processed=2000000/2448799 next_states=2573137 step_elapsed=5.43259s elapsed=25.612s
    D_7 capped mod 9223372036854775507 forward step 38/50 states=3049468 elapsed=26.9793s
      D_7 capped mod scan m_38 processed=500000/3049468 elapsed=0.00182254s
      D_7 capped mod scan m_38 processed=1000000/3049468 elapsed=0.00372472s
      D_7 capped mod scan m_38 processed=1500000/3049468 elapsed=0.00578108s
      D_7 capped mod scan m_38 processed=2000000/3049468 elapsed=0.00781016s
      D_7 capped mod scan m_38 processed=2500000/3049468 elapsed=0.010021s
      D_7 capped mod scan m_38 processed=3000000/3049468 elapsed=0.0125408s
D_7 MOD 9223372036854775507 m_38 kept_even=4199760679537093005 det=4111976873132335708
      D_7 capped mod 9223372036854775507 packed step 39/50 processed=500000/3049468 next_states=710463 step_elapsed=1.16579s elapsed=28.203s
      D_7 capped mod 9223372036854775507 packed step 39/50 processed=1000000/3049468 next_states=1369259 step_elapsed=2.49023s elapsed=29.5275s
      D_7 capped mod 9223372036854775507 packed step 39/50 processed=1500000/3049468 next_states=2004647 step_elapsed=3.99474s elapsed=31.032s
      D_7 capped mod 9223372036854775507 packed step 39/50 processed=2000000/3049468 next_states=2614622 step_elapsed=5.56141s elapsed=32.5986s
      D_7 capped mod 9223372036854775507 packed step 39/50 processed=2500000/3049468 next_states=3195568 step_elapsed=7.13788s elapsed=34.1751s
      D_7 capped mod 9223372036854775507 packed step 39/50 processed=3000000/3049468 next_states=3735680 step_elapsed=8.69628s elapsed=35.7335s
    D_7 capped mod 9223372036854775507 forward step 39/50 states=3782595 elapsed=35.8749s
      D_7 capped mod scan m_39 processed=500000/3782595 elapsed=0.00192759s
      D_7 capped mod scan m_39 processed=1000000/3782595 elapsed=0.00565252s
      D_7 capped mod scan m_39 processed=1500000/3782595 elapsed=0.0075918s
      D_7 capped mod scan m_39 processed=2000000/3782595 elapsed=0.00970061s
      D_7 capped mod scan m_39 processed=2500000/3782595 elapsed=0.0117604s
      D_7 capped mod scan m_39 processed=3000000/3782595 elapsed=0.0140218s
      D_7 capped mod scan m_39 processed=3500000/3782595 elapsed=0.0164454s
D_7 MOD 9223372036854775507 m_39 kept_even=5898257774079787241 det=6100628514483321419
      D_7 capped mod 9223372036854775507 packed step 40/50 processed=500000/3782595 next_states=713055 step_elapsed=1.22455s elapsed=37.1627s
      D_7 capped mod 9223372036854775507 packed step 40/50 processed=1000000/3782595 next_states=1376972 step_elapsed=2.63957s elapsed=38.5777s
      D_7 capped mod 9223372036854775507 packed step 40/50 processed=1500000/3782595 next_states=2015909 step_elapsed=4.20047s elapsed=40.1386s
      D_7 capped mod 9223372036854775507 packed step 40/50 processed=2000000/3782595 next_states=2646351 step_elapsed=5.76526s elapsed=41.7034s
      D_7 capped mod 9223372036854775507 packed step 40/50 processed=2500000/3782595 next_states=3253955 step_elapsed=7.64936s elapsed=43.5875s
      D_7 capped mod 9223372036854775507 packed step 40/50 processed=3000000/3782595 next_states=3835561 step_elapsed=9.47034s elapsed=45.4085s
      D_7 capped mod 9223372036854775507 packed step 40/50 processed=3500000/3782595 next_states=4389300 step_elapsed=11.2274s elapsed=47.1656s
    D_7 capped mod 9223372036854775507 forward step 40/50 states=4674296 elapsed=48.0713s
      D_7 capped mod scan m_40 processed=500000/4674296 elapsed=0.00179281s
      D_7 capped mod scan m_40 processed=1000000/4674296 elapsed=0.00363233s
      D_7 capped mod scan m_40 processed=1500000/4674296 elapsed=0.00558432s
      D_7 capped mod scan m_40 processed=2000000/4674296 elapsed=0.0074862s
      D_7 capped mod scan m_40 processed=2500000/4674296 elapsed=0.00956422s
      D_7 capped mod scan m_40 processed=3000000/4674296 elapsed=0.0115328s
      D_7 capped mod scan m_40 processed=3500000/4674296 elapsed=0.0137619s
      D_7 capped mod scan m_40 processed=4000000/4674296 elapsed=0.0159136s
      D_7 capped mod scan m_40 processed=4500000/4674296 elapsed=0.0182821s
D_7 MOD 9223372036854775507 m_40 kept_even=8571304252246283188 det=798922929926456422
      D_7 capped mod 9223372036854775507 packed step 41/50 processed=500000/4674296 next_states=715903 step_elapsed=1.12527s elapsed=49.2604s
      D_7 capped mod 9223372036854775507 packed step 41/50 processed=1000000/4674296 next_states=1384246 step_elapsed=2.49103s elapsed=50.6261s
      D_7 capped mod 9223372036854775507 packed step 41/50 processed=1500000/4674296 next_states=2030907 step_elapsed=4.104s elapsed=52.2391s
      D_7 capped mod 9223372036854775507 packed step 41/50 processed=2000000/4674296 next_states=2660380 step_elapsed=5.81351s elapsed=53.9486s
      D_7 capped mod 9223372036854775507 packed step 41/50 processed=2500000/4674296 next_states=3280341 step_elapsed=7.63959s elapsed=55.7747s
      D_7 capped mod 9223372036854775507 packed step 41/50 processed=3000000/4674296 next_states=3887135 step_elapsed=9.5668s elapsed=57.7019s
      D_7 capped mod 9223372036854775507 packed step 41/50 processed=3500000/4674296 next_states=4474178 step_elapsed=11.4541s elapsed=59.5892s
      D_7 capped mod 9223372036854775507 packed step 41/50 processed=4000000/4674296 next_states=5040655 step_elapsed=13.4795s elapsed=61.6146s
      D_7 capped mod 9223372036854775507 packed step 41/50 processed=4500000/4674296 next_states=5583228 step_elapsed=15.2577s elapsed=63.3928s
    D_7 capped mod 9223372036854775507 forward step 41/50 states=5755226 elapsed=63.9238s
      D_7 capped mod scan m_41 processed=500000/5755226 elapsed=0.00192412s
      D_7 capped mod scan m_41 processed=1000000/5755226 elapsed=0.003818s
      D_7 capped mod scan m_41 processed=1500000/5755226 elapsed=0.00575099s
      D_7 capped mod scan m_41 processed=2000000/5755226 elapsed=0.00777945s
      D_7 capped mod scan m_41 processed=2500000/5755226 elapsed=0.00974741s
      D_7 capped mod scan m_41 processed=3000000/5755226 elapsed=0.0118523s
      D_7 capped mod scan m_41 processed=3500000/5755226 elapsed=0.0140774s
      D_7 capped mod scan m_41 processed=4000000/5755226 elapsed=0.0162405s
      D_7 capped mod scan m_41 processed=4500000/5755226 elapsed=0.0186548s
      D_7 capped mod scan m_41 processed=5000000/5755226 elapsed=0.0209122s
      D_7 capped mod scan m_41 processed=5500000/5755226 elapsed=0.0233783s
D_7 MOD 9223372036854775507 m_41 kept_even=6598212404008031712 det=3702616013923956071
      D_7 capped mod 9223372036854775507 packed step 42/50 processed=500000/5755226 next_states=719330 step_elapsed=1.20751s elapsed=65.2468s
      D_7 capped mod 9223372036854775507 packed step 42/50 processed=1000000/5755226 next_states=1389116 step_elapsed=2.7754s elapsed=66.8147s
      D_7 capped mod 9223372036854775507 packed step 42/50 processed=1500000/5755226 next_states=2042808 step_elapsed=4.44011s elapsed=68.4794s
      D_7 capped mod 9223372036854775507 packed step 42/50 processed=2000000/5755226 next_states=2682767 step_elapsed=6.15262s elapsed=70.1919s
      D_7 capped mod 9223372036854775507 packed step 42/50 processed=2500000/5755226 next_states=3312777 step_elapsed=7.9809s elapsed=72.0202s
      D_7 capped mod 9223372036854775507 packed step 42/50 processed=3000000/5755226 next_states=3933970 step_elapsed=9.82141s elapsed=73.8607s
      D_7 capped mod 9223372036854775507 packed step 42/50 processed=3500000/5755226 next_states=4543840 step_elapsed=11.8071s elapsed=75.8464s
      D_7 capped mod 9223372036854775507 packed step 42/50 processed=4000000/5755226 next_states=5124668 step_elapsed=13.7556s elapsed=77.7949s
      D_7 capped mod 9223372036854775507 packed step 42/50 processed=4500000/5755226 next_states=5705481 step_elapsed=15.7312s elapsed=79.7705s
      D_7 capped mod 9223372036854775507 packed step 42/50 processed=5000000/5755226 next_states=6268142 step_elapsed=17.7068s elapsed=81.746s
      D_7 capped mod 9223372036854775507 packed step 42/50 processed=5500000/5755226 next_states=6811450 step_elapsed=19.5245s elapsed=83.5638s
    D_7 capped mod 9223372036854775507 forward step 42/50 states=7061341 elapsed=84.3347s
      D_7 capped mod scan m_42 processed=500000/7061341 elapsed=0.00181463s
      D_7 capped mod scan m_42 processed=1000000/7061341 elapsed=0.00367846s
      D_7 capped mod scan m_42 processed=1500000/7061341 elapsed=0.00563816s
      D_7 capped mod scan m_42 processed=2000000/7061341 elapsed=0.0076864s
      D_7 capped mod scan m_42 processed=2500000/7061341 elapsed=0.009652s
      D_7 capped mod scan m_42 processed=3000000/7061341 elapsed=0.0116876s
      D_7 capped mod scan m_42 processed=3500000/7061341 elapsed=0.013702s
      D_7 capped mod scan m_42 processed=4000000/7061341 elapsed=0.0158924s
      D_7 capped mod scan m_42 processed=4500000/7061341 elapsed=0.0181765s
      D_7 capped mod scan m_42 processed=5000000/7061341 elapsed=0.0202835s
      D_7 capped mod scan m_42 processed=5500000/7061341 elapsed=0.0225895s
      D_7 capped mod scan m_42 processed=6000000/7061341 elapsed=0.0248181s
      D_7 capped mod scan m_42 processed=6500000/7061341 elapsed=0.027137s
      D_7 capped mod scan m_42 processed=7000000/7061341 elapsed=0.0296947s
D_7 MOD 9223372036854775507 m_42 kept_even=3509951437304310900 det=5445602407422539885
      D_7 capped mod 9223372036854775507 packed step 43/50 processed=500000/7061341 next_states=719884 step_elapsed=1.22143s elapsed=85.6679s
      D_7 capped mod 9223372036854775507 packed step 43/50 processed=1000000/7061341 next_states=1394957 step_elapsed=2.75736s elapsed=87.2039s
      D_7 capped mod 9223372036854775507 packed step 43/50 processed=1500000/7061341 next_states=2051583 step_elapsed=4.34345s elapsed=88.79s
      D_7 capped mod 9223372036854775507 packed step 43/50 processed=2000000/7061341 next_states=2698853 step_elapsed=6.01373s elapsed=90.4602s
      D_7 capped mod 9223372036854775507 packed step 43/50 processed=2500000/7061341 next_states=3338545 step_elapsed=7.75913s elapsed=92.2056s
      D_7 capped mod 9223372036854775507 packed step 43/50 processed=3000000/7061341 next_states=3967999 step_elapsed=9.64798s elapsed=94.0945s
      D_7 capped mod 9223372036854775507 packed step 43/50 processed=3500000/7061341 next_states=4573024 step_elapsed=11.6431s elapsed=96.0896s
      D_7 capped mod 9223372036854775507 packed step 43/50 processed=4000000/7061341 next_states=5191345 step_elapsed=13.46s elapsed=97.9065s
      D_7 capped mod 9223372036854775507 packed step 43/50 processed=4500000/7061341 next_states=5794411 step_elapsed=15.4415s elapsed=99.888s
      D_7 capped mod 9223372036854775507 packed step 43/50 processed=5000000/7061341 next_states=6371318 step_elapsed=17.6018s elapsed=102.048s
      D_7 capped mod 9223372036854775507 packed step 43/50 processed=5500000/7061341 next_states=6956235 step_elapsed=19.5695s elapsed=104.016s
      D_7 capped mod 9223372036854775507 packed step 43/50 processed=6000000/7061341 next_states=7525532 step_elapsed=21.5886s elapsed=106.035s
      D_7 capped mod 9223372036854775507 packed step 43/50 processed=6500000/7061341 next_states=8068940 step_elapsed=23.531s elapsed=107.977s
      D_7 capped mod 9223372036854775507 packed step 43/50 processed=7000000/7061341 next_states=8577847 step_elapsed=25.244s elapsed=109.69s
    D_7 capped mod 9223372036854775507 forward step 43/50 states=8634598 elapsed=109.881s
      D_7 capped mod scan m_43 processed=500000/8634598 elapsed=0.00176645s
      D_7 capped mod scan m_43 processed=1000000/8634598 elapsed=0.00366885s
      D_7 capped mod scan m_43 processed=1500000/8634598 elapsed=0.00564351s
      D_7 capped mod scan m_43 processed=2000000/8634598 elapsed=0.00757026s
      D_7 capped mod scan m_43 processed=2500000/8634598 elapsed=0.00960872s
      D_7 capped mod scan m_43 processed=3000000/8634598 elapsed=0.0115629s
      D_7 capped mod scan m_43 processed=3500000/8634598 elapsed=0.0137477s
      D_7 capped mod scan m_43 processed=4000000/8634598 elapsed=0.0158493s
      D_7 capped mod scan m_43 processed=4500000/8634598 elapsed=0.0178207s
      D_7 capped mod scan m_43 processed=5000000/8634598 elapsed=0.0199548s
      D_7 capped mod scan m_43 processed=5500000/8634598 elapsed=0.0221858s
      D_7 capped mod scan m_43 processed=6000000/8634598 elapsed=0.0243142s
      D_7 capped mod scan m_43 processed=6500000/8634598 elapsed=0.0265658s
      D_7 capped mod scan m_43 processed=7000000/8634598 elapsed=0.0289336s
      D_7 capped mod scan m_43 processed=7500000/8634598 elapsed=0.0312666s
      D_7 capped mod scan m_43 processed=8000000/8634598 elapsed=0.0336778s
      D_7 capped mod scan m_43 processed=8500000/8634598 elapsed=0.0362433s
D_7 MOD 9223372036854775507 m_43 kept_even=1339725024236343346 det=3891472831212197651
      D_7 capped mod 9223372036854775507 packed step 44/50 processed=500000/8634598 next_states=720385 step_elapsed=1.20449s elapsed=111.205s
      D_7 capped mod 9223372036854775507 packed step 44/50 processed=1000000/8634598 next_states=1398182 step_elapsed=2.66725s elapsed=112.668s
      D_7 capped mod 9223372036854775507 packed step 44/50 processed=1500000/8634598 next_states=2057590 step_elapsed=4.2484s elapsed=114.249s
      D_7 capped mod 9223372036854775507 packed step 44/50 processed=2000000/8634598 next_states=2711466 step_elapsed=5.94248s elapsed=115.943s
      D_7 capped mod 9223372036854775507 packed step 44/50 processed=2500000/8634598 next_states=3358254 step_elapsed=7.72095s elapsed=117.722s
      D_7 capped mod 9223372036854775507 packed step 44/50 processed=3000000/8634598 next_states=3977804 step_elapsed=9.61197s elapsed=119.613s
      D_7 capped mod 9223372036854775507 packed step 44/50 processed=3500000/8634598 next_states=4613428 step_elapsed=11.4395s elapsed=121.44s
      D_7 capped mod 9223372036854775507 packed step 44/50 processed=4000000/8634598 next_states=5240316 step_elapsed=13.3478s elapsed=123.349s
      D_7 capped mod 9223372036854775507 packed step 44/50 processed=4500000/8634598 next_states=5837516 step_elapsed=15.4115s elapsed=125.412s
      D_7 capped mod 9223372036854775507 packed step 44/50 processed=5000000/8634598 next_states=6457443 step_elapsed=17.3986s elapsed=127.399s
      D_7 capped mod 9223372036854775507 packed step 44/50 processed=5500000/8634598 next_states=7034138 step_elapsed=19.5632s elapsed=129.564s
      D_7 capped mod 9223372036854775507 packed step 44/50 processed=6000000/8634598 next_states=7639670 step_elapsed=21.5307s elapsed=131.532s
      D_7 capped mod 9223372036854775507 packed step 44/50 processed=6500000/8634598 next_states=8204385 step_elapsed=23.6693s elapsed=133.67s
      D_7 capped mod 9223372036854775507 packed step 44/50 processed=7000000/8634598 next_states=8782443 step_elapsed=25.7647s elapsed=135.765s
      D_7 capped mod 9223372036854775507 packed step 44/50 processed=7500000/8634598 next_states=9346432 step_elapsed=27.9233s elapsed=137.924s
      D_7 capped mod 9223372036854775507 packed step 44/50 processed=8000000/8634598 next_states=9885064 step_elapsed=29.9319s elapsed=139.933s
      D_7 capped mod 9223372036854775507 packed step 44/50 processed=8500000/8634598 next_states=10394981 step_elapsed=31.7664s elapsed=141.767s
    D_7 capped mod 9223372036854775507 forward step 44/50 states=10523981 elapsed=142.232s
      D_7 capped mod scan m_44 processed=500000/10523981 elapsed=0.00183815s
      D_7 capped mod scan m_44 processed=1000000/10523981 elapsed=0.0037424s
      D_7 capped mod scan m_44 processed=1500000/10523981 elapsed=0.00567246s
      D_7 capped mod scan m_44 processed=2000000/10523981 elapsed=0.00766539s
      D_7 capped mod scan m_44 processed=2500000/10523981 elapsed=0.00962572s
      D_7 capped mod scan m_44 processed=3000000/10523981 elapsed=0.0117397s
      D_7 capped mod scan m_44 processed=3500000/10523981 elapsed=0.0137521s
      D_7 capped mod scan m_44 processed=4000000/10523981 elapsed=0.0157753s
      D_7 capped mod scan m_44 processed=4500000/10523981 elapsed=0.0179425s
      D_7 capped mod scan m_44 processed=5000000/10523981 elapsed=0.0202236s
      D_7 capped mod scan m_44 processed=5500000/10523981 elapsed=0.0222119s
      D_7 capped mod scan m_44 processed=6000000/10523981 elapsed=0.0243249s
      D_7 capped mod scan m_44 processed=6500000/10523981 elapsed=0.0266085s
      D_7 capped mod scan m_44 processed=7000000/10523981 elapsed=0.0289s
      D_7 capped mod scan m_44 processed=7500000/10523981 elapsed=0.0310455s
      D_7 capped mod scan m_44 processed=8000000/10523981 elapsed=0.0332478s
      D_7 capped mod scan m_44 processed=8500000/10523981 elapsed=0.0355573s
      D_7 capped mod scan m_44 processed=9000000/10523981 elapsed=0.0380119s
      D_7 capped mod scan m_44 processed=9500000/10523981 elapsed=0.0403201s
      D_7 capped mod scan m_44 processed=10000000/10523981 elapsed=0.0429189s
      D_7 capped mod scan m_44 processed=10500000/10523981 elapsed=0.045625s
D_7 MOD 9223372036854775507 m_44 kept_even=5544988997009871566 det=5879830541506427150
      D_7 capped mod 9223372036854775507 packed step 45/50 processed=500000/10523981 next_states=720385 step_elapsed=1.29337s elapsed=143.743s
      D_7 capped mod 9223372036854775507 packed step 45/50 processed=1000000/10523981 next_states=1403258 step_elapsed=2.87423s elapsed=145.324s
      D_7 capped mod 9223372036854775507 packed step 45/50 processed=1500000/10523981 next_states=2064964 step_elapsed=4.63141s elapsed=147.081s
      D_7 capped mod 9223372036854775507 packed step 45/50 processed=2000000/10523981 next_states=2721684 step_elapsed=6.47688s elapsed=148.927s
      D_7 capped mod 9223372036854775507 packed step 45/50 processed=2500000/10523981 next_states=3371093 step_elapsed=8.44065s elapsed=150.89s
      D_7 capped mod 9223372036854775507 packed step 45/50 processed=3000000/10523981 next_states=3998267 step_elapsed=10.5778s elapsed=153.028s
      D_7 capped mod 9223372036854775507 packed step 45/50 processed=3500000/10523981 next_states=4640067 step_elapsed=12.5279s elapsed=154.978s
      D_7 capped mod 9223372036854775507 packed step 45/50 processed=4000000/10523981 next_states=5261368 step_elapsed=14.7299s elapsed=157.18s
      D_7 capped mod 9223372036854775507 packed step 45/50 processed=4500000/10523981 next_states=5889343 step_elapsed=16.8351s elapsed=159.285s
      D_7 capped mod 9223372036854775507 packed step 45/50 processed=5000000/10523981 next_states=6496048 step_elapsed=18.9999s elapsed=161.45s
      D_7 capped mod 9223372036854775507 packed step 45/50 processed=5500000/10523981 next_states=7115166 step_elapsed=21.1188s elapsed=163.569s
      D_7 capped mod 9223372036854775507 packed step 45/50 processed=6000000/10523981 next_states=7703092 step_elapsed=23.4874s elapsed=165.937s
      D_7 capped mod 9223372036854775507 packed step 45/50 processed=6500000/10523981 next_states=8319632 step_elapsed=25.5242s elapsed=167.974s
      D_7 capped mod 9223372036854775507 packed step 45/50 processed=7000000/10523981 next_states=8894080 step_elapsed=27.7515s elapsed=170.201s
      D_7 capped mod 9223372036854775507 packed step 45/50 processed=7500000/10523981 next_states=9496843 step_elapsed=29.7194s elapsed=172.169s
      D_7 capped mod 9223372036854775507 packed step 45/50 processed=8000000/10523981 next_states=10054871 step_elapsed=31.9058s elapsed=174.356s
      D_7 capped mod 9223372036854775507 packed step 45/50 processed=8500000/10523981 next_states=10639171 step_elapsed=34.0443s elapsed=176.494s
      D_7 capped mod 9223372036854775507 packed step 45/50 processed=9000000/10523981 next_states=11176520 step_elapsed=36.3017s elapsed=178.751s
      D_7 capped mod 9223372036854775507 packed step 45/50 processed=9500000/10523981 next_states=11736597 step_elapsed=38.3921s elapsed=180.842s
      D_7 capped mod 9223372036854775507 packed step 45/50 processed=10000000/10523981 next_states=12268752 step_elapsed=40.4061s elapsed=182.856s
      D_7 capped mod 9223372036854775507 packed step 45/50 processed=10500000/10523981 next_states=12765149 step_elapsed=42.0971s elapsed=184.547s
    D_7 capped mod 9223372036854775507 forward step 45/50 states=12786384 elapsed=184.662s
      D_7 capped mod scan m_45 processed=500000/12786384 elapsed=0.00184695s
      D_7 capped mod scan m_45 processed=1000000/12786384 elapsed=0.00371516s
      D_7 capped mod scan m_45 processed=1500000/12786384 elapsed=0.00567548s
      D_7 capped mod scan m_45 processed=2000000/12786384 elapsed=0.00757375s
      D_7 capped mod scan m_45 processed=2500000/12786384 elapsed=0.00967832s
      D_7 capped mod scan m_45 processed=3000000/12786384 elapsed=0.0115254s
      D_7 capped mod scan m_45 processed=3500000/12786384 elapsed=0.0135034s
      D_7 capped mod scan m_45 processed=4000000/12786384 elapsed=0.0156119s
      D_7 capped mod scan m_45 processed=4500000/12786384 elapsed=0.0175984s
      D_7 capped mod scan m_45 processed=5000000/12786384 elapsed=0.019541s
      D_7 capped mod scan m_45 processed=5500000/12786384 elapsed=0.0215937s
      D_7 capped mod scan m_45 processed=6000000/12786384 elapsed=0.0238032s
      D_7 capped mod scan m_45 processed=6500000/12786384 elapsed=0.0259933s
      D_7 capped mod scan m_45 processed=7000000/12786384 elapsed=0.0279186s
      D_7 capped mod scan m_45 processed=7500000/12786384 elapsed=0.0299827s
      D_7 capped mod scan m_45 processed=8000000/12786384 elapsed=0.0320565s
      D_7 capped mod scan m_45 processed=8500000/12786384 elapsed=0.0343646s
      D_7 capped mod scan m_45 processed=9000000/12786384 elapsed=0.0366901s
      D_7 capped mod scan m_45 processed=9500000/12786384 elapsed=0.0387596s
      D_7 capped mod scan m_45 processed=10000000/12786384 elapsed=0.0410105s
      D_7 capped mod scan m_45 processed=10500000/12786384 elapsed=0.0432675s
      D_7 capped mod scan m_45 processed=11000000/12786384 elapsed=0.0457403s
      D_7 capped mod scan m_45 processed=11500000/12786384 elapsed=0.0480546s
      D_7 capped mod scan m_45 processed=12000000/12786384 elapsed=0.0503793s
      D_7 capped mod scan m_45 processed=12500000/12786384 elapsed=0.0529405s
D_7 MOD 9223372036854775507 m_45 kept_even=8125375539170558342 det=5450111902252581720
      D_7 capped mod 9223372036854775507 packed step 46/50 processed=500000/12786384 next_states=720385 step_elapsed=1.30934s elapsed=186.197s
      D_7 capped mod 9223372036854775507 packed step 46/50 processed=1000000/12786384 next_states=1408555 step_elapsed=2.84214s elapsed=187.729s
      D_7 capped mod 9223372036854775507 packed step 46/50 processed=1500000/12786384 next_states=2070069 step_elapsed=4.43507s elapsed=189.322s
      D_7 capped mod 9223372036854775507 packed step 46/50 processed=2000000/12786384 next_states=2729727 step_elapsed=6.16899s elapsed=191.056s
      D_7 capped mod 9223372036854775507 packed step 46/50 processed=2500000/12786384 next_states=3381381 step_elapsed=7.95545s elapsed=192.843s
      D_7 capped mod 9223372036854775507 packed step 46/50 processed=3000000/12786384 next_states=4015044 step_elapsed=9.91025s elapsed=194.798s
      D_7 capped mod 9223372036854775507 packed step 46/50 processed=3500000/12786384 next_states=4666181 step_elapsed=11.6787s elapsed=196.566s
      D_7 capped mod 9223372036854775507 packed step 46/50 processed=4000000/12786384 next_states=5282640 step_elapsed=13.8552s elapsed=198.743s
      D_7 capped mod 9223372036854775507 packed step 46/50 processed=4500000/12786384 next_states=5926337 step_elapsed=15.6132s elapsed=200.501s
      D_7 capped mod 9223372036854775507 packed step 46/50 processed=5000000/12786384 next_states=6538582 step_elapsed=17.768s elapsed=202.655s
      D_7 capped mod 9223372036854775507 packed step 46/50 processed=5500000/12786384 next_states=7174293 step_elapsed=19.6534s elapsed=204.541s
      D_7 capped mod 9223372036854775507 packed step 46/50 processed=6000000/12786384 next_states=7773304 step_elapsed=21.8381s elapsed=206.725s
      D_7 capped mod 9223372036854775507 packed step 46/50 processed=6500000/12786384 next_states=8378405 step_elapsed=24.1293s elapsed=209.017s
      D_7 capped mod 9223372036854775507 packed step 46/50 processed=7000000/12786384 next_states=8995254 step_elapsed=26.197s elapsed=211.084s
      D_7 capped mod 9223372036854775507 packed step 46/50 processed=7500000/12786384 next_states=9576499 step_elapsed=28.5288s elapsed=213.416s
      D_7 capped mod 9223372036854775507 packed step 46/50 processed=8000000/12786384 next_states=10189851 step_elapsed=30.6249s elapsed=215.512s
      D_7 capped mod 9223372036854775507 packed step 46/50 processed=8500000/12786384 next_states=10770786 step_elapsed=32.8411s elapsed=217.728s
      D_7 capped mod 9223372036854775507 packed step 46/50 processed=9000000/12786384 next_states=11336984 step_elapsed=35.2587s elapsed=220.146s
      D_7 capped mod 9223372036854775507 packed step 46/50 processed=9500000/12786384 next_states=11941982 step_elapsed=37.3848s elapsed=222.272s
      D_7 capped mod 9223372036854775507 packed step 46/50 processed=10000000/12786384 next_states=12492785 step_elapsed=39.7689s elapsed=224.656s
      D_7 capped mod 9223372036854775507 packed step 46/50 processed=10500000/12786384 next_states=13072550 step_elapsed=41.8865s elapsed=226.774s
      D_7 capped mod 9223372036854775507 packed step 46/50 processed=11000000/12786384 next_states=13614449 step_elapsed=44.0376s elapsed=228.925s
      D_7 capped mod 9223372036854775507 packed step 46/50 processed=11500000/12786384 next_states=14173011 step_elapsed=46.3162s elapsed=231.204s
      D_7 capped mod 9223372036854775507 packed step 46/50 processed=12000000/12786384 next_states=14694198 step_elapsed=48.3374s elapsed=233.225s
      D_7 capped mod 9223372036854775507 packed step 46/50 processed=12500000/12786384 next_states=15211347 step_elapsed=50.1662s elapsed=235.053s
    D_7 capped mod 9223372036854775507 forward step 46/50 states=15487861 elapsed=236.035s
      D_7 capped mod scan m_46 processed=500000/15487861 elapsed=0.00183168s
      D_7 capped mod scan m_46 processed=1000000/15487861 elapsed=0.00373341s
      D_7 capped mod scan m_46 processed=1500000/15487861 elapsed=0.00567029s
      D_7 capped mod scan m_46 processed=2000000/15487861 elapsed=0.0076674s
      D_7 capped mod scan m_46 processed=2500000/15487861 elapsed=0.00959808s
      D_7 capped mod scan m_46 processed=3000000/15487861 elapsed=0.0115975s
      D_7 capped mod scan m_46 processed=3500000/15487861 elapsed=0.013532s
      D_7 capped mod scan m_46 processed=4000000/15487861 elapsed=0.0154381s
      D_7 capped mod scan m_46 processed=4500000/15487861 elapsed=0.0174655s
      D_7 capped mod scan m_46 processed=5000000/15487861 elapsed=0.0196225s
      D_7 capped mod scan m_46 processed=5500000/15487861 elapsed=0.0217545s
      D_7 capped mod scan m_46 processed=6000000/15487861 elapsed=0.0236174s
      D_7 capped mod scan m_46 processed=6500000/15487861 elapsed=0.0256462s
      D_7 capped mod scan m_46 processed=7000000/15487861 elapsed=0.0276702s
      D_7 capped mod scan m_46 processed=7500000/15487861 elapsed=0.0298869s
      D_7 capped mod scan m_46 processed=8000000/15487861 elapsed=0.0321945s
      D_7 capped mod scan m_46 processed=8500000/15487861 elapsed=0.0342686s
      D_7 capped mod scan m_46 processed=9000000/15487861 elapsed=0.0362172s
      D_7 capped mod scan m_46 processed=9500000/15487861 elapsed=0.0382489s
      D_7 capped mod scan m_46 processed=10000000/15487861 elapsed=0.0403702s
      D_7 capped mod scan m_46 processed=10500000/15487861 elapsed=0.0424829s
      D_7 capped mod scan m_46 processed=11000000/15487861 elapsed=0.044713s
      D_7 capped mod scan m_46 processed=11500000/15487861 elapsed=0.0469105s
      D_7 capped mod scan m_46 processed=12000000/15487861 elapsed=0.0489089s
      D_7 capped mod scan m_46 processed=12500000/15487861 elapsed=0.052747s
      D_7 capped mod scan m_46 processed=13000000/15487861 elapsed=0.0550932s
      D_7 capped mod scan m_46 processed=13500000/15487861 elapsed=0.0576479s
      D_7 capped mod scan m_46 processed=14000000/15487861 elapsed=0.0601559s
      D_7 capped mod scan m_46 processed=14500000/15487861 elapsed=0.0624952s
      D_7 capped mod scan m_46 processed=15000000/15487861 elapsed=0.0650737s
D_7 MOD 9223372036854775507 m_46 kept_even=1833137545354770200 det=4108145966437028311
      D_7 capped mod 9223372036854775507 packed step 47/50 processed=500000/15487861 next_states=720385 step_elapsed=1.20428s elapsed=237.47s
      D_7 capped mod 9223372036854775507 packed step 47/50 processed=1000000/15487861 next_states=1409254 step_elapsed=2.66604s elapsed=238.932s
      D_7 capped mod 9223372036854775507 packed step 47/50 processed=1500000/15487861 next_states=2077245 step_elapsed=4.28187s elapsed=240.548s
      D_7 capped mod 9223372036854775507 packed step 47/50 processed=2000000/15487861 next_states=2737722 step_elapsed=5.91409s elapsed=242.18s
      D_7 capped mod 9223372036854775507 packed step 47/50 processed=2500000/15487861 next_states=3386941 step_elapsed=7.63795s elapsed=243.904s
      D_7 capped mod 9223372036854775507 packed step 47/50 processed=3000000/15487861 next_states=4033370 step_elapsed=9.45461s elapsed=245.721s
      D_7 capped mod 9223372036854775507 packed step 47/50 processed=3500000/15487861 next_states=4684800 step_elapsed=11.2126s elapsed=247.479s
      D_7 capped mod 9223372036854775507 packed step 47/50 processed=4000000/15487861 next_states=5310574 step_elapsed=13.2331s elapsed=249.499s
      D_7 capped mod 9223372036854775507 packed step 47/50 processed=4500000/15487861 next_states=5957535 step_elapsed=15.0196s elapsed=251.286s
      D_7 capped mod 9223372036854775507 packed step 47/50 processed=5000000/15487861 next_states=6578527 step_elapsed=17.1419s elapsed=253.408s
      D_7 capped mod 9223372036854775507 packed step 47/50 processed=5500000/15487861 next_states=7199804 step_elapsed=19.2249s elapsed=255.491s
      D_7 capped mod 9223372036854775507 packed step 47/50 processed=6000000/15487861 next_states=7828051 step_elapsed=21.1903s elapsed=257.456s
      D_7 capped mod 9223372036854775507 packed step 47/50 processed=6500000/15487861 next_states=8431213 step_elapsed=23.4124s elapsed=259.678s
      D_7 capped mod 9223372036854775507 packed step 47/50 processed=7000000/15487861 next_states=9062303 step_elapsed=25.3489s elapsed=261.615s
      D_7 capped mod 9223372036854775507 packed step 47/50 processed=7500000/15487861 next_states=9668411 step_elapsed=27.53s elapsed=263.796s
      D_7 capped mod 9223372036854775507 packed step 47/50 processed=8000000/15487861 next_states=10255567 step_elapsed=30.0135s elapsed=266.28s
      D_7 capped mod 9223372036854775507 packed step 47/50 processed=8500000/15487861 next_states=10876061 step_elapsed=32.1667s elapsed=268.433s
      D_7 capped mod 9223372036854775507 packed step 47/50 processed=9000000/15487861 next_states=11475725 step_elapsed=34.4903s elapsed=270.756s
      D_7 capped mod 9223372036854775507 packed step 47/50 processed=9500000/15487861 next_states=12055149 step_elapsed=36.9683s elapsed=273.234s
      D_7 capped mod 9223372036854775507 packed step 47/50 processed=10000000/15487861 next_states=12650005 step_elapsed=39.21s elapsed=275.476s
      D_7 capped mod 9223372036854775507 packed step 47/50 processed=10500000/15487861 next_states=13245903 step_elapsed=41.4849s elapsed=277.751s
      D_7 capped mod 9223372036854775507 packed step 47/50 processed=11000000/15487861 next_states=13810220 step_elapsed=44.0105s elapsed=280.277s
      D_7 capped mod 9223372036854775507 packed step 47/50 processed=11500000/15487861 next_states=14386522 step_elapsed=46.3003s elapsed=282.566s
      D_7 capped mod 9223372036854775507 packed step 47/50 processed=12000000/15487861 next_states=14971837 step_elapsed=48.7169s elapsed=284.983s
      D_7 capped mod 9223372036854775507 packed step 47/50 processed=12500000/15487861 next_states=15516988 step_elapsed=51.2648s elapsed=287.531s
      D_7 capped mod 9223372036854775507 packed step 47/50 processed=13000000/15487861 next_states=16088241 step_elapsed=53.776s elapsed=290.042s
      D_7 capped mod 9223372036854775507 packed step 47/50 processed=13500000/15487861 next_states=16635390 step_elapsed=56.1179s elapsed=292.384s
      D_7 capped mod 9223372036854775507 packed step 47/50 processed=14000000/15487861 next_states=17174648 step_elapsed=58.2914s elapsed=294.557s
      D_7 capped mod 9223372036854775507 packed step 47/50 processed=14500000/15487861 next_states=17706235 step_elapsed=60.5001s elapsed=296.766s
      D_7 capped mod 9223372036854775507 packed step 47/50 processed=15000000/15487861 next_states=18229158 step_elapsed=62.5881s elapsed=298.854s
    D_7 capped mod 9223372036854775507 forward step 47/50 states=18704832 elapsed=300.646s
      D_7 capped mod scan m_47 processed=500000/18704832 elapsed=0.00188452s
      D_7 capped mod scan m_47 processed=1000000/18704832 elapsed=0.00382006s
      D_7 capped mod scan m_47 processed=1500000/18704832 elapsed=0.00581523s
      D_7 capped mod scan m_47 processed=2000000/18704832 elapsed=0.00775774s
      D_7 capped mod scan m_47 processed=2500000/18704832 elapsed=0.00989836s
      D_7 capped mod scan m_47 processed=3000000/18704832 elapsed=0.0117503s
      D_7 capped mod scan m_47 processed=3500000/18704832 elapsed=0.0137773s
      D_7 capped mod scan m_47 processed=4000000/18704832 elapsed=0.0158717s
      D_7 capped mod scan m_47 processed=4500000/18704832 elapsed=0.0179868s
      D_7 capped mod scan m_47 processed=5000000/18704832 elapsed=0.019924s
      D_7 capped mod scan m_47 processed=5500000/18704832 elapsed=0.0219477s
      D_7 capped mod scan m_47 processed=6000000/18704832 elapsed=0.0241324s
      D_7 capped mod scan m_47 processed=6500000/18704832 elapsed=0.0266218s
      D_7 capped mod scan m_47 processed=7000000/18704832 elapsed=0.0293243s
      D_7 capped mod scan m_47 processed=7500000/18704832 elapsed=0.0322018s
      D_7 capped mod scan m_47 processed=8000000/18704832 elapsed=0.0347741s
      D_7 capped mod scan m_47 processed=8500000/18704832 elapsed=0.0369635s
      D_7 capped mod scan m_47 processed=9000000/18704832 elapsed=0.0390863s
      D_7 capped mod scan m_47 processed=9500000/18704832 elapsed=0.0415474s
      D_7 capped mod scan m_47 processed=10000000/18704832 elapsed=0.0440179s
      D_7 capped mod scan m_47 processed=10500000/18704832 elapsed=0.0463104s
      D_7 capped mod scan m_47 processed=11000000/18704832 elapsed=0.0483585s
      D_7 capped mod scan m_47 processed=11500000/18704832 elapsed=0.0504785s
      D_7 capped mod scan m_47 processed=12000000/18704832 elapsed=0.0526657s
      D_7 capped mod scan m_47 processed=12500000/18704832 elapsed=0.0548732s
      D_7 capped mod scan m_47 processed=13000000/18704832 elapsed=0.057101s
      D_7 capped mod scan m_47 processed=13500000/18704832 elapsed=0.0595173s
      D_7 capped mod scan m_47 processed=14000000/18704832 elapsed=0.0619149s
      D_7 capped mod scan m_47 processed=14500000/18704832 elapsed=0.064185s
      D_7 capped mod scan m_47 processed=15000000/18704832 elapsed=0.0664047s
      D_7 capped mod scan m_47 processed=15500000/18704832 elapsed=0.0688032s
      D_7 capped mod scan m_47 processed=16000000/18704832 elapsed=0.0712001s
      D_7 capped mod scan m_47 processed=16500000/18704832 elapsed=0.0737079s
      D_7 capped mod scan m_47 processed=17000000/18704832 elapsed=0.0763337s
      D_7 capped mod scan m_47 processed=17500000/18704832 elapsed=0.078656s
      D_7 capped mod scan m_47 processed=18000000/18704832 elapsed=0.081336s
      D_7 capped mod scan m_47 processed=18500000/18704832 elapsed=0.0840771s
D_7 MOD 9223372036854775507 m_47 kept_even=881256606416110532 det=3798215948903902351
      D_7 capped mod 9223372036854775507 packed step 48/50 processed=500000/18704832 next_states=720385 step_elapsed=1.28165s elapsed=302.194s
      D_7 capped mod 9223372036854775507 packed step 48/50 processed=1000000/18704832 next_states=1409924 step_elapsed=2.85816s elapsed=303.771s
      D_7 capped mod 9223372036854775507 packed step 48/50 processed=1500000/18704832 next_states=2084148 step_elapsed=4.52253s elapsed=305.435s
      D_7 capped mod 9223372036854775507 packed step 48/50 processed=2000000/18704832 next_states=2744308 step_elapsed=6.28708s elapsed=307.2s
      D_7 capped mod 9223372036854775507 packed step 48/50 processed=2500000/18704832 next_states=3390755 step_elapsed=8.15548s elapsed=309.068s
      D_7 capped mod 9223372036854775507 packed step 48/50 processed=3000000/18704832 next_states=4045670 step_elapsed=10.0283s elapsed=310.941s
      D_7 capped mod 9223372036854775507 packed step 48/50 processed=3500000/18704832 next_states=4699623 step_elapsed=11.8585s elapsed=312.771s
      D_7 capped mod 9223372036854775507 packed step 48/50 processed=4000000/18704832 next_states=5328381 step_elapsed=13.7906s elapsed=314.703s
      D_7 capped mod 9223372036854775507 packed step 48/50 processed=4500000/18704832 next_states=5977586 step_elapsed=15.6678s elapsed=316.58s
      D_7 capped mod 9223372036854775507 packed step 48/50 processed=5000000/18704832 next_states=6604897 step_elapsed=17.6123s elapsed=318.525s
      D_7 capped mod 9223372036854775507 packed step 48/50 processed=5500000/18704832 next_states=7225833 step_elapsed=19.7618s elapsed=320.674s
      D_7 capped mod 9223372036854775507 packed step 48/50 processed=6000000/18704832 next_states=7874849 step_elapsed=21.6965s elapsed=322.609s
      D_7 capped mod 9223372036854775507 packed step 48/50 processed=6500000/18704832 next_states=8485808 step_elapsed=23.9605s elapsed=324.873s
      D_7 capped mod 9223372036854775507 packed step 48/50 processed=7000000/18704832 next_states=9093863 step_elapsed=26.3909s elapsed=327.303s
      D_7 capped mod 9223372036854775507 packed step 48/50 processed=7500000/18704832 next_states=9737727 step_elapsed=28.4412s elapsed=329.354s
      D_7 capped mod 9223372036854775507 packed step 48/50 processed=8000000/18704832 next_states=10340444 step_elapsed=30.6442s elapsed=331.557s
      D_7 capped mod 9223372036854775507 packed step 48/50 processed=8500000/18704832 next_states=10938513 step_elapsed=33.1763s elapsed=334.089s
      D_7 capped mod 9223372036854775507 packed step 48/50 processed=9000000/18704832 next_states=11562196 step_elapsed=35.2456s elapsed=336.158s
      D_7 capped mod 9223372036854775507 packed step 48/50 processed=9500000/18704832 next_states=12170253 step_elapsed=37.5361s elapsed=338.449s
      D_7 capped mod 9223372036854775507 packed step 48/50 processed=10000000/18704832 next_states=12757171 step_elapsed=40.1285s elapsed=341.041s
      D_7 capped mod 9223372036854775507 packed step 48/50 processed=10500000/18704832 next_states=13341015 step_elapsed=42.9465s elapsed=343.859s
      D_7 capped mod 9223372036854775507 packed step 48/50 processed=11000000/18704832 next_states=13967731 step_elapsed=45.0654s elapsed=345.978s
      D_7 capped mod 9223372036854775507 packed step 48/50 processed=11500000/18704832 next_states=14552762 step_elapsed=47.3834s elapsed=348.296s
      D_7 capped mod 9223372036854775507 packed step 48/50 processed=12000000/18704832 next_states=15122176 step_elapsed=49.974s elapsed=350.886s
      D_7 capped mod 9223372036854775507 packed step 48/50 processed=12500000/18704832 next_states=15698137 step_elapsed=52.285s elapsed=353.198s
      D_7 capped mod 9223372036854775507 packed step 48/50 processed=13000000/18704832 next_states=16315000 step_elapsed=54.567s elapsed=355.479s
      D_7 capped mod 9223372036854775507 packed step 48/50 processed=13500000/18704832 next_states=16878235 step_elapsed=56.9762s elapsed=357.889s
      D_7 capped mod 9223372036854775507 packed step 48/50 processed=14000000/18704832 next_states=17433115 step_elapsed=59.673s elapsed=360.585s
      D_7 capped mod 9223372036854775507 packed step 48/50 processed=14500000/18704832 next_states=18023692 step_elapsed=61.8831s elapsed=362.796s
      D_7 capped mod 9223372036854775507 packed step 48/50 processed=15000000/18704832 next_states=18591237 step_elapsed=64.3291s elapsed=365.242s
      D_7 capped mod 9223372036854775507 packed step 48/50 processed=15500000/18704832 next_states=19128735 step_elapsed=66.9384s elapsed=367.851s
      D_7 capped mod 9223372036854775507 packed step 48/50 processed=16000000/18704832 next_states=19696044 step_elapsed=69.2344s elapsed=370.147s
      D_7 capped mod 9223372036854775507 packed step 48/50 processed=16500000/18704832 next_states=20247054 step_elapsed=71.6984s elapsed=372.611s
      D_7 capped mod 9223372036854775507 packed step 48/50 processed=17000000/18704832 next_states=20760942 step_elapsed=74.1847s elapsed=375.097s
      D_7 capped mod 9223372036854775507 packed step 48/50 processed=17500000/18704832 next_states=21319587 step_elapsed=76.5547s elapsed=377.467s
      D_7 capped mod 9223372036854775507 packed step 48/50 processed=18000000/18704832 next_states=21829162 step_elapsed=78.742s elapsed=379.654s
      D_7 capped mod 9223372036854775507 packed step 48/50 processed=18500000/18704832 next_states=22333939 step_elapsed=80.8155s elapsed=381.728s
    D_7 capped mod 9223372036854775507 forward step 48/50 states=22525613 elapsed=382.482s
      D_7 capped mod scan m_48 processed=500000/22525613 elapsed=0.00186779s
      D_7 capped mod scan m_48 processed=1000000/22525613 elapsed=0.00379315s
      D_7 capped mod scan m_48 processed=1500000/22525613 elapsed=0.00565397s
      D_7 capped mod scan m_48 processed=2000000/22525613 elapsed=0.00764921s
      D_7 capped mod scan m_48 processed=2500000/22525613 elapsed=0.00952224s
      D_7 capped mod scan m_48 processed=3000000/22525613 elapsed=0.0116125s
      D_7 capped mod scan m_48 processed=3500000/22525613 elapsed=0.0136472s
      D_7 capped mod scan m_48 processed=4000000/22525613 elapsed=0.0155351s
      D_7 capped mod scan m_48 processed=4500000/22525613 elapsed=0.0174921s
      D_7 capped mod scan m_48 processed=5000000/22525613 elapsed=0.0195768s
      D_7 capped mod scan m_48 processed=5500000/22525613 elapsed=0.0217678s
      D_7 capped mod scan m_48 processed=6000000/22525613 elapsed=0.0237831s
      D_7 capped mod scan m_48 processed=6500000/22525613 elapsed=0.0257162s
      D_7 capped mod scan m_48 processed=7000000/22525613 elapsed=0.0277449s
      D_7 capped mod scan m_48 processed=7500000/22525613 elapsed=0.0297352s
      D_7 capped mod scan m_48 processed=8000000/22525613 elapsed=0.0319546s
      D_7 capped mod scan m_48 processed=8500000/22525613 elapsed=0.0342322s
      D_7 capped mod scan m_48 processed=9000000/22525613 elapsed=0.0363463s
      D_7 capped mod scan m_48 processed=9500000/22525613 elapsed=0.0384866s
      D_7 capped mod scan m_48 processed=10000000/22525613 elapsed=0.0405029s
      D_7 capped mod scan m_48 processed=10500000/22525613 elapsed=0.0425796s
      D_7 capped mod scan m_48 processed=11000000/22525613 elapsed=0.0446825s
      D_7 capped mod scan m_48 processed=11500000/22525613 elapsed=0.0468232s
      D_7 capped mod scan m_48 processed=12000000/22525613 elapsed=0.0490283s
      D_7 capped mod scan m_48 processed=12500000/22525613 elapsed=0.0514067s
      D_7 capped mod scan m_48 processed=13000000/22525613 elapsed=0.0537492s
      D_7 capped mod scan m_48 processed=13500000/22525613 elapsed=0.0561013s
      D_7 capped mod scan m_48 processed=14000000/22525613 elapsed=0.0580247s
      D_7 capped mod scan m_48 processed=14500000/22525613 elapsed=0.0601917s
      D_7 capped mod scan m_48 processed=15000000/22525613 elapsed=0.0624006s
      D_7 capped mod scan m_48 processed=15500000/22525613 elapsed=0.0645925s
      D_7 capped mod scan m_48 processed=16000000/22525613 elapsed=0.0668714s
      D_7 capped mod scan m_48 processed=16500000/22525613 elapsed=0.0691303s
      D_7 capped mod scan m_48 processed=17000000/22525613 elapsed=0.0715763s
      D_7 capped mod scan m_48 processed=17500000/22525613 elapsed=0.0740068s
      D_7 capped mod scan m_48 processed=18000000/22525613 elapsed=0.076303s
      D_7 capped mod scan m_48 processed=18500000/22525613 elapsed=0.0784864s
      D_7 capped mod scan m_48 processed=19000000/22525613 elapsed=0.0808737s
      D_7 capped mod scan m_48 processed=19500000/22525613 elapsed=0.083213s
      D_7 capped mod scan m_48 processed=20000000/22525613 elapsed=0.0856231s
      D_7 capped mod scan m_48 processed=20500000/22525613 elapsed=0.088202s
      D_7 capped mod scan m_48 processed=21000000/22525613 elapsed=0.0906159s
      D_7 capped mod scan m_48 processed=21500000/22525613 elapsed=0.0930387s
      D_7 capped mod scan m_48 processed=22000000/22525613 elapsed=0.0956405s
      D_7 capped mod scan m_48 processed=22500000/22525613 elapsed=0.0984403s
D_7 MOD 9223372036854775507 m_48 kept_even=2211181292033528908 det=7020886326434278453
      D_7 capped mod 9223372036854775507 packed step 49/50 processed=500000/22525613 next_states=720385 step_elapsed=1.36386s elapsed=384.28s
      D_7 capped mod 9223372036854775507 packed step 49/50 processed=1000000/22525613 next_states=1409924 step_elapsed=3.01553s elapsed=385.932s
      D_7 capped mod 9223372036854775507 packed step 49/50 processed=1500000/22525613 next_states=2086368 step_elapsed=4.96738s elapsed=387.884s
      D_7 capped mod 9223372036854775507 packed step 49/50 processed=2000000/22525613 next_states=2752102 step_elapsed=6.85435s elapsed=389.771s
      D_7 capped mod 9223372036854775507 packed step 49/50 processed=2500000/22525613 next_states=3392109 step_elapsed=8.77536s elapsed=391.692s
      D_7 capped mod 9223372036854775507 packed step 49/50 processed=3000000/22525613 next_states=4054526 step_elapsed=10.6728s elapsed=393.589s
      D_7 capped mod 9223372036854775507 packed step 49/50 processed=3500000/22525613 next_states=4709801 step_elapsed=12.6535s elapsed=395.57s
      D_7 capped mod 9223372036854775507 packed step 49/50 processed=4000000/22525613 next_states=5348211 step_elapsed=14.7221s elapsed=397.638s
      D_7 capped mod 9223372036854775507 packed step 49/50 processed=4500000/22525613 next_states=5987373 step_elapsed=16.9219s elapsed=399.838s
      D_7 capped mod 9223372036854775507 packed step 49/50 processed=5000000/22525613 next_states=6631536 step_elapsed=19.0047s elapsed=401.921s
      D_7 capped mod 9223372036854775507 packed step 49/50 processed=5500000/22525613 next_states=7256489 step_elapsed=21.3577s elapsed=404.274s
      D_7 capped mod 9223372036854775507 packed step 49/50 processed=6000000/22525613 next_states=7903626 step_elapsed=23.3758s elapsed=406.292s
      D_7 capped mod 9223372036854775507 packed step 49/50 processed=6500000/22525613 next_states=8523725 step_elapsed=25.6068s elapsed=408.523s
      D_7 capped mod 9223372036854775507 packed step 49/50 processed=7000000/22525613 next_states=9135345 step_elapsed=28.0541s elapsed=410.97s
      D_7 capped mod 9223372036854775507 packed step 49/50 processed=7500000/22525613 next_states=9772822 step_elapsed=30.1396s elapsed=413.056s
      D_7 capped mod 9223372036854775507 packed step 49/50 processed=8000000/22525613 next_states=10402710 step_elapsed=32.4897s elapsed=415.406s
      D_7 capped mod 9223372036854775507 packed step 49/50 processed=8500000/22525613 next_states=11005068 step_elapsed=35.1474s elapsed=418.064s
      D_7 capped mod 9223372036854775507 packed step 49/50 processed=9000000/22525613 next_states=11604517 step_elapsed=37.9491s elapsed=420.865s
      D_7 capped mod 9223372036854775507 packed step 49/50 processed=9500000/22525613 next_states=12249100 step_elapsed=40.1854s elapsed=423.102s
      D_7 capped mod 9223372036854775507 packed step 49/50 processed=10000000/22525613 next_states=12855459 step_elapsed=42.6311s elapsed=425.547s
      D_7 capped mod 9223372036854775507 packed step 49/50 processed=10500000/22525613 next_states=13451682 step_elapsed=45.231s elapsed=428.147s
      D_7 capped mod 9223372036854775507 packed step 49/50 processed=11000000/22525613 next_states=14042163 step_elapsed=48.0449s elapsed=430.961s
      D_7 capped mod 9223372036854775507 packed step 49/50 processed=11500000/22525613 next_states=14667092 step_elapsed=50.2482s elapsed=433.164s
      D_7 capped mod 9223372036854775507 packed step 49/50 processed=12000000/22525613 next_states=15278021 step_elapsed=52.8392s elapsed=435.755s
      D_7 capped mod 9223372036854775507 packed step 49/50 processed=12500000/22525613 next_states=15860119 step_elapsed=55.5414s elapsed=438.458s
      D_7 capped mod 9223372036854775507 packed step 49/50 processed=13000000/22525613 next_states=16440625 step_elapsed=58.4891s elapsed=441.405s
      D_7 capped mod 9223372036854775507 packed step 49/50 processed=13500000/22525613 next_states=17023593 step_elapsed=60.9508s elapsed=443.867s
      D_7 capped mod 9223372036854775507 packed step 49/50 processed=14000000/22525613 next_states=17652717 step_elapsed=63.4347s elapsed=446.351s
      D_7 capped mod 9223372036854775507 packed step 49/50 processed=14500000/22525613 next_states=18226033 step_elapsed=65.9041s elapsed=448.82s
      D_7 capped mod 9223372036854775507 packed step 49/50 processed=15000000/22525613 next_states=18793615 step_elapsed=68.6444s elapsed=451.561s
      D_7 capped mod 9223372036854775507 packed step 49/50 processed=15500000/22525613 next_states=19357305 step_elapsed=71.3194s elapsed=454.236s
      D_7 capped mod 9223372036854775507 packed step 49/50 processed=16000000/22525613 next_states=19965616 step_elapsed=73.4887s elapsed=456.405s
      D_7 capped mod 9223372036854775507 packed step 49/50 processed=16500000/22525613 next_states=20549177 step_elapsed=75.9091s elapsed=458.825s
      D_7 capped mod 9223372036854775507 packed step 49/50 processed=17000000/22525613 next_states=21099958 step_elapsed=78.5208s elapsed=461.437s
      D_7 capped mod 9223372036854775507 packed step 49/50 processed=17500000/22525613 next_states=21647871 step_elapsed=81.2758s elapsed=464.192s
      D_7 capped mod 9223372036854775507 packed step 49/50 processed=18000000/22525613 next_states=22238293 step_elapsed=83.4335s elapsed=466.35s
      D_7 capped mod 9223372036854775507 packed step 49/50 processed=18500000/22525613 next_states=22806650 step_elapsed=85.8685s elapsed=468.785s
      D_7 capped mod 9223372036854775507 packed step 49/50 processed=19000000/22525613 next_states=23340938 step_elapsed=88.3359s elapsed=471.252s
      D_7 capped mod 9223372036854775507 packed step 49/50 processed=19500000/22525613 next_states=23882315 step_elapsed=90.6982s elapsed=473.614s
      D_7 capped mod 9223372036854775507 packed step 49/50 processed=20000000/22525613 next_states=24455031 step_elapsed=93.1324s elapsed=476.049s
      D_7 capped mod 9223372036854775507 packed step 49/50 processed=20500000/22525613 next_states=24973312 step_elapsed=95.4569s elapsed=478.373s
      D_7 capped mod 9223372036854775507 packed step 49/50 processed=21000000/22525613 next_states=25514486 step_elapsed=97.5843s elapsed=480.501s
      D_7 capped mod 9223372036854775507 packed step 49/50 processed=21500000/22525613 next_states=26029178 step_elapsed=99.9667s elapsed=482.883s
      D_7 capped mod 9223372036854775507 packed step 49/50 processed=22000000/22525613 next_states=26547294 step_elapsed=102.049s elapsed=484.965s
      D_7 capped mod 9223372036854775507 packed step 49/50 processed=22500000/22525613 next_states=27029085 step_elapsed=103.773s elapsed=486.689s
    D_7 capped mod 9223372036854775507 forward step 49/50 states=27051907 elapsed=486.859s
      D_7 capped mod scan m_49 processed=500000/27051907 elapsed=0.00173803s
      D_7 capped mod scan m_49 processed=1000000/27051907 elapsed=0.0035105s
      D_7 capped mod scan m_49 processed=1500000/27051907 elapsed=0.00540303s
      D_7 capped mod scan m_49 processed=2000000/27051907 elapsed=0.00722282s
      D_7 capped mod scan m_49 processed=2500000/27051907 elapsed=0.00924665s
      D_7 capped mod scan m_49 processed=3000000/27051907 elapsed=0.0109856s
      D_7 capped mod scan m_49 processed=3500000/27051907 elapsed=0.0128445s
      D_7 capped mod scan m_49 processed=4000000/27051907 elapsed=0.0147995s
      D_7 capped mod scan m_49 processed=4500000/27051907 elapsed=0.018645s
      D_7 capped mod scan m_49 processed=5000000/27051907 elapsed=0.0204267s
      D_7 capped mod scan m_49 processed=5500000/27051907 elapsed=0.0223019s
      D_7 capped mod scan m_49 processed=6000000/27051907 elapsed=0.024291s
      D_7 capped mod scan m_49 processed=6500000/27051907 elapsed=0.0264039s
      D_7 capped mod scan m_49 processed=7000000/27051907 elapsed=0.02852s
      D_7 capped mod scan m_49 processed=7500000/27051907 elapsed=0.0307804s
      D_7 capped mod scan m_49 processed=8000000/27051907 elapsed=0.0326485s
      D_7 capped mod scan m_49 processed=8500000/27051907 elapsed=0.0346238s
      D_7 capped mod scan m_49 processed=9000000/27051907 elapsed=0.0366183s
      D_7 capped mod scan m_49 processed=9500000/27051907 elapsed=0.0386272s
      D_7 capped mod scan m_49 processed=10000000/27051907 elapsed=0.0407161s
      D_7 capped mod scan m_49 processed=10500000/27051907 elapsed=0.0430012s
      D_7 capped mod scan m_49 processed=11000000/27051907 elapsed=0.0453416s
      D_7 capped mod scan m_49 processed=11500000/27051907 elapsed=0.0475248s
      D_7 capped mod scan m_49 processed=12000000/27051907 elapsed=0.0498048s
      D_7 capped mod scan m_49 processed=12500000/27051907 elapsed=0.0517348s
      D_7 capped mod scan m_49 processed=13000000/27051907 elapsed=0.0538924s
      D_7 capped mod scan m_49 processed=13500000/27051907 elapsed=0.0560862s
      D_7 capped mod scan m_49 processed=14000000/27051907 elapsed=0.0581436s
      D_7 capped mod scan m_49 processed=14500000/27051907 elapsed=0.0602795s
      D_7 capped mod scan m_49 processed=15000000/27051907 elapsed=0.0623507s
      D_7 capped mod scan m_49 processed=15500000/27051907 elapsed=0.0647569s
      D_7 capped mod scan m_49 processed=16000000/27051907 elapsed=0.0669832s
      D_7 capped mod scan m_49 processed=16500000/27051907 elapsed=0.0694291s
      D_7 capped mod scan m_49 processed=17000000/27051907 elapsed=0.071709s
      D_7 capped mod scan m_49 processed=17500000/27051907 elapsed=0.0736105s
      D_7 capped mod scan m_49 processed=18000000/27051907 elapsed=0.0756732s
      D_7 capped mod scan m_49 processed=18500000/27051907 elapsed=0.0779088s
      D_7 capped mod scan m_49 processed=19000000/27051907 elapsed=0.0800513s
      D_7 capped mod scan m_49 processed=19500000/27051907 elapsed=0.0823327s
      D_7 capped mod scan m_49 processed=20000000/27051907 elapsed=0.084573s
      D_7 capped mod scan m_49 processed=20500000/27051907 elapsed=0.0868908s
      D_7 capped mod scan m_49 processed=21000000/27051907 elapsed=0.0894503s
      D_7 capped mod scan m_49 processed=21500000/27051907 elapsed=0.0918429s
      D_7 capped mod scan m_49 processed=22000000/27051907 elapsed=0.0942072s
      D_7 capped mod scan m_49 processed=22500000/27051907 elapsed=0.0962482s
      D_7 capped mod scan m_49 processed=23000000/27051907 elapsed=0.0985523s
      D_7 capped mod scan m_49 processed=23500000/27051907 elapsed=0.100879s
      D_7 capped mod scan m_49 processed=24000000/27051907 elapsed=0.103317s
      D_7 capped mod scan m_49 processed=24500000/27051907 elapsed=0.105643s
      D_7 capped mod scan m_49 processed=25000000/27051907 elapsed=0.108211s
      D_7 capped mod scan m_49 processed=25500000/27051907 elapsed=0.110646s
      D_7 capped mod scan m_49 processed=26000000/27051907 elapsed=0.113039s
      D_7 capped mod scan m_49 processed=26500000/27051907 elapsed=0.115606s
      D_7 capped mod scan m_49 processed=27000000/27051907 elapsed=0.118401s
D_7 MOD 9223372036854775507 m_49 kept_even=5261873609721111499 det=1962604398881377042
      D_7 capped mod 9223372036854775507 packed step 50/50 processed=500000/27051907 next_states=720385 step_elapsed=1.2995s elapsed=488.619s
      D_7 capped mod 9223372036854775507 packed step 50/50 processed=1000000/27051907 next_states=1409924 step_elapsed=2.87064s elapsed=490.191s
      D_7 capped mod 9223372036854775507 packed step 50/50 processed=1500000/27051907 next_states=2088209 step_elapsed=4.60076s elapsed=491.921s
      D_7 capped mod 9223372036854775507 packed step 50/50 processed=2000000/27051907 next_states=2760547 step_elapsed=6.37276s elapsed=493.693s
      D_7 capped mod 9223372036854775507 packed step 50/50 processed=2500000/27051907 next_states=3401927 step_elapsed=8.42716s elapsed=495.747s
      D_7 capped mod 9223372036854775507 packed step 50/50 processed=3000000/27051907 next_states=4062863 step_elapsed=10.4263s elapsed=497.746s
      D_7 capped mod 9223372036854775507 packed step 50/50 processed=3500000/27051907 next_states=4717480 step_elapsed=12.4998s elapsed=499.82s
      D_7 capped mod 9223372036854775507 packed step 50/50 processed=4000000/27051907 next_states=5362458 step_elapsed=14.5937s elapsed=501.914s
      D_7 capped mod 9223372036854775507 packed step 50/50 processed=4500000/27051907 next_states=5988394 step_elapsed=16.8933s elapsed=504.213s
      D_7 capped mod 9223372036854775507 packed step 50/50 processed=5000000/27051907 next_states=6651835 step_elapsed=19.0434s elapsed=506.363s
      D_7 capped mod 9223372036854775507 packed step 50/50 processed=5500000/27051907 next_states=7282179 step_elapsed=21.5027s elapsed=508.823s
      D_7 capped mod 9223372036854775507 packed step 50/50 processed=6000000/27051907 next_states=7919941 step_elapsed=23.6181s elapsed=510.938s
      D_7 capped mod 9223372036854775507 packed step 50/50 processed=6500000/27051907 next_states=8560135 step_elapsed=25.7037s elapsed=513.024s
      D_7 capped mod 9223372036854775507 packed step 50/50 processed=7000000/27051907 next_states=9180743 step_elapsed=28.2269s elapsed=515.547s
      D_7 capped mod 9223372036854775507 packed step 50/50 processed=7500000/27051907 next_states=9794632 step_elapsed=30.6151s elapsed=517.935s
      D_7 capped mod 9223372036854775507 packed step 50/50 processed=8000000/27051907 next_states=10451212 step_elapsed=32.6386s elapsed=519.959s
      D_7 capped mod 9223372036854775507 packed step 50/50 processed=8500000/27051907 next_states=11062911 step_elapsed=34.9228s elapsed=522.243s
      D_7 capped mod 9223372036854775507 packed step 50/50 processed=9000000/27051907 next_states=11673575 step_elapsed=37.4073s elapsed=524.727s
      D_7 capped mod 9223372036854775507 packed step 50/50 processed=9500000/27051907 next_states=12276541 step_elapsed=39.988s elapsed=527.308s
      D_7 capped mod 9223372036854775507 packed step 50/50 processed=10000000/27051907 next_states=12931004 step_elapsed=42.0143s elapsed=529.334s
      D_7 capped mod 9223372036854775507 packed step 50/50 processed=10500000/27051907 next_states=13538032 step_elapsed=44.2549s elapsed=531.575s
      D_7 capped mod 9223372036854775507 packed step 50/50 processed=11000000/27051907 next_states=14135932 step_elapsed=46.764s elapsed=534.084s
      D_7 capped mod 9223372036854775507 packed step 50/50 processed=11500000/27051907 next_states=14737792 step_elapsed=49.4145s elapsed=536.735s
      D_7 capped mod 9223372036854775507 packed step 50/50 processed=12000000/27051907 next_states=15355049 step_elapsed=51.6437s elapsed=538.964s
      D_7 capped mod 9223372036854775507 packed step 50/50 processed=12500000/27051907 next_states=15985461 step_elapsed=53.924s elapsed=541.244s
      D_7 capped mod 9223372036854775507 packed step 50/50 processed=13000000/27051907 next_states=16574266 step_elapsed=56.2963s elapsed=543.616s
      D_7 capped mod 9223372036854775507 packed step 50/50 processed=13500000/27051907 next_states=17162870 step_elapsed=59.0353s elapsed=546.355s
      D_7 capped mod 9223372036854775507 packed step 50/50 processed=14000000/27051907 next_states=17752909 step_elapsed=61.9632s elapsed=549.283s
      D_7 capped mod 9223372036854775507 packed step 50/50 processed=14500000/27051907 next_states=18358927 step_elapsed=64.1279s elapsed=551.448s
      D_7 capped mod 9223372036854775507 packed step 50/50 processed=15000000/27051907 next_states=18984695 step_elapsed=66.5631s elapsed=553.883s
      D_7 capped mod 9223372036854775507 packed step 50/50 processed=15500000/27051907 next_states=19563170 step_elapsed=68.9829s elapsed=556.303s
      D_7 capped mod 9223372036854775507 packed step 50/50 processed=16000000/27051907 next_states=20144485 step_elapsed=71.6089s elapsed=558.929s
      D_7 capped mod 9223372036854775507 packed step 50/50 processed=16500000/27051907 next_states=20712874 step_elapsed=74.3667s elapsed=561.687s
      D_7 capped mod 9223372036854775507 packed step 50/50 processed=17000000/27051907 next_states=21295764 step_elapsed=76.754s elapsed=564.074s
      D_7 capped mod 9223372036854775507 packed step 50/50 processed=17500000/27051907 next_states=21924686 step_elapsed=79.2879s elapsed=566.608s
      D_7 capped mod 9223372036854775507 packed step 50/50 processed=18000000/27051907 next_states=22504234 step_elapsed=81.7867s elapsed=569.107s
      D_7 capped mod 9223372036854775507 packed step 50/50 processed=18500000/27051907 next_states=23066822 step_elapsed=84.4203s elapsed=571.74s
      D_7 capped mod 9223372036854775507 packed step 50/50 processed=19000000/27051907 next_states=23630010 step_elapsed=87.2029s elapsed=574.523s
      D_7 capped mod 9223372036854775507 packed step 50/50 processed=19500000/27051907 next_states=24182453 step_elapsed=89.657s elapsed=576.977s
      D_7 capped mod 9223372036854775507 packed step 50/50 processed=20000000/27051907 next_states=24806166 step_elapsed=91.9581s elapsed=579.278s
      D_7 capped mod 9223372036854775507 packed step 50/50 processed=20500000/27051907 next_states=25376196 step_elapsed=94.4173s elapsed=581.737s
      D_7 capped mod 9223372036854775507 packed step 50/50 processed=21000000/27051907 next_states=25922151 step_elapsed=96.9679s elapsed=584.288s
      D_7 capped mod 9223372036854775507 packed step 50/50 processed=21500000/27051907 next_states=26467482 step_elapsed=99.7362s elapsed=587.056s
      D_7 capped mod 9223372036854775507 packed step 50/50 processed=22000000/27051907 next_states=27030569 step_elapsed=102.236s elapsed=589.556s
      D_7 capped mod 9223372036854775507 packed step 50/50 processed=22500000/27051907 next_states=27623079 step_elapsed=104.92s elapsed=592.24s
      D_7 capped mod 9223372036854775507 packed step 50/50 processed=23000000/27051907 next_states=28159878 step_elapsed=107.403s elapsed=594.723s
      D_7 capped mod 9223372036854775507 packed step 50/50 processed=23500000/27051907 next_states=28686705 step_elapsed=110.034s elapsed=597.354s
      D_7 capped mod 9223372036854775507 packed step 50/50 processed=24000000/27051907 next_states=29237127 step_elapsed=112.268s elapsed=599.588s
      D_7 capped mod 9223372036854775507 packed step 50/50 processed=24500000/27051907 next_states=29800260 step_elapsed=114.839s elapsed=602.159s
      D_7 capped mod 9223372036854775507 packed step 50/50 processed=25000000/27051907 next_states=30308862 step_elapsed=117.234s elapsed=604.554s
      D_7 capped mod 9223372036854775507 packed step 50/50 processed=25500000/27051907 next_states=30847063 step_elapsed=119.396s elapsed=606.716s
      D_7 capped mod 9223372036854775507 packed step 50/50 processed=26000000/27051907 next_states=31359117 step_elapsed=121.802s elapsed=609.122s
      D_7 capped mod 9223372036854775507 packed step 50/50 processed=26500000/27051907 next_states=31869555 step_elapsed=123.893s elapsed=611.213s
      D_7 capped mod 9223372036854775507 packed step 50/50 processed=27000000/27051907 next_states=32354047 step_elapsed=125.714s elapsed=613.034s
    D_7 capped mod 9223372036854775507 forward step 50/50 states=32400788 elapsed=613.316s
      D_7 capped mod scan m_50 processed=500000/32400788 elapsed=0.00179062s
      D_7 capped mod scan m_50 processed=1000000/32400788 elapsed=0.00363203s
      D_7 capped mod scan m_50 processed=1500000/32400788 elapsed=0.00554404s
      D_7 capped mod scan m_50 processed=2000000/32400788 elapsed=0.00749361s
      D_7 capped mod scan m_50 processed=2500000/32400788 elapsed=0.00926526s
      D_7 capped mod scan m_50 processed=3000000/32400788 elapsed=0.0112862s
      D_7 capped mod scan m_50 processed=3500000/32400788 elapsed=0.0132868s
      D_7 capped mod scan m_50 processed=4000000/32400788 elapsed=0.015087s
      D_7 capped mod scan m_50 processed=4500000/32400788 elapsed=0.0169011s
      D_7 capped mod scan m_50 processed=5000000/32400788 elapsed=0.0189504s
      D_7 capped mod scan m_50 processed=5500000/32400788 elapsed=0.0209711s
      D_7 capped mod scan m_50 processed=6000000/32400788 elapsed=0.0232267s
      D_7 capped mod scan m_50 processed=6500000/32400788 elapsed=0.0249423s
      D_7 capped mod scan m_50 processed=7000000/32400788 elapsed=0.0268454s
      D_7 capped mod scan m_50 processed=7500000/32400788 elapsed=0.0287917s
      D_7 capped mod scan m_50 processed=8000000/32400788 elapsed=0.0363937s
      D_7 capped mod scan m_50 processed=8500000/32400788 elapsed=0.0388017s
      D_7 capped mod scan m_50 processed=9000000/32400788 elapsed=0.0411505s
      D_7 capped mod scan m_50 processed=9500000/32400788 elapsed=0.0436162s
      D_7 capped mod scan m_50 processed=10000000/32400788 elapsed=0.0460585s
      D_7 capped mod scan m_50 processed=10500000/32400788 elapsed=0.0484446s
      D_7 capped mod scan m_50 processed=11000000/32400788 elapsed=0.0504644s
      D_7 capped mod scan m_50 processed=11500000/32400788 elapsed=0.0525046s
      D_7 capped mod scan m_50 processed=12000000/32400788 elapsed=0.0545428s
      D_7 capped mod scan m_50 processed=12500000/32400788 elapsed=0.0566029s
      D_7 capped mod scan m_50 processed=13000000/32400788 elapsed=0.0589448s
      D_7 capped mod scan m_50 processed=13500000/32400788 elapsed=0.0612373s
      D_7 capped mod scan m_50 processed=14000000/32400788 elapsed=0.063352s
      D_7 capped mod scan m_50 processed=14500000/32400788 elapsed=0.0656382s
      D_7 capped mod scan m_50 processed=15000000/32400788 elapsed=0.0678963s
      D_7 capped mod scan m_50 processed=15500000/32400788 elapsed=0.0699032s
      D_7 capped mod scan m_50 processed=16000000/32400788 elapsed=0.0718587s
      D_7 capped mod scan m_50 processed=16500000/32400788 elapsed=0.0739449s
      D_7 capped mod scan m_50 processed=17000000/32400788 elapsed=0.0760441s
      D_7 capped mod scan m_50 processed=17500000/32400788 elapsed=0.0781117s
      D_7 capped mod scan m_50 processed=18000000/32400788 elapsed=0.0801743s
      D_7 capped mod scan m_50 processed=18500000/32400788 elapsed=0.0822759s
      D_7 capped mod scan m_50 processed=19000000/32400788 elapsed=0.0843803s
      D_7 capped mod scan m_50 processed=19500000/32400788 elapsed=0.086662s
      D_7 capped mod scan m_50 processed=20000000/32400788 elapsed=0.0905827s
      D_7 capped mod scan m_50 processed=20500000/32400788 elapsed=0.0929723s
      D_7 capped mod scan m_50 processed=21000000/32400788 elapsed=0.0955002s
      D_7 capped mod scan m_50 processed=21500000/32400788 elapsed=0.0979937s
      D_7 capped mod scan m_50 processed=22000000/32400788 elapsed=0.100114s
      D_7 capped mod scan m_50 processed=22500000/32400788 elapsed=0.102284s
      D_7 capped mod scan m_50 processed=23000000/32400788 elapsed=0.104524s
      D_7 capped mod scan m_50 processed=23500000/32400788 elapsed=0.106714s
      D_7 capped mod scan m_50 processed=24000000/32400788 elapsed=0.108957s
      D_7 capped mod scan m_50 processed=24500000/32400788 elapsed=0.111187s
      D_7 capped mod scan m_50 processed=25000000/32400788 elapsed=0.113472s
      D_7 capped mod scan m_50 processed=25500000/32400788 elapsed=0.11589s
      D_7 capped mod scan m_50 processed=26000000/32400788 elapsed=0.118428s
      D_7 capped mod scan m_50 processed=26500000/32400788 elapsed=0.121s
      D_7 capped mod scan m_50 processed=27000000/32400788 elapsed=0.123326s
      D_7 capped mod scan m_50 processed=27500000/32400788 elapsed=0.125463s
      D_7 capped mod scan m_50 processed=28000000/32400788 elapsed=0.127677s
      D_7 capped mod scan m_50 processed=28500000/32400788 elapsed=0.130127s
      D_7 capped mod scan m_50 processed=29000000/32400788 elapsed=0.132507s
      D_7 capped mod scan m_50 processed=29500000/32400788 elapsed=0.134869s
      D_7 capped mod scan m_50 processed=30000000/32400788 elapsed=0.137475s
      D_7 capped mod scan m_50 processed=30500000/32400788 elapsed=0.140071s
      D_7 capped mod scan m_50 processed=31000000/32400788 elapsed=0.142406s
      D_7 capped mod scan m_50 processed=31500000/32400788 elapsed=0.144981s
      D_7 capped mod scan m_50 processed=32000000/32400788 elapsed=0.147657s
D_7 MOD 9223372036854775507 m_50 kept_even=2506489862898921740 det=4547759429701765130
