D capped suffix modular moment range rank 5 moments m_5..m_52 row cap 10 modulus 9223372036854775433 C++ certificate
begin D_5=SO(10) mod 9223372036854775433
    D_5 capped mod 9223372036854775433 forward step 1/52 states=1 elapsed=3.487e-06s
    D_5 capped mod 9223372036854775433 forward step 2/52 states=3 elapsed=1.9857e-05s
    D_5 capped mod 9223372036854775433 forward step 3/52 states=7 elapsed=2.9245e-05s
    D_5 capped mod 9223372036854775433 forward step 4/52 states=15 elapsed=3.3433e-05s
    D_5 capped mod 9223372036854775433 forward step 5/52 states=30 elapsed=3.8612e-05s
D_5 MOD 9223372036854775433 m_5 kept_even=22 det=1
    D_5 capped mod 9223372036854775433 forward step 6/52 states=56 elapsed=5.2418e-05s
D_5 MOD 9223372036854775433 m_6 kept_even=130 det=10
    D_5 capped mod 9223372036854775433 forward step 7/52 states=98 elapsed=8.1683e-05s
D_5 MOD 9223372036854775433 m_7 kept_even=822 det=120
    D_5 capped mod 9223372036854775433 forward step 8/52 states=167 elapsed=0.000125845s
D_5 MOD 9223372036854775433 m_8 kept_even=6202 det=1351
    D_5 capped mod 9223372036854775433 forward step 9/52 states=273 elapsed=0.000193231s
D_5 MOD 9223372036854775433 m_9 kept_even=52552 det=16003
    D_5 capped mod 9223372036854775433 forward step 10/52 states=433 elapsed=0.000321932s
D_5 MOD 9223372036854775433 m_10 kept_even=499194 det=197163
    D_5 capped mod 9223372036854775433 forward step 11/52 states=669 elapsed=0.000509723s
D_5 MOD 9223372036854775433 m_11 kept_even=5236785 det=2549350
    D_5 capped mod 9223372036854775433 forward step 12/52 states=1012 elapsed=0.000847094s
D_5 MOD 9223372036854775433 m_12 kept_even=60132501 det=34570756
    D_5 capped mod 9223372036854775433 forward step 13/52 states=1496 elapsed=0.00133925s
D_5 MOD 9223372036854775433 m_13 kept_even=749131101 det=491383608
    D_5 capped mod 9223372036854775433 forward step 14/52 states=2175 elapsed=0.0022964s
D_5 MOD 9223372036854775433 m_14 kept_even=10047170731 det=7308968602
    D_5 capped mod 9223372036854775433 forward step 15/52 states=3108 elapsed=0.00655129s
D_5 MOD 9223372036854775433 m_15 kept_even=144033676843 det=113551074742
    D_5 capped mod 9223372036854775433 forward step 16/52 states=4374 elapsed=0.00839762s
D_5 MOD 9223372036854775433 m_16 kept_even=2192755142595 det=1838772296310
    D_5 capped mod 9223372036854775433 forward step 17/52 states=6072 elapsed=0.014171s
D_5 MOD 9223372036854775433 m_17 kept_even=35241774314134 det=30970507944304
    D_5 capped mod 9223372036854775433 forward step 18/52 states=8326 elapsed=0.0215188s
D_5 MOD 9223372036854775433 m_18 kept_even=594796840146715 det=541425572243686
    D_5 capped mod 9223372036854775433 forward step 19/52 states=11280 elapsed=0.0271657s
D_5 MOD 9223372036854775433 m_19 kept_even=10492633619796987 det=9804052130214330
    D_5 capped mod 9223372036854775433 forward step 20/52 states=15125 elapsed=0.0368489s
D_5 MOD 9223372036854775433 m_20 kept_even=192669611969362840 det=183520514879561004
    D_5 capped mod 9223372036854775433 forward step 21/52 states=20076 elapsed=0.0477609s
D_5 MOD 9223372036854775433 m_21 kept_even=3669342219387005830 det=3544435296649286205
    D_5 capped mod 9223372036854775433 forward step 22/52 states=26403 elapsed=0.0670037s
D_5 MOD 9223372036854775433 m_22 kept_even=7687402497638327233 det=5938754181023151103
    D_5 capped mod 9223372036854775433 forward step 23/52 states=34426 elapsed=0.100997s
D_5 MOD 9223372036854775433 m_23 kept_even=348328980994142377 det=2960586287949547408
    D_5 capped mod 9223372036854775433 forward step 24/52 states=44529 elapsed=0.139025s
D_5 MOD 9223372036854775433 m_24 kept_even=1987404459166029091 det=3968995728016982592
    D_5 capped mod 9223372036854775433 forward step 25/52 states=57156 elapsed=0.181326s
D_5 MOD 9223372036854775433 m_25 kept_even=2554043206512252383 det=6761490374063888200
    D_5 capped mod 9223372036854775433 forward step 26/52 states=72850 elapsed=0.243303s
D_5 MOD 9223372036854775433 m_26 kept_even=5175681954650152241 det=7798581647519955781
    D_5 capped mod 9223372036854775433 forward step 27/52 states=92230 elapsed=0.350686s
D_5 MOD 9223372036854775433 m_27 kept_even=7783810554165786538 det=937448445317876028
    D_5 capped mod 9223372036854775433 forward step 28/52 states=116030 elapsed=0.463854s
D_5 MOD 9223372036854775433 m_28 kept_even=4075090216726628527 det=3775747857165497654
    D_5 capped mod 9223372036854775433 forward step 29/52 states=145101 elapsed=0.643348s
D_5 MOD 9223372036854775433 m_29 kept_even=2893656653435381648 det=6706166298363940683
    D_5 capped mod 9223372036854775433 forward step 30/52 states=180436 elapsed=0.888933s
D_5 MOD 9223372036854775433 m_30 kept_even=6446069447340846709 det=6599762293833012515
    D_5 capped mod 9223372036854775433 forward step 31/52 states=223164 elapsed=1.14734s
D_5 MOD 9223372036854775433 m_31 kept_even=7114262876400754173 det=5414262426865215981
    D_5 capped mod 9223372036854775433 forward step 32/52 states=274616 elapsed=1.56364s
D_5 MOD 9223372036854775433 m_32 kept_even=7203650486462152185 det=25668627509465255
    D_5 capped mod 9223372036854775433 forward step 33/52 states=336288 elapsed=2.00602s
D_5 MOD 9223372036854775433 m_33 kept_even=2272163214806042145 det=3616880857044166415
    D_5 capped mod 9223372036854775433 forward step 34/52 states=409911 elapsed=2.55895s
D_5 MOD 9223372036854775433 m_34 kept_even=4435474177199117617 det=2224519165797706564
    D_5 capped mod 9223372036854775433 forward step 35/52 states=497453 elapsed=3.32298s
D_5 MOD 9223372036854775433 m_35 kept_even=5689520378603207215 det=7181442920598261487
    D_5 capped mod 9223372036854775433 forward step 36/52 states=601158 elapsed=4.22067s
      D_5 capped mod scan m_36 processed=500000/601158 elapsed=0.00261924s
D_5 MOD 9223372036854775433 m_36 kept_even=7708061533351704060 det=7107881188930333112
      D_5 capped mod 9223372036854775433 packed step 37/52 processed=500000/601158 next_states=622433 step_elapsed=0.90165s elapsed=5.12637s
    D_5 capped mod 9223372036854775433 forward step 37/52 states=723551 elapsed=5.33534s
      D_5 capped mod scan m_37 processed=500000/723551 elapsed=0.00274826s
D_5 MOD 9223372036854775433 m_37 kept_even=6839988332764581492 det=3469875463117225571
      D_5 capped mod 9223372036854775433 packed step 38/52 processed=500000/723551 next_states=633745 step_elapsed=1.19633s elapsed=6.54259s
    D_5 capped mod 9223372036854775433 forward step 38/52 states=867525 elapsed=7.01746s
      D_5 capped mod scan m_38 processed=500000/867525 elapsed=0.00259519s
D_5 MOD 9223372036854775433 m_38 kept_even=3624529112166258960 det=4738006541174881543
      D_5 capped mod 9223372036854775433 packed step 39/52 processed=500000/867525 next_states=640542 step_elapsed=1.13187s elapsed=8.16399s
    D_5 capped mod 9223372036854775433 forward step 39/52 states=1036306 elapsed=8.97845s
      D_5 capped mod scan m_39 processed=500000/1036306 elapsed=0.00257072s
      D_5 capped mod scan m_39 processed=1000000/1036306 elapsed=0.00543177s
D_5 MOD 9223372036854775433 m_39 kept_even=342430469322812190 det=544938720670047166
      D_5 capped mod 9223372036854775433 packed step 40/52 processed=500000/1036306 next_states=645487 step_elapsed=1.00714s elapsed=9.99354s
      D_5 capped mod 9223372036854775433 packed step 40/52 processed=1000000/1036306 next_states=1200278 step_elapsed=2.42499s elapsed=11.4114s
    D_5 capped mod 9223372036854775433 forward step 40/52 states=1233550 elapsed=11.4802s
      D_5 capped mod scan m_40 processed=500000/1233550 elapsed=0.00280868s
      D_5 capped mod scan m_40 processed=1000000/1233550 elapsed=0.00558728s
D_5 MOD 9223372036854775433 m_40 kept_even=6449172629368619941 det=5204168105095991272
      D_5 capped mod 9223372036854775433 packed step 41/52 processed=500000/1233550 next_states=650785 step_elapsed=1.17568s elapsed=12.6649s
      D_5 capped mod 9223372036854775433 packed step 41/52 processed=1000000/1233550 next_states=1226489 step_elapsed=2.7053s elapsed=14.1946s
    D_5 capped mod 9223372036854775433 forward step 41/52 states=1463350 elapsed=14.8949s
      D_5 capped mod scan m_41 processed=500000/1463350 elapsed=0.00256857s
      D_5 capped mod scan m_41 processed=1000000/1463350 elapsed=0.00532729s
D_5 MOD 9223372036854775433 m_41 kept_even=3616906368678070224 det=6117286791385529580
      D_5 capped mod 9223372036854775433 packed step 42/52 processed=500000/1463350 next_states=655307 step_elapsed=1.19262s elapsed=16.1213s
      D_5 capped mod 9223372036854775433 packed step 42/52 processed=1000000/1463350 next_states=1242283 step_elapsed=2.63038s elapsed=17.559s
    D_5 capped mod 9223372036854775433 forward step 42/52 states=1730308 elapsed=19.0641s
      D_5 capped mod scan m_42 processed=500000/1730308 elapsed=0.00247952s
      D_5 capped mod scan m_42 processed=1000000/1730308 elapsed=0.00548298s
      D_5 capped mod scan m_42 processed=1500000/1730308 elapsed=0.00825325s
D_5 MOD 9223372036854775433 m_42 kept_even=5557737655035125460 det=3637228634987706320
      D_5 capped mod 9223372036854775433 packed step 43/52 processed=500000/1730308 next_states=659050 step_elapsed=1.16113s elapsed=20.24s
      D_5 capped mod 9223372036854775433 packed step 43/52 processed=1000000/1730308 next_states=1256702 step_elapsed=2.66372s elapsed=21.7426s
      D_5 capped mod 9223372036854775433 packed step 43/52 processed=1500000/1730308 next_states=1810014 step_elapsed=4.0471s elapsed=23.126s
    D_5 capped mod 9223372036854775433 forward step 43/52 states=2039537 elapsed=23.6769s
      D_5 capped mod scan m_43 processed=500000/2039537 elapsed=0.00249989s
      D_5 capped mod scan m_43 processed=1000000/2039537 elapsed=0.00521952s
      D_5 capped mod scan m_43 processed=1500000/2039537 elapsed=0.00820063s
      D_5 capped mod scan m_43 processed=2000000/2039537 elapsed=0.0116033s
D_5 MOD 9223372036854775433 m_43 kept_even=7925185743431505065 det=7593625702266671361
      D_5 capped mod 9223372036854775433 packed step 44/52 processed=500000/2039537 next_states=662556 step_elapsed=1.05253s elapsed=24.764s
      D_5 capped mod 9223372036854775433 packed step 44/52 processed=1000000/2039537 next_states=1268902 step_elapsed=2.30314s elapsed=26.0146s
      D_5 capped mod 9223372036854775433 packed step 44/52 processed=1500000/2039537 next_states=1835982 step_elapsed=3.64732s elapsed=27.3588s
      D_5 capped mod 9223372036854775433 packed step 44/52 processed=2000000/2039537 next_states=2360550 step_elapsed=5.12042s elapsed=28.8319s
    D_5 capped mod 9223372036854775433 forward step 44/52 states=2396791 elapsed=28.9451s
      D_5 capped mod scan m_44 processed=500000/2396791 elapsed=0.00272727s
      D_5 capped mod scan m_44 processed=1000000/2396791 elapsed=0.00536741s
      D_5 capped mod scan m_44 processed=1500000/2396791 elapsed=0.0112443s
      D_5 capped mod scan m_44 processed=2000000/2396791 elapsed=0.0250903s
D_5 MOD 9223372036854775433 m_44 kept_even=4829221119979398540 det=7711855888836628783
      D_5 capped mod 9223372036854775433 packed step 45/52 processed=500000/2396791 next_states=665231 step_elapsed=1.24607s elapsed=30.2243s
      D_5 capped mod 9223372036854775433 packed step 45/52 processed=1000000/2396791 next_states=1277254 step_elapsed=2.55215s elapsed=31.5304s
      D_5 capped mod 9223372036854775433 packed step 45/52 processed=1500000/2396791 next_states=1860752 step_elapsed=3.95792s elapsed=32.9362s
      D_5 capped mod 9223372036854775433 packed step 45/52 processed=2000000/2396791 next_states=2408665 step_elapsed=5.42243s elapsed=34.4007s
    D_5 capped mod 9223372036854775433 forward step 45/52 states=2808428 elapsed=35.4576s
      D_5 capped mod scan m_45 processed=500000/2808428 elapsed=0.00247455s
      D_5 capped mod scan m_45 processed=1000000/2808428 elapsed=0.00541467s
      D_5 capped mod scan m_45 processed=1500000/2808428 elapsed=0.00803705s
      D_5 capped mod scan m_45 processed=2000000/2808428 elapsed=0.0111576s
      D_5 capped mod scan m_45 processed=2500000/2808428 elapsed=0.0138903s
D_5 MOD 9223372036854775433 m_45 kept_even=8089017650817167612 det=1349115847654642997
      D_5 capped mod 9223372036854775433 packed step 46/52 processed=500000/2808428 next_states=669183 step_elapsed=1.05098s elapsed=36.5688s
      D_5 capped mod 9223372036854775433 packed step 46/52 processed=1000000/2808428 next_states=1280829 step_elapsed=2.31116s elapsed=37.829s
      D_5 capped mod 9223372036854775433 packed step 46/52 processed=1500000/2808428 next_states=1872986 step_elapsed=3.75545s elapsed=39.2733s
      D_5 capped mod 9223372036854775433 packed step 46/52 processed=2000000/2808428 next_states=2436505 step_elapsed=5.60844s elapsed=41.1262s
      D_5 capped mod 9223372036854775433 packed step 46/52 processed=2500000/2808428 next_states=2980123 step_elapsed=7.26358s elapsed=42.7814s
    D_5 capped mod 9223372036854775433 forward step 46/52 states=3281545 elapsed=43.5329s
      D_5 capped mod scan m_46 processed=500000/3281545 elapsed=0.00419115s
      D_5 capped mod scan m_46 processed=1000000/3281545 elapsed=0.00686664s
      D_5 capped mod scan m_46 processed=1500000/3281545 elapsed=0.00956797s
      D_5 capped mod scan m_46 processed=2000000/3281545 elapsed=0.0153332s
      D_5 capped mod scan m_46 processed=2500000/3281545 elapsed=0.0181351s
      D_5 capped mod scan m_46 processed=3000000/3281545 elapsed=0.0210242s
D_5 MOD 9223372036854775433 m_46 kept_even=5354647114916480735 det=1972928555727883530
      D_5 capped mod 9223372036854775433 packed step 47/52 processed=500000/3281545 next_states=670104 step_elapsed=1.0448s elapsed=44.6427s
      D_5 capped mod 9223372036854775433 packed step 47/52 processed=1000000/3281545 next_states=1284394 step_elapsed=2.2849s elapsed=45.8828s
      D_5 capped mod 9223372036854775433 packed step 47/52 processed=1500000/3281545 next_states=1882929 step_elapsed=3.7188s elapsed=47.3167s
      D_5 capped mod 9223372036854775433 packed step 47/52 processed=2000000/3281545 next_states=2465341 step_elapsed=5.28942s elapsed=48.8873s
      D_5 capped mod 9223372036854775433 packed step 47/52 processed=2500000/3281545 next_states=3023226 step_elapsed=7.08518s elapsed=50.6831s
      D_5 capped mod 9223372036854775433 packed step 47/52 processed=3000000/3281545 next_states=3552286 step_elapsed=8.91191s elapsed=52.5098s
    D_5 capped mod 9223372036854775433 forward step 47/52 states=3824004 elapsed=53.2882s
      D_5 capped mod scan m_47 processed=500000/3824004 elapsed=0.00253236s
      D_5 capped mod scan m_47 processed=1000000/3824004 elapsed=0.00511794s
      D_5 capped mod scan m_47 processed=1500000/3824004 elapsed=0.00940451s
      D_5 capped mod scan m_47 processed=2000000/3824004 elapsed=0.0120744s
      D_5 capped mod scan m_47 processed=2500000/3824004 elapsed=0.0147933s
      D_5 capped mod scan m_47 processed=3000000/3824004 elapsed=0.0175379s
      D_5 capped mod scan m_47 processed=3500000/3824004 elapsed=0.0203122s
D_5 MOD 9223372036854775433 m_47 kept_even=5656868553633139526 det=3616549429762949879
      D_5 capped mod 9223372036854775433 packed step 48/52 processed=500000/3824004 next_states=670832 step_elapsed=1.22332s elapsed=54.5822s
      D_5 capped mod 9223372036854775433 packed step 48/52 processed=1000000/3824004 next_states=1289254 step_elapsed=2.62725s elapsed=55.9861s
      D_5 capped mod 9223372036854775433 packed step 48/52 processed=1500000/3824004 next_states=1894182 step_elapsed=4.08539s elapsed=57.4443s
      D_5 capped mod 9223372036854775433 packed step 48/52 processed=2000000/3824004 next_states=2485657 step_elapsed=5.62988s elapsed=58.9887s
      D_5 capped mod 9223372036854775433 packed step 48/52 processed=2500000/3824004 next_states=3052365 step_elapsed=7.22787s elapsed=60.5867s
      D_5 capped mod 9223372036854775433 packed step 48/52 processed=3000000/3824004 next_states=3604195 step_elapsed=8.99587s elapsed=62.3547s
      D_5 capped mod 9223372036854775433 packed step 48/52 processed=3500000/3824004 next_states=4129527 step_elapsed=10.8333s elapsed=64.1922s
    D_5 capped mod 9223372036854775433 forward step 48/52 states=4444525 elapsed=65.3528s
      D_5 capped mod scan m_48 processed=500000/4444525 elapsed=0.00258562s
      D_5 capped mod scan m_48 processed=1000000/4444525 elapsed=0.00555039s
      D_5 capped mod scan m_48 processed=1500000/4444525 elapsed=0.00853463s
      D_5 capped mod scan m_48 processed=2000000/4444525 elapsed=0.0111911s
      D_5 capped mod scan m_48 processed=2500000/4444525 elapsed=0.0137529s
      D_5 capped mod scan m_48 processed=3000000/4444525 elapsed=0.0164257s
      D_5 capped mod scan m_48 processed=3500000/4444525 elapsed=0.0191302s
      D_5 capped mod scan m_48 processed=4000000/4444525 elapsed=0.0218751s
D_5 MOD 9223372036854775433 m_48 kept_even=6301032540803929338 det=9042482976624923977
      D_5 capped mod 9223372036854775433 packed step 49/52 processed=500000/4444525 next_states=670832 step_elapsed=1.29232s elapsed=66.7182s
      D_5 capped mod 9223372036854775433 packed step 49/52 processed=1000000/4444525 next_states=1295096 step_elapsed=2.93404s elapsed=68.36s
      D_5 capped mod 9223372036854775433 packed step 49/52 processed=1500000/4444525 next_states=1904108 step_elapsed=4.46037s elapsed=69.8863s
      D_5 capped mod 9223372036854775433 packed step 49/52 processed=2000000/4444525 next_states=2489943 step_elapsed=5.84515s elapsed=71.2711s
      D_5 capped mod 9223372036854775433 packed step 49/52 processed=2500000/4444525 next_states=3080979 step_elapsed=7.50512s elapsed=72.931s
      D_5 capped mod 9223372036854775433 packed step 49/52 processed=3000000/4444525 next_states=3643010 step_elapsed=9.06451s elapsed=74.4904s
      D_5 capped mod 9223372036854775433 packed step 49/52 processed=3500000/4444525 next_states=4185605 step_elapsed=10.6153s elapsed=76.0412s
      D_5 capped mod 9223372036854775433 packed step 49/52 processed=4000000/4444525 next_states=4718863 step_elapsed=12.1485s elapsed=77.5744s
    D_5 capped mod 9223372036854775433 forward step 49/52 states=5152709 elapsed=78.8069s
      D_5 capped mod scan m_49 processed=500000/5152709 elapsed=0.0025217s
      D_5 capped mod scan m_49 processed=1000000/5152709 elapsed=0.00521973s
      D_5 capped mod scan m_49 processed=1500000/5152709 elapsed=0.00785439s
      D_5 capped mod scan m_49 processed=2000000/5152709 elapsed=0.0105489s
      D_5 capped mod scan m_49 processed=2500000/5152709 elapsed=0.0133268s
      D_5 capped mod scan m_49 processed=3000000/5152709 elapsed=0.0163957s
      D_5 capped mod scan m_49 processed=3500000/5152709 elapsed=0.0192013s
      D_5 capped mod scan m_49 processed=4000000/5152709 elapsed=0.0219559s
      D_5 capped mod scan m_49 processed=4500000/5152709 elapsed=0.024775s
      D_5 capped mod scan m_49 processed=5000000/5152709 elapsed=0.0277202s
D_5 MOD 9223372036854775433 m_49 kept_even=3049259119472395908 det=1036207477505487018
      D_5 capped mod 9223372036854775433 packed step 50/52 processed=500000/5152709 next_states=670832 step_elapsed=1.19236s elapsed=80.1237s
      D_5 capped mod 9223372036854775433 packed step 50/52 processed=1000000/5152709 next_states=1298247 step_elapsed=2.48484s elapsed=81.4162s
      D_5 capped mod 9223372036854775433 packed step 50/52 processed=1500000/5152709 next_states=1910478 step_elapsed=4.04827s elapsed=82.9796s
      D_5 capped mod 9223372036854775433 packed step 50/52 processed=2000000/5152709 next_states=2504233 step_elapsed=5.53691s elapsed=84.4683s
      D_5 capped mod 9223372036854775433 packed step 50/52 processed=2500000/5152709 next_states=3089357 step_elapsed=7.00702s elapsed=85.9384s
      D_5 capped mod 9223372036854775433 packed step 50/52 processed=3000000/5152709 next_states=3671295 step_elapsed=8.57177s elapsed=87.5031s
      D_5 capped mod 9223372036854775433 packed step 50/52 processed=3500000/5152709 next_states=4235992 step_elapsed=10.1506s elapsed=89.082s
      D_5 capped mod 9223372036854775433 packed step 50/52 processed=4000000/5152709 next_states=4785043 step_elapsed=11.7537s elapsed=90.6851s
      D_5 capped mod 9223372036854775433 packed step 50/52 processed=4500000/5152709 next_states=5309030 step_elapsed=13.8224s elapsed=92.7538s
      D_5 capped mod 9223372036854775433 packed step 50/52 processed=5000000/5152709 next_states=5815578 step_elapsed=15.2845s elapsed=94.2159s
    D_5 capped mod 9223372036854775433 forward step 50/52 states=5959215 elapsed=94.6456s
      D_5 capped mod scan m_50 processed=500000/5959215 elapsed=0.00257148s
      D_5 capped mod scan m_50 processed=1000000/5959215 elapsed=0.00527263s
      D_5 capped mod scan m_50 processed=1500000/5959215 elapsed=0.00789646s
      D_5 capped mod scan m_50 processed=2000000/5959215 elapsed=0.0104664s
      D_5 capped mod scan m_50 processed=2500000/5959215 elapsed=0.0131386s
      D_5 capped mod scan m_50 processed=3000000/5959215 elapsed=0.0158758s
      D_5 capped mod scan m_50 processed=3500000/5959215 elapsed=0.018496s
      D_5 capped mod scan m_50 processed=4000000/5959215 elapsed=0.0213333s
      D_5 capped mod scan m_50 processed=4500000/5959215 elapsed=0.0240338s
      D_5 capped mod scan m_50 processed=5000000/5959215 elapsed=0.0268118s
      D_5 capped mod scan m_50 processed=5500000/5959215 elapsed=0.0301633s
D_5 MOD 9223372036854775433 m_50 kept_even=159103006783768339 det=392754478090846140
      D_5 capped mod 9223372036854775433 packed step 51/52 processed=500000/5959215 next_states=670832 step_elapsed=1.13291s elapsed=95.9026s
      D_5 capped mod 9223372036854775433 packed step 51/52 processed=1000000/5959215 next_states=1304161 step_elapsed=2.55944s elapsed=97.3292s
      D_5 capped mod 9223372036854775433 packed step 51/52 processed=1500000/5959215 next_states=1917910 step_elapsed=3.97933s elapsed=98.7491s
      D_5 capped mod 9223372036854775433 packed step 51/52 processed=2000000/5959215 next_states=2518135 step_elapsed=5.45001s elapsed=100.22s
      D_5 capped mod 9223372036854775433 packed step 51/52 processed=2500000/5959215 next_states=3106550 step_elapsed=7.12609s elapsed=101.896s
      D_5 capped mod 9223372036854775433 packed step 51/52 processed=3000000/5959215 next_states=3687539 step_elapsed=8.69939s elapsed=103.469s
      D_5 capped mod 9223372036854775433 packed step 51/52 processed=3500000/5959215 next_states=4261138 step_elapsed=10.2818s elapsed=105.052s
      D_5 capped mod 9223372036854775433 packed step 51/52 processed=4000000/5959215 next_states=4823403 step_elapsed=11.8893s elapsed=106.659s
      D_5 capped mod 9223372036854775433 packed step 51/52 processed=4500000/5959215 next_states=5372081 step_elapsed=13.5615s elapsed=108.331s
      D_5 capped mod 9223372036854775433 packed step 51/52 processed=5000000/5959215 next_states=5904615 step_elapsed=15.2106s elapsed=109.98s
      D_5 capped mod 9223372036854775433 packed step 51/52 processed=5500000/5959215 next_states=6432967 step_elapsed=17.0697s elapsed=111.839s
    D_5 capped mod 9223372036854775433 forward step 51/52 states=6875722 elapsed=113.419s
      D_5 capped mod scan m_51 processed=500000/6875722 elapsed=0.0024906s
      D_5 capped mod scan m_51 processed=1000000/6875722 elapsed=0.00511655s
      D_5 capped mod scan m_51 processed=1500000/6875722 elapsed=0.0076667s
      D_5 capped mod scan m_51 processed=2000000/6875722 elapsed=0.010335s
      D_5 capped mod scan m_51 processed=2500000/6875722 elapsed=0.0130243s
      D_5 capped mod scan m_51 processed=3000000/6875722 elapsed=0.0155867s
      D_5 capped mod scan m_51 processed=3500000/6875722 elapsed=0.0183128s
      D_5 capped mod scan m_51 processed=4000000/6875722 elapsed=0.0218597s
      D_5 capped mod scan m_51 processed=4500000/6875722 elapsed=0.0245531s
      D_5 capped mod scan m_51 processed=5000000/6875722 elapsed=0.0272913s
      D_5 capped mod scan m_51 processed=5500000/6875722 elapsed=0.0300552s
      D_5 capped mod scan m_51 processed=6000000/6875722 elapsed=0.0328311s
      D_5 capped mod scan m_51 processed=6500000/6875722 elapsed=0.035639s
D_5 MOD 9223372036854775433 m_51 kept_even=5923001356174912245 det=7132269039419117609
      D_5 capped mod 9223372036854775433 packed step 52/52 processed=500000/6875722 next_states=670832 step_elapsed=1.13281s elapsed=114.68s
      D_5 capped mod 9223372036854775433 packed step 52/52 processed=1000000/6875722 next_states=1308142 step_elapsed=2.45441s elapsed=116.001s
      D_5 capped mod 9223372036854775433 packed step 52/52 processed=1500000/6875722 next_states=1925943 step_elapsed=4.08424s elapsed=117.631s
      D_5 capped mod 9223372036854775433 packed step 52/52 processed=2000000/6875722 next_states=2527091 step_elapsed=5.88859s elapsed=119.436s
      D_5 capped mod 9223372036854775433 packed step 52/52 processed=2500000/6875722 next_states=3120828 step_elapsed=7.53728s elapsed=121.084s
      D_5 capped mod 9223372036854775433 packed step 52/52 processed=3000000/6875722 next_states=3709766 step_elapsed=9.26543s elapsed=122.812s
      D_5 capped mod 9223372036854775433 packed step 52/52 processed=3500000/6875722 next_states=4292694 step_elapsed=10.9783s elapsed=124.525s
      D_5 capped mod 9223372036854775433 packed step 52/52 processed=4000000/6875722 next_states=4866730 step_elapsed=12.8283s elapsed=126.375s
      D_5 capped mod 9223372036854775433 packed step 52/52 processed=4500000/6875722 next_states=5428893 step_elapsed=15.2114s elapsed=128.758s
      D_5 capped mod 9223372036854775433 packed step 52/52 processed=5000000/6875722 next_states=5974562 step_elapsed=17.1545s elapsed=130.702s
      D_5 capped mod 9223372036854775433 packed step 52/52 processed=5500000/6875722 next_states=6510799 step_elapsed=18.8619s elapsed=132.409s
      D_5 capped mod 9223372036854775433 packed step 52/52 processed=6000000/6875722 next_states=7044795 step_elapsed=20.421s elapsed=133.968s
      D_5 capped mod 9223372036854775433 packed step 52/52 processed=6500000/6875722 next_states=7553060 step_elapsed=21.9601s elapsed=135.507s
    D_5 capped mod 9223372036854775433 forward step 52/52 states=7915124 elapsed=136.555s
      D_5 capped mod scan m_52 processed=500000/7915124 elapsed=0.00271145s
      D_5 capped mod scan m_52 processed=1000000/7915124 elapsed=0.00531689s
      D_5 capped mod scan m_52 processed=1500000/7915124 elapsed=0.00792125s
      D_5 capped mod scan m_52 processed=2000000/7915124 elapsed=0.0122826s
      D_5 capped mod scan m_52 processed=2500000/7915124 elapsed=0.0150579s
      D_5 capped mod scan m_52 processed=3000000/7915124 elapsed=0.0178869s
      D_5 capped mod scan m_52 processed=3500000/7915124 elapsed=0.0206951s
      D_5 capped mod scan m_52 processed=4000000/7915124 elapsed=0.0234071s
      D_5 capped mod scan m_52 processed=4500000/7915124 elapsed=0.0263292s
      D_5 capped mod scan m_52 processed=5000000/7915124 elapsed=0.0291353s
      D_5 capped mod scan m_52 processed=5500000/7915124 elapsed=0.0320737s
      D_5 capped mod scan m_52 processed=6000000/7915124 elapsed=0.0348788s
      D_5 capped mod scan m_52 processed=6500000/7915124 elapsed=0.0376598s
      D_5 capped mod scan m_52 processed=7000000/7915124 elapsed=0.0407519s
      D_5 capped mod scan m_52 processed=7500000/7915124 elapsed=0.0440139s
D_5 MOD 9223372036854775433 m_52 kept_even=6052644106515769641 det=3353583228597159026
