D capped suffix modular moment range rank 7 moments m_7..m_50 row cap 14 modulus 9223372036854775643 C++ certificate
begin D_7=SO(14) mod 9223372036854775643
    D_7 capped mod 9223372036854775643 forward step 1/50 states=1 elapsed=3.317e-06s
    D_7 capped mod 9223372036854775643 forward step 2/50 states=3 elapsed=1.8225e-05s
    D_7 capped mod 9223372036854775643 forward step 3/50 states=7 elapsed=2.3013e-05s
    D_7 capped mod 9223372036854775643 forward step 4/50 states=15 elapsed=2.642e-05s
    D_7 capped mod 9223372036854775643 forward step 5/50 states=30 elapsed=3.1389e-05s
    D_7 capped mod 9223372036854775643 forward step 6/50 states=58 elapsed=4.3983e-05s
    D_7 capped mod 9223372036854775643 forward step 7/50 states=105 elapsed=7.8607e-05s
D_7 MOD 9223372036854775643 m_7 kept_even=822 det=1
    D_7 capped mod 9223372036854775643 forward step 8/50 states=184 elapsed=0.000126046s
D_7 MOD 9223372036854775643 m_8 kept_even=6202 det=21
    D_7 capped mod 9223372036854775643 forward step 9/50 states=311 elapsed=0.000210253s
D_7 MOD 9223372036854775643 m_9 kept_even=52552 det=406
    D_7 capped mod 9223372036854775643 forward step 10/50 states=511 elapsed=0.000363439s
D_7 MOD 9223372036854775643 m_10 kept_even=499194 det=7281
    D_7 capped mod 9223372036854775643 forward step 11/50 states=818 elapsed=0.000616933s
D_7 MOD 9223372036854775643 m_11 kept_even=5238370 det=129790
    D_7 capped mod 9223372036854775643 forward step 12/50 states=1283 elapsed=0.00101302s
D_7 MOD 9223372036854775643 m_12 kept_even=60222844 det=2339128
    D_7 capped mod 9223372036854775643 forward step 13/50 states=1969 elapsed=0.00167271s
D_7 MOD 9223372036854775643 m_13 kept_even=752587764 det=43121508
    D_7 capped mod 9223372036854775643 forward step 14/50 states=2972 elapsed=0.00280893s
D_7 MOD 9223372036854775643 m_14 kept_even=10157945044 det=817659778
    D_7 capped mod 9223372036854775643 forward step 15/50 states=4413 elapsed=0.00466075s
D_7 MOD 9223372036854775643 m_15 kept_even=147267097411 det=15995989114
    D_7 capped mod 9223372036854775643 forward step 16/50 states=6458 elapsed=0.00774069s
D_7 MOD 9223372036854775643 m_16 kept_even=2282345647665 det=323329078710
    D_7 capped mod 9223372036854775643 forward step 17/50 states=9324 elapsed=0.0123728s
D_7 MOD 9223372036854775643 m_17 kept_even=37654329521332 det=6756394374112
    D_7 capped mod 9223372036854775643 forward step 18/50 states=13301 elapsed=0.0201436s
D_7 MOD 9223372036854775643 m_18 kept_even=658868685948817 det=145955337141142
    D_7 capped mod 9223372036854775643 forward step 19/50 states=18754 elapsed=0.0307805s
D_7 MOD 9223372036854775643 m_19 kept_even=12187026165585375 det=3258422799424182
    D_7 capped mod 9223372036854775643 forward step 20/50 states=26170 elapsed=0.0471834s
D_7 MOD 9223372036854775643 m_20 kept_even=237583603732071067 det=75133071385486291
    D_7 capped mod 9223372036854775643 forward step 21/50 states=36158 elapsed=0.0706282s
D_7 MOD 9223372036854775643 m_21 kept_even=4868265661796700700 det=1788079680523814095
    D_7 capped mod 9223372036854775643 forward step 22/50 states=49502 elapsed=0.105925s
D_7 MOD 9223372036854775643 m_22 kept_even=3131179638473863814 det=6993473756164664053
    D_7 capped mod 9223372036854775643 forward step 23/50 states=67188 elapsed=0.15362s
D_7 MOD 9223372036854775643 m_23 kept_even=7595173890721284750 det=3183396685154893105
    D_7 capped mod 9223372036854775643 forward step 24/50 states=90464 elapsed=0.230729s
D_7 MOD 9223372036854775643 m_24 kept_even=7528011118722559432 det=7760004984048747818
    D_7 capped mod 9223372036854775643 forward step 25/50 states=120871 elapsed=0.340941s
D_7 MOD 9223372036854775643 m_25 kept_even=3644262066526443569 det=7163513258234968679
    D_7 capped mod 9223372036854775643 forward step 26/50 states=160349 elapsed=0.498555s
D_7 MOD 9223372036854775643 m_26 kept_even=8334713338116988137 det=7349677719243322674
    D_7 capped mod 9223372036854775643 forward step 27/50 states=211276 elapsed=0.733193s
D_7 MOD 9223372036854775643 m_27 kept_even=2676040898669053374 det=560141960648000399
    D_7 capped mod 9223372036854775643 forward step 28/50 states=276592 elapsed=1.06857s
D_7 MOD 9223372036854775643 m_28 kept_even=8558739157400708139 det=3080282622268830025
    D_7 capped mod 9223372036854775643 forward step 29/50 states=359888 elapsed=1.53585s
D_7 MOD 9223372036854775643 m_29 kept_even=1392514319069696343 det=2932429926654093393
    D_7 capped mod 9223372036854775643 forward step 30/50 states=465562 elapsed=2.20451s
D_7 MOD 9223372036854775643 m_30 kept_even=3541517394296619984 det=3851480834717857265
    D_7 capped mod 9223372036854775643 forward step 31/50 states=598926 elapsed=3.15103s
      D_7 capped mod scan m_31 processed=500000/598926 elapsed=0.00205696s
D_7 MOD 9223372036854775643 m_31 kept_even=1964393567257789947 det=6655389844234812920
      D_7 capped mod 9223372036854775643 packed step 32/50 processed=500000/598926 next_states=660983 step_elapsed=1.04821s elapsed=4.20276s
    D_7 capped mod 9223372036854775643 forward step 32/50 states=766444 elapsed=4.4243s
      D_7 capped mod scan m_32 processed=500000/766444 elapsed=0.00180237s
D_7 MOD 9223372036854775643 m_32 kept_even=776086347996044368 det=7185370619419011490
      D_7 capped mod 9223372036854775643 packed step 33/50 processed=500000/766444 next_states=677084 step_elapsed=1.03224s elapsed=5.46166s
    D_7 capped mod 9223372036854775643 forward step 33/50 states=975873 elapsed=6.08508s
      D_7 capped mod scan m_33 processed=500000/975873 elapsed=0.00177308s
D_7 MOD 9223372036854775643 m_33 kept_even=8932492641928588982 det=333068414088585291
      D_7 capped mod 9223372036854775643 packed step 34/50 processed=500000/975873 next_states=684202 step_elapsed=1.03788s elapsed=7.13554s
    D_7 capped mod 9223372036854775643 forward step 34/50 states=1236550 elapsed=8.3398s
      D_7 capped mod scan m_34 processed=500000/1236550 elapsed=0.00175594s
      D_7 capped mod scan m_34 processed=1000000/1236550 elapsed=0.00394472s
D_7 MOD 9223372036854775643 m_34 kept_even=7390189989878072823 det=981590258322008732
      D_7 capped mod 9223372036854775643 packed step 35/50 processed=500000/1236550 next_states=692333 step_elapsed=1.03511s elapsed=9.38175s
      D_7 capped mod 9223372036854775643 packed step 35/50 processed=1000000/1236550 next_states=1304721 step_elapsed=2.4585s elapsed=10.8051s
    D_7 capped mod 9223372036854775643 forward step 35/50 states=1559632 elapsed=11.4438s
      D_7 capped mod scan m_35 processed=500000/1559632 elapsed=0.00183452s
      D_7 capped mod scan m_35 processed=1000000/1559632 elapsed=0.00384395s
      D_7 capped mod scan m_35 processed=1500000/1559632 elapsed=0.00605669s
D_7 MOD 9223372036854775643 m_35 kept_even=2867123676075353969 det=5926052223826030801
      D_7 capped mod 9223372036854775643 packed step 36/50 processed=500000/1559632 next_states=698621 step_elapsed=1.0805s elapsed=12.5529s
      D_7 capped mod 9223372036854775643 packed step 36/50 processed=1000000/1559632 next_states=1331972 step_elapsed=2.43475s elapsed=13.9071s
      D_7 capped mod 9223372036854775643 packed step 36/50 processed=1500000/1559632 next_states=1899254 step_elapsed=3.8441s elapsed=15.3165s
    D_7 capped mod 9223372036854775643 forward step 36/50 states=1958447 elapsed=15.4412s
      D_7 capped mod scan m_36 processed=500000/1958447 elapsed=0.00176454s
      D_7 capped mod scan m_36 processed=1000000/1958447 elapsed=0.00372318s
      D_7 capped mod scan m_36 processed=1500000/1958447 elapsed=0.00585265s
D_7 MOD 9223372036854775643 m_36 kept_even=3003799405542373972 det=2107853346542675883
      D_7 capped mod 9223372036854775643 packed step 37/50 processed=500000/1958447 next_states=703051 step_elapsed=1.15431s elapsed=16.6074s
      D_7 capped mod 9223372036854775643 packed step 37/50 processed=1000000/1958447 next_states=1344174 step_elapsed=2.83026s elapsed=18.2834s
      D_7 capped mod 9223372036854775643 packed step 37/50 processed=1500000/1958447 next_states=1950746 step_elapsed=4.44491s elapsed=19.898s
    D_7 capped mod 9223372036854775643 forward step 37/50 states=2448799 elapsed=21.2625s
      D_7 capped mod scan m_37 processed=500000/2448799 elapsed=0.00187049s
      D_7 capped mod scan m_37 processed=1000000/2448799 elapsed=0.00388048s
      D_7 capped mod scan m_37 processed=1500000/2448799 elapsed=0.00603877s
      D_7 capped mod scan m_37 processed=2000000/2448799 elapsed=0.00833058s
D_7 MOD 9223372036854775643 m_37 kept_even=378749271742050556 det=5161246347444150741
      D_7 capped mod 9223372036854775643 packed step 38/50 processed=500000/2448799 next_states=707186 step_elapsed=1.13881s elapsed=22.433s
      D_7 capped mod 9223372036854775643 packed step 38/50 processed=1000000/2448799 next_states=1358393 step_elapsed=2.67996s elapsed=23.9742s
      D_7 capped mod 9223372036854775643 packed step 38/50 processed=1500000/2448799 next_states=1982462 step_elapsed=4.30984s elapsed=25.604s
      D_7 capped mod 9223372036854775643 packed step 38/50 processed=2000000/2448799 next_states=2573137 step_elapsed=6.07454s elapsed=27.3687s
    D_7 capped mod 9223372036854775643 forward step 38/50 states=3049468 elapsed=28.8524s
      D_7 capped mod scan m_38 processed=500000/3049468 elapsed=0.00187551s
      D_7 capped mod scan m_38 processed=1000000/3049468 elapsed=0.00382742s
      D_7 capped mod scan m_38 processed=1500000/3049468 elapsed=0.00592267s
      D_7 capped mod scan m_38 processed=2000000/3049468 elapsed=0.00807498s
      D_7 capped mod scan m_38 processed=2500000/3049468 elapsed=0.0103672s
      D_7 capped mod scan m_38 processed=3000000/3049468 elapsed=0.012955s
D_7 MOD 9223372036854775643 m_38 kept_even=1278356032037710405 det=2142657146531800442
      D_7 capped mod 9223372036854775643 packed step 39/50 processed=500000/3049468 next_states=710463 step_elapsed=1.0935s elapsed=30.005s
      D_7 capped mod 9223372036854775643 packed step 39/50 processed=1000000/3049468 next_states=1369259 step_elapsed=2.47921s elapsed=31.3907s
      D_7 capped mod 9223372036854775643 packed step 39/50 processed=1500000/3049468 next_states=2004647 step_elapsed=3.97067s elapsed=32.8821s
      D_7 capped mod 9223372036854775643 packed step 39/50 processed=2000000/3049468 next_states=2614622 step_elapsed=5.52438s elapsed=34.4359s
      D_7 capped mod 9223372036854775643 packed step 39/50 processed=2500000/3049468 next_states=3195568 step_elapsed=7.11942s elapsed=36.0309s
      D_7 capped mod 9223372036854775643 packed step 39/50 processed=3000000/3049468 next_states=3735680 step_elapsed=8.70707s elapsed=37.6185s
    D_7 capped mod 9223372036854775643 forward step 39/50 states=3782595 elapsed=37.753s
      D_7 capped mod scan m_39 processed=500000/3782595 elapsed=0.00172235s
      D_7 capped mod scan m_39 processed=1000000/3782595 elapsed=0.00414151s
      D_7 capped mod scan m_39 processed=1500000/3782595 elapsed=0.00601333s
      D_7 capped mod scan m_39 processed=2000000/3782595 elapsed=0.00802448s
      D_7 capped mod scan m_39 processed=2500000/3782595 elapsed=0.0099698s
      D_7 capped mod scan m_39 processed=3000000/3782595 elapsed=0.0121785s
      D_7 capped mod scan m_39 processed=3500000/3782595 elapsed=0.0144632s
D_7 MOD 9223372036854775643 m_39 kept_even=7725942957346989468 det=2137618504627886317
      D_7 capped mod 9223372036854775643 packed step 40/50 processed=500000/3782595 next_states=713055 step_elapsed=1.11557s elapsed=38.9284s
      D_7 capped mod 9223372036854775643 packed step 40/50 processed=1000000/3782595 next_states=1376972 step_elapsed=2.4412s elapsed=40.254s
      D_7 capped mod 9223372036854775643 packed step 40/50 processed=1500000/3782595 next_states=2015909 step_elapsed=3.92173s elapsed=41.7345s
      D_7 capped mod 9223372036854775643 packed step 40/50 processed=2000000/3782595 next_states=2646351 step_elapsed=5.44188s elapsed=43.2547s
      D_7 capped mod 9223372036854775643 packed step 40/50 processed=2500000/3782595 next_states=3253955 step_elapsed=7.11428s elapsed=44.9271s
      D_7 capped mod 9223372036854775643 packed step 40/50 processed=3000000/3782595 next_states=3835561 step_elapsed=8.77173s elapsed=46.5845s
      D_7 capped mod 9223372036854775643 packed step 40/50 processed=3500000/3782595 next_states=4389300 step_elapsed=10.3942s elapsed=48.207s
    D_7 capped mod 9223372036854775643 forward step 40/50 states=4674296 elapsed=49.0787s
      D_7 capped mod scan m_40 processed=500000/4674296 elapsed=0.00184121s
      D_7 capped mod scan m_40 processed=1000000/4674296 elapsed=0.00374965s
      D_7 capped mod scan m_40 processed=1500000/4674296 elapsed=0.00570127s
      D_7 capped mod scan m_40 processed=2000000/4674296 elapsed=0.00759658s
      D_7 capped mod scan m_40 processed=2500000/4674296 elapsed=0.00972296s
      D_7 capped mod scan m_40 processed=3000000/4674296 elapsed=0.0117933s
      D_7 capped mod scan m_40 processed=3500000/4674296 elapsed=0.0141032s
      D_7 capped mod scan m_40 processed=4000000/4674296 elapsed=0.0162873s
      D_7 capped mod scan m_40 processed=4500000/4674296 elapsed=0.0187549s
D_7 MOD 9223372036854775643 m_40 kept_even=5203947675361953336 det=748642784782033623
      D_7 capped mod 9223372036854775643 packed step 41/50 processed=500000/4674296 next_states=715903 step_elapsed=1.12779s elapsed=50.2683s
      D_7 capped mod 9223372036854775643 packed step 41/50 processed=1000000/4674296 next_states=1384246 step_elapsed=2.45059s elapsed=51.5911s
      D_7 capped mod 9223372036854775643 packed step 41/50 processed=1500000/4674296 next_states=2030907 step_elapsed=3.96442s elapsed=53.1049s
      D_7 capped mod 9223372036854775643 packed step 41/50 processed=2000000/4674296 next_states=2660380 step_elapsed=5.58339s elapsed=54.7239s
      D_7 capped mod 9223372036854775643 packed step 41/50 processed=2500000/4674296 next_states=3280341 step_elapsed=7.43916s elapsed=56.5796s
      D_7 capped mod 9223372036854775643 packed step 41/50 processed=3000000/4674296 next_states=3887135 step_elapsed=9.16577s elapsed=58.3062s
      D_7 capped mod 9223372036854775643 packed step 41/50 processed=3500000/4674296 next_states=4474178 step_elapsed=10.94s elapsed=60.0805s
      D_7 capped mod 9223372036854775643 packed step 41/50 processed=4000000/4674296 next_states=5040655 step_elapsed=12.7279s elapsed=61.8684s
      D_7 capped mod 9223372036854775643 packed step 41/50 processed=4500000/4674296 next_states=5583228 step_elapsed=14.4093s elapsed=63.5498s
    D_7 capped mod 9223372036854775643 forward step 41/50 states=5755226 elapsed=64.0677s
      D_7 capped mod scan m_41 processed=500000/5755226 elapsed=0.00171301s
      D_7 capped mod scan m_41 processed=1000000/5755226 elapsed=0.00356059s
      D_7 capped mod scan m_41 processed=1500000/5755226 elapsed=0.00546099s
      D_7 capped mod scan m_41 processed=2000000/5755226 elapsed=0.00735824s
      D_7 capped mod scan m_41 processed=2500000/5755226 elapsed=0.00929747s
      D_7 capped mod scan m_41 processed=3000000/5755226 elapsed=0.0113258s
      D_7 capped mod scan m_41 processed=3500000/5755226 elapsed=0.013439s
      D_7 capped mod scan m_41 processed=4000000/5755226 elapsed=0.0155476s
      D_7 capped mod scan m_41 processed=4500000/5755226 elapsed=0.019414s
      D_7 capped mod scan m_41 processed=5000000/5755226 elapsed=0.0216995s
      D_7 capped mod scan m_41 processed=5500000/5755226 elapsed=0.0243101s
D_7 MOD 9223372036854775643 m_41 kept_even=2054411445134872860 det=961316531277081029
      D_7 capped mod 9223372036854775643 packed step 42/50 processed=500000/5755226 next_states=719330 step_elapsed=1.15253s elapsed=65.3289s
      D_7 capped mod 9223372036854775643 packed step 42/50 processed=1000000/5755226 next_states=1389116 step_elapsed=2.52729s elapsed=66.7037s
      D_7 capped mod 9223372036854775643 packed step 42/50 processed=1500000/5755226 next_states=2042808 step_elapsed=4.03767s elapsed=68.2141s
      D_7 capped mod 9223372036854775643 packed step 42/50 processed=2000000/5755226 next_states=2682767 step_elapsed=5.72171s elapsed=69.8981s
      D_7 capped mod 9223372036854775643 packed step 42/50 processed=2500000/5755226 next_states=3312777 step_elapsed=7.38519s elapsed=71.5616s
      D_7 capped mod 9223372036854775643 packed step 42/50 processed=3000000/5755226 next_states=3933970 step_elapsed=9.24454s elapsed=73.421s
      D_7 capped mod 9223372036854775643 packed step 42/50 processed=3500000/5755226 next_states=4543840 step_elapsed=11.0234s elapsed=75.1998s
      D_7 capped mod 9223372036854775643 packed step 42/50 processed=4000000/5755226 next_states=5124668 step_elapsed=12.8324s elapsed=77.0088s
      D_7 capped mod 9223372036854775643 packed step 42/50 processed=4500000/5755226 next_states=5705481 step_elapsed=14.7045s elapsed=78.8809s
      D_7 capped mod 9223372036854775643 packed step 42/50 processed=5000000/5755226 next_states=6268142 step_elapsed=16.4776s elapsed=80.654s
      D_7 capped mod 9223372036854775643 packed step 42/50 processed=5500000/5755226 next_states=6811450 step_elapsed=18.2585s elapsed=82.435s
    D_7 capped mod 9223372036854775643 forward step 42/50 states=7061341 elapsed=83.2243s
      D_7 capped mod scan m_42 processed=500000/7061341 elapsed=0.00182269s
      D_7 capped mod scan m_42 processed=1000000/7061341 elapsed=0.00364392s
      D_7 capped mod scan m_42 processed=1500000/7061341 elapsed=0.0056065s
      D_7 capped mod scan m_42 processed=2000000/7061341 elapsed=0.00754959s
      D_7 capped mod scan m_42 processed=2500000/7061341 elapsed=0.00958775s
      D_7 capped mod scan m_42 processed=3000000/7061341 elapsed=0.0116545s
      D_7 capped mod scan m_42 processed=3500000/7061341 elapsed=0.0136174s
      D_7 capped mod scan m_42 processed=4000000/7061341 elapsed=0.0157366s
      D_7 capped mod scan m_42 processed=4500000/7061341 elapsed=0.017839s
      D_7 capped mod scan m_42 processed=5000000/7061341 elapsed=0.0198975s
      D_7 capped mod scan m_42 processed=5500000/7061341 elapsed=0.0222102s
      D_7 capped mod scan m_42 processed=6000000/7061341 elapsed=0.0244686s
      D_7 capped mod scan m_42 processed=6500000/7061341 elapsed=0.0269135s
      D_7 capped mod scan m_42 processed=7000000/7061341 elapsed=0.0295482s
D_7 MOD 9223372036854775643 m_42 kept_even=1910551245979001714 det=1636703058457229274
      D_7 capped mod 9223372036854775643 packed step 43/50 processed=500000/7061341 next_states=719884 step_elapsed=1.22869s elapsed=84.5684s
      D_7 capped mod 9223372036854775643 packed step 43/50 processed=1000000/7061341 next_states=1394957 step_elapsed=2.6999s elapsed=86.0396s
      D_7 capped mod 9223372036854775643 packed step 43/50 processed=1500000/7061341 next_states=2051583 step_elapsed=4.28692s elapsed=87.6266s
      D_7 capped mod 9223372036854775643 packed step 43/50 processed=2000000/7061341 next_states=2698853 step_elapsed=5.97674s elapsed=89.3164s
      D_7 capped mod 9223372036854775643 packed step 43/50 processed=2500000/7061341 next_states=3338545 step_elapsed=7.69346s elapsed=91.0331s
      D_7 capped mod 9223372036854775643 packed step 43/50 processed=3000000/7061341 next_states=3967999 step_elapsed=9.58539s elapsed=92.9251s
      D_7 capped mod 9223372036854775643 packed step 43/50 processed=3500000/7061341 next_states=4573024 step_elapsed=11.6898s elapsed=95.0295s
      D_7 capped mod 9223372036854775643 packed step 43/50 processed=4000000/7061341 next_states=5191345 step_elapsed=13.5607s elapsed=96.9004s
      D_7 capped mod 9223372036854775643 packed step 43/50 processed=4500000/7061341 next_states=5794411 step_elapsed=15.6261s elapsed=98.9658s
      D_7 capped mod 9223372036854775643 packed step 43/50 processed=5000000/7061341 next_states=6371318 step_elapsed=17.8071s elapsed=101.147s
      D_7 capped mod 9223372036854775643 packed step 43/50 processed=5500000/7061341 next_states=6956235 step_elapsed=19.8316s elapsed=103.171s
      D_7 capped mod 9223372036854775643 packed step 43/50 processed=6000000/7061341 next_states=7525532 step_elapsed=21.9224s elapsed=105.262s
      D_7 capped mod 9223372036854775643 packed step 43/50 processed=6500000/7061341 next_states=8068940 step_elapsed=23.823s elapsed=107.163s
      D_7 capped mod 9223372036854775643 packed step 43/50 processed=7000000/7061341 next_states=8577847 step_elapsed=25.5981s elapsed=108.938s
    D_7 capped mod 9223372036854775643 forward step 43/50 states=8634598 elapsed=109.142s
      D_7 capped mod scan m_43 processed=500000/8634598 elapsed=0.00193877s
      D_7 capped mod scan m_43 processed=1000000/8634598 elapsed=0.00391189s
      D_7 capped mod scan m_43 processed=1500000/8634598 elapsed=0.00599491s
      D_7 capped mod scan m_43 processed=2000000/8634598 elapsed=0.00804069s
      D_7 capped mod scan m_43 processed=2500000/8634598 elapsed=0.0100815s
      D_7 capped mod scan m_43 processed=3000000/8634598 elapsed=0.0120859s
      D_7 capped mod scan m_43 processed=3500000/8634598 elapsed=0.0142893s
      D_7 capped mod scan m_43 processed=4000000/8634598 elapsed=0.0163896s
      D_7 capped mod scan m_43 processed=4500000/8634598 elapsed=0.018468s
      D_7 capped mod scan m_43 processed=5000000/8634598 elapsed=0.0206191s
      D_7 capped mod scan m_43 processed=5500000/8634598 elapsed=0.0230759s
      D_7 capped mod scan m_43 processed=6000000/8634598 elapsed=0.0252471s
      D_7 capped mod scan m_43 processed=6500000/8634598 elapsed=0.0273806s
      D_7 capped mod scan m_43 processed=7000000/8634598 elapsed=0.0298328s
      D_7 capped mod scan m_43 processed=7500000/8634598 elapsed=0.0322658s
      D_7 capped mod scan m_43 processed=8000000/8634598 elapsed=0.0347487s
      D_7 capped mod scan m_43 processed=8500000/8634598 elapsed=0.0374237s
D_7 MOD 9223372036854775643 m_43 kept_even=9195247953751407037 det=5020620887049996375
      D_7 capped mod 9223372036854775643 packed step 44/50 processed=500000/8634598 next_states=720385 step_elapsed=1.27307s elapsed=110.538s
      D_7 capped mod 9223372036854775643 packed step 44/50 processed=1000000/8634598 next_states=1398182 step_elapsed=2.77011s elapsed=112.035s
      D_7 capped mod 9223372036854775643 packed step 44/50 processed=1500000/8634598 next_states=2057590 step_elapsed=4.39447s elapsed=113.659s
      D_7 capped mod 9223372036854775643 packed step 44/50 processed=2000000/8634598 next_states=2711466 step_elapsed=6.13716s elapsed=115.402s
      D_7 capped mod 9223372036854775643 packed step 44/50 processed=2500000/8634598 next_states=3358254 step_elapsed=7.96297s elapsed=117.227s
      D_7 capped mod 9223372036854775643 packed step 44/50 processed=3000000/8634598 next_states=3977804 step_elapsed=9.88149s elapsed=119.146s
      D_7 capped mod 9223372036854775643 packed step 44/50 processed=3500000/8634598 next_states=4613428 step_elapsed=11.8058s elapsed=121.07s
      D_7 capped mod 9223372036854775643 packed step 44/50 processed=4000000/8634598 next_states=5240316 step_elapsed=13.7166s elapsed=122.981s
      D_7 capped mod 9223372036854775643 packed step 44/50 processed=4500000/8634598 next_states=5837516 step_elapsed=15.87s elapsed=125.135s
      D_7 capped mod 9223372036854775643 packed step 44/50 processed=5000000/8634598 next_states=6457443 step_elapsed=17.7516s elapsed=127.016s
      D_7 capped mod 9223372036854775643 packed step 44/50 processed=5500000/8634598 next_states=7034138 step_elapsed=19.8617s elapsed=129.126s
      D_7 capped mod 9223372036854775643 packed step 44/50 processed=6000000/8634598 next_states=7639670 step_elapsed=21.7695s elapsed=131.034s
      D_7 capped mod 9223372036854775643 packed step 44/50 processed=6500000/8634598 next_states=8204385 step_elapsed=23.9129s elapsed=133.177s
      D_7 capped mod 9223372036854775643 packed step 44/50 processed=7000000/8634598 next_states=8782443 step_elapsed=25.9829s elapsed=135.247s
      D_7 capped mod 9223372036854775643 packed step 44/50 processed=7500000/8634598 next_states=9346432 step_elapsed=28.0969s elapsed=137.361s
      D_7 capped mod 9223372036854775643 packed step 44/50 processed=8000000/8634598 next_states=9885064 step_elapsed=30.1383s elapsed=139.403s
      D_7 capped mod 9223372036854775643 packed step 44/50 processed=8500000/8634598 next_states=10394981 step_elapsed=32.0651s elapsed=141.33s
    D_7 capped mod 9223372036854775643 forward step 44/50 states=10523981 elapsed=141.775s
      D_7 capped mod scan m_44 processed=500000/10523981 elapsed=0.00179532s
      D_7 capped mod scan m_44 processed=1000000/10523981 elapsed=0.00364817s
      D_7 capped mod scan m_44 processed=1500000/10523981 elapsed=0.00565331s
      D_7 capped mod scan m_44 processed=2000000/10523981 elapsed=0.00764316s
      D_7 capped mod scan m_44 processed=2500000/10523981 elapsed=0.00954257s
      D_7 capped mod scan m_44 processed=3000000/10523981 elapsed=0.0115169s
      D_7 capped mod scan m_44 processed=3500000/10523981 elapsed=0.0134373s
      D_7 capped mod scan m_44 processed=4000000/10523981 elapsed=0.0153736s
      D_7 capped mod scan m_44 processed=4500000/10523981 elapsed=0.0174665s
      D_7 capped mod scan m_44 processed=5000000/10523981 elapsed=0.0197333s
      D_7 capped mod scan m_44 processed=5500000/10523981 elapsed=0.0218001s
      D_7 capped mod scan m_44 processed=6000000/10523981 elapsed=0.023846s
      D_7 capped mod scan m_44 processed=6500000/10523981 elapsed=0.0260266s
      D_7 capped mod scan m_44 processed=7000000/10523981 elapsed=0.0282761s
      D_7 capped mod scan m_44 processed=7500000/10523981 elapsed=0.0303849s
      D_7 capped mod scan m_44 processed=8000000/10523981 elapsed=0.0325695s
      D_7 capped mod scan m_44 processed=8500000/10523981 elapsed=0.0349259s
      D_7 capped mod scan m_44 processed=9000000/10523981 elapsed=0.0373793s
      D_7 capped mod scan m_44 processed=9500000/10523981 elapsed=0.0398564s
      D_7 capped mod scan m_44 processed=10000000/10523981 elapsed=0.0423707s
      D_7 capped mod scan m_44 processed=10500000/10523981 elapsed=0.045032s
D_7 MOD 9223372036854775643 m_44 kept_even=5671336253435909386 det=1215195202992288299
      D_7 capped mod 9223372036854775643 packed step 45/50 processed=500000/10523981 next_states=720385 step_elapsed=1.29558s elapsed=143.295s
      D_7 capped mod 9223372036854775643 packed step 45/50 processed=1000000/10523981 next_states=1403258 step_elapsed=2.89262s elapsed=144.892s
      D_7 capped mod 9223372036854775643 packed step 45/50 processed=1500000/10523981 next_states=2064964 step_elapsed=4.58967s elapsed=146.589s
      D_7 capped mod 9223372036854775643 packed step 45/50 processed=2000000/10523981 next_states=2721684 step_elapsed=6.35856s elapsed=148.358s
      D_7 capped mod 9223372036854775643 packed step 45/50 processed=2500000/10523981 next_states=3371093 step_elapsed=8.19067s elapsed=150.19s
      D_7 capped mod 9223372036854775643 packed step 45/50 processed=3000000/10523981 next_states=3998267 step_elapsed=10.1303s elapsed=152.13s
      D_7 capped mod 9223372036854775643 packed step 45/50 processed=3500000/10523981 next_states=4640067 step_elapsed=12.0256s elapsed=154.025s
      D_7 capped mod 9223372036854775643 packed step 45/50 processed=4000000/10523981 next_states=5261368 step_elapsed=14.1198s elapsed=156.12s
      D_7 capped mod 9223372036854775643 packed step 45/50 processed=4500000/10523981 next_states=5889343 step_elapsed=16.0972s elapsed=158.097s
      D_7 capped mod 9223372036854775643 packed step 45/50 processed=5000000/10523981 next_states=6496048 step_elapsed=18.1716s elapsed=160.171s
      D_7 capped mod 9223372036854775643 packed step 45/50 processed=5500000/10523981 next_states=7115166 step_elapsed=20.1873s elapsed=162.187s
      D_7 capped mod 9223372036854775643 packed step 45/50 processed=6000000/10523981 next_states=7703092 step_elapsed=22.4156s elapsed=164.415s
      D_7 capped mod 9223372036854775643 packed step 45/50 processed=6500000/10523981 next_states=8319632 step_elapsed=24.4486s elapsed=166.448s
      D_7 capped mod 9223372036854775643 packed step 45/50 processed=7000000/10523981 next_states=8894080 step_elapsed=26.7872s elapsed=168.787s
      D_7 capped mod 9223372036854775643 packed step 45/50 processed=7500000/10523981 next_states=9496843 step_elapsed=28.8327s elapsed=170.832s
      D_7 capped mod 9223372036854775643 packed step 45/50 processed=8000000/10523981 next_states=10054871 step_elapsed=31.0433s elapsed=173.043s
      D_7 capped mod 9223372036854775643 packed step 45/50 processed=8500000/10523981 next_states=10639171 step_elapsed=33.1068s elapsed=175.107s
      D_7 capped mod 9223372036854775643 packed step 45/50 processed=9000000/10523981 next_states=11176520 step_elapsed=35.2721s elapsed=177.272s
      D_7 capped mod 9223372036854775643 packed step 45/50 processed=9500000/10523981 next_states=11736597 step_elapsed=37.2337s elapsed=179.233s
      D_7 capped mod 9223372036854775643 packed step 45/50 processed=10000000/10523981 next_states=12268752 step_elapsed=39.1765s elapsed=181.176s
      D_7 capped mod 9223372036854775643 packed step 45/50 processed=10500000/10523981 next_states=12765149 step_elapsed=40.8624s elapsed=182.862s
    D_7 capped mod 9223372036854775643 forward step 45/50 states=12786384 elapsed=182.975s
      D_7 capped mod scan m_45 processed=500000/12786384 elapsed=0.00185296s
      D_7 capped mod scan m_45 processed=1000000/12786384 elapsed=0.00374203s
      D_7 capped mod scan m_45 processed=1500000/12786384 elapsed=0.00572003s
      D_7 capped mod scan m_45 processed=2000000/12786384 elapsed=0.00762456s
      D_7 capped mod scan m_45 processed=2500000/12786384 elapsed=0.00967319s
      D_7 capped mod scan m_45 processed=3000000/12786384 elapsed=0.0115125s
      D_7 capped mod scan m_45 processed=3500000/12786384 elapsed=0.0134489s
      D_7 capped mod scan m_45 processed=4000000/12786384 elapsed=0.0155551s
      D_7 capped mod scan m_45 processed=4500000/12786384 elapsed=0.0174896s
      D_7 capped mod scan m_45 processed=5000000/12786384 elapsed=0.0194391s
      D_7 capped mod scan m_45 processed=5500000/12786384 elapsed=0.0215167s
      D_7 capped mod scan m_45 processed=6000000/12786384 elapsed=0.0237251s
      D_7 capped mod scan m_45 processed=6500000/12786384 elapsed=0.0258995s
      D_7 capped mod scan m_45 processed=7000000/12786384 elapsed=0.0278643s
      D_7 capped mod scan m_45 processed=7500000/12786384 elapsed=0.0299258s
      D_7 capped mod scan m_45 processed=8000000/12786384 elapsed=0.0320997s
      D_7 capped mod scan m_45 processed=8500000/12786384 elapsed=0.0344731s
      D_7 capped mod scan m_45 processed=9000000/12786384 elapsed=0.0368683s
      D_7 capped mod scan m_45 processed=9500000/12786384 elapsed=0.0389575s
      D_7 capped mod scan m_45 processed=10000000/12786384 elapsed=0.0411867s
      D_7 capped mod scan m_45 processed=10500000/12786384 elapsed=0.0434476s
      D_7 capped mod scan m_45 processed=11000000/12786384 elapsed=0.0459504s
      D_7 capped mod scan m_45 processed=11500000/12786384 elapsed=0.0482497s
      D_7 capped mod scan m_45 processed=12000000/12786384 elapsed=0.050703s
      D_7 capped mod scan m_45 processed=12500000/12786384 elapsed=0.0533178s
D_7 MOD 9223372036854775643 m_45 kept_even=9003129584660234103 det=8558085161270138835
      D_7 capped mod 9223372036854775643 packed step 46/50 processed=500000/12786384 next_states=720385 step_elapsed=1.32892s elapsed=184.542s
      D_7 capped mod 9223372036854775643 packed step 46/50 processed=1000000/12786384 next_states=1408555 step_elapsed=2.82794s elapsed=186.042s
      D_7 capped mod 9223372036854775643 packed step 46/50 processed=1500000/12786384 next_states=2070069 step_elapsed=4.41316s elapsed=187.627s
      D_7 capped mod 9223372036854775643 packed step 46/50 processed=2000000/12786384 next_states=2729727 step_elapsed=6.13121s elapsed=189.345s
      D_7 capped mod 9223372036854775643 packed step 46/50 processed=2500000/12786384 next_states=3381381 step_elapsed=7.99777s elapsed=191.211s
      D_7 capped mod 9223372036854775643 packed step 46/50 processed=3000000/12786384 next_states=4015044 step_elapsed=9.97228s elapsed=193.186s
      D_7 capped mod 9223372036854775643 packed step 46/50 processed=3500000/12786384 next_states=4666181 step_elapsed=11.7777s elapsed=194.991s
      D_7 capped mod 9223372036854775643 packed step 46/50 processed=4000000/12786384 next_states=5282640 step_elapsed=13.8916s elapsed=197.105s
      D_7 capped mod 9223372036854775643 packed step 46/50 processed=4500000/12786384 next_states=5926337 step_elapsed=15.7053s elapsed=198.919s
      D_7 capped mod 9223372036854775643 packed step 46/50 processed=5000000/12786384 next_states=6538582 step_elapsed=17.8735s elapsed=201.087s
      D_7 capped mod 9223372036854775643 packed step 46/50 processed=5500000/12786384 next_states=7174293 step_elapsed=19.9174s elapsed=203.131s
      D_7 capped mod 9223372036854775643 packed step 46/50 processed=6000000/12786384 next_states=7773304 step_elapsed=22.0072s elapsed=205.221s
      D_7 capped mod 9223372036854775643 packed step 46/50 processed=6500000/12786384 next_states=8378405 step_elapsed=24.2187s elapsed=207.432s
      D_7 capped mod 9223372036854775643 packed step 46/50 processed=7000000/12786384 next_states=8995254 step_elapsed=26.3657s elapsed=209.579s
      D_7 capped mod 9223372036854775643 packed step 46/50 processed=7500000/12786384 next_states=9576499 step_elapsed=28.6372s elapsed=211.851s
      D_7 capped mod 9223372036854775643 packed step 46/50 processed=8000000/12786384 next_states=10189851 step_elapsed=30.7139s elapsed=213.927s
      D_7 capped mod 9223372036854775643 packed step 46/50 processed=8500000/12786384 next_states=10770786 step_elapsed=32.8233s elapsed=216.037s
      D_7 capped mod 9223372036854775643 packed step 46/50 processed=9000000/12786384 next_states=11336984 step_elapsed=35.1392s elapsed=218.353s
      D_7 capped mod 9223372036854775643 packed step 46/50 processed=9500000/12786384 next_states=11941982 step_elapsed=37.1169s elapsed=220.33s
      D_7 capped mod 9223372036854775643 packed step 46/50 processed=10000000/12786384 next_states=12492785 step_elapsed=39.3455s elapsed=222.559s
      D_7 capped mod 9223372036854775643 packed step 46/50 processed=10500000/12786384 next_states=13072550 step_elapsed=41.4571s elapsed=224.671s
      D_7 capped mod 9223372036854775643 packed step 46/50 processed=11000000/12786384 next_states=13614449 step_elapsed=43.6123s elapsed=226.826s
      D_7 capped mod 9223372036854775643 packed step 46/50 processed=11500000/12786384 next_states=14173011 step_elapsed=45.7128s elapsed=228.926s
      D_7 capped mod 9223372036854775643 packed step 46/50 processed=12000000/12786384 next_states=14694198 step_elapsed=47.7471s elapsed=230.961s
      D_7 capped mod 9223372036854775643 packed step 46/50 processed=12500000/12786384 next_states=15211347 step_elapsed=49.5916s elapsed=232.805s
    D_7 capped mod 9223372036854775643 forward step 46/50 states=15487861 elapsed=233.774s
      D_7 capped mod scan m_46 processed=500000/15487861 elapsed=0.00173292s
      D_7 capped mod scan m_46 processed=1000000/15487861 elapsed=0.00533556s
      D_7 capped mod scan m_46 processed=1500000/15487861 elapsed=0.00726364s
      D_7 capped mod scan m_46 processed=2000000/15487861 elapsed=0.00925834s
      D_7 capped mod scan m_46 processed=2500000/15487861 elapsed=0.011149s
      D_7 capped mod scan m_46 processed=3000000/15487861 elapsed=0.0132248s
      D_7 capped mod scan m_46 processed=3500000/15487861 elapsed=0.015245s
      D_7 capped mod scan m_46 processed=4000000/15487861 elapsed=0.0172017s
      D_7 capped mod scan m_46 processed=4500000/15487861 elapsed=0.0194132s
      D_7 capped mod scan m_46 processed=5000000/15487861 elapsed=0.0216645s
      D_7 capped mod scan m_46 processed=5500000/15487861 elapsed=0.0239174s
      D_7 capped mod scan m_46 processed=6000000/15487861 elapsed=0.0258653s
      D_7 capped mod scan m_46 processed=6500000/15487861 elapsed=0.0279338s
      D_7 capped mod scan m_46 processed=7000000/15487861 elapsed=0.0301096s
      D_7 capped mod scan m_46 processed=7500000/15487861 elapsed=0.0323586s
      D_7 capped mod scan m_46 processed=8000000/15487861 elapsed=0.0346943s
      D_7 capped mod scan m_46 processed=8500000/15487861 elapsed=0.0369929s
      D_7 capped mod scan m_46 processed=9000000/15487861 elapsed=0.0390152s
      D_7 capped mod scan m_46 processed=9500000/15487861 elapsed=0.0411508s
      D_7 capped mod scan m_46 processed=10000000/15487861 elapsed=0.0432842s
      D_7 capped mod scan m_46 processed=10500000/15487861 elapsed=0.0455897s
      D_7 capped mod scan m_46 processed=11000000/15487861 elapsed=0.0480013s
      D_7 capped mod scan m_46 processed=11500000/15487861 elapsed=0.0504691s
      D_7 capped mod scan m_46 processed=12000000/15487861 elapsed=0.0526693s
      D_7 capped mod scan m_46 processed=12500000/15487861 elapsed=0.0550329s
      D_7 capped mod scan m_46 processed=13000000/15487861 elapsed=0.0573169s
      D_7 capped mod scan m_46 processed=13500000/15487861 elapsed=0.059873s
      D_7 capped mod scan m_46 processed=14000000/15487861 elapsed=0.0623899s
      D_7 capped mod scan m_46 processed=14500000/15487861 elapsed=0.0648158s
      D_7 capped mod scan m_46 processed=15000000/15487861 elapsed=0.0674294s
D_7 MOD 9223372036854775643 m_46 kept_even=8726614387068725334 det=2781201716494619158
      D_7 capped mod 9223372036854775643 packed step 47/50 processed=500000/15487861 next_states=720385 step_elapsed=1.33421s elapsed=235.344s
      D_7 capped mod 9223372036854775643 packed step 47/50 processed=1000000/15487861 next_states=1409254 step_elapsed=2.92001s elapsed=236.93s
      D_7 capped mod 9223372036854775643 packed step 47/50 processed=1500000/15487861 next_states=2077245 step_elapsed=4.51595s elapsed=238.526s
      D_7 capped mod 9223372036854775643 packed step 47/50 processed=2000000/15487861 next_states=2737722 step_elapsed=6.19538s elapsed=240.206s
      D_7 capped mod 9223372036854775643 packed step 47/50 processed=2500000/15487861 next_states=3386941 step_elapsed=7.93779s elapsed=241.948s
      D_7 capped mod 9223372036854775643 packed step 47/50 processed=3000000/15487861 next_states=4033370 step_elapsed=9.74084s elapsed=243.751s
      D_7 capped mod 9223372036854775643 packed step 47/50 processed=3500000/15487861 next_states=4684800 step_elapsed=11.6077s elapsed=245.618s
      D_7 capped mod 9223372036854775643 packed step 47/50 processed=4000000/15487861 next_states=5310574 step_elapsed=13.6411s elapsed=247.651s
      D_7 capped mod 9223372036854775643 packed step 47/50 processed=4500000/15487861 next_states=5957535 step_elapsed=15.4301s elapsed=249.44s
      D_7 capped mod 9223372036854775643 packed step 47/50 processed=5000000/15487861 next_states=6578527 step_elapsed=17.4497s elapsed=251.46s
      D_7 capped mod 9223372036854775643 packed step 47/50 processed=5500000/15487861 next_states=7199804 step_elapsed=19.4542s elapsed=253.464s
      D_7 capped mod 9223372036854775643 packed step 47/50 processed=6000000/15487861 next_states=7828051 step_elapsed=21.4739s elapsed=255.484s
      D_7 capped mod 9223372036854775643 packed step 47/50 processed=6500000/15487861 next_states=8431213 step_elapsed=23.8126s elapsed=257.823s
      D_7 capped mod 9223372036854775643 packed step 47/50 processed=7000000/15487861 next_states=9062303 step_elapsed=25.8896s elapsed=259.9s
      D_7 capped mod 9223372036854775643 packed step 47/50 processed=7500000/15487861 next_states=9668411 step_elapsed=28.0301s elapsed=262.04s
      D_7 capped mod 9223372036854775643 packed step 47/50 processed=8000000/15487861 next_states=10255567 step_elapsed=30.5789s elapsed=264.589s
      D_7 capped mod 9223372036854775643 packed step 47/50 processed=8500000/15487861 next_states=10876061 step_elapsed=32.6733s elapsed=266.683s
      D_7 capped mod 9223372036854775643 packed step 47/50 processed=9000000/15487861 next_states=11475725 step_elapsed=34.876s elapsed=268.886s
      D_7 capped mod 9223372036854775643 packed step 47/50 processed=9500000/15487861 next_states=12055149 step_elapsed=37.3146s elapsed=271.325s
      D_7 capped mod 9223372036854775643 packed step 47/50 processed=10000000/15487861 next_states=12650005 step_elapsed=39.6289s elapsed=273.639s
      D_7 capped mod 9223372036854775643 packed step 47/50 processed=10500000/15487861 next_states=13245903 step_elapsed=41.9266s elapsed=275.937s
      D_7 capped mod 9223372036854775643 packed step 47/50 processed=11000000/15487861 next_states=13810220 step_elapsed=44.3871s elapsed=278.397s
      D_7 capped mod 9223372036854775643 packed step 47/50 processed=11500000/15487861 next_states=14386522 step_elapsed=46.5649s elapsed=280.575s
      D_7 capped mod 9223372036854775643 packed step 47/50 processed=12000000/15487861 next_states=14971837 step_elapsed=48.7935s elapsed=282.804s
      D_7 capped mod 9223372036854775643 packed step 47/50 processed=12500000/15487861 next_states=15516988 step_elapsed=51.3785s elapsed=285.389s
      D_7 capped mod 9223372036854775643 packed step 47/50 processed=13000000/15487861 next_states=16088241 step_elapsed=53.592s elapsed=287.602s
      D_7 capped mod 9223372036854775643 packed step 47/50 processed=13500000/15487861 next_states=16635390 step_elapsed=55.8879s elapsed=289.898s
      D_7 capped mod 9223372036854775643 packed step 47/50 processed=14000000/15487861 next_states=17174648 step_elapsed=58.0491s elapsed=292.059s
      D_7 capped mod 9223372036854775643 packed step 47/50 processed=14500000/15487861 next_states=17706235 step_elapsed=60.3557s elapsed=294.366s
      D_7 capped mod 9223372036854775643 packed step 47/50 processed=15000000/15487861 next_states=18229158 step_elapsed=62.3606s elapsed=296.371s
    D_7 capped mod 9223372036854775643 forward step 47/50 states=18704832 elapsed=298.086s
      D_7 capped mod scan m_47 processed=500000/18704832 elapsed=0.00181827s
      D_7 capped mod scan m_47 processed=1000000/18704832 elapsed=0.00369187s
      D_7 capped mod scan m_47 processed=1500000/18704832 elapsed=0.00564386s
      D_7 capped mod scan m_47 processed=2000000/18704832 elapsed=0.00753187s
      D_7 capped mod scan m_47 processed=2500000/18704832 elapsed=0.00966888s
      D_7 capped mod scan m_47 processed=3000000/18704832 elapsed=0.0116154s
      D_7 capped mod scan m_47 processed=3500000/18704832 elapsed=0.0135686s
      D_7 capped mod scan m_47 processed=4000000/18704832 elapsed=0.0156447s
      D_7 capped mod scan m_47 processed=4500000/18704832 elapsed=0.0178991s
      D_7 capped mod scan m_47 processed=5000000/18704832 elapsed=0.0200841s
      D_7 capped mod scan m_47 processed=5500000/18704832 elapsed=0.0220498s
      D_7 capped mod scan m_47 processed=6000000/18704832 elapsed=0.0241202s
      D_7 capped mod scan m_47 processed=6500000/18704832 elapsed=0.0264071s
      D_7 capped mod scan m_47 processed=7000000/18704832 elapsed=0.0285605s
      D_7 capped mod scan m_47 processed=7500000/18704832 elapsed=0.0305405s
      D_7 capped mod scan m_47 processed=8000000/18704832 elapsed=0.0326077s
      D_7 capped mod scan m_47 processed=8500000/18704832 elapsed=0.0346534s
      D_7 capped mod scan m_47 processed=9000000/18704832 elapsed=0.0367779s
      D_7 capped mod scan m_47 processed=9500000/18704832 elapsed=0.0390388s
      D_7 capped mod scan m_47 processed=10000000/18704832 elapsed=0.0412942s
      D_7 capped mod scan m_47 processed=10500000/18704832 elapsed=0.0435501s
      D_7 capped mod scan m_47 processed=11000000/18704832 elapsed=0.0457177s
      D_7 capped mod scan m_47 processed=11500000/18704832 elapsed=0.048035s
      D_7 capped mod scan m_47 processed=12000000/18704832 elapsed=0.0502125s
      D_7 capped mod scan m_47 processed=12500000/18704832 elapsed=0.0525161s
      D_7 capped mod scan m_47 processed=13000000/18704832 elapsed=0.0548328s
      D_7 capped mod scan m_47 processed=13500000/18704832 elapsed=0.0571897s
      D_7 capped mod scan m_47 processed=14000000/18704832 elapsed=0.0595477s
      D_7 capped mod scan m_47 processed=14500000/18704832 elapsed=0.0617404s
      D_7 capped mod scan m_47 processed=15000000/18704832 elapsed=0.0638547s
      D_7 capped mod scan m_47 processed=15500000/18704832 elapsed=0.0661235s
      D_7 capped mod scan m_47 processed=16000000/18704832 elapsed=0.0684073s
      D_7 capped mod scan m_47 processed=16500000/18704832 elapsed=0.0708373s
      D_7 capped mod scan m_47 processed=17000000/18704832 elapsed=0.0733623s
      D_7 capped mod scan m_47 processed=17500000/18704832 elapsed=0.0755483s
      D_7 capped mod scan m_47 processed=18000000/18704832 elapsed=0.0781872s
      D_7 capped mod scan m_47 processed=18500000/18704832 elapsed=0.0808902s
D_7 MOD 9223372036854775643 m_47 kept_even=1793900595907788447 det=7247197612513204578
      D_7 capped mod 9223372036854775643 packed step 48/50 processed=500000/18704832 next_states=720385 step_elapsed=1.22038s elapsed=299.553s
      D_7 capped mod 9223372036854775643 packed step 48/50 processed=1000000/18704832 next_states=1409924 step_elapsed=2.75936s elapsed=301.092s
      D_7 capped mod 9223372036854775643 packed step 48/50 processed=1500000/18704832 next_states=2084148 step_elapsed=4.45369s elapsed=302.786s
      D_7 capped mod 9223372036854775643 packed step 48/50 processed=2000000/18704832 next_states=2744308 step_elapsed=6.24184s elapsed=304.574s
      D_7 capped mod 9223372036854775643 packed step 48/50 processed=2500000/18704832 next_states=3390755 step_elapsed=8.10083s elapsed=306.433s
      D_7 capped mod 9223372036854775643 packed step 48/50 processed=3000000/18704832 next_states=4045670 step_elapsed=9.91701s elapsed=308.25s
      D_7 capped mod 9223372036854775643 packed step 48/50 processed=3500000/18704832 next_states=4699623 step_elapsed=11.8144s elapsed=310.147s
      D_7 capped mod 9223372036854775643 packed step 48/50 processed=4000000/18704832 next_states=5328381 step_elapsed=13.9235s elapsed=312.256s
      D_7 capped mod 9223372036854775643 packed step 48/50 processed=4500000/18704832 next_states=5977586 step_elapsed=15.879s elapsed=314.211s
      D_7 capped mod 9223372036854775643 packed step 48/50 processed=5000000/18704832 next_states=6604897 step_elapsed=17.8563s elapsed=316.189s
      D_7 capped mod 9223372036854775643 packed step 48/50 processed=5500000/18704832 next_states=7225833 step_elapsed=20.2s elapsed=318.532s
      D_7 capped mod 9223372036854775643 packed step 48/50 processed=6000000/18704832 next_states=7874849 step_elapsed=22.0466s elapsed=320.379s
      D_7 capped mod 9223372036854775643 packed step 48/50 processed=6500000/18704832 next_states=8485808 step_elapsed=24.2727s elapsed=322.605s
      D_7 capped mod 9223372036854775643 packed step 48/50 processed=7000000/18704832 next_states=9093863 step_elapsed=26.6152s elapsed=324.948s
      D_7 capped mod 9223372036854775643 packed step 48/50 processed=7500000/18704832 next_states=9737727 step_elapsed=28.7202s elapsed=327.053s
      D_7 capped mod 9223372036854775643 packed step 48/50 processed=8000000/18704832 next_states=10340444 step_elapsed=31.1147s elapsed=329.447s
      D_7 capped mod 9223372036854775643 packed step 48/50 processed=8500000/18704832 next_states=10938513 step_elapsed=33.8476s elapsed=332.18s
      D_7 capped mod 9223372036854775643 packed step 48/50 processed=9000000/18704832 next_states=11562196 step_elapsed=35.9881s elapsed=334.321s
      D_7 capped mod 9223372036854775643 packed step 48/50 processed=9500000/18704832 next_states=12170253 step_elapsed=38.1118s elapsed=336.444s
      D_7 capped mod 9223372036854775643 packed step 48/50 processed=10000000/18704832 next_states=12757171 step_elapsed=40.4532s elapsed=338.786s
      D_7 capped mod 9223372036854775643 packed step 48/50 processed=10500000/18704832 next_states=13341015 step_elapsed=42.9448s elapsed=341.277s
      D_7 capped mod 9223372036854775643 packed step 48/50 processed=11000000/18704832 next_states=13967731 step_elapsed=45.0529s elapsed=343.385s
      D_7 capped mod 9223372036854775643 packed step 48/50 processed=11500000/18704832 next_states=14552762 step_elapsed=47.3328s elapsed=345.665s
      D_7 capped mod 9223372036854775643 packed step 48/50 processed=12000000/18704832 next_states=15122176 step_elapsed=49.9365s elapsed=348.269s
      D_7 capped mod 9223372036854775643 packed step 48/50 processed=12500000/18704832 next_states=15698137 step_elapsed=52.35s elapsed=350.683s
      D_7 capped mod 9223372036854775643 packed step 48/50 processed=13000000/18704832 next_states=16315000 step_elapsed=54.689s elapsed=353.021s
      D_7 capped mod 9223372036854775643 packed step 48/50 processed=13500000/18704832 next_states=16878235 step_elapsed=57.1695s elapsed=355.502s
      D_7 capped mod 9223372036854775643 packed step 48/50 processed=14000000/18704832 next_states=17433115 step_elapsed=60.0249s elapsed=358.357s
      D_7 capped mod 9223372036854775643 packed step 48/50 processed=14500000/18704832 next_states=18023692 step_elapsed=62.3481s elapsed=360.681s
      D_7 capped mod 9223372036854775643 packed step 48/50 processed=15000000/18704832 next_states=18591237 step_elapsed=64.8299s elapsed=363.162s
      D_7 capped mod 9223372036854775643 packed step 48/50 processed=15500000/18704832 next_states=19128735 step_elapsed=67.4851s elapsed=365.818s
      D_7 capped mod 9223372036854775643 packed step 48/50 processed=16000000/18704832 next_states=19696044 step_elapsed=69.9177s elapsed=368.25s
      D_7 capped mod 9223372036854775643 packed step 48/50 processed=16500000/18704832 next_states=20247054 step_elapsed=72.5228s elapsed=370.855s
      D_7 capped mod 9223372036854775643 packed step 48/50 processed=17000000/18704832 next_states=20760942 step_elapsed=75.1458s elapsed=373.478s
      D_7 capped mod 9223372036854775643 packed step 48/50 processed=17500000/18704832 next_states=21319587 step_elapsed=77.5524s elapsed=375.885s
      D_7 capped mod 9223372036854775643 packed step 48/50 processed=18000000/18704832 next_states=21829162 step_elapsed=79.8407s elapsed=378.173s
      D_7 capped mod 9223372036854775643 packed step 48/50 processed=18500000/18704832 next_states=22333939 step_elapsed=81.9704s elapsed=380.303s
    D_7 capped mod 9223372036854775643 forward step 48/50 states=22525613 elapsed=381.093s
      D_7 capped mod scan m_48 processed=500000/22525613 elapsed=0.00188637s
      D_7 capped mod scan m_48 processed=1000000/22525613 elapsed=0.0037169s
      D_7 capped mod scan m_48 processed=1500000/22525613 elapsed=0.00559799s
      D_7 capped mod scan m_48 processed=2000000/22525613 elapsed=0.00754382s
      D_7 capped mod scan m_48 processed=2500000/22525613 elapsed=0.00939648s
      D_7 capped mod scan m_48 processed=3000000/22525613 elapsed=0.0114677s
      D_7 capped mod scan m_48 processed=3500000/22525613 elapsed=0.0134346s
      D_7 capped mod scan m_48 processed=4000000/22525613 elapsed=0.0153402s
      D_7 capped mod scan m_48 processed=4500000/22525613 elapsed=0.017259s
      D_7 capped mod scan m_48 processed=5000000/22525613 elapsed=0.0192564s
      D_7 capped mod scan m_48 processed=5500000/22525613 elapsed=0.0213944s
      D_7 capped mod scan m_48 processed=6000000/22525613 elapsed=0.0233824s
      D_7 capped mod scan m_48 processed=6500000/22525613 elapsed=0.0252852s
      D_7 capped mod scan m_48 processed=7000000/22525613 elapsed=0.0272134s
      D_7 capped mod scan m_48 processed=7500000/22525613 elapsed=0.0291431s
      D_7 capped mod scan m_48 processed=8000000/22525613 elapsed=0.0312624s
      D_7 capped mod scan m_48 processed=8500000/22525613 elapsed=0.0334895s
      D_7 capped mod scan m_48 processed=9000000/22525613 elapsed=0.0354997s
      D_7 capped mod scan m_48 processed=9500000/22525613 elapsed=0.0375202s
      D_7 capped mod scan m_48 processed=10000000/22525613 elapsed=0.0394453s
      D_7 capped mod scan m_48 processed=10500000/22525613 elapsed=0.0414269s
      D_7 capped mod scan m_48 processed=11000000/22525613 elapsed=0.0434418s
      D_7 capped mod scan m_48 processed=11500000/22525613 elapsed=0.0454463s
      D_7 capped mod scan m_48 processed=12000000/22525613 elapsed=0.0476059s
      D_7 capped mod scan m_48 processed=12500000/22525613 elapsed=0.0498778s
      D_7 capped mod scan m_48 processed=13000000/22525613 elapsed=0.0521377s
      D_7 capped mod scan m_48 processed=13500000/22525613 elapsed=0.0543954s
      D_7 capped mod scan m_48 processed=14000000/22525613 elapsed=0.0562252s
      D_7 capped mod scan m_48 processed=14500000/22525613 elapsed=0.0582977s
      D_7 capped mod scan m_48 processed=15000000/22525613 elapsed=0.0604315s
      D_7 capped mod scan m_48 processed=15500000/22525613 elapsed=0.0625145s
      D_7 capped mod scan m_48 processed=16000000/22525613 elapsed=0.0647203s
      D_7 capped mod scan m_48 processed=16500000/22525613 elapsed=0.0668133s
      D_7 capped mod scan m_48 processed=17000000/22525613 elapsed=0.0691844s
      D_7 capped mod scan m_48 processed=17500000/22525613 elapsed=0.0715073s
      D_7 capped mod scan m_48 processed=18000000/22525613 elapsed=0.0737517s
      D_7 capped mod scan m_48 processed=18500000/22525613 elapsed=0.0758909s
      D_7 capped mod scan m_48 processed=19000000/22525613 elapsed=0.0782066s
      D_7 capped mod scan m_48 processed=19500000/22525613 elapsed=0.0805291s
      D_7 capped mod scan m_48 processed=20000000/22525613 elapsed=0.0829281s
      D_7 capped mod scan m_48 processed=20500000/22525613 elapsed=0.0854771s
      D_7 capped mod scan m_48 processed=21000000/22525613 elapsed=0.0879083s
      D_7 capped mod scan m_48 processed=21500000/22525613 elapsed=0.0903534s
      D_7 capped mod scan m_48 processed=22000000/22525613 elapsed=0.0929104s
      D_7 capped mod scan m_48 processed=22500000/22525613 elapsed=0.0957158s
D_7 MOD 9223372036854775643 m_48 kept_even=4765963417346031545 det=3973821728256826242
      D_7 capped mod 9223372036854775643 packed step 49/50 processed=500000/22525613 next_states=720385 step_elapsed=1.52556s elapsed=383.057s
      D_7 capped mod 9223372036854775643 packed step 49/50 processed=1000000/22525613 next_states=1409924 step_elapsed=3.25015s elapsed=384.781s
      D_7 capped mod 9223372036854775643 packed step 49/50 processed=1500000/22525613 next_states=2086368 step_elapsed=5.02258s elapsed=386.554s
      D_7 capped mod 9223372036854775643 packed step 49/50 processed=2000000/22525613 next_states=2752102 step_elapsed=6.79847s elapsed=388.33s
      D_7 capped mod 9223372036854775643 packed step 49/50 processed=2500000/22525613 next_states=3392109 step_elapsed=8.73925s elapsed=390.27s
      D_7 capped mod 9223372036854775643 packed step 49/50 processed=3000000/22525613 next_states=4054526 step_elapsed=10.7351s elapsed=392.266s
      D_7 capped mod 9223372036854775643 packed step 49/50 processed=3500000/22525613 next_states=4709801 step_elapsed=12.7026s elapsed=394.234s
      D_7 capped mod 9223372036854775643 packed step 49/50 processed=4000000/22525613 next_states=5348211 step_elapsed=14.8298s elapsed=396.361s
      D_7 capped mod 9223372036854775643 packed step 49/50 processed=4500000/22525613 next_states=5987373 step_elapsed=17.0181s elapsed=398.549s
      D_7 capped mod 9223372036854775643 packed step 49/50 processed=5000000/22525613 next_states=6631536 step_elapsed=19.1832s elapsed=400.714s
      D_7 capped mod 9223372036854775643 packed step 49/50 processed=5500000/22525613 next_states=7256489 step_elapsed=21.7066s elapsed=403.238s
      D_7 capped mod 9223372036854775643 packed step 49/50 processed=6000000/22525613 next_states=7903626 step_elapsed=23.8989s elapsed=405.43s
      D_7 capped mod 9223372036854775643 packed step 49/50 processed=6500000/22525613 next_states=8523725 step_elapsed=26.2246s elapsed=407.756s
      D_7 capped mod 9223372036854775643 packed step 49/50 processed=7000000/22525613 next_states=9135345 step_elapsed=28.7833s elapsed=410.314s
      D_7 capped mod 9223372036854775643 packed step 49/50 processed=7500000/22525613 next_states=9772822 step_elapsed=30.9555s elapsed=412.487s
      D_7 capped mod 9223372036854775643 packed step 49/50 processed=8000000/22525613 next_states=10402710 step_elapsed=33.2408s elapsed=414.772s
      D_7 capped mod 9223372036854775643 packed step 49/50 processed=8500000/22525613 next_states=11005068 step_elapsed=35.7615s elapsed=417.293s
      D_7 capped mod 9223372036854775643 packed step 49/50 processed=9000000/22525613 next_states=11604517 step_elapsed=38.4356s elapsed=419.967s
      D_7 capped mod 9223372036854775643 packed step 49/50 processed=9500000/22525613 next_states=12249100 step_elapsed=40.5868s elapsed=422.118s
      D_7 capped mod 9223372036854775643 packed step 49/50 processed=10000000/22525613 next_states=12855459 step_elapsed=42.9898s elapsed=424.521s
      D_7 capped mod 9223372036854775643 packed step 49/50 processed=10500000/22525613 next_states=13451682 step_elapsed=45.5858s elapsed=427.117s
      D_7 capped mod 9223372036854775643 packed step 49/50 processed=11000000/22525613 next_states=14042163 step_elapsed=48.38s elapsed=429.911s
      D_7 capped mod 9223372036854775643 packed step 49/50 processed=11500000/22525613 next_states=14667092 step_elapsed=50.536s elapsed=432.067s
      D_7 capped mod 9223372036854775643 packed step 49/50 processed=12000000/22525613 next_states=15278021 step_elapsed=52.9832s elapsed=434.514s
      D_7 capped mod 9223372036854775643 packed step 49/50 processed=12500000/22525613 next_states=15860119 step_elapsed=55.6968s elapsed=437.228s
      D_7 capped mod 9223372036854775643 packed step 49/50 processed=13000000/22525613 next_states=16440625 step_elapsed=58.4996s elapsed=440.031s
      D_7 capped mod 9223372036854775643 packed step 49/50 processed=13500000/22525613 next_states=17023593 step_elapsed=60.9392s elapsed=442.47s
      D_7 capped mod 9223372036854775643 packed step 49/50 processed=14000000/22525613 next_states=17652717 step_elapsed=63.272s elapsed=444.803s
      D_7 capped mod 9223372036854775643 packed step 49/50 processed=14500000/22525613 next_states=18226033 step_elapsed=65.6336s elapsed=447.165s
      D_7 capped mod 9223372036854775643 packed step 49/50 processed=15000000/22525613 next_states=18793615 step_elapsed=68.2677s elapsed=449.799s
      D_7 capped mod 9223372036854775643 packed step 49/50 processed=15500000/22525613 next_states=19357305 step_elapsed=70.9283s elapsed=452.459s
      D_7 capped mod 9223372036854775643 packed step 49/50 processed=16000000/22525613 next_states=19965616 step_elapsed=73.1626s elapsed=454.694s
      D_7 capped mod 9223372036854775643 packed step 49/50 processed=16500000/22525613 next_states=20549177 step_elapsed=75.5991s elapsed=457.13s
      D_7 capped mod 9223372036854775643 packed step 49/50 processed=17000000/22525613 next_states=21099958 step_elapsed=78.1114s elapsed=459.643s
      D_7 capped mod 9223372036854775643 packed step 49/50 processed=17500000/22525613 next_states=21647871 step_elapsed=80.7997s elapsed=462.331s
      D_7 capped mod 9223372036854775643 packed step 49/50 processed=18000000/22525613 next_states=22238293 step_elapsed=82.9547s elapsed=464.486s
      D_7 capped mod 9223372036854775643 packed step 49/50 processed=18500000/22525613 next_states=22806650 step_elapsed=85.4248s elapsed=466.956s
      D_7 capped mod 9223372036854775643 packed step 49/50 processed=19000000/22525613 next_states=23340938 step_elapsed=88.047s elapsed=469.578s
      D_7 capped mod 9223372036854775643 packed step 49/50 processed=19500000/22525613 next_states=23882315 step_elapsed=90.698s elapsed=472.229s
      D_7 capped mod 9223372036854775643 packed step 49/50 processed=20000000/22525613 next_states=24455031 step_elapsed=93.5285s elapsed=475.06s
      D_7 capped mod 9223372036854775643 packed step 49/50 processed=20500000/22525613 next_states=24973312 step_elapsed=96.1343s elapsed=477.666s
      D_7 capped mod 9223372036854775643 packed step 49/50 processed=21000000/22525613 next_states=25514486 step_elapsed=98.4149s elapsed=479.946s
      D_7 capped mod 9223372036854775643 packed step 49/50 processed=21500000/22525613 next_states=26029178 step_elapsed=100.817s elapsed=482.348s
      D_7 capped mod 9223372036854775643 packed step 49/50 processed=22000000/22525613 next_states=26547294 step_elapsed=102.997s elapsed=484.528s
      D_7 capped mod 9223372036854775643 packed step 49/50 processed=22500000/22525613 next_states=27029085 step_elapsed=104.825s elapsed=486.357s
    D_7 capped mod 9223372036854775643 forward step 49/50 states=27051907 elapsed=486.544s
      D_7 capped mod scan m_49 processed=500000/27051907 elapsed=0.00176604s
      D_7 capped mod scan m_49 processed=1000000/27051907 elapsed=0.00367782s
      D_7 capped mod scan m_49 processed=1500000/27051907 elapsed=0.00565651s
      D_7 capped mod scan m_49 processed=2000000/27051907 elapsed=0.00756706s
      D_7 capped mod scan m_49 processed=2500000/27051907 elapsed=0.0103111s
      D_7 capped mod scan m_49 processed=3000000/27051907 elapsed=0.0122976s
      D_7 capped mod scan m_49 processed=3500000/27051907 elapsed=0.0143953s
      D_7 capped mod scan m_49 processed=4000000/27051907 elapsed=0.0164148s
      D_7 capped mod scan m_49 processed=4500000/27051907 elapsed=0.0185405s
      D_7 capped mod scan m_49 processed=5000000/27051907 elapsed=0.020335s
      D_7 capped mod scan m_49 processed=5500000/27051907 elapsed=0.0222388s
      D_7 capped mod scan m_49 processed=6000000/27051907 elapsed=0.0241792s
      D_7 capped mod scan m_49 processed=6500000/27051907 elapsed=0.0263204s
      D_7 capped mod scan m_49 processed=7000000/27051907 elapsed=0.0284075s
      D_7 capped mod scan m_49 processed=7500000/27051907 elapsed=0.0306266s
      D_7 capped mod scan m_49 processed=8000000/27051907 elapsed=0.0324672s
      D_7 capped mod scan m_49 processed=8500000/27051907 elapsed=0.0344041s
      D_7 capped mod scan m_49 processed=9000000/27051907 elapsed=0.0364578s
      D_7 capped mod scan m_49 processed=9500000/27051907 elapsed=0.0385266s
      D_7 capped mod scan m_49 processed=10000000/27051907 elapsed=0.040605s
      D_7 capped mod scan m_49 processed=10500000/27051907 elapsed=0.0429157s
      D_7 capped mod scan m_49 processed=11000000/27051907 elapsed=0.0452585s
      D_7 capped mod scan m_49 processed=11500000/27051907 elapsed=0.0473634s
      D_7 capped mod scan m_49 processed=12000000/27051907 elapsed=0.0495995s
      D_7 capped mod scan m_49 processed=12500000/27051907 elapsed=0.051512s
      D_7 capped mod scan m_49 processed=13000000/27051907 elapsed=0.0536608s
      D_7 capped mod scan m_49 processed=13500000/27051907 elapsed=0.0557233s
      D_7 capped mod scan m_49 processed=14000000/27051907 elapsed=0.057788s
      D_7 capped mod scan m_49 processed=14500000/27051907 elapsed=0.0599826s
      D_7 capped mod scan m_49 processed=15000000/27051907 elapsed=0.06204s
      D_7 capped mod scan m_49 processed=15500000/27051907 elapsed=0.0644517s
      D_7 capped mod scan m_49 processed=16000000/27051907 elapsed=0.0666369s
      D_7 capped mod scan m_49 processed=16500000/27051907 elapsed=0.069078s
      D_7 capped mod scan m_49 processed=17000000/27051907 elapsed=0.0714262s
      D_7 capped mod scan m_49 processed=17500000/27051907 elapsed=0.0733883s
      D_7 capped mod scan m_49 processed=18000000/27051907 elapsed=0.0755067s
      D_7 capped mod scan m_49 processed=18500000/27051907 elapsed=0.0778274s
      D_7 capped mod scan m_49 processed=19000000/27051907 elapsed=0.0800409s
      D_7 capped mod scan m_49 processed=19500000/27051907 elapsed=0.0822475s
      D_7 capped mod scan m_49 processed=20000000/27051907 elapsed=0.0845163s
      D_7 capped mod scan m_49 processed=20500000/27051907 elapsed=0.0869201s
      D_7 capped mod scan m_49 processed=21000000/27051907 elapsed=0.0895635s
      D_7 capped mod scan m_49 processed=21500000/27051907 elapsed=0.0920395s
      D_7 capped mod scan m_49 processed=22000000/27051907 elapsed=0.0944644s
      D_7 capped mod scan m_49 processed=22500000/27051907 elapsed=0.0965836s
      D_7 capped mod scan m_49 processed=23000000/27051907 elapsed=0.0989019s
      D_7 capped mod scan m_49 processed=23500000/27051907 elapsed=0.101254s
      D_7 capped mod scan m_49 processed=24000000/27051907 elapsed=0.103795s
      D_7 capped mod scan m_49 processed=24500000/27051907 elapsed=0.106199s
      D_7 capped mod scan m_49 processed=25000000/27051907 elapsed=0.108864s
      D_7 capped mod scan m_49 processed=25500000/27051907 elapsed=0.111399s
      D_7 capped mod scan m_49 processed=26000000/27051907 elapsed=0.113945s
      D_7 capped mod scan m_49 processed=26500000/27051907 elapsed=0.116607s
      D_7 capped mod scan m_49 processed=27000000/27051907 elapsed=0.119461s
D_7 MOD 9223372036854775643 m_49 kept_even=2458856932709305748 det=3111460803602243109
      D_7 capped mod 9223372036854775643 packed step 50/50 processed=500000/27051907 next_states=720385 step_elapsed=1.37195s elapsed=488.365s
      D_7 capped mod 9223372036854775643 packed step 50/50 processed=1000000/27051907 next_states=1409924 step_elapsed=3.18943s elapsed=490.182s
      D_7 capped mod 9223372036854775643 packed step 50/50 processed=1500000/27051907 next_states=2088209 step_elapsed=5.00859s elapsed=492.002s
      D_7 capped mod 9223372036854775643 packed step 50/50 processed=2000000/27051907 next_states=2760547 step_elapsed=6.84391s elapsed=493.837s
      D_7 capped mod 9223372036854775643 packed step 50/50 processed=2500000/27051907 next_states=3401927 step_elapsed=8.85123s elapsed=495.844s
      D_7 capped mod 9223372036854775643 packed step 50/50 processed=3000000/27051907 next_states=4062863 step_elapsed=10.7649s elapsed=497.758s
      D_7 capped mod 9223372036854775643 packed step 50/50 processed=3500000/27051907 next_states=4717480 step_elapsed=12.7998s elapsed=499.793s
      D_7 capped mod 9223372036854775643 packed step 50/50 processed=4000000/27051907 next_states=5362458 step_elapsed=14.8057s elapsed=501.799s
      D_7 capped mod 9223372036854775643 packed step 50/50 processed=4500000/27051907 next_states=5988394 step_elapsed=17.0277s elapsed=504.021s
      D_7 capped mod 9223372036854775643 packed step 50/50 processed=5000000/27051907 next_states=6651835 step_elapsed=18.8984s elapsed=505.891s
      D_7 capped mod 9223372036854775643 packed step 50/50 processed=5500000/27051907 next_states=7282179 step_elapsed=21.176s elapsed=508.169s
      D_7 capped mod 9223372036854775643 packed step 50/50 processed=6000000/27051907 next_states=7919941 step_elapsed=23.1735s elapsed=510.166s
      D_7 capped mod 9223372036854775643 packed step 50/50 processed=6500000/27051907 next_states=8560135 step_elapsed=25.2273s elapsed=512.22s
      D_7 capped mod 9223372036854775643 packed step 50/50 processed=7000000/27051907 next_states=9180743 step_elapsed=27.5636s elapsed=514.557s
      D_7 capped mod 9223372036854775643 packed step 50/50 processed=7500000/27051907 next_states=9794632 step_elapsed=29.9322s elapsed=516.925s
      D_7 capped mod 9223372036854775643 packed step 50/50 processed=8000000/27051907 next_states=10451212 step_elapsed=32.0117s elapsed=519.005s
      D_7 capped mod 9223372036854775643 packed step 50/50 processed=8500000/27051907 next_states=11062911 step_elapsed=34.399s elapsed=521.392s
      D_7 capped mod 9223372036854775643 packed step 50/50 processed=9000000/27051907 next_states=11673575 step_elapsed=37.0325s elapsed=524.026s
      D_7 capped mod 9223372036854775643 packed step 50/50 processed=9500000/27051907 next_states=12276541 step_elapsed=39.5029s elapsed=526.496s
      D_7 capped mod 9223372036854775643 packed step 50/50 processed=10000000/27051907 next_states=12931004 step_elapsed=41.7102s elapsed=528.703s
      D_7 capped mod 9223372036854775643 packed step 50/50 processed=10500000/27051907 next_states=13538032 step_elapsed=44.0041s elapsed=530.997s
      D_7 capped mod 9223372036854775643 packed step 50/50 processed=11000000/27051907 next_states=14135932 step_elapsed=46.5497s elapsed=533.543s
      D_7 capped mod 9223372036854775643 packed step 50/50 processed=11500000/27051907 next_states=14737792 step_elapsed=49.3683s elapsed=536.361s
      D_7 capped mod 9223372036854775643 packed step 50/50 processed=12000000/27051907 next_states=15355049 step_elapsed=51.5032s elapsed=538.496s
      D_7 capped mod 9223372036854775643 packed step 50/50 processed=12500000/27051907 next_states=15985461 step_elapsed=53.8012s elapsed=540.794s
      D_7 capped mod 9223372036854775643 packed step 50/50 processed=13000000/27051907 next_states=16574266 step_elapsed=56.3463s elapsed=543.339s
      D_7 capped mod 9223372036854775643 packed step 50/50 processed=13500000/27051907 next_states=17162870 step_elapsed=58.9947s elapsed=545.988s
      D_7 capped mod 9223372036854775643 packed step 50/50 processed=14000000/27051907 next_states=17752909 step_elapsed=61.761s elapsed=548.754s
      D_7 capped mod 9223372036854775643 packed step 50/50 processed=14500000/27051907 next_states=18358927 step_elapsed=63.9425s elapsed=550.935s
      D_7 capped mod 9223372036854775643 packed step 50/50 processed=15000000/27051907 next_states=18984695 step_elapsed=66.3257s elapsed=553.319s
      D_7 capped mod 9223372036854775643 packed step 50/50 processed=15500000/27051907 next_states=19563170 step_elapsed=68.7929s elapsed=555.786s
      D_7 capped mod 9223372036854775643 packed step 50/50 processed=16000000/27051907 next_states=20144485 step_elapsed=71.5398s elapsed=558.533s
      D_7 capped mod 9223372036854775643 packed step 50/50 processed=16500000/27051907 next_states=20712874 step_elapsed=74.5007s elapsed=561.494s
      D_7 capped mod 9223372036854775643 packed step 50/50 processed=17000000/27051907 next_states=21295764 step_elapsed=77.0357s elapsed=564.029s
      D_7 capped mod 9223372036854775643 packed step 50/50 processed=17500000/27051907 next_states=21924686 step_elapsed=79.6348s elapsed=566.628s
      D_7 capped mod 9223372036854775643 packed step 50/50 processed=18000000/27051907 next_states=22504234 step_elapsed=82.4135s elapsed=569.406s
      D_7 capped mod 9223372036854775643 packed step 50/50 processed=18500000/27051907 next_states=23066822 step_elapsed=85.0615s elapsed=572.054s
      D_7 capped mod 9223372036854775643 packed step 50/50 processed=19000000/27051907 next_states=23630010 step_elapsed=88.1341s elapsed=575.127s
      D_7 capped mod 9223372036854775643 packed step 50/50 processed=19500000/27051907 next_states=24182453 step_elapsed=90.794s elapsed=577.787s
      D_7 capped mod 9223372036854775643 packed step 50/50 processed=20000000/27051907 next_states=24806166 step_elapsed=93.238s elapsed=580.231s
      D_7 capped mod 9223372036854775643 packed step 50/50 processed=20500000/27051907 next_states=25376196 step_elapsed=95.8991s elapsed=582.892s
      D_7 capped mod 9223372036854775643 packed step 50/50 processed=21000000/27051907 next_states=25922151 step_elapsed=98.6152s elapsed=585.608s
      D_7 capped mod 9223372036854775643 packed step 50/50 processed=21500000/27051907 next_states=26467482 step_elapsed=101.463s elapsed=588.456s
      D_7 capped mod 9223372036854775643 packed step 50/50 processed=22000000/27051907 next_states=27030569 step_elapsed=103.793s elapsed=590.786s
      D_7 capped mod 9223372036854775643 packed step 50/50 processed=22500000/27051907 next_states=27623079 step_elapsed=106.396s elapsed=593.389s
      D_7 capped mod 9223372036854775643 packed step 50/50 processed=23000000/27051907 next_states=28159878 step_elapsed=108.841s elapsed=595.834s
      D_7 capped mod 9223372036854775643 packed step 50/50 processed=23500000/27051907 next_states=28686705 step_elapsed=111.497s elapsed=598.49s
      D_7 capped mod 9223372036854775643 packed step 50/50 processed=24000000/27051907 next_states=29237127 step_elapsed=113.886s elapsed=600.879s
      D_7 capped mod 9223372036854775643 packed step 50/50 processed=24500000/27051907 next_states=29800260 step_elapsed=116.504s elapsed=603.497s
      D_7 capped mod 9223372036854775643 packed step 50/50 processed=25000000/27051907 next_states=30308862 step_elapsed=118.933s elapsed=605.926s
      D_7 capped mod 9223372036854775643 packed step 50/50 processed=25500000/27051907 next_states=30847063 step_elapsed=121.094s elapsed=608.087s
      D_7 capped mod 9223372036854775643 packed step 50/50 processed=26000000/27051907 next_states=31359117 step_elapsed=123.596s elapsed=610.589s
      D_7 capped mod 9223372036854775643 packed step 50/50 processed=26500000/27051907 next_states=31869555 step_elapsed=125.793s elapsed=612.786s
      D_7 capped mod 9223372036854775643 packed step 50/50 processed=27000000/27051907 next_states=32354047 step_elapsed=127.629s elapsed=614.622s
    D_7 capped mod 9223372036854775643 forward step 50/50 states=32400788 elapsed=614.908s
      D_7 capped mod scan m_50 processed=500000/32400788 elapsed=0.00188646s
      D_7 capped mod scan m_50 processed=1000000/32400788 elapsed=0.00382049s
      D_7 capped mod scan m_50 processed=1500000/32400788 elapsed=0.00582434s
      D_7 capped mod scan m_50 processed=2000000/32400788 elapsed=0.00789164s
      D_7 capped mod scan m_50 processed=2500000/32400788 elapsed=0.00971367s
      D_7 capped mod scan m_50 processed=3000000/32400788 elapsed=0.011843s
      D_7 capped mod scan m_50 processed=3500000/32400788 elapsed=0.0138818s
      D_7 capped mod scan m_50 processed=4000000/32400788 elapsed=0.0157421s
      D_7 capped mod scan m_50 processed=4500000/32400788 elapsed=0.0175156s
      D_7 capped mod scan m_50 processed=5000000/32400788 elapsed=0.0195185s
      D_7 capped mod scan m_50 processed=5500000/32400788 elapsed=0.0214939s
      D_7 capped mod scan m_50 processed=6000000/32400788 elapsed=0.0236816s
      D_7 capped mod scan m_50 processed=6500000/32400788 elapsed=0.0253961s
      D_7 capped mod scan m_50 processed=7000000/32400788 elapsed=0.027311s
      D_7 capped mod scan m_50 processed=7500000/32400788 elapsed=0.0292382s
      D_7 capped mod scan m_50 processed=8000000/32400788 elapsed=0.0312935s
      D_7 capped mod scan m_50 processed=8500000/32400788 elapsed=0.0334179s
      D_7 capped mod scan m_50 processed=9000000/32400788 elapsed=0.0355504s
      D_7 capped mod scan m_50 processed=9500000/32400788 elapsed=0.037756s
      D_7 capped mod scan m_50 processed=10000000/32400788 elapsed=0.0398848s
      D_7 capped mod scan m_50 processed=10500000/32400788 elapsed=0.0416854s
      D_7 capped mod scan m_50 processed=11000000/32400788 elapsed=0.0436411s
      D_7 capped mod scan m_50 processed=11500000/32400788 elapsed=0.0456651s
      D_7 capped mod scan m_50 processed=12000000/32400788 elapsed=0.0477542s
      D_7 capped mod scan m_50 processed=12500000/32400788 elapsed=0.0499295s
      D_7 capped mod scan m_50 processed=13000000/32400788 elapsed=0.0520276s
      D_7 capped mod scan m_50 processed=13500000/32400788 elapsed=0.0543117s
      D_7 capped mod scan m_50 processed=14000000/32400788 elapsed=0.0565383s
      D_7 capped mod scan m_50 processed=14500000/32400788 elapsed=0.059066s
      D_7 capped mod scan m_50 processed=15000000/32400788 elapsed=0.0613408s
      D_7 capped mod scan m_50 processed=15500000/32400788 elapsed=0.063353s
      D_7 capped mod scan m_50 processed=16000000/32400788 elapsed=0.0654051s
      D_7 capped mod scan m_50 processed=16500000/32400788 elapsed=0.0674832s
      D_7 capped mod scan m_50 processed=17000000/32400788 elapsed=0.0695167s
      D_7 capped mod scan m_50 processed=17500000/32400788 elapsed=0.0715265s
      D_7 capped mod scan m_50 processed=18000000/32400788 elapsed=0.0735524s
      D_7 capped mod scan m_50 processed=18500000/32400788 elapsed=0.0756758s
      D_7 capped mod scan m_50 processed=19000000/32400788 elapsed=0.0779164s
      D_7 capped mod scan m_50 processed=19500000/32400788 elapsed=0.0803663s
      D_7 capped mod scan m_50 processed=20000000/32400788 elapsed=0.0827534s
      D_7 capped mod scan m_50 processed=20500000/32400788 elapsed=0.0850422s
      D_7 capped mod scan m_50 processed=21000000/32400788 elapsed=0.0873506s
      D_7 capped mod scan m_50 processed=21500000/32400788 elapsed=0.089597s
      D_7 capped mod scan m_50 processed=22000000/32400788 elapsed=0.0915604s
      D_7 capped mod scan m_50 processed=22500000/32400788 elapsed=0.0936478s
      D_7 capped mod scan m_50 processed=23000000/32400788 elapsed=0.0958643s
      D_7 capped mod scan m_50 processed=23500000/32400788 elapsed=0.0980407s
      D_7 capped mod scan m_50 processed=24000000/32400788 elapsed=0.100167s
      D_7 capped mod scan m_50 processed=24500000/32400788 elapsed=0.102348s
      D_7 capped mod scan m_50 processed=25000000/32400788 elapsed=0.104513s
      D_7 capped mod scan m_50 processed=25500000/32400788 elapsed=0.106851s
      D_7 capped mod scan m_50 processed=26000000/32400788 elapsed=0.10929s
      D_7 capped mod scan m_50 processed=26500000/32400788 elapsed=0.11181s
      D_7 capped mod scan m_50 processed=27000000/32400788 elapsed=0.114129s
      D_7 capped mod scan m_50 processed=27500000/32400788 elapsed=0.116214s
      D_7 capped mod scan m_50 processed=28000000/32400788 elapsed=0.118403s
      D_7 capped mod scan m_50 processed=28500000/32400788 elapsed=0.120757s
      D_7 capped mod scan m_50 processed=29000000/32400788 elapsed=0.123085s
      D_7 capped mod scan m_50 processed=29500000/32400788 elapsed=0.125365s
      D_7 capped mod scan m_50 processed=30000000/32400788 elapsed=0.127909s
      D_7 capped mod scan m_50 processed=30500000/32400788 elapsed=0.130537s
      D_7 capped mod scan m_50 processed=31000000/32400788 elapsed=0.132859s
      D_7 capped mod scan m_50 processed=31500000/32400788 elapsed=0.135377s
      D_7 capped mod scan m_50 processed=32000000/32400788 elapsed=0.138035s
D_7 MOD 9223372036854775643 m_50 kept_even=5154852641720939320 det=2782255997585383747
