D capped suffix modular moment range rank 7 moments m_7..m_50 row cap 14 modulus 9223372036854775783 C++ certificate
begin D_7=SO(14) mod 9223372036854775783
    D_7 capped mod 9223372036854775783 forward step 1/50 states=1 elapsed=4.448e-06s
    D_7 capped mod 9223372036854775783 forward step 2/50 states=3 elapsed=2.3374e-05s
    D_7 capped mod 9223372036854775783 forward step 3/50 states=7 elapsed=2.8413e-05s
    D_7 capped mod 9223372036854775783 forward step 4/50 states=15 elapsed=3.196e-05s
    D_7 capped mod 9223372036854775783 forward step 5/50 states=30 elapsed=3.7209e-05s
    D_7 capped mod 9223372036854775783 forward step 6/50 states=58 elapsed=5.4872e-05s
    D_7 capped mod 9223372036854775783 forward step 7/50 states=105 elapsed=8.592e-05s
D_7 MOD 9223372036854775783 m_7 kept_even=822 det=1
    D_7 capped mod 9223372036854775783 forward step 8/50 states=184 elapsed=0.000134671s
D_7 MOD 9223372036854775783 m_8 kept_even=6202 det=21
    D_7 capped mod 9223372036854775783 forward step 9/50 states=311 elapsed=0.000221614s
D_7 MOD 9223372036854775783 m_9 kept_even=52552 det=406
    D_7 capped mod 9223372036854775783 forward step 10/50 states=511 elapsed=0.000379128s
D_7 MOD 9223372036854775783 m_10 kept_even=499194 det=7281
    D_7 capped mod 9223372036854775783 forward step 11/50 states=818 elapsed=0.00062653s
D_7 MOD 9223372036854775783 m_11 kept_even=5238370 det=129790
    D_7 capped mod 9223372036854775783 forward step 12/50 states=1283 elapsed=0.0010238s
D_7 MOD 9223372036854775783 m_12 kept_even=60222844 det=2339128
    D_7 capped mod 9223372036854775783 forward step 13/50 states=1969 elapsed=0.00182999s
D_7 MOD 9223372036854775783 m_13 kept_even=752587764 det=43121508
    D_7 capped mod 9223372036854775783 forward step 14/50 states=2972 elapsed=0.00298993s
D_7 MOD 9223372036854775783 m_14 kept_even=10157945044 det=817659778
    D_7 capped mod 9223372036854775783 forward step 15/50 states=4413 elapsed=0.00483135s
D_7 MOD 9223372036854775783 m_15 kept_even=147267097411 det=15995989114
    D_7 capped mod 9223372036854775783 forward step 16/50 states=6458 elapsed=0.00802118s
D_7 MOD 9223372036854775783 m_16 kept_even=2282345647665 det=323329078710
    D_7 capped mod 9223372036854775783 forward step 17/50 states=9324 elapsed=0.0126488s
D_7 MOD 9223372036854775783 m_17 kept_even=37654329521332 det=6756394374112
    D_7 capped mod 9223372036854775783 forward step 18/50 states=13301 elapsed=0.0202706s
D_7 MOD 9223372036854775783 m_18 kept_even=658868685948817 det=145955337141142
    D_7 capped mod 9223372036854775783 forward step 19/50 states=18754 elapsed=0.0306358s
D_7 MOD 9223372036854775783 m_19 kept_even=12187026165585375 det=3258422799424182
    D_7 capped mod 9223372036854775783 forward step 20/50 states=26170 elapsed=0.0478447s
D_7 MOD 9223372036854775783 m_20 kept_even=237583603732071067 det=75133071385486291
    D_7 capped mod 9223372036854775783 forward step 21/50 states=36158 elapsed=0.0910307s
D_7 MOD 9223372036854775783 m_21 kept_even=4868265661796700700 det=1788079680523814095
    D_7 capped mod 9223372036854775783 forward step 22/50 states=49502 elapsed=0.126753s
D_7 MOD 9223372036854775783 m_22 kept_even=3131179638473862274 det=6993473756164663493
    D_7 capped mod 9223372036854775783 forward step 23/50 states=67188 elapsed=0.174862s
D_7 MOD 9223372036854775783 m_23 kept_even=7595173890721249190 det=3183396685154876305
    D_7 capped mod 9223372036854775783 forward step 24/50 states=90464 elapsed=0.252563s
D_7 MOD 9223372036854775783 m_24 kept_even=7528011118721722792 det=7760004984048309198
    D_7 capped mod 9223372036854775783 forward step 25/50 states=120871 elapsed=0.361212s
D_7 MOD 9223372036854775783 m_25 kept_even=3644262066506002309 det=7163513258223215819
    D_7 capped mod 9223372036854775783 forward step 26/50 states=160349 elapsed=0.536331s
D_7 MOD 9223372036854775783 m_26 kept_even=8334713337597904397 det=7349677718919718694
    D_7 capped mod 9223372036854775783 forward step 27/50 states=211276 elapsed=0.783582s
D_7 MOD 9223372036854775783 m_27 kept_even=2676040884993108714 det=560141951497638339
    D_7 capped mod 9223372036854775783 forward step 28/50 states=276592 elapsed=1.1332s
D_7 MOD 9223372036854775783 m_28 kept_even=8558738784258359679 det=3080282356771339445
    D_7 capped mod 9223372036854775783 forward step 29/50 states=359888 elapsed=1.63459s
D_7 MOD 9223372036854775783 m_29 kept_even=1392503793946293003 det=2932422028462491953
    D_7 capped mod 9223372036854775783 forward step 30/50 states=465562 elapsed=2.35486s
D_7 MOD 9223372036854775783 m_30 kept_even=3541210996839708144 det=3851240124134016405
    D_7 capped mod 9223372036854775783 forward step 31/50 states=598926 elapsed=3.3039s
      D_7 capped mod scan m_31 processed=500000/598926 elapsed=0.00194734s
D_7 MOD 9223372036854775783 m_31 kept_even=1955202819836857107 det=6647880076280075620
      D_7 capped mod 9223372036854775783 packed step 32/50 processed=500000/598926 next_states=660983 step_elapsed=1.08582s elapsed=4.39291s
    D_7 capped mod 9223372036854775783 forward step 32/50 states=766444 elapsed=4.62738s
      D_7 capped mod scan m_32 processed=500000/766444 elapsed=0.00198134s
D_7 MOD 9223372036854775783 m_32 kept_even=492451092952821068 det=6945711596534255050
      D_7 capped mod 9223372036854775783 packed step 33/50 processed=500000/766444 next_states=677084 step_elapsed=1.07803s elapsed=5.71053s
    D_7 capped mod 9223372036854775783 forward step 33/50 states=975873 elapsed=6.34583s
      D_7 capped mod scan m_33 processed=500000/975873 elapsed=0.00185194s
D_7 MOD 9223372036854775783 m_33 kept_even=9163295157793201685 det=1738761765718639614
      D_7 capped mod 9223372036854775783 packed step 34/50 processed=500000/975873 next_states=684202 step_elapsed=1.01099s elapsed=7.37353s
    D_7 capped mod 9223372036854775783 forward step 34/50 states=1236550 elapsed=8.64785s
      D_7 capped mod scan m_34 processed=500000/1236550 elapsed=0.00183298s
      D_7 capped mod scan m_34 processed=1000000/1236550 elapsed=0.00398008s
D_7 MOD 9223372036854775783 m_34 kept_even=813800597631832296 det=7983087218473519959
      D_7 capped mod 9223372036854775783 packed step 35/50 processed=500000/1236550 next_states=692333 step_elapsed=1.01592s elapsed=9.6707s
      D_7 capped mod 9223372036854775783 packed step 35/50 processed=1000000/1236550 next_states=1304721 step_elapsed=2.51525s elapsed=11.17s
    D_7 capped mod 9223372036854775783 forward step 35/50 states=1559632 elapsed=11.8207s
      D_7 capped mod scan m_35 processed=500000/1559632 elapsed=0.00187456s
      D_7 capped mod scan m_35 processed=1000000/1559632 elapsed=0.00397763s
      D_7 capped mod scan m_35 processed=1500000/1559632 elapsed=0.00652651s
D_7 MOD 9223372036854775783 m_35 kept_even=3614340657164022920 det=1799889294780868261
      D_7 capped mod 9223372036854775783 packed step 36/50 processed=500000/1559632 next_states=698621 step_elapsed=1.08735s elapsed=12.9364s
      D_7 capped mod 9223372036854775783 packed step 36/50 processed=1000000/1559632 next_states=1331972 step_elapsed=2.40548s elapsed=14.2545s
      D_7 capped mod 9223372036854775783 packed step 36/50 processed=1500000/1559632 next_states=1899254 step_elapsed=3.83262s elapsed=15.6816s
    D_7 capped mod 9223372036854775783 forward step 36/50 states=1958447 elapsed=15.8108s
      D_7 capped mod scan m_36 processed=500000/1958447 elapsed=0.0017745s
      D_7 capped mod scan m_36 processed=1000000/1958447 elapsed=0.00373964s
      D_7 capped mod scan m_36 processed=1500000/1958447 elapsed=0.00587952s
D_7 MOD 9223372036854775783 m_36 kept_even=2013954577305531316 det=1000324622734193417
      D_7 capped mod 9223372036854775783 packed step 37/50 processed=500000/1958447 next_states=703051 step_elapsed=1.1303s elapsed=16.953s
      D_7 capped mod 9223372036854775783 packed step 37/50 processed=1000000/1958447 next_states=1344174 step_elapsed=2.69719s elapsed=18.5199s
      D_7 capped mod 9223372036854775783 packed step 37/50 processed=1500000/1958447 next_states=1950746 step_elapsed=4.20282s elapsed=20.0255s
    D_7 capped mod 9223372036854775783 forward step 37/50 states=2448799 elapsed=21.375s
      D_7 capped mod scan m_37 processed=500000/2448799 elapsed=0.00179062s
      D_7 capped mod scan m_37 processed=1000000/2448799 elapsed=0.00372613s
      D_7 capped mod scan m_37 processed=1500000/2448799 elapsed=0.00580399s
      D_7 capped mod scan m_37 processed=2000000/2448799 elapsed=0.00795308s
D_7 MOD 9223372036854775783 m_37 kept_even=6480485983808229689 det=1337192167970035748
      D_7 capped mod 9223372036854775783 packed step 38/50 processed=500000/2448799 next_states=707186 step_elapsed=1.08289s elapsed=22.4886s
      D_7 capped mod 9223372036854775783 packed step 38/50 processed=1000000/2448799 next_states=1358393 step_elapsed=2.43869s elapsed=23.8444s
      D_7 capped mod 9223372036854775783 packed step 38/50 processed=1500000/2448799 next_states=1982462 step_elapsed=3.9323s elapsed=25.338s
      D_7 capped mod 9223372036854775783 packed step 38/50 processed=2000000/2448799 next_states=2573137 step_elapsed=5.51002s elapsed=26.9157s
    D_7 capped mod 9223372036854775783 forward step 38/50 states=3049468 elapsed=28.3229s
      D_7 capped mod scan m_38 processed=500000/3049468 elapsed=0.00176838s
      D_7 capped mod scan m_38 processed=1000000/3049468 elapsed=0.00404585s
      D_7 capped mod scan m_38 processed=1500000/3049468 elapsed=0.00606233s
      D_7 capped mod scan m_38 processed=2000000/3049468 elapsed=0.00810594s
      D_7 capped mod scan m_38 processed=2500000/3049468 elapsed=0.010266s
      D_7 capped mod scan m_38 processed=3000000/3049468 elapsed=0.0127393s
D_7 MOD 9223372036854775783 m_38 kept_even=8579502360211001966 det=657967559501572506
      D_7 capped mod 9223372036854775783 packed step 39/50 processed=500000/3049468 next_states=710463 step_elapsed=1.14495s elapsed=29.5221s
      D_7 capped mod 9223372036854775783 packed step 39/50 processed=1000000/3049468 next_states=1369259 step_elapsed=2.5017s elapsed=30.8789s
      D_7 capped mod 9223372036854775783 packed step 39/50 processed=1500000/3049468 next_states=2004647 step_elapsed=3.99111s elapsed=32.3683s
      D_7 capped mod 9223372036854775783 packed step 39/50 processed=2000000/3049468 next_states=2614622 step_elapsed=5.55067s elapsed=33.9279s
      D_7 capped mod 9223372036854775783 packed step 39/50 processed=2500000/3049468 next_states=3195568 step_elapsed=7.08456s elapsed=35.4618s
      D_7 capped mod 9223372036854775783 packed step 39/50 processed=3000000/3049468 next_states=3735680 step_elapsed=8.65289s elapsed=37.0301s
    D_7 capped mod 9223372036854775783 forward step 39/50 states=3782595 elapsed=37.1475s
      D_7 capped mod scan m_39 processed=500000/3782595 elapsed=0.00178421s
      D_7 capped mod scan m_39 processed=1000000/3782595 elapsed=0.00529012s
      D_7 capped mod scan m_39 processed=1500000/3782595 elapsed=0.00725554s
      D_7 capped mod scan m_39 processed=2000000/3782595 elapsed=0.00943435s
      D_7 capped mod scan m_39 processed=2500000/3782595 elapsed=0.011587s
      D_7 capped mod scan m_39 processed=3000000/3782595 elapsed=0.0138077s
      D_7 capped mod scan m_39 processed=3500000/3782595 elapsed=0.0162118s
D_7 MOD 9223372036854775783 m_39 kept_even=1740390239574033585 det=7823973139595141954
      D_7 capped mod 9223372036854775783 packed step 40/50 processed=500000/3782595 next_states=713055 step_elapsed=1.16348s elapsed=38.3759s
      D_7 capped mod 9223372036854775783 packed step 40/50 processed=1000000/3782595 next_states=1376972 step_elapsed=2.5079s elapsed=39.7203s
      D_7 capped mod 9223372036854775783 packed step 40/50 processed=1500000/3782595 next_states=2015909 step_elapsed=4.10159s elapsed=41.314s
      D_7 capped mod 9223372036854775783 packed step 40/50 processed=2000000/3782595 next_states=2646351 step_elapsed=5.647s elapsed=42.8594s
      D_7 capped mod 9223372036854775783 packed step 40/50 processed=2500000/3782595 next_states=3253955 step_elapsed=7.43622s elapsed=44.6487s
      D_7 capped mod 9223372036854775783 packed step 40/50 processed=3000000/3782595 next_states=3835561 step_elapsed=9.24076s elapsed=46.4532s
      D_7 capped mod 9223372036854775783 packed step 40/50 processed=3500000/3782595 next_states=4389300 step_elapsed=11.0277s elapsed=48.2401s
    D_7 capped mod 9223372036854775783 forward step 40/50 states=4674296 elapsed=49.2036s
      D_7 capped mod scan m_40 processed=500000/4674296 elapsed=0.00185931s
      D_7 capped mod scan m_40 processed=1000000/4674296 elapsed=0.00376116s
      D_7 capped mod scan m_40 processed=1500000/4674296 elapsed=0.00579659s
      D_7 capped mod scan m_40 processed=2000000/4674296 elapsed=0.00770654s
      D_7 capped mod scan m_40 processed=2500000/4674296 elapsed=0.00985004s
      D_7 capped mod scan m_40 processed=3000000/4674296 elapsed=0.0119873s
      D_7 capped mod scan m_40 processed=3500000/4674296 elapsed=0.0142946s
      D_7 capped mod scan m_40 processed=4000000/4674296 elapsed=0.0165124s
      D_7 capped mod scan m_40 processed=4500000/4674296 elapsed=0.0190464s
D_7 MOD 9223372036854775783 m_40 kept_even=6077978173044894878 det=8563893639844321536
      D_7 capped mod 9223372036854775783 packed step 41/50 processed=500000/4674296 next_states=715903 step_elapsed=1.09124s elapsed=50.3606s
      D_7 capped mod 9223372036854775783 packed step 41/50 processed=1000000/4674296 next_states=1384246 step_elapsed=2.40495s elapsed=51.6743s
      D_7 capped mod 9223372036854775783 packed step 41/50 processed=1500000/4674296 next_states=2030907 step_elapsed=3.89348s elapsed=53.1628s
      D_7 capped mod 9223372036854775783 packed step 41/50 processed=2000000/4674296 next_states=2660380 step_elapsed=5.46261s elapsed=54.732s
      D_7 capped mod 9223372036854775783 packed step 41/50 processed=2500000/4674296 next_states=3280341 step_elapsed=7.2497s elapsed=56.5191s
      D_7 capped mod 9223372036854775783 packed step 41/50 processed=3000000/4674296 next_states=3887135 step_elapsed=8.95974s elapsed=58.2291s
      D_7 capped mod 9223372036854775783 packed step 41/50 processed=3500000/4674296 next_states=4474178 step_elapsed=10.7271s elapsed=59.9964s
      D_7 capped mod 9223372036854775783 packed step 41/50 processed=4000000/4674296 next_states=5040655 step_elapsed=12.5183s elapsed=61.7877s
      D_7 capped mod 9223372036854775783 packed step 41/50 processed=4500000/4674296 next_states=5583228 step_elapsed=14.1748s elapsed=63.4442s
    D_7 capped mod 9223372036854775783 forward step 41/50 states=5755226 elapsed=63.9537s
      D_7 capped mod scan m_41 processed=500000/5755226 elapsed=0.00179706s
      D_7 capped mod scan m_41 processed=1000000/5755226 elapsed=0.00367057s
      D_7 capped mod scan m_41 processed=1500000/5755226 elapsed=0.0056086s
      D_7 capped mod scan m_41 processed=2000000/5755226 elapsed=0.00764799s
      D_7 capped mod scan m_41 processed=2500000/5755226 elapsed=0.0096714s
      D_7 capped mod scan m_41 processed=3000000/5755226 elapsed=0.0117539s
      D_7 capped mod scan m_41 processed=3500000/5755226 elapsed=0.0139035s
      D_7 capped mod scan m_41 processed=4000000/5755226 elapsed=0.0160407s
      D_7 capped mod scan m_41 processed=4500000/5755226 elapsed=0.0183583s
      D_7 capped mod scan m_41 processed=5000000/5755226 elapsed=0.0206594s
      D_7 capped mod scan m_41 processed=5500000/5755226 elapsed=0.0230489s
D_7 MOD 9223372036854775783 m_41 kept_even=2803108148155061780 det=7363370992925544357
      D_7 capped mod 9223372036854775783 packed step 42/50 processed=500000/5755226 next_states=719330 step_elapsed=1.16527s elapsed=65.2333s
      D_7 capped mod 9223372036854775783 packed step 42/50 processed=1000000/5755226 next_states=1389116 step_elapsed=2.6553s elapsed=66.7233s
      D_7 capped mod 9223372036854775783 packed step 42/50 processed=1500000/5755226 next_states=2042808 step_elapsed=4.31909s elapsed=68.3871s
      D_7 capped mod 9223372036854775783 packed step 42/50 processed=2000000/5755226 next_states=2682767 step_elapsed=6.15324s elapsed=70.2213s
      D_7 capped mod 9223372036854775783 packed step 42/50 processed=2500000/5755226 next_states=3312777 step_elapsed=7.98447s elapsed=72.0525s
      D_7 capped mod 9223372036854775783 packed step 42/50 processed=3000000/5755226 next_states=3933970 step_elapsed=10.0085s elapsed=74.0765s
      D_7 capped mod 9223372036854775783 packed step 42/50 processed=3500000/5755226 next_states=4543840 step_elapsed=11.9385s elapsed=76.0066s
      D_7 capped mod 9223372036854775783 packed step 42/50 processed=4000000/5755226 next_states=5124668 step_elapsed=13.9442s elapsed=78.0122s
      D_7 capped mod 9223372036854775783 packed step 42/50 processed=4500000/5755226 next_states=5705481 step_elapsed=15.8993s elapsed=79.9673s
      D_7 capped mod 9223372036854775783 packed step 42/50 processed=5000000/5755226 next_states=6268142 step_elapsed=17.9758s elapsed=82.0438s
      D_7 capped mod 9223372036854775783 packed step 42/50 processed=5500000/5755226 next_states=6811450 step_elapsed=19.9481s elapsed=84.0161s
    D_7 capped mod 9223372036854775783 forward step 42/50 states=7061341 elapsed=84.8748s
      D_7 capped mod scan m_42 processed=500000/7061341 elapsed=0.00181225s
      D_7 capped mod scan m_42 processed=1000000/7061341 elapsed=0.00371085s
      D_7 capped mod scan m_42 processed=1500000/7061341 elapsed=0.00566275s
      D_7 capped mod scan m_42 processed=2000000/7061341 elapsed=0.00767475s
      D_7 capped mod scan m_42 processed=2500000/7061341 elapsed=0.00965268s
      D_7 capped mod scan m_42 processed=3000000/7061341 elapsed=0.0116705s
      D_7 capped mod scan m_42 processed=3500000/7061341 elapsed=0.0135872s
      D_7 capped mod scan m_42 processed=4000000/7061341 elapsed=0.0156515s
      D_7 capped mod scan m_42 processed=4500000/7061341 elapsed=0.0177452s
      D_7 capped mod scan m_42 processed=5000000/7061341 elapsed=0.0197864s
      D_7 capped mod scan m_42 processed=5500000/7061341 elapsed=0.0220474s
      D_7 capped mod scan m_42 processed=6000000/7061341 elapsed=0.0243123s
      D_7 capped mod scan m_42 processed=6500000/7061341 elapsed=0.0265935s
      D_7 capped mod scan m_42 processed=7000000/7061341 elapsed=0.0291307s
D_7 MOD 9223372036854775783 m_42 kept_even=8426387969579043684 det=5606233804392878437
      D_7 capped mod 9223372036854775783 packed step 43/50 processed=500000/7061341 next_states=719884 step_elapsed=1.19009s elapsed=86.183s
      D_7 capped mod 9223372036854775783 packed step 43/50 processed=1000000/7061341 next_states=1394957 step_elapsed=2.62775s elapsed=87.6207s
      D_7 capped mod 9223372036854775783 packed step 43/50 processed=1500000/7061341 next_states=2051583 step_elapsed=4.20169s elapsed=89.1946s
      D_7 capped mod 9223372036854775783 packed step 43/50 processed=2000000/7061341 next_states=2698853 step_elapsed=5.83711s elapsed=90.8301s
      D_7 capped mod 9223372036854775783 packed step 43/50 processed=2500000/7061341 next_states=3338545 step_elapsed=7.56654s elapsed=92.5595s
      D_7 capped mod 9223372036854775783 packed step 43/50 processed=3000000/7061341 next_states=3967999 step_elapsed=9.48216s elapsed=94.4751s
      D_7 capped mod 9223372036854775783 packed step 43/50 processed=3500000/7061341 next_states=4573024 step_elapsed=11.5171s elapsed=96.51s
      D_7 capped mod 9223372036854775783 packed step 43/50 processed=4000000/7061341 next_states=5191345 step_elapsed=13.3586s elapsed=98.3515s
      D_7 capped mod 9223372036854775783 packed step 43/50 processed=4500000/7061341 next_states=5794411 step_elapsed=15.3895s elapsed=100.382s
      D_7 capped mod 9223372036854775783 packed step 43/50 processed=5000000/7061341 next_states=6371318 step_elapsed=17.5035s elapsed=102.496s
      D_7 capped mod 9223372036854775783 packed step 43/50 processed=5500000/7061341 next_states=6956235 step_elapsed=19.4793s elapsed=104.472s
      D_7 capped mod 9223372036854775783 packed step 43/50 processed=6000000/7061341 next_states=7525532 step_elapsed=21.4772s elapsed=106.47s
      D_7 capped mod 9223372036854775783 packed step 43/50 processed=6500000/7061341 next_states=8068940 step_elapsed=23.4276s elapsed=108.421s
      D_7 capped mod 9223372036854775783 packed step 43/50 processed=7000000/7061341 next_states=8577847 step_elapsed=25.2075s elapsed=110.2s
    D_7 capped mod 9223372036854775783 forward step 43/50 states=8634598 elapsed=110.388s
      D_7 capped mod scan m_43 processed=500000/8634598 elapsed=0.00178176s
      D_7 capped mod scan m_43 processed=1000000/8634598 elapsed=0.00367089s
      D_7 capped mod scan m_43 processed=1500000/8634598 elapsed=0.00563357s
      D_7 capped mod scan m_43 processed=2000000/8634598 elapsed=0.00757865s
      D_7 capped mod scan m_43 processed=2500000/8634598 elapsed=0.00951589s
      D_7 capped mod scan m_43 processed=3000000/8634598 elapsed=0.0114391s
      D_7 capped mod scan m_43 processed=3500000/8634598 elapsed=0.0135795s
      D_7 capped mod scan m_43 processed=4000000/8634598 elapsed=0.015624s
      D_7 capped mod scan m_43 processed=4500000/8634598 elapsed=0.0176522s
      D_7 capped mod scan m_43 processed=5000000/8634598 elapsed=0.0197619s
      D_7 capped mod scan m_43 processed=5500000/8634598 elapsed=0.022024s
      D_7 capped mod scan m_43 processed=6000000/8634598 elapsed=0.0241907s
      D_7 capped mod scan m_43 processed=6500000/8634598 elapsed=0.0263577s
      D_7 capped mod scan m_43 processed=7000000/8634598 elapsed=0.028633s
      D_7 capped mod scan m_43 processed=7500000/8634598 elapsed=0.0309969s
      D_7 capped mod scan m_43 processed=8000000/8634598 elapsed=0.033401s
      D_7 capped mod scan m_43 processed=8500000/8634598 elapsed=0.0359782s
D_7 MOD 9223372036854775783 m_43 kept_even=2212957264452154589 det=6559607943641505726
      D_7 capped mod 9223372036854775783 packed step 44/50 processed=500000/8634598 next_states=720385 step_elapsed=1.23819s elapsed=111.753s
      D_7 capped mod 9223372036854775783 packed step 44/50 processed=1000000/8634598 next_states=1398182 step_elapsed=2.73671s elapsed=113.252s
      D_7 capped mod 9223372036854775783 packed step 44/50 processed=1500000/8634598 next_states=2057590 step_elapsed=4.35901s elapsed=114.874s
      D_7 capped mod 9223372036854775783 packed step 44/50 processed=2000000/8634598 next_states=2711466 step_elapsed=6.07333s elapsed=116.589s
      D_7 capped mod 9223372036854775783 packed step 44/50 processed=2500000/8634598 next_states=3358254 step_elapsed=7.85998s elapsed=118.375s
      D_7 capped mod 9223372036854775783 packed step 44/50 processed=3000000/8634598 next_states=3977804 step_elapsed=9.78917s elapsed=120.304s
      D_7 capped mod 9223372036854775783 packed step 44/50 processed=3500000/8634598 next_states=4613428 step_elapsed=11.6943s elapsed=122.21s
      D_7 capped mod 9223372036854775783 packed step 44/50 processed=4000000/8634598 next_states=5240316 step_elapsed=13.671s elapsed=124.186s
      D_7 capped mod 9223372036854775783 packed step 44/50 processed=4500000/8634598 next_states=5837516 step_elapsed=15.7655s elapsed=126.281s
      D_7 capped mod 9223372036854775783 packed step 44/50 processed=5000000/8634598 next_states=6457443 step_elapsed=17.6707s elapsed=128.186s
      D_7 capped mod 9223372036854775783 packed step 44/50 processed=5500000/8634598 next_states=7034138 step_elapsed=19.8951s elapsed=130.41s
      D_7 capped mod 9223372036854775783 packed step 44/50 processed=6000000/8634598 next_states=7639670 step_elapsed=21.8153s elapsed=132.33s
      D_7 capped mod 9223372036854775783 packed step 44/50 processed=6500000/8634598 next_states=8204385 step_elapsed=23.9695s elapsed=134.485s
      D_7 capped mod 9223372036854775783 packed step 44/50 processed=7000000/8634598 next_states=8782443 step_elapsed=26.0024s elapsed=136.518s
      D_7 capped mod 9223372036854775783 packed step 44/50 processed=7500000/8634598 next_states=9346432 step_elapsed=28.1372s elapsed=138.652s
      D_7 capped mod 9223372036854775783 packed step 44/50 processed=8000000/8634598 next_states=9885064 step_elapsed=30.2128s elapsed=140.728s
      D_7 capped mod 9223372036854775783 packed step 44/50 processed=8500000/8634598 next_states=10394981 step_elapsed=32.0757s elapsed=142.591s
    D_7 capped mod 9223372036854775783 forward step 44/50 states=10523981 elapsed=143.025s
      D_7 capped mod scan m_44 processed=500000/10523981 elapsed=0.00186786s
      D_7 capped mod scan m_44 processed=1000000/10523981 elapsed=0.00383671s
      D_7 capped mod scan m_44 processed=1500000/10523981 elapsed=0.00577035s
      D_7 capped mod scan m_44 processed=2000000/10523981 elapsed=0.00779821s
      D_7 capped mod scan m_44 processed=2500000/10523981 elapsed=0.00983549s
      D_7 capped mod scan m_44 processed=3000000/10523981 elapsed=0.0118917s
      D_7 capped mod scan m_44 processed=3500000/10523981 elapsed=0.0138776s
      D_7 capped mod scan m_44 processed=4000000/10523981 elapsed=0.023608s
      D_7 capped mod scan m_44 processed=4500000/10523981 elapsed=0.0263292s
      D_7 capped mod scan m_44 processed=5000000/10523981 elapsed=0.0289259s
      D_7 capped mod scan m_44 processed=5500000/10523981 elapsed=0.0312267s
      D_7 capped mod scan m_44 processed=6000000/10523981 elapsed=0.0339415s
      D_7 capped mod scan m_44 processed=6500000/10523981 elapsed=0.0364676s
      D_7 capped mod scan m_44 processed=7000000/10523981 elapsed=0.0387812s
      D_7 capped mod scan m_44 processed=7500000/10523981 elapsed=0.040911s
      D_7 capped mod scan m_44 processed=8000000/10523981 elapsed=0.0431451s
      D_7 capped mod scan m_44 processed=8500000/10523981 elapsed=0.0454251s
      D_7 capped mod scan m_44 processed=9000000/10523981 elapsed=0.047799s
      D_7 capped mod scan m_44 processed=9500000/10523981 elapsed=0.0499938s
      D_7 capped mod scan m_44 processed=10000000/10523981 elapsed=0.0523239s
      D_7 capped mod scan m_44 processed=10500000/10523981 elapsed=0.0550098s
D_7 MOD 9223372036854775783 m_44 kept_even=4390805306804566267 det=5574332946431583687
      D_7 capped mod 9223372036854775783 packed step 45/50 processed=500000/10523981 next_states=720385 step_elapsed=1.31804s elapsed=144.568s
      D_7 capped mod 9223372036854775783 packed step 45/50 processed=1000000/10523981 next_states=1403258 step_elapsed=2.86129s elapsed=146.112s
      D_7 capped mod 9223372036854775783 packed step 45/50 processed=1500000/10523981 next_states=2064964 step_elapsed=4.57253s elapsed=147.823s
      D_7 capped mod 9223372036854775783 packed step 45/50 processed=2000000/10523981 next_states=2721684 step_elapsed=6.30004s elapsed=149.55s
      D_7 capped mod 9223372036854775783 packed step 45/50 processed=2500000/10523981 next_states=3371093 step_elapsed=8.05857s elapsed=151.309s
      D_7 capped mod 9223372036854775783 packed step 45/50 processed=3000000/10523981 next_states=3998267 step_elapsed=10.0612s elapsed=153.312s
      D_7 capped mod 9223372036854775783 packed step 45/50 processed=3500000/10523981 next_states=4640067 step_elapsed=11.9724s elapsed=155.223s
      D_7 capped mod 9223372036854775783 packed step 45/50 processed=4000000/10523981 next_states=5261368 step_elapsed=14.018s elapsed=157.268s
      D_7 capped mod 9223372036854775783 packed step 45/50 processed=4500000/10523981 next_states=5889343 step_elapsed=15.978s elapsed=159.228s
      D_7 capped mod 9223372036854775783 packed step 45/50 processed=5000000/10523981 next_states=6496048 step_elapsed=18.0287s elapsed=161.279s
      D_7 capped mod 9223372036854775783 packed step 45/50 processed=5500000/10523981 next_states=7115166 step_elapsed=20.0038s elapsed=163.254s
      D_7 capped mod 9223372036854775783 packed step 45/50 processed=6000000/10523981 next_states=7703092 step_elapsed=22.3023s elapsed=165.553s
      D_7 capped mod 9223372036854775783 packed step 45/50 processed=6500000/10523981 next_states=8319632 step_elapsed=24.312s elapsed=167.562s
      D_7 capped mod 9223372036854775783 packed step 45/50 processed=7000000/10523981 next_states=8894080 step_elapsed=26.6553s elapsed=169.906s
      D_7 capped mod 9223372036854775783 packed step 45/50 processed=7500000/10523981 next_states=9496843 step_elapsed=28.6795s elapsed=171.93s
      D_7 capped mod 9223372036854775783 packed step 45/50 processed=8000000/10523981 next_states=10054871 step_elapsed=30.8593s elapsed=174.11s
      D_7 capped mod 9223372036854775783 packed step 45/50 processed=8500000/10523981 next_states=10639171 step_elapsed=32.9215s elapsed=176.172s
      D_7 capped mod 9223372036854775783 packed step 45/50 processed=9000000/10523981 next_states=11176520 step_elapsed=35.0954s elapsed=178.346s
      D_7 capped mod 9223372036854775783 packed step 45/50 processed=9500000/10523981 next_states=11736597 step_elapsed=37.0379s elapsed=180.288s
      D_7 capped mod 9223372036854775783 packed step 45/50 processed=10000000/10523981 next_states=12268752 step_elapsed=39.0272s elapsed=182.278s
      D_7 capped mod 9223372036854775783 packed step 45/50 processed=10500000/10523981 next_states=12765149 step_elapsed=40.8125s elapsed=184.063s
    D_7 capped mod 9223372036854775783 forward step 45/50 states=12786384 elapsed=184.182s
      D_7 capped mod scan m_45 processed=500000/12786384 elapsed=0.00197047s
      D_7 capped mod scan m_45 processed=1000000/12786384 elapsed=0.00397402s
      D_7 capped mod scan m_45 processed=1500000/12786384 elapsed=0.00608577s
      D_7 capped mod scan m_45 processed=2000000/12786384 elapsed=0.00801965s
      D_7 capped mod scan m_45 processed=2500000/12786384 elapsed=0.01096s
      D_7 capped mod scan m_45 processed=3000000/12786384 elapsed=0.0128953s
      D_7 capped mod scan m_45 processed=3500000/12786384 elapsed=0.0150231s
      D_7 capped mod scan m_45 processed=4000000/12786384 elapsed=0.0172093s
      D_7 capped mod scan m_45 processed=4500000/12786384 elapsed=0.0192628s
      D_7 capped mod scan m_45 processed=5000000/12786384 elapsed=0.021271s
      D_7 capped mod scan m_45 processed=5500000/12786384 elapsed=0.023416s
      D_7 capped mod scan m_45 processed=6000000/12786384 elapsed=0.0257575s
      D_7 capped mod scan m_45 processed=6500000/12786384 elapsed=0.0279818s
      D_7 capped mod scan m_45 processed=7000000/12786384 elapsed=0.0300043s
      D_7 capped mod scan m_45 processed=7500000/12786384 elapsed=0.0321711s
      D_7 capped mod scan m_45 processed=8000000/12786384 elapsed=0.0343142s
      D_7 capped mod scan m_45 processed=8500000/12786384 elapsed=0.0368246s
      D_7 capped mod scan m_45 processed=9000000/12786384 elapsed=0.0392636s
      D_7 capped mod scan m_45 processed=9500000/12786384 elapsed=0.041417s
      D_7 capped mod scan m_45 processed=10000000/12786384 elapsed=0.0437333s
      D_7 capped mod scan m_45 processed=10500000/12786384 elapsed=0.0460769s
      D_7 capped mod scan m_45 processed=11000000/12786384 elapsed=0.0487315s
      D_7 capped mod scan m_45 processed=11500000/12786384 elapsed=0.0510864s
      D_7 capped mod scan m_45 processed=12000000/12786384 elapsed=0.0535444s
      D_7 capped mod scan m_45 processed=12500000/12786384 elapsed=0.0562036s
D_7 MOD 9223372036854775783 m_45 kept_even=5645464931677595551 det=7564992803236877525
      D_7 capped mod 9223372036854775783 packed step 46/50 processed=500000/12786384 next_states=720385 step_elapsed=1.32496s elapsed=185.746s
      D_7 capped mod 9223372036854775783 packed step 46/50 processed=1000000/12786384 next_states=1408555 step_elapsed=3.00867s elapsed=187.43s
      D_7 capped mod 9223372036854775783 packed step 46/50 processed=1500000/12786384 next_states=2070069 step_elapsed=4.75546s elapsed=189.177s
      D_7 capped mod 9223372036854775783 packed step 46/50 processed=2000000/12786384 next_states=2729727 step_elapsed=6.79129s elapsed=191.213s
      D_7 capped mod 9223372036854775783 packed step 46/50 processed=2500000/12786384 next_states=3381381 step_elapsed=8.97353s elapsed=193.395s
      D_7 capped mod 9223372036854775783 packed step 46/50 processed=3000000/12786384 next_states=4015044 step_elapsed=11.1504s elapsed=195.572s
      D_7 capped mod 9223372036854775783 packed step 46/50 processed=3500000/12786384 next_states=4666181 step_elapsed=13.0128s elapsed=197.434s
      D_7 capped mod 9223372036854775783 packed step 46/50 processed=4000000/12786384 next_states=5282640 step_elapsed=15.1894s elapsed=199.611s
      D_7 capped mod 9223372036854775783 packed step 46/50 processed=4500000/12786384 next_states=5926337 step_elapsed=16.9689s elapsed=201.39s
      D_7 capped mod 9223372036854775783 packed step 46/50 processed=5000000/12786384 next_states=6538582 step_elapsed=19.3703s elapsed=203.792s
      D_7 capped mod 9223372036854775783 packed step 46/50 processed=5500000/12786384 next_states=7174293 step_elapsed=21.3315s elapsed=205.753s
      D_7 capped mod 9223372036854775783 packed step 46/50 processed=6000000/12786384 next_states=7773304 step_elapsed=23.6005s elapsed=208.022s
      D_7 capped mod 9223372036854775783 packed step 46/50 processed=6500000/12786384 next_states=8378405 step_elapsed=25.9184s elapsed=210.34s
      D_7 capped mod 9223372036854775783 packed step 46/50 processed=7000000/12786384 next_states=8995254 step_elapsed=28.0001s elapsed=212.421s
      D_7 capped mod 9223372036854775783 packed step 46/50 processed=7500000/12786384 next_states=9576499 step_elapsed=30.5651s elapsed=214.986s
      D_7 capped mod 9223372036854775783 packed step 46/50 processed=8000000/12786384 next_states=10189851 step_elapsed=32.7039s elapsed=217.125s
      D_7 capped mod 9223372036854775783 packed step 46/50 processed=8500000/12786384 next_states=10770786 step_elapsed=34.8513s elapsed=219.273s
      D_7 capped mod 9223372036854775783 packed step 46/50 processed=9000000/12786384 next_states=11336984 step_elapsed=37.4484s elapsed=221.87s
      D_7 capped mod 9223372036854775783 packed step 46/50 processed=9500000/12786384 next_states=11941982 step_elapsed=39.6461s elapsed=224.067s
      D_7 capped mod 9223372036854775783 packed step 46/50 processed=10000000/12786384 next_states=12492785 step_elapsed=42.0602s elapsed=226.482s
      D_7 capped mod 9223372036854775783 packed step 46/50 processed=10500000/12786384 next_states=13072550 step_elapsed=44.2941s elapsed=228.715s
      D_7 capped mod 9223372036854775783 packed step 46/50 processed=11000000/12786384 next_states=13614449 step_elapsed=46.7167s elapsed=231.138s
      D_7 capped mod 9223372036854775783 packed step 46/50 processed=11500000/12786384 next_states=14173011 step_elapsed=48.9631s elapsed=233.384s
      D_7 capped mod 9223372036854775783 packed step 46/50 processed=12000000/12786384 next_states=14694198 step_elapsed=51.2325s elapsed=235.654s
      D_7 capped mod 9223372036854775783 packed step 46/50 processed=12500000/12786384 next_states=15211347 step_elapsed=53.2581s elapsed=237.679s
    D_7 capped mod 9223372036854775783 forward step 46/50 states=15487861 elapsed=238.727s
      D_7 capped mod scan m_46 processed=500000/15487861 elapsed=0.00175667s
      D_7 capped mod scan m_46 processed=1000000/15487861 elapsed=0.00355001s
      D_7 capped mod scan m_46 processed=1500000/15487861 elapsed=0.00537205s
      D_7 capped mod scan m_46 processed=2000000/15487861 elapsed=0.00728917s
      D_7 capped mod scan m_46 processed=2500000/15487861 elapsed=0.00914671s
      D_7 capped mod scan m_46 processed=3000000/15487861 elapsed=0.0111581s
      D_7 capped mod scan m_46 processed=3500000/15487861 elapsed=0.0135097s
      D_7 capped mod scan m_46 processed=4000000/15487861 elapsed=0.0170916s
      D_7 capped mod scan m_46 processed=4500000/15487861 elapsed=0.0197121s
      D_7 capped mod scan m_46 processed=5000000/15487861 elapsed=0.0224475s
      D_7 capped mod scan m_46 processed=5500000/15487861 elapsed=0.024993s
      D_7 capped mod scan m_46 processed=6000000/15487861 elapsed=0.027309s
      D_7 capped mod scan m_46 processed=6500000/15487861 elapsed=0.0293447s
      D_7 capped mod scan m_46 processed=7000000/15487861 elapsed=0.0318437s
      D_7 capped mod scan m_46 processed=7500000/15487861 elapsed=0.0345619s
      D_7 capped mod scan m_46 processed=8000000/15487861 elapsed=0.036895s
      D_7 capped mod scan m_46 processed=8500000/15487861 elapsed=0.0389781s
      D_7 capped mod scan m_46 processed=9000000/15487861 elapsed=0.0409913s
      D_7 capped mod scan m_46 processed=9500000/15487861 elapsed=0.0431026s
      D_7 capped mod scan m_46 processed=10000000/15487861 elapsed=0.045241s
      D_7 capped mod scan m_46 processed=10500000/15487861 elapsed=0.0474972s
      D_7 capped mod scan m_46 processed=11000000/15487861 elapsed=0.0498685s
      D_7 capped mod scan m_46 processed=11500000/15487861 elapsed=0.0522215s
      D_7 capped mod scan m_46 processed=12000000/15487861 elapsed=0.054318s
      D_7 capped mod scan m_46 processed=12500000/15487861 elapsed=0.0566441s
      D_7 capped mod scan m_46 processed=13000000/15487861 elapsed=0.0589284s
      D_7 capped mod scan m_46 processed=13500000/15487861 elapsed=0.061497s
      D_7 capped mod scan m_46 processed=14000000/15487861 elapsed=0.0639589s
      D_7 capped mod scan m_46 processed=14500000/15487861 elapsed=0.0661982s
      D_7 capped mod scan m_46 processed=15000000/15487861 elapsed=0.0693667s
D_7 MOD 9223372036854775783 m_46 kept_even=8920739740061425672 det=3586637500440641009
      D_7 capped mod 9223372036854775783 packed step 47/50 processed=500000/15487861 next_states=720385 step_elapsed=1.21298s elapsed=240.198s
      D_7 capped mod 9223372036854775783 packed step 47/50 processed=1000000/15487861 next_states=1409254 step_elapsed=2.69495s elapsed=241.68s
      D_7 capped mod 9223372036854775783 packed step 47/50 processed=1500000/15487861 next_states=2077245 step_elapsed=4.2601s elapsed=243.245s
      D_7 capped mod 9223372036854775783 packed step 47/50 processed=2000000/15487861 next_states=2737722 step_elapsed=5.89364s elapsed=244.878s
      D_7 capped mod 9223372036854775783 packed step 47/50 processed=2500000/15487861 next_states=3386941 step_elapsed=7.75662s elapsed=246.741s
      D_7 capped mod 9223372036854775783 packed step 47/50 processed=3000000/15487861 next_states=4033370 step_elapsed=9.58071s elapsed=248.566s
      D_7 capped mod 9223372036854775783 packed step 47/50 processed=3500000/15487861 next_states=4684800 step_elapsed=11.3184s elapsed=250.303s
      D_7 capped mod 9223372036854775783 packed step 47/50 processed=4000000/15487861 next_states=5310574 step_elapsed=13.3236s elapsed=252.308s
      D_7 capped mod 9223372036854775783 packed step 47/50 processed=4500000/15487861 next_states=5957535 step_elapsed=15.1152s elapsed=254.1s
      D_7 capped mod 9223372036854775783 packed step 47/50 processed=5000000/15487861 next_states=6578527 step_elapsed=17.2082s elapsed=256.193s
      D_7 capped mod 9223372036854775783 packed step 47/50 processed=5500000/15487861 next_states=7199804 step_elapsed=19.2195s elapsed=258.204s
      D_7 capped mod 9223372036854775783 packed step 47/50 processed=6000000/15487861 next_states=7828051 step_elapsed=21.2412s elapsed=260.226s
      D_7 capped mod 9223372036854775783 packed step 47/50 processed=6500000/15487861 next_states=8431213 step_elapsed=23.5283s elapsed=262.513s
      D_7 capped mod 9223372036854775783 packed step 47/50 processed=7000000/15487861 next_states=9062303 step_elapsed=25.6501s elapsed=264.635s
      D_7 capped mod 9223372036854775783 packed step 47/50 processed=7500000/15487861 next_states=9668411 step_elapsed=27.7361s elapsed=266.721s
      D_7 capped mod 9223372036854775783 packed step 47/50 processed=8000000/15487861 next_states=10255567 step_elapsed=30.1183s elapsed=269.103s
      D_7 capped mod 9223372036854775783 packed step 47/50 processed=8500000/15487861 next_states=10876061 step_elapsed=32.1129s elapsed=271.098s
      D_7 capped mod 9223372036854775783 packed step 47/50 processed=9000000/15487861 next_states=11475725 step_elapsed=34.308s elapsed=273.293s
      D_7 capped mod 9223372036854775783 packed step 47/50 processed=9500000/15487861 next_states=12055149 step_elapsed=36.7726s elapsed=275.757s
      D_7 capped mod 9223372036854775783 packed step 47/50 processed=10000000/15487861 next_states=12650005 step_elapsed=38.9779s elapsed=277.963s
      D_7 capped mod 9223372036854775783 packed step 47/50 processed=10500000/15487861 next_states=13245903 step_elapsed=41.1856s elapsed=280.17s
      D_7 capped mod 9223372036854775783 packed step 47/50 processed=11000000/15487861 next_states=13810220 step_elapsed=43.5376s elapsed=282.522s
      D_7 capped mod 9223372036854775783 packed step 47/50 processed=11500000/15487861 next_states=14386522 step_elapsed=45.8436s elapsed=284.828s
      D_7 capped mod 9223372036854775783 packed step 47/50 processed=12000000/15487861 next_states=14971837 step_elapsed=48.0915s elapsed=287.076s
      D_7 capped mod 9223372036854775783 packed step 47/50 processed=12500000/15487861 next_states=15516988 step_elapsed=50.4294s elapsed=289.414s
      D_7 capped mod 9223372036854775783 packed step 47/50 processed=13000000/15487861 next_states=16088241 step_elapsed=52.5864s elapsed=291.571s
      D_7 capped mod 9223372036854775783 packed step 47/50 processed=13500000/15487861 next_states=16635390 step_elapsed=54.8942s elapsed=293.879s
      D_7 capped mod 9223372036854775783 packed step 47/50 processed=14000000/15487861 next_states=17174648 step_elapsed=57.0388s elapsed=296.024s
      D_7 capped mod 9223372036854775783 packed step 47/50 processed=14500000/15487861 next_states=17706235 step_elapsed=59.2469s elapsed=298.232s
      D_7 capped mod 9223372036854775783 packed step 47/50 processed=15000000/15487861 next_states=18229158 step_elapsed=61.208s elapsed=300.193s
    D_7 capped mod 9223372036854775783 forward step 47/50 states=18704832 elapsed=301.98s
      D_7 capped mod scan m_47 processed=500000/18704832 elapsed=0.00173218s
      D_7 capped mod scan m_47 processed=1000000/18704832 elapsed=0.00356445s
      D_7 capped mod scan m_47 processed=1500000/18704832 elapsed=0.0054176s
      D_7 capped mod scan m_47 processed=2000000/18704832 elapsed=0.00726265s
      D_7 capped mod scan m_47 processed=2500000/18704832 elapsed=0.00929219s
      D_7 capped mod scan m_47 processed=3000000/18704832 elapsed=0.0110162s
      D_7 capped mod scan m_47 processed=3500000/18704832 elapsed=0.0129211s
      D_7 capped mod scan m_47 processed=4000000/18704832 elapsed=0.01495s
      D_7 capped mod scan m_47 processed=4500000/18704832 elapsed=0.0169954s
      D_7 capped mod scan m_47 processed=5000000/18704832 elapsed=0.0188391s
      D_7 capped mod scan m_47 processed=5500000/18704832 elapsed=0.0207072s
      D_7 capped mod scan m_47 processed=6000000/18704832 elapsed=0.0226252s
      D_7 capped mod scan m_47 processed=6500000/18704832 elapsed=0.0247985s
      D_7 capped mod scan m_47 processed=7000000/18704832 elapsed=0.0268767s
      D_7 capped mod scan m_47 processed=7500000/18704832 elapsed=0.0287467s
      D_7 capped mod scan m_47 processed=8000000/18704832 elapsed=0.0307217s
      D_7 capped mod scan m_47 processed=8500000/18704832 elapsed=0.0327251s
      D_7 capped mod scan m_47 processed=9000000/18704832 elapsed=0.0347225s
      D_7 capped mod scan m_47 processed=9500000/18704832 elapsed=0.036846s
      D_7 capped mod scan m_47 processed=10000000/18704832 elapsed=0.0390926s
      D_7 capped mod scan m_47 processed=10500000/18704832 elapsed=0.0412428s
      D_7 capped mod scan m_47 processed=11000000/18704832 elapsed=0.0432234s
      D_7 capped mod scan m_47 processed=11500000/18704832 elapsed=0.0452352s
      D_7 capped mod scan m_47 processed=12000000/18704832 elapsed=0.047327s
      D_7 capped mod scan m_47 processed=12500000/18704832 elapsed=0.0494745s
      D_7 capped mod scan m_47 processed=13000000/18704832 elapsed=0.0516166s
      D_7 capped mod scan m_47 processed=13500000/18704832 elapsed=0.0540073s
      D_7 capped mod scan m_47 processed=14000000/18704832 elapsed=0.0563575s
      D_7 capped mod scan m_47 processed=14500000/18704832 elapsed=0.0585055s
      D_7 capped mod scan m_47 processed=15000000/18704832 elapsed=0.0606461s
      D_7 capped mod scan m_47 processed=15500000/18704832 elapsed=0.0629332s
      D_7 capped mod scan m_47 processed=16000000/18704832 elapsed=0.0652581s
      D_7 capped mod scan m_47 processed=16500000/18704832 elapsed=0.0677445s
      D_7 capped mod scan m_47 processed=17000000/18704832 elapsed=0.0703101s
      D_7 capped mod scan m_47 processed=17500000/18704832 elapsed=0.0724918s
      D_7 capped mod scan m_47 processed=18000000/18704832 elapsed=0.0750411s
      D_7 capped mod scan m_47 processed=18500000/18704832 elapsed=0.077568s
D_7 MOD 9223372036854775783 m_47 kept_even=7965636050233038536 det=8349102559213573583
      D_7 capped mod 9223372036854775783 packed step 48/50 processed=500000/18704832 next_states=720385 step_elapsed=1.26494s elapsed=303.499s
      D_7 capped mod 9223372036854775783 packed step 48/50 processed=1000000/18704832 next_states=1409924 step_elapsed=2.79081s elapsed=305.025s
      D_7 capped mod 9223372036854775783 packed step 48/50 processed=1500000/18704832 next_states=2084148 step_elapsed=4.38964s elapsed=306.624s
      D_7 capped mod 9223372036854775783 packed step 48/50 processed=2000000/18704832 next_states=2744308 step_elapsed=6.08744s elapsed=308.322s
      D_7 capped mod 9223372036854775783 packed step 48/50 processed=2500000/18704832 next_states=3390755 step_elapsed=7.93046s elapsed=310.165s
      D_7 capped mod 9223372036854775783 packed step 48/50 processed=3000000/18704832 next_states=4045670 step_elapsed=9.81149s elapsed=312.046s
      D_7 capped mod 9223372036854775783 packed step 48/50 processed=3500000/18704832 next_states=4699623 step_elapsed=11.6765s elapsed=313.911s
      D_7 capped mod 9223372036854775783 packed step 48/50 processed=4000000/18704832 next_states=5328381 step_elapsed=13.6668s elapsed=315.901s
      D_7 capped mod 9223372036854775783 packed step 48/50 processed=4500000/18704832 next_states=5977586 step_elapsed=15.6754s elapsed=317.91s
      D_7 capped mod 9223372036854775783 packed step 48/50 processed=5000000/18704832 next_states=6604897 step_elapsed=17.6913s elapsed=319.926s
      D_7 capped mod 9223372036854775783 packed step 48/50 processed=5500000/18704832 next_states=7225833 step_elapsed=19.8899s elapsed=322.124s
      D_7 capped mod 9223372036854775783 packed step 48/50 processed=6000000/18704832 next_states=7874849 step_elapsed=21.7841s elapsed=324.018s
      D_7 capped mod 9223372036854775783 packed step 48/50 processed=6500000/18704832 next_states=8485808 step_elapsed=24.0959s elapsed=326.33s
      D_7 capped mod 9223372036854775783 packed step 48/50 processed=7000000/18704832 next_states=9093863 step_elapsed=26.4527s elapsed=328.687s
      D_7 capped mod 9223372036854775783 packed step 48/50 processed=7500000/18704832 next_states=9737727 step_elapsed=28.4687s elapsed=330.703s
      D_7 capped mod 9223372036854775783 packed step 48/50 processed=8000000/18704832 next_states=10340444 step_elapsed=30.785s elapsed=333.019s
      D_7 capped mod 9223372036854775783 packed step 48/50 processed=8500000/18704832 next_states=10938513 step_elapsed=33.3425s elapsed=335.577s
      D_7 capped mod 9223372036854775783 packed step 48/50 processed=9000000/18704832 next_states=11562196 step_elapsed=35.3429s elapsed=337.577s
      D_7 capped mod 9223372036854775783 packed step 48/50 processed=9500000/18704832 next_states=12170253 step_elapsed=37.6009s elapsed=339.835s
      D_7 capped mod 9223372036854775783 packed step 48/50 processed=10000000/18704832 next_states=12757171 step_elapsed=39.9383s elapsed=342.173s
      D_7 capped mod 9223372036854775783 packed step 48/50 processed=10500000/18704832 next_states=13341015 step_elapsed=42.4719s elapsed=344.706s
      D_7 capped mod 9223372036854775783 packed step 48/50 processed=11000000/18704832 next_states=13967731 step_elapsed=44.5333s elapsed=346.768s
      D_7 capped mod 9223372036854775783 packed step 48/50 processed=11500000/18704832 next_states=14552762 step_elapsed=46.9184s elapsed=349.153s
      D_7 capped mod 9223372036854775783 packed step 48/50 processed=12000000/18704832 next_states=15122176 step_elapsed=49.5678s elapsed=351.802s
      D_7 capped mod 9223372036854775783 packed step 48/50 processed=12500000/18704832 next_states=15698137 step_elapsed=51.9715s elapsed=354.206s
      D_7 capped mod 9223372036854775783 packed step 48/50 processed=13000000/18704832 next_states=16315000 step_elapsed=54.4072s elapsed=356.642s
      D_7 capped mod 9223372036854775783 packed step 48/50 processed=13500000/18704832 next_states=16878235 step_elapsed=57.0487s elapsed=359.283s
      D_7 capped mod 9223372036854775783 packed step 48/50 processed=14000000/18704832 next_states=17433115 step_elapsed=59.7607s elapsed=361.995s
      D_7 capped mod 9223372036854775783 packed step 48/50 processed=14500000/18704832 next_states=18023692 step_elapsed=62.0614s elapsed=364.296s
      D_7 capped mod 9223372036854775783 packed step 48/50 processed=15000000/18704832 next_states=18591237 step_elapsed=64.546s elapsed=366.78s
      D_7 capped mod 9223372036854775783 packed step 48/50 processed=15500000/18704832 next_states=19128735 step_elapsed=67.298s elapsed=369.532s
      D_7 capped mod 9223372036854775783 packed step 48/50 processed=16000000/18704832 next_states=19696044 step_elapsed=69.6454s elapsed=371.88s
      D_7 capped mod 9223372036854775783 packed step 48/50 processed=16500000/18704832 next_states=20247054 step_elapsed=72.3438s elapsed=374.578s
      D_7 capped mod 9223372036854775783 packed step 48/50 processed=17000000/18704832 next_states=20760942 step_elapsed=74.8054s elapsed=377.04s
      D_7 capped mod 9223372036854775783 packed step 48/50 processed=17500000/18704832 next_states=21319587 step_elapsed=77.2752s elapsed=379.51s
      D_7 capped mod 9223372036854775783 packed step 48/50 processed=18000000/18704832 next_states=21829162 step_elapsed=79.4973s elapsed=381.732s
      D_7 capped mod 9223372036854775783 packed step 48/50 processed=18500000/18704832 next_states=22333939 step_elapsed=81.6768s elapsed=383.911s
    D_7 capped mod 9223372036854775783 forward step 48/50 states=22525613 elapsed=384.655s
      D_7 capped mod scan m_48 processed=500000/22525613 elapsed=0.00188825s
      D_7 capped mod scan m_48 processed=1000000/22525613 elapsed=0.0037793s
      D_7 capped mod scan m_48 processed=1500000/22525613 elapsed=0.00564497s
      D_7 capped mod scan m_48 processed=2000000/22525613 elapsed=0.00756886s
      D_7 capped mod scan m_48 processed=2500000/22525613 elapsed=0.00937028s
      D_7 capped mod scan m_48 processed=3000000/22525613 elapsed=0.0113936s
      D_7 capped mod scan m_48 processed=3500000/22525613 elapsed=0.0133507s
      D_7 capped mod scan m_48 processed=4000000/22525613 elapsed=0.0151956s
      D_7 capped mod scan m_48 processed=4500000/22525613 elapsed=0.0170866s
      D_7 capped mod scan m_48 processed=5000000/22525613 elapsed=0.0191882s
      D_7 capped mod scan m_48 processed=5500000/22525613 elapsed=0.0212705s
      D_7 capped mod scan m_48 processed=6000000/22525613 elapsed=0.0231901s
      D_7 capped mod scan m_48 processed=6500000/22525613 elapsed=0.025077s
      D_7 capped mod scan m_48 processed=7000000/22525613 elapsed=0.0269873s
      D_7 capped mod scan m_48 processed=7500000/22525613 elapsed=0.0289546s
      D_7 capped mod scan m_48 processed=8000000/22525613 elapsed=0.0310973s
      D_7 capped mod scan m_48 processed=8500000/22525613 elapsed=0.0333461s
      D_7 capped mod scan m_48 processed=9000000/22525613 elapsed=0.0354684s
      D_7 capped mod scan m_48 processed=9500000/22525613 elapsed=0.0375196s
      D_7 capped mod scan m_48 processed=10000000/22525613 elapsed=0.0394076s
      D_7 capped mod scan m_48 processed=10500000/22525613 elapsed=0.0413784s
      D_7 capped mod scan m_48 processed=11000000/22525613 elapsed=0.043374s
      D_7 capped mod scan m_48 processed=11500000/22525613 elapsed=0.0453807s
      D_7 capped mod scan m_48 processed=12000000/22525613 elapsed=0.0474643s
      D_7 capped mod scan m_48 processed=12500000/22525613 elapsed=0.0497403s
      D_7 capped mod scan m_48 processed=13000000/22525613 elapsed=0.0519549s
      D_7 capped mod scan m_48 processed=13500000/22525613 elapsed=0.0541798s
      D_7 capped mod scan m_48 processed=14000000/22525613 elapsed=0.0560298s
      D_7 capped mod scan m_48 processed=14500000/22525613 elapsed=0.0581035s
      D_7 capped mod scan m_48 processed=15000000/22525613 elapsed=0.0602025s
      D_7 capped mod scan m_48 processed=15500000/22525613 elapsed=0.0623281s
      D_7 capped mod scan m_48 processed=16000000/22525613 elapsed=0.0645473s
      D_7 capped mod scan m_48 processed=16500000/22525613 elapsed=0.0666802s
      D_7 capped mod scan m_48 processed=17000000/22525613 elapsed=0.0690774s
      D_7 capped mod scan m_48 processed=17500000/22525613 elapsed=0.0714549s
      D_7 capped mod scan m_48 processed=18000000/22525613 elapsed=0.0736808s
      D_7 capped mod scan m_48 processed=18500000/22525613 elapsed=0.0757714s
      D_7 capped mod scan m_48 processed=19000000/22525613 elapsed=0.0780948s
      D_7 capped mod scan m_48 processed=19500000/22525613 elapsed=0.0803932s
      D_7 capped mod scan m_48 processed=20000000/22525613 elapsed=0.0827418s
      D_7 capped mod scan m_48 processed=20500000/22525613 elapsed=0.0852032s
      D_7 capped mod scan m_48 processed=21000000/22525613 elapsed=0.0875349s
      D_7 capped mod scan m_48 processed=21500000/22525613 elapsed=0.0898244s
      D_7 capped mod scan m_48 processed=22000000/22525613 elapsed=0.0923616s
      D_7 capped mod scan m_48 processed=22500000/22525613 elapsed=0.0950709s
D_7 MOD 9223372036854775783 m_48 kept_even=2781071807102787158 det=3300622406870081896
      D_7 capped mod 9223372036854775783 packed step 49/50 processed=500000/22525613 next_states=720385 step_elapsed=1.40643s elapsed=386.483s
      D_7 capped mod 9223372036854775783 packed step 49/50 processed=1000000/22525613 next_states=1409924 step_elapsed=2.98637s elapsed=388.062s
      D_7 capped mod 9223372036854775783 packed step 49/50 processed=1500000/22525613 next_states=2086368 step_elapsed=4.71005s elapsed=389.786s
      D_7 capped mod 9223372036854775783 packed step 49/50 processed=2000000/22525613 next_states=2752102 step_elapsed=6.60295s elapsed=391.679s
      D_7 capped mod 9223372036854775783 packed step 49/50 processed=2500000/22525613 next_states=3392109 step_elapsed=8.58077s elapsed=393.657s
      D_7 capped mod 9223372036854775783 packed step 49/50 processed=3000000/22525613 next_states=4054526 step_elapsed=10.4765s elapsed=395.553s
      D_7 capped mod 9223372036854775783 packed step 49/50 processed=3500000/22525613 next_states=4709801 step_elapsed=12.5787s elapsed=397.655s
      D_7 capped mod 9223372036854775783 packed step 49/50 processed=4000000/22525613 next_states=5348211 step_elapsed=14.7123s elapsed=399.788s
      D_7 capped mod 9223372036854775783 packed step 49/50 processed=4500000/22525613 next_states=5987373 step_elapsed=16.8616s elapsed=401.938s
      D_7 capped mod 9223372036854775783 packed step 49/50 processed=5000000/22525613 next_states=6631536 step_elapsed=18.9857s elapsed=404.062s
      D_7 capped mod 9223372036854775783 packed step 49/50 processed=5500000/22525613 next_states=7256489 step_elapsed=21.4497s elapsed=406.526s
      D_7 capped mod 9223372036854775783 packed step 49/50 processed=6000000/22525613 next_states=7903626 step_elapsed=23.5322s elapsed=408.608s
      D_7 capped mod 9223372036854775783 packed step 49/50 processed=6500000/22525613 next_states=8523725 step_elapsed=25.7689s elapsed=410.845s
      D_7 capped mod 9223372036854775783 packed step 49/50 processed=7000000/22525613 next_states=9135345 step_elapsed=28.2732s elapsed=413.349s
      D_7 capped mod 9223372036854775783 packed step 49/50 processed=7500000/22525613 next_states=9772822 step_elapsed=30.4474s elapsed=415.524s
      D_7 capped mod 9223372036854775783 packed step 49/50 processed=8000000/22525613 next_states=10402710 step_elapsed=32.6977s elapsed=417.774s
      D_7 capped mod 9223372036854775783 packed step 49/50 processed=8500000/22525613 next_states=11005068 step_elapsed=35.1839s elapsed=420.26s
      D_7 capped mod 9223372036854775783 packed step 49/50 processed=9000000/22525613 next_states=11604517 step_elapsed=37.857s elapsed=422.933s
      D_7 capped mod 9223372036854775783 packed step 49/50 processed=9500000/22525613 next_states=12249100 step_elapsed=39.9526s elapsed=425.029s
      D_7 capped mod 9223372036854775783 packed step 49/50 processed=10000000/22525613 next_states=12855459 step_elapsed=42.3296s elapsed=427.406s
      D_7 capped mod 9223372036854775783 packed step 49/50 processed=10500000/22525613 next_states=13451682 step_elapsed=44.9722s elapsed=430.048s
      D_7 capped mod 9223372036854775783 packed step 49/50 processed=11000000/22525613 next_states=14042163 step_elapsed=47.8325s elapsed=432.909s
      D_7 capped mod 9223372036854775783 packed step 49/50 processed=11500000/22525613 next_states=14667092 step_elapsed=49.9811s elapsed=435.057s
      D_7 capped mod 9223372036854775783 packed step 49/50 processed=12000000/22525613 next_states=15278021 step_elapsed=52.4214s elapsed=437.497s
      D_7 capped mod 9223372036854775783 packed step 49/50 processed=12500000/22525613 next_states=15860119 step_elapsed=54.8499s elapsed=439.926s
      D_7 capped mod 9223372036854775783 packed step 49/50 processed=13000000/22525613 next_states=16440625 step_elapsed=57.62s elapsed=442.696s
      D_7 capped mod 9223372036854775783 packed step 49/50 processed=13500000/22525613 next_states=17023593 step_elapsed=59.9712s elapsed=445.047s
      D_7 capped mod 9223372036854775783 packed step 49/50 processed=14000000/22525613 next_states=17652717 step_elapsed=62.29s elapsed=447.366s
      D_7 capped mod 9223372036854775783 packed step 49/50 processed=14500000/22525613 next_states=18226033 step_elapsed=64.6758s elapsed=449.752s
      D_7 capped mod 9223372036854775783 packed step 49/50 processed=15000000/22525613 next_states=18793615 step_elapsed=67.3028s elapsed=452.379s
      D_7 capped mod 9223372036854775783 packed step 49/50 processed=15500000/22525613 next_states=19357305 step_elapsed=70.0019s elapsed=455.078s
      D_7 capped mod 9223372036854775783 packed step 49/50 processed=16000000/22525613 next_states=19965616 step_elapsed=72.1943s elapsed=457.27s
      D_7 capped mod 9223372036854775783 packed step 49/50 processed=16500000/22525613 next_states=20549177 step_elapsed=74.6324s elapsed=459.708s
      D_7 capped mod 9223372036854775783 packed step 49/50 processed=17000000/22525613 next_states=21099958 step_elapsed=77.1435s elapsed=462.22s
      D_7 capped mod 9223372036854775783 packed step 49/50 processed=17500000/22525613 next_states=21647871 step_elapsed=79.8688s elapsed=464.945s
      D_7 capped mod 9223372036854775783 packed step 49/50 processed=18000000/22525613 next_states=22238293 step_elapsed=82.0375s elapsed=467.114s
      D_7 capped mod 9223372036854775783 packed step 49/50 processed=18500000/22525613 next_states=22806650 step_elapsed=84.7002s elapsed=469.776s
      D_7 capped mod 9223372036854775783 packed step 49/50 processed=19000000/22525613 next_states=23340938 step_elapsed=87.4637s elapsed=472.54s
      D_7 capped mod 9223372036854775783 packed step 49/50 processed=19500000/22525613 next_states=23882315 step_elapsed=90.0744s elapsed=475.15s
      D_7 capped mod 9223372036854775783 packed step 49/50 processed=20000000/22525613 next_states=24455031 step_elapsed=92.6761s elapsed=477.752s
      D_7 capped mod 9223372036854775783 packed step 49/50 processed=20500000/22525613 next_states=24973312 step_elapsed=95.1904s elapsed=480.266s
      D_7 capped mod 9223372036854775783 packed step 49/50 processed=21000000/22525613 next_states=25514486 step_elapsed=97.4841s elapsed=482.56s
      D_7 capped mod 9223372036854775783 packed step 49/50 processed=21500000/22525613 next_states=26029178 step_elapsed=99.9326s elapsed=485.009s
      D_7 capped mod 9223372036854775783 packed step 49/50 processed=22000000/22525613 next_states=26547294 step_elapsed=102.24s elapsed=487.316s
      D_7 capped mod 9223372036854775783 packed step 49/50 processed=22500000/22525613 next_states=27029085 step_elapsed=104.073s elapsed=489.149s
    D_7 capped mod 9223372036854775783 forward step 49/50 states=27051907 elapsed=489.327s
      D_7 capped mod scan m_49 processed=500000/27051907 elapsed=0.00176517s
      D_7 capped mod scan m_49 processed=1000000/27051907 elapsed=0.00357269s
      D_7 capped mod scan m_49 processed=1500000/27051907 elapsed=0.00547763s
      D_7 capped mod scan m_49 processed=2000000/27051907 elapsed=0.00728126s
      D_7 capped mod scan m_49 processed=2500000/27051907 elapsed=0.00930964s
      D_7 capped mod scan m_49 processed=3000000/27051907 elapsed=0.0110422s
      D_7 capped mod scan m_49 processed=3500000/27051907 elapsed=0.0129509s
      D_7 capped mod scan m_49 processed=4000000/27051907 elapsed=0.0149907s
      D_7 capped mod scan m_49 processed=4500000/27051907 elapsed=0.0171505s
      D_7 capped mod scan m_49 processed=5000000/27051907 elapsed=0.018856s
      D_7 capped mod scan m_49 processed=5500000/27051907 elapsed=0.0207141s
      D_7 capped mod scan m_49 processed=6000000/27051907 elapsed=0.0226286s
      D_7 capped mod scan m_49 processed=6500000/27051907 elapsed=0.0246814s
      D_7 capped mod scan m_49 processed=7000000/27051907 elapsed=0.0267416s
      D_7 capped mod scan m_49 processed=7500000/27051907 elapsed=0.0289261s
      D_7 capped mod scan m_49 processed=8000000/27051907 elapsed=0.0307326s
      D_7 capped mod scan m_49 processed=8500000/27051907 elapsed=0.0326463s
      D_7 capped mod scan m_49 processed=9000000/27051907 elapsed=0.0345812s
      D_7 capped mod scan m_49 processed=9500000/27051907 elapsed=0.0365885s
      D_7 capped mod scan m_49 processed=10000000/27051907 elapsed=0.0386337s
      D_7 capped mod scan m_49 processed=10500000/27051907 elapsed=0.0408715s
      D_7 capped mod scan m_49 processed=11000000/27051907 elapsed=0.0431325s
      D_7 capped mod scan m_49 processed=11500000/27051907 elapsed=0.0452224s
      D_7 capped mod scan m_49 processed=12000000/27051907 elapsed=0.0474391s
      D_7 capped mod scan m_49 processed=12500000/27051907 elapsed=0.049243s
      D_7 capped mod scan m_49 processed=13000000/27051907 elapsed=0.0512608s
      D_7 capped mod scan m_49 processed=13500000/27051907 elapsed=0.0532956s
      D_7 capped mod scan m_49 processed=14000000/27051907 elapsed=0.055298s
      D_7 capped mod scan m_49 processed=14500000/27051907 elapsed=0.0574041s
      D_7 capped mod scan m_49 processed=15000000/27051907 elapsed=0.0594418s
      D_7 capped mod scan m_49 processed=15500000/27051907 elapsed=0.0617574s
      D_7 capped mod scan m_49 processed=16000000/27051907 elapsed=0.0638823s
      D_7 capped mod scan m_49 processed=16500000/27051907 elapsed=0.0663194s
      D_7 capped mod scan m_49 processed=17000000/27051907 elapsed=0.0685639s
      D_7 capped mod scan m_49 processed=17500000/27051907 elapsed=0.0704237s
      D_7 capped mod scan m_49 processed=18000000/27051907 elapsed=0.0724904s
      D_7 capped mod scan m_49 processed=18500000/27051907 elapsed=0.0746593s
      D_7 capped mod scan m_49 processed=19000000/27051907 elapsed=0.0767661s
      D_7 capped mod scan m_49 processed=19500000/27051907 elapsed=0.0789732s
      D_7 capped mod scan m_49 processed=20000000/27051907 elapsed=0.0811957s
      D_7 capped mod scan m_49 processed=20500000/27051907 elapsed=0.0833988s
      D_7 capped mod scan m_49 processed=21000000/27051907 elapsed=0.0858896s
      D_7 capped mod scan m_49 processed=21500000/27051907 elapsed=0.0882109s
      D_7 capped mod scan m_49 processed=22000000/27051907 elapsed=0.090498s
      D_7 capped mod scan m_49 processed=22500000/27051907 elapsed=0.0925233s
      D_7 capped mod scan m_49 processed=23000000/27051907 elapsed=0.0947709s
      D_7 capped mod scan m_49 processed=23500000/27051907 elapsed=0.0970322s
      D_7 capped mod scan m_49 processed=24000000/27051907 elapsed=0.0994101s
      D_7 capped mod scan m_49 processed=24500000/27051907 elapsed=0.10171s
      D_7 capped mod scan m_49 processed=25000000/27051907 elapsed=0.104231s
      D_7 capped mod scan m_49 processed=25500000/27051907 elapsed=0.1066s
      D_7 capped mod scan m_49 processed=26000000/27051907 elapsed=0.108963s
      D_7 capped mod scan m_49 processed=26500000/27051907 elapsed=0.111481s
      D_7 capped mod scan m_49 processed=27000000/27051907 elapsed=0.114223s
D_7 MOD 9223372036854775783 m_49 kept_even=3113207333360369673 det=6305719267115579887
      D_7 capped mod 9223372036854775783 packed step 50/50 processed=500000/27051907 next_states=720385 step_elapsed=1.44617s elapsed=491.251s
      D_7 capped mod 9223372036854775783 packed step 50/50 processed=1000000/27051907 next_states=1409924 step_elapsed=3.11329s elapsed=492.918s
      D_7 capped mod 9223372036854775783 packed step 50/50 processed=1500000/27051907 next_states=2088209 step_elapsed=4.89245s elapsed=494.698s
      D_7 capped mod 9223372036854775783 packed step 50/50 processed=2000000/27051907 next_states=2760547 step_elapsed=6.78791s elapsed=496.593s
      D_7 capped mod 9223372036854775783 packed step 50/50 processed=2500000/27051907 next_states=3401927 step_elapsed=8.81531s elapsed=498.62s
      D_7 capped mod 9223372036854775783 packed step 50/50 processed=3000000/27051907 next_states=4062863 step_elapsed=10.7828s elapsed=500.588s
      D_7 capped mod 9223372036854775783 packed step 50/50 processed=3500000/27051907 next_states=4717480 step_elapsed=12.696s elapsed=502.501s
      D_7 capped mod 9223372036854775783 packed step 50/50 processed=4000000/27051907 next_states=5362458 step_elapsed=14.7852s elapsed=504.59s
      D_7 capped mod 9223372036854775783 packed step 50/50 processed=4500000/27051907 next_states=5988394 step_elapsed=16.8916s elapsed=506.697s
      D_7 capped mod 9223372036854775783 packed step 50/50 processed=5000000/27051907 next_states=6651835 step_elapsed=18.8773s elapsed=508.682s
      D_7 capped mod 9223372036854775783 packed step 50/50 processed=5500000/27051907 next_states=7282179 step_elapsed=21.1326s elapsed=510.938s
      D_7 capped mod 9223372036854775783 packed step 50/50 processed=6000000/27051907 next_states=7919941 step_elapsed=23.1779s elapsed=512.983s
      D_7 capped mod 9223372036854775783 packed step 50/50 processed=6500000/27051907 next_states=8560135 step_elapsed=25.3231s elapsed=515.128s
      D_7 capped mod 9223372036854775783 packed step 50/50 processed=7000000/27051907 next_states=9180743 step_elapsed=27.7411s elapsed=517.546s
      D_7 capped mod 9223372036854775783 packed step 50/50 processed=7500000/27051907 next_states=9794632 step_elapsed=30.296s elapsed=520.101s
      D_7 capped mod 9223372036854775783 packed step 50/50 processed=8000000/27051907 next_states=10451212 step_elapsed=32.5475s elapsed=522.353s
      D_7 capped mod 9223372036854775783 packed step 50/50 processed=8500000/27051907 next_states=11062911 step_elapsed=34.9642s elapsed=524.769s
      D_7 capped mod 9223372036854775783 packed step 50/50 processed=9000000/27051907 next_states=11673575 step_elapsed=37.5306s elapsed=527.336s
      D_7 capped mod 9223372036854775783 packed step 50/50 processed=9500000/27051907 next_states=12276541 step_elapsed=40.0692s elapsed=529.874s
      D_7 capped mod 9223372036854775783 packed step 50/50 processed=10000000/27051907 next_states=12931004 step_elapsed=42.1423s elapsed=531.947s
      D_7 capped mod 9223372036854775783 packed step 50/50 processed=10500000/27051907 next_states=13538032 step_elapsed=44.434s elapsed=534.239s
      D_7 capped mod 9223372036854775783 packed step 50/50 processed=11000000/27051907 next_states=14135932 step_elapsed=47.1128s elapsed=536.918s
      D_7 capped mod 9223372036854775783 packed step 50/50 processed=11500000/27051907 next_states=14737792 step_elapsed=49.7985s elapsed=539.604s
      D_7 capped mod 9223372036854775783 packed step 50/50 processed=12000000/27051907 next_states=15355049 step_elapsed=52.1036s elapsed=541.909s
      D_7 capped mod 9223372036854775783 packed step 50/50 processed=12500000/27051907 next_states=15985461 step_elapsed=54.5401s elapsed=544.345s
      D_7 capped mod 9223372036854775783 packed step 50/50 processed=13000000/27051907 next_states=16574266 step_elapsed=56.9891s elapsed=546.794s
      D_7 capped mod 9223372036854775783 packed step 50/50 processed=13500000/27051907 next_states=17162870 step_elapsed=59.6385s elapsed=549.444s
      D_7 capped mod 9223372036854775783 packed step 50/50 processed=14000000/27051907 next_states=17752909 step_elapsed=62.5551s elapsed=552.36s
      D_7 capped mod 9223372036854775783 packed step 50/50 processed=14500000/27051907 next_states=18358927 step_elapsed=64.8484s elapsed=554.654s
      D_7 capped mod 9223372036854775783 packed step 50/50 processed=15000000/27051907 next_states=18984695 step_elapsed=67.3472s elapsed=557.152s
      D_7 capped mod 9223372036854775783 packed step 50/50 processed=15500000/27051907 next_states=19563170 step_elapsed=70.0349s elapsed=559.84s
      D_7 capped mod 9223372036854775783 packed step 50/50 processed=16000000/27051907 next_states=20144485 step_elapsed=72.8902s elapsed=562.695s
      D_7 capped mod 9223372036854775783 packed step 50/50 processed=16500000/27051907 next_states=20712874 step_elapsed=75.9518s elapsed=565.757s
      D_7 capped mod 9223372036854775783 packed step 50/50 processed=17000000/27051907 next_states=21295764 step_elapsed=78.5251s elapsed=568.33s
      D_7 capped mod 9223372036854775783 packed step 50/50 processed=17500000/27051907 next_states=21924686 step_elapsed=81.1141s elapsed=570.919s
      D_7 capped mod 9223372036854775783 packed step 50/50 processed=18000000/27051907 next_states=22504234 step_elapsed=83.8762s elapsed=573.681s
      D_7 capped mod 9223372036854775783 packed step 50/50 processed=18500000/27051907 next_states=23066822 step_elapsed=86.6004s elapsed=576.406s
      D_7 capped mod 9223372036854775783 packed step 50/50 processed=19000000/27051907 next_states=23630010 step_elapsed=89.6023s elapsed=579.407s
      D_7 capped mod 9223372036854775783 packed step 50/50 processed=19500000/27051907 next_states=24182453 step_elapsed=92.3315s elapsed=582.137s
      D_7 capped mod 9223372036854775783 packed step 50/50 processed=20000000/27051907 next_states=24806166 step_elapsed=94.8463s elapsed=584.651s
      D_7 capped mod 9223372036854775783 packed step 50/50 processed=20500000/27051907 next_states=25376196 step_elapsed=97.4807s elapsed=587.286s
      D_7 capped mod 9223372036854775783 packed step 50/50 processed=21000000/27051907 next_states=25922151 step_elapsed=100.064s elapsed=589.869s
      D_7 capped mod 9223372036854775783 packed step 50/50 processed=21500000/27051907 next_states=26467482 step_elapsed=102.949s elapsed=592.755s
      D_7 capped mod 9223372036854775783 packed step 50/50 processed=22000000/27051907 next_states=27030569 step_elapsed=105.371s elapsed=595.176s
      D_7 capped mod 9223372036854775783 packed step 50/50 processed=22500000/27051907 next_states=27623079 step_elapsed=107.983s elapsed=597.788s
      D_7 capped mod 9223372036854775783 packed step 50/50 processed=23000000/27051907 next_states=28159878 step_elapsed=110.569s elapsed=600.375s
      D_7 capped mod 9223372036854775783 packed step 50/50 processed=23500000/27051907 next_states=28686705 step_elapsed=113.332s elapsed=603.137s
      D_7 capped mod 9223372036854775783 packed step 50/50 processed=24000000/27051907 next_states=29237127 step_elapsed=115.662s elapsed=605.467s
      D_7 capped mod 9223372036854775783 packed step 50/50 processed=24500000/27051907 next_states=29800260 step_elapsed=118.294s elapsed=608.1s
      D_7 capped mod 9223372036854775783 packed step 50/50 processed=25000000/27051907 next_states=30308862 step_elapsed=120.873s elapsed=610.678s
      D_7 capped mod 9223372036854775783 packed step 50/50 processed=25500000/27051907 next_states=30847063 step_elapsed=123.153s elapsed=612.959s
      D_7 capped mod 9223372036854775783 packed step 50/50 processed=26000000/27051907 next_states=31359117 step_elapsed=125.608s elapsed=615.413s
      D_7 capped mod 9223372036854775783 packed step 50/50 processed=26500000/27051907 next_states=31869555 step_elapsed=127.778s elapsed=617.584s
      D_7 capped mod 9223372036854775783 packed step 50/50 processed=27000000/27051907 next_states=32354047 step_elapsed=129.679s elapsed=619.484s
    D_7 capped mod 9223372036854775783 forward step 50/50 states=32400788 elapsed=619.766s
      D_7 capped mod scan m_50 processed=500000/32400788 elapsed=0.00190137s
      D_7 capped mod scan m_50 processed=1000000/32400788 elapsed=0.0037248s
      D_7 capped mod scan m_50 processed=1500000/32400788 elapsed=0.00556712s
      D_7 capped mod scan m_50 processed=2000000/32400788 elapsed=0.0074485s
      D_7 capped mod scan m_50 processed=2500000/32400788 elapsed=0.0092033s
      D_7 capped mod scan m_50 processed=3000000/32400788 elapsed=0.0111753s
      D_7 capped mod scan m_50 processed=3500000/32400788 elapsed=0.0131605s
      D_7 capped mod scan m_50 processed=4000000/32400788 elapsed=0.014888s
      D_7 capped mod scan m_50 processed=4500000/32400788 elapsed=0.0166929s
      D_7 capped mod scan m_50 processed=5000000/32400788 elapsed=0.0186941s
      D_7 capped mod scan m_50 processed=5500000/32400788 elapsed=0.0207031s
      D_7 capped mod scan m_50 processed=6000000/32400788 elapsed=0.0229269s
      D_7 capped mod scan m_50 processed=6500000/32400788 elapsed=0.0246616s
      D_7 capped mod scan m_50 processed=7000000/32400788 elapsed=0.026555s
      D_7 capped mod scan m_50 processed=7500000/32400788 elapsed=0.0286802s
      D_7 capped mod scan m_50 processed=8000000/32400788 elapsed=0.0307126s
      D_7 capped mod scan m_50 processed=8500000/32400788 elapsed=0.0329062s
      D_7 capped mod scan m_50 processed=9000000/32400788 elapsed=0.0350206s
      D_7 capped mod scan m_50 processed=9500000/32400788 elapsed=0.0371115s
      D_7 capped mod scan m_50 processed=10000000/32400788 elapsed=0.0392291s
      D_7 capped mod scan m_50 processed=10500000/32400788 elapsed=0.0410581s
      D_7 capped mod scan m_50 processed=11000000/32400788 elapsed=0.0430032s
      D_7 capped mod scan m_50 processed=11500000/32400788 elapsed=0.0450137s
      D_7 capped mod scan m_50 processed=12000000/32400788 elapsed=0.0469793s
      D_7 capped mod scan m_50 processed=12500000/32400788 elapsed=0.0489872s
      D_7 capped mod scan m_50 processed=13000000/32400788 elapsed=0.0510256s
      D_7 capped mod scan m_50 processed=13500000/32400788 elapsed=0.0532435s
      D_7 capped mod scan m_50 processed=14000000/32400788 elapsed=0.0553769s
      D_7 capped mod scan m_50 processed=14500000/32400788 elapsed=0.0592663s
      D_7 capped mod scan m_50 processed=15000000/32400788 elapsed=0.0615823s
      D_7 capped mod scan m_50 processed=15500000/32400788 elapsed=0.0636798s
      D_7 capped mod scan m_50 processed=16000000/32400788 elapsed=0.0656733s
      D_7 capped mod scan m_50 processed=16500000/32400788 elapsed=0.0678643s
      D_7 capped mod scan m_50 processed=17000000/32400788 elapsed=0.0700008s
      D_7 capped mod scan m_50 processed=17500000/32400788 elapsed=0.0722399s
      D_7 capped mod scan m_50 processed=18000000/32400788 elapsed=0.0745537s
      D_7 capped mod scan m_50 processed=18500000/32400788 elapsed=0.0767693s
      D_7 capped mod scan m_50 processed=19000000/32400788 elapsed=0.0790299s
      D_7 capped mod scan m_50 processed=19500000/32400788 elapsed=0.0816205s
      D_7 capped mod scan m_50 processed=20000000/32400788 elapsed=0.0841186s
      D_7 capped mod scan m_50 processed=20500000/32400788 elapsed=0.0864226s
      D_7 capped mod scan m_50 processed=21000000/32400788 elapsed=0.0888764s
      D_7 capped mod scan m_50 processed=21500000/32400788 elapsed=0.0912612s
      D_7 capped mod scan m_50 processed=22000000/32400788 elapsed=0.0933555s
      D_7 capped mod scan m_50 processed=22500000/32400788 elapsed=0.0955613s
      D_7 capped mod scan m_50 processed=23000000/32400788 elapsed=0.0979347s
      D_7 capped mod scan m_50 processed=23500000/32400788 elapsed=0.100205s
      D_7 capped mod scan m_50 processed=24000000/32400788 elapsed=0.102549s
      D_7 capped mod scan m_50 processed=24500000/32400788 elapsed=0.104911s
      D_7 capped mod scan m_50 processed=25000000/32400788 elapsed=0.107316s
      D_7 capped mod scan m_50 processed=25500000/32400788 elapsed=0.10982s
      D_7 capped mod scan m_50 processed=26000000/32400788 elapsed=0.112361s
      D_7 capped mod scan m_50 processed=26500000/32400788 elapsed=0.117598s
      D_7 capped mod scan m_50 processed=27000000/32400788 elapsed=0.122892s
      D_7 capped mod scan m_50 processed=27500000/32400788 elapsed=0.125681s
      D_7 capped mod scan m_50 processed=28000000/32400788 elapsed=0.128548s
      D_7 capped mod scan m_50 processed=28500000/32400788 elapsed=0.131401s
      D_7 capped mod scan m_50 processed=29000000/32400788 elapsed=0.13427s
      D_7 capped mod scan m_50 processed=29500000/32400788 elapsed=0.136905s
      D_7 capped mod scan m_50 processed=30000000/32400788 elapsed=0.139634s
      D_7 capped mod scan m_50 processed=30500000/32400788 elapsed=0.142378s
      D_7 capped mod scan m_50 processed=31000000/32400788 elapsed=0.144823s
      D_7 capped mod scan m_50 processed=31500000/32400788 elapsed=0.147576s
      D_7 capped mod scan m_50 processed=32000000/32400788 elapsed=0.150372s
D_7 MOD 9223372036854775783 m_50 kept_even=2329145149201590411 det=574589546905162370
