D capped suffix modular moment range rank 6 moments m_6..m_51 row cap 12 modulus 9223372036854775507 C++ certificate
begin D_6=SO(12) mod 9223372036854775507
    D_6 capped mod 9223372036854775507 forward step 1/51 states=1 elapsed=3.797e-06s
    D_6 capped mod 9223372036854775507 forward step 2/51 states=3 elapsed=2.1339e-05s
    D_6 capped mod 9223372036854775507 forward step 3/51 states=7 elapsed=2.6579e-05s
    D_6 capped mod 9223372036854775507 forward step 4/51 states=15 elapsed=3.0186e-05s
    D_6 capped mod 9223372036854775507 forward step 5/51 states=30 elapsed=3.5486e-05s
    D_6 capped mod 9223372036854775507 forward step 6/51 states=58 elapsed=5.3219e-05s
D_6 MOD 9223372036854775507 m_6 kept_even=130 det=1
    D_6 capped mod 9223372036854775507 forward step 7/51 states=103 elapsed=8.589e-05s
D_6 MOD 9223372036854775507 m_7 kept_even=822 det=15
    D_6 capped mod 9223372036854775507 forward step 8/51 states=179 elapsed=0.000134922s
D_6 MOD 9223372036854775507 m_8 kept_even=6202 det=231
    D_6 capped mod 9223372036854775507 forward step 9/51 states=299 elapsed=0.000221664s
D_6 MOD 9223372036854775507 m_9 kept_even=52552 det=3340
    D_6 capped mod 9223372036854775507 forward step 10/51 states=485 elapsed=0.00035373s
D_6 MOD 9223372036854775507 m_10 kept_even=499194 det=49176
    D_6 capped mod 9223372036854775507 forward step 11/51 states=766 elapsed=0.00059979s
D_6 MOD 9223372036854775507 m_11 kept_even=5238370 det=742402
    D_6 capped mod 9223372036854775507 forward step 12/51 states=1185 elapsed=0.000967317s
D_6 MOD 9223372036854775507 m_12 kept_even=60222844 det=11603746
    D_6 capped mod 9223372036854775507 forward step 13/51 states=1792 elapsed=0.00167361s
D_6 MOD 9223372036854775507 m_13 kept_even=752576466 det=188333718
    D_6 capped mod 9223372036854775507 forward step 14/51 states=2666 elapsed=0.00268638s
D_6 MOD 9223372036854775507 m_14 kept_even=10157005599 det=3178576336
    D_6 capped mod 9223372036854775507 forward step 15/51 states=3900 elapsed=0.00429449s
D_6 MOD 9223372036854775507 m_15 kept_even=147217171444 det=55790754124
    D_6 capped mod 9223372036854775507 forward step 16/51 states=5620 elapsed=0.00701689s
D_6 MOD 9223372036854775507 m_16 kept_even=2280186713706 det=1017872439078
    D_6 capped mod 9223372036854775507 forward step 17/51 states=7988 elapsed=0.0108865s
D_6 MOD 9223372036854775507 m_17 kept_even=37571136677584 det=19285877838064
    D_6 capped mod 9223372036854775507 forward step 18/51 states=11217 elapsed=0.0173001s
D_6 MOD 9223372036854775507 m_18 kept_even=655878868860592 det=379073629624582
    D_6 capped mod 9223372036854775507 forward step 19/51 states=15562 elapsed=0.0263205s
D_6 MOD 9223372036854775507 m_19 kept_even=12084139293714684 det=7720051644076374
    D_6 capped mod 9223372036854775507 forward step 20/51 states=21367 elapsed=0.0396495s
D_6 MOD 9223372036854775507 m_20 kept_even=234136571983324336 det=162697267551111436
    D_6 capped mod 9223372036854775507 forward step 21/51 states=29043 elapsed=0.056642s
D_6 MOD 9223372036854775507 m_21 kept_even=4754578358890737280 det=3543616906449799996
    D_6 capped mod 9223372036854775507 forward step 22/51 states=39111 elapsed=0.0837104s
D_6 MOD 9223372036854775507 m_22 kept_even=8634927933202413791 det=5877446260045485355
    D_6 capped mod 9223372036854775507 forward step 23/51 states=52212 elapsed=0.123056s
D_6 MOD 9223372036854775507 m_23 kept_even=6106787739116867598 det=1554314741093799490
    D_6 capped mod 9223372036854775507 forward step 24/51 states=69142 elapsed=0.176804s
D_6 MOD 9223372036854775507 m_24 kept_even=5994025847134229729 det=1991981220574623484
    D_6 capped mod 9223372036854775507 forward step 25/51 states=90851 elapsed=0.254424s
D_6 MOD 9223372036854775507 m_25 kept_even=1947837973360845311 det=244451777203578817
    D_6 capped mod 9223372036854775507 forward step 26/51 states=118526 elapsed=0.360097s
D_6 MOD 9223372036854775507 m_26 kept_even=4084919299660956684 det=5441493497394132595
    D_6 capped mod 9223372036854775507 forward step 27/51 states=153576 elapsed=0.510379s
D_6 MOD 9223372036854775507 m_27 kept_even=8855263665734290889 det=9070105519924996702
    D_6 capped mod 9223372036854775507 forward step 28/51 states=197710 elapsed=0.724526s
D_6 MOD 9223372036854775507 m_28 kept_even=6791617155745408705 det=5471059455215244542
    D_6 capped mod 9223372036854775507 forward step 29/51 states=252972 elapsed=1.02225s
D_6 MOD 9223372036854775507 m_29 kept_even=1135742213087625089 det=3768853334532513467
    D_6 capped mod 9223372036854775507 forward step 30/51 states=321816 elapsed=1.42597s
D_6 MOD 9223372036854775507 m_30 kept_even=4925220701254041019 det=3309487001011366685
    D_6 capped mod 9223372036854775507 forward step 31/51 states=407124 elapsed=1.95862s
D_6 MOD 9223372036854775507 m_31 kept_even=5706089331903263664 det=5622125805051707319
    D_6 capped mod 9223372036854775507 forward step 32/51 states=512358 elapsed=2.71839s
      D_6 capped mod scan m_32 processed=500000/512358 elapsed=0.00228996s
D_6 MOD 9223372036854775507 m_32 kept_even=2718104334868206793 det=2010849096492958804
      D_6 capped mod 9223372036854775507 packed step 33/51 processed=500000/512358 next_states=630558 step_elapsed=0.939576s elapsed=3.66134s
    D_6 capped mod 9223372036854775507 forward step 33/51 states=641563 elapsed=3.68055s
      D_6 capped mod scan m_33 processed=500000/641563 elapsed=0.00214992s
D_6 MOD 9223372036854775507 m_33 kept_even=1620131460455291321 det=5103391489911995837
      D_6 capped mod 9223372036854775507 packed step 34/51 processed=500000/641563 next_states=650656 step_elapsed=0.99363s elapsed=4.68119s
    D_6 capped mod 9223372036854775507 forward step 34/51 states=799513 elapsed=4.96878s
      D_6 capped mod scan m_34 processed=500000/799513 elapsed=0.00210175s
D_6 MOD 9223372036854775507 m_34 kept_even=2220181419625526708 det=3200979043439350371
      D_6 capped mod 9223372036854775507 packed step 35/51 processed=500000/799513 next_states=660587 step_elapsed=0.99608s elapsed=5.97842s
    D_6 capped mod 9223372036854775507 forward step 35/51 states=991798 elapsed=6.62708s
      D_6 capped mod scan m_35 processed=500000/991798 elapsed=0.00215824s
D_6 MOD 9223372036854775507 m_35 kept_even=6011559433759055821 det=5212021138611573254
      D_6 capped mod 9223372036854775507 packed step 36/51 processed=500000/991798 next_states=670189 step_elapsed=1.01085s elapsed=7.64454s
    D_6 capped mod 9223372036854775507 forward step 36/51 states=1224965 elapsed=8.85002s
      D_6 capped mod scan m_36 processed=500000/1224965 elapsed=0.00215725s
      D_6 capped mod scan m_36 processed=1000000/1224965 elapsed=0.00461822s
D_6 MOD 9223372036854775507 m_36 kept_even=2164194473052389294 det=71833100962095854
      D_6 capped mod 9223372036854775507 packed step 37/51 processed=500000/1224965 next_states=677373 step_elapsed=1.06729s elapsed=9.92516s
      D_6 capped mod 9223372036854775507 packed step 37/51 processed=1000000/1224965 next_states=1270333 step_elapsed=2.47032s elapsed=11.3282s
    D_6 capped mod 9223372036854775507 forward step 37/51 states=1506592 elapsed=11.8935s
      D_6 capped mod scan m_37 processed=500000/1506592 elapsed=0.00223183s
      D_6 capped mod scan m_37 processed=1000000/1506592 elapsed=0.00460738s
      D_6 capped mod scan m_37 processed=1500000/1506592 elapsed=0.00807866s
D_6 MOD 9223372036854775507 m_37 kept_even=459449436818525001 det=2610617602209802636
      D_6 capped mod 9223372036854775507 packed step 38/51 processed=500000/1506592 next_states=682318 step_elapsed=1.01002s elapsed=12.9347s
      D_6 capped mod 9223372036854775507 packed step 38/51 processed=1000000/1506592 next_states=1296215 step_elapsed=2.28617s elapsed=14.2109s
      D_6 capped mod 9223372036854775507 packed step 38/51 processed=1500000/1506592 next_states=1839910 step_elapsed=3.49408s elapsed=15.4188s
    D_6 capped mod 9223372036854775507 forward step 38/51 states=1845545 elapsed=15.4328s
      D_6 capped mod scan m_38 processed=500000/1845545 elapsed=0.00202706s
      D_6 capped mod scan m_38 processed=1000000/1845545 elapsed=0.00427093s
      D_6 capped mod scan m_38 processed=1500000/1845545 elapsed=0.0066389s
D_6 MOD 9223372036854775507 m_38 kept_even=1661502025084715780 det=5131718119028121664
      D_6 capped mod 9223372036854775507 packed step 39/51 processed=500000/1845545 next_states=684752 step_elapsed=1.11055s elapsed=16.5558s
      D_6 capped mod 9223372036854775507 packed step 39/51 processed=1000000/1845545 next_states=1308288 step_elapsed=2.51907s elapsed=17.9643s
      D_6 capped mod 9223372036854775507 packed step 39/51 processed=1500000/1845545 next_states=1894304 step_elapsed=3.91976s elapsed=19.365s
    D_6 capped mod 9223372036854775507 forward step 39/51 states=2252033 elapsed=20.2802s
      D_6 capped mod scan m_39 processed=500000/2252033 elapsed=0.00213476s
      D_6 capped mod scan m_39 processed=1000000/2252033 elapsed=0.00429413s
      D_6 capped mod scan m_39 processed=1500000/2252033 elapsed=0.00661027s
      D_6 capped mod scan m_39 processed=2000000/2252033 elapsed=0.00904604s
D_6 MOD 9223372036854775507 m_39 kept_even=5988462474380639102 det=773372039326241952
      D_6 capped mod 9223372036854775507 packed step 40/51 processed=500000/2252033 next_states=684861 step_elapsed=1.1025s elapsed=21.4152s
      D_6 capped mod 9223372036854775507 packed step 40/51 processed=1000000/2252033 next_states=1322002 step_elapsed=2.46792s elapsed=22.7806s
      D_6 capped mod 9223372036854775507 packed step 40/51 processed=1500000/2252033 next_states=1922398 step_elapsed=3.99653s elapsed=24.3092s
      D_6 capped mod 9223372036854775507 packed step 40/51 processed=2000000/2252033 next_states=2480245 step_elapsed=5.50002s elapsed=25.8127s
    D_6 capped mod 9223372036854775507 forward step 40/51 states=2737871 elapsed=26.4612s
      D_6 capped mod scan m_40 processed=500000/2737871 elapsed=0.00208728s
      D_6 capped mod scan m_40 processed=1000000/2737871 elapsed=0.00438712s
      D_6 capped mod scan m_40 processed=1500000/2737871 elapsed=0.00678684s
      D_6 capped mod scan m_40 processed=2000000/2737871 elapsed=0.00920642s
      D_6 capped mod scan m_40 processed=2500000/2737871 elapsed=0.0118398s
D_6 MOD 9223372036854775507 m_40 kept_even=8889431792461662046 det=2948735713742846438
      D_6 capped mod 9223372036854775507 packed step 41/51 processed=500000/2737871 next_states=689470 step_elapsed=0.998313s elapsed=27.5171s
      D_6 capped mod 9223372036854775507 packed step 41/51 processed=1000000/2737871 next_states=1332152 step_elapsed=2.19245s elapsed=28.7112s
      D_6 capped mod 9223372036854775507 packed step 41/51 processed=1500000/2737871 next_states=1946606 step_elapsed=3.54501s elapsed=30.0638s
      D_6 capped mod 9223372036854775507 packed step 41/51 processed=2000000/2737871 next_states=2526029 step_elapsed=4.95598s elapsed=31.4748s
      D_6 capped mod 9223372036854775507 packed step 41/51 processed=2500000/2737871 next_states=3078888 step_elapsed=6.29951s elapsed=32.8183s
    D_6 capped mod 9223372036854775507 forward step 41/51 states=3316656 elapsed=33.3882s
      D_6 capped mod scan m_41 processed=500000/3316656 elapsed=0.00214959s
      D_6 capped mod scan m_41 processed=1000000/3316656 elapsed=0.00445309s
      D_6 capped mod scan m_41 processed=1500000/3316656 elapsed=0.00679486s
      D_6 capped mod scan m_41 processed=2000000/3316656 elapsed=0.00910771s
      D_6 capped mod scan m_41 processed=2500000/3316656 elapsed=0.0115187s
      D_6 capped mod scan m_41 processed=3000000/3316656 elapsed=0.0140711s
D_6 MOD 9223372036854775507 m_41 kept_even=3248618720700648925 det=6049414631405204835
      D_6 capped mod 9223372036854775507 packed step 42/51 processed=500000/3316656 next_states=692342 step_elapsed=1.01347s elapsed=34.4609s
      D_6 capped mod 9223372036854775507 packed step 42/51 processed=1000000/3316656 next_states=1340901 step_elapsed=2.22044s elapsed=35.6679s
      D_6 capped mod 9223372036854775507 packed step 42/51 processed=1500000/3316656 next_states=1956455 step_elapsed=3.60331s elapsed=37.0508s
      D_6 capped mod 9223372036854775507 packed step 42/51 processed=2000000/3316656 next_states=2564490 step_elapsed=4.97357s elapsed=38.421s
      D_6 capped mod 9223372036854775507 packed step 42/51 processed=2500000/3316656 next_states=3136260 step_elapsed=6.46874s elapsed=39.9162s
      D_6 capped mod 9223372036854775507 packed step 42/51 processed=3000000/3316656 next_states=3687024 step_elapsed=7.96559s elapsed=41.413s
    D_6 capped mod 9223372036854775507 forward step 42/51 states=4004036 elapsed=42.2156s
      D_6 capped mod scan m_42 processed=500000/4004036 elapsed=0.00218823s
      D_6 capped mod scan m_42 processed=1000000/4004036 elapsed=0.00439581s
      D_6 capped mod scan m_42 processed=1500000/4004036 elapsed=0.00672359s
      D_6 capped mod scan m_42 processed=2000000/4004036 elapsed=0.0092738s
      D_6 capped mod scan m_42 processed=2500000/4004036 elapsed=0.0116427s
      D_6 capped mod scan m_42 processed=3000000/4004036 elapsed=0.0141585s
      D_6 capped mod scan m_42 processed=3500000/4004036 elapsed=0.0168068s
      D_6 capped mod scan m_42 processed=4000000/4004036 elapsed=0.0196585s
D_6 MOD 9223372036854775507 m_42 kept_even=2378276268913329879 det=1040392146190378953
      D_6 capped mod 9223372036854775507 packed step 43/51 processed=500000/4004036 next_states=695172 step_elapsed=1.07554s elapsed=43.3552s
      D_6 capped mod 9223372036854775507 packed step 43/51 processed=1000000/4004036 next_states=1346545 step_elapsed=2.31091s elapsed=44.5906s
      D_6 capped mod 9223372036854775507 packed step 43/51 processed=1500000/4004036 next_states=1971747 step_elapsed=3.67551s elapsed=45.9552s
      D_6 capped mod 9223372036854775507 packed step 43/51 processed=2000000/4004036 next_states=2582098 step_elapsed=5.09402s elapsed=47.3737s
      D_6 capped mod 9223372036854775507 packed step 43/51 processed=2500000/4004036 next_states=3183050 step_elapsed=6.56453s elapsed=48.8442s
      D_6 capped mod 9223372036854775507 packed step 43/51 processed=3000000/4004036 next_states=3756833 step_elapsed=8.12151s elapsed=50.4012s
      D_6 capped mod 9223372036854775507 packed step 43/51 processed=3500000/4004036 next_states=4300260 step_elapsed=9.79889s elapsed=52.0785s
      D_6 capped mod 9223372036854775507 packed step 43/51 processed=4000000/4004036 next_states=4814498 step_elapsed=11.1734s elapsed=53.4531s
    D_6 capped mod 9223372036854775507 forward step 43/51 states=4817877 elapsed=53.4829s
      D_6 capped mod scan m_43 processed=500000/4817877 elapsed=0.00207643s
      D_6 capped mod scan m_43 processed=1000000/4817877 elapsed=0.00424188s
      D_6 capped mod scan m_43 processed=1500000/4817877 elapsed=0.00647696s
      D_6 capped mod scan m_43 processed=2000000/4817877 elapsed=0.00878304s
      D_6 capped mod scan m_43 processed=2500000/4817877 elapsed=0.0111506s
      D_6 capped mod scan m_43 processed=3000000/4817877 elapsed=0.0134062s
      D_6 capped mod scan m_43 processed=3500000/4817877 elapsed=0.0158468s
      D_6 capped mod scan m_43 processed=4000000/4817877 elapsed=0.0182641s
      D_6 capped mod scan m_43 processed=4500000/4817877 elapsed=0.0208715s
D_6 MOD 9223372036854775507 m_43 kept_even=2667538887421361326 det=3622557948393625658
      D_6 capped mod 9223372036854775507 packed step 44/51 processed=500000/4817877 next_states=698249 step_elapsed=1.26877s elapsed=54.8188s
      D_6 capped mod 9223372036854775507 packed step 44/51 processed=1000000/4817877 next_states=1350909 step_elapsed=2.65888s elapsed=56.2089s
      D_6 capped mod 9223372036854775507 packed step 44/51 processed=1500000/4817877 next_states=1982368 step_elapsed=4.17532s elapsed=57.7254s
      D_6 capped mod 9223372036854775507 packed step 44/51 processed=2000000/4817877 next_states=2599594 step_elapsed=5.83744s elapsed=59.3875s
      D_6 capped mod 9223372036854775507 packed step 44/51 processed=2500000/4817877 next_states=3200461 step_elapsed=7.68599s elapsed=61.236s
      D_6 capped mod 9223372036854775507 packed step 44/51 processed=3000000/4817877 next_states=3791439 step_elapsed=9.55715s elapsed=63.1072s
      D_6 capped mod 9223372036854775507 packed step 44/51 processed=3500000/4817877 next_states=4367882 step_elapsed=11.4375s elapsed=64.9875s
      D_6 capped mod 9223372036854775507 packed step 44/51 processed=4000000/4817877 next_states=4929874 step_elapsed=13.2808s elapsed=66.8308s
      D_6 capped mod 9223372036854775507 packed step 44/51 processed=4500000/4817877 next_states=5466090 step_elapsed=15.2105s elapsed=68.7605s
    D_6 capped mod 9223372036854775507 forward step 44/51 states=5778695 elapsed=69.7455s
      D_6 capped mod scan m_44 processed=500000/5778695 elapsed=0.0019921s
      D_6 capped mod scan m_44 processed=1000000/5778695 elapsed=0.00413361s
      D_6 capped mod scan m_44 processed=1500000/5778695 elapsed=0.00636361s
      D_6 capped mod scan m_44 processed=2000000/5778695 elapsed=0.00862772s
      D_6 capped mod scan m_44 processed=2500000/5778695 elapsed=0.0109145s
      D_6 capped mod scan m_44 processed=3000000/5778695 elapsed=0.0132767s
      D_6 capped mod scan m_44 processed=3500000/5778695 elapsed=0.0156291s
      D_6 capped mod scan m_44 processed=4000000/5778695 elapsed=0.0179738s
      D_6 capped mod scan m_44 processed=4500000/5778695 elapsed=0.0204056s
      D_6 capped mod scan m_44 processed=5000000/5778695 elapsed=0.0228662s
      D_6 capped mod scan m_44 processed=5500000/5778695 elapsed=0.0254951s
D_6 MOD 9223372036854775507 m_44 kept_even=5975787864343683849 det=8604086742998814099
      D_6 capped mod 9223372036854775507 packed step 45/51 processed=500000/5778695 next_states=698249 step_elapsed=1.12748s elapsed=70.9847s
      D_6 capped mod 9223372036854775507 packed step 45/51 processed=1000000/5778695 next_states=1354253 step_elapsed=2.57115s elapsed=72.4284s
      D_6 capped mod 9223372036854775507 packed step 45/51 processed=1500000/5778695 next_states=1991253 step_elapsed=4.20189s elapsed=74.0591s
      D_6 capped mod 9223372036854775507 packed step 45/51 processed=2000000/5778695 next_states=2616461 step_elapsed=5.8162s elapsed=75.6734s
      D_6 capped mod 9223372036854775507 packed step 45/51 processed=2500000/5778695 next_states=3229377 step_elapsed=7.47316s elapsed=77.3304s
      D_6 capped mod 9223372036854775507 packed step 45/51 processed=3000000/5778695 next_states=3833461 step_elapsed=9.12755s elapsed=78.9848s
      D_6 capped mod 9223372036854775507 packed step 45/51 processed=3500000/5778695 next_states=4428337 step_elapsed=10.8453s elapsed=80.7026s
      D_6 capped mod 9223372036854775507 packed step 45/51 processed=4000000/5778695 next_states=5007987 step_elapsed=12.629s elapsed=82.4862s
      D_6 capped mod 9223372036854775507 packed step 45/51 processed=4500000/5778695 next_states=5570120 step_elapsed=14.4233s elapsed=84.2805s
      D_6 capped mod 9223372036854775507 packed step 45/51 processed=5000000/5778695 next_states=6119529 step_elapsed=16.3371s elapsed=86.1943s
      D_6 capped mod 9223372036854775507 packed step 45/51 processed=5500000/5778695 next_states=6635984 step_elapsed=17.9867s elapsed=87.8439s
    D_6 capped mod 9223372036854775507 forward step 45/51 states=6909818 elapsed=88.6747s
      D_6 capped mod scan m_45 processed=500000/6909818 elapsed=0.00217227s
      D_6 capped mod scan m_45 processed=1000000/6909818 elapsed=0.00437279s
      D_6 capped mod scan m_45 processed=1500000/6909818 elapsed=0.0066077s
      D_6 capped mod scan m_45 processed=2000000/6909818 elapsed=0.00887345s
      D_6 capped mod scan m_45 processed=2500000/6909818 elapsed=0.0112508s
      D_6 capped mod scan m_45 processed=3000000/6909818 elapsed=0.0135786s
      D_6 capped mod scan m_45 processed=3500000/6909818 elapsed=0.0159064s
      D_6 capped mod scan m_45 processed=4000000/6909818 elapsed=0.0184134s
      D_6 capped mod scan m_45 processed=4500000/6909818 elapsed=0.0207875s
      D_6 capped mod scan m_45 processed=5000000/6909818 elapsed=0.0232076s
      D_6 capped mod scan m_45 processed=5500000/6909818 elapsed=0.0258007s
      D_6 capped mod scan m_45 processed=6000000/6909818 elapsed=0.0282808s
      D_6 capped mod scan m_45 processed=6500000/6909818 elapsed=0.0309567s
D_6 MOD 9223372036854775507 m_45 kept_even=631978749353734960 det=8579539889075219006
      D_6 capped mod 9223372036854775507 packed step 46/51 processed=500000/6909818 next_states=698249 step_elapsed=1.17031s elapsed=89.9605s
      D_6 capped mod 9223372036854775507 packed step 46/51 processed=1000000/6909818 next_states=1357251 step_elapsed=2.65117s elapsed=91.4413s
      D_6 capped mod 9223372036854775507 packed step 46/51 processed=1500000/6909818 next_states=1998827 step_elapsed=4.24558s elapsed=93.0357s
      D_6 capped mod 9223372036854775507 packed step 46/51 processed=2000000/6909818 next_states=2628723 step_elapsed=5.88093s elapsed=94.6711s
      D_6 capped mod 9223372036854775507 packed step 46/51 processed=2500000/6909818 next_states=3249686 step_elapsed=7.61652s elapsed=96.4067s
      D_6 capped mod 9223372036854775507 packed step 46/51 processed=3000000/6909818 next_states=3864861 step_elapsed=9.34607s elapsed=98.1362s
      D_6 capped mod 9223372036854775507 packed step 46/51 processed=3500000/6909818 next_states=4459636 step_elapsed=11.0875s elapsed=99.8777s
      D_6 capped mod 9223372036854775507 packed step 46/51 processed=4000000/6909818 next_states=5046269 step_elapsed=12.9006s elapsed=101.691s
      D_6 capped mod 9223372036854775507 packed step 46/51 processed=4500000/6909818 next_states=5635150 step_elapsed=14.7014s elapsed=103.492s
      D_6 capped mod 9223372036854775507 packed step 46/51 processed=5000000/6909818 next_states=6212887 step_elapsed=16.5414s elapsed=105.332s
      D_6 capped mod 9223372036854775507 packed step 46/51 processed=5500000/6909818 next_states=6763212 step_elapsed=18.4193s elapsed=107.209s
      D_6 capped mod 9223372036854775507 packed step 46/51 processed=6000000/6909818 next_states=7304894 step_elapsed=20.2587s elapsed=109.049s
      D_6 capped mod 9223372036854775507 packed step 46/51 processed=6500000/6909818 next_states=7837768 step_elapsed=22.1185s elapsed=110.909s
    D_6 capped mod 9223372036854775507 forward step 46/51 states=8237833 elapsed=112.232s
      D_6 capped mod scan m_46 processed=500000/8237833 elapsed=0.0021057s
      D_6 capped mod scan m_46 processed=1000000/8237833 elapsed=0.00439796s
      D_6 capped mod scan m_46 processed=1500000/8237833 elapsed=0.00676373s
      D_6 capped mod scan m_46 processed=2000000/8237833 elapsed=0.00912141s
      D_6 capped mod scan m_46 processed=2500000/8237833 elapsed=0.0114794s
      D_6 capped mod scan m_46 processed=3000000/8237833 elapsed=0.0137813s
      D_6 capped mod scan m_46 processed=3500000/8237833 elapsed=0.0163635s
      D_6 capped mod scan m_46 processed=4000000/8237833 elapsed=0.0188094s
      D_6 capped mod scan m_46 processed=4500000/8237833 elapsed=0.0210404s
      D_6 capped mod scan m_46 processed=5000000/8237833 elapsed=0.0234803s
      D_6 capped mod scan m_46 processed=5500000/8237833 elapsed=0.0258505s
      D_6 capped mod scan m_46 processed=6000000/8237833 elapsed=0.0282461s
      D_6 capped mod scan m_46 processed=6500000/8237833 elapsed=0.0308726s
      D_6 capped mod scan m_46 processed=7000000/8237833 elapsed=0.0333406s
      D_6 capped mod scan m_46 processed=7500000/8237833 elapsed=0.0359206s
      D_6 capped mod scan m_46 processed=8000000/8237833 elapsed=0.0386066s
D_6 MOD 9223372036854775507 m_46 kept_even=1525307582978395341 det=4014936329208850168
      D_6 capped mod 9223372036854775507 packed step 47/51 processed=500000/8237833 next_states=698249 step_elapsed=1.19018s elapsed=113.544s
      D_6 capped mod 9223372036854775507 packed step 47/51 processed=1000000/8237833 next_states=1360996 step_elapsed=2.55821s elapsed=114.912s
      D_6 capped mod 9223372036854775507 packed step 47/51 processed=1500000/8237833 next_states=2006354 step_elapsed=4.20543s elapsed=116.559s
      D_6 capped mod 9223372036854775507 packed step 47/51 processed=2000000/8237833 next_states=2637850 step_elapsed=5.69301s elapsed=118.047s
      D_6 capped mod 9223372036854775507 packed step 47/51 processed=2500000/8237833 next_states=3266235 step_elapsed=7.292s elapsed=119.646s
      D_6 capped mod 9223372036854775507 packed step 47/51 processed=3000000/8237833 next_states=3884315 step_elapsed=8.89226s elapsed=121.246s
      D_6 capped mod 9223372036854775507 packed step 47/51 processed=3500000/8237833 next_states=4483754 step_elapsed=10.5764s elapsed=122.93s
      D_6 capped mod 9223372036854775507 packed step 47/51 processed=4000000/8237833 next_states=5092226 step_elapsed=12.1059s elapsed=124.46s
      D_6 capped mod 9223372036854775507 packed step 47/51 processed=4500000/8237833 next_states=5687744 step_elapsed=13.82s elapsed=126.174s
      D_6 capped mod 9223372036854775507 packed step 47/51 processed=5000000/8237833 next_states=6263939 step_elapsed=15.7657s elapsed=128.12s
      D_6 capped mod 9223372036854775507 packed step 47/51 processed=5500000/8237833 next_states=6854576 step_elapsed=17.4778s elapsed=129.832s
      D_6 capped mod 9223372036854775507 packed step 47/51 processed=6000000/8237833 next_states=7406633 step_elapsed=19.2657s elapsed=131.62s
      D_6 capped mod 9223372036854775507 packed step 47/51 processed=6500000/8237833 next_states=7972863 step_elapsed=21.0374s elapsed=133.391s
      D_6 capped mod 9223372036854775507 packed step 47/51 processed=7000000/8237833 next_states=8527664 step_elapsed=22.8056s elapsed=135.16s
      D_6 capped mod 9223372036854775507 packed step 47/51 processed=7500000/8237833 next_states=9060931 step_elapsed=24.5188s elapsed=136.873s
      D_6 capped mod 9223372036854775507 packed step 47/51 processed=8000000/8237833 next_states=9564323 step_elapsed=26.0623s elapsed=138.416s
    D_6 capped mod 9223372036854775507 forward step 47/51 states=9792925 elapsed=139.126s
      D_6 capped mod scan m_47 processed=500000/9792925 elapsed=0.00209484s
      D_6 capped mod scan m_47 processed=1000000/9792925 elapsed=0.00430526s
      D_6 capped mod scan m_47 processed=1500000/9792925 elapsed=0.00643489s
      D_6 capped mod scan m_47 processed=2000000/9792925 elapsed=0.00871361s
      D_6 capped mod scan m_47 processed=2500000/9792925 elapsed=0.0124963s
      D_6 capped mod scan m_47 processed=3000000/9792925 elapsed=0.0149993s
      D_6 capped mod scan m_47 processed=3500000/9792925 elapsed=0.0172427s
      D_6 capped mod scan m_47 processed=4000000/9792925 elapsed=0.0196428s
      D_6 capped mod scan m_47 processed=4500000/9792925 elapsed=0.0221355s
      D_6 capped mod scan m_47 processed=5000000/9792925 elapsed=0.0245606s
      D_6 capped mod scan m_47 processed=5500000/9792925 elapsed=0.0269866s
      D_6 capped mod scan m_47 processed=6000000/9792925 elapsed=0.0295054s
      D_6 capped mod scan m_47 processed=6500000/9792925 elapsed=0.0321676s
      D_6 capped mod scan m_47 processed=7000000/9792925 elapsed=0.0345465s
      D_6 capped mod scan m_47 processed=7500000/9792925 elapsed=0.0370493s
      D_6 capped mod scan m_47 processed=8000000/9792925 elapsed=0.0397214s
      D_6 capped mod scan m_47 processed=8500000/9792925 elapsed=0.0422676s
      D_6 capped mod scan m_47 processed=9000000/9792925 elapsed=0.0449628s
      D_6 capped mod scan m_47 processed=9500000/9792925 elapsed=0.0477567s
D_6 MOD 9223372036854775507 m_47 kept_even=7515647209575968857 det=8587697437342580247
      D_6 capped mod 9223372036854775507 packed step 48/51 processed=500000/9792925 next_states=698249 step_elapsed=1.07152s elapsed=140.331s
      D_6 capped mod 9223372036854775507 packed step 48/51 processed=1000000/9792925 next_states=1366582 step_elapsed=2.33755s elapsed=141.597s
      D_6 capped mod 9223372036854775507 packed step 48/51 processed=1500000/9792925 next_states=2013282 step_elapsed=3.68959s elapsed=142.949s
      D_6 capped mod 9223372036854775507 packed step 48/51 processed=2000000/9792925 next_states=2646923 step_elapsed=5.2129s elapsed=144.473s
      D_6 capped mod 9223372036854775507 packed step 48/51 processed=2500000/9792925 next_states=3281139 step_elapsed=6.79493s elapsed=146.055s
      D_6 capped mod 9223372036854775507 packed step 48/51 processed=3000000/9792925 next_states=3891822 step_elapsed=8.56535s elapsed=147.825s
      D_6 capped mod 9223372036854775507 packed step 48/51 processed=3500000/9792925 next_states=4510861 step_elapsed=10.3375s elapsed=149.597s
      D_6 capped mod 9223372036854775507 packed step 48/51 processed=4000000/9792925 next_states=5127464 step_elapsed=12.0962s elapsed=151.356s
      D_6 capped mod 9223372036854775507 packed step 48/51 processed=4500000/9792925 next_states=5713844 step_elapsed=14.1259s elapsed=153.386s
      D_6 capped mod 9223372036854775507 packed step 48/51 processed=5000000/9792925 next_states=6322233 step_elapsed=15.8787s elapsed=155.139s
      D_6 capped mod 9223372036854775507 packed step 48/51 processed=5500000/9792925 next_states=6894806 step_elapsed=17.9002s elapsed=157.16s
      D_6 capped mod 9223372036854775507 packed step 48/51 processed=6000000/9792925 next_states=7494660 step_elapsed=19.7643s elapsed=159.024s
      D_6 capped mod 9223372036854775507 packed step 48/51 processed=6500000/9792925 next_states=8057720 step_elapsed=21.8063s elapsed=161.066s
      D_6 capped mod 9223372036854775507 packed step 48/51 processed=7000000/9792925 next_states=8637359 step_elapsed=23.8191s elapsed=163.079s
      D_6 capped mod 9223372036854775507 packed step 48/51 processed=7500000/9792925 next_states=9199901 step_elapsed=25.8437s elapsed=165.104s
      D_6 capped mod 9223372036854775507 packed step 48/51 processed=8000000/9792925 next_states=9744771 step_elapsed=27.8491s elapsed=167.109s
      D_6 capped mod 9223372036854775507 packed step 48/51 processed=8500000/9792925 next_states=10297527 step_elapsed=29.8039s elapsed=169.064s
      D_6 capped mod 9223372036854775507 packed step 48/51 processed=9000000/9792925 next_states=10825797 step_elapsed=31.679s elapsed=170.939s
      D_6 capped mod 9223372036854775507 packed step 48/51 processed=9500000/9792925 next_states=11328681 step_elapsed=33.4592s elapsed=172.719s
    D_6 capped mod 9223372036854775507 forward step 48/51 states=11609345 elapsed=173.632s
      D_6 capped mod scan m_48 processed=500000/11609345 elapsed=0.00199417s
      D_6 capped mod scan m_48 processed=1000000/11609345 elapsed=0.0041167s
      D_6 capped mod scan m_48 processed=1500000/11609345 elapsed=0.00625858s
      D_6 capped mod scan m_48 processed=2000000/11609345 elapsed=0.00843046s
      D_6 capped mod scan m_48 processed=2500000/11609345 elapsed=0.0106261s
      D_6 capped mod scan m_48 processed=3000000/11609345 elapsed=0.0127822s
      D_6 capped mod scan m_48 processed=3500000/11609345 elapsed=0.0207107s
      D_6 capped mod scan m_48 processed=4000000/11609345 elapsed=0.0234073s
      D_6 capped mod scan m_48 processed=4500000/11609345 elapsed=0.0262439s
      D_6 capped mod scan m_48 processed=5000000/11609345 elapsed=0.0288512s
      D_6 capped mod scan m_48 processed=5500000/11609345 elapsed=0.0315811s
      D_6 capped mod scan m_48 processed=6000000/11609345 elapsed=0.0342324s
      D_6 capped mod scan m_48 processed=6500000/11609345 elapsed=0.0365265s
      D_6 capped mod scan m_48 processed=7000000/11609345 elapsed=0.0388629s
      D_6 capped mod scan m_48 processed=7500000/11609345 elapsed=0.0412813s
      D_6 capped mod scan m_48 processed=8000000/11609345 elapsed=0.0438109s
      D_6 capped mod scan m_48 processed=8500000/11609345 elapsed=0.046076s
      D_6 capped mod scan m_48 processed=9000000/11609345 elapsed=0.0485093s
      D_6 capped mod scan m_48 processed=9500000/11609345 elapsed=0.0509869s
      D_6 capped mod scan m_48 processed=10000000/11609345 elapsed=0.0552358s
      D_6 capped mod scan m_48 processed=10500000/11609345 elapsed=0.0578672s
      D_6 capped mod scan m_48 processed=11000000/11609345 elapsed=0.0606797s
      D_6 capped mod scan m_48 processed=11500000/11609345 elapsed=0.0635293s
D_6 MOD 9223372036854775507 m_48 kept_even=5419000233399988653 det=5577525276196531434
      D_6 capped mod 9223372036854775507 packed step 49/51 processed=500000/11609345 next_states=698249 step_elapsed=1.32425s elapsed=175.2s
      D_6 capped mod 9223372036854775507 packed step 49/51 processed=1000000/11609345 next_states=1366788 step_elapsed=2.78531s elapsed=176.661s
      D_6 capped mod 9223372036854775507 packed step 49/51 processed=1500000/11609345 next_states=2020141 step_elapsed=4.33409s elapsed=178.21s
      D_6 capped mod 9223372036854775507 packed step 49/51 processed=2000000/11609345 next_states=2657444 step_elapsed=5.97571s elapsed=179.851s
      D_6 capped mod 9223372036854775507 packed step 49/51 processed=2500000/11609345 next_states=3291562 step_elapsed=7.628s elapsed=181.503s
      D_6 capped mod 9223372036854775507 packed step 49/51 processed=3000000/11609345 next_states=3904974 step_elapsed=9.34622s elapsed=183.222s
      D_6 capped mod 9223372036854775507 packed step 49/51 processed=3500000/11609345 next_states=4528500 step_elapsed=11.0041s elapsed=184.88s
      D_6 capped mod 9223372036854775507 packed step 49/51 processed=4000000/11609345 next_states=5151509 step_elapsed=12.8983s elapsed=186.774s
      D_6 capped mod 9223372036854775507 packed step 49/51 processed=4500000/11609345 next_states=5752198 step_elapsed=14.7291s elapsed=188.605s
      D_6 capped mod 9223372036854775507 packed step 49/51 processed=5000000/11609345 next_states=6365208 step_elapsed=16.5586s elapsed=190.434s
      D_6 capped mod 9223372036854775507 packed step 49/51 processed=5500000/11609345 next_states=6952416 step_elapsed=18.4495s elapsed=192.325s
      D_6 capped mod 9223372036854775507 packed step 49/51 processed=6000000/11609345 next_states=7554291 step_elapsed=20.358s elapsed=194.233s
      D_6 capped mod 9223372036854775507 packed step 49/51 processed=6500000/11609345 next_states=8135214 step_elapsed=22.3165s elapsed=196.192s
      D_6 capped mod 9223372036854775507 packed step 49/51 processed=7000000/11609345 next_states=8714118 step_elapsed=24.4813s elapsed=198.357s
      D_6 capped mod 9223372036854775507 packed step 49/51 processed=7500000/11609345 next_states=9298582 step_elapsed=26.476s elapsed=200.352s
      D_6 capped mod 9223372036854775507 packed step 49/51 processed=8000000/11609345 next_states=9847263 step_elapsed=28.6019s elapsed=202.477s
      D_6 capped mod 9223372036854775507 packed step 49/51 processed=8500000/11609345 next_states=10437968 step_elapsed=30.5632s elapsed=204.439s
      D_6 capped mod 9223372036854775507 packed step 49/51 processed=9000000/11609345 next_states=10973668 step_elapsed=32.6231s elapsed=206.499s
      D_6 capped mod 9223372036854775507 packed step 49/51 processed=9500000/11609345 next_states=11546140 step_elapsed=34.4849s elapsed=208.36s
      D_6 capped mod 9223372036854775507 packed step 49/51 processed=10000000/11609345 next_states=12074497 step_elapsed=36.3302s elapsed=210.206s
      D_6 capped mod 9223372036854775507 packed step 49/51 processed=10500000/11609345 next_states=12607067 step_elapsed=38.3322s elapsed=212.208s
      D_6 capped mod 9223372036854775507 packed step 49/51 processed=11000000/11609345 next_states=13127911 step_elapsed=40.1848s elapsed=214.06s
      D_6 capped mod 9223372036854775507 packed step 49/51 processed=11500000/11609345 next_states=13624562 step_elapsed=41.8133s elapsed=215.689s
    D_6 capped mod 9223372036854775507 forward step 49/51 states=13725750 elapsed=216.039s
      D_6 capped mod scan m_49 processed=500000/13725750 elapsed=0.00282804s
      D_6 capped mod scan m_49 processed=1000000/13725750 elapsed=0.00571187s
      D_6 capped mod scan m_49 processed=1500000/13725750 elapsed=0.00829247s
      D_6 capped mod scan m_49 processed=2000000/13725750 elapsed=0.0105808s
      D_6 capped mod scan m_49 processed=2500000/13725750 elapsed=0.0127931s
      D_6 capped mod scan m_49 processed=3000000/13725750 elapsed=0.0152693s
      D_6 capped mod scan m_49 processed=3500000/13725750 elapsed=0.017571s
      D_6 capped mod scan m_49 processed=4000000/13725750 elapsed=0.0198924s
      D_6 capped mod scan m_49 processed=4500000/13725750 elapsed=0.022284s
      D_6 capped mod scan m_49 processed=5000000/13725750 elapsed=0.0248716s
      D_6 capped mod scan m_49 processed=5500000/13725750 elapsed=0.0271567s
      D_6 capped mod scan m_49 processed=6000000/13725750 elapsed=0.0294723s
      D_6 capped mod scan m_49 processed=6500000/13725750 elapsed=0.0319995s
      D_6 capped mod scan m_49 processed=7000000/13725750 elapsed=0.034593s
      D_6 capped mod scan m_49 processed=7500000/13725750 elapsed=0.0372217s
      D_6 capped mod scan m_49 processed=8000000/13725750 elapsed=0.0396673s
      D_6 capped mod scan m_49 processed=8500000/13725750 elapsed=0.0421367s
      D_6 capped mod scan m_49 processed=9000000/13725750 elapsed=0.0445923s
      D_6 capped mod scan m_49 processed=9500000/13725750 elapsed=0.0472943s
      D_6 capped mod scan m_49 processed=10000000/13725750 elapsed=0.0498822s
      D_6 capped mod scan m_49 processed=10500000/13725750 elapsed=0.0523562s
      D_6 capped mod scan m_49 processed=11000000/13725750 elapsed=0.0549415s
      D_6 capped mod scan m_49 processed=11500000/13725750 elapsed=0.0576334s
      D_6 capped mod scan m_49 processed=12000000/13725750 elapsed=0.06036s
      D_6 capped mod scan m_49 processed=12500000/13725750 elapsed=0.062918s
      D_6 capped mod scan m_49 processed=13000000/13725750 elapsed=0.0656997s
      D_6 capped mod scan m_49 processed=13500000/13725750 elapsed=0.0685466s
D_6 MOD 9223372036854775507 m_49 kept_even=8132154888097917206 det=688883648392869223
      D_6 capped mod 9223372036854775507 packed step 50/51 processed=500000/13725750 next_states=698249 step_elapsed=1.24077s elapsed=217.534s
      D_6 capped mod 9223372036854775507 packed step 50/51 processed=1000000/13725750 next_states=1367009 step_elapsed=2.71056s elapsed=219.003s
      D_6 capped mod 9223372036854775507 packed step 50/51 processed=1500000/13725750 next_states=2027127 step_elapsed=4.20331s elapsed=220.496s
      D_6 capped mod 9223372036854775507 packed step 50/51 processed=2000000/13725750 next_states=2664230 step_elapsed=5.7378s elapsed=222.031s
      D_6 capped mod 9223372036854775507 packed step 50/51 processed=2500000/13725750 next_states=3299612 step_elapsed=7.32746s elapsed=223.62s
      D_6 capped mod 9223372036854775507 packed step 50/51 processed=3000000/13725750 next_states=3918552 step_elapsed=9.0545s elapsed=225.347s
      D_6 capped mod 9223372036854775507 packed step 50/51 processed=3500000/13725750 next_states=4548630 step_elapsed=10.6632s elapsed=226.956s
      D_6 capped mod 9223372036854775507 packed step 50/51 processed=4000000/13725750 next_states=5161674 step_elapsed=12.7336s elapsed=229.026s
      D_6 capped mod 9223372036854775507 packed step 50/51 processed=4500000/13725750 next_states=5780511 step_elapsed=14.7664s elapsed=231.059s
      D_6 capped mod 9223372036854775507 packed step 50/51 processed=5000000/13725750 next_states=6382055 step_elapsed=16.8951s elapsed=233.188s
      D_6 capped mod 9223372036854775507 packed step 50/51 processed=5500000/13725750 next_states=6994496 step_elapsed=18.8349s elapsed=235.128s
      D_6 capped mod 9223372036854775507 packed step 50/51 processed=6000000/13725750 next_states=7580987 step_elapsed=20.9385s elapsed=237.231s
      D_6 capped mod 9223372036854775507 packed step 50/51 processed=6500000/13725750 next_states=8197446 step_elapsed=22.7925s elapsed=239.085s
      D_6 capped mod 9223372036854775507 packed step 50/51 processed=7000000/13725750 next_states=8776389 step_elapsed=24.9137s elapsed=241.206s
      D_6 capped mod 9223372036854775507 packed step 50/51 processed=7500000/13725750 next_states=9374055 step_elapsed=26.95s elapsed=243.243s
      D_6 capped mod 9223372036854775507 packed step 50/51 processed=8000000/13725750 next_states=9954094 step_elapsed=28.8994s elapsed=245.192s
      D_6 capped mod 9223372036854775507 packed step 50/51 processed=8500000/13725750 next_states=10513046 step_elapsed=31.2946s elapsed=247.587s
      D_6 capped mod 9223372036854775507 packed step 50/51 processed=9000000/13725750 next_states=11117046 step_elapsed=33.2431s elapsed=249.536s
      D_6 capped mod 9223372036854775507 packed step 50/51 processed=9500000/13725750 next_states=11670360 step_elapsed=35.3498s elapsed=251.643s
      D_6 capped mod 9223372036854775507 packed step 50/51 processed=10000000/13725750 next_states=12237687 step_elapsed=37.5304s elapsed=253.823s
      D_6 capped mod 9223372036854775507 packed step 50/51 processed=10500000/13725750 next_states=12800470 step_elapsed=39.5642s elapsed=255.857s
      D_6 capped mod 9223372036854775507 packed step 50/51 processed=11000000/13725750 next_states=13326511 step_elapsed=41.7302s elapsed=258.023s
      D_6 capped mod 9223372036854775507 packed step 50/51 processed=11500000/13725750 next_states=13902214 step_elapsed=43.7748s elapsed=260.067s
      D_6 capped mod 9223372036854775507 packed step 50/51 processed=12000000/13725750 next_states=14419329 step_elapsed=45.8203s elapsed=262.113s
      D_6 capped mod 9223372036854775507 packed step 50/51 processed=12500000/13725750 next_states=14959893 step_elapsed=48.0144s elapsed=264.307s
      D_6 capped mod 9223372036854775507 packed step 50/51 processed=13000000/13725750 next_states=15479207 step_elapsed=49.864s elapsed=266.157s
      D_6 capped mod 9223372036854775507 packed step 50/51 processed=13500000/13725750 next_states=15970472 step_elapsed=51.4944s elapsed=267.787s
    D_6 capped mod 9223372036854775507 forward step 50/51 states=16185908 elapsed=268.543s
      D_6 capped mod scan m_50 processed=500000/16185908 elapsed=0.00214089s
      D_6 capped mod scan m_50 processed=1000000/16185908 elapsed=0.00441217s
      D_6 capped mod scan m_50 processed=1500000/16185908 elapsed=0.00668777s
      D_6 capped mod scan m_50 processed=2000000/16185908 elapsed=0.00898883s
      D_6 capped mod scan m_50 processed=2500000/16185908 elapsed=0.0113836s
      D_6 capped mod scan m_50 processed=3000000/16185908 elapsed=0.0136552s
      D_6 capped mod scan m_50 processed=3500000/16185908 elapsed=0.0160233s
      D_6 capped mod scan m_50 processed=4000000/16185908 elapsed=0.0185713s
      D_6 capped mod scan m_50 processed=4500000/16185908 elapsed=0.0208091s
      D_6 capped mod scan m_50 processed=5000000/16185908 elapsed=0.0230789s
      D_6 capped mod scan m_50 processed=5500000/16185908 elapsed=0.025438s
      D_6 capped mod scan m_50 processed=6000000/16185908 elapsed=0.0279635s
      D_6 capped mod scan m_50 processed=6500000/16185908 elapsed=0.0304051s
      D_6 capped mod scan m_50 processed=7000000/16185908 elapsed=0.0327395s
      D_6 capped mod scan m_50 processed=7500000/16185908 elapsed=0.0350821s
      D_6 capped mod scan m_50 processed=8000000/16185908 elapsed=0.0374864s
      D_6 capped mod scan m_50 processed=8500000/16185908 elapsed=0.0400367s
      D_6 capped mod scan m_50 processed=9000000/16185908 elapsed=0.0424947s
      D_6 capped mod scan m_50 processed=9500000/16185908 elapsed=0.0449187s
      D_6 capped mod scan m_50 processed=10000000/16185908 elapsed=0.0473583s
      D_6 capped mod scan m_50 processed=10500000/16185908 elapsed=0.049759s
      D_6 capped mod scan m_50 processed=11000000/16185908 elapsed=0.0522798s
      D_6 capped mod scan m_50 processed=11500000/16185908 elapsed=0.0548319s
      D_6 capped mod scan m_50 processed=12000000/16185908 elapsed=0.0574279s
      D_6 capped mod scan m_50 processed=12500000/16185908 elapsed=0.0598913s
      D_6 capped mod scan m_50 processed=13000000/16185908 elapsed=0.0624134s
      D_6 capped mod scan m_50 processed=13500000/16185908 elapsed=0.06497s
      D_6 capped mod scan m_50 processed=14000000/16185908 elapsed=0.0676281s
      D_6 capped mod scan m_50 processed=14500000/16185908 elapsed=0.0703294s
      D_6 capped mod scan m_50 processed=15000000/16185908 elapsed=0.0729358s
      D_6 capped mod scan m_50 processed=15500000/16185908 elapsed=0.075717s
      D_6 capped mod scan m_50 processed=16000000/16185908 elapsed=0.0785388s
D_6 MOD 9223372036854775507 m_50 kept_even=7390959152294515659 det=7975858232956509163
      D_6 capped mod 9223372036854775507 packed step 51/51 processed=500000/16185908 next_states=698249 step_elapsed=1.16696s elapsed=269.954s
      D_6 capped mod 9223372036854775507 packed step 51/51 processed=1000000/16185908 next_states=1367009 step_elapsed=2.64527s elapsed=271.432s
      D_6 capped mod 9223372036854775507 packed step 51/51 processed=1500000/16185908 next_states=2028757 step_elapsed=4.21349s elapsed=273.001s
      D_6 capped mod 9223372036854775507 packed step 51/51 processed=2000000/16185908 next_states=2673184 step_elapsed=5.77587s elapsed=274.563s
      D_6 capped mod 9223372036854775507 packed step 51/51 processed=2500000/16185908 next_states=3306863 step_elapsed=7.4085s elapsed=276.196s
      D_6 capped mod 9223372036854775507 packed step 51/51 processed=3000000/16185908 next_states=3928454 step_elapsed=9.09777s elapsed=277.885s
      D_6 capped mod 9223372036854775507 packed step 51/51 processed=3500000/16185908 next_states=4563526 step_elapsed=10.6775s elapsed=279.465s
      D_6 capped mod 9223372036854775507 packed step 51/51 processed=4000000/16185908 next_states=5173116 step_elapsed=12.496s elapsed=281.283s
      D_6 capped mod 9223372036854775507 packed step 51/51 processed=4500000/16185908 next_states=5801274 step_elapsed=14.1206s elapsed=282.908s
      D_6 capped mod 9223372036854775507 packed step 51/51 processed=5000000/16185908 next_states=6402565 step_elapsed=16.0301s elapsed=284.817s
      D_6 capped mod 9223372036854775507 packed step 51/51 processed=5500000/16185908 next_states=7032006 step_elapsed=17.6794s elapsed=286.467s
      D_6 capped mod 9223372036854775507 packed step 51/51 processed=6000000/16185908 next_states=7624169 step_elapsed=19.6842s elapsed=288.471s
      D_6 capped mod 9223372036854775507 packed step 51/51 processed=6500000/16185908 next_states=8239580 step_elapsed=21.4787s elapsed=290.266s
      D_6 capped mod 9223372036854775507 packed step 51/51 processed=7000000/16185908 next_states=8834266 step_elapsed=23.3305s elapsed=292.118s
      D_6 capped mod 9223372036854775507 packed step 51/51 processed=7500000/16185908 next_states=9416780 step_elapsed=25.415s elapsed=294.202s
      D_6 capped mod 9223372036854775507 packed step 51/51 processed=8000000/16185908 next_states=10032085 step_elapsed=27.1794s elapsed=295.967s
      D_6 capped mod 9223372036854775507 packed step 51/51 processed=8500000/16185908 next_states=10608266 step_elapsed=29.2005s elapsed=297.988s
      D_6 capped mod 9223372036854775507 packed step 51/51 processed=9000000/16185908 next_states=11174718 step_elapsed=31.4928s elapsed=300.28s
      D_6 capped mod 9223372036854775507 packed step 51/51 processed=9500000/16185908 next_states=11787364 step_elapsed=33.3701s elapsed=302.157s
      D_6 capped mod 9223372036854775507 packed step 51/51 processed=10000000/16185908 next_states=12351910 step_elapsed=35.4276s elapsed=304.215s
      D_6 capped mod 9223372036854775507 packed step 51/51 processed=10500000/16185908 next_states=12904514 step_elapsed=37.6668s elapsed=306.454s
      D_6 capped mod 9223372036854775507 packed step 51/51 processed=11000000/16185908 next_states=13504410 step_elapsed=39.5563s elapsed=308.343s
      D_6 capped mod 9223372036854775507 packed step 51/51 processed=11500000/16185908 next_states=14059161 step_elapsed=41.6064s elapsed=310.394s
      D_6 capped mod 9223372036854775507 packed step 51/51 processed=12000000/16185908 next_states=14598244 step_elapsed=43.7727s elapsed=312.56s
      D_6 capped mod 9223372036854775507 packed step 51/51 processed=12500000/16185908 next_states=15186797 step_elapsed=45.6942s elapsed=314.481s
      D_6 capped mod 9223372036854775507 packed step 51/51 processed=13000000/16185908 next_states=15719286 step_elapsed=47.7197s elapsed=316.507s
      D_6 capped mod 9223372036854775507 packed step 51/51 processed=13500000/16185908 next_states=16268589 step_elapsed=49.6951s elapsed=318.482s
      D_6 capped mod 9223372036854775507 packed step 51/51 processed=14000000/16185908 next_states=16811922 step_elapsed=51.7618s elapsed=320.549s
      D_6 capped mod 9223372036854775507 packed step 51/51 processed=14500000/16185908 next_states=17332961 step_elapsed=53.6935s elapsed=322.481s
      D_6 capped mod 9223372036854775507 packed step 51/51 processed=15000000/16185908 next_states=17859349 step_elapsed=55.9251s elapsed=324.712s
      D_6 capped mod 9223372036854775507 packed step 51/51 processed=15500000/16185908 next_states=18377475 step_elapsed=57.9087s elapsed=326.696s
      D_6 capped mod 9223372036854775507 packed step 51/51 processed=16000000/16185908 next_states=18865824 step_elapsed=59.6558s elapsed=328.443s
    D_6 capped mod 9223372036854775507 forward step 51/51 states=19039043 elapsed=329.098s
      D_6 capped mod scan m_51 processed=500000/19039043 elapsed=0.00204355s
      D_6 capped mod scan m_51 processed=1000000/19039043 elapsed=0.00425523s
      D_6 capped mod scan m_51 processed=1500000/19039043 elapsed=0.00635763s
      D_6 capped mod scan m_51 processed=2000000/19039043 elapsed=0.00861555s
      D_6 capped mod scan m_51 processed=2500000/19039043 elapsed=0.0108942s
      D_6 capped mod scan m_51 processed=3000000/19039043 elapsed=0.0134078s
      D_6 capped mod scan m_51 processed=3500000/19039043 elapsed=0.0155755s
      D_6 capped mod scan m_51 processed=4000000/19039043 elapsed=0.0177647s
      D_6 capped mod scan m_51 processed=4500000/19039043 elapsed=0.0200419s
      D_6 capped mod scan m_51 processed=5000000/19039043 elapsed=0.0224495s
      D_6 capped mod scan m_51 processed=5500000/19039043 elapsed=0.0246252s
      D_6 capped mod scan m_51 processed=6000000/19039043 elapsed=0.0268373s
      D_6 capped mod scan m_51 processed=6500000/19039043 elapsed=0.0292235s
      D_6 capped mod scan m_51 processed=7000000/19039043 elapsed=0.0315387s
      D_6 capped mod scan m_51 processed=7500000/19039043 elapsed=0.0340051s
      D_6 capped mod scan m_51 processed=8000000/19039043 elapsed=0.0364635s
      D_6 capped mod scan m_51 processed=8500000/19039043 elapsed=0.0385345s
      D_6 capped mod scan m_51 processed=9000000/19039043 elapsed=0.0409519s
      D_6 capped mod scan m_51 processed=9500000/19039043 elapsed=0.043238s
      D_6 capped mod scan m_51 processed=10000000/19039043 elapsed=0.0457106s
      D_6 capped mod scan m_51 processed=10500000/19039043 elapsed=0.0482726s
      D_6 capped mod scan m_51 processed=11000000/19039043 elapsed=0.0507357s
      D_6 capped mod scan m_51 processed=11500000/19039043 elapsed=0.0531516s
      D_6 capped mod scan m_51 processed=12000000/19039043 elapsed=0.0553965s
      D_6 capped mod scan m_51 processed=12500000/19039043 elapsed=0.0577996s
      D_6 capped mod scan m_51 processed=13000000/19039043 elapsed=0.0601787s
      D_6 capped mod scan m_51 processed=13500000/19039043 elapsed=0.0627529s
      D_6 capped mod scan m_51 processed=14000000/19039043 elapsed=0.0653015s
      D_6 capped mod scan m_51 processed=14500000/19039043 elapsed=0.0678238s
      D_6 capped mod scan m_51 processed=15000000/19039043 elapsed=0.0702597s
      D_6 capped mod scan m_51 processed=15500000/19039043 elapsed=0.0727035s
      D_6 capped mod scan m_51 processed=16000000/19039043 elapsed=0.0751856s
      D_6 capped mod scan m_51 processed=16500000/19039043 elapsed=0.0778051s
      D_6 capped mod scan m_51 processed=17000000/19039043 elapsed=0.0805962s
      D_6 capped mod scan m_51 processed=17500000/19039043 elapsed=0.0833914s
      D_6 capped mod scan m_51 processed=18000000/19039043 elapsed=0.0859828s
      D_6 capped mod scan m_51 processed=18500000/19039043 elapsed=0.0888485s
      D_6 capped mod scan m_51 processed=19000000/19039043 elapsed=0.0915956s
D_6 MOD 9223372036854775507 m_51 kept_even=378682950798062328 det=3785839820679132380
