D capped suffix modular moment range rank 8 moments m_8..m_49 row cap 16 modulus 9223372036854775643 C++ certificate
begin D_8=SO(16) mod 9223372036854775643
    D_8 capped mod 9223372036854775643 forward step 1/49 states=1 elapsed=4.098e-06s
    D_8 capped mod 9223372036854775643 forward step 2/49 states=3 elapsed=2.684e-05s
    D_8 capped mod 9223372036854775643 forward step 3/49 states=7 elapsed=3.196e-05s
    D_8 capped mod 9223372036854775643 forward step 4/49 states=15 elapsed=3.6037e-05s
    D_8 capped mod 9223372036854775643 forward step 5/49 states=30 elapsed=4.1097e-05s
    D_8 capped mod 9223372036854775643 forward step 6/49 states=58 elapsed=5.36e-05s
    D_8 capped mod 9223372036854775643 forward step 7/49 states=105 elapsed=8.6582e-05s
    D_8 capped mod 9223372036854775643 forward step 8/49 states=186 elapsed=0.000127488s
D_8 MOD 9223372036854775643 m_8 kept_even=6202 det=1
    D_8 capped mod 9223372036854775643 forward step 9/49 states=316 elapsed=0.000216495s
D_8 MOD 9223372036854775643 m_9 kept_even=52552 det=28
    D_8 capped mod 9223372036854775643 forward step 10/49 states=523 elapsed=0.000355644s
D_8 MOD 9223372036854775643 m_10 kept_even=499194 det=666
    D_8 capped mod 9223372036854775643 forward step 11/49 states=844 elapsed=0.000667206s
D_8 MOD 9223372036854775643 m_11 kept_even=5238370 det=14455
    D_8 capped mod 9223372036854775643 forward step 12/49 states=1335 elapsed=0.00108249s
D_8 MOD 9223372036854775643 m_12 kept_even=60222844 det=305866
    D_8 capped mod 9223372036854775643 forward step 13/49 states=2067 elapsed=0.00184804s
D_8 MOD 9223372036854775643 m_13 kept_even=752587764 det=6459168
    D_8 capped mod 9223372036854775643 forward step 14/49 states=3150 elapsed=0.0032052s
D_8 MOD 9223372036854775643 m_14 kept_even=10157945044 det=138031972
    D_8 capped mod 9223372036854775643 forward step 15/49 states=4723 elapsed=0.00525663s
D_8 MOD 9223372036854775643 m_15 kept_even=147267180508 det=3007636594
    D_8 capped mod 9223372036854775643 forward step 16/49 states=6981 elapsed=0.00894413s
D_8 MOD 9223372036854775643 m_16 kept_even=2282355168060 det=67119124710
    D_8 capped mod 9223372036854775643 forward step 17/49 states=10184 elapsed=0.0141007s
D_8 MOD 9223372036854775643 m_17 kept_even=37655003545816 det=1538019964864
    D_8 capped mod 9223372036854775643 forward step 18/49 states=14683 elapsed=0.0219016s
D_8 MOD 9223372036854775643 m_18 kept_even=658906677533857 det=36240947787547
    D_8 capped mod 9223372036854775643 forward step 19/49 states=20928 elapsed=0.034466s
D_8 MOD 9223372036854775643 m_19 kept_even=12188903002547949 det=878766673746078
    D_8 capped mod 9223372036854775643 forward step 20/49 states=29530 elapsed=0.0533212s
D_8 MOD 9223372036854775643 m_20 kept_even=237668928382288948 det=21932896552841251
    D_8 capped mod 9223372036854775643 forward step 21/49 states=41263 elapsed=0.0810037s
D_8 MOD 9223372036854775643 m_21 kept_even=4871938861326712090 det=563436555746305780
    D_8 capped mod 9223372036854775643 forward step 22/49 states=57142 elapsed=0.124994s
D_8 MOD 9223372036854775643 m_22 kept_even=3283679081848011368 det=5670580003856085088
    D_8 capped mod 9223372036854775643 forward step 23/49 states=78465 elapsed=0.193126s
D_8 MOD 9223372036854775643 m_23 kept_even=4553604272035176331 det=8363082022495469321
    D_8 capped mod 9223372036854775643 forward step 24/49 states=106897 elapsed=0.288677s
D_8 MOD 9223372036854775643 m_24 kept_even=5312234369470917412 det=3494401060277587597
    D_8 capped mod 9223372036854775643 forward step 25/49 states=144534 elapsed=0.427992s
D_8 MOD 9223372036854775643 m_25 kept_even=3783159053671093568 det=5725257462522646211
    D_8 capped mod 9223372036854775643 forward step 26/49 states=194055 elapsed=0.67205s
D_8 MOD 9223372036854775643 m_26 kept_even=9050676528960288353 det=5364909921465798537
    D_8 capped mod 9223372036854775643 forward step 27/49 states=258796 elapsed=0.996228s
D_8 MOD 9223372036854775643 m_27 kept_even=3247610287086005490 det=211522984053480635
    D_8 capped mod 9223372036854775643 forward step 28/49 states=342951 elapsed=1.43575s
D_8 MOD 9223372036854775643 m_28 kept_even=1004247434144904591 det=9119095192992615597
    D_8 capped mod 9223372036854775643 forward step 29/49 states=451730 elapsed=2.17003s
D_8 MOD 9223372036854775643 m_29 kept_even=670872542693179901 det=1975752497460528782
    D_8 capped mod 9223372036854775643 forward step 30/49 states=591608 elapsed=3.08099s
      D_8 capped mod scan m_30 processed=500000/591608 elapsed=0.00347159s
D_8 MOD 9223372036854775643 m_30 kept_even=6038972659515359678 det=6110416359246439576
      D_8 capped mod 9223372036854775643 packed step 31/49 processed=500000/591608 next_states=670688 step_elapsed=1.06293s elapsed=4.14876s
    D_8 capped mod 9223372036854775643 forward step 31/49 states=770544 elapsed=4.34874s
      D_8 capped mod scan m_31 processed=500000/770544 elapsed=0.00161942s
D_8 MOD 9223372036854775643 m_31 kept_even=7393885740365754254 det=6319381708652018090
      D_8 capped mod 9223372036854775643 packed step 32/49 processed=500000/770544 next_states=684696 step_elapsed=1.16661s elapsed=5.52706s
    D_8 capped mod 9223372036854775643 forward step 32/49 states=998375 elapsed=6.19969s
      D_8 capped mod scan m_32 processed=500000/998375 elapsed=0.00156572s
D_8 MOD 9223372036854775643 m_32 kept_even=2165388874174271858 det=1992586918024247419
      D_8 capped mod 9223372036854775643 packed step 33/49 processed=500000/998375 next_states=696766 step_elapsed=1.06703s elapsed=7.27194s
    D_8 capped mod 9223372036854775643 forward step 33/49 states=1287097 elapsed=8.5846s
      D_8 capped mod scan m_33 processed=500000/1287097 elapsed=0.00158844s
      D_8 capped mod scan m_33 processed=1000000/1287097 elapsed=0.0033869s
D_8 MOD 9223372036854775643 m_33 kept_even=3139825209585467185 det=5257876409409090923
      D_8 capped mod 9223372036854775643 packed step 34/49 processed=500000/1287097 next_states=705681 step_elapsed=1.05396s elapsed=9.647s
      D_8 capped mod 9223372036854775643 packed step 34/49 processed=1000000/1287097 next_states=1334114 step_elapsed=2.37192s elapsed=10.965s
    D_8 capped mod 9223372036854775643 forward step 34/49 states=1651381 elapsed=11.6969s
      D_8 capped mod scan m_34 processed=500000/1651381 elapsed=0.00166825s
      D_8 capped mod scan m_34 processed=1000000/1651381 elapsed=0.00343046s
      D_8 capped mod scan m_34 processed=1500000/1651381 elapsed=0.00543039s
D_8 MOD 9223372036854775643 m_34 kept_even=5165042443534323294 det=2909199238158180036
      D_8 capped mod 9223372036854775643 packed step 35/49 processed=500000/1651381 next_states=711239 step_elapsed=1.07728s elapsed=12.8033s
      D_8 capped mod 9223372036854775643 packed step 35/49 processed=1000000/1651381 next_states=1355292 step_elapsed=2.53063s elapsed=14.2566s
      D_8 capped mod 9223372036854775643 packed step 35/49 processed=1500000/1651381 next_states=1950987 step_elapsed=4.02974s elapsed=15.7557s
    D_8 capped mod 9223372036854775643 forward step 35/49 states=2109049 elapsed=16.1609s
      D_8 capped mod scan m_35 processed=500000/2109049 elapsed=0.00166088s
      D_8 capped mod scan m_35 processed=1000000/2109049 elapsed=0.00346663s
      D_8 capped mod scan m_35 processed=1500000/2109049 elapsed=0.00537325s
      D_8 capped mod scan m_35 processed=2000000/2109049 elapsed=0.00753998s
D_8 MOD 9223372036854775643 m_35 kept_even=6477082168501478787 det=7734211251675487406
      D_8 capped mod 9223372036854775643 packed step 36/49 processed=500000/2109049 next_states=714003 step_elapsed=1.10298s elapsed=17.2948s
      D_8 capped mod 9223372036854775643 packed step 36/49 processed=1000000/2109049 next_states=1374251 step_elapsed=2.56545s elapsed=18.7573s
      D_8 capped mod 9223372036854775643 packed step 36/49 processed=1500000/2109049 next_states=1998330 step_elapsed=4.17561s elapsed=20.3675s
      D_8 capped mod 9223372036854775643 packed step 36/49 processed=2000000/2109049 next_states=2570282 step_elapsed=5.7721s elapsed=21.9639s
    D_8 capped mod 9223372036854775643 forward step 36/49 states=2681714 elapsed=22.2586s
      D_8 capped mod scan m_36 processed=500000/2681714 elapsed=0.00160171s
      D_8 capped mod scan m_36 processed=1000000/2681714 elapsed=0.00331765s
      D_8 capped mod scan m_36 processed=1500000/2681714 elapsed=0.00513101s
      D_8 capped mod scan m_36 processed=2000000/2681714 elapsed=0.00698455s
      D_8 capped mod scan m_36 processed=2500000/2681714 elapsed=0.00908966s
D_8 MOD 9223372036854775643 m_36 kept_even=1225835951216957500 det=5600703509576692150
      D_8 capped mod 9223372036854775643 packed step 37/49 processed=500000/2681714 next_states=714444 step_elapsed=1.17359s elapsed=23.4927s
      D_8 capped mod 9223372036854775643 packed step 37/49 processed=1000000/2681714 next_states=1387890 step_elapsed=2.58922s elapsed=24.9083s
      D_8 capped mod 9223372036854775643 packed step 37/49 processed=1500000/2681714 next_states=2021819 step_elapsed=4.16933s elapsed=26.4884s
      D_8 capped mod 9223372036854775643 packed step 37/49 processed=2000000/2681714 next_states=2638584 step_elapsed=5.75748s elapsed=28.0766s
      D_8 capped mod 9223372036854775643 packed step 37/49 processed=2500000/2681714 next_states=3209927 step_elapsed=7.38125s elapsed=29.7003s
    D_8 capped mod 9223372036854775643 forward step 37/49 states=3395434 elapsed=30.2038s
      D_8 capped mod scan m_37 processed=500000/3395434 elapsed=0.00159087s
      D_8 capped mod scan m_37 processed=1000000/3395434 elapsed=0.00328143s
      D_8 capped mod scan m_37 processed=1500000/3395434 elapsed=0.00502208s
      D_8 capped mod scan m_37 processed=2000000/3395434 elapsed=0.00691523s
      D_8 capped mod scan m_37 processed=2500000/3395434 elapsed=0.00875189s
      D_8 capped mod scan m_37 processed=3000000/3395434 elapsed=0.0108698s
D_8 MOD 9223372036854775643 m_37 kept_even=2489425817491424238 det=3586811448168597897
      D_8 capped mod 9223372036854775643 packed step 38/49 processed=500000/3395434 next_states=719303 step_elapsed=1.22833s elapsed=31.486s
      D_8 capped mod 9223372036854775643 packed step 38/49 processed=1000000/3395434 next_states=1394408 step_elapsed=2.6498s elapsed=32.9075s
      D_8 capped mod 9223372036854775643 packed step 38/49 processed=1500000/3395434 next_states=2046063 step_elapsed=4.25874s elapsed=34.5164s
      D_8 capped mod 9223372036854775643 packed step 38/49 processed=2000000/3395434 next_states=2672443 step_elapsed=5.99945s elapsed=36.2571s
      D_8 capped mod 9223372036854775643 packed step 38/49 processed=2500000/3395434 next_states=3279942 step_elapsed=7.77841s elapsed=38.0361s
      D_8 capped mod 9223372036854775643 packed step 38/49 processed=3000000/3395434 next_states=3863184 step_elapsed=9.55605s elapsed=39.8137s
    D_8 capped mod 9223372036854775643 forward step 38/49 states=4281651 elapsed=41.0477s
      D_8 capped mod scan m_38 processed=500000/4281651 elapsed=0.00167339s
      D_8 capped mod scan m_38 processed=1000000/4281651 elapsed=0.00341652s
      D_8 capped mod scan m_38 processed=1500000/4281651 elapsed=0.0050537s
      D_8 capped mod scan m_38 processed=2000000/4281651 elapsed=0.00689384s
      D_8 capped mod scan m_38 processed=2500000/4281651 elapsed=0.00873001s
      D_8 capped mod scan m_38 processed=3000000/4281651 elapsed=0.0106164s
      D_8 capped mod scan m_38 processed=3500000/4281651 elapsed=0.0125804s
      D_8 capped mod scan m_38 processed=4000000/4281651 elapsed=0.0146732s
D_8 MOD 9223372036854775643 m_38 kept_even=3100905170147812046 det=3503388825731252553
      D_8 capped mod 9223372036854775643 packed step 39/49 processed=500000/4281651 next_states=721815 step_elapsed=1.29593s elapsed=42.4078s
      D_8 capped mod 9223372036854775643 packed step 39/49 processed=1000000/4281651 next_states=1398803 step_elapsed=2.87053s elapsed=43.9824s
      D_8 capped mod 9223372036854775643 packed step 39/49 processed=1500000/4281651 next_states=2063660 step_elapsed=4.4406s elapsed=45.5525s
      D_8 capped mod 9223372036854775643 packed step 39/49 processed=2000000/4281651 next_states=2704711 step_elapsed=6.36957s elapsed=47.4815s
      D_8 capped mod 9223372036854775643 packed step 39/49 processed=2500000/4281651 next_states=3329945 step_elapsed=8.37689s elapsed=49.4888s
      D_8 capped mod 9223372036854775643 packed step 39/49 processed=3000000/4281651 next_states=3940851 step_elapsed=10.5048s elapsed=51.6167s
      D_8 capped mod 9223372036854775643 packed step 39/49 processed=3500000/4281651 next_states=4528396 step_elapsed=12.4749s elapsed=53.5868s
      D_8 capped mod 9223372036854775643 packed step 39/49 processed=4000000/4281651 next_states=5088224 step_elapsed=14.4098s elapsed=55.5217s
    D_8 capped mod 9223372036854775643 forward step 39/49 states=5378026 elapsed=56.4282s
      D_8 capped mod scan m_39 processed=500000/5378026 elapsed=0.0016145s
      D_8 capped mod scan m_39 processed=1000000/5378026 elapsed=0.00340605s
      D_8 capped mod scan m_39 processed=1500000/5378026 elapsed=0.00519468s
      D_8 capped mod scan m_39 processed=2000000/5378026 elapsed=0.00779462s
      D_8 capped mod scan m_39 processed=2500000/5378026 elapsed=0.00969123s
      D_8 capped mod scan m_39 processed=3000000/5378026 elapsed=0.0114178s
      D_8 capped mod scan m_39 processed=3500000/5378026 elapsed=0.0134174s
      D_8 capped mod scan m_39 processed=4000000/5378026 elapsed=0.0153342s
      D_8 capped mod scan m_39 processed=4500000/5378026 elapsed=0.0174124s
      D_8 capped mod scan m_39 processed=5000000/5378026 elapsed=0.0195527s
D_8 MOD 9223372036854775643 m_39 kept_even=9089635607555079947 det=2865651314265858683
      D_8 capped mod 9223372036854775643 packed step 40/49 processed=500000/5378026 next_states=723860 step_elapsed=1.17065s elapsed=57.7008s
      D_8 capped mod 9223372036854775643 packed step 40/49 processed=1000000/5378026 next_states=1405318 step_elapsed=2.77822s elapsed=59.3084s
      D_8 capped mod 9223372036854775643 packed step 40/49 processed=1500000/5378026 next_states=2076406 step_elapsed=4.31345s elapsed=60.8436s
      D_8 capped mod 9223372036854775643 packed step 40/49 processed=2000000/5378026 next_states=2729231 step_elapsed=5.98257s elapsed=62.5128s
      D_8 capped mod 9223372036854775643 packed step 40/49 processed=2500000/5378026 next_states=3365741 step_elapsed=7.80591s elapsed=64.3361s
      D_8 capped mod 9223372036854775643 packed step 40/49 processed=3000000/5378026 next_states=3980758 step_elapsed=9.7257s elapsed=66.2559s
      D_8 capped mod 9223372036854775643 packed step 40/49 processed=3500000/5378026 next_states=4598056 step_elapsed=11.6334s elapsed=68.1636s
      D_8 capped mod 9223372036854775643 packed step 40/49 processed=4000000/5378026 next_states=5199384 step_elapsed=13.5201s elapsed=70.0503s
      D_8 capped mod 9223372036854775643 packed step 40/49 processed=4500000/5378026 next_states=5783579 step_elapsed=15.4763s elapsed=72.0065s
      D_8 capped mod 9223372036854775643 packed step 40/49 processed=5000000/5378026 next_states=6337852 step_elapsed=17.3501s elapsed=73.8803s
    D_8 capped mod 9223372036854775643 forward step 40/49 states=6729677 elapsed=75.0685s
      D_8 capped mod scan m_40 processed=500000/6729677 elapsed=0.00162021s
      D_8 capped mod scan m_40 processed=1000000/6729677 elapsed=0.00327833s
      D_8 capped mod scan m_40 processed=1500000/6729677 elapsed=0.00485138s
      D_8 capped mod scan m_40 processed=2000000/6729677 elapsed=0.00665771s
      D_8 capped mod scan m_40 processed=2500000/6729677 elapsed=0.0082739s
      D_8 capped mod scan m_40 processed=3000000/6729677 elapsed=0.0101722s
      D_8 capped mod scan m_40 processed=3500000/6729677 elapsed=0.0119256s
      D_8 capped mod scan m_40 processed=4000000/6729677 elapsed=0.0137121s
      D_8 capped mod scan m_40 processed=4500000/6729677 elapsed=0.0156441s
      D_8 capped mod scan m_40 processed=5000000/6729677 elapsed=0.0175021s
      D_8 capped mod scan m_40 processed=5500000/6729677 elapsed=0.0194107s
      D_8 capped mod scan m_40 processed=6000000/6729677 elapsed=0.0215532s
      D_8 capped mod scan m_40 processed=6500000/6729677 elapsed=0.0236509s
D_8 MOD 9223372036854775643 m_40 kept_even=4338599676209897703 det=3972609766023782915
      D_8 capped mod 9223372036854775643 packed step 41/49 processed=500000/6729677 next_states=725870 step_elapsed=1.14941s elapsed=76.324s
      D_8 capped mod 9223372036854775643 packed step 41/49 processed=1000000/6729677 next_states=1411225 step_elapsed=2.56185s elapsed=77.7364s
      D_8 capped mod 9223372036854775643 packed step 41/49 processed=1500000/6729677 next_states=2084652 step_elapsed=4.0623s elapsed=79.2369s
      D_8 capped mod 9223372036854775643 packed step 41/49 processed=2000000/6729677 next_states=2741918 step_elapsed=5.70413s elapsed=80.8787s
      D_8 capped mod 9223372036854775643 packed step 41/49 processed=2500000/6729677 next_states=3382875 step_elapsed=7.47587s elapsed=82.6504s
      D_8 capped mod 9223372036854775643 packed step 41/49 processed=3000000/6729677 next_states=4024339 step_elapsed=9.2384s elapsed=84.4129s
      D_8 capped mod 9223372036854775643 packed step 41/49 processed=3500000/6729677 next_states=4656746 step_elapsed=11.2451s elapsed=86.4197s
      D_8 capped mod 9223372036854775643 packed step 41/49 processed=4000000/6729677 next_states=5258228 step_elapsed=13.3394s elapsed=88.514s
      D_8 capped mod 9223372036854775643 packed step 41/49 processed=4500000/6729677 next_states=5874334 step_elapsed=15.3891s elapsed=90.5637s
      D_8 capped mod 9223372036854775643 packed step 41/49 processed=5000000/6729677 next_states=6478784 step_elapsed=17.4176s elapsed=92.5922s
      D_8 capped mod 9223372036854775643 packed step 41/49 processed=5500000/6729677 next_states=7050933 step_elapsed=19.3534s elapsed=94.5279s
      D_8 capped mod 9223372036854775643 packed step 41/49 processed=6000000/6729677 next_states=7612763 step_elapsed=21.2861s elapsed=96.4606s
      D_8 capped mod 9223372036854775643 packed step 41/49 processed=6500000/6729677 next_states=8164142 step_elapsed=23.0113s elapsed=98.1859s
    D_8 capped mod 9223372036854775643 forward step 41/49 states=8390410 elapsed=98.898s
      D_8 capped mod scan m_41 processed=500000/8390410 elapsed=0.00161237s
      D_8 capped mod scan m_41 processed=1000000/8390410 elapsed=0.00323435s
      D_8 capped mod scan m_41 processed=1500000/8390410 elapsed=0.00503702s
      D_8 capped mod scan m_41 processed=2000000/8390410 elapsed=0.00662322s
      D_8 capped mod scan m_41 processed=2500000/8390410 elapsed=0.00844101s
      D_8 capped mod scan m_41 processed=3000000/8390410 elapsed=0.0101263s
      D_8 capped mod scan m_41 processed=3500000/8390410 elapsed=0.0118201s
      D_8 capped mod scan m_41 processed=4000000/8390410 elapsed=0.0137836s
      D_8 capped mod scan m_41 processed=4500000/8390410 elapsed=0.0155558s
      D_8 capped mod scan m_41 processed=5000000/8390410 elapsed=0.0173034s
      D_8 capped mod scan m_41 processed=5500000/8390410 elapsed=0.0190715s
      D_8 capped mod scan m_41 processed=6000000/8390410 elapsed=0.0211595s
      D_8 capped mod scan m_41 processed=6500000/8390410 elapsed=0.0231845s
      D_8 capped mod scan m_41 processed=7000000/8390410 elapsed=0.0251294s
      D_8 capped mod scan m_41 processed=7500000/8390410 elapsed=0.0272572s
      D_8 capped mod scan m_41 processed=8000000/8390410 elapsed=0.0294546s
D_8 MOD 9223372036854775643 m_41 kept_even=5863371056397086398 det=6421800915569732638
      D_8 capped mod 9223372036854775643 packed step 42/49 processed=500000/8390410 next_states=728605 step_elapsed=1.16515s elapsed=100.18s
      D_8 capped mod 9223372036854775643 packed step 42/49 processed=1000000/8390410 next_states=1416064 step_elapsed=2.58258s elapsed=101.597s
      D_8 capped mod 9223372036854775643 packed step 42/49 processed=1500000/8390410 next_states=2088001 step_elapsed=4.0992s elapsed=103.114s
      D_8 capped mod 9223372036854775643 packed step 42/49 processed=2000000/8390410 next_states=2746569 step_elapsed=5.79864s elapsed=104.814s
      D_8 capped mod 9223372036854775643 packed step 42/49 processed=2500000/8390410 next_states=3402362 step_elapsed=7.52422s elapsed=106.539s
      D_8 capped mod 9223372036854775643 packed step 42/49 processed=3000000/8390410 next_states=4053908 step_elapsed=9.22917s elapsed=108.244s
      D_8 capped mod 9223372036854775643 packed step 42/49 processed=3500000/8390410 next_states=4688809 step_elapsed=11.1255s elapsed=110.14s
      D_8 capped mod 9223372036854775643 packed step 42/49 processed=4000000/8390410 next_states=5319435 step_elapsed=13.0739s elapsed=112.089s
      D_8 capped mod 9223372036854775643 packed step 42/49 processed=4500000/8390410 next_states=5948815 step_elapsed=14.9885s elapsed=114.003s
      D_8 capped mod 9223372036854775643 packed step 42/49 processed=5000000/8390410 next_states=6552038 step_elapsed=17.0685s elapsed=116.083s
      D_8 capped mod 9223372036854775643 packed step 42/49 processed=5500000/8390410 next_states=7169799 step_elapsed=19.0328s elapsed=118.048s
      D_8 capped mod 9223372036854775643 packed step 42/49 processed=6000000/8390410 next_states=7752746 step_elapsed=21.2524s elapsed=120.267s
      D_8 capped mod 9223372036854775643 packed step 42/49 processed=6500000/8390410 next_states=8354255 step_elapsed=23.2747s elapsed=122.29s
      D_8 capped mod 9223372036854775643 packed step 42/49 processed=7000000/8390410 next_states=8914996 step_elapsed=25.426s elapsed=124.441s
      D_8 capped mod 9223372036854775643 packed step 42/49 processed=7500000/8390410 next_states=9482118 step_elapsed=27.584s elapsed=126.599s
      D_8 capped mod 9223372036854775643 packed step 42/49 processed=8000000/8390410 next_states=10025685 step_elapsed=29.5333s elapsed=128.548s
    D_8 capped mod 9223372036854775643 forward step 42/49 states=10424287 elapsed=129.93s
      D_8 capped mod scan m_42 processed=500000/10424287 elapsed=0.0017521s
      D_8 capped mod scan m_42 processed=1000000/10424287 elapsed=0.00346291s
      D_8 capped mod scan m_42 processed=1500000/10424287 elapsed=0.00516253s
      D_8 capped mod scan m_42 processed=2000000/10424287 elapsed=0.00706615s
      D_8 capped mod scan m_42 processed=2500000/10424287 elapsed=0.00878266s
      D_8 capped mod scan m_42 processed=3000000/10424287 elapsed=0.0106751s
      D_8 capped mod scan m_42 processed=3500000/10424287 elapsed=0.0126647s
      D_8 capped mod scan m_42 processed=4000000/10424287 elapsed=0.0146461s
      D_8 capped mod scan m_42 processed=4500000/10424287 elapsed=0.0164563s
      D_8 capped mod scan m_42 processed=5000000/10424287 elapsed=0.0183444s
      D_8 capped mod scan m_42 processed=5500000/10424287 elapsed=0.0205681s
      D_8 capped mod scan m_42 processed=6000000/10424287 elapsed=0.0224579s
      D_8 capped mod scan m_42 processed=6500000/10424287 elapsed=0.024304s
      D_8 capped mod scan m_42 processed=7000000/10424287 elapsed=0.0262341s
      D_8 capped mod scan m_42 processed=7500000/10424287 elapsed=0.0283733s
      D_8 capped mod scan m_42 processed=8000000/10424287 elapsed=0.0306331s
      D_8 capped mod scan m_42 processed=8500000/10424287 elapsed=0.0326555s
      D_8 capped mod scan m_42 processed=9000000/10424287 elapsed=0.034908s
      D_8 capped mod scan m_42 processed=9500000/10424287 elapsed=0.0371865s
      D_8 capped mod scan m_42 processed=10000000/10424287 elapsed=0.039406s
D_8 MOD 9223372036854775643 m_42 kept_even=3062100369577598274 det=3904085587836203596
      D_8 capped mod 9223372036854775643 packed step 43/49 processed=500000/10424287 next_states=728605 step_elapsed=1.38249s elapsed=131.519s
      D_8 capped mod 9223372036854775643 packed step 43/49 processed=1000000/10424287 next_states=1418982 step_elapsed=3.11107s elapsed=133.248s
      D_8 capped mod 9223372036854775643 packed step 43/49 processed=1500000/10424287 next_states=2091638 step_elapsed=5.13788s elapsed=135.274s
      D_8 capped mod 9223372036854775643 packed step 43/49 processed=2000000/10424287 next_states=2760151 step_elapsed=7.25016s elapsed=137.387s
      D_8 capped mod 9223372036854775643 packed step 43/49 processed=2500000/10424287 next_states=3422197 step_elapsed=9.27108s elapsed=139.408s
      D_8 capped mod 9223372036854775643 packed step 43/49 processed=3000000/10424287 next_states=4080404 step_elapsed=11.4953s elapsed=141.632s
      D_8 capped mod 9223372036854775643 packed step 43/49 processed=3500000/10424287 next_states=4709806 step_elapsed=13.8022s elapsed=143.939s
      D_8 capped mod 9223372036854775643 packed step 43/49 processed=4000000/10424287 next_states=5362226 step_elapsed=15.9624s elapsed=146.099s
      D_8 capped mod 9223372036854775643 packed step 43/49 processed=4500000/10424287 next_states=5981206 step_elapsed=18.5411s elapsed=148.678s
      D_8 capped mod 9223372036854775643 packed step 43/49 processed=5000000/10424287 next_states=6624013 step_elapsed=20.5972s elapsed=150.734s
      D_8 capped mod 9223372036854775643 packed step 43/49 processed=5500000/10424287 next_states=7230419 step_elapsed=23.5426s elapsed=153.679s
      D_8 capped mod 9223372036854775643 packed step 43/49 processed=6000000/10424287 next_states=7861131 step_elapsed=26.0146s elapsed=156.151s
      D_8 capped mod 9223372036854775643 packed step 43/49 processed=6500000/10424287 next_states=8456855 step_elapsed=28.5836s elapsed=158.72s
      D_8 capped mod 9223372036854775643 packed step 43/49 processed=7000000/10424287 next_states=9063783 step_elapsed=30.9341s elapsed=161.071s
      D_8 capped mod 9223372036854775643 packed step 43/49 processed=7500000/10424287 next_states=9656228 step_elapsed=33.3476s elapsed=163.484s
      D_8 capped mod 9223372036854775643 packed step 43/49 processed=8000000/10424287 next_states=10232775 step_elapsed=35.7992s elapsed=165.936s
      D_8 capped mod 9223372036854775643 packed step 43/49 processed=8500000/10424287 next_states=10822319 step_elapsed=38.0025s elapsed=168.139s
      D_8 capped mod 9223372036854775643 packed step 43/49 processed=9000000/10424287 next_states=11384925 step_elapsed=40.3005s elapsed=170.437s
      D_8 capped mod 9223372036854775643 packed step 43/49 processed=9500000/10424287 next_states=11938378 step_elapsed=42.5763s elapsed=172.713s
      D_8 capped mod 9223372036854775643 packed step 43/49 processed=10000000/10424287 next_states=12478051 step_elapsed=44.6081s elapsed=174.745s
    D_8 capped mod 9223372036854775643 forward step 43/49 states=12907264 elapsed=176.207s
      D_8 capped mod scan m_43 processed=500000/12907264 elapsed=0.00158319s
      D_8 capped mod scan m_43 processed=1000000/12907264 elapsed=0.00327338s
      D_8 capped mod scan m_43 processed=1500000/12907264 elapsed=0.00506226s
      D_8 capped mod scan m_43 processed=2000000/12907264 elapsed=0.00664975s
      D_8 capped mod scan m_43 processed=2500000/12907264 elapsed=0.00843583s
      D_8 capped mod scan m_43 processed=3000000/12907264 elapsed=0.0101735s
      D_8 capped mod scan m_43 processed=3500000/12907264 elapsed=0.0118059s
      D_8 capped mod scan m_43 processed=4000000/12907264 elapsed=0.0135717s
      D_8 capped mod scan m_43 processed=4500000/12907264 elapsed=0.0155442s
      D_8 capped mod scan m_43 processed=5000000/12907264 elapsed=0.0174884s
      D_8 capped mod scan m_43 processed=5500000/12907264 elapsed=0.0191997s
      D_8 capped mod scan m_43 processed=6000000/12907264 elapsed=0.0210126s
      D_8 capped mod scan m_43 processed=6500000/12907264 elapsed=0.0228401s
      D_8 capped mod scan m_43 processed=7000000/12907264 elapsed=0.0248993s
      D_8 capped mod scan m_43 processed=7500000/12907264 elapsed=0.0269681s
      D_8 capped mod scan m_43 processed=8000000/12907264 elapsed=0.0286403s
      D_8 capped mod scan m_43 processed=8500000/12907264 elapsed=0.0305313s
      D_8 capped mod scan m_43 processed=9000000/12907264 elapsed=0.03249s
      D_8 capped mod scan m_43 processed=9500000/12907264 elapsed=0.034546s
      D_8 capped mod scan m_43 processed=10000000/12907264 elapsed=0.036799s
      D_8 capped mod scan m_43 processed=10500000/12907264 elapsed=0.038751s
      D_8 capped mod scan m_43 processed=11000000/12907264 elapsed=0.0407872s
      D_8 capped mod scan m_43 processed=11500000/12907264 elapsed=0.0429015s
      D_8 capped mod scan m_43 processed=12000000/12907264 elapsed=0.0453017s
      D_8 capped mod scan m_43 processed=12500000/12907264 elapsed=0.0475466s
D_8 MOD 9223372036854775643 m_43 kept_even=7809305196121166085 det=3091752125208448842
      D_8 capped mod 9223372036854775643 packed step 44/49 processed=500000/12907264 next_states=728605 step_elapsed=1.26993s elapsed=177.7s
      D_8 capped mod 9223372036854775643 packed step 44/49 processed=1000000/12907264 next_states=1421688 step_elapsed=2.73114s elapsed=179.161s
      D_8 capped mod 9223372036854775643 packed step 44/49 processed=1500000/12907264 next_states=2099985 step_elapsed=4.39281s elapsed=180.823s
      D_8 capped mod 9223372036854775643 packed step 44/49 processed=2000000/12907264 next_states=2770277 step_elapsed=6.22452s elapsed=182.654s
      D_8 capped mod 9223372036854775643 packed step 44/49 processed=2500000/12907264 next_states=3434986 step_elapsed=8.07168s elapsed=184.501s
      D_8 capped mod 9223372036854775643 packed step 44/49 processed=3000000/12907264 next_states=4099260 step_elapsed=10.2002s elapsed=186.63s
      D_8 capped mod 9223372036854775643 packed step 44/49 processed=3500000/12907264 next_states=4740706 step_elapsed=12.2565s elapsed=188.686s
      D_8 capped mod 9223372036854775643 packed step 44/49 processed=4000000/12907264 next_states=5397093 step_elapsed=14.168s elapsed=190.598s
      D_8 capped mod 9223372036854775643 packed step 44/49 processed=4500000/12907264 next_states=6024957 step_elapsed=16.3065s elapsed=192.736s
      D_8 capped mod 9223372036854775643 packed step 44/49 processed=5000000/12907264 next_states=6669122 step_elapsed=18.3152s elapsed=194.745s
      D_8 capped mod 9223372036854775643 packed step 44/49 processed=5500000/12907264 next_states=7294753 step_elapsed=20.5408s elapsed=196.971s
      D_8 capped mod 9223372036854775643 packed step 44/49 processed=6000000/12907264 next_states=7908583 step_elapsed=22.8676s elapsed=199.297s
      D_8 capped mod 9223372036854775643 packed step 44/49 processed=6500000/12907264 next_states=8549966 step_elapsed=24.8187s elapsed=201.248s
      D_8 capped mod 9223372036854775643 packed step 44/49 processed=7000000/12907264 next_states=9153988 step_elapsed=27.1474s elapsed=203.577s
      D_8 capped mod 9223372036854775643 packed step 44/49 processed=7500000/12907264 next_states=9751795 step_elapsed=29.5118s elapsed=205.942s
      D_8 capped mod 9223372036854775643 packed step 44/49 processed=8000000/12907264 next_states=10382998 step_elapsed=31.6947s elapsed=208.124s
      D_8 capped mod 9223372036854775643 packed step 44/49 processed=8500000/12907264 next_states=10966217 step_elapsed=34.0589s elapsed=210.489s
      D_8 capped mod 9223372036854775643 packed step 44/49 processed=9000000/12907264 next_states=11567075 step_elapsed=36.2952s elapsed=212.725s
      D_8 capped mod 9223372036854775643 packed step 44/49 processed=9500000/12907264 next_states=12165217 step_elapsed=38.5529s elapsed=214.983s
      D_8 capped mod 9223372036854775643 packed step 44/49 processed=10000000/12907264 next_states=12731843 step_elapsed=41.0048s elapsed=217.435s
      D_8 capped mod 9223372036854775643 packed step 44/49 processed=10500000/12907264 next_states=13327370 step_elapsed=43.1351s elapsed=219.565s
      D_8 capped mod 9223372036854775643 packed step 44/49 processed=11000000/12907264 next_states=13883246 step_elapsed=45.4454s elapsed=221.875s
      D_8 capped mod 9223372036854775643 packed step 44/49 processed=11500000/12907264 next_states=14451381 step_elapsed=47.6247s elapsed=224.054s
      D_8 capped mod 9223372036854775643 packed step 44/49 processed=12000000/12907264 next_states=14984304 step_elapsed=49.8572s elapsed=226.287s
      D_8 capped mod 9223372036854775643 packed step 44/49 processed=12500000/12907264 next_states=15519304 step_elapsed=51.8304s elapsed=228.26s
    D_8 capped mod 9223372036854775643 forward step 44/49 states=15929352 elapsed=229.675s
      D_8 capped mod scan m_44 processed=500000/15929352 elapsed=0.00158438s
      D_8 capped mod scan m_44 processed=1000000/15929352 elapsed=0.00324322s
      D_8 capped mod scan m_44 processed=1500000/15929352 elapsed=0.00480219s
      D_8 capped mod scan m_44 processed=2000000/15929352 elapsed=0.00654174s
      D_8 capped mod scan m_44 processed=2500000/15929352 elapsed=0.00812096s
      D_8 capped mod scan m_44 processed=3000000/15929352 elapsed=0.00976821s
      D_8 capped mod scan m_44 processed=3500000/15929352 elapsed=0.0115905s
      D_8 capped mod scan m_44 processed=4000000/15929352 elapsed=0.0133914s
      D_8 capped mod scan m_44 processed=4500000/15929352 elapsed=0.0150068s
      D_8 capped mod scan m_44 processed=5000000/15929352 elapsed=0.0166924s
      D_8 capped mod scan m_44 processed=5500000/15929352 elapsed=0.0185606s
      D_8 capped mod scan m_44 processed=6000000/15929352 elapsed=0.0203943s
      D_8 capped mod scan m_44 processed=6500000/15929352 elapsed=0.0225209s
      D_8 capped mod scan m_44 processed=7000000/15929352 elapsed=0.0242381s
      D_8 capped mod scan m_44 processed=7500000/15929352 elapsed=0.0259978s
      D_8 capped mod scan m_44 processed=8000000/15929352 elapsed=0.0279123s
      D_8 capped mod scan m_44 processed=8500000/15929352 elapsed=0.0298366s
      D_8 capped mod scan m_44 processed=9000000/15929352 elapsed=0.0336658s
      D_8 capped mod scan m_44 processed=9500000/15929352 elapsed=0.0360791s
      D_8 capped mod scan m_44 processed=10000000/15929352 elapsed=0.0384629s
      D_8 capped mod scan m_44 processed=10500000/15929352 elapsed=0.040636s
      D_8 capped mod scan m_44 processed=11000000/15929352 elapsed=0.0426474s
      D_8 capped mod scan m_44 processed=11500000/15929352 elapsed=0.044671s
      D_8 capped mod scan m_44 processed=12000000/15929352 elapsed=0.046713s
      D_8 capped mod scan m_44 processed=12500000/15929352 elapsed=0.0490025s
      D_8 capped mod scan m_44 processed=13000000/15929352 elapsed=0.051263s
      D_8 capped mod scan m_44 processed=13500000/15929352 elapsed=0.0531437s
      D_8 capped mod scan m_44 processed=14000000/15929352 elapsed=0.0553311s
      D_8 capped mod scan m_44 processed=14500000/15929352 elapsed=0.0575677s
      D_8 capped mod scan m_44 processed=15000000/15929352 elapsed=0.0600424s
      D_8 capped mod scan m_44 processed=15500000/15929352 elapsed=0.0623233s
D_8 MOD 9223372036854775643 m_44 kept_even=8268270155246997110 det=2298957822123822490
      D_8 capped mod 9223372036854775643 packed step 45/49 processed=500000/15929352 next_states=728605 step_elapsed=1.28417s elapsed=231.19s
      D_8 capped mod 9223372036854775643 packed step 45/49 processed=1000000/15929352 next_states=1426113 step_elapsed=3.06203s elapsed=232.967s
      D_8 capped mod 9223372036854775643 packed step 45/49 processed=1500000/15929352 next_states=2104993 step_elapsed=4.92467s elapsed=234.83s
      D_8 capped mod 9223372036854775643 packed step 45/49 processed=2000000/15929352 next_states=2778429 step_elapsed=6.826s elapsed=236.731s
      D_8 capped mod 9223372036854775643 packed step 45/49 processed=2500000/15929352 next_states=3446945 step_elapsed=8.69177s elapsed=238.597s
      D_8 capped mod 9223372036854775643 packed step 45/49 processed=3000000/15929352 next_states=4110349 step_elapsed=10.6157s elapsed=240.521s
      D_8 capped mod 9223372036854775643 packed step 45/49 processed=3500000/15929352 next_states=4761961 step_elapsed=12.7903s elapsed=242.696s
      D_8 capped mod 9223372036854775643 packed step 45/49 processed=4000000/15929352 next_states=5417612 step_elapsed=14.8166s elapsed=244.722s
      D_8 capped mod 9223372036854775643 packed step 45/49 processed=4500000/15929352 next_states=6060791 step_elapsed=16.9827s elapsed=246.888s
      D_8 capped mod 9223372036854775643 packed step 45/49 processed=5000000/15929352 next_states=6689426 step_elapsed=19.3916s elapsed=249.297s
      D_8 capped mod 9223372036854775643 packed step 45/49 processed=5500000/15929352 next_states=7344720 step_elapsed=21.306s elapsed=251.211s
      D_8 capped mod 9223372036854775643 packed step 45/49 processed=6000000/15929352 next_states=7964225 step_elapsed=23.79s elapsed=253.695s
      D_8 capped mod 9223372036854775643 packed step 45/49 processed=6500000/15929352 next_states=8591189 step_elapsed=26.0966s elapsed=256.002s
      D_8 capped mod 9223372036854775643 packed step 45/49 processed=7000000/15929352 next_states=9234766 step_elapsed=28.2508s elapsed=258.156s
      D_8 capped mod 9223372036854775643 packed step 45/49 processed=7500000/15929352 next_states=9848185 step_elapsed=30.7857s elapsed=260.691s
      D_8 capped mod 9223372036854775643 packed step 45/49 processed=8000000/15929352 next_states=10447239 step_elapsed=33.2493s elapsed=263.155s
      D_8 capped mod 9223372036854775643 packed step 45/49 processed=8500000/15929352 next_states=11096135 step_elapsed=35.3837s elapsed=265.289s
      D_8 capped mod 9223372036854775643 packed step 45/49 processed=9000000/15929352 next_states=11691725 step_elapsed=37.8542s elapsed=267.76s
      D_8 capped mod 9223372036854775643 packed step 45/49 processed=9500000/15929352 next_states=12286997 step_elapsed=40.6475s elapsed=270.553s
      D_8 capped mod 9223372036854775643 packed step 45/49 processed=10000000/15929352 next_states=12912584 step_elapsed=42.8747s elapsed=272.78s
      D_8 capped mod 9223372036854775643 packed step 45/49 processed=10500000/15929352 next_states=13508167 step_elapsed=45.4571s elapsed=275.362s
      D_8 capped mod 9223372036854775643 packed step 45/49 processed=11000000/15929352 next_states=14089255 step_elapsed=48.2185s elapsed=278.124s
      D_8 capped mod 9223372036854775643 packed step 45/49 processed=11500000/15929352 next_states=14680030 step_elapsed=50.6635s elapsed=280.569s
      D_8 capped mod 9223372036854775643 packed step 45/49 processed=12000000/15929352 next_states=15283043 step_elapsed=53.2454s elapsed=283.151s
      D_8 capped mod 9223372036854775643 packed step 45/49 processed=12500000/15929352 next_states=15846354 step_elapsed=55.9458s elapsed=285.851s
      D_8 capped mod 9223372036854775643 packed step 45/49 processed=13000000/15929352 next_states=16415162 step_elapsed=58.4637s elapsed=288.369s
      D_8 capped mod 9223372036854775643 packed step 45/49 processed=13500000/15929352 next_states=17002355 step_elapsed=61.0849s elapsed=290.99s
      D_8 capped mod 9223372036854775643 packed step 45/49 processed=14000000/15929352 next_states=17542541 step_elapsed=63.6766s elapsed=293.582s
      D_8 capped mod 9223372036854775643 packed step 45/49 processed=14500000/15929352 next_states=18113450 step_elapsed=66.0993s elapsed=296.005s
      D_8 capped mod 9223372036854775643 packed step 45/49 processed=15000000/15929352 next_states=18635330 step_elapsed=68.5364s elapsed=298.442s
      D_8 capped mod 9223372036854775643 packed step 45/49 processed=15500000/15929352 next_states=19168079 step_elapsed=70.7501s elapsed=300.655s
    D_8 capped mod 9223372036854775643 forward step 45/49 states=19596728 elapsed=302.347s
      D_8 capped mod scan m_45 processed=500000/19596728 elapsed=0.00158877s
      D_8 capped mod scan m_45 processed=1000000/19596728 elapsed=0.00324809s
      D_8 capped mod scan m_45 processed=1500000/19596728 elapsed=0.00498783s
      D_8 capped mod scan m_45 processed=2000000/19596728 elapsed=0.00650352s
      D_8 capped mod scan m_45 processed=2500000/19596728 elapsed=0.00813399s
      D_8 capped mod scan m_45 processed=3000000/19596728 elapsed=0.00993696s
      D_8 capped mod scan m_45 processed=3500000/19596728 elapsed=0.0114041s
      D_8 capped mod scan m_45 processed=4000000/19596728 elapsed=0.0129997s
      D_8 capped mod scan m_45 processed=4500000/19596728 elapsed=0.0147823s
      D_8 capped mod scan m_45 processed=5000000/19596728 elapsed=0.0165252s
      D_8 capped mod scan m_45 processed=5500000/19596728 elapsed=0.0182006s
      D_8 capped mod scan m_45 processed=6000000/19596728 elapsed=0.0198236s
      D_8 capped mod scan m_45 processed=6500000/19596728 elapsed=0.0214856s
      D_8 capped mod scan m_45 processed=7000000/19596728 elapsed=0.0231664s
      D_8 capped mod scan m_45 processed=7500000/19596728 elapsed=0.0250282s
      D_8 capped mod scan m_45 processed=8000000/19596728 elapsed=0.0269265s
      D_8 capped mod scan m_45 processed=8500000/19596728 elapsed=0.0289997s
      D_8 capped mod scan m_45 processed=9000000/19596728 elapsed=0.0304946s
      D_8 capped mod scan m_45 processed=9500000/19596728 elapsed=0.0322106s
      D_8 capped mod scan m_45 processed=10000000/19596728 elapsed=0.0339122s
      D_8 capped mod scan m_45 processed=10500000/19596728 elapsed=0.0356971s
      D_8 capped mod scan m_45 processed=11000000/19596728 elapsed=0.0375373s
      D_8 capped mod scan m_45 processed=11500000/19596728 elapsed=0.0395265s
      D_8 capped mod scan m_45 processed=12000000/19596728 elapsed=0.0414811s
      D_8 capped mod scan m_45 processed=12500000/19596728 elapsed=0.0436887s
      D_8 capped mod scan m_45 processed=13000000/19596728 elapsed=0.0453479s
      D_8 capped mod scan m_45 processed=13500000/19596728 elapsed=0.0471994s
      D_8 capped mod scan m_45 processed=14000000/19596728 elapsed=0.0491109s
      D_8 capped mod scan m_45 processed=14500000/19596728 elapsed=0.0510362s
      D_8 capped mod scan m_45 processed=15000000/19596728 elapsed=0.0531442s
      D_8 capped mod scan m_45 processed=15500000/19596728 elapsed=0.0551938s
      D_8 capped mod scan m_45 processed=16000000/19596728 elapsed=0.0574281s
      D_8 capped mod scan m_45 processed=16500000/19596728 elapsed=0.0594767s
      D_8 capped mod scan m_45 processed=17000000/19596728 elapsed=0.0613304s
      D_8 capped mod scan m_45 processed=17500000/19596728 elapsed=0.0634736s
      D_8 capped mod scan m_45 processed=18000000/19596728 elapsed=0.0656456s
      D_8 capped mod scan m_45 processed=18500000/19596728 elapsed=0.0679934s
      D_8 capped mod scan m_45 processed=19000000/19596728 elapsed=0.0702385s
      D_8 capped mod scan m_45 processed=19500000/19596728 elapsed=0.0727708s
D_8 MOD 9223372036854775643 m_45 kept_even=1855938126286842798 det=5569491462093866719
      D_8 capped mod 9223372036854775643 packed step 46/49 processed=500000/19596728 next_states=728605 step_elapsed=1.26361s elapsed=303.865s
      D_8 capped mod 9223372036854775643 packed step 46/49 processed=1000000/19596728 next_states=1429419 step_elapsed=2.83324s elapsed=305.434s
      D_8 capped mod 9223372036854775643 packed step 46/49 processed=1500000/19596728 next_states=2109423 step_elapsed=4.53046s elapsed=307.131s
      D_8 capped mod 9223372036854775643 packed step 46/49 processed=2000000/19596728 next_states=2781808 step_elapsed=6.26431s elapsed=308.865s
      D_8 capped mod 9223372036854775643 packed step 46/49 processed=2500000/19596728 next_states=3457400 step_elapsed=7.96584s elapsed=310.567s
      D_8 capped mod 9223372036854775643 packed step 46/49 processed=3000000/19596728 next_states=4116839 step_elapsed=9.81737s elapsed=312.418s
      D_8 capped mod 9223372036854775643 packed step 46/49 processed=3500000/19596728 next_states=4776842 step_elapsed=11.6794s elapsed=314.28s
      D_8 capped mod 9223372036854775643 packed step 46/49 processed=4000000/19596728 next_states=5425876 step_elapsed=13.6606s elapsed=316.261s
      D_8 capped mod 9223372036854775643 packed step 46/49 processed=4500000/19596728 next_states=6083199 step_elapsed=15.6004s elapsed=318.201s
      D_8 capped mod 9223372036854775643 packed step 46/49 processed=5000000/19596728 next_states=6724483 step_elapsed=17.8294s elapsed=320.43s
      D_8 capped mod 9223372036854775643 packed step 46/49 processed=5500000/19596728 next_states=7383468 step_elapsed=19.6912s elapsed=322.292s
      D_8 capped mod 9223372036854775643 packed step 46/49 processed=6000000/19596728 next_states=8011190 step_elapsed=21.8921s elapsed=324.493s
      D_8 capped mod 9223372036854775643 packed step 46/49 processed=6500000/19596728 next_states=8641664 step_elapsed=24.415s elapsed=327.016s
      D_8 capped mod 9223372036854775643 packed step 46/49 processed=7000000/19596728 next_states=9292747 step_elapsed=26.4489s elapsed=329.05s
      D_8 capped mod 9223372036854775643 packed step 46/49 processed=7500000/19596728 next_states=9919807 step_elapsed=28.6954s elapsed=331.296s
      D_8 capped mod 9223372036854775643 packed step 46/49 processed=8000000/19596728 next_states=10535509 step_elapsed=31.1494s elapsed=333.75s
      D_8 capped mod 9223372036854775643 packed step 46/49 processed=8500000/19596728 next_states=11137134 step_elapsed=33.559s elapsed=336.16s
      D_8 capped mod 9223372036854775643 packed step 46/49 processed=9000000/19596728 next_states=11801009 step_elapsed=35.6564s elapsed=338.257s
      D_8 capped mod 9223372036854775643 packed step 46/49 processed=9500000/19596728 next_states=12406096 step_elapsed=38.0355s elapsed=340.636s
      D_8 capped mod 9223372036854775643 packed step 46/49 processed=10000000/19596728 next_states=13013848 step_elapsed=40.7801s elapsed=343.381s
      D_8 capped mod 9223372036854775643 packed step 46/49 processed=10500000/19596728 next_states=13608933 step_elapsed=43.5289s elapsed=346.13s
      D_8 capped mod 9223372036854775643 packed step 46/49 processed=11000000/19596728 next_states=14257076 step_elapsed=46.0113s elapsed=348.612s
      D_8 capped mod 9223372036854775643 packed step 46/49 processed=11500000/19596728 next_states=14852793 step_elapsed=48.8218s elapsed=351.423s
      D_8 capped mod 9223372036854775643 packed step 46/49 processed=12000000/19596728 next_states=15440907 step_elapsed=51.8404s elapsed=354.441s
      D_8 capped mod 9223372036854775643 packed step 46/49 processed=12500000/19596728 next_states=16021712 step_elapsed=54.6179s elapsed=357.219s
      D_8 capped mod 9223372036854775643 packed step 46/49 processed=13000000/19596728 next_states=16660363 step_elapsed=57.1863s elapsed=359.787s
      D_8 capped mod 9223372036854775643 packed step 46/49 processed=13500000/19596728 next_states=17246494 step_elapsed=60.1688s elapsed=362.77s
      D_8 capped mod 9223372036854775643 packed step 46/49 processed=14000000/19596728 next_states=17821006 step_elapsed=63.1911s elapsed=365.792s
      D_8 capped mod 9223372036854775643 packed step 46/49 processed=14500000/19596728 next_states=18385428 step_elapsed=66.0955s elapsed=368.696s
      D_8 capped mod 9223372036854775643 packed step 46/49 processed=15000000/19596728 next_states=19007459 step_elapsed=68.7156s elapsed=371.316s
      D_8 capped mod 9223372036854775643 packed step 46/49 processed=15500000/19596728 next_states=19574841 step_elapsed=71.5843s elapsed=374.185s
      D_8 capped mod 9223372036854775643 packed step 46/49 processed=16000000/19596728 next_states=20133065 step_elapsed=74.6884s elapsed=377.289s
      D_8 capped mod 9223372036854775643 packed step 46/49 processed=16500000/19596728 next_states=20710248 step_elapsed=77.3144s elapsed=379.915s
      D_8 capped mod 9223372036854775643 packed step 46/49 processed=17000000/19596728 next_states=21283660 step_elapsed=80.2867s elapsed=382.888s
      D_8 capped mod 9223372036854775643 packed step 46/49 processed=17500000/19596728 next_states=21819248 step_elapsed=83.438s elapsed=386.039s
      D_8 capped mod 9223372036854775643 packed step 46/49 processed=18000000/19596728 next_states=22383952 step_elapsed=86.2213s elapsed=388.822s
      D_8 capped mod 9223372036854775643 packed step 46/49 processed=18500000/19596728 next_states=22910606 step_elapsed=89.0596s elapsed=391.661s
      D_8 capped mod 9223372036854775643 packed step 46/49 processed=19000000/19596728 next_states=23445907 step_elapsed=91.5546s elapsed=394.156s
      D_8 capped mod 9223372036854775643 packed step 46/49 processed=19500000/19596728 next_states=23943973 step_elapsed=93.7022s elapsed=396.303s
    D_8 capped mod 9223372036854775643 forward step 46/49 states=24034527 elapsed=396.718s
      D_8 capped mod scan m_46 processed=500000/24034527 elapsed=0.00162916s
      D_8 capped mod scan m_46 processed=1000000/24034527 elapsed=0.00334592s
      D_8 capped mod scan m_46 processed=1500000/24034527 elapsed=0.00492921s
      D_8 capped mod scan m_46 processed=2000000/24034527 elapsed=0.00667809s
      D_8 capped mod scan m_46 processed=2500000/24034527 elapsed=0.00830307s
      D_8 capped mod scan m_46 processed=3000000/24034527 elapsed=0.00982136s
      D_8 capped mod scan m_46 processed=3500000/24034527 elapsed=0.0115465s
      D_8 capped mod scan m_46 processed=4000000/24034527 elapsed=0.0133839s
      D_8 capped mod scan m_46 processed=4500000/24034527 elapsed=0.0149263s
      D_8 capped mod scan m_46 processed=5000000/24034527 elapsed=0.0165057s
      D_8 capped mod scan m_46 processed=5500000/24034527 elapsed=0.0182131s
      D_8 capped mod scan m_46 processed=6000000/24034527 elapsed=0.019961s
      D_8 capped mod scan m_46 processed=6500000/24034527 elapsed=0.0217787s
      D_8 capped mod scan m_46 processed=7000000/24034527 elapsed=0.0237903s
      D_8 capped mod scan m_46 processed=7500000/24034527 elapsed=0.0253136s
      D_8 capped mod scan m_46 processed=8000000/24034527 elapsed=0.0270224s
      D_8 capped mod scan m_46 processed=8500000/24034527 elapsed=0.0287991s
      D_8 capped mod scan m_46 processed=9000000/24034527 elapsed=0.0305431s
      D_8 capped mod scan m_46 processed=9500000/24034527 elapsed=0.0322886s
      D_8 capped mod scan m_46 processed=10000000/24034527 elapsed=0.0344029s
      D_8 capped mod scan m_46 processed=10500000/24034527 elapsed=0.0362209s
      D_8 capped mod scan m_46 processed=11000000/24034527 elapsed=0.0382294s
      D_8 capped mod scan m_46 processed=11500000/24034527 elapsed=0.0400569s
      D_8 capped mod scan m_46 processed=12000000/24034527 elapsed=0.0417425s
      D_8 capped mod scan m_46 processed=12500000/24034527 elapsed=0.0435952s
      D_8 capped mod scan m_46 processed=13000000/24034527 elapsed=0.0453712s
      D_8 capped mod scan m_46 processed=13500000/24034527 elapsed=0.0471791s
      D_8 capped mod scan m_46 processed=14000000/24034527 elapsed=0.0490018s
      D_8 capped mod scan m_46 processed=14500000/24034527 elapsed=0.0510188s
      D_8 capped mod scan m_46 processed=15000000/24034527 elapsed=0.0530082s
      D_8 capped mod scan m_46 processed=15500000/24034527 elapsed=0.0550561s
      D_8 capped mod scan m_46 processed=16000000/24034527 elapsed=0.057196s
      D_8 capped mod scan m_46 processed=16500000/24034527 elapsed=0.0589033s
      D_8 capped mod scan m_46 processed=17000000/24034527 elapsed=0.0607002s
      D_8 capped mod scan m_46 processed=17500000/24034527 elapsed=0.0626644s
      D_8 capped mod scan m_46 processed=18000000/24034527 elapsed=0.0645894s
      D_8 capped mod scan m_46 processed=18500000/24034527 elapsed=0.0665715s
      D_8 capped mod scan m_46 processed=19000000/24034527 elapsed=0.0685266s
      D_8 capped mod scan m_46 processed=19500000/24034527 elapsed=0.0705663s
      D_8 capped mod scan m_46 processed=20000000/24034527 elapsed=0.0728169s
      D_8 capped mod scan m_46 processed=20500000/24034527 elapsed=0.0750892s
      D_8 capped mod scan m_46 processed=21000000/24034527 elapsed=0.0769642s
      D_8 capped mod scan m_46 processed=21500000/24034527 elapsed=0.0807538s
      D_8 capped mod scan m_46 processed=22000000/24034527 elapsed=0.0830731s
      D_8 capped mod scan m_46 processed=22500000/24034527 elapsed=0.0853908s
      D_8 capped mod scan m_46 processed=23000000/24034527 elapsed=0.0880387s
      D_8 capped mod scan m_46 processed=23500000/24034527 elapsed=0.090345s
      D_8 capped mod scan m_46 processed=24000000/24034527 elapsed=0.0930337s
D_8 MOD 9223372036854775643 m_46 kept_even=4788755076861377842 det=6808040713077277095
      D_8 capped mod 9223372036854775643 packed step 47/49 processed=500000/24034527 next_states=728605 step_elapsed=1.45528s elapsed=398.621s
      D_8 capped mod 9223372036854775643 packed step 47/49 processed=1000000/24034527 next_states=1429419 step_elapsed=3.44884s elapsed=400.614s
      D_8 capped mod 9223372036854775643 packed step 47/49 processed=1500000/24034527 next_states=2114412 step_elapsed=5.49198s elapsed=402.657s
      D_8 capped mod 9223372036854775643 packed step 47/49 processed=2000000/24034527 next_states=2789942 step_elapsed=7.56985s elapsed=404.735s
      D_8 capped mod 9223372036854775643 packed step 47/49 processed=2500000/24034527 next_states=3463690 step_elapsed=9.5448s elapsed=406.71s
      D_8 capped mod 9223372036854775643 packed step 47/49 processed=3000000/24034527 next_states=4119237 step_elapsed=11.7699s elapsed=408.935s
      D_8 capped mod 9223372036854775643 packed step 47/49 processed=3500000/24034527 next_states=4790889 step_elapsed=13.8519s elapsed=411.017s
      D_8 capped mod 9223372036854775643 packed step 47/49 processed=4000000/24034527 next_states=5438266 step_elapsed=16.2364s elapsed=413.402s
      D_8 capped mod 9223372036854775643 packed step 47/49 processed=4500000/24034527 next_states=6106591 step_elapsed=18.3298s elapsed=415.495s
      D_8 capped mod 9223372036854775643 packed step 47/49 processed=5000000/24034527 next_states=6750537 step_elapsed=20.9174s elapsed=418.083s
      D_8 capped mod 9223372036854775643 packed step 47/49 processed=5500000/24034527 next_states=7404318 step_elapsed=23.1633s elapsed=420.329s
      D_8 capped mod 9223372036854775643 packed step 47/49 processed=6000000/24034527 next_states=8051695 step_elapsed=25.4445s elapsed=422.61s
      D_8 capped mod 9223372036854775643 packed step 47/49 processed=6500000/24034527 next_states=8685608 step_elapsed=28.108s elapsed=425.273s
      D_8 capped mod 9223372036854775643 packed step 47/49 processed=7000000/24034527 next_states=9306974 step_elapsed=30.7782s elapsed=427.944s
      D_8 capped mod 9223372036854775643 packed step 47/49 processed=7500000/24034527 next_states=9977537 step_elapsed=33.0897s elapsed=430.255s
      D_8 capped mod 9223372036854775643 packed step 47/49 processed=8000000/24034527 next_states=10598043 step_elapsed=35.606s elapsed=432.771s
      D_8 capped mod 9223372036854775643 packed step 47/49 processed=8500000/24034527 next_states=11213925 step_elapsed=38.3297s elapsed=435.495s
      D_8 capped mod 9223372036854775643 packed step 47/49 processed=9000000/24034527 next_states=11844420 step_elapsed=40.7651s elapsed=437.931s
      D_8 capped mod 9223372036854775643 packed step 47/49 processed=9500000/24034527 next_states=12501786 step_elapsed=43.1839s elapsed=440.349s
      D_8 capped mod 9223372036854775643 packed step 47/49 processed=10000000/24034527 next_states=13109239 step_elapsed=45.8339s elapsed=442.999s
      D_8 capped mod 9223372036854775643 packed step 47/49 processed=10500000/24034527 next_states=13720555 step_elapsed=48.6004s elapsed=445.766s
      D_8 capped mod 9223372036854775643 packed step 47/49 processed=11000000/24034527 next_states=14332058 step_elapsed=51.3422s elapsed=448.508s
      D_8 capped mod 9223372036854775643 packed step 47/49 processed=11500000/24034527 next_states=14977270 step_elapsed=53.6998s elapsed=450.865s
      D_8 capped mod 9223372036854775643 packed step 47/49 processed=12000000/24034527 next_states=15598013 step_elapsed=56.3782s elapsed=453.544s
      D_8 capped mod 9223372036854775643 packed step 47/49 processed=12500000/24034527 next_states=16194724 step_elapsed=59.0625s elapsed=456.228s
      D_8 capped mod 9223372036854775643 packed step 47/49 processed=13000000/24034527 next_states=16794737 step_elapsed=62.0901s elapsed=459.255s
      D_8 capped mod 9223372036854775643 packed step 47/49 processed=13500000/24034527 next_states=17384053 step_elapsed=64.9796s elapsed=462.145s
      D_8 capped mod 9223372036854775643 packed step 47/49 processed=14000000/24034527 next_states=18026835 step_elapsed=67.3587s elapsed=464.524s
      D_8 capped mod 9223372036854775643 packed step 47/49 processed=14500000/24034527 next_states=18632962 step_elapsed=70.0261s elapsed=467.192s
      D_8 capped mod 9223372036854775643 packed step 47/49 processed=15000000/24034527 next_states=19217809 step_elapsed=73.0037s elapsed=470.169s
      D_8 capped mod 9223372036854775643 packed step 47/49 processed=15500000/24034527 next_states=19803221 step_elapsed=76.091s elapsed=473.256s
      D_8 capped mod 9223372036854775643 packed step 47/49 processed=16000000/24034527 next_states=20377195 step_elapsed=78.9559s elapsed=476.121s
      D_8 capped mod 9223372036854775643 packed step 47/49 processed=16500000/24034527 next_states=21011452 step_elapsed=81.5955s elapsed=478.761s
      D_8 capped mod 9223372036854775643 packed step 47/49 processed=17000000/24034527 next_states=21603079 step_elapsed=84.4751s elapsed=481.64s
      D_8 capped mod 9223372036854775643 packed step 47/49 processed=17500000/24034527 next_states=22173628 step_elapsed=87.342s elapsed=484.507s
      D_8 capped mod 9223372036854775643 packed step 47/49 processed=18000000/24034527 next_states=22739425 step_elapsed=90.5962s elapsed=487.762s
      D_8 capped mod 9223372036854775643 packed step 47/49 processed=18500000/24034527 next_states=23314906 step_elapsed=93.2096s elapsed=490.375s
      D_8 capped mod 9223372036854775643 packed step 47/49 processed=19000000/24034527 next_states=23924236 step_elapsed=95.9371s elapsed=493.102s
      D_8 capped mod 9223372036854775643 packed step 47/49 processed=19500000/24034527 next_states=24491340 step_elapsed=98.7331s elapsed=495.898s
      D_8 capped mod 9223372036854775643 packed step 47/49 processed=20000000/24034527 next_states=25041160 step_elapsed=101.64s elapsed=498.806s
      D_8 capped mod 9223372036854775643 packed step 47/49 processed=20500000/24034527 next_states=25594945 step_elapsed=104.461s elapsed=501.626s
      D_8 capped mod 9223372036854775643 packed step 47/49 processed=21000000/24034527 next_states=26187774 step_elapsed=107.148s elapsed=504.313s
      D_8 capped mod 9223372036854775643 packed step 47/49 processed=21500000/24034527 next_states=26727932 step_elapsed=109.985s elapsed=507.151s
      D_8 capped mod 9223372036854775643 packed step 47/49 processed=22000000/24034527 next_states=27253218 step_elapsed=112.956s elapsed=510.121s
      D_8 capped mod 9223372036854775643 packed step 47/49 processed=22500000/24034527 next_states=27823521 step_elapsed=115.428s elapsed=512.594s
      D_8 capped mod 9223372036854775643 packed step 47/49 processed=23000000/24034527 next_states=28334995 step_elapsed=117.951s elapsed=515.117s
      D_8 capped mod 9223372036854775643 packed step 47/49 processed=23500000/24034527 next_states=28866833 step_elapsed=120.233s elapsed=517.399s
      D_8 capped mod 9223372036854775643 packed step 47/49 processed=24000000/24034527 next_states=29358303 step_elapsed=122.18s elapsed=519.345s
    D_8 capped mod 9223372036854775643 forward step 47/49 states=29389759 elapsed=519.543s
      D_8 capped mod scan m_47 processed=500000/29389759 elapsed=0.00159407s
      D_8 capped mod scan m_47 processed=1000000/29389759 elapsed=0.00325893s
      D_8 capped mod scan m_47 processed=1500000/29389759 elapsed=0.0049928s
      D_8 capped mod scan m_47 processed=2000000/29389759 elapsed=0.00653227s
      D_8 capped mod scan m_47 processed=2500000/29389759 elapsed=0.00828683s
      D_8 capped mod scan m_47 processed=3000000/29389759 elapsed=0.0101424s
      D_8 capped mod scan m_47 processed=3500000/29389759 elapsed=0.0117379s
      D_8 capped mod scan m_47 processed=4000000/29389759 elapsed=0.013299s
      D_8 capped mod scan m_47 processed=4500000/29389759 elapsed=0.0151374s
      D_8 capped mod scan m_47 processed=5000000/29389759 elapsed=0.0169374s
      D_8 capped mod scan m_47 processed=5500000/29389759 elapsed=0.0189325s
      D_8 capped mod scan m_47 processed=6000000/29389759 elapsed=0.020457s
      D_8 capped mod scan m_47 processed=6500000/29389759 elapsed=0.0221733s
      D_8 capped mod scan m_47 processed=7000000/29389759 elapsed=0.0238248s
      D_8 capped mod scan m_47 processed=7500000/29389759 elapsed=0.0255098s
      D_8 capped mod scan m_47 processed=8000000/29389759 elapsed=0.0273455s
      D_8 capped mod scan m_47 processed=8500000/29389759 elapsed=0.029347s
      D_8 capped mod scan m_47 processed=9000000/29389759 elapsed=0.0312301s
      D_8 capped mod scan m_47 processed=9500000/29389759 elapsed=0.0330772s
      D_8 capped mod scan m_47 processed=10000000/29389759 elapsed=0.0347084s
      D_8 capped mod scan m_47 processed=10500000/29389759 elapsed=0.0364202s
      D_8 capped mod scan m_47 processed=11000000/29389759 elapsed=0.0381647s
      D_8 capped mod scan m_47 processed=11500000/29389759 elapsed=0.0399236s
      D_8 capped mod scan m_47 processed=12000000/29389759 elapsed=0.0417274s
      D_8 capped mod scan m_47 processed=12500000/29389759 elapsed=0.0435697s
      D_8 capped mod scan m_47 processed=13000000/29389759 elapsed=0.0456175s
      D_8 capped mod scan m_47 processed=13500000/29389759 elapsed=0.0477767s
      D_8 capped mod scan m_47 processed=14000000/29389759 elapsed=0.0497535s
      D_8 capped mod scan m_47 processed=14500000/29389759 elapsed=0.051935s
      D_8 capped mod scan m_47 processed=15000000/29389759 elapsed=0.0535307s
      D_8 capped mod scan m_47 processed=15500000/29389759 elapsed=0.0553076s
      D_8 capped mod scan m_47 processed=16000000/29389759 elapsed=0.0571487s
      D_8 capped mod scan m_47 processed=16500000/29389759 elapsed=0.0589993s
      D_8 capped mod scan m_47 processed=17000000/29389759 elapsed=0.060803s
      D_8 capped mod scan m_47 processed=17500000/29389759 elapsed=0.0629157s
      D_8 capped mod scan m_47 processed=18000000/29389759 elapsed=0.064744s
      D_8 capped mod scan m_47 processed=18500000/29389759 elapsed=0.0667284s
      D_8 capped mod scan m_47 processed=19000000/29389759 elapsed=0.0689209s
      D_8 capped mod scan m_47 processed=19500000/29389759 elapsed=0.0711286s
      D_8 capped mod scan m_47 processed=20000000/29389759 elapsed=0.0732263s
      D_8 capped mod scan m_47 processed=20500000/29389759 elapsed=0.0770967s
      D_8 capped mod scan m_47 processed=21000000/29389759 elapsed=0.0804014s
      D_8 capped mod scan m_47 processed=21500000/29389759 elapsed=0.0825255s
      D_8 capped mod scan m_47 processed=22000000/29389759 elapsed=0.084769s
      D_8 capped mod scan m_47 processed=22500000/29389759 elapsed=0.0873644s
      D_8 capped mod scan m_47 processed=23000000/29389759 elapsed=0.0896165s
      D_8 capped mod scan m_47 processed=23500000/29389759 elapsed=0.0920019s
      D_8 capped mod scan m_47 processed=24000000/29389759 elapsed=0.0940982s
      D_8 capped mod scan m_47 processed=24500000/29389759 elapsed=0.0963034s
      D_8 capped mod scan m_47 processed=25000000/29389759 elapsed=0.0986968s
      D_8 capped mod scan m_47 processed=25500000/29389759 elapsed=0.101068s
      D_8 capped mod scan m_47 processed=26000000/29389759 elapsed=0.102995s
      D_8 capped mod scan m_47 processed=26500000/29389759 elapsed=0.105051s
      D_8 capped mod scan m_47 processed=27000000/29389759 elapsed=0.107283s
      D_8 capped mod scan m_47 processed=27500000/29389759 elapsed=0.109552s
      D_8 capped mod scan m_47 processed=28000000/29389759 elapsed=0.111934s
      D_8 capped mod scan m_47 processed=28500000/29389759 elapsed=0.114377s
      D_8 capped mod scan m_47 processed=29000000/29389759 elapsed=0.116697s
D_8 MOD 9223372036854775643 m_47 kept_even=7501007944891836492 det=3518260427573876104
      D_8 capped mod 9223372036854775643 packed step 48/49 processed=500000/29389759 next_states=728605 step_elapsed=1.41523s elapsed=521.411s
      D_8 capped mod 9223372036854775643 packed step 48/49 processed=1000000/29389759 next_states=1429419 step_elapsed=3.13845s elapsed=523.134s
      D_8 capped mod 9223372036854775643 packed step 48/49 processed=1500000/29389759 next_states=2120163 step_elapsed=4.97677s elapsed=524.972s
      D_8 capped mod 9223372036854775643 packed step 48/49 processed=2000000/29389759 next_states=2798221 step_elapsed=6.88893s elapsed=526.885s
      D_8 capped mod 9223372036854775643 packed step 48/49 processed=2500000/29389759 next_states=3472705 step_elapsed=8.88557s elapsed=528.881s
      D_8 capped mod 9223372036854775643 packed step 48/49 processed=3000000/29389759 next_states=4127832 step_elapsed=11.0459s elapsed=531.042s
      D_8 capped mod 9223372036854775643 packed step 48/49 processed=3500000/29389759 next_states=4803222 step_elapsed=12.9967s elapsed=532.992s
      D_8 capped mod 9223372036854775643 packed step 48/49 processed=4000000/29389759 next_states=5454755 step_elapsed=15.4069s elapsed=535.403s
      D_8 capped mod 9223372036854775643 packed step 48/49 processed=4500000/29389759 next_states=6123406 step_elapsed=17.4727s elapsed=537.468s
      D_8 capped mod 9223372036854775643 packed step 48/49 processed=5000000/29389759 next_states=6765301 step_elapsed=19.9875s elapsed=539.983s
      D_8 capped mod 9223372036854775643 packed step 48/49 processed=5500000/29389759 next_states=7410055 step_elapsed=22.4438s elapsed=542.44s
      D_8 capped mod 9223372036854775643 packed step 48/49 processed=6000000/29389759 next_states=8081180 step_elapsed=24.6794s elapsed=544.675s
      D_8 capped mod 9223372036854775643 packed step 48/49 processed=6500000/29389759 next_states=8718389 step_elapsed=27.1227s elapsed=547.118s
      D_8 capped mod 9223372036854775643 packed step 48/49 processed=7000000/29389759 next_states=9347637 step_elapsed=29.787s elapsed=549.783s
      D_8 capped mod 9223372036854775643 packed step 48/49 processed=7500000/29389759 next_states=10016117 step_elapsed=31.9375s elapsed=551.933s
      D_8 capped mod 9223372036854775643 packed step 48/49 processed=8000000/29389759 next_states=10649764 step_elapsed=34.325s elapsed=554.321s
      D_8 capped mod 9223372036854775643 packed step 48/49 processed=8500000/29389759 next_states=11281067 step_elapsed=36.9613s elapsed=556.957s
      D_8 capped mod 9223372036854775643 packed step 48/49 processed=9000000/29389759 next_states=11901209 step_elapsed=39.8511s elapsed=559.847s
      D_8 capped mod 9223372036854775643 packed step 48/49 processed=9500000/29389759 next_states=12550390 step_elapsed=42.0163s elapsed=562.012s
      D_8 capped mod 9223372036854775643 packed step 48/49 processed=10000000/29389759 next_states=13191961 step_elapsed=44.4398s elapsed=564.436s
      D_8 capped mod 9223372036854775643 packed step 48/49 processed=10500000/29389759 next_states=13813196 step_elapsed=47.0496s elapsed=567.045s
      D_8 capped mod 9223372036854775643 packed step 48/49 processed=11000000/29389759 next_states=14423618 step_elapsed=49.923s elapsed=569.919s
      D_8 capped mod 9223372036854775643 packed step 48/49 processed=11500000/29389759 next_states=15038217 step_elapsed=52.7126s elapsed=572.708s
      D_8 capped mod 9223372036854775643 packed step 48/49 processed=12000000/29389759 next_states=15684518 step_elapsed=54.9178s elapsed=574.914s
      D_8 capped mod 9223372036854775643 packed step 48/49 processed=12500000/29389759 next_states=16324082 step_elapsed=57.4574s elapsed=577.453s
      D_8 capped mod 9223372036854775643 packed step 48/49 processed=13000000/29389759 next_states=16930251 step_elapsed=60.3332s elapsed=580.329s
      D_8 capped mod 9223372036854775643 packed step 48/49 processed=13500000/29389759 next_states=17532020 step_elapsed=63.2502s elapsed=583.246s
      D_8 capped mod 9223372036854775643 packed step 48/49 processed=14000000/29389759 next_states=18138610 step_elapsed=66.3244s elapsed=586.32s
      D_8 capped mod 9223372036854775643 packed step 48/49 processed=14500000/29389759 next_states=18730650 step_elapsed=69.0164s elapsed=589.012s
      D_8 capped mod 9223372036854775643 packed step 48/49 processed=15000000/29389759 next_states=19394374 step_elapsed=71.4055s elapsed=591.401s
      D_8 capped mod 9223372036854775643 packed step 48/49 processed=15500000/29389759 next_states=20005546 step_elapsed=73.9987s elapsed=593.994s
      D_8 capped mod 9223372036854775643 packed step 48/49 processed=16000000/29389759 next_states=20601316 step_elapsed=76.6813s elapsed=596.677s
      D_8 capped mod 9223372036854775643 packed step 48/49 processed=16500000/29389759 next_states=21195059 step_elapsed=79.654s elapsed=599.65s
      D_8 capped mod 9223372036854775643 packed step 48/49 processed=17000000/29389759 next_states=21786740 step_elapsed=82.8699s elapsed=602.866s
      D_8 capped mod 9223372036854775643 packed step 48/49 processed=17500000/29389759 next_states=22373065 step_elapsed=85.4909s elapsed=605.487s
      D_8 capped mod 9223372036854775643 packed step 48/49 processed=18000000/29389759 next_states=23019996 step_elapsed=88.2425s elapsed=608.238s
      D_8 capped mod 9223372036854775643 packed step 48/49 processed=18500000/29389759 next_states=23623244 step_elapsed=91.0672s elapsed=611.063s
      D_8 capped mod 9223372036854775643 packed step 48/49 processed=19000000/29389759 next_states=24203047 step_elapsed=93.8889s elapsed=613.885s
      D_8 capped mod 9223372036854775643 packed step 48/49 processed=19500000/29389759 next_states=24780575 step_elapsed=96.9836s elapsed=616.979s
      D_8 capped mod 9223372036854775643 packed step 48/49 processed=20000000/29389759 next_states=25360216 step_elapsed=100.168s elapsed=620.164s
      D_8 capped mod 9223372036854775643 packed step 48/49 processed=20500000/29389759 next_states=25939777 step_elapsed=102.71s elapsed=622.706s
      D_8 capped mod 9223372036854775643 packed step 48/49 processed=21000000/29389759 next_states=26568766 step_elapsed=105.479s elapsed=625.475s
      D_8 capped mod 9223372036854775643 packed step 48/49 processed=21500000/29389759 next_states=27159205 step_elapsed=108.272s elapsed=628.268s
      D_8 capped mod 9223372036854775643 packed step 48/49 processed=22000000/29389759 next_states=27723797 step_elapsed=111.044s elapsed=631.04s
      D_8 capped mod 9223372036854775643 packed step 48/49 processed=22500000/29389759 next_states=28288014 step_elapsed=114.233s elapsed=634.229s
      D_8 capped mod 9223372036854775643 packed step 48/49 processed=23000000/29389759 next_states=28842066 step_elapsed=117.477s elapsed=637.472s
      D_8 capped mod 9223372036854775643 packed step 48/49 processed=23500000/29389759 next_states=29445185 step_elapsed=119.998s elapsed=639.994s
      D_8 capped mod 9223372036854775643 packed step 48/49 processed=24000000/29389759 next_states=30037736 step_elapsed=123.211s elapsed=643.207s
      D_8 capped mod 9223372036854775643 packed step 48/49 processed=24500000/29389759 next_states=30590259 step_elapsed=126.09s elapsed=646.085s
      D_8 capped mod 9223372036854775643 packed step 48/49 processed=25000000/29389759 next_states=31135405 step_elapsed=129.127s elapsed=649.123s
      D_8 capped mod 9223372036854775643 packed step 48/49 processed=25500000/29389759 next_states=31671661 step_elapsed=132.159s elapsed=652.155s
      D_8 capped mod 9223372036854775643 packed step 48/49 processed=26000000/29389759 next_states=32266901 step_elapsed=134.763s elapsed=654.759s
      D_8 capped mod 9223372036854775643 packed step 48/49 processed=26500000/29389759 next_states=32819522 step_elapsed=137.642s elapsed=657.637s
      D_8 capped mod 9223372036854775643 packed step 48/49 processed=27000000/29389759 next_states=33342251 step_elapsed=140.535s elapsed=660.531s
      D_8 capped mod 9223372036854775643 packed step 48/49 processed=27500000/29389759 next_states=33889713 step_elapsed=143.047s elapsed=663.042s
      D_8 capped mod 9223372036854775643 packed step 48/49 processed=28000000/29389759 next_states=34433323 step_elapsed=145.796s elapsed=665.792s
      D_8 capped mod 9223372036854775643 packed step 48/49 processed=28500000/29389759 next_states=34945638 step_elapsed=148.17s elapsed=668.166s
      D_8 capped mod 9223372036854775643 packed step 48/49 processed=29000000/29389759 next_states=35450529 step_elapsed=150.541s elapsed=670.536s
    D_8 capped mod 9223372036854775643 forward step 48/49 states=35834833 elapsed=672.152s
      D_8 capped mod scan m_48 processed=500000/35834833 elapsed=0.00156611s
      D_8 capped mod scan m_48 processed=1000000/35834833 elapsed=0.00314011s
      D_8 capped mod scan m_48 processed=1500000/35834833 elapsed=0.00465482s
      D_8 capped mod scan m_48 processed=2000000/35834833 elapsed=0.00632203s
      D_8 capped mod scan m_48 processed=2500000/35834833 elapsed=0.00796845s
      D_8 capped mod scan m_48 processed=3000000/35834833 elapsed=0.00942573s
      D_8 capped mod scan m_48 processed=3500000/35834833 elapsed=0.0111543s
      D_8 capped mod scan m_48 processed=4000000/35834833 elapsed=0.0128659s
      D_8 capped mod scan m_48 processed=4500000/35834833 elapsed=0.014493s
      D_8 capped mod scan m_48 processed=5000000/35834833 elapsed=0.0160197s
      D_8 capped mod scan m_48 processed=5500000/35834833 elapsed=0.0176089s
      D_8 capped mod scan m_48 processed=6000000/35834833 elapsed=0.0192739s
      D_8 capped mod scan m_48 processed=6500000/35834833 elapsed=0.0211114s
      D_8 capped mod scan m_48 processed=7000000/35834833 elapsed=0.0229688s
      D_8 capped mod scan m_48 processed=7500000/35834833 elapsed=0.0247581s
      D_8 capped mod scan m_48 processed=8000000/35834833 elapsed=0.0262374s
      D_8 capped mod scan m_48 processed=8500000/35834833 elapsed=0.0279099s
      D_8 capped mod scan m_48 processed=9000000/35834833 elapsed=0.0295065s
      D_8 capped mod scan m_48 processed=9500000/35834833 elapsed=0.0311818s
      D_8 capped mod scan m_48 processed=10000000/35834833 elapsed=0.0328862s
      D_8 capped mod scan m_48 processed=10500000/35834833 elapsed=0.0348129s
      D_8 capped mod scan m_48 processed=11000000/35834833 elapsed=0.0365871s
      D_8 capped mod scan m_48 processed=11500000/35834833 elapsed=0.0384594s
      D_8 capped mod scan m_48 processed=12000000/35834833 elapsed=0.0403076s
      D_8 capped mod scan m_48 processed=12500000/35834833 elapsed=0.0421804s
      D_8 capped mod scan m_48 processed=13000000/35834833 elapsed=0.0437494s
      D_8 capped mod scan m_48 processed=13500000/35834833 elapsed=0.0454019s
      D_8 capped mod scan m_48 processed=14000000/35834833 elapsed=0.0470551s
      D_8 capped mod scan m_48 processed=14500000/35834833 elapsed=0.0487235s
      D_8 capped mod scan m_48 processed=15000000/35834833 elapsed=0.0503992s
      D_8 capped mod scan m_48 processed=15500000/35834833 elapsed=0.0521907s
      D_8 capped mod scan m_48 processed=16000000/35834833 elapsed=0.0538976s
      D_8 capped mod scan m_48 processed=16500000/35834833 elapsed=0.0558271s
      D_8 capped mod scan m_48 processed=17000000/35834833 elapsed=0.0578506s
      D_8 capped mod scan m_48 processed=17500000/35834833 elapsed=0.0598936s
      D_8 capped mod scan m_48 processed=18000000/35834833 elapsed=0.0618246s
      D_8 capped mod scan m_48 processed=18500000/35834833 elapsed=0.0637121s
      D_8 capped mod scan m_48 processed=19000000/35834833 elapsed=0.0656775s
      D_8 capped mod scan m_48 processed=19500000/35834833 elapsed=0.0672974s
      D_8 capped mod scan m_48 processed=20000000/35834833 elapsed=0.0690719s
      D_8 capped mod scan m_48 processed=20500000/35834833 elapsed=0.070889s
      D_8 capped mod scan m_48 processed=21000000/35834833 elapsed=0.072724s
      D_8 capped mod scan m_48 processed=21500000/35834833 elapsed=0.0745669s
      D_8 capped mod scan m_48 processed=22000000/35834833 elapsed=0.0764095s
      D_8 capped mod scan m_48 processed=22500000/35834833 elapsed=0.0782984s
      D_8 capped mod scan m_48 processed=23000000/35834833 elapsed=0.0801115s
      D_8 capped mod scan m_48 processed=23500000/35834833 elapsed=0.0821391s
      D_8 capped mod scan m_48 processed=24000000/35834833 elapsed=0.0842148s
      D_8 capped mod scan m_48 processed=24500000/35834833 elapsed=0.0862748s
      D_8 capped mod scan m_48 processed=25000000/35834833 elapsed=0.0883667s
      D_8 capped mod scan m_48 processed=25500000/35834833 elapsed=0.0904591s
      D_8 capped mod scan m_48 processed=26000000/35834833 elapsed=0.0927006s
      D_8 capped mod scan m_48 processed=26500000/35834833 elapsed=0.0943904s
      D_8 capped mod scan m_48 processed=27000000/35834833 elapsed=0.096199s
      D_8 capped mod scan m_48 processed=27500000/35834833 elapsed=0.0981511s
      D_8 capped mod scan m_48 processed=28000000/35834833 elapsed=0.100126s
      D_8 capped mod scan m_48 processed=28500000/35834833 elapsed=0.102086s
      D_8 capped mod scan m_48 processed=29000000/35834833 elapsed=0.104099s
      D_8 capped mod scan m_48 processed=29500000/35834833 elapsed=0.106087s
      D_8 capped mod scan m_48 processed=30000000/35834833 elapsed=0.108237s
      D_8 capped mod scan m_48 processed=30500000/35834833 elapsed=0.110438s
      D_8 capped mod scan m_48 processed=31000000/35834833 elapsed=0.112687s
      D_8 capped mod scan m_48 processed=31500000/35834833 elapsed=0.114896s
      D_8 capped mod scan m_48 processed=32000000/35834833 elapsed=0.117089s
      D_8 capped mod scan m_48 processed=32500000/35834833 elapsed=0.118979s
      D_8 capped mod scan m_48 processed=33000000/35834833 elapsed=0.121092s
      D_8 capped mod scan m_48 processed=33500000/35834833 elapsed=0.123277s
      D_8 capped mod scan m_48 processed=34000000/35834833 elapsed=0.125596s
      D_8 capped mod scan m_48 processed=34500000/35834833 elapsed=0.127821s
      D_8 capped mod scan m_48 processed=35000000/35834833 elapsed=0.130264s
      D_8 capped mod scan m_48 processed=35500000/35834833 elapsed=0.132655s
D_8 MOD 9223372036854775643 m_48 kept_even=4694498887858150904 det=3512330623610632029
      D_8 capped mod 9223372036854775643 packed step 49/49 processed=500000/35834833 next_states=728605 step_elapsed=1.37687s elapsed=673.999s
      D_8 capped mod 9223372036854775643 packed step 49/49 processed=1000000/35834833 next_states=1429419 step_elapsed=3.06007s elapsed=675.682s
      D_8 capped mod 9223372036854775643 packed step 49/49 processed=1500000/35834833 next_states=2120163 step_elapsed=4.89045s elapsed=677.513s
      D_8 capped mod 9223372036854775643 packed step 49/49 processed=2000000/35834833 next_states=2804341 step_elapsed=6.74704s elapsed=679.369s
      D_8 capped mod 9223372036854775643 packed step 49/49 processed=2500000/35834833 next_states=3481624 step_elapsed=8.5645s elapsed=681.187s
      D_8 capped mod 9223372036854775643 packed step 49/49 processed=3000000/35834833 next_states=4139412 step_elapsed=10.6603s elapsed=683.282s
      D_8 capped mod 9223372036854775643 packed step 49/49 processed=3500000/35834833 next_states=4812383 step_elapsed=12.5261s elapsed=685.148s
      D_8 capped mod 9223372036854775643 packed step 49/49 processed=4000000/35834833 next_states=5460167 step_elapsed=14.833s elapsed=687.455s
      D_8 capped mod 9223372036854775643 packed step 49/49 processed=4500000/35834833 next_states=6142386 step_elapsed=16.7412s elapsed=689.363s
      D_8 capped mod 9223372036854775643 packed step 49/49 processed=5000000/35834833 next_states=6790459 step_elapsed=19.0789s elapsed=691.701s
      D_8 capped mod 9223372036854775643 packed step 49/49 processed=5500000/35834833 next_states=7433641 step_elapsed=21.6721s elapsed=694.294s
      D_8 capped mod 9223372036854775643 packed step 49/49 processed=6000000/35834833 next_states=8106540 step_elapsed=23.6811s elapsed=696.303s
      D_8 capped mod 9223372036854775643 packed step 49/49 processed=6500000/35834833 next_states=8747048 step_elapsed=25.9687s elapsed=698.591s
      D_8 capped mod 9223372036854775643 packed step 49/49 processed=7000000/35834833 next_states=9386247 step_elapsed=28.7821s elapsed=701.404s
      D_8 capped mod 9223372036854775643 packed step 49/49 processed=7500000/35834833 next_states=10034803 step_elapsed=31.084s elapsed=703.706s
      D_8 capped mod 9223372036854775643 packed step 49/49 processed=8000000/35834833 next_states=10695723 step_elapsed=33.4523s elapsed=706.074s
      D_8 capped mod 9223372036854775643 packed step 49/49 processed=8500000/35834833 next_states=11322431 step_elapsed=36.0588s elapsed=708.681s
      D_8 capped mod 9223372036854775643 packed step 49/49 processed=9000000/35834833 next_states=11958840 step_elapsed=38.9103s elapsed=711.532s
      D_8 capped mod 9223372036854775643 packed step 49/49 processed=9500000/35834833 next_states=12582634 step_elapsed=41.6323s elapsed=714.254s
      D_8 capped mod 9223372036854775643 packed step 49/49 processed=10000000/35834833 next_states=13251450 step_elapsed=43.8547s elapsed=716.477s
      D_8 capped mod 9223372036854775643 packed step 49/49 processed=10500000/35834833 next_states=13879531 step_elapsed=46.3504s elapsed=718.972s
      D_8 capped mod 9223372036854775643 packed step 49/49 processed=11000000/35834833 next_states=14499884 step_elapsed=49.0538s elapsed=721.676s
      D_8 capped mod 9223372036854775643 packed step 49/49 processed=11500000/35834833 next_states=15128205 step_elapsed=51.9486s elapsed=724.571s
      D_8 capped mod 9223372036854775643 packed step 49/49 processed=12000000/35834833 next_states=15741433 step_elapsed=54.9649s elapsed=727.587s
      D_8 capped mod 9223372036854775643 packed step 49/49 processed=12500000/35834833 next_states=16392300 step_elapsed=57.2769s elapsed=729.899s
      D_8 capped mod 9223372036854775643 packed step 49/49 processed=13000000/35834833 next_states=17035221 step_elapsed=59.8256s elapsed=732.448s
      D_8 capped mod 9223372036854775643 packed step 49/49 processed=13500000/35834833 next_states=17652627 step_elapsed=62.5109s elapsed=735.133s
      D_8 capped mod 9223372036854775643 packed step 49/49 processed=14000000/35834833 next_states=18264188 step_elapsed=65.3593s elapsed=737.981s
      D_8 capped mod 9223372036854775643 packed step 49/49 processed=14500000/35834833 next_states=18876582 step_elapsed=68.2862s elapsed=740.908s
      D_8 capped mod 9223372036854775643 packed step 49/49 processed=15000000/35834833 next_states=19473851 step_elapsed=71.2204s elapsed=743.842s
      D_8 capped mod 9223372036854775643 packed step 49/49 processed=15500000/35834833 next_states=20110661 step_elapsed=73.5691s elapsed=746.191s
      D_8 capped mod 9223372036854775643 packed step 49/49 processed=16000000/35834833 next_states=20760389 step_elapsed=76.0523s elapsed=748.674s
      D_8 capped mod 9223372036854775643 packed step 49/49 processed=16500000/35834833 next_states=21371722 step_elapsed=78.639s elapsed=751.261s
      D_8 capped mod 9223372036854775643 packed step 49/49 processed=17000000/35834833 next_states=21973419 step_elapsed=81.4154s elapsed=754.037s
      D_8 capped mod 9223372036854775643 packed step 49/49 processed=17500000/35834833 next_states=22569927 step_elapsed=84.5061s elapsed=757.128s
      D_8 capped mod 9223372036854775643 packed step 49/49 processed=18000000/35834833 next_states=23172568 step_elapsed=87.6722s elapsed=760.294s
      D_8 capped mod 9223372036854775643 packed step 49/49 processed=18500000/35834833 next_states=23768984 step_elapsed=90.5992s elapsed=763.221s
      D_8 capped mod 9223372036854775643 packed step 49/49 processed=19000000/35834833 next_states=24397589 step_elapsed=92.978s elapsed=765.6s
      D_8 capped mod 9223372036854775643 packed step 49/49 processed=19500000/35834833 next_states=25035541 step_elapsed=95.7078s elapsed=768.33s
      D_8 capped mod 9223372036854775643 packed step 49/49 processed=20000000/35834833 next_states=25634655 step_elapsed=98.4294s elapsed=771.051s
      D_8 capped mod 9223372036854775643 packed step 49/49 processed=20500000/35834833 next_states=26223913 step_elapsed=101.237s elapsed=773.86s
      D_8 capped mod 9223372036854775643 packed step 49/49 processed=21000000/35834833 next_states=26814642 step_elapsed=104.209s elapsed=776.831s
      D_8 capped mod 9223372036854775643 packed step 49/49 processed=21500000/35834833 next_states=27402645 step_elapsed=107.375s elapsed=779.998s
      D_8 capped mod 9223372036854775643 packed step 49/49 processed=22000000/35834833 next_states=27977791 step_elapsed=110.787s elapsed=783.409s
      D_8 capped mod 9223372036854775643 packed step 49/49 processed=22500000/35834833 next_states=28590348 step_elapsed=113.405s elapsed=786.027s
      D_8 capped mod 9223372036854775643 packed step 49/49 processed=23000000/35834833 next_states=29223296 step_elapsed=116.333s elapsed=788.955s
      D_8 capped mod 9223372036854775643 packed step 49/49 processed=23500000/35834833 next_states=29820657 step_elapsed=119.307s elapsed=791.929s
      D_8 capped mod 9223372036854775643 packed step 49/49 processed=24000000/35834833 next_states=30398359 step_elapsed=122.476s elapsed=795.098s
      D_8 capped mod 9223372036854775643 packed step 49/49 processed=24500000/35834833 next_states=30972203 step_elapsed=125.751s elapsed=798.373s
      D_8 capped mod 9223372036854775643 packed step 49/49 processed=25000000/35834833 next_states=31541319 step_elapsed=129.144s elapsed=801.766s
      D_8 capped mod 9223372036854775643 packed step 49/49 processed=25500000/35834833 next_states=32112048 step_elapsed=132.759s elapsed=805.381s
      D_8 capped mod 9223372036854775643 packed step 49/49 processed=26000000/35834833 next_states=32703242 step_elapsed=135.295s elapsed=807.918s
      D_8 capped mod 9223372036854775643 packed step 49/49 processed=26500000/35834833 next_states=33324952 step_elapsed=138.354s elapsed=810.976s
      D_8 capped mod 9223372036854775643 packed step 49/49 processed=27000000/35834833 next_states=33912451 step_elapsed=141.424s elapsed=814.046s
      D_8 capped mod 9223372036854775643 packed step 49/49 processed=27500000/35834833 next_states=34477308 step_elapsed=144.367s elapsed=816.989s
      D_8 capped mod 9223372036854775643 packed step 49/49 processed=28000000/35834833 next_states=35034996 step_elapsed=147.62s elapsed=820.243s
      D_8 capped mod 9223372036854775643 packed step 49/49 processed=28500000/35834833 next_states=35594046 step_elapsed=151.098s elapsed=823.72s
      D_8 capped mod 9223372036854775643 packed step 49/49 processed=29000000/35834833 next_states=36141420 step_elapsed=154.443s elapsed=827.065s
      D_8 capped mod 9223372036854775643 packed step 49/49 processed=29500000/35834833 next_states=36752941 step_elapsed=157.174s elapsed=829.796s
      D_8 capped mod 9223372036854775643 packed step 49/49 processed=30000000/35834833 next_states=37339200 step_elapsed=160.45s elapsed=833.073s
      D_8 capped mod 9223372036854775643 packed step 49/49 processed=30500000/35834833 next_states=37885552 step_elapsed=163.489s elapsed=836.111s
      D_8 capped mod 9223372036854775643 packed step 49/49 processed=31000000/35834833 next_states=38428134 step_elapsed=166.659s elapsed=839.281s
      D_8 capped mod 9223372036854775643 packed step 49/49 processed=31500000/35834833 next_states=38961983 step_elapsed=170.129s elapsed=842.752s
      D_8 capped mod 9223372036854775643 packed step 49/49 processed=32000000/35834833 next_states=39532688 step_elapsed=172.739s elapsed=845.361s
      D_8 capped mod 9223372036854775643 packed step 49/49 processed=32500000/35834833 next_states=40107226 step_elapsed=175.925s elapsed=848.547s
      D_8 capped mod 9223372036854775643 packed step 49/49 processed=33000000/35834833 next_states=40635478 step_elapsed=179.154s elapsed=851.776s
      D_8 capped mod 9223372036854775643 packed step 49/49 processed=33500000/35834833 next_states=41151888 step_elapsed=182.276s elapsed=854.898s
      D_8 capped mod 9223372036854775643 packed step 49/49 processed=34000000/35834833 next_states=41708051 step_elapsed=184.587s elapsed=857.209s
      D_8 capped mod 9223372036854775643 packed step 49/49 processed=34500000/35834833 next_states=42233456 step_elapsed=187.381s elapsed=860.003s
      D_8 capped mod 9223372036854775643 packed step 49/49 processed=35000000/35834833 next_states=42747632 step_elapsed=189.721s elapsed=862.343s
      D_8 capped mod 9223372036854775643 packed step 49/49 processed=35500000/35834833 next_states=43248113 step_elapsed=192.008s elapsed=864.63s
    D_8 capped mod 9223372036854775643 forward step 49/49 states=43571345 elapsed=866.085s
      D_8 capped mod scan m_49 processed=500000/43571345 elapsed=0.00153727s
      D_8 capped mod scan m_49 processed=1000000/43571345 elapsed=0.00315415s
      D_8 capped mod scan m_49 processed=1500000/43571345 elapsed=0.00485822s
      D_8 capped mod scan m_49 processed=2000000/43571345 elapsed=0.00655227s
      D_8 capped mod scan m_49 processed=2500000/43571345 elapsed=0.00823104s
      D_8 capped mod scan m_49 processed=3000000/43571345 elapsed=0.0100368s
      D_8 capped mod scan m_49 processed=3500000/43571345 elapsed=0.0115842s
      D_8 capped mod scan m_49 processed=4000000/43571345 elapsed=0.0131486s
      D_8 capped mod scan m_49 processed=4500000/43571345 elapsed=0.0148228s
      D_8 capped mod scan m_49 processed=5000000/43571345 elapsed=0.0167028s
      D_8 capped mod scan m_49 processed=5500000/43571345 elapsed=0.0183837s
      D_8 capped mod scan m_49 processed=6000000/43571345 elapsed=0.0200521s
      D_8 capped mod scan m_49 processed=6500000/43571345 elapsed=0.0215795s
      D_8 capped mod scan m_49 processed=7000000/43571345 elapsed=0.0232146s
      D_8 capped mod scan m_49 processed=7500000/43571345 elapsed=0.0249077s
      D_8 capped mod scan m_49 processed=8000000/43571345 elapsed=0.0266935s
      D_8 capped mod scan m_49 processed=8500000/43571345 elapsed=0.0284649s
      D_8 capped mod scan m_49 processed=9000000/43571345 elapsed=0.0302467s
      D_8 capped mod scan m_49 processed=9500000/43571345 elapsed=0.0320066s
      D_8 capped mod scan m_49 processed=10000000/43571345 elapsed=0.0339199s
      D_8 capped mod scan m_49 processed=10500000/43571345 elapsed=0.0353982s
      D_8 capped mod scan m_49 processed=11000000/43571345 elapsed=0.0370669s
      D_8 capped mod scan m_49 processed=11500000/43571345 elapsed=0.0387332s
      D_8 capped mod scan m_49 processed=12000000/43571345 elapsed=0.0403751s
      D_8 capped mod scan m_49 processed=12500000/43571345 elapsed=0.0419782s
      D_8 capped mod scan m_49 processed=13000000/43571345 elapsed=0.0438015s
      D_8 capped mod scan m_49 processed=13500000/43571345 elapsed=0.0456486s
      D_8 capped mod scan m_49 processed=14000000/43571345 elapsed=0.0474734s
      D_8 capped mod scan m_49 processed=14500000/43571345 elapsed=0.0493927s
      D_8 capped mod scan m_49 processed=15000000/43571345 elapsed=0.0512075s
      D_8 capped mod scan m_49 processed=15500000/43571345 elapsed=0.0531806s
      D_8 capped mod scan m_49 processed=16000000/43571345 elapsed=0.0553392s
      D_8 capped mod scan m_49 processed=16500000/43571345 elapsed=0.0568608s
      D_8 capped mod scan m_49 processed=17000000/43571345 elapsed=0.0584502s
      D_8 capped mod scan m_49 processed=17500000/43571345 elapsed=0.0602361s
      D_8 capped mod scan m_49 processed=18000000/43571345 elapsed=0.0618785s
      D_8 capped mod scan m_49 processed=18500000/43571345 elapsed=0.0635637s
      D_8 capped mod scan m_49 processed=19000000/43571345 elapsed=0.0652005s
      D_8 capped mod scan m_49 processed=19500000/43571345 elapsed=0.0668857s
      D_8 capped mod scan m_49 processed=20000000/43571345 elapsed=0.0687162s
      D_8 capped mod scan m_49 processed=20500000/43571345 elapsed=0.0705468s
      D_8 capped mod scan m_49 processed=21000000/43571345 elapsed=0.0725196s
      D_8 capped mod scan m_49 processed=21500000/43571345 elapsed=0.074597s
      D_8 capped mod scan m_49 processed=22000000/43571345 elapsed=0.0766508s
      D_8 capped mod scan m_49 processed=22500000/43571345 elapsed=0.0786638s
      D_8 capped mod scan m_49 processed=23000000/43571345 elapsed=0.0806168s
      D_8 capped mod scan m_49 processed=23500000/43571345 elapsed=0.0825929s
      D_8 capped mod scan m_49 processed=24000000/43571345 elapsed=0.0848763s
      D_8 capped mod scan m_49 processed=24500000/43571345 elapsed=0.0863524s
      D_8 capped mod scan m_49 processed=25000000/43571345 elapsed=0.0879744s
      D_8 capped mod scan m_49 processed=25500000/43571345 elapsed=0.0897663s
      D_8 capped mod scan m_49 processed=26000000/43571345 elapsed=0.0916116s
      D_8 capped mod scan m_49 processed=26500000/43571345 elapsed=0.0934304s
      D_8 capped mod scan m_49 processed=27000000/43571345 elapsed=0.0952037s
      D_8 capped mod scan m_49 processed=27500000/43571345 elapsed=0.0969812s
      D_8 capped mod scan m_49 processed=28000000/43571345 elapsed=0.0987408s
      D_8 capped mod scan m_49 processed=28500000/43571345 elapsed=0.100727s
      D_8 capped mod scan m_49 processed=29000000/43571345 elapsed=0.102608s
      D_8 capped mod scan m_49 processed=29500000/43571345 elapsed=0.104458s
      D_8 capped mod scan m_49 processed=30000000/43571345 elapsed=0.108073s
      D_8 capped mod scan m_49 processed=30500000/43571345 elapsed=0.110306s
      D_8 capped mod scan m_49 processed=31000000/43571345 elapsed=0.112583s
      D_8 capped mod scan m_49 processed=31500000/43571345 elapsed=0.114866s
      D_8 capped mod scan m_49 processed=32000000/43571345 elapsed=0.11723s
      D_8 capped mod scan m_49 processed=32500000/43571345 elapsed=0.119711s
      D_8 capped mod scan m_49 processed=33000000/43571345 elapsed=0.121495s
      D_8 capped mod scan m_49 processed=33500000/43571345 elapsed=0.12333s
      D_8 capped mod scan m_49 processed=34000000/43571345 elapsed=0.1253s
      D_8 capped mod scan m_49 processed=34500000/43571345 elapsed=0.127327s
      D_8 capped mod scan m_49 processed=35000000/43571345 elapsed=0.129278s
      D_8 capped mod scan m_49 processed=35500000/43571345 elapsed=0.131213s
      D_8 capped mod scan m_49 processed=36000000/43571345 elapsed=0.133284s
      D_8 capped mod scan m_49 processed=36500000/43571345 elapsed=0.135578s
      D_8 capped mod scan m_49 processed=37000000/43571345 elapsed=0.137541s
      D_8 capped mod scan m_49 processed=37500000/43571345 elapsed=0.139822s
      D_8 capped mod scan m_49 processed=38000000/43571345 elapsed=0.142171s
      D_8 capped mod scan m_49 processed=38500000/43571345 elapsed=0.144688s
      D_8 capped mod scan m_49 processed=39000000/43571345 elapsed=0.146883s
      D_8 capped mod scan m_49 processed=39500000/43571345 elapsed=0.149148s
      D_8 capped mod scan m_49 processed=40000000/43571345 elapsed=0.151139s
      D_8 capped mod scan m_49 processed=40500000/43571345 elapsed=0.153349s
      D_8 capped mod scan m_49 processed=41000000/43571345 elapsed=0.155643s
      D_8 capped mod scan m_49 processed=41500000/43571345 elapsed=0.158037s
      D_8 capped mod scan m_49 processed=42000000/43571345 elapsed=0.160456s
      D_8 capped mod scan m_49 processed=42500000/43571345 elapsed=0.163134s
      D_8 capped mod scan m_49 processed=43000000/43571345 elapsed=0.165481s
      D_8 capped mod scan m_49 processed=43500000/43571345 elapsed=0.168211s
D_8 MOD 9223372036854775643 m_49 kept_even=4690562427013051082 det=5250743313134857004
