D capped suffix modular moment range rank 11 moments m_11..m_46 row cap 22 modulus 9223372036854775433 C++ certificate
begin D_11=SO(22) mod 9223372036854775433
    D_11 capped mod 9223372036854775433 forward step 1/46 states=1 elapsed=4.659e-06s
    D_11 capped mod 9223372036854775433 forward step 2/46 states=3 elapsed=2.2863e-05s
    D_11 capped mod 9223372036854775433 forward step 3/46 states=7 elapsed=2.8263e-05s
    D_11 capped mod 9223372036854775433 forward step 4/46 states=15 elapsed=3.198e-05s
    D_11 capped mod 9223372036854775433 forward step 5/46 states=30 elapsed=3.731e-05s
    D_11 capped mod 9223372036854775433 forward step 6/46 states=58 elapsed=5.5313e-05s
    D_11 capped mod 9223372036854775433 forward step 7/46 states=105 elapsed=8.6081e-05s
    D_11 capped mod 9223372036854775433 forward step 8/46 states=186 elapsed=0.00013381s
    D_11 capped mod 9223372036854775433 forward step 9/46 states=318 elapsed=0.000221003s
    D_11 capped mod 9223372036854775433 forward step 10/46 states=530 elapsed=0.000358068s
    D_11 capped mod 9223372036854775433 forward step 11/46 states=863 elapsed=0.000629856s
D_11 MOD 9223372036854775433 m_11 kept_even=5238370 det=1
    D_11 capped mod 9223372036854775433 forward step 12/46 states=1378 elapsed=0.00109211s
D_11 MOD 9223372036854775433 m_12 kept_even=60222844 det=55
    D_11 capped mod 9223372036854775433 forward step 13/46 states=2157 elapsed=0.00185589s
D_11 MOD 9223372036854775433 m_13 kept_even=752587764 det=2211
    D_11 capped mod 9223372036854775433 forward step 14/46 states=3326 elapsed=0.0034318s
D_11 MOD 9223372036854775433 m_14 kept_even=10157945044 det=77155
    D_11 capped mod 9223372036854775433 forward step 15/46 states=5051 elapsed=0.00592519s
D_11 MOD 9223372036854775433 m_15 kept_even=147267180508 det=2514526
    D_11 capped mod 9223372036854775433 forward step 16/46 states=7568 elapsed=0.00956122s
D_11 MOD 9223372036854775433 m_16 kept_even=2282355168060 det=79224783
    D_11 capped mod 9223372036854775433 forward step 17/46 states=11200 elapsed=0.0157775s
D_11 MOD 9223372036854775433 m_17 kept_even=37655004171808 det=2460863476
    D_11 capped mod 9223372036854775433 forward step 18/46 states=16392 elapsed=0.025041s
D_11 MOD 9223372036854775433 m_18 kept_even=658906772228668 det=76262603959
    D_11 capped mod 9223372036854775433 forward step 19/46 states=23734 elapsed=0.0404594s
D_11 MOD 9223372036854775433 m_19 kept_even=12188911634495388 det=2376076119246
    D_11 capped mod 9223372036854775433 forward step 20/46 states=34039 elapsed=0.0641268s
D_11 MOD 9223372036854775433 m_20 kept_even=237669544014377896 det=74807472731005
    D_11 capped mod 9223372036854775433 forward step 21/46 states=48373 elapsed=0.103882s
D_11 MOD 9223372036854775433 m_21 kept_even=4871976826254018760 det=2388183116955391
    D_11 capped mod 9223372036854775433 forward step 22/46 states=68163 elapsed=0.159169s
D_11 MOD 9223372036854775433 m_22 kept_even=3285809926989768533 det=77492629399345125
    D_11 capped mod 9223372036854775433 forward step 23/46 states=95288 elapsed=0.248278s
D_11 MOD 9223372036854775433 m_23 kept_even=4665807424634271847 det=2559964720012564711
    D_11 capped mod 9223372036854775433 forward step 24/46 states=132219 elapsed=0.385949s
D_11 MOD 9223372036854775433 m_24 kept_even=1741474166641956299 det=3182971822739053393
    D_11 capped mod 9223372036854775433 forward step 25/46 states=182162 elapsed=0.585828s
D_11 MOD 9223372036854775433 m_25 kept_even=3207712887251387396 det=8599552320711987956
    D_11 capped mod 9223372036854775433 forward step 26/46 states=249310 elapsed=0.919417s
D_11 MOD 9223372036854775433 m_26 kept_even=6034684949288607432 det=764377256866865659
    D_11 capped mod 9223372036854775433 forward step 27/46 states=339051 elapsed=1.39434s
D_11 MOD 9223372036854775433 m_27 kept_even=6217260043031179346 det=59747349185969843
    D_11 capped mod 9223372036854775433 forward step 28/46 states=458333 elapsed=2.1065s
D_11 MOD 9223372036854775433 m_28 kept_even=3459128543403230354 det=8728421334756078566
    D_11 capped mod 9223372036854775433 forward step 29/46 states=616044 elapsed=3.22365s
      D_11 capped mod scan m_29 processed=500000/616044 elapsed=0.00148657s
D_11 MOD 9223372036854775433 m_29 kept_even=8900572805137085579 det=8851764679092070521
      D_11 capped mod 9223372036854775433 packed step 30/46 processed=500000/616044 next_states=690401 step_elapsed=1.18049s elapsed=4.4071s
    D_11 capped mod 9223372036854775433 forward step 30/46 states=823530 elapsed=4.74584s
      D_11 capped mod scan m_30 processed=500000/823530 elapsed=0.00268147s
D_11 MOD 9223372036854775433 m_30 kept_even=9213977706580918425 det=6224377956161746601
      D_11 capped mod 9223372036854775433 packed step 31/46 processed=500000/823530 next_states=704206 step_elapsed=1.20708s elapsed=5.95967s
    D_11 capped mod 9223372036854775433 forward step 31/46 states=1095166 elapsed=6.90392s
      D_11 capped mod scan m_31 processed=500000/1095166 elapsed=0.00140967s
      D_11 capped mod scan m_31 processed=1000000/1095166 elapsed=0.00295503s
D_11 MOD 9223372036854775433 m_31 kept_even=2172857715922113614 det=8512480416553320310
      D_11 capped mod 9223372036854775433 packed step 32/46 processed=500000/1095166 next_states=715039 step_elapsed=1.23883s elapsed=8.14808s
      D_11 capped mod 9223372036854775433 packed step 32/46 processed=1000000/1095166 next_states=1343995 step_elapsed=2.88225s elapsed=9.7915s
    D_11 capped mod 9223372036854775433 forward step 32/46 states=1449186 elapsed=10.0533s
      D_11 capped mod scan m_32 processed=500000/1449186 elapsed=0.00141885s
      D_11 capped mod scan m_32 processed=1000000/1449186 elapsed=0.00281239s
D_11 MOD 9223372036854775433 m_32 kept_even=8187602277914429457 det=8533741199343027826
      D_11 capped mod 9223372036854775433 packed step 33/46 processed=500000/1449186 next_states=718691 step_elapsed=1.30099s elapsed=11.3807s
      D_11 capped mod 9223372036854775433 packed step 33/46 processed=1000000/1449186 next_states=1376483 step_elapsed=3.02304s elapsed=13.1027s
    D_11 capped mod 9223372036854775433 forward step 33/46 states=1908518 elapsed=14.604s
      D_11 capped mod scan m_33 processed=500000/1908518 elapsed=0.00170425s
      D_11 capped mod scan m_33 processed=1000000/1908518 elapsed=0.00313364s
      D_11 capped mod scan m_33 processed=1500000/1908518 elapsed=0.00463411s
D_11 MOD 9223372036854775433 m_33 kept_even=1739543578154119783 det=3017352627555604172
      D_11 capped mod 9223372036854775433 packed step 34/46 processed=500000/1908518 next_states=725195 step_elapsed=1.22271s elapsed=15.8372s
      D_11 capped mod 9223372036854775433 packed step 34/46 processed=1000000/1908518 next_states=1399214 step_elapsed=2.76879s elapsed=17.3833s
      D_11 capped mod 9223372036854775433 packed step 34/46 processed=1500000/1908518 next_states=2032717 step_elapsed=4.54634s elapsed=19.1608s
    D_11 capped mod 9223372036854775433 forward step 34/46 states=2501982 elapsed=20.5751s
      D_11 capped mod scan m_34 processed=500000/2501982 elapsed=0.00145468s
      D_11 capped mod scan m_34 processed=1000000/2501982 elapsed=0.00287779s
      D_11 capped mod scan m_34 processed=1500000/2501982 elapsed=0.00438681s
      D_11 capped mod scan m_34 processed=2000000/2501982 elapsed=0.0058628s
      D_11 capped mod scan m_34 processed=2500000/2501982 elapsed=0.00760291s
D_11 MOD 9223372036854775433 m_34 kept_even=4576210554073085921 det=4537275707099008235
      D_11 capped mod 9223372036854775433 packed step 35/46 processed=500000/2501982 next_states=729105 step_elapsed=1.26437s elapsed=21.8702s
      D_11 capped mod 9223372036854775433 packed step 35/46 processed=1000000/2501982 next_states=1410157 step_elapsed=2.86144s elapsed=23.4673s
      D_11 capped mod 9223372036854775433 packed step 35/46 processed=1500000/2501982 next_states=2065995 step_elapsed=4.62604s elapsed=25.2319s
      D_11 capped mod 9223372036854775433 packed step 35/46 processed=2000000/2501982 next_states=2691056 step_elapsed=6.52054s elapsed=27.1264s
      D_11 capped mod 9223372036854775433 packed step 35/46 processed=2500000/2501982 next_states=3263916 step_elapsed=8.34009s elapsed=28.9459s
    D_11 capped mod 9223372036854775433 forward step 35/46 states=3265628 elapsed=28.961s
      D_11 capped mod scan m_35 processed=500000/3265628 elapsed=0.00151242s
      D_11 capped mod scan m_35 processed=1000000/3265628 elapsed=0.00289488s
      D_11 capped mod scan m_35 processed=1500000/3265628 elapsed=0.00445617s
      D_11 capped mod scan m_35 processed=2000000/3265628 elapsed=0.00591458s
      D_11 capped mod scan m_35 processed=2500000/3265628 elapsed=0.00745687s
      D_11 capped mod scan m_35 processed=3000000/3265628 elapsed=0.00914388s
D_11 MOD 9223372036854775433 m_35 kept_even=8731387705945463797 det=3734084732117480773
      D_11 capped mod 9223372036854775433 packed step 36/46 processed=500000/3265628 next_states=733710 step_elapsed=1.25969s elapsed=30.2806s
      D_11 capped mod 9223372036854775433 packed step 36/46 processed=1000000/3265628 next_states=1422183 step_elapsed=2.95087s elapsed=31.9718s
      D_11 capped mod 9223372036854775433 packed step 36/46 processed=1500000/3265628 next_states=2091215 step_elapsed=4.81895s elapsed=33.8399s
      D_11 capped mod 9223372036854775433 packed step 36/46 processed=2000000/3265628 next_states=2737832 step_elapsed=6.73108s elapsed=35.752s
      D_11 capped mod 9223372036854775433 packed step 36/46 processed=2500000/3265628 next_states=3358759 step_elapsed=8.76225s elapsed=37.7832s
      D_11 capped mod 9223372036854775433 packed step 36/46 processed=3000000/3265628 next_states=3956027 step_elapsed=10.6842s elapsed=39.7051s
    D_11 capped mod 9223372036854775433 forward step 36/46 states=4244430 elapsed=40.6103s
      D_11 capped mod scan m_36 processed=500000/4244430 elapsed=0.0014221s
      D_11 capped mod scan m_36 processed=1000000/4244430 elapsed=0.00286782s
      D_11 capped mod scan m_36 processed=1500000/4244430 elapsed=0.00415494s
      D_11 capped mod scan m_36 processed=2000000/4244430 elapsed=0.00570327s
      D_11 capped mod scan m_36 processed=2500000/4244430 elapsed=0.00709541s
      D_11 capped mod scan m_36 processed=3000000/4244430 elapsed=0.00869448s
      D_11 capped mod scan m_36 processed=3500000/4244430 elapsed=0.0101266s
      D_11 capped mod scan m_36 processed=4000000/4244430 elapsed=0.0118563s
D_11 MOD 9223372036854775433 m_36 kept_even=2363374654622644149 det=7005595851860535785
      D_11 capped mod 9223372036854775433 packed step 37/46 processed=500000/4244430 next_states=736133 step_elapsed=1.19838s elapsed=41.8689s
      D_11 capped mod 9223372036854775433 packed step 37/46 processed=1000000/4244430 next_states=1431946 step_elapsed=2.72862s elapsed=43.3992s
      D_11 capped mod 9223372036854775433 packed step 37/46 processed=1500000/4244430 next_states=2104438 step_elapsed=4.45844s elapsed=45.129s
      D_11 capped mod 9223372036854775433 packed step 37/46 processed=2000000/4244430 next_states=2759954 step_elapsed=6.31037s elapsed=46.9809s
      D_11 capped mod 9223372036854775433 packed step 37/46 processed=2500000/4244430 next_states=3406126 step_elapsed=8.27785s elapsed=48.9484s
      D_11 capped mod 9223372036854775433 packed step 37/46 processed=3000000/4244430 next_states=4035330 step_elapsed=10.2929s elapsed=50.9635s
      D_11 capped mod 9223372036854775433 packed step 37/46 processed=3500000/4244430 next_states=4642878 step_elapsed=12.3448s elapsed=53.0154s
      D_11 capped mod 9223372036854775433 packed step 37/46 processed=4000000/4244430 next_states=5232980 step_elapsed=14.4178s elapsed=55.0884s
    D_11 capped mod 9223372036854775433 forward step 37/46 states=5494247 elapsed=55.9513s
      D_11 capped mod scan m_37 processed=500000/5494247 elapsed=0.00175866s
      D_11 capped mod scan m_37 processed=1000000/5494247 elapsed=0.00321382s
      D_11 capped mod scan m_37 processed=1500000/5494247 elapsed=0.00472611s
      D_11 capped mod scan m_37 processed=2000000/5494247 elapsed=0.00607203s
      D_11 capped mod scan m_37 processed=2500000/5494247 elapsed=0.00772791s
      D_11 capped mod scan m_37 processed=3000000/5494247 elapsed=0.00926873s
      D_11 capped mod scan m_37 processed=3500000/5494247 elapsed=0.010677s
      D_11 capped mod scan m_37 processed=4000000/5494247 elapsed=0.0122858s
      D_11 capped mod scan m_37 processed=4500000/5494247 elapsed=0.0137732s
      D_11 capped mod scan m_37 processed=5000000/5494247 elapsed=0.0156478s
D_11 MOD 9223372036854775433 m_37 kept_even=4400843343361329477 det=5981228997736387948
      D_11 capped mod 9223372036854775433 packed step 38/46 processed=500000/5494247 next_states=739005 step_elapsed=1.42989s elapsed=57.4948s
      D_11 capped mod 9223372036854775433 packed step 38/46 processed=1000000/5494247 next_states=1439428 step_elapsed=3.21873s elapsed=59.2837s
      D_11 capped mod 9223372036854775433 packed step 38/46 processed=1500000/5494247 next_states=2117571 step_elapsed=5.24991s elapsed=61.3148s
      D_11 capped mod 9223372036854775433 packed step 38/46 processed=2000000/5494247 next_states=2788025 step_elapsed=7.37369s elapsed=63.4386s
      D_11 capped mod 9223372036854775433 packed step 38/46 processed=2500000/5494247 next_states=3446130 step_elapsed=9.58637s elapsed=65.6513s
      D_11 capped mod 9223372036854775433 packed step 38/46 processed=3000000/5494247 next_states=4096021 step_elapsed=11.9269s elapsed=67.9918s
      D_11 capped mod 9223372036854775433 packed step 38/46 processed=3500000/5494247 next_states=4726932 step_elapsed=14.3899s elapsed=70.4549s
      D_11 capped mod 9223372036854775433 packed step 38/46 processed=4000000/5494247 next_states=5342458 step_elapsed=16.8941s elapsed=72.959s
      D_11 capped mod 9223372036854775433 packed step 38/46 processed=4500000/5494247 next_states=5953193 step_elapsed=19.2267s elapsed=75.2916s
      D_11 capped mod 9223372036854775433 packed step 38/46 processed=5000000/5494247 next_states=6539824 step_elapsed=21.684s elapsed=77.749s
    D_11 capped mod 9223372036854775433 forward step 38/46 states=7084376 elapsed=79.638s
      D_11 capped mod scan m_38 processed=500000/7084376 elapsed=0.00148435s
      D_11 capped mod scan m_38 processed=1000000/7084376 elapsed=0.00289576s
      D_11 capped mod scan m_38 processed=1500000/7084376 elapsed=0.00436393s
      D_11 capped mod scan m_38 processed=2000000/7084376 elapsed=0.00584421s
      D_11 capped mod scan m_38 processed=2500000/7084376 elapsed=0.00734214s
      D_11 capped mod scan m_38 processed=3000000/7084376 elapsed=0.00865663s
      D_11 capped mod scan m_38 processed=3500000/7084376 elapsed=0.0101116s
      D_11 capped mod scan m_38 processed=4000000/7084376 elapsed=0.011504s
      D_11 capped mod scan m_38 processed=4500000/7084376 elapsed=0.0128385s
      D_11 capped mod scan m_38 processed=5000000/7084376 elapsed=0.0144475s
      D_11 capped mod scan m_38 processed=5500000/7084376 elapsed=0.0161538s
      D_11 capped mod scan m_38 processed=6000000/7084376 elapsed=0.0175971s
      D_11 capped mod scan m_38 processed=6500000/7084376 elapsed=0.0192669s
      D_11 capped mod scan m_38 processed=7000000/7084376 elapsed=0.0211981s
D_11 MOD 9223372036854775433 m_38 kept_even=1035552494814640658 det=5991086858258788719
      D_11 capped mod 9223372036854775433 packed step 39/46 processed=500000/7084376 next_states=741207 step_elapsed=1.31072s elapsed=81.0588s
      D_11 capped mod 9223372036854775433 packed step 39/46 processed=1000000/7084376 next_states=1445076 step_elapsed=3.02794s elapsed=82.776s
      D_11 capped mod 9223372036854775433 packed step 39/46 processed=1500000/7084376 next_states=2130184 step_elapsed=4.93906s elapsed=84.6872s
      D_11 capped mod 9223372036854775433 packed step 39/46 processed=2000000/7084376 next_states=2806556 step_elapsed=6.84755s elapsed=86.5957s
      D_11 capped mod 9223372036854775433 packed step 39/46 processed=2500000/7084376 next_states=3477183 step_elapsed=8.87661s elapsed=88.6247s
      D_11 capped mod 9223372036854775433 packed step 39/46 processed=3000000/7084376 next_states=4125563 step_elapsed=11.1876s elapsed=90.9357s
      D_11 capped mod 9223372036854775433 packed step 39/46 processed=3500000/7084376 next_states=4777822 step_elapsed=13.4254s elapsed=93.1735s
      D_11 capped mod 9223372036854775433 packed step 39/46 processed=4000000/7084376 next_states=5426242 step_elapsed=15.7983s elapsed=95.5464s
      D_11 capped mod 9223372036854775433 packed step 39/46 processed=4500000/7084376 next_states=6045608 step_elapsed=18.3512s elapsed=98.0993s
      D_11 capped mod 9223372036854775433 packed step 39/46 processed=5000000/7084376 next_states=6675080 step_elapsed=20.7102s elapsed=100.458s
      D_11 capped mod 9223372036854775433 packed step 39/46 processed=5500000/7084376 next_states=7280100 step_elapsed=23.177s elapsed=102.925s
      D_11 capped mod 9223372036854775433 packed step 39/46 processed=6000000/7084376 next_states=7876841 step_elapsed=25.7082s elapsed=105.456s
      D_11 capped mod 9223372036854775433 packed step 39/46 processed=6500000/7084376 next_states=8461399 step_elapsed=28.0213s elapsed=107.769s
      D_11 capped mod 9223372036854775433 packed step 39/46 processed=7000000/7084376 next_states=9016337 step_elapsed=30.0921s elapsed=109.84s
    D_11 capped mod 9223372036854775433 forward step 39/46 states=9100351 elapsed=110.137s
      D_11 capped mod scan m_39 processed=500000/9100351 elapsed=0.00147176s
      D_11 capped mod scan m_39 processed=1000000/9100351 elapsed=0.00290863s
      D_11 capped mod scan m_39 processed=1500000/9100351 elapsed=0.00441379s
      D_11 capped mod scan m_39 processed=2000000/9100351 elapsed=0.0057646s
      D_11 capped mod scan m_39 processed=2500000/9100351 elapsed=0.00723345s
      D_11 capped mod scan m_39 processed=3000000/9100351 elapsed=0.00869224s
      D_11 capped mod scan m_39 processed=3500000/9100351 elapsed=0.00997653s
      D_11 capped mod scan m_39 processed=4000000/9100351 elapsed=0.0112212s
      D_11 capped mod scan m_39 processed=4500000/9100351 elapsed=0.0126995s
      D_11 capped mod scan m_39 processed=5000000/9100351 elapsed=0.0142622s
      D_11 capped mod scan m_39 processed=5500000/9100351 elapsed=0.0158739s
      D_11 capped mod scan m_39 processed=6000000/9100351 elapsed=0.0172335s
      D_11 capped mod scan m_39 processed=6500000/9100351 elapsed=0.0187163s
      D_11 capped mod scan m_39 processed=7000000/9100351 elapsed=0.0218511s
      D_11 capped mod scan m_39 processed=7500000/9100351 elapsed=0.0233238s
      D_11 capped mod scan m_39 processed=8000000/9100351 elapsed=0.0248661s
      D_11 capped mod scan m_39 processed=8500000/9100351 elapsed=0.0266844s
      D_11 capped mod scan m_39 processed=9000000/9100351 elapsed=0.0285178s
D_11 MOD 9223372036854775433 m_39 kept_even=102185257158771465 det=8948760409738042294
      D_11 capped mod 9223372036854775433 packed step 40/46 processed=500000/9100351 next_states=743539 step_elapsed=1.31038s elapsed=111.565s
      D_11 capped mod 9223372036854775433 packed step 40/46 processed=1000000/9100351 next_states=1448894 step_elapsed=2.92568s elapsed=113.18s
      D_11 capped mod 9223372036854775433 packed step 40/46 processed=1500000/9100351 next_states=2138947 step_elapsed=4.71919s elapsed=114.974s
      D_11 capped mod 9223372036854775433 packed step 40/46 processed=2000000/9100351 next_states=2824545 step_elapsed=6.62058s elapsed=116.875s
      D_11 capped mod 9223372036854775433 packed step 40/46 processed=2500000/9100351 next_states=3499721 step_elapsed=8.5716s elapsed=118.826s
      D_11 capped mod 9223372036854775433 packed step 40/46 processed=3000000/9100351 next_states=4158182 step_elapsed=10.7418s elapsed=120.996s
      D_11 capped mod 9223372036854775433 packed step 40/46 processed=3500000/9100351 next_states=4824423 step_elapsed=12.8215s elapsed=123.076s
      D_11 capped mod 9223372036854775433 packed step 40/46 processed=4000000/9100351 next_states=5464241 step_elapsed=15.3515s elapsed=125.606s
      D_11 capped mod 9223372036854775433 packed step 40/46 processed=4500000/9100351 next_states=6121650 step_elapsed=17.5593s elapsed=127.814s
      D_11 capped mod 9223372036854775433 packed step 40/46 processed=5000000/9100351 next_states=6743957 step_elapsed=20.2939s elapsed=130.548s
      D_11 capped mod 9223372036854775433 packed step 40/46 processed=5500000/9100351 next_states=7393750 step_elapsed=22.6184s elapsed=132.873s
      D_11 capped mod 9223372036854775433 packed step 40/46 processed=6000000/9100351 next_states=8005911 step_elapsed=25.3169s elapsed=135.571s
      D_11 capped mod 9223372036854775433 packed step 40/46 processed=6500000/9100351 next_states=8636349 step_elapsed=27.8148s elapsed=138.069s
      D_11 capped mod 9223372036854775433 packed step 40/46 processed=7000000/9100351 next_states=9231267 step_elapsed=30.6059s elapsed=140.86s
      D_11 capped mod 9223372036854775433 packed step 40/46 processed=7500000/9100351 next_states=9843669 step_elapsed=33.2236s elapsed=143.478s
      D_11 capped mod 9223372036854775433 packed step 40/46 processed=8000000/9100351 next_states=10417702 step_elapsed=35.9938s elapsed=146.248s
      D_11 capped mod 9223372036854775433 packed step 40/46 processed=8500000/9100351 next_states=10996622 step_elapsed=38.7171s elapsed=148.972s
      D_11 capped mod 9223372036854775433 packed step 40/46 processed=9000000/9100351 next_states=11548373 step_elapsed=41.1489s elapsed=151.403s
    D_11 capped mod 9223372036854775433 forward step 40/46 states=11647586 elapsed=151.812s
      D_11 capped mod scan m_40 processed=500000/11647586 elapsed=0.0027703s
      D_11 capped mod scan m_40 processed=1000000/11647586 elapsed=0.00444177s
      D_11 capped mod scan m_40 processed=1500000/11647586 elapsed=0.00598754s
      D_11 capped mod scan m_40 processed=2000000/11647586 elapsed=0.00732948s
      D_11 capped mod scan m_40 processed=2500000/11647586 elapsed=0.00891984s
      D_11 capped mod scan m_40 processed=3000000/11647586 elapsed=0.0102388s
      D_11 capped mod scan m_40 processed=3500000/11647586 elapsed=0.0116092s
      D_11 capped mod scan m_40 processed=4000000/11647586 elapsed=0.0132141s
      D_11 capped mod scan m_40 processed=4500000/11647586 elapsed=0.0148999s
      D_11 capped mod scan m_40 processed=5000000/11647586 elapsed=0.0163039s
      D_11 capped mod scan m_40 processed=5500000/11647586 elapsed=0.0176294s
      D_11 capped mod scan m_40 processed=6000000/11647586 elapsed=0.0190932s
      D_11 capped mod scan m_40 processed=6500000/11647586 elapsed=0.0206413s
      D_11 capped mod scan m_40 processed=7000000/11647586 elapsed=0.0222539s
      D_11 capped mod scan m_40 processed=7500000/11647586 elapsed=0.0237882s
      D_11 capped mod scan m_40 processed=8000000/11647586 elapsed=0.0254985s
      D_11 capped mod scan m_40 processed=8500000/11647586 elapsed=0.0269659s
      D_11 capped mod scan m_40 processed=9000000/11647586 elapsed=0.0287016s
      D_11 capped mod scan m_40 processed=9500000/11647586 elapsed=0.0305546s
      D_11 capped mod scan m_40 processed=10000000/11647586 elapsed=0.0323137s
      D_11 capped mod scan m_40 processed=10500000/11647586 elapsed=0.0351574s
      D_11 capped mod scan m_40 processed=11000000/11647586 elapsed=0.0371594s
      D_11 capped mod scan m_40 processed=11500000/11647586 elapsed=0.0389915s
D_11 MOD 9223372036854775433 m_40 kept_even=1131019520462228369 det=699230199581108842
      D_11 capped mod 9223372036854775433 packed step 41/46 processed=500000/11647586 next_states=744753 step_elapsed=1.59563s elapsed=153.656s
      D_11 capped mod 9223372036854775433 packed step 41/46 processed=1000000/11647586 next_states=1454194 step_elapsed=3.81362s elapsed=155.874s
      D_11 capped mod 9223372036854775433 packed step 41/46 processed=1500000/11647586 next_states=2148292 step_elapsed=6.25286s elapsed=158.313s
      D_11 capped mod 9223372036854775433 packed step 41/46 processed=2000000/11647586 next_states=2837266 step_elapsed=8.66191s elapsed=160.722s
      D_11 capped mod 9223372036854775433 packed step 41/46 processed=2500000/11647586 next_states=3508959 step_elapsed=11.2525s elapsed=163.313s
      D_11 capped mod 9223372036854775433 packed step 41/46 processed=3000000/11647586 next_states=4179549 step_elapsed=13.8033s elapsed=165.864s
      D_11 capped mod 9223372036854775433 packed step 41/46 processed=3500000/11647586 next_states=4855828 step_elapsed=16.3409s elapsed=168.401s
      D_11 capped mod 9223372036854775433 packed step 41/46 processed=4000000/11647586 next_states=5506061 step_elapsed=18.9262s elapsed=170.987s
      D_11 capped mod 9223372036854775433 packed step 41/46 processed=4500000/11647586 next_states=6167201 step_elapsed=21.5513s elapsed=173.612s
      D_11 capped mod 9223372036854775433 packed step 41/46 processed=5000000/11647586 next_states=6816125 step_elapsed=24.4109s elapsed=176.471s
      D_11 capped mod 9223372036854775433 packed step 41/46 processed=5500000/11647586 next_states=7450967 step_elapsed=27.416s elapsed=179.476s
      D_11 capped mod 9223372036854775433 packed step 41/46 processed=6000000/11647586 next_states=8107806 step_elapsed=30.1147s elapsed=182.175s
      D_11 capped mod 9223372036854775433 packed step 41/46 processed=6500000/11647586 next_states=8729528 step_elapsed=33.4393s elapsed=185.5s
      D_11 capped mod 9223372036854775433 packed step 41/46 processed=7000000/11647586 next_states=9359377 step_elapsed=36.4573s elapsed=188.518s
      D_11 capped mod 9223372036854775433 packed step 41/46 processed=7500000/11647586 next_states=9993428 step_elapsed=39.3051s elapsed=191.365s
      D_11 capped mod 9223372036854775433 packed step 41/46 processed=8000000/11647586 next_states=10599450 step_elapsed=42.5819s elapsed=194.642s
      D_11 capped mod 9223372036854775433 packed step 41/46 processed=8500000/11647586 next_states=11226149 step_elapsed=45.4293s elapsed=197.49s
      D_11 capped mod 9223372036854775433 packed step 41/46 processed=9000000/11647586 next_states=11824502 step_elapsed=48.2543s elapsed=200.315s
      D_11 capped mod 9223372036854775433 packed step 41/46 processed=9500000/11647586 next_states=12417101 step_elapsed=50.9995s elapsed=203.06s
      D_11 capped mod 9223372036854775433 packed step 41/46 processed=10000000/11647586 next_states=13016142 step_elapsed=53.6029s elapsed=205.663s
      D_11 capped mod 9223372036854775433 packed step 41/46 processed=10500000/11647586 next_states=13593053 step_elapsed=56.2673s elapsed=208.328s
      D_11 capped mod 9223372036854775433 packed step 41/46 processed=11000000/11647586 next_states=14158348 step_elapsed=58.8064s elapsed=210.867s
      D_11 capped mod 9223372036854775433 packed step 41/46 processed=11500000/11647586 next_states=14707799 step_elapsed=60.9922s elapsed=213.052s
    D_11 capped mod 9223372036854775433 forward step 41/46 states=14855542 elapsed=213.627s
      D_11 capped mod scan m_41 processed=500000/14855542 elapsed=0.00144712s
      D_11 capped mod scan m_41 processed=1000000/14855542 elapsed=0.0029376s
      D_11 capped mod scan m_41 processed=1500000/14855542 elapsed=0.00428259s
      D_11 capped mod scan m_41 processed=2000000/14855542 elapsed=0.00566915s
      D_11 capped mod scan m_41 processed=2500000/14855542 elapsed=0.00688471s
      D_11 capped mod scan m_41 processed=3000000/14855542 elapsed=0.00840411s
      D_11 capped mod scan m_41 processed=3500000/14855542 elapsed=0.00998691s
      D_11 capped mod scan m_41 processed=4000000/14855542 elapsed=0.0112424s
      D_11 capped mod scan m_41 processed=4500000/14855542 elapsed=0.0124524s
      D_11 capped mod scan m_41 processed=5000000/14855542 elapsed=0.0139042s
      D_11 capped mod scan m_41 processed=5500000/14855542 elapsed=0.0154547s
      D_11 capped mod scan m_41 processed=6000000/14855542 elapsed=0.0174288s
      D_11 capped mod scan m_41 processed=6500000/14855542 elapsed=0.019041s
      D_11 capped mod scan m_41 processed=7000000/14855542 elapsed=0.020361s
      D_11 capped mod scan m_41 processed=7500000/14855542 elapsed=0.0218293s
      D_11 capped mod scan m_41 processed=8000000/14855542 elapsed=0.0238113s
      D_11 capped mod scan m_41 processed=8500000/14855542 elapsed=0.0253971s
      D_11 capped mod scan m_41 processed=9000000/14855542 elapsed=0.0269588s
      D_11 capped mod scan m_41 processed=9500000/14855542 elapsed=0.0284714s
      D_11 capped mod scan m_41 processed=10000000/14855542 elapsed=0.02983s
      D_11 capped mod scan m_41 processed=10500000/14855542 elapsed=0.0312602s
      D_11 capped mod scan m_41 processed=11000000/14855542 elapsed=0.0328224s
      D_11 capped mod scan m_41 processed=11500000/14855542 elapsed=0.0343608s
      D_11 capped mod scan m_41 processed=12000000/14855542 elapsed=0.0361095s
      D_11 capped mod scan m_41 processed=12500000/14855542 elapsed=0.0377949s
      D_11 capped mod scan m_41 processed=13000000/14855542 elapsed=0.0392595s
      D_11 capped mod scan m_41 processed=13500000/14855542 elapsed=0.0409461s
      D_11 capped mod scan m_41 processed=14000000/14855542 elapsed=0.0428317s
      D_11 capped mod scan m_41 processed=14500000/14855542 elapsed=0.0447419s
D_11 MOD 9223372036854775433 m_41 kept_even=406519039087229781 det=4391802500392617947
      D_11 capped mod 9223372036854775433 packed step 42/46 processed=500000/14855542 next_states=746032 step_elapsed=1.53717s elapsed=215.39s
      D_11 capped mod 9223372036854775433 packed step 42/46 processed=1000000/14855542 next_states=1458046 step_elapsed=3.46188s elapsed=217.315s
      D_11 capped mod 9223372036854775433 packed step 42/46 processed=1500000/14855542 next_states=2153710 step_elapsed=5.54051s elapsed=219.393s
      D_11 capped mod 9223372036854775433 packed step 42/46 processed=2000000/14855542 next_states=2846989 step_elapsed=7.69409s elapsed=221.547s
      D_11 capped mod 9223372036854775433 packed step 42/46 processed=2500000/14855542 next_states=3519069 step_elapsed=10.1864s elapsed=224.039s
      D_11 capped mod 9223372036854775433 packed step 42/46 processed=3000000/14855542 next_states=4202105 step_elapsed=12.5112s elapsed=226.364s
      D_11 capped mod 9223372036854775433 packed step 42/46 processed=3500000/14855542 next_states=4870014 step_elapsed=14.9709s elapsed=228.824s
      D_11 capped mod 9223372036854775433 packed step 42/46 processed=4000000/14855542 next_states=5541321 step_elapsed=17.3479s elapsed=231.201s
      D_11 capped mod 9223372036854775433 packed step 42/46 processed=4500000/14855542 next_states=6195560 step_elapsed=20.0859s elapsed=233.939s
      D_11 capped mod 9223372036854775433 packed step 42/46 processed=5000000/14855542 next_states=6869038 step_elapsed=22.5681s elapsed=236.421s
      D_11 capped mod 9223372036854775433 packed step 42/46 processed=5500000/14855542 next_states=7508753 step_elapsed=25.3127s elapsed=239.166s
      D_11 capped mod 9223372036854775433 packed step 42/46 processed=6000000/14855542 next_states=8151492 step_elapsed=27.8897s elapsed=241.743s
      D_11 capped mod 9223372036854775433 packed step 42/46 processed=6500000/14855542 next_states=8819907 step_elapsed=30.2219s elapsed=244.075s
      D_11 capped mod 9223372036854775433 packed step 42/46 processed=7000000/14855542 next_states=9449004 step_elapsed=33.0465s elapsed=246.899s
      D_11 capped mod 9223372036854775433 packed step 42/46 processed=7500000/14855542 next_states=10076200 step_elapsed=35.8545s elapsed=249.707s
      D_11 capped mod 9223372036854775433 packed step 42/46 processed=8000000/14855542 next_states=10736285 step_elapsed=38.2789s elapsed=252.132s
      D_11 capped mod 9223372036854775433 packed step 42/46 processed=8500000/14855542 next_states=11356421 step_elapsed=40.9526s elapsed=254.806s
      D_11 capped mod 9223372036854775433 packed step 42/46 processed=9000000/14855542 next_states=11970406 step_elapsed=44.0241s elapsed=257.877s
      D_11 capped mod 9223372036854775433 packed step 42/46 processed=9500000/14855542 next_states=12610339 step_elapsed=46.6566s elapsed=260.51s
      D_11 capped mod 9223372036854775433 packed step 42/46 processed=10000000/14855542 next_states=13228708 step_elapsed=49.3972s elapsed=263.25s
      D_11 capped mod 9223372036854775433 packed step 42/46 processed=10500000/14855542 next_states=13830181 step_elapsed=52.4441s elapsed=266.297s
      D_11 capped mod 9223372036854775433 packed step 42/46 processed=11000000/14855542 next_states=14438280 step_elapsed=55.2687s elapsed=269.122s
      D_11 capped mod 9223372036854775433 packed step 42/46 processed=11500000/14855542 next_states=15057312 step_elapsed=58.0594s elapsed=271.912s
      D_11 capped mod 9223372036854775433 packed step 42/46 processed=12000000/14855542 next_states=15641678 step_elapsed=61.1717s elapsed=275.025s
      D_11 capped mod 9223372036854775433 packed step 42/46 processed=12500000/14855542 next_states=16235988 step_elapsed=64.0859s elapsed=277.939s
      D_11 capped mod 9223372036854775433 packed step 42/46 processed=13000000/14855542 next_states=16827459 step_elapsed=67.0266s elapsed=280.88s
      D_11 capped mod 9223372036854775433 packed step 42/46 processed=13500000/14855542 next_states=17386893 step_elapsed=69.8742s elapsed=283.727s
      D_11 capped mod 9223372036854775433 packed step 42/46 processed=14000000/14855542 next_states=17967754 step_elapsed=72.4434s elapsed=286.296s
      D_11 capped mod 9223372036854775433 packed step 42/46 processed=14500000/14855542 next_states=18517787 step_elapsed=74.8911s elapsed=288.744s
    D_11 capped mod 9223372036854775433 forward step 42/46 states=18882842 elapsed=290.24s
      D_11 capped mod scan m_42 processed=500000/18882842 elapsed=0.001376s
      D_11 capped mod scan m_42 processed=1000000/18882842 elapsed=0.00269857s
      D_11 capped mod scan m_42 processed=1500000/18882842 elapsed=0.00408228s
      D_11 capped mod scan m_42 processed=2000000/18882842 elapsed=0.00537549s
      D_11 capped mod scan m_42 processed=2500000/18882842 elapsed=0.00682313s
      D_11 capped mod scan m_42 processed=3000000/18882842 elapsed=0.00809045s
      D_11 capped mod scan m_42 processed=3500000/18882842 elapsed=0.00932718s
      D_11 capped mod scan m_42 processed=4000000/18882842 elapsed=0.0108646s
      D_11 capped mod scan m_42 processed=4500000/18882842 elapsed=0.012357s
      D_11 capped mod scan m_42 processed=5000000/18882842 elapsed=0.0137472s
      D_11 capped mod scan m_42 processed=5500000/18882842 elapsed=0.0148993s
      D_11 capped mod scan m_42 processed=6000000/18882842 elapsed=0.016074s
      D_11 capped mod scan m_42 processed=6500000/18882842 elapsed=0.0174147s
      D_11 capped mod scan m_42 processed=7000000/18882842 elapsed=0.0189154s
      D_11 capped mod scan m_42 processed=7500000/18882842 elapsed=0.0203419s
      D_11 capped mod scan m_42 processed=8000000/18882842 elapsed=0.0218968s
      D_11 capped mod scan m_42 processed=8500000/18882842 elapsed=0.0232561s
      D_11 capped mod scan m_42 processed=9000000/18882842 elapsed=0.0245027s
      D_11 capped mod scan m_42 processed=9500000/18882842 elapsed=0.02586s
      D_11 capped mod scan m_42 processed=10000000/18882842 elapsed=0.0271942s
      D_11 capped mod scan m_42 processed=10500000/18882842 elapsed=0.0287435s
      D_11 capped mod scan m_42 processed=11000000/18882842 elapsed=0.030316s
      D_11 capped mod scan m_42 processed=11500000/18882842 elapsed=0.0319997s
      D_11 capped mod scan m_42 processed=12000000/18882842 elapsed=0.0336984s
      D_11 capped mod scan m_42 processed=12500000/18882842 elapsed=0.0353255s
      D_11 capped mod scan m_42 processed=13000000/18882842 elapsed=0.0369502s
      D_11 capped mod scan m_42 processed=13500000/18882842 elapsed=0.0385626s
      D_11 capped mod scan m_42 processed=14000000/18882842 elapsed=0.0403074s
      D_11 capped mod scan m_42 processed=14500000/18882842 elapsed=0.0423427s
      D_11 capped mod scan m_42 processed=15000000/18882842 elapsed=0.0442465s
      D_11 capped mod scan m_42 processed=15500000/18882842 elapsed=0.0462304s
      D_11 capped mod scan m_42 processed=16000000/18882842 elapsed=0.0481846s
      D_11 capped mod scan m_42 processed=16500000/18882842 elapsed=0.0497168s
      D_11 capped mod scan m_42 processed=17000000/18882842 elapsed=0.0513419s
      D_11 capped mod scan m_42 processed=17500000/18882842 elapsed=0.0531053s
      D_11 capped mod scan m_42 processed=18000000/18882842 elapsed=0.0550024s
      D_11 capped mod scan m_42 processed=18500000/18882842 elapsed=0.0569642s
D_11 MOD 9223372036854775433 m_42 kept_even=2179753209632318053 det=8982250853918172420
      D_11 capped mod 9223372036854775433 packed step 43/46 processed=500000/18882842 next_states=746032 step_elapsed=1.39386s elapsed=291.866s
      D_11 capped mod 9223372036854775433 packed step 43/46 processed=1000000/18882842 next_states=1461410 step_elapsed=3.2995s elapsed=293.771s
      D_11 capped mod 9223372036854775433 packed step 43/46 processed=1500000/18882842 next_states=2160024 step_elapsed=5.30478s elapsed=295.776s
      D_11 capped mod 9223372036854775433 packed step 43/46 processed=2000000/18882842 next_states=2853788 step_elapsed=7.45206s elapsed=297.924s
      D_11 capped mod 9223372036854775433 packed step 43/46 processed=2500000/18882842 next_states=3531129 step_elapsed=9.81229s elapsed=300.284s
      D_11 capped mod 9223372036854775433 packed step 43/46 processed=3000000/18882842 next_states=4218189 step_elapsed=11.9916s elapsed=302.463s
      D_11 capped mod 9223372036854775433 packed step 43/46 processed=3500000/18882842 next_states=4885942 step_elapsed=14.5301s elapsed=305.002s
      D_11 capped mod 9223372036854775433 packed step 43/46 processed=4000000/18882842 next_states=5569801 step_elapsed=16.7329s elapsed=307.205s
      D_11 capped mod 9223372036854775433 packed step 43/46 processed=4500000/18882842 next_states=6227732 step_elapsed=19.4046s elapsed=309.876s
      D_11 capped mod 9223372036854775433 packed step 43/46 processed=5000000/18882842 next_states=6902619 step_elapsed=21.8445s elapsed=312.316s
      D_11 capped mod 9223372036854775433 packed step 43/46 processed=5500000/18882842 next_states=7558762 step_elapsed=24.5387s elapsed=315.01s
      D_11 capped mod 9223372036854775433 packed step 43/46 processed=6000000/18882842 next_states=8209660 step_elapsed=27.5987s elapsed=318.07s
      D_11 capped mod 9223372036854775433 packed step 43/46 processed=6500000/18882842 next_states=8871674 step_elapsed=30.0752s elapsed=320.547s
      D_11 capped mod 9223372036854775433 packed step 43/46 processed=7000000/18882842 next_states=9527141 step_elapsed=32.7113s elapsed=323.183s
      D_11 capped mod 9223372036854775433 packed step 43/46 processed=7500000/18882842 next_states=10159947 step_elapsed=35.7638s elapsed=326.236s
      D_11 capped mod 9223372036854775433 packed step 43/46 processed=8000000/18882842 next_states=10800624 step_elapsed=38.943s elapsed=329.415s
      D_11 capped mod 9223372036854775433 packed step 43/46 processed=8500000/18882842 next_states=11465702 step_elapsed=41.4387s elapsed=331.91s
      D_11 capped mod 9223372036854775433 packed step 43/46 processed=9000000/18882842 next_states=12097531 step_elapsed=44.3054s elapsed=334.777s
      D_11 capped mod 9223372036854775433 packed step 43/46 processed=9500000/18882842 next_states=12722622 step_elapsed=47.5016s elapsed=337.973s
      D_11 capped mod 9223372036854775433 packed step 43/46 processed=10000000/18882842 next_states=13348893 step_elapsed=50.6686s elapsed=341.14s
      D_11 capped mod 9223372036854775433 packed step 43/46 processed=10500000/18882842 next_states=14002119 step_elapsed=53.3595s elapsed=343.831s
      D_11 capped mod 9223372036854775433 packed step 43/46 processed=11000000/18882842 next_states=14626301 step_elapsed=56.3035s elapsed=346.775s
      D_11 capped mod 9223372036854775433 packed step 43/46 processed=11500000/18882842 next_states=15240665 step_elapsed=59.5755s elapsed=350.047s
      D_11 capped mod 9223372036854775433 packed step 43/46 processed=12000000/18882842 next_states=15843747 step_elapsed=63.0164s elapsed=353.488s
      D_11 capped mod 9223372036854775433 packed step 43/46 processed=12500000/18882842 next_states=16482551 step_elapsed=65.7161s elapsed=356.188s
      D_11 capped mod 9223372036854775433 packed step 43/46 processed=13000000/18882842 next_states=17107123 step_elapsed=68.8002s elapsed=359.272s
      D_11 capped mod 9223372036854775433 packed step 43/46 processed=13500000/18882842 next_states=17705069 step_elapsed=72.1265s elapsed=362.598s
      D_11 capped mod 9223372036854775433 packed step 43/46 processed=14000000/18882842 next_states=18301093 step_elapsed=75.7367s elapsed=366.208s
      D_11 capped mod 9223372036854775433 packed step 43/46 processed=14500000/18882842 next_states=18916064 step_elapsed=78.5439s elapsed=369.016s
      D_11 capped mod 9223372036854775433 packed step 43/46 processed=15000000/18882842 next_states=19525225 step_elapsed=81.8335s elapsed=372.305s
      D_11 capped mod 9223372036854775433 packed step 43/46 processed=15500000/18882842 next_states=20104474 step_elapsed=85.1602s elapsed=375.632s
      D_11 capped mod 9223372036854775433 packed step 43/46 processed=16000000/18882842 next_states=20681270 step_elapsed=88.6907s elapsed=379.162s
      D_11 capped mod 9223372036854775433 packed step 43/46 processed=16500000/18882842 next_states=21288627 step_elapsed=91.5751s elapsed=382.047s
      D_11 capped mod 9223372036854775433 packed step 43/46 processed=17000000/18882842 next_states=21855202 step_elapsed=94.5223s elapsed=384.994s
      D_11 capped mod 9223372036854775433 packed step 43/46 processed=17500000/18882842 next_states=22425094 step_elapsed=97.3505s elapsed=387.822s
      D_11 capped mod 9223372036854775433 packed step 43/46 processed=18000000/18882842 next_states=22985284 step_elapsed=100.08s elapsed=390.552s
      D_11 capped mod 9223372036854775433 packed step 43/46 processed=18500000/18882842 next_states=23532854 step_elapsed=102.703s elapsed=393.175s
    D_11 capped mod 9223372036854775433 forward step 43/46 states=23923206 elapsed=394.843s
      D_11 capped mod scan m_43 processed=500000/23923206 elapsed=0.00142076s
      D_11 capped mod scan m_43 processed=1000000/23923206 elapsed=0.00282317s
      D_11 capped mod scan m_43 processed=1500000/23923206 elapsed=0.00413302s
      D_11 capped mod scan m_43 processed=2000000/23923206 elapsed=0.00551433s
      D_11 capped mod scan m_43 processed=2500000/23923206 elapsed=0.0066903s
      D_11 capped mod scan m_43 processed=3000000/23923206 elapsed=0.00809046s
      D_11 capped mod scan m_43 processed=3500000/23923206 elapsed=0.00941529s
      D_11 capped mod scan m_43 processed=4000000/23923206 elapsed=0.0106569s
      D_11 capped mod scan m_43 processed=4500000/23923206 elapsed=0.0118434s
      D_11 capped mod scan m_43 processed=5000000/23923206 elapsed=0.0130989s
      D_11 capped mod scan m_43 processed=5500000/23923206 elapsed=0.0145005s
      D_11 capped mod scan m_43 processed=6000000/23923206 elapsed=0.0159296s
      D_11 capped mod scan m_43 processed=6500000/23923206 elapsed=0.0174659s
      D_11 capped mod scan m_43 processed=7000000/23923206 elapsed=0.0187566s
      D_11 capped mod scan m_43 processed=7500000/23923206 elapsed=0.020004s
      D_11 capped mod scan m_43 processed=8000000/23923206 elapsed=0.0212452s
      D_11 capped mod scan m_43 processed=8500000/23923206 elapsed=0.0225079s
      D_11 capped mod scan m_43 processed=9000000/23923206 elapsed=0.0239608s
      D_11 capped mod scan m_43 processed=9500000/23923206 elapsed=0.025424s
      D_11 capped mod scan m_43 processed=10000000/23923206 elapsed=0.0269584s
      D_11 capped mod scan m_43 processed=10500000/23923206 elapsed=0.0284047s
      D_11 capped mod scan m_43 processed=11000000/23923206 elapsed=0.0299723s
      D_11 capped mod scan m_43 processed=11500000/23923206 elapsed=0.0310511s
      D_11 capped mod scan m_43 processed=12000000/23923206 elapsed=0.0323326s
      D_11 capped mod scan m_43 processed=12500000/23923206 elapsed=0.0336451s
      D_11 capped mod scan m_43 processed=13000000/23923206 elapsed=0.0365568s
      D_11 capped mod scan m_43 processed=13500000/23923206 elapsed=0.0382164s
      D_11 capped mod scan m_43 processed=14000000/23923206 elapsed=0.0408019s
      D_11 capped mod scan m_43 processed=14500000/23923206 elapsed=0.0428106s
      D_11 capped mod scan m_43 processed=15000000/23923206 elapsed=0.0444196s
      D_11 capped mod scan m_43 processed=15500000/23923206 elapsed=0.0460314s
      D_11 capped mod scan m_43 processed=16000000/23923206 elapsed=0.0476453s
      D_11 capped mod scan m_43 processed=16500000/23923206 elapsed=0.049058s
      D_11 capped mod scan m_43 processed=17000000/23923206 elapsed=0.0503925s
      D_11 capped mod scan m_43 processed=17500000/23923206 elapsed=0.0518531s
      D_11 capped mod scan m_43 processed=18000000/23923206 elapsed=0.0534289s
      D_11 capped mod scan m_43 processed=18500000/23923206 elapsed=0.0549053s
      D_11 capped mod scan m_43 processed=19000000/23923206 elapsed=0.0564778s
      D_11 capped mod scan m_43 processed=19500000/23923206 elapsed=0.0581486s
      D_11 capped mod scan m_43 processed=20000000/23923206 elapsed=0.0599094s
      D_11 capped mod scan m_43 processed=20500000/23923206 elapsed=0.0616095s
      D_11 capped mod scan m_43 processed=21000000/23923206 elapsed=0.0632859s
      D_11 capped mod scan m_43 processed=21500000/23923206 elapsed=0.0647701s
      D_11 capped mod scan m_43 processed=22000000/23923206 elapsed=0.066418s
      D_11 capped mod scan m_43 processed=22500000/23923206 elapsed=0.068177s
      D_11 capped mod scan m_43 processed=23000000/23923206 elapsed=0.070099s
      D_11 capped mod scan m_43 processed=23500000/23923206 elapsed=0.0720258s
D_11 MOD 9223372036854775433 m_43 kept_even=4436309610636944715 det=3205685524056187876
      D_11 capped mod 9223372036854775433 packed step 44/46 processed=500000/23923206 next_states=746032 step_elapsed=1.48582s elapsed=396.746s
      D_11 capped mod 9223372036854775433 packed step 44/46 processed=1000000/23923206 next_states=1465648 step_elapsed=3.3413s elapsed=398.602s
      D_11 capped mod 9223372036854775433 packed step 44/46 processed=1500000/23923206 next_states=2163474 step_elapsed=5.33222s elapsed=400.593s
      D_11 capped mod 9223372036854775433 packed step 44/46 processed=2000000/23923206 next_states=2860782 step_elapsed=7.46854s elapsed=402.729s
      D_11 capped mod 9223372036854775433 packed step 44/46 processed=2500000/23923206 next_states=3538948 step_elapsed=9.93584s elapsed=405.196s
      D_11 capped mod 9223372036854775433 packed step 44/46 processed=3000000/23923206 next_states=4228550 step_elapsed=12.1995s elapsed=407.46s
      D_11 capped mod 9223372036854775433 packed step 44/46 processed=3500000/23923206 next_states=4899266 step_elapsed=14.7148s elapsed=409.975s
      D_11 capped mod 9223372036854775433 packed step 44/46 processed=4000000/23923206 next_states=5591884 step_elapsed=16.7839s elapsed=412.044s
      D_11 capped mod 9223372036854775433 packed step 44/46 processed=4500000/23923206 next_states=6254667 step_elapsed=19.3235s elapsed=414.584s
      D_11 capped mod 9223372036854775433 packed step 44/46 processed=5000000/23923206 next_states=6917410 step_elapsed=21.8449s elapsed=417.105s
      D_11 capped mod 9223372036854775433 packed step 44/46 processed=5500000/23923206 next_states=7595725 step_elapsed=24.2193s elapsed=419.48s
      D_11 capped mod 9223372036854775433 packed step 44/46 processed=6000000/23923206 next_states=8248100 step_elapsed=27.0101s elapsed=422.271s
      D_11 capped mod 9223372036854775433 packed step 44/46 processed=6500000/23923206 next_states=8904400 step_elapsed=29.7615s elapsed=425.022s
      D_11 capped mod 9223372036854775433 packed step 44/46 processed=7000000/23923206 next_states=9584580 step_elapsed=32.2286s elapsed=427.489s
      D_11 capped mod 9223372036854775433 packed step 44/46 processed=7500000/23923206 next_states=10232317 step_elapsed=35.0662s elapsed=430.327s
      D_11 capped mod 9223372036854775433 packed step 44/46 processed=8000000/23923206 next_states=10877590 step_elapsed=38.131s elapsed=433.391s
      D_11 capped mod 9223372036854775433 packed step 44/46 processed=8500000/23923206 next_states=11516564 step_elapsed=41.09s elapsed=436.35s
      D_11 capped mod 9223372036854775433 packed step 44/46 processed=9000000/23923206 next_states=12188706 step_elapsed=43.5144s elapsed=438.775s
      D_11 capped mod 9223372036854775433 packed step 44/46 processed=9500000/23923206 next_states=12831674 step_elapsed=46.178s elapsed=441.438s
      D_11 capped mod 9223372036854775433 packed step 44/46 processed=10000000/23923206 next_states=13464157 step_elapsed=49.2596s elapsed=444.52s
      D_11 capped mod 9223372036854775433 packed step 44/46 processed=10500000/23923206 next_states=14098651 step_elapsed=52.5984s elapsed=447.859s
      D_11 capped mod 9223372036854775433 packed step 44/46 processed=11000000/23923206 next_states=14729050 step_elapsed=55.3917s elapsed=450.652s
      D_11 capped mod 9223372036854775433 packed step 44/46 processed=11500000/23923206 next_states=15396890 step_elapsed=58.0204s elapsed=453.281s
      D_11 capped mod 9223372036854775433 packed step 44/46 processed=12000000/23923206 next_states=16024441 step_elapsed=60.9213s elapsed=456.182s
      D_11 capped mod 9223372036854775433 packed step 44/46 processed=12500000/23923206 next_states=16642357 step_elapsed=64.239s elapsed=459.499s
      D_11 capped mod 9223372036854775433 packed step 44/46 processed=13000000/23923206 next_states=17265068 step_elapsed=67.6516s elapsed=462.912s
      D_11 capped mod 9223372036854775433 packed step 44/46 processed=13500000/23923206 next_states=17875596 step_elapsed=70.5763s elapsed=465.837s
      D_11 capped mod 9223372036854775433 packed step 44/46 processed=14000000/23923206 next_states=18540712 step_elapsed=73.2622s elapsed=468.523s
      D_11 capped mod 9223372036854775433 packed step 44/46 processed=14500000/23923206 next_states=19165036 step_elapsed=76.2953s elapsed=471.556s
      D_11 capped mod 9223372036854775433 packed step 44/46 processed=15000000/23923206 next_states=19768833 step_elapsed=79.5698s elapsed=474.83s
      D_11 capped mod 9223372036854775433 packed step 44/46 processed=15500000/23923206 next_states=20378484 step_elapsed=83.1714s elapsed=478.432s
      D_11 capped mod 9223372036854775433 packed step 44/46 processed=16000000/23923206 next_states=20981723 step_elapsed=86.7633s elapsed=482.024s
      D_11 capped mod 9223372036854775433 packed step 44/46 processed=16500000/23923206 next_states=21617133 step_elapsed=89.5603s elapsed=484.821s
      D_11 capped mod 9223372036854775433 packed step 44/46 processed=17000000/23923206 next_states=22239072 step_elapsed=92.7838s elapsed=488.044s
      D_11 capped mod 9223372036854775433 packed step 44/46 processed=17500000/23923206 next_states=22832278 step_elapsed=95.8826s elapsed=491.143s
      D_11 capped mod 9223372036854775433 packed step 44/46 processed=18000000/23923206 next_states=23423131 step_elapsed=99.3301s elapsed=494.591s
      D_11 capped mod 9223372036854775433 packed step 44/46 processed=18500000/23923206 next_states=24013210 step_elapsed=102.717s elapsed=497.977s
      D_11 capped mod 9223372036854775433 packed step 44/46 processed=19000000/23923206 next_states=24634726 step_elapsed=105.545s elapsed=500.805s
      D_11 capped mod 9223372036854775433 packed step 44/46 processed=19500000/23923206 next_states=25233782 step_elapsed=108.847s elapsed=504.108s
      D_11 capped mod 9223372036854775433 packed step 44/46 processed=20000000/23923206 next_states=25810710 step_elapsed=112.484s elapsed=507.744s
      D_11 capped mod 9223372036854775433 packed step 44/46 processed=20500000/23923206 next_states=26384461 step_elapsed=116.689s elapsed=511.95s
      D_11 capped mod 9223372036854775433 packed step 44/46 processed=21000000/23923206 next_states=26976969 step_elapsed=119.786s elapsed=515.047s
      D_11 capped mod 9223372036854775433 packed step 44/46 processed=21500000/23923206 next_states=27563150 step_elapsed=123.274s elapsed=518.534s
      D_11 capped mod 9223372036854775433 packed step 44/46 processed=22000000/23923206 next_states=28118327 step_elapsed=126.674s elapsed=521.935s
      D_11 capped mod 9223372036854775433 packed step 44/46 processed=22500000/23923206 next_states=28687058 step_elapsed=129.711s elapsed=524.972s
      D_11 capped mod 9223372036854775433 packed step 44/46 processed=23000000/23923206 next_states=29239995 step_elapsed=133.107s elapsed=528.368s
      D_11 capped mod 9223372036854775433 packed step 44/46 processed=23500000/23923206 next_states=29784771 step_elapsed=135.986s elapsed=531.246s
    D_11 capped mod 9223372036854775433 forward step 44/46 states=30212815 elapsed=533.364s
      D_11 capped mod scan m_44 processed=500000/30212815 elapsed=0.00146883s
      D_11 capped mod scan m_44 processed=1000000/30212815 elapsed=0.00275812s
      D_11 capped mod scan m_44 processed=1500000/30212815 elapsed=0.0042349s
      D_11 capped mod scan m_44 processed=2000000/30212815 elapsed=0.0054612s
      D_11 capped mod scan m_44 processed=2500000/30212815 elapsed=0.00706544s
      D_11 capped mod scan m_44 processed=3000000/30212815 elapsed=0.00837819s
      D_11 capped mod scan m_44 processed=3500000/30212815 elapsed=0.00950132s
      D_11 capped mod scan m_44 processed=4000000/30212815 elapsed=0.0108444s
      D_11 capped mod scan m_44 processed=4500000/30212815 elapsed=0.0125464s
      D_11 capped mod scan m_44 processed=5000000/30212815 elapsed=0.0153133s
      D_11 capped mod scan m_44 processed=5500000/30212815 elapsed=0.0172541s
      D_11 capped mod scan m_44 processed=6000000/30212815 elapsed=0.0184817s
      D_11 capped mod scan m_44 processed=6500000/30212815 elapsed=0.0196414s
      D_11 capped mod scan m_44 processed=7000000/30212815 elapsed=0.0215298s
      D_11 capped mod scan m_44 processed=7500000/30212815 elapsed=0.0229754s
      D_11 capped mod scan m_44 processed=8000000/30212815 elapsed=0.0245487s
      D_11 capped mod scan m_44 processed=8500000/30212815 elapsed=0.0260588s
      D_11 capped mod scan m_44 processed=9000000/30212815 elapsed=0.0275636s
      D_11 capped mod scan m_44 processed=9500000/30212815 elapsed=0.0287107s
      D_11 capped mod scan m_44 processed=10000000/30212815 elapsed=0.0299855s
      D_11 capped mod scan m_44 processed=10500000/30212815 elapsed=0.0312784s
      D_11 capped mod scan m_44 processed=11000000/30212815 elapsed=0.0326134s
      D_11 capped mod scan m_44 processed=11500000/30212815 elapsed=0.0338827s
      D_11 capped mod scan m_44 processed=12000000/30212815 elapsed=0.0353562s
      D_11 capped mod scan m_44 processed=12500000/30212815 elapsed=0.0368846s
      D_11 capped mod scan m_44 processed=13000000/30212815 elapsed=0.0384532s
      D_11 capped mod scan m_44 processed=13500000/30212815 elapsed=0.0400114s
      D_11 capped mod scan m_44 processed=14000000/30212815 elapsed=0.0416988s
      D_11 capped mod scan m_44 processed=14500000/30212815 elapsed=0.0432481s
      D_11 capped mod scan m_44 processed=15000000/30212815 elapsed=0.0445909s
      D_11 capped mod scan m_44 processed=15500000/30212815 elapsed=0.0458155s
      D_11 capped mod scan m_44 processed=16000000/30212815 elapsed=0.0471674s
      D_11 capped mod scan m_44 processed=16500000/30212815 elapsed=0.0485636s
      D_11 capped mod scan m_44 processed=17000000/30212815 elapsed=0.0499637s
      D_11 capped mod scan m_44 processed=17500000/30212815 elapsed=0.0514288s
      D_11 capped mod scan m_44 processed=18000000/30212815 elapsed=0.053464s
      D_11 capped mod scan m_44 processed=18500000/30212815 elapsed=0.0550527s
      D_11 capped mod scan m_44 processed=19000000/30212815 elapsed=0.0572521s
      D_11 capped mod scan m_44 processed=19500000/30212815 elapsed=0.0598826s
      D_11 capped mod scan m_44 processed=20000000/30212815 elapsed=0.061542s
      D_11 capped mod scan m_44 processed=20500000/30212815 elapsed=0.0633633s
      D_11 capped mod scan m_44 processed=21000000/30212815 elapsed=0.065207s
      D_11 capped mod scan m_44 processed=21500000/30212815 elapsed=0.0668578s
      D_11 capped mod scan m_44 processed=22000000/30212815 elapsed=0.0684779s
      D_11 capped mod scan m_44 processed=22500000/30212815 elapsed=0.070003s
      D_11 capped mod scan m_44 processed=23000000/30212815 elapsed=0.0715306s
      D_11 capped mod scan m_44 processed=23500000/30212815 elapsed=0.0731291s
      D_11 capped mod scan m_44 processed=24000000/30212815 elapsed=0.0746406s
      D_11 capped mod scan m_44 processed=24500000/30212815 elapsed=0.0771391s
      D_11 capped mod scan m_44 processed=25000000/30212815 elapsed=0.079039s
      D_11 capped mod scan m_44 processed=25500000/30212815 elapsed=0.0810166s
      D_11 capped mod scan m_44 processed=26000000/30212815 elapsed=0.0828248s
      D_11 capped mod scan m_44 processed=26500000/30212815 elapsed=0.0847079s
      D_11 capped mod scan m_44 processed=27000000/30212815 elapsed=0.0865569s
      D_11 capped mod scan m_44 processed=27500000/30212815 elapsed=0.0881826s
      D_11 capped mod scan m_44 processed=28000000/30212815 elapsed=0.0898589s
      D_11 capped mod scan m_44 processed=28500000/30212815 elapsed=0.0916948s
      D_11 capped mod scan m_44 processed=29000000/30212815 elapsed=0.0937227s
      D_11 capped mod scan m_44 processed=29500000/30212815 elapsed=0.0960317s
      D_11 capped mod scan m_44 processed=30000000/30212815 elapsed=0.0978841s
D_11 MOD 9223372036854775433 m_44 kept_even=3342159104831043191 det=6599704506761982857
      D_11 capped mod 9223372036854775433 packed step 45/46 processed=500000/30212815 next_states=746032 step_elapsed=1.71705s elapsed=535.568s
      D_11 capped mod 9223372036854775433 packed step 45/46 processed=1000000/30212815 next_states=1466569 step_elapsed=3.82694s elapsed=537.678s
      D_11 capped mod 9223372036854775433 packed step 45/46 processed=1500000/30212815 next_states=2168343 step_elapsed=6.18985s elapsed=540.041s
      D_11 capped mod 9223372036854775433 packed step 45/46 processed=2000000/30212815 next_states=2865122 step_elapsed=8.59964s elapsed=542.451s
      D_11 capped mod 9223372036854775433 packed step 45/46 processed=2500000/30212815 next_states=3549881 step_elapsed=11.2835s elapsed=545.135s
      D_11 capped mod 9223372036854775433 packed step 45/46 processed=3000000/30212815 next_states=4243205 step_elapsed=13.6659s elapsed=547.517s
      D_11 capped mod 9223372036854775433 packed step 45/46 processed=3500000/30212815 next_states=4917495 step_elapsed=16.481s elapsed=550.332s
      D_11 capped mod 9223372036854775433 packed step 45/46 processed=4000000/30212815 next_states=5608111 step_elapsed=18.7824s elapsed=552.634s
      D_11 capped mod 9223372036854775433 packed step 45/46 processed=4500000/30212815 next_states=6276641 step_elapsed=21.596s elapsed=555.447s
      D_11 capped mod 9223372036854775433 packed step 45/46 processed=5000000/30212815 next_states=6939870 step_elapsed=24.5811s elapsed=558.432s
      D_11 capped mod 9223372036854775433 packed step 45/46 processed=5500000/30212815 next_states=7628367 step_elapsed=27.2142s elapsed=561.066s
      D_11 capped mod 9223372036854775433 packed step 45/46 processed=6000000/30212815 next_states=8287141 step_elapsed=30.0991s elapsed=563.95s
      D_11 capped mod 9223372036854775433 packed step 45/46 processed=6500000/30212815 next_states=8946054 step_elapsed=33.0083s elapsed=566.86s
      D_11 capped mod 9223372036854775433 packed step 45/46 processed=7000000/30212815 next_states=9613583 step_elapsed=35.2942s elapsed=569.146s
      D_11 capped mod 9223372036854775433 packed step 45/46 processed=7500000/30212815 next_states=10287064 step_elapsed=37.7507s elapsed=571.602s
      D_11 capped mod 9223372036854775433 packed step 45/46 processed=8000000/30212815 next_states=10935136 step_elapsed=40.5867s elapsed=574.438s
      D_11 capped mod 9223372036854775433 packed step 45/46 processed=8500000/30212815 next_states=11578238 step_elapsed=43.5955s elapsed=577.447s
      D_11 capped mod 9223372036854775433 packed step 45/46 processed=9000000/30212815 next_states=12217686 step_elapsed=46.519s elapsed=580.37s
      D_11 capped mod 9223372036854775433 packed step 45/46 processed=9500000/30212815 next_states=12910714 step_elapsed=48.9703s elapsed=582.822s
      D_11 capped mod 9223372036854775433 packed step 45/46 processed=10000000/30212815 next_states=13555154 step_elapsed=51.7635s elapsed=585.615s
      D_11 capped mod 9223372036854775433 packed step 45/46 processed=10500000/30212815 next_states=14193034 step_elapsed=55.1156s elapsed=588.967s
      D_11 capped mod 9223372036854775433 packed step 45/46 processed=11000000/30212815 next_states=14826995 step_elapsed=58.6169s elapsed=592.468s
      D_11 capped mod 9223372036854775433 packed step 45/46 processed=11500000/30212815 next_states=15469581 step_elapsed=61.7566s elapsed=595.608s
      D_11 capped mod 9223372036854775433 packed step 45/46 processed=12000000/30212815 next_states=16138046 step_elapsed=64.3363s elapsed=598.188s
      D_11 capped mod 9223372036854775433 packed step 45/46 processed=12500000/30212815 next_states=16789279 step_elapsed=67.1352s elapsed=600.987s
      D_11 capped mod 9223372036854775433 packed step 45/46 processed=13000000/30212815 next_states=17413179 step_elapsed=70.1938s elapsed=604.045s
      D_11 capped mod 9223372036854775433 packed step 45/46 processed=13500000/30212815 next_states=18046856 step_elapsed=73.5296s elapsed=607.381s
      D_11 capped mod 9223372036854775433 packed step 45/46 processed=14000000/30212815 next_states=18670090 step_elapsed=77.0546s elapsed=610.906s
      D_11 capped mod 9223372036854775433 packed step 45/46 processed=14500000/30212815 next_states=19296008 step_elapsed=80.3118s elapsed=614.163s
      D_11 capped mod 9223372036854775433 packed step 45/46 processed=15000000/30212815 next_states=19957414 step_elapsed=83.0949s elapsed=616.946s
      D_11 capped mod 9223372036854775433 packed step 45/46 processed=15500000/30212815 next_states=20598332 step_elapsed=86.3704s elapsed=620.222s
      D_11 capped mod 9223372036854775433 packed step 45/46 processed=16000000/30212815 next_states=21219702 step_elapsed=89.4413s elapsed=623.293s
      D_11 capped mod 9223372036854775433 packed step 45/46 processed=16500000/30212815 next_states=21837757 step_elapsed=92.68s elapsed=626.531s
      D_11 capped mod 9223372036854775433 packed step 45/46 processed=17000000/30212815 next_states=22454375 step_elapsed=96.0703s elapsed=629.922s
      D_11 capped mod 9223372036854775433 packed step 45/46 processed=17500000/30212815 next_states=23055976 step_elapsed=99.5842s elapsed=633.436s
      D_11 capped mod 9223372036854775433 packed step 45/46 processed=18000000/30212815 next_states=23687773 step_elapsed=102.218s elapsed=636.07s
      D_11 capped mod 9223372036854775433 packed step 45/46 processed=18500000/30212815 next_states=24342328 step_elapsed=105.153s elapsed=639.005s
      D_11 capped mod 9223372036854775433 packed step 45/46 processed=19000000/30212815 next_states=24963062 step_elapsed=108.318s elapsed=642.169s
      D_11 capped mod 9223372036854775433 packed step 45/46 processed=19500000/30212815 next_states=25560134 step_elapsed=111.435s elapsed=645.286s
      D_11 capped mod 9223372036854775433 packed step 45/46 processed=20000000/30212815 next_states=26166035 step_elapsed=114.9s elapsed=648.752s
      D_11 capped mod 9223372036854775433 packed step 45/46 processed=20500000/30212815 next_states=26764006 step_elapsed=118.61s elapsed=652.462s
      D_11 capped mod 9223372036854775433 packed step 45/46 processed=21000000/30212815 next_states=27367662 step_elapsed=122.211s elapsed=656.062s
      D_11 capped mod 9223372036854775433 packed step 45/46 processed=21500000/30212815 next_states=28000940 step_elapsed=124.88s elapsed=658.731s
      D_11 capped mod 9223372036854775433 packed step 45/46 processed=22000000/30212815 next_states=28626737 step_elapsed=127.947s elapsed=661.798s
      D_11 capped mod 9223372036854775433 packed step 45/46 processed=22500000/30212815 next_states=29221191 step_elapsed=131.101s elapsed=664.953s
      D_11 capped mod 9223372036854775433 packed step 45/46 processed=23000000/30212815 next_states=29806889 step_elapsed=134.384s elapsed=668.236s
      D_11 capped mod 9223372036854775433 packed step 45/46 processed=23500000/30212815 next_states=30394976 step_elapsed=138.092s elapsed=671.943s
      D_11 capped mod 9223372036854775433 packed step 45/46 processed=24000000/30212815 next_states=30979151 step_elapsed=141.482s elapsed=675.334s
      D_11 capped mod 9223372036854775433 packed step 45/46 processed=24500000/30212815 next_states=31596457 step_elapsed=144.093s elapsed=677.945s
      D_11 capped mod 9223372036854775433 packed step 45/46 processed=25000000/30212815 next_states=32200423 step_elapsed=147.329s elapsed=681.181s
      D_11 capped mod 9223372036854775433 packed step 45/46 processed=25500000/30212815 next_states=32778900 step_elapsed=150.432s elapsed=684.284s
      D_11 capped mod 9223372036854775433 packed step 45/46 processed=26000000/30212815 next_states=33348088 step_elapsed=153.826s elapsed=687.677s
      D_11 capped mod 9223372036854775433 packed step 45/46 processed=26500000/30212815 next_states=33914374 step_elapsed=157.644s elapsed=691.495s
      D_11 capped mod 9223372036854775433 packed step 45/46 processed=27000000/30212815 next_states=34509556 step_elapsed=160.63s elapsed=694.481s
      D_11 capped mod 9223372036854775433 packed step 45/46 processed=27500000/30212815 next_states=35091873 step_elapsed=164.058s elapsed=697.91s
      D_11 capped mod 9223372036854775433 packed step 45/46 processed=28000000/30212815 next_states=35642746 step_elapsed=167.355s elapsed=701.206s
      D_11 capped mod 9223372036854775433 packed step 45/46 processed=28500000/30212815 next_states=36199669 step_elapsed=170.581s elapsed=704.432s
      D_11 capped mod 9223372036854775433 packed step 45/46 processed=29000000/30212815 next_states=36766276 step_elapsed=173.636s elapsed=707.488s
      D_11 capped mod 9223372036854775433 packed step 45/46 processed=29500000/30212815 next_states=37292763 step_elapsed=176.65s elapsed=710.501s
      D_11 capped mod 9223372036854775433 packed step 45/46 processed=30000000/30212815 next_states=37824556 step_elapsed=179.387s elapsed=713.239s
    D_11 capped mod 9223372036854775433 forward step 45/46 states=38038641 elapsed=714.297s
      D_11 capped mod scan m_45 processed=500000/38038641 elapsed=0.00135746s
      D_11 capped mod scan m_45 processed=1000000/38038641 elapsed=0.00292168s
      D_11 capped mod scan m_45 processed=1500000/38038641 elapsed=0.00422877s
      D_11 capped mod scan m_45 processed=2000000/38038641 elapsed=0.00574482s
      D_11 capped mod scan m_45 processed=2500000/38038641 elapsed=0.00692552s
      D_11 capped mod scan m_45 processed=3000000/38038641 elapsed=0.00833141s
      D_11 capped mod scan m_45 processed=3500000/38038641 elapsed=0.00990336s
      D_11 capped mod scan m_45 processed=4000000/38038641 elapsed=0.0112324s
      D_11 capped mod scan m_45 processed=4500000/38038641 elapsed=0.0124474s
      D_11 capped mod scan m_45 processed=5000000/38038641 elapsed=0.0137426s
      D_11 capped mod scan m_45 processed=5500000/38038641 elapsed=0.015688s
      D_11 capped mod scan m_45 processed=6000000/38038641 elapsed=0.0171686s
      D_11 capped mod scan m_45 processed=6500000/38038641 elapsed=0.0186352s
      D_11 capped mod scan m_45 processed=7000000/38038641 elapsed=0.0201727s
      D_11 capped mod scan m_45 processed=7500000/38038641 elapsed=0.0213139s
      D_11 capped mod scan m_45 processed=8000000/38038641 elapsed=0.022495s
      D_11 capped mod scan m_45 processed=8500000/38038641 elapsed=0.0236898s
      D_11 capped mod scan m_45 processed=9000000/38038641 elapsed=0.0249114s
      D_11 capped mod scan m_45 processed=9500000/38038641 elapsed=0.0262238s
      D_11 capped mod scan m_45 processed=10000000/38038641 elapsed=0.0275529s
      D_11 capped mod scan m_45 processed=10500000/38038641 elapsed=0.0290663s
      D_11 capped mod scan m_45 processed=11000000/38038641 elapsed=0.0307145s
      D_11 capped mod scan m_45 processed=11500000/38038641 elapsed=0.0321974s
      D_11 capped mod scan m_45 processed=12000000/38038641 elapsed=0.0337301s
      D_11 capped mod scan m_45 processed=12500000/38038641 elapsed=0.0352211s
      D_11 capped mod scan m_45 processed=13000000/38038641 elapsed=0.0363831s
      D_11 capped mod scan m_45 processed=13500000/38038641 elapsed=0.0376247s
      D_11 capped mod scan m_45 processed=14000000/38038641 elapsed=0.0389589s
      D_11 capped mod scan m_45 processed=14500000/38038641 elapsed=0.0402994s
      D_11 capped mod scan m_45 processed=15000000/38038641 elapsed=0.0415557s
      D_11 capped mod scan m_45 processed=15500000/38038641 elapsed=0.0428147s
      D_11 capped mod scan m_45 processed=16000000/38038641 elapsed=0.0441977s
      D_11 capped mod scan m_45 processed=16500000/38038641 elapsed=0.0455872s
      D_11 capped mod scan m_45 processed=17000000/38038641 elapsed=0.0472414s
      D_11 capped mod scan m_45 processed=17500000/38038641 elapsed=0.0488861s
      D_11 capped mod scan m_45 processed=18000000/38038641 elapsed=0.0504758s
      D_11 capped mod scan m_45 processed=18500000/38038641 elapsed=0.0519422s
      D_11 capped mod scan m_45 processed=19000000/38038641 elapsed=0.0534403s
      D_11 capped mod scan m_45 processed=19500000/38038641 elapsed=0.0553893s
      D_11 capped mod scan m_45 processed=20000000/38038641 elapsed=0.0580429s
      D_11 capped mod scan m_45 processed=20500000/38038641 elapsed=0.0608441s
      D_11 capped mod scan m_45 processed=21000000/38038641 elapsed=0.0627633s
      D_11 capped mod scan m_45 processed=21500000/38038641 elapsed=0.0641661s
      D_11 capped mod scan m_45 processed=22000000/38038641 elapsed=0.0655491s
      D_11 capped mod scan m_45 processed=22500000/38038641 elapsed=0.0669073s
      D_11 capped mod scan m_45 processed=23000000/38038641 elapsed=0.0683796s
      D_11 capped mod scan m_45 processed=23500000/38038641 elapsed=0.0698405s
      D_11 capped mod scan m_45 processed=24000000/38038641 elapsed=0.071219s
      D_11 capped mod scan m_45 processed=24500000/38038641 elapsed=0.0727087s
      D_11 capped mod scan m_45 processed=25000000/38038641 elapsed=0.074477s
      D_11 capped mod scan m_45 processed=25500000/38038641 elapsed=0.076176s
      D_11 capped mod scan m_45 processed=26000000/38038641 elapsed=0.0778096s
      D_11 capped mod scan m_45 processed=26500000/38038641 elapsed=0.0793787s
      D_11 capped mod scan m_45 processed=27000000/38038641 elapsed=0.0813846s
      D_11 capped mod scan m_45 processed=27500000/38038641 elapsed=0.0843576s
      D_11 capped mod scan m_45 processed=28000000/38038641 elapsed=0.0855795s
      D_11 capped mod scan m_45 processed=28500000/38038641 elapsed=0.0869936s
      D_11 capped mod scan m_45 processed=29000000/38038641 elapsed=0.0884773s
      D_11 capped mod scan m_45 processed=29500000/38038641 elapsed=0.0906443s
      D_11 capped mod scan m_45 processed=30000000/38038641 elapsed=0.0922385s
      D_11 capped mod scan m_45 processed=30500000/38038641 elapsed=0.0938306s
      D_11 capped mod scan m_45 processed=31000000/38038641 elapsed=0.0954025s
      D_11 capped mod scan m_45 processed=31500000/38038641 elapsed=0.0971842s
      D_11 capped mod scan m_45 processed=32000000/38038641 elapsed=0.0986992s
      D_11 capped mod scan m_45 processed=32500000/38038641 elapsed=0.100574s
      D_11 capped mod scan m_45 processed=33000000/38038641 elapsed=0.102415s
      D_11 capped mod scan m_45 processed=33500000/38038641 elapsed=0.104355s
      D_11 capped mod scan m_45 processed=34000000/38038641 elapsed=0.106322s
      D_11 capped mod scan m_45 processed=34500000/38038641 elapsed=0.107942s
      D_11 capped mod scan m_45 processed=35000000/38038641 elapsed=0.109562s
      D_11 capped mod scan m_45 processed=35500000/38038641 elapsed=0.111349s
      D_11 capped mod scan m_45 processed=36000000/38038641 elapsed=0.113177s
      D_11 capped mod scan m_45 processed=36500000/38038641 elapsed=0.115193s
      D_11 capped mod scan m_45 processed=37000000/38038641 elapsed=0.117205s
      D_11 capped mod scan m_45 processed=37500000/38038641 elapsed=0.119257s
      D_11 capped mod scan m_45 processed=38000000/38038641 elapsed=0.12145s
D_11 MOD 9223372036854775433 m_45 kept_even=1496876130100684963 det=7711173280729049309
      D_11 capped mod 9223372036854775433 packed step 46/46 processed=500000/38038641 next_states=746032 step_elapsed=1.77231s elapsed=716.556s
      D_11 capped mod 9223372036854775433 packed step 46/46 processed=1000000/38038641 next_states=1467546 step_elapsed=3.88881s elapsed=718.673s
      D_11 capped mod 9223372036854775433 packed step 46/46 processed=1500000/38038641 next_states=2174668 step_elapsed=6.22556s elapsed=721.009s
      D_11 capped mod 9223372036854775433 packed step 46/46 processed=2000000/38038641 next_states=2870571 step_elapsed=8.77717s elapsed=723.561s
      D_11 capped mod 9223372036854775433 packed step 46/46 processed=2500000/38038641 next_states=3556475 step_elapsed=11.6312s elapsed=726.415s
      D_11 capped mod 9223372036854775433 packed step 46/46 processed=3000000/38038641 next_states=4249619 step_elapsed=14.3022s elapsed=729.086s
      D_11 capped mod 9223372036854775433 packed step 46/46 processed=3500000/38038641 next_states=4927780 step_elapsed=17.3422s elapsed=732.126s
      D_11 capped mod 9223372036854775433 packed step 46/46 processed=4000000/38038641 next_states=5620095 step_elapsed=20.0719s elapsed=734.856s
      D_11 capped mod 9223372036854775433 packed step 46/46 processed=4500000/38038641 next_states=6290082 step_elapsed=22.7963s elapsed=737.58s
      D_11 capped mod 9223372036854775433 packed step 46/46 processed=5000000/38038641 next_states=6955841 step_elapsed=25.8147s elapsed=740.599s
      D_11 capped mod 9223372036854775433 packed step 46/46 processed=5500000/38038641 next_states=7650550 step_elapsed=28.0562s elapsed=742.84s
      D_11 capped mod 9223372036854775433 packed step 46/46 processed=6000000/38038641 next_states=8315679 step_elapsed=31.1344s elapsed=745.918s
      D_11 capped mod 9223372036854775433 packed step 46/46 processed=6500000/38038641 next_states=8977343 step_elapsed=34.0258s elapsed=748.81s
      D_11 capped mod 9223372036854775433 packed step 46/46 processed=7000000/38038641 next_states=9629211 step_elapsed=36.6711s elapsed=751.455s
      D_11 capped mod 9223372036854775433 packed step 46/46 processed=7500000/38038641 next_states=10326175 step_elapsed=38.8882s elapsed=753.672s
      D_11 capped mod 9223372036854775433 packed step 46/46 processed=8000000/38038641 next_states=10979078 step_elapsed=41.44s elapsed=756.224s
      D_11 capped mod 9223372036854775433 packed step 46/46 processed=8500000/38038641 next_states=11634557 step_elapsed=44.3598s elapsed=759.144s
      D_11 capped mod 9223372036854775433 packed step 46/46 processed=9000000/38038641 next_states=12284364 step_elapsed=47.4779s elapsed=762.262s
      D_11 capped mod 9223372036854775433 packed step 46/46 processed=9500000/38038641 next_states=12945673 step_elapsed=49.7748s elapsed=764.559s
      D_11 capped mod 9223372036854775433 packed step 46/46 processed=10000000/38038641 next_states=13626680 step_elapsed=52.2196s elapsed=767.004s
      D_11 capped mod 9223372036854775433 packed step 46/46 processed=10500000/38038641 next_states=14275598 step_elapsed=54.9414s elapsed=769.725s
      D_11 capped mod 9223372036854775433 packed step 46/46 processed=11000000/38038641 next_states=14911661 step_elapsed=58.2738s elapsed=773.058s
      D_11 capped mod 9223372036854775433 packed step 46/46 processed=11500000/38038641 next_states=15558396 step_elapsed=61.3184s elapsed=776.102s
      D_11 capped mod 9223372036854775433 packed step 46/46 processed=12000000/38038641 next_states=16202525 step_elapsed=64.4028s elapsed=779.187s
      D_11 capped mod 9223372036854775433 packed step 46/46 processed=12500000/38038641 next_states=16867279 step_elapsed=66.7758s elapsed=781.56s
      D_11 capped mod 9223372036854775433 packed step 46/46 processed=13000000/38038641 next_states=17534525 step_elapsed=69.4105s elapsed=784.194s
      D_11 capped mod 9223372036854775433 packed step 46/46 processed=13500000/38038641 next_states=18168106 step_elapsed=72.1984s elapsed=786.982s
      D_11 capped mod 9223372036854775433 packed step 46/46 processed=14000000/38038641 next_states=18803544 step_elapsed=75.2376s elapsed=790.021s
      D_11 capped mod 9223372036854775433 packed step 46/46 processed=14500000/38038641 next_states=19433813 step_elapsed=78.3833s elapsed=793.167s
      D_11 capped mod 9223372036854775433 packed step 46/46 processed=15000000/38038641 next_states=20075411 step_elapsed=81.6526s elapsed=796.436s
      D_11 capped mod 9223372036854775433 packed step 46/46 processed=15500000/38038641 next_states=20701411 step_elapsed=84.8655s elapsed=799.649s
      D_11 capped mod 9223372036854775433 packed step 46/46 processed=16000000/38038641 next_states=21367495 step_elapsed=87.4611s elapsed=802.245s
      D_11 capped mod 9223372036854775433 packed step 46/46 processed=16500000/38038641 next_states=22025163 step_elapsed=90.5262s elapsed=805.31s
      D_11 capped mod 9223372036854775433 packed step 46/46 processed=17000000/38038641 next_states=22656438 step_elapsed=93.9474s elapsed=808.731s
      D_11 capped mod 9223372036854775433 packed step 46/46 processed=17500000/38038641 next_states=23277640 step_elapsed=97.5531s elapsed=812.337s
      D_11 capped mod 9223372036854775433 packed step 46/46 processed=18000000/38038641 next_states=23900053 step_elapsed=101.297s elapsed=816.081s
      D_11 capped mod 9223372036854775433 packed step 46/46 processed=18500000/38038641 next_states=24523699 step_elapsed=105.602s elapsed=820.386s
      D_11 capped mod 9223372036854775433 packed step 46/46 processed=19000000/38038641 next_states=25132419 step_elapsed=109.903s elapsed=824.687s
      D_11 capped mod 9223372036854775433 packed step 46/46 processed=19500000/38038641 next_states=25759643 step_elapsed=113.237s elapsed=828.021s
      D_11 capped mod 9223372036854775433 packed step 46/46 processed=20000000/38038641 next_states=26432297 step_elapsed=116.668s elapsed=831.452s
      D_11 capped mod 9223372036854775433 packed step 46/46 processed=20500000/38038641 next_states=27072818 step_elapsed=120.614s elapsed=835.398s
      D_11 capped mod 9223372036854775433 packed step 46/46 processed=21000000/38038641 next_states=27690693 step_elapsed=124.383s elapsed=839.167s
      D_11 capped mod 9223372036854775433 packed step 46/46 processed=21500000/38038641 next_states=28299358 step_elapsed=128.24s elapsed=843.024s
      D_11 capped mod 9223372036854775433 packed step 46/46 processed=22000000/38038641 next_states=28907211 step_elapsed=132.498s elapsed=847.282s
      D_11 capped mod 9223372036854775433 packed step 46/46 processed=22500000/38038641 next_states=29524735 step_elapsed=136.896s elapsed=851.68s
      D_11 capped mod 9223372036854775433 packed step 46/46 processed=23000000/38038641 next_states=30125326 step_elapsed=141.622s elapsed=856.406s
      D_11 capped mod 9223372036854775433 packed step 46/46 processed=23500000/38038641 next_states=30728330 step_elapsed=145.414s elapsed=860.197s
      D_11 capped mod 9223372036854775433 packed step 46/46 processed=24000000/38038641 next_states=31393925 step_elapsed=148.968s elapsed=863.752s
      D_11 capped mod 9223372036854775433 packed step 46/46 processed=24500000/38038641 next_states=32024495 step_elapsed=153.199s elapsed=867.983s
      D_11 capped mod 9223372036854775433 packed step 46/46 processed=25000000/38038641 next_states=32632430 step_elapsed=156.838s elapsed=871.622s
      D_11 capped mod 9223372036854775433 packed step 46/46 processed=25500000/38038641 next_states=33232049 step_elapsed=160.487s elapsed=875.271s
      D_11 capped mod 9223372036854775433 packed step 46/46 processed=26000000/38038641 next_states=33831167 step_elapsed=164.291s elapsed=879.075s
      D_11 capped mod 9223372036854775433 packed step 46/46 processed=26500000/38038641 next_states=34427452 step_elapsed=168.676s elapsed=883.46s
      D_11 capped mod 9223372036854775433 packed step 46/46 processed=27000000/38038641 next_states=35023403 step_elapsed=173.196s elapsed=887.98s
      D_11 capped mod 9223372036854775433 packed step 46/46 processed=27500000/38038641 next_states=35605355 step_elapsed=176.634s elapsed=891.418s
      D_11 capped mod 9223372036854775433 packed step 46/46 processed=28000000/38038641 next_states=36255239 step_elapsed=179.796s elapsed=894.58s
      D_11 capped mod 9223372036854775433 packed step 46/46 processed=28500000/38038641 next_states=36873815 step_elapsed=183.642s elapsed=898.426s
      D_11 capped mod 9223372036854775433 packed step 46/46 processed=29000000/38038641 next_states=37469314 step_elapsed=187.317s elapsed=902.101s
      D_11 capped mod 9223372036854775433 packed step 46/46 processed=29500000/38038641 next_states=38050313 step_elapsed=190.866s elapsed=905.65s
      D_11 capped mod 9223372036854775433 packed step 46/46 processed=30000000/38038641 next_states=38635137 step_elapsed=194.627s elapsed=909.411s
      D_11 capped mod 9223372036854775433 packed step 46/46 processed=30500000/38038641 next_states=39213112 step_elapsed=198.747s elapsed=913.531s
      D_11 capped mod 9223372036854775433 packed step 46/46 processed=31000000/38038641 next_states=39797697 step_elapsed=202.434s elapsed=917.218s
      D_11 capped mod 9223372036854775433 packed step 46/46 processed=31500000/38038641 next_states=40406996 step_elapsed=205.597s elapsed=920.381s
      D_11 capped mod 9223372036854775433 packed step 46/46 processed=32000000/38038641 next_states=41020708 step_elapsed=209.236s elapsed=924.02s
      D_11 capped mod 9223372036854775433 packed step 46/46 processed=32500000/38038641 next_states=41599784 step_elapsed=212.711s elapsed=927.495s
      D_11 capped mod 9223372036854775433 packed step 46/46 processed=33000000/38038641 next_states=42164863 step_elapsed=216.065s elapsed=930.849s
      D_11 capped mod 9223372036854775433 packed step 46/46 processed=33500000/38038641 next_states=42729389 step_elapsed=219.707s elapsed=934.49s
      D_11 capped mod 9223372036854775433 packed step 46/46 processed=34000000/38038641 next_states=43290397 step_elapsed=223.203s elapsed=937.987s
      D_11 capped mod 9223372036854775433 packed step 46/46 processed=34500000/38038641 next_states=43885823 step_elapsed=226.008s elapsed=940.792s
      D_11 capped mod 9223372036854775433 packed step 46/46 processed=35000000/38038641 next_states=44468925 step_elapsed=229.513s elapsed=944.296s
      D_11 capped mod 9223372036854775433 packed step 46/46 processed=35500000/38038641 next_states=45014342 step_elapsed=232.785s elapsed=947.569s
      D_11 capped mod 9223372036854775433 packed step 46/46 processed=36000000/38038641 next_states=45558238 step_elapsed=236.3s elapsed=951.084s
      D_11 capped mod 9223372036854775433 packed step 46/46 processed=36500000/38038641 next_states=46127981 step_elapsed=239.019s elapsed=953.803s
      D_11 capped mod 9223372036854775433 packed step 46/46 processed=37000000/38038641 next_states=46668349 step_elapsed=242.206s elapsed=956.99s
      D_11 capped mod 9223372036854775433 packed step 46/46 processed=37500000/38038641 next_states=47203460 step_elapsed=244.922s elapsed=959.706s
      D_11 capped mod 9223372036854775433 packed step 46/46 processed=38000000/38038641 next_states=47712398 step_elapsed=247.365s elapsed=962.149s
    D_11 capped mod 9223372036854775433 forward step 46/46 states=47748739 elapsed=962.446s
      D_11 capped mod scan m_46 processed=500000/47748739 elapsed=0.00143943s
      D_11 capped mod scan m_46 processed=1000000/47748739 elapsed=0.00264087s
      D_11 capped mod scan m_46 processed=1500000/47748739 elapsed=0.00393107s
      D_11 capped mod scan m_46 processed=2000000/47748739 elapsed=0.00508881s
      D_11 capped mod scan m_46 processed=2500000/47748739 elapsed=0.00661674s
      D_11 capped mod scan m_46 processed=3000000/47748739 elapsed=0.00801182s
      D_11 capped mod scan m_46 processed=3500000/47748739 elapsed=0.00913833s
      D_11 capped mod scan m_46 processed=4000000/47748739 elapsed=0.0102964s
      D_11 capped mod scan m_46 processed=4500000/47748739 elapsed=0.0115908s
      D_11 capped mod scan m_46 processed=5000000/47748739 elapsed=0.0128703s
      D_11 capped mod scan m_46 processed=5500000/47748739 elapsed=0.0141584s
      D_11 capped mod scan m_46 processed=6000000/47748739 elapsed=0.0154072s
      D_11 capped mod scan m_46 processed=6500000/47748739 elapsed=0.0165201s
      D_11 capped mod scan m_46 processed=7000000/47748739 elapsed=0.0176024s
      D_11 capped mod scan m_46 processed=7500000/47748739 elapsed=0.0188792s
      D_11 capped mod scan m_46 processed=8000000/47748739 elapsed=0.0202321s
      D_11 capped mod scan m_46 processed=8500000/47748739 elapsed=0.0217975s
      D_11 capped mod scan m_46 processed=9000000/47748739 elapsed=0.023246s
      D_11 capped mod scan m_46 processed=9500000/47748739 elapsed=0.0245755s
      D_11 capped mod scan m_46 processed=10000000/47748739 elapsed=0.0258583s
      D_11 capped mod scan m_46 processed=10500000/47748739 elapsed=0.0269612s
      D_11 capped mod scan m_46 processed=11000000/47748739 elapsed=0.0281083s
      D_11 capped mod scan m_46 processed=11500000/47748739 elapsed=0.0293385s
      D_11 capped mod scan m_46 processed=12000000/47748739 elapsed=0.0305366s
      D_11 capped mod scan m_46 processed=12500000/47748739 elapsed=0.0316308s
      D_11 capped mod scan m_46 processed=13000000/47748739 elapsed=0.0329808s
      D_11 capped mod scan m_46 processed=13500000/47748739 elapsed=0.0342504s
      D_11 capped mod scan m_46 processed=14000000/47748739 elapsed=0.035783s
      D_11 capped mod scan m_46 processed=14500000/47748739 elapsed=0.03727s
      D_11 capped mod scan m_46 processed=15000000/47748739 elapsed=0.0387388s
      D_11 capped mod scan m_46 processed=15500000/47748739 elapsed=0.0401859s
      D_11 capped mod scan m_46 processed=16000000/47748739 elapsed=0.0414729s
      D_11 capped mod scan m_46 processed=16500000/47748739 elapsed=0.0432613s
      D_11 capped mod scan m_46 processed=17000000/47748739 elapsed=0.0442478s
      D_11 capped mod scan m_46 processed=17500000/47748739 elapsed=0.0453563s
      D_11 capped mod scan m_46 processed=18000000/47748739 elapsed=0.046529s
      D_11 capped mod scan m_46 processed=18500000/47748739 elapsed=0.0477289s
      D_11 capped mod scan m_46 processed=19000000/47748739 elapsed=0.04889s
      D_11 capped mod scan m_46 processed=19500000/47748739 elapsed=0.0519353s
      D_11 capped mod scan m_46 processed=20000000/47748739 elapsed=0.0532369s
      D_11 capped mod scan m_46 processed=20500000/47748739 elapsed=0.0546031s
      D_11 capped mod scan m_46 processed=21000000/47748739 elapsed=0.05597s
      D_11 capped mod scan m_46 processed=21500000/47748739 elapsed=0.0575079s
      D_11 capped mod scan m_46 processed=22000000/47748739 elapsed=0.0589201s
      D_11 capped mod scan m_46 processed=22500000/47748739 elapsed=0.0605813s
      D_11 capped mod scan m_46 processed=23000000/47748739 elapsed=0.0621225s
      D_11 capped mod scan m_46 processed=23500000/47748739 elapsed=0.0636087s
      D_11 capped mod scan m_46 processed=24000000/47748739 elapsed=0.0651977s
      D_11 capped mod scan m_46 processed=24500000/47748739 elapsed=0.0669847s
      D_11 capped mod scan m_46 processed=25000000/47748739 elapsed=0.0683359s
      D_11 capped mod scan m_46 processed=25500000/47748739 elapsed=0.0700414s
      D_11 capped mod scan m_46 processed=26000000/47748739 elapsed=0.0714993s
      D_11 capped mod scan m_46 processed=26500000/47748739 elapsed=0.0726887s
      D_11 capped mod scan m_46 processed=27000000/47748739 elapsed=0.073986s
      D_11 capped mod scan m_46 processed=27500000/47748739 elapsed=0.0754635s
      D_11 capped mod scan m_46 processed=28000000/47748739 elapsed=0.0767795s
      D_11 capped mod scan m_46 processed=28500000/47748739 elapsed=0.0783085s
      D_11 capped mod scan m_46 processed=29000000/47748739 elapsed=0.0797447s
      D_11 capped mod scan m_46 processed=29500000/47748739 elapsed=0.0811097s
      D_11 capped mod scan m_46 processed=30000000/47748739 elapsed=0.0825315s
      D_11 capped mod scan m_46 processed=30500000/47748739 elapsed=0.0839352s
      D_11 capped mod scan m_46 processed=31000000/47748739 elapsed=0.0856507s
      D_11 capped mod scan m_46 processed=31500000/47748739 elapsed=0.0870735s
      D_11 capped mod scan m_46 processed=32000000/47748739 elapsed=0.0885381s
      D_11 capped mod scan m_46 processed=32500000/47748739 elapsed=0.0902317s
      D_11 capped mod scan m_46 processed=33000000/47748739 elapsed=0.0919141s
      D_11 capped mod scan m_46 processed=33500000/47748739 elapsed=0.0935767s
      D_11 capped mod scan m_46 processed=34000000/47748739 elapsed=0.0953592s
      D_11 capped mod scan m_46 processed=34500000/47748739 elapsed=0.0968529s
      D_11 capped mod scan m_46 processed=35000000/47748739 elapsed=0.098591s
      D_11 capped mod scan m_46 processed=35500000/47748739 elapsed=0.100448s
      D_11 capped mod scan m_46 processed=36000000/47748739 elapsed=0.101906s
      D_11 capped mod scan m_46 processed=36500000/47748739 elapsed=0.103196s
      D_11 capped mod scan m_46 processed=37000000/47748739 elapsed=0.104601s
      D_11 capped mod scan m_46 processed=37500000/47748739 elapsed=0.106337s
      D_11 capped mod scan m_46 processed=38000000/47748739 elapsed=0.107879s
      D_11 capped mod scan m_46 processed=38500000/47748739 elapsed=0.109408s
      D_11 capped mod scan m_46 processed=39000000/47748739 elapsed=0.110924s
      D_11 capped mod scan m_46 processed=39500000/47748739 elapsed=0.112606s
      D_11 capped mod scan m_46 processed=40000000/47748739 elapsed=0.114173s
      D_11 capped mod scan m_46 processed=40500000/47748739 elapsed=0.115854s
      D_11 capped mod scan m_46 processed=41000000/47748739 elapsed=0.11735s
      D_11 capped mod scan m_46 processed=41500000/47748739 elapsed=0.119377s
      D_11 capped mod scan m_46 processed=42000000/47748739 elapsed=0.121287s
      D_11 capped mod scan m_46 processed=42500000/47748739 elapsed=0.123066s
      D_11 capped mod scan m_46 processed=43000000/47748739 elapsed=0.124876s
      D_11 capped mod scan m_46 processed=43500000/47748739 elapsed=0.126998s
      D_11 capped mod scan m_46 processed=44000000/47748739 elapsed=0.128478s
      D_11 capped mod scan m_46 processed=44500000/47748739 elapsed=0.130073s
      D_11 capped mod scan m_46 processed=45000000/47748739 elapsed=0.131797s
      D_11 capped mod scan m_46 processed=45500000/47748739 elapsed=0.133743s
      D_11 capped mod scan m_46 processed=46000000/47748739 elapsed=0.135679s
      D_11 capped mod scan m_46 processed=46500000/47748739 elapsed=0.137589s
      D_11 capped mod scan m_46 processed=47000000/47748739 elapsed=0.141382s
      D_11 capped mod scan m_46 processed=47500000/47748739 elapsed=0.143579s
D_11 MOD 9223372036854775433 m_46 kept_even=3485275419136023072 det=8450631846459591854
