B/C interval stable-envelope bridge frontier GMP verifier
b_rank_lo=14 b_rank_hi=217 c_rank_lo=20 c_rank_hi=217 include_b=1 include_c=1 chain_lo=31 chain_hi=15447 max_index=30899 lambda=1/2 onset_log=../certificates/post_m29/bc_interval_formula_mpfr_certificate.log OpenMP threads=32
SIGN_MODEL corrections_delta<=0 active from boundary=2*rank+2; frontier lower bound uses |delta_j|<=lambda*s_j with positive linear and negative quadratic coefficients
stable_moments_start max_index=30899
stable_moments_done max_index=30899
progress completed=500/15417 last_m=528
progress completed=1000/15417 last_m=1025
progress completed=1500/15417 last_m=1534
progress completed=2000/15417 last_m=2037
progress completed=2500/15417 last_m=2525
progress completed=3000/15417 last_m=3022
progress completed=3500/15417 last_m=3535
progress completed=4000/15417 last_m=4022
progress completed=4500/15417 last_m=4526
progress completed=5000/15417 last_m=5029
progress completed=5500/15417 last_m=5529
progress completed=6000/15417 last_m=6041
progress completed=6500/15417 last_m=6532
progress completed=7000/15417 last_m=7042
progress completed=7500/15417 last_m=7526
progress completed=8000/15417 last_m=8021
progress completed=8500/15417 last_m=8527
progress completed=9000/15417 last_m=9035
progress completed=9500/15417 last_m=9526
progress completed=10000/15417 last_m=10019
progress completed=10500/15417 last_m=10522
progress completed=11000/15417 last_m=11027
progress completed=11500/15417 last_m=11529
progress completed=12000/15417 last_m=12031
progress completed=12500/15417 last_m=12533
progress completed=13000/15417 last_m=13022
progress completed=13500/15417 last_m=13537
progress completed=14000/15417 last_m=14039
progress completed=14500/15417 last_m=14539
progress completed=15000/15417 last_m=15035
progress completed=15417/15417 last_m=15446
worst_positive	m	odd_n	frontier_boundary	frontier_rank	active_rows	lower_log10	stable_log10	relative_log10
worst_positive	15447	30897	436	217	1	125316.825861440928	125317.653458045548	-0.827596604620339349
sample	m	odd_n	frontier_boundary	frontier_rank	active_rows	lower_sign	lower_log10	stable_log10	positive_linear_log10	negative_quadratic_log10	uniform_lambda_log10	relative_log10
sample	31	65	30	14	402	1	93.7416179034952393	94.0436732489011149	94.0443552772061793	91.2404064951080898	-0.00136144206145161206	-0.302055345405875642
sample	1572	3147	150	74	280	1	9649.20170069294909	9649.78239530812789	9649.95112390399845	9644.48107756376885	-0.168729593588068383	-0.580694615178799722
sample	3113	6229	206	102	222	1	20938.92615014689	20939.5786286995099	20939.7703040455344	20933.8297479804969	-0.191675666323135374	-0.652478552619868424
sample	4654	9311	248	123	178	1	32920.7162862162586	32921.4124237343276	32921.6158325673314	32915.4001286316561	-0.203408998451777734	-0.696137518069008365
sample	6195	12393	284	141	141	1	45353.9113221795778	45354.6381887214084	45354.8490114921442	45348.4384905957559	-0.210822874592849985	-0.726866541830531787
sample	7736	15475	314	156	110	1	58123.4304663670555	58124.1823962002163	58124.3988051285996	58117.837206389122	-0.216409000786370598	-0.75192983316082973
sample	9277	18557	344	171	80	1	71161.2775549726648	71162.0481996815361	71162.2685313818365	71155.5840263137361	-0.220331754360813648	-0.770644708871259354
sample	10818	21639	368	183	54	1	84422.4296872176492	84423.2182611792086	84423.4421647520503	84416.6534471102932	-0.223903615027666092	-0.788573961559450254
sample	12359	24721	394	196	28	1	97874.8530763298913	97875.6551863740315	97875.8816722325719	97869.0031775126117	-0.226485892635537311	-0.802110044140135869
sample	13900	27803	416	207	11	1	111494.566804132453	111495.382124304611	111495.611039782583	111488.653198322994	-0.228915506217163056	-0.815320172157953493
sample	15441	30885	436	217	1	1	125262.947537675253	125263.775052717639	125264.00613492784	125256.977326266919	-0.231082234065979719	-0.827515042386949062
SUMMARY failures=0 worst_m=15447 worst_odd_n=30897 worst_frontier_boundary=436 worst_frontier_rank=217 worst_relative_log10=-0.827596604620339349 worst_lower_log10=125316.825861440928 min_uniform_lambda_m=15447 min_uniform_lambda_odd_n=30897 min_uniform_lambda_frontier_boundary=436 min_uniform_lambda_rank=217 min_uniform_lambda_log10=-0.231096486008027568
__EXIT_STATUS=0
