BC_NINETEENTH_FRONTIER_GMP b_cases=19 c_fpf_cases=4 c_arithmetic_cases=24 omp_max_threads=64
B_LOWER_BOX_RATIONAL numerator=221206640788254239145767560481888827762009440417078851871455636769429079125950524556363491 denominator=1801520162107641037790961357887041840549124446276873034587394818667487083450335232 ceil=122788879
B_ABSORPTION_BASE q=34 left=230288514110446621380410114809443281593262146551241782588645544977111171092717096776659883403545939985052017964291967108408934400 right=24227095383672732381765523203441259715284870552429381750838764496720162249742450276789464634901319465571660595200000000000000000000 margin=23996806869562285760385113088631816433691608405878139968250118951743051078649733180012804751497773525586608577235708032891591065600
B_ABSORPTION_RATIO_BASE q=34 left=70488 right=76500 margin=6012
C_PAUSE_ABSORPTION_BASE q=49 P=959886034421822120920097112457216 central=2631605948503014979355959106417475 margin=1671719914081192858435861993960259
C_PAUSE_RATIO_BASE q=49 left=14042 right=19800 margin=5758
C_CENTRAL_RATIO_BASE q=49 left=14042 right=10350 margin=3692
B_CASE q=15 j=49 width_wall=30 terminal_shapes=2087
B_REVERSE_STEP q=15 after_removing_to=48 states=17650
B_REVERSE_STEP q=15 after_removing_to=44 states=210911
B_REVERSE_STEP q=15 after_removing_to=39 states=486898
B_REVERSE_STEP q=15 after_removing_to=34 states=623490
B_REVERSE_STEP q=15 after_removing_to=29 states=385265
B_REVERSE_STEP q=15 after_removing_to=24 states=139715
B_REVERSE_STEP q=15 after_removing_to=19 states=26015
B_REVERSE_STEP q=15 after_removing_to=14 states=3718
B_REVERSE_STEP q=15 after_removing_to=9 states=385
B_REVERSE_STEP q=15 after_removing_to=4 states=22
B_REVERSE_STEP q=15 after_removing_to=1 states=2
B_REVERSE_STEP q=15 after_removing_to=0 states=1
B_BAD_COUNT q=15 j=49 value=6770832467644019079564113437221206469804889256556352
B_STABLE q=15 j=49 value=38087788784726914579541399563220400055471379188311812594406912
B_MARGIN q=15 j=49 stable_minus_2bad=38087788771185249644253361404092173181028966248702034081294208
B_CASE q=16 j=51 width_wall=32 terminal_shapes=2087
B_REVERSE_STEP q=16 after_removing_to=50 states=17650
B_REVERSE_STEP q=16 after_removing_to=49 states=56113
B_REVERSE_STEP q=16 after_removing_to=44 states=321631
B_REVERSE_STEP q=16 after_removing_to=39 states=595056
B_REVERSE_STEP q=16 after_removing_to=34 states=644190
B_REVERSE_STEP q=16 after_removing_to=29 states=385560
B_REVERSE_STEP q=16 after_removing_to=24 states=139715
B_REVERSE_STEP q=16 after_removing_to=19 states=26015
B_REVERSE_STEP q=16 after_removing_to=14 states=3718
B_REVERSE_STEP q=16 after_removing_to=9 states=385
B_REVERSE_STEP q=16 after_removing_to=4 states=22
B_REVERSE_STEP q=16 after_removing_to=1 states=2
B_REVERSE_STEP q=16 after_removing_to=0 states=1
B_BAD_COUNT q=16 j=51 value=393122822418047174334190323048832027972488753247225875
B_STABLE q=16 j=51 value=95209341861812270694970940293687229429604538500118345745751601600
B_MARGIN q=16 j=51 stable_minus_2bad=95209341861026025050134845945018848783506874444173368239257149850
B_CASE q=17 j=53 width_wall=34 terminal_shapes=2087
B_REVERSE_STEP q=17 after_removing_to=52 states=17650
B_REVERSE_STEP q=17 after_removing_to=49 states=156340
B_REVERSE_STEP q=17 after_removing_to=44 states=432676
B_REVERSE_STEP q=17 after_removing_to=39 states=698173
B_REVERSE_STEP q=17 after_removing_to=34 states=653968
B_REVERSE_STEP q=17 after_removing_to=29 states=385661
B_REVERSE_STEP q=17 after_removing_to=24 states=139715
B_REVERSE_STEP q=17 after_removing_to=19 states=26015
B_REVERSE_STEP q=17 after_removing_to=14 states=3718
B_REVERSE_STEP q=17 after_removing_to=9 states=385
B_REVERSE_STEP q=17 after_removing_to=4 states=22
B_REVERSE_STEP q=17 after_removing_to=1 states=2
B_REVERSE_STEP q=17 after_removing_to=0 states=1
B_BAD_COUNT q=17 j=53 value=20713609885788249141195428390914016422967880019324583232
B_STABLE q=17 j=53 value=257420799961522256421436833308684466480005539199244118835748097796224
B_MARGIN q=17 j=53 stable_minus_2bad=257420799961480829201665256810402075623223711166398183075709448629760
B_CASE q=18 j=55 width_wall=36 terminal_shapes=2087
B_REVERSE_STEP q=18 after_removing_to=54 states=17650
B_REVERSE_STEP q=18 after_removing_to=49 states=266165
B_REVERSE_STEP q=18 after_removing_to=44 states=543678
B_REVERSE_STEP q=18 after_removing_to=39 states=789691
B_REVERSE_STEP q=18 after_removing_to=34 states=658403
B_REVERSE_STEP q=18 after_removing_to=29 states=385691
B_REVERSE_STEP q=18 after_removing_to=24 states=139715
B_REVERSE_STEP q=18 after_removing_to=19 states=26015
B_REVERSE_STEP q=18 after_removing_to=14 states=3718
B_REVERSE_STEP q=18 after_removing_to=9 states=385
B_REVERSE_STEP q=18 after_removing_to=4 states=22
B_REVERSE_STEP q=18 after_removing_to=1 states=2
B_REVERSE_STEP q=18 after_removing_to=0 states=1
B_BAD_COUNT q=18 j=55 value=1000513078990890186889315546888119042022674618893259218256
B_STABLE q=18 j=55 value=750570909947066995055424650776515840126350128467470982096962569159820928
B_MARGIN q=18 j=55 stable_minus_2bad=750570909947064994029266668996142061495256352229386936747724782641384416
B_CASE q=19 j=57 width_wall=38 terminal_shapes=2087
B_REVERSE_STEP q=19 after_removing_to=56 states=17650
B_REVERSE_STEP q=19 after_removing_to=54 states=103717
B_REVERSE_STEP q=19 after_removing_to=49 states=377155
B_REVERSE_STEP q=19 after_removing_to=44 states=654467
B_REVERSE_STEP q=19 after_removing_to=39 states=859430
B_REVERSE_STEP q=19 after_removing_to=34 states=660320
B_REVERSE_STEP q=19 after_removing_to=29 states=385698
B_REVERSE_STEP q=19 after_removing_to=24 states=139715
B_REVERSE_STEP q=19 after_removing_to=19 states=26015
B_REVERSE_STEP q=19 after_removing_to=14 states=3718
B_REVERSE_STEP q=19 after_removing_to=9 states=385
B_REVERSE_STEP q=19 after_removing_to=4 states=22
B_REVERSE_STEP q=19 after_removing_to=1 states=2
B_REVERSE_STEP q=19 after_removing_to=0 states=1
B_BAD_COUNT q=19 j=57 value=44683654959956359626290956640694641622888432782519135205912
B_STABLE q=19 j=57 value=2353592104550586210415883713512804843110090729070945949968821484337397744128
B_MARGIN q=19 j=57 stable_minus_2bad=2353592104550586121048573793600085590528177447681662704191955919299127332304
B_CASE q=20 j=59 width_wall=40 terminal_shapes=2087
B_REVERSE_STEP q=20 after_removing_to=58 states=17650
B_REVERSE_STEP q=20 after_removing_to=54 states=210911
B_REVERSE_STEP q=20 after_removing_to=49 states=488224
B_REVERSE_STEP q=20 after_removing_to=44 states=764573
B_REVERSE_STEP q=20 after_removing_to=39 states=901135
B_REVERSE_STEP q=20 after_removing_to=34 states=661101
B_REVERSE_STEP q=20 after_removing_to=29 states=385699
B_REVERSE_STEP q=20 after_removing_to=24 states=139715
B_REVERSE_STEP q=20 after_removing_to=19 states=26015
B_REVERSE_STEP q=20 after_removing_to=14 states=3718
B_REVERSE_STEP q=20 after_removing_to=9 states=385
B_REVERSE_STEP q=20 after_removing_to=4 states=22
B_REVERSE_STEP q=20 after_removing_to=1 states=2
B_REVERSE_STEP q=20 after_removing_to=0 states=1
B_BAD_COUNT q=20 j=59 value=1858704376151413331518423923037635366002147196947105461916934
B_STABLE q=20 j=59 value=7916863333164200256454983215209254526609310199558104449501306276786388759640448
B_MARGIN q=20 j=59 stable_minus_2bad=7916863333164200252737574462906427863572462353482833717497011882892177835806580
B_CASE q=21 j=61 width_wall=42 terminal_shapes=2087
B_REVERSE_STEP q=21 after_removing_to=60 states=17650
B_REVERSE_STEP q=21 after_removing_to=59 states=56113
B_REVERSE_STEP q=21 after_removing_to=54 states=321632
B_REVERSE_STEP q=21 after_removing_to=49 states=599293
B_REVERSE_STEP q=21 after_removing_to=44 states=872731
B_REVERSE_STEP q=21 after_removing_to=39 states=921835
B_REVERSE_STEP q=21 after_removing_to=34 states=661396
B_REVERSE_STEP q=21 after_removing_to=29 states=385699
B_REVERSE_STEP q=21 after_removing_to=24 states=139715
B_REVERSE_STEP q=21 after_removing_to=19 states=26015
B_REVERSE_STEP q=21 after_removing_to=14 states=3718
B_REVERSE_STEP q=21 after_removing_to=9 states=385
B_REVERSE_STEP q=21 after_removing_to=4 states=22
B_REVERSE_STEP q=21 after_removing_to=1 states=2
B_REVERSE_STEP q=21 after_removing_to=0 states=1
B_BAD_COUNT q=21 j=61 value=72467756181056332993253942006277920932854289443127449327382990
B_STABLE q=21 j=61 value=28498624571845034398726355851930572188102264622234847765953001676047745973229505280
B_MARGIN q=21 j=61 stable_minus_2bad=28498624571845034398581420339568459522115756738222291924087293097161491074574739300
B_CASE q=22 j=63 width_wall=44 terminal_shapes=2087
B_REVERSE_STEP q=22 after_removing_to=62 states=17650
B_REVERSE_STEP q=22 after_removing_to=59 states=156340
B_REVERSE_STEP q=22 after_removing_to=54 states=432689
B_REVERSE_STEP q=22 after_removing_to=49 states=710351
B_REVERSE_STEP q=22 after_removing_to=44 states=975848
B_REVERSE_STEP q=22 after_removing_to=39 states=931613
B_REVERSE_STEP q=22 after_removing_to=34 states=661497
B_REVERSE_STEP q=22 after_removing_to=29 states=385699
B_REVERSE_STEP q=22 after_removing_to=24 states=139715
B_REVERSE_STEP q=22 after_removing_to=19 states=26015
B_REVERSE_STEP q=22 after_removing_to=14 states=3718
B_REVERSE_STEP q=22 after_removing_to=9 states=385
B_REVERSE_STEP q=22 after_removing_to=4 states=22
B_REVERSE_STEP q=22 after_removing_to=1 states=2
B_REVERSE_STEP q=22 after_removing_to=0 states=1
B_BAD_COUNT q=22 j=63 value=2662742091452354373351765052132387893149373255693957805007608594
B_STABLE q=22 j=63 value=109541225789834175931658495496403519547416502620151868387334469329758036511863218119936
B_MARGIN q=22 j=63 stable_minus_2bad=109541225789834175931653170012220614838669799090047603611548170583246648596253202902748
B_CASE q=23 j=65 width_wall=46 terminal_shapes=2087
B_REVERSE_STEP q=23 after_removing_to=64 states=17650
B_REVERSE_STEP q=23 after_removing_to=59 states=266165
B_REVERSE_STEP q=23 after_removing_to=54 states=543759
B_REVERSE_STEP q=23 after_removing_to=49 states=821353
B_REVERSE_STEP q=23 after_removing_to=44 states=1067366
B_REVERSE_STEP q=23 after_removing_to=39 states=936048
B_REVERSE_STEP q=23 after_removing_to=34 states=661527
B_REVERSE_STEP q=23 after_removing_to=29 states=385699
B_REVERSE_STEP q=23 after_removing_to=24 states=139715
B_REVERSE_STEP q=23 after_removing_to=19 states=26015
B_REVERSE_STEP q=23 after_removing_to=14 states=3718
B_REVERSE_STEP q=23 after_removing_to=9 states=385
B_REVERSE_STEP q=23 after_removing_to=4 states=22
B_REVERSE_STEP q=23 after_removing_to=1 states=2
B_REVERSE_STEP q=23 after_removing_to=0 states=1
B_BAD_COUNT q=23 j=65 value=92649248834862294871171056177379692469942680647355334065212980416
B_STABLE q=23 j=65 value=448652128232881537732129952277792373763923626445924353990403553556345456494626112650043392
B_MARGIN q=23 j=65 stable_minus_2bad=448652128232881537732129766979294704039333884103811999231018613670984161783957982224082560
B_CASE q=24 j=67 width_wall=48 terminal_shapes=2087
B_REVERSE_STEP q=24 after_removing_to=66 states=17650
B_REVERSE_STEP q=24 after_removing_to=64 states=103717
B_REVERSE_STEP q=24 after_removing_to=59 states=377155
B_REVERSE_STEP q=24 after_removing_to=54 states=654829
B_REVERSE_STEP q=24 after_removing_to=49 states=932142
B_REVERSE_STEP q=24 after_removing_to=44 states=1137105
B_REVERSE_STEP q=24 after_removing_to=39 states=937965
B_REVERSE_STEP q=24 after_removing_to=34 states=661534
B_REVERSE_STEP q=24 after_removing_to=29 states=385699
B_REVERSE_STEP q=24 after_removing_to=24 states=139715
B_REVERSE_STEP q=24 after_removing_to=19 states=26015
B_REVERSE_STEP q=24 after_removing_to=14 states=3718
B_REVERSE_STEP q=24 after_removing_to=9 states=385
B_REVERSE_STEP q=24 after_removing_to=4 states=22
B_REVERSE_STEP q=24 after_removing_to=1 states=2
B_REVERSE_STEP q=24 after_removing_to=0 states=1
B_BAD_COUNT q=24 j=67 value=3065580383564886079043046133623641868554505565519696386236636779095
B_STABLE q=24 j=67 value=1954211164681443257926522972458391584067198254211562226984238146980200166454946504992361742592
B_MARGIN q=24 j=67 stable_minus_2bad=1954211164681443257926522966327230816937426096125469959736954409871189035415553732519088184402
B_CASE q=25 j=69 width_wall=50 terminal_shapes=2087
B_REVERSE_STEP q=25 after_removing_to=68 states=17650
B_REVERSE_STEP q=25 after_removing_to=64 states=210911
B_REVERSE_STEP q=25 after_removing_to=59 states=488224
B_REVERSE_STEP q=25 after_removing_to=54 states=765899
B_REVERSE_STEP q=25 after_removing_to=49 states=1042248
B_REVERSE_STEP q=25 after_removing_to=44 states=1178810
B_REVERSE_STEP q=25 after_removing_to=39 states=938746
B_REVERSE_STEP q=25 after_removing_to=34 states=661535
B_REVERSE_STEP q=25 after_removing_to=29 states=385699
B_REVERSE_STEP q=25 after_removing_to=24 states=139715
B_REVERSE_STEP q=25 after_removing_to=19 states=26015
B_REVERSE_STEP q=25 after_removing_to=14 states=3718
B_REVERSE_STEP q=25 after_removing_to=9 states=385
B_REVERSE_STEP q=25 after_removing_to=4 states=22
B_REVERSE_STEP q=25 after_removing_to=1 states=2
B_REVERSE_STEP q=25 after_removing_to=0 states=1
B_BAD_COUNT q=25 j=69 value=96819085800680404234392380763172336679155449656053883968023472031752
B_STABLE q=25 j=69 value=9035761317088612444238991255468019455529981888205233547194765799344522272227693822804440755123712
B_MARGIN q=25 j=69 stable_minus_2bad=9035761317088612444238991255274381283928621079736448785668421125986211372915586054868393811060208
B_CASE q=26 j=71 width_wall=52 terminal_shapes=2087
B_REVERSE_STEP q=26 after_removing_to=70 states=17650
B_REVERSE_STEP q=26 after_removing_to=69 states=56113
B_REVERSE_STEP q=26 after_removing_to=64 states=321632
B_REVERSE_STEP q=26 after_removing_to=59 states=599294
B_REVERSE_STEP q=26 after_removing_to=54 states=876968
B_REVERSE_STEP q=26 after_removing_to=49 states=1150406
B_REVERSE_STEP q=26 after_removing_to=44 states=1199510
B_REVERSE_STEP q=26 after_removing_to=39 states=939041
B_REVERSE_STEP q=26 after_removing_to=34 states=661535
B_REVERSE_STEP q=26 after_removing_to=29 states=385699
B_REVERSE_STEP q=26 after_removing_to=24 states=139715
B_REVERSE_STEP q=26 after_removing_to=19 states=26015
B_REVERSE_STEP q=26 after_removing_to=14 states=3718
B_REVERSE_STEP q=26 after_removing_to=9 states=385
B_REVERSE_STEP q=26 after_removing_to=4 states=22
B_REVERSE_STEP q=26 after_removing_to=1 states=2
B_REVERSE_STEP q=26 after_removing_to=0 states=1
B_BAD_COUNT q=26 j=71 value=2928382315052539397305817789315759122543700932218718904280851982211510
B_STABLE q=26 j=71 value=44272870337243698081214185227207892678077895911020322840262089997508206015789182033584431273635427840
B_MARGIN q=26 j=71 stable_minus_2bad=44272870337243698081214185227202035913447790832225711204683458479263118613924744595775869569671004820
B_CASE q=27 j=73 width_wall=54 terminal_shapes=2087
B_REVERSE_STEP q=27 after_removing_to=72 states=17650
B_REVERSE_STEP q=27 after_removing_to=69 states=156340
B_REVERSE_STEP q=27 after_removing_to=64 states=432689
B_REVERSE_STEP q=27 after_removing_to=59 states=710364
B_REVERSE_STEP q=27 after_removing_to=54 states=988026
B_REVERSE_STEP q=27 after_removing_to=49 states=1253523
B_REVERSE_STEP q=27 after_removing_to=44 states=1209288
B_REVERSE_STEP q=27 after_removing_to=39 states=939142
B_REVERSE_STEP q=27 after_removing_to=34 states=661535
B_REVERSE_STEP q=27 after_removing_to=29 states=385699
B_REVERSE_STEP q=27 after_removing_to=24 states=139715
B_REVERSE_STEP q=27 after_removing_to=19 states=26015
B_REVERSE_STEP q=27 after_removing_to=14 states=3718
B_REVERSE_STEP q=27 after_removing_to=9 states=385
B_REVERSE_STEP q=27 after_removing_to=4 states=22
B_REVERSE_STEP q=27 after_removing_to=1 states=2
B_REVERSE_STEP q=27 after_removing_to=0 states=1
B_BAD_COUNT q=27 j=73 value=85074927202479445497105355919110590965014947669202147642568533027500384
B_STABLE q=27 j=73 value=229499010251335973773574243350048229283330134492962763370238833199597121641107164144808991322719436703744
B_MARGIN q=27 j=73 stable_minus_2bad=229499010251335973773574243350048059133475729534071769159526994978415191611211825740513706185653381702976
B_CASE q=28 j=75 width_wall=56 terminal_shapes=2087
B_REVERSE_STEP q=28 after_removing_to=74 states=17650
B_REVERSE_STEP q=28 after_removing_to=69 states=266165
B_REVERSE_STEP q=28 after_removing_to=64 states=543759
B_REVERSE_STEP q=28 after_removing_to=59 states=821434
B_REVERSE_STEP q=28 after_removing_to=54 states=1099028
B_REVERSE_STEP q=28 after_removing_to=49 states=1345041
B_REVERSE_STEP q=28 after_removing_to=44 states=1213723
B_REVERSE_STEP q=28 after_removing_to=39 states=939172
B_REVERSE_STEP q=28 after_removing_to=34 states=661535
B_REVERSE_STEP q=28 after_removing_to=29 states=385699
B_REVERSE_STEP q=28 after_removing_to=24 states=139715
B_REVERSE_STEP q=28 after_removing_to=19 states=26015
B_REVERSE_STEP q=28 after_removing_to=14 states=3718
B_REVERSE_STEP q=28 after_removing_to=9 states=385
B_REVERSE_STEP q=28 after_removing_to=4 states=22
B_REVERSE_STEP q=28 after_removing_to=1 states=2
B_REVERSE_STEP q=28 after_removing_to=0 states=1
B_BAD_COUNT q=28 j=75 value=2380343018946518105665481853782505830247110834040589189899097933395525850
B_STABLE q=28 j=75 value=1256676780468867042847317084437511663922571743602251232632894091548268778692545502922374370338071167240749568
B_MARGIN q=28 j=75 stable_minus_2bad=1256676780468867042847317084437511659161885705709215021301930383983257118198323834841195990539875300449697868
B_CASE q=29 j=77 width_wall=58 terminal_shapes=2087
B_REVERSE_STEP q=29 after_removing_to=76 states=17650
B_REVERSE_STEP q=29 after_removing_to=74 states=103717
B_REVERSE_STEP q=29 after_removing_to=69 states=377155
B_REVERSE_STEP q=29 after_removing_to=64 states=654829
B_REVERSE_STEP q=29 after_removing_to=59 states=932504
B_REVERSE_STEP q=29 after_removing_to=54 states=1209817
B_REVERSE_STEP q=29 after_removing_to=49 states=1414780
B_REVERSE_STEP q=29 after_removing_to=44 states=1215640
B_REVERSE_STEP q=29 after_removing_to=39 states=939179
B_REVERSE_STEP q=29 after_removing_to=34 states=661535
B_REVERSE_STEP q=29 after_removing_to=29 states=385699
B_REVERSE_STEP q=29 after_removing_to=24 states=139715
B_REVERSE_STEP q=29 after_removing_to=19 states=26015
B_REVERSE_STEP q=29 after_removing_to=14 states=3718
B_REVERSE_STEP q=29 after_removing_to=9 states=385
B_REVERSE_STEP q=29 after_removing_to=4 states=22
B_REVERSE_STEP q=29 after_removing_to=1 states=2
B_REVERSE_STEP q=29 after_removing_to=0 states=1
B_BAD_COUNT q=29 j=77 value=64296161734029197024019023043412600623223069241190599527445629315215210058
B_STABLE q=29 j=77 value=7258238000562610837751823684753927597931035259671566680425723838101729642262332770936508445458251496101223789568
B_MARGIN q=29 j=77 stable_minus_2bad=7258238000562610837751823684753927597802442936203508286377685792014904441015886632454127246403360237470793369452
B_CASE q=30 j=79 width_wall=60 terminal_shapes=2087
B_REVERSE_STEP q=30 after_removing_to=78 states=17650
B_REVERSE_STEP q=30 after_removing_to=74 states=210911
B_REVERSE_STEP q=30 after_removing_to=69 states=488224
B_REVERSE_STEP q=30 after_removing_to=64 states=765899
B_REVERSE_STEP q=30 after_removing_to=59 states=1043574
B_REVERSE_STEP q=30 after_removing_to=54 states=1319923
B_REVERSE_STEP q=30 after_removing_to=49 states=1456485
B_REVERSE_STEP q=30 after_removing_to=44 states=1216421
B_REVERSE_STEP q=30 after_removing_to=39 states=939180
B_REVERSE_STEP q=30 after_removing_to=34 states=661535
B_REVERSE_STEP q=30 after_removing_to=29 states=385699
B_REVERSE_STEP q=30 after_removing_to=24 states=139715
B_REVERSE_STEP q=30 after_removing_to=19 states=26015
B_REVERSE_STEP q=30 after_removing_to=14 states=3718
B_REVERSE_STEP q=30 after_removing_to=9 states=385
B_REVERSE_STEP q=30 after_removing_to=4 states=22
B_REVERSE_STEP q=30 after_removing_to=1 states=2
B_REVERSE_STEP q=30 after_removing_to=0 states=1
B_BAD_COUNT q=30 j=79 value=1680283079261180654459758454356345266839516313276107630481313587080286524901
B_STABLE q=30 j=79 value=44157232836692700825063754574781471258472902212106712575675848416069538417621428543801846239411065327084446550596608
B_MARGIN q=30 j=79 stable_minus_2bad=44157232836692700825063754574781471258469541645948190214366928899160825727087749511175294024150102699910285977546806
B_CASE q=31 j=81 width_wall=62 terminal_shapes=2087
B_REVERSE_STEP q=31 after_removing_to=80 states=17650
B_REVERSE_STEP q=31 after_removing_to=79 states=56113
B_REVERSE_STEP q=31 after_removing_to=74 states=321632
B_REVERSE_STEP q=31 after_removing_to=69 states=599294
B_REVERSE_STEP q=31 after_removing_to=64 states=876969
B_REVERSE_STEP q=31 after_removing_to=59 states=1154643
B_REVERSE_STEP q=31 after_removing_to=54 states=1428081
B_REVERSE_STEP q=31 after_removing_to=49 states=1477185
B_REVERSE_STEP q=31 after_removing_to=44 states=1216716
B_REVERSE_STEP q=31 after_removing_to=39 states=939180
B_REVERSE_STEP q=31 after_removing_to=34 states=661535
B_REVERSE_STEP q=31 after_removing_to=29 states=385699
B_REVERSE_STEP q=31 after_removing_to=24 states=139715
B_REVERSE_STEP q=31 after_removing_to=19 states=26015
B_REVERSE_STEP q=31 after_removing_to=14 states=3718
B_REVERSE_STEP q=31 after_removing_to=9 states=385
B_REVERSE_STEP q=31 after_removing_to=4 states=22
B_REVERSE_STEP q=31 after_removing_to=1 states=2
B_REVERSE_STEP q=31 after_removing_to=0 states=1
B_BAD_COUNT q=31 j=81 value=42568609323106085115368512864181140363369184496892098629888240297497728680920
B_STABLE q=31 j=81 value=282594820649086173955053884185975495344284302013747456720221424840390801124013460633014245696009883791290384047386173440
B_MARGIN q=31 j=81 stable_minus_2bad=282594820649086173955053884185975495344284216876528810508051194103365072761732733894645251911812624014809789051928811600
B_CASE q=32 j=83 width_wall=64 terminal_shapes=2087
B_REVERSE_STEP q=32 after_removing_to=82 states=17650
B_REVERSE_STEP q=32 after_removing_to=79 states=156340
B_REVERSE_STEP q=32 after_removing_to=74 states=432689
B_REVERSE_STEP q=32 after_removing_to=69 states=710364
B_REVERSE_STEP q=32 after_removing_to=64 states=988039
B_REVERSE_STEP q=32 after_removing_to=59 states=1265701
B_REVERSE_STEP q=32 after_removing_to=54 states=1531198
B_REVERSE_STEP q=32 after_removing_to=49 states=1486963
B_REVERSE_STEP q=32 after_removing_to=44 states=1216817
B_REVERSE_STEP q=32 after_removing_to=39 states=939180
B_REVERSE_STEP q=32 after_removing_to=34 states=661535
B_REVERSE_STEP q=32 after_removing_to=29 states=385699
B_REVERSE_STEP q=32 after_removing_to=24 states=139715
B_REVERSE_STEP q=32 after_removing_to=19 states=26015
B_REVERSE_STEP q=32 after_removing_to=14 states=3718
B_REVERSE_STEP q=32 after_removing_to=9 states=385
B_REVERSE_STEP q=32 after_removing_to=4 states=22
B_REVERSE_STEP q=32 after_removing_to=1 states=2
B_REVERSE_STEP q=32 after_removing_to=0 states=1
B_BAD_COUNT q=32 j=83 value=1047339729772837773239753504133535275882447037159770705867392734527969102456219
B_STABLE q=32 j=83 value=1900094241916970117931209240138935340233911259038165847124235988803945896886316841661389835985097568669023946721955405863936
B_MARGIN q=32 j=83 stable_minus_2bad=1900094241916970117931209240138935340233911256943486387578560442324438888619246289896495761665556156934238477666017200951498
B_CASE q=33 j=85 width_wall=66 terminal_shapes=2087
B_REVERSE_STEP q=33 after_removing_to=84 states=17650
B_REVERSE_STEP q=33 after_removing_to=79 states=266165
B_REVERSE_STEP q=33 after_removing_to=74 states=543759
B_REVERSE_STEP q=33 after_removing_to=69 states=821434
B_REVERSE_STEP q=33 after_removing_to=64 states=1099109
B_REVERSE_STEP q=33 after_removing_to=59 states=1376703
B_REVERSE_STEP q=33 after_removing_to=54 states=1622716
B_REVERSE_STEP q=33 after_removing_to=49 states=1491398
B_REVERSE_STEP q=33 after_removing_to=44 states=1216847
B_REVERSE_STEP q=33 after_removing_to=39 states=939180
B_REVERSE_STEP q=33 after_removing_to=34 states=661535
B_REVERSE_STEP q=33 after_removing_to=29 states=385699
B_REVERSE_STEP q=33 after_removing_to=24 states=139715
B_REVERSE_STEP q=33 after_removing_to=19 states=26015
B_REVERSE_STEP q=33 after_removing_to=14 states=3718
B_REVERSE_STEP q=33 after_removing_to=9 states=385
B_REVERSE_STEP q=33 after_removing_to=4 states=22
B_REVERSE_STEP q=33 after_removing_to=1 states=2
B_REVERSE_STEP q=33 after_removing_to=0 states=1
B_BAD_COUNT q=33 j=85 value=25066345850201404826353089982459865488949766200157456123373154639121945830921160
B_STABLE q=33 j=85 value=13406572350450220333476929689717057966687138989819887038420149893866631339098472328960551305990254170640733808710917241753454592
B_MARGIN q=33 j=85 stable_minus_2bad=13406572350450220333476929689717057966687138989769754346719747084213925159133552597982651773589939258393987499432673350091612272
C_FPF_BOUND q=21 j=61 value=237470108332329713171082643084030364430708345727294881364488502819416328125
C_FPF_STABLE q=21 j=61 value=28498624571845034398726355851930572188102264622234847765953001676047745973229505280
C_FPF_MARGIN q=21 j=61 stable_minus_2bound=28498624096904817734066929509765286020041535760818156311363238947070740334396849030
C_FPF_BOUND q=22 j=63 value=39700601747085018754484911634048710728947977468719606083510193151637269218750
C_FPF_STABLE q=22 j=63 value=109541225789834175931658495496403519547416502620151868387334469329758036511863218119936
C_FPF_MARGIN q=22 j=63 stable_minus_2bound=109541225710432972437488457987433696279319081162255913449895257162737650208588679682436
C_FPF_BOUND q=23 j=65 value=6620723654392057477395380854479066940610645630038027813080726841442956808203125
C_FPF_STABLE q=23 j=65 value=448652128232881537732129952277792373763923626445924353990403553556345456494626112650043392
C_FPF_MARGIN q=23 j=65 stable_minus_2bound=448652128219640090423345837323001612054965492564703062730327497930184002811740199033637142
C_FPF_BOUND q=24 j=67 value=1102869093764874549303216415018746428293136265004334004265436419435902759984375000
C_FPF_STABLE q=24 j=67 value=1954211164681443257926522972458391584067198254211562226984238146980200166454946504992361742592
C_FPF_MARGIN q=24 j=67 stable_minus_2bound=1954211164679237519738993223359785151237160761354975954454229478971669293616074699472392992592
C_PAUSE_POLYNOMIAL q=25 j=69 value=13133656758990092272525115392
C_BOUND q=25 j=69 value=5193381196237060500096518107973467377848648541156738594754568732492150897724328705867343206547456
C_STABLE q=25 j=69 value=9035761317088612444238991255468019455529981888205233547194765799344522272227693822804440755123712
C_MARGIN q=25 j=69 stable_minus_bound=3842380120851551944142473147494552077681333347048494952440197066852371374503365116937097548576256
C_PAUSE_POLYNOMIAL q=26 j=71 value=24554262757961748518655754240
C_BOUND q=26 j=71 value=1728261511926264256196991155036329457063103865090799703886839126427441661272835655432049371392245760
C_STABLE q=26 j=71 value=44272870337243698081214185227207892678077895911020322840262089997508206015789182033584431273635427840
C_MARGIN q=26 j=71 stable_minus_bound=42544608825317433825017194072171563221014792045929523136375250871080764354516346378152381902243182080
C_PAUSE_POLYNOMIAL q=27 j=73 value=44996875384669081611592007680
C_BOUND q=27 j=73 value=576413910886475175864971297142601886710010784127746341540373271375164702366117107807306928213511372800
C_STABLE q=27 j=73 value=229499010251335973773574243350048229283330134492962763370238833199597121641107164144808991322719436703744
C_MARGIN q=27 j=73 stable_minus_bound=228922596340449498597709272052905627396620123708835017028698459928221956938741047037001684394505925330944
C_PAUSE_POLYNOMIAL q=28 j=75 value=80926429529001584723581992960
C_BOUND q=28 j=75 value=192820714812159953658822393207339388096666096059726407979768016045855830070023353655791007838503583088640
C_STABLE q=28 j=75 value=1256676780468867042847317084437511663922571743602251232632894091548268778692545502922374370338071167240749568
C_MARGIN q=28 j=75 stable_minus_bound=1256483959754054882893658262044304324534475077506191506224914323532222922862475479568718579330232663657660928
C_PAUSE_POLYNOMIAL q=29 j=77 value=143001582816313022041992200192
C_BOUND q=29 j=77 value=64737530997467311467312413314320538483708550188771623504076585253409979284644800490165508986715732843692032
C_STABLE q=29 j=77 value=7258238000562610837751823684753927597931035259671566680425723838101729642262332770936508445458251496101223789568
C_MARGIN q=29 j=77 stable_minus_bound=7258173263031613370440356372340613277392551551121377908802219761516476232283048126136018279949264780368380097536
C_PAUSE_POLYNOMIAL q=30 j=79 value=248531126707426721043479265280
C_BOUND q=30 j=79 value=21827112370477263902209171081390826526812125843314838440459414067294111023208098499789548261967042947286302720
C_STABLE q=30 j=79 value=44157232836692700825063754574781471258472902212106712575675848416069538417621428543801846239411065327084446550596608
C_MARGIN q=30 j=79 stable_minus_bound=44157211009580330347799852365610389867646375399980869260837407956655471123510405335703346449862803360041499264293888
C_PAUSE_POLYNOMIAL q=31 j=81 value=425225447850373260819160891392
C_BOUND q=31 j=81 value=7394324464125457457889162367955874624218622622372444096393428585175133015222860596015403197101976581690584203264
C_STABLE q=31 j=81 value=282594820649086173955053884185975495344284302013747456720221424840390801124013460633014245696009883791290384047386173440
C_MARGIN q=31 j=81 stable_minus_bound=282594813254761709829596426296813127388409677795124834347777328446962215948880445410153649680606686689313802356801970176
C_PAUSE_POLYNOMIAL q=32 j=83 value=716855183174662333546904944640
C_BOUND q=32 j=83 value=2518028903920167645649538200035002611618377445478574737098900068077534145017442855269405377733664830793730490368000
C_STABLE q=32 j=83 value=1900094241916970117931209240138935340233911259038165847124235988803945896886316841661389835985097568669023946721955405863936
C_MARGIN q=32 j=83 stable_minus_bound=1900094239398941214011041594489397140198908647419788401645661251705045828808782696643946980715692190935359115928224915495936
C_PAUSE_POLYNOMIAL q=33 j=85 value=1191687384782268653486732214272
C_BOUND q=33 j=85 value=862298394249073397273709044355578703880737000634079851387309605758904495902345891078935332637732051896470703213379584
C_STABLE q=33 j=85 value=13406572350450220333476929689717057966687138989819887038420149893866631339098472328960551305990254170640733808710917241753454592
C_MARGIN q=33 j=85 stable_minus_bound=13406572349587921939227856292443348922331560285939150037786070042479321733339567833058205414911318838003001756814446538540075008
C_PAUSE_POLYNOMIAL q=34 j=87 value=1954924263512918327464731607040
C_BOUND q=34 j=87 value=297059382051758943271243468904317731623804759488914954939507229314942289888047379364033784882050020641186807599878635520
C_STABLE q=34 j=87 value=99151536294250092657629161470485213770197136715316507939921207077238303542765927359811535550145058589089625641243772254545606305792
C_MARGIN q=34 j=87 stable_minus_bound=99151536293953033275577402527213970301292818983692703180432292122298796313450985069923488170781024804207575620602585446945727670272
C_PAUSE_POLYNOMIAL q=35 j=89 value=3166852726909542920159941885952
C_BOUND q=35 j=89 value=102980228259711417188854869129667656630034537204322763191504142270201389225984638821455701824618934414773377076654059290624
C_STABLE q=35 j=89 value=767803834154796949339700774490437588122613781359267986367214256079028239425483726922223026617722923299526509932305209620874990088200192
C_MARGIN q=35 j=89 stable_minus_bound=767803834154693969111441063073248733253484113702637951830009933315836735283213525532997041978901467597701890997890436243798336028909568
C_PAUSE_POLYNOMIAL q=36 j=91 value=5069065425860958444430457569280
C_BOUND q=36 j=91 value=35934309866956453583501325489620970317845380609585145888214995878834250280038088976486710187964614090935787549446431341281280
C_STABLE q=36 j=91 value=6219012485561720169125175711747072746616101573033681749973181063396653251833907992992299794612945668029683562597320420458909289083569428480
C_MARGIN q=36 j=91 stable_minus_bound=6219012485561684234815308755293489245290611952063363904592571478250765036838029158742019756523969181319495597983229484671359842652228147200
C_PAUSE_POLYNOMIAL q=37 j=93 value=8021988242925087774775178166272
C_BOUND q=37 j=93 value=12624535277839100480654011379409328455595037351334419093689418888153545523043255276988070086203159351994435400977630867719454720
C_STABLE q=37 j=93 value=52636114508684281023057462983247168448627959118498202995779877291910314965053518047265082413237388057261789349857946883946075327053185016705024
C_MARGIN q=37 j=93 stable_minus_bound=52636114508684268398522185144146687794616579709169747400742525957491221275634629893719559369982111069191703146698594889510674349422317297250304
C_PAUSE_POLYNOMIAL q=38 j=95 value=12558111617945873215456044646400
C_BOUND q=38 j=95 value=4466478043537260041391973278509237483655022654370846279206820949227011866769389668581774533563287268245594285064409583486133862400
C_STABLE q=38 j=95 value=465079114888095472747378954931122536275227942736325905210281246424033797827610545350466452851548111593259269814311579163792561772263843903304880128
C_MARGIN q=38 j=95 stable_minus_bound=465079114888095468280900911393862494883254664227088421555258592053187518620789596123454586082158443011484736251024310918198276707854260417171017728
C_PAUSE_POLYNOMIAL q=39 j=97 value=19456857797833949746152734720000
C_BOUND q=39 j=97 value=1591624081961611388535520969596550788338460016096648084005090101275508853690945143250388197463100617341577886174436755080772321280000
C_STABLE q=39 j=97 value=4286049101830469787585519062310491636993132895599321887303824300884968128854355096965429712518063226708693734486753515105116496518270647314347804131328
C_MARGIN q=39 j=97 stable_minus_bound=4286049101830469785993894980348880248457611926002771098965364284788320044849264995689920858827118083458305537023652897763538610343833892233575482851328
C_PAUSE_POLYNOMIAL q=40 j=99 value=29849028426037613464679481344000
C_BOUND q=40 j=99 value=571364161805772608426868340084910595467704485418683872532882523436147459682199868485161409113778802487315020825163225061630016487424000
C_STABLE q=40 j=99 value=41162110219623827986714077844387249387887643477052640993127233143936172819413605186657045749386331177847384615454820678905274123861906846980764038124146688
C_MARGIN q=40 j=99 stable_minus_bound=41162110219623827986142713682581476779460775136967730397659528658517488946880722663220898289704131309362223206341041876417959103036743621919134021636722688
C_PAUSE_POLYNOMIAL q=41 j=101 value=45361398415060047205612274057216
C_BOUND q=41 j=101 value=206654741463731194179492508086646095559657318337644294214830192873903989712599766001454733406400606056086227951728576485333160649784557568
C_STABLE q=41 j=101 value=411610493361212659403148807521076157229850906012077840841555871690020499912092231135728529703795979343613815498825108650841231604379494136578074245596793036800
C_MARGIN q=41 j=101 stable_minus_bound=411610493361212659402942152779612426035671413503991194745996214371682855617877400942854625714083379577612360765418708044785145376427765560092741084947008479232
C_PAUSE_POLYNOMIAL q=42 j=103 value=68315416105960826809088440532992
C_BOUND q=42 j=103 value=75316867596853915811464750357890055167590733728073689946898894870500559235414207214794661739065429766900432585317126939052646492967083704320
C_STABLE q=42 j=103 value=4282289551634348924637847939334988424968279064470634107325427427198693919963603335170951595966612518329017210924868810539782025435994750151298214545404622338482176
C_MARGIN q=42 j=103 stable_minus_bound=4282289551634348924637772622467391571052467599720276217270259836464965846273656436276081095407377104121802416263129745110015125003409433024359161898911655254777856
C_PAUSE_POLYNOMIAL q=43 j=105 value=101998338065906113339054674149376
C_BOUND q=43 j=105 value=27663109648988632209612867307440017753388706041050811592379086892995764525878904493901812396982934962046516897938249985518749868687682088992768
C_STABLE q=43 j=105 value=46316141414884575423512785844162280630709788031116921318799724057086479691262256432796102653529534725713620769686359379513356753716801539842697912580411248909753679872
C_MARGIN q=43 j=105 stable_minus_bound=46316141414884575423512758181052631642077578418249613878781970668380438640450664053709209657765008846809126867873962396578394707199903601592712393830542561227664687104
C_PAUSE_POLYNOMIAL q=44 j=107 value=151030717518270678269547382833152
C_BOUND q=44 j=107 value=10240295668242818860220488205365835872960956494604878733051079364835830680952305041030878686455202321155722151798508857330183932974415616843710464
C_STABLE q=44 j=107 value=520396248607814162823456898918379242662159520014922891460847538248496570078711464872539542588223937759635147514645265440959527603143327399996834507442932239739359563292672
C_MARGIN q=44 j=107 stable_minus_bound=520396248607814162823456888678083574419340659794434686095011665287540075473832731821460177752393256807330106483766578985757206447421175601487977177258999265323742719582208
C_PAUSE_POLYNOMIAL q=45 j=109 value=221861281805804846522903362011136
C_BOUND q=45 j=109 value=3820865739302894391479867453609910914257372895236962565552457347836848026505891424333787369687562500859179997087240452322794622601225833018051002368
C_STABLE q=45 j=109 value=6069768027148561641469987059305686919203463935482378676309774609903066670384315995954019357614659612429643828463793589394277088897664037260809509238174080460544151479940759552
C_MARGIN q=45 j=109 stable_minus_bound=6069768027148561641469987055484821179900569544002511222699863695645693775147353430401562009777811585923752404130006219706714588038484040173569056915379457859318318461889757184
C_PAUSE_POLYNOMIAL q=46 j=111 value=323429246142932688920017619648512
C_BOUND q=46 j=111 value=1437072297204136570633643914286130866745194571718066446793577885408906430380567097501245082555972014896034988464994770148591580345189449976332123373568
C_STABLE q=46 j=111 value=73442633136598658548124378676446602820000468916554313883241994137346874668889600876843674617252173635906655194082377194387500159554849826514192112771516579240202629368874792632320
C_MARGIN q=46 j=111 stable_minus_bound=73442633136598658548124378675009530522796332345920669968955863270601680097171534430050096731843267205526088096581132111831528144658814838049197342622924998895013179392542669258752
C_PAUSE_POLYNOMIAL q=47 j=113 value=468045466676533938884971133403136
C_BOUND q=47 j=113 value=544863926885415696280188493594011316246214733490518682248613282348958396008250422063406046302448468725155136989774464725702262082985507223708548747755520
C_STABLE q=47 j=113 value=921245524013205551953790796065493296349092921023810650909335415790034481011794042283351062084712123074233550814203300034097477216895548794907025567623984288145900832855275715413540864
C_MARGIN q=47 j=113 stable_minus_bound=921245524013205551953790796064948432422207505327530462415741404473788266278303523601102448802363164678225300392139893987795028748170393657917251102898282026062915325631567166665785344
C_PAUSE_POLYNOMIAL q=48 j=115 value=672558077360155695305232772759552
C_BOUND q=48 j=115 value=208262396921811344101952749331100328603369435597916764127081281961769179078300274645094783953474583892763554900544069091877980148711892942966705033050062848
C_STABLE q=48 j=115 value=11972270293412322391994921932842445378436419770745676696427199701976419385413104982266407771772452333294442442481875622546567042855881110775485163551155342543028775541266602323858313822208
C_MARGIN q=48 j=115 stable_minus_bound=11972270293412322391994921932842237116039497959401574743677868601647816015977507065502280690490490564115364142207230527762613568271988347220584619482063464562880063648323635618825263759360
SUMMARY failures=0
__EXIT_STATUS=0
__SHELL_STATUS=0
