m=30 remaining low-row lower certificate
stable Chain diff D(30) = 2500623373805017412865794150835519603793070537617825663445350235450607928831280596834844672
negative linear coefficient indices = [29, 30, 31, 32, 33, 34, 35, 36]
negative quadratic pairs = [(0,63,-8), (1,62,-472), (2,61,-13672), (3,60,-259128), (4,59,-3613640), (5,58,-39531416), (6,57,-353191464), (7,56,-2649353464), (8,55,-17022492616), (9,54,-95107030040), (10,53,-467507767848), (11,52,-2040652607352), (12,51,-7968382678152), (13,50,-28001587879128), (14,49,-88979012020200), (15,48,-256645487682360), (16,47,-673882011516840), (17,46,-1614120898278840), (18,45,-3531148803175560), (19,44,-7057274635080600), (20,43,-12873875366342760), (21,42,-21382788698603640), (22,41,-32182176930221640), (23,40,-43507448414857560), (24,39,-51977925097396200), (25,38,-53055985766082936), (26,37,-42429387746170824), (27,36,-18044682144923224), (29,36,-19289142982504136), (30,35,-57867428947512408), (31,34,-91467871562197032), (32,33,-111068129754096396)]
begin B_12: first boundary = 26; exact through m_39
    m_26: B target 1/1 elapsed=0.0150739s
  B_12 Delta_26 = -6684761125
    m_27: B target 2/2 elapsed=0.0189236s
  B_12 Delta_27 = -2554156951801
    m_28: B target 4/4 elapsed=0.0534873s
  B_12 Delta_28 = -550198520631126
    m_29: B target 7/7 elapsed=0.0866504s
  B_12 Delta_29 = -88130934035453806
    m_30: B target 12/12 elapsed=0.176686s
  B_12 Delta_30 = -11709605431013059942
    m_31: B target 19/19 elapsed=0.318479s
  B_12 Delta_31 = -1367060376689534743560
    m_32: B target 30/30 elapsed=0.574283s
  B_12 Delta_32 = -145236931470176670731228
    m_33: B target 45/45 elapsed=1.00466s
  B_12 Delta_33 = -14371125194533151877748592
    m_34: B target 67/67 elapsed=1.65319s
  B_12 Delta_34 = -1346199854965871984544764760
    m_35: B target 97/97 elapsed=2.68445s
  B_12 Delta_35 = -120815018400664463501673068104
    coeff heartbeat misses=165053 cache=165050 power=34 partition-size=29
    m_36: B target 139/139 elapsed=4.36984s
  B_12 Delta_36 = -10482104314095635024367001212880
    m_37: B target 195/195 elapsed=6.82366s
  B_12 Delta_37 = -885389932788914206075446517061232
    coeff heartbeat misses=314459 cache=314447 power=27 partition-size=26
    m_38: B target 272/272 elapsed=10.9276s
  B_12 Delta_38 = -73212624359551881170681665832602048
    coeff heartbeat misses=449780 cache=449772 power=32 partition-size=22
    coeff heartbeat misses=601015 cache=601011 power=36 partition-size=27
    m_39: B target 373/373 elapsed=16.7402s
  B_12 Delta_39 = -5953028819506171588707464635513452640
B_12 tail = -2500562388046151887139052653470410840411362604809567076180400829175222207645065672778502144; linear exact = -12835468760033577987829158180377602451385971938866553065169594141178315392462592; negative quadratic exact = -499839905049194040989926523668441813914817024721489471660157843840; positive quadratic exact = 16698037401452115879448422335845070337055053783158520842888274688; lower margin = 60985746030056966707436235411957459405219878771282729339275448245188714085791394310784
begin B_11: first boundary = 24; exact through m_39
    m_24: B target 1/1 elapsed=3.446e-06s
  B_11 Delta_24 = -834086421
    m_25: B target 2/2 elapsed=4.859e-06s
  B_11 Delta_25 = -268153332076
    m_26: B target 4/4 elapsed=5.3079e-05s
  B_11 Delta_26 = -49109486467125
    m_27: B target 7/7 elapsed=7.865e-06s
  B_11 Delta_27 = -6744074062827101
    m_28: B target 12/12 elapsed=1.11e-05s
  B_11 Delta_28 = -773655217236008451
    m_29: B target 19/19 elapsed=2.1871e-05s
  B_11 Delta_29 = -78460632771893738294
    m_30: B target 30/30 elapsed=2.8664e-05s
  B_11 Delta_30 = -7279988063187373499183
    m_31: B target 45/45 elapsed=3.6708e-05s
  B_11 Delta_31 = -632139919685666996416995
    m_32: B target 67/67 elapsed=6.4359e-05s
  B_11 Delta_32 = -52188577134401186322718403
    m_33: B target 97/97 elapsed=8.7823e-05s
  B_11 Delta_33 = -4144140368621791267442578208
    m_34: B target 139/139 elapsed=0.00013424s
  B_11 Delta_34 = -319278230323670017765867981699
    m_35: B target 195/195 elapsed=0.000155039s
  B_11 Delta_35 = -24026927903045791827903497558867
    m_36: B target 272/272 elapsed=0.000275713s
  B_11 Delta_36 = -1775497556544125685424303973818870
    m_37: B target 373/373 elapsed=0.00032817s
  B_11 Delta_37 = -129382448114104808364055611222433962
    coeff heartbeat misses=740708 cache=740701 power=32 partition-size=22
    m_38: B target 508/508 elapsed=12.1895s
  B_11 Delta_38 = -9329487025007604146366683441820260522
    coeff heartbeat misses=917707 cache=917696 power=29 partition-size=22
    coeff heartbeat misses=1103199 cache=1103187 power=28 partition-size=21
    coeff heartbeat misses=1270256 cache=1270247 power=31 partition-size=25
    m_39: B target 684/684 elapsed=20.7632s
  B_11 Delta_39 = -667564493147599750850781313268396903602
B_11 tail = -2500562388046151887139052653470410840411362604809567076180400829175222207645065672778502144; linear exact = -1449992406977581370246260680779234211263633096699518876785751436259294630122214400; negative quadratic exact = -55291961261094419883747000879922998747502237096177604099305459762803504; positive quadratic exact = 5618488294577594113426148793396400836365908298418859965064872111935488; lower margin = 60984308873118699486654152331256832152869458098892654294200691875540792679706283260112
minimum lower margin = B_11: 60984308873118699486654152331256832152869458098892654294200691875540792679706283260112
__EXIT_STATUS=0
