__HOST=nb1cb2f
__SOURCE_SHA256=aa8ed39c58461cf070984664d7e0bb3ee99fc842eb670384c908abc3dc8cc2fa
__COMMAND=./verify_d10_exact_tail_gmp --stable-moments oeis_A002137_stable.txt [9 exact source logs]
D10 full-adjoint-moment exact rational tail certificate
arithmetic=exact_GMP_integer_and_rational
stable_moments=oeis_A002137_stable.txt
source_logs=9
source_log=d_sources/d4_11_exact_adjoint_m21_26.log
source_log=d_sources/d4_11_exact_adjoint_m27_30.log
source_log=d_sources/d4_11_exact_adjoint_m31_32.log
source_log=d_sources/d4_11_exact_adjoint_m33_34.log
source_log=d_sources/d4_11_exact_adjoint_m35_35.log
source_log=d_sources/d4_11_exact_adjoint_m36_36.log
source_log=d_sources/d4_11_exact_adjoint_m37_37.log
source_log=d_sources/d4_11_exact_adjoint_m38_38.log
source_log=d_sources/d4_11_exact_adjoint_m4_20.log
row=D_10 target_exponent=63 source_moments=m_10..m_38 push_moments=K_0..K_36 chebyshev_degree=9 exact_margin_sign=1
negative_tail_mass_upper=1678961412741531031228450671748187790461307549395019169651088195034/546231239604635217682023588640379282869359856610901712841602194450330545281
positive_tail_lower=5379177422782157611930185248076609205888332805494970157749121318213310809198170029059091737763494239660697000358015675615919439302663233518967280585123831288983591111764149956198249342841557452741158097/30326030756317518954826156837882038783753689997510720278854091714634022406342084091336133880799359380838816619182409143037331197055774158748541824934249923111767961799172677528423455057325649554130279368100312019064996828794818560274726912000000000
sharpened_target=1869324636507838706442379366956631504337403460832667787174007881475928908665465709020423880711704391272160486590695880656610438766000000000000000000000000000000000000000000000000000000000000000/188775199881929708203214517270325379517847718112461644809964998826789684699775138465679959085600478630864371112589654173886339148295190423065166120429840393446748626638457355515240967692957705622945042927542185192548108887349034054130020649
margin=221372915438879364728145841925770439594965505956808997306572206564303514355299666422754719682942555798919194808841738988373005235454741877531264941290580846111458179847390897669697402101547784703808511074071355032759523310784270434950973569240386059657707121852900021853120922615416948102571449097682569234069172304069561925688883059184595664879826226350648808173655698917068672477808677083305431744053758708347614237347186891486364069163/1321820022546614547163333667850564624160500730180519465024790950807359083768574706945710252502465887145343876083778558428792025621990216328154756196164326962811984729374968120142561839429676457804432353005509380879904397127088825319893244497635797721735479754712752760065234344752713494025613877193631701112345639968022058488307468654032695189021753859013759917846246884018220475989642408571640324813840560919354559245517767113874594299242428640531240617696243103769766658048000000000
SUMMARY rows_checked=1 failures=0
__EXIT_STATUS=0
__WRAPPER_EXIT_STATUS=0
