__HOST=nb1cb2f
__SOURCE_SHA256=5e736a9ff31297fc5b9c26781652b8a9db6f2ac838b9b70c0f9aa1f331164278
__COMMAND=./layered_mgf --d12-24-exact-moment-certificate [machine-C exact-adjoint source logs]
Post-m=29 layered B/C/D MGF certificate
mpfr_precision=384 mpfr_version=4.2.1 layers=8
exact_D_adjoint_moment_source_logs=9 exact_D_adjoint_moment_rows_loaded=229
exact_D_adjoint_moment_source_log=d_sources/d12_17_exact_adjoint_m12_24.log
exact_D_adjoint_moment_source_log=d_sources/d12_17_exact_adjoint_m25_31.log
exact_D_adjoint_moment_source_log=d_sources/d12_17_exact_adjoint_m32_34.log
exact_D_adjoint_moment_source_log=d_sources/d12_17_exact_adjoint_m35_36.log
exact_D_adjoint_moment_source_log=d_sources/d12_17_exact_adjoint_m37_38.log
exact_D_adjoint_moment_source_log=d_sources/d18_19_exact_adjoint_m31_34_machine_c.log
exact_D_adjoint_moment_source_log=d_sources/d18_24_exact_adjoint_m18_30.log
exact_D_adjoint_moment_source_log=d_sources/d18_exact_adjoint_m35_36_machine_c.log
exact_D_adjoint_moment_source_log=d_sources/d18_exact_adjoint_m37_38.log
stable_push_moments K_10=148568632 K_11=1924746272 K_12=26873982320 K_13=402237478160 K_14=6424471800784 K_15=109057379728768 K_16=1960653454347808 K_17=37214344450560800 K_18=743639684149707680 K_19=15604783653883419776 K_20=343083895963058942272 K_21=7886502718036427849152 K_22=189183100564979533362880 K_23=4727532291412074203847680 K_24=122868799454430600436406144 K_25=3316328622334258349466405248 K_26=92828977351978249264778827648 K_27=2691306517299445153903508707840 K_28=80719382219469512629757920956160 K_29=2501746076417166674136945377997056 K_30=80039786046144079138805807177891072
parameter_set=D12-24-exact-push-moment-onset family=D ranks=12..24 polynomial_schedule=D12-16:(4,6),D17:(5,5),D18:(4,7),D19:(5,6),D20-21:(5,7),D22-23:(5,8),D24:(5,9) square_alpha_schedule=D12-14:19/4,D15-16:9/2,D17-22:441721/100000,D23:17/4,D24:441721/100000 defining_schedule=D12-24:exact square_schedule=D12-24:exact push_moment_schedule=D12-24:exact_from_adjoint_moments
row=D_12 n=63 polynomial_k=4 polynomial_m=6 push_moments=reconstructed_from_exact_adjoint_source A_free_slack=-41 exact_defining_pivot_lower=0.84593657733683978696 exact_square_pivot_lower=1 negative_component_log_margin_lower=0.98707804283365279793 central_component_log_margin_lower=0.71621313622951448874 final_log_margin_lower=0.14935533349198273476
row=D_13 n=63 polynomial_k=4 polynomial_m=6 push_moments=reconstructed_from_exact_adjoint_source A_free_slack=-39 exact_defining_pivot_lower=0.83800621503754472033 exact_square_pivot_lower=0.87861283023585438664 negative_component_log_margin_lower=3.0673733966641969577 central_component_log_margin_lower=1.0087759257956004533 final_log_margin_lower=0.88865531043922218582
row=D_14 n=63 polynomial_k=4 polynomial_m=6 push_moments=reconstructed_from_exact_adjoint_source A_free_slack=-37 exact_defining_pivot_lower=0.84018237799785224975 exact_square_pivot_lower=0.93831491488283027559 negative_component_log_margin_lower=4.1649916810936064608 central_component_log_margin_lower=0.8226248479800453996 final_log_margin_lower=0.78788223934098025747
row=D_15 n=63 polynomial_k=4 polynomial_m=6 push_moments=reconstructed_from_exact_adjoint_source A_free_slack=-35 exact_defining_pivot_lower=0.8497093442505440129 exact_square_pivot_lower=0.83782649548849076625 negative_component_log_margin_lower=6.0190425992816312546 central_component_log_margin_lower=0.46309815710254984095 final_log_margin_lower=0.45924118775377384002
row=D_16 n=63 polynomial_k=4 polynomial_m=6 push_moments=reconstructed_from_exact_adjoint_source A_free_slack=-33 exact_defining_pivot_lower=0.85068414943537030134 exact_square_pivot_lower=0.85860672222841753 negative_component_log_margin_lower=7.7030828759363687871 central_component_log_margin_lower=0.33577699027373605996 final_log_margin_lower=0.3351456222245812878
row=D_17 n=63 polynomial_k=5 polynomial_m=5 push_moments=reconstructed_from_exact_adjoint_source A_free_slack=-31 exact_defining_pivot_lower=0.84423741357392924482 exact_square_pivot_lower=0.83774699537261156358 negative_component_log_margin_lower=9.564179424053674912 central_component_log_margin_lower=0.36074181233705021763 final_log_margin_lower=0.36064112474229410703
row=D_18 n=63 polynomial_k=4 polynomial_m=7 push_moments=reconstructed_from_exact_adjoint_source A_free_slack=-29 exact_defining_pivot_lower=0.84383249092344430631 exact_square_pivot_lower=0.83784120892480248031 negative_component_log_margin_lower=11.144340716489850922 central_component_log_margin_lower=0.48721902721005061381 final_log_margin_lower=0.48719549483576006902
row=D_19 n=63 polynomial_k=5 polynomial_m=6 push_moments=reconstructed_from_exact_adjoint_source A_free_slack=-27 exact_defining_pivot_lower=0.85081539829349286817 exact_square_pivot_lower=0.84495751754937629909 negative_component_log_margin_lower=12.954877181023382849 central_component_log_margin_lower=0.85000126575699379674 final_log_margin_lower=0.84999573330079151888
row=D_20 n=63 polynomial_k=5 polynomial_m=7 push_moments=reconstructed_from_exact_adjoint_source A_free_slack=-25 exact_defining_pivot_lower=0.856089731724783143 exact_square_pivot_lower=0.84858664258019524216 negative_component_log_margin_lower=14.471026082346692924 central_component_log_margin_lower=1.6347292398402409457 final_log_margin_lower=1.6347265774817404268
row=D_21 n=63 polynomial_k=5 polynomial_m=7 push_moments=reconstructed_from_exact_adjoint_source A_free_slack=-23 exact_defining_pivot_lower=0.85087493998030089286 exact_square_pivot_lower=0.84338863349106846238 negative_component_log_margin_lower=16.223854828417523032 central_component_log_margin_lower=0.59304756797198289582 final_log_margin_lower=0.59304740518239500051
row=D_22 n=63 polynomial_k=5 polynomial_m=8 push_moments=reconstructed_from_exact_adjoint_source A_free_slack=-21 exact_defining_pivot_lower=0.84800010052838168388 exact_square_pivot_lower=0.84314285334316029378 negative_component_log_margin_lower=17.826078066935417009 central_component_log_margin_lower=1.0414378252902810435 final_log_margin_lower=1.0414377739423024862
row=D_23 n=63 polynomial_k=5 polynomial_m=8 push_moments=reconstructed_from_exact_adjoint_source A_free_slack=-19 exact_defining_pivot_lower=0.84950829508752639515 exact_square_pivot_lower=0.84313362359264658074 negative_component_log_margin_lower=20.052376125598117612 central_component_log_margin_lower=0.38461617899047086346 final_log_margin_lower=0.38461617611704244163
row=D_24 n=63 polynomial_k=5 polynomial_m=9 push_moments=reconstructed_from_exact_adjoint_source A_free_slack=-17 exact_defining_pivot_lower=0.85814902619251681806 exact_square_pivot_lower=0.8557650889390729781 negative_component_log_margin_lower=21.24129432757428034 central_component_log_margin_lower=0.092008558153372722781 final_log_margin_lower=0.092008557500269398969
MINIMUM geometry=0.3501 fredholm_trace_margin=not_run exact_cholesky_pivot=not_run exact_D_defining_pivot=0.8380062150375447203348671232 exact_D_square_pivot=0.8377469953726115635768643515 first_layer_mass=0.01929837203762419669303486506 layer_monotonicity=0.01386060444242259431941002155 positive_difference=5.097900411059232590704740063e-41 polynomial_expectation=3294.601750367478078004937609 final_log_margin=0.09200855750026939896854650511 final_row=D_24
SUMMARY rows_checked=13 B_rows_checked=0 C_rows_checked=0 D_rows_checked=13 failures=0
__EXIT_STATUS=0
