
G_2: 26 moments available (m_0..m_25) → Chain m=0..10
  moments: [1, 0, 1, 1, 5, 16]... (last: m_25=83037096707432139882)
  Chain m= 0: Q_3(3) - 4 Q_3(1) = 20 [OK]
  Chain m= 1: Q_3(5) - 4 Q_3(3) = 742 [OK]
  Chain m= 2: Q_3(7) - 4 Q_3(5) = 40396 [OK]
  Chain m= 3: Q_3(9) - 4 Q_3(7) = 2914718 [OK]
  Chain m= 4: Q_3(11) - 4 Q_3(9) = 257856068 [OK]
  Chain m= 5: Q_3(13) - 4 Q_3(11) = 26810287984 [OK]
  Chain m= 6: Q_3(15) - 4 Q_3(13) = 3201117507120 [OK]
  Chain m= 7: Q_3(17) - 4 Q_3(15) = 433365183101148 [OK]
  Chain m= 8: Q_3(19) - 4 Q_3(17) = 66103648803468940 [OK]
  Chain m= 9: Q_3(21) - 4 Q_3(19) = 11333519980715537712 [OK]
  Chain m=10: Q_3(23) - 4 Q_3(21) = 2181856049369165745420 [OK]

F_4: 21 moments available (m_0..m_20) → Chain m=0..7
  moments: [1, 0, 1, 1, 5, 16]... (last: m_20=103427555919931446)
  Chain m= 0: Q_3(3) - 4 Q_3(1) = 20 [OK]
  Chain m= 1: Q_3(5) - 4 Q_3(3) = 742 [OK]
  Chain m= 2: Q_3(7) - 4 Q_3(5) = 45816 [OK]
  Chain m= 3: Q_3(9) - 4 Q_3(7) = 4694518 [OK]
  Chain m= 4: Q_3(11) - 4 Q_3(9) = 737444020 [OK]
  Chain m= 5: Q_3(13) - 4 Q_3(11) = 161558275912 [OK]
  Chain m= 6: Q_3(15) - 4 Q_3(13) = 45688375098160 [OK]
  Chain m= 7: Q_3(17) - 4 Q_3(15) = 15815924627280568 [OK]

E_6: 18 moments available (m_0..m_17) → Chain m=0..6
  moments: [1, 0, 1, 1, 5, 17]... (last: m_17=35143981009968)
  Chain m= 0: Q_3(3) - 4 Q_3(1) = 22 [OK]
  Chain m= 1: Q_3(5) - 4 Q_3(3) = 948 [OK]
  Chain m= 2: Q_3(7) - 4 Q_3(5) = 69128 [OK]
  Chain m= 3: Q_3(9) - 4 Q_3(7) = 8028586 [OK]
  Chain m= 4: Q_3(11) - 4 Q_3(9) = 1363156348 [OK]
  Chain m= 5: Q_3(13) - 4 Q_3(11) = 316448171842 [OK]
  Chain m= 6: Q_3(15) - 4 Q_3(13) = 95510387456408 [OK]

E_7: 33 moments available (m_0..m_32) → Chain m=0..13
  moments: [1, 0, 1, 1, 5, 16]... (last: m_32=13345433881805051791963841782144477)
  Chain m= 0: Q_3(3) - 4 Q_3(1) = 20 [OK]
  Chain m= 1: Q_3(5) - 4 Q_3(3) = 742 [OK]
  Chain m= 2: Q_3(7) - 4 Q_3(5) = 44976 [OK]
  Chain m= 3: Q_3(9) - 4 Q_3(7) = 4353400 [OK]
  Chain m= 4: Q_3(11) - 4 Q_3(9) = 630219156 [OK]
  Chain m= 5: Q_3(13) - 4 Q_3(11) = 128574845630 [OK]
  Chain m= 6: Q_3(15) - 4 Q_3(13) = 35234751709608 [OK]
  Chain m= 7: Q_3(17) - 4 Q_3(15) = 12484386960306940 [OK]
  Chain m= 8: Q_3(19) - 4 Q_3(17) = 5546336479995054200 [OK]
  Chain m= 9: Q_3(21) - 4 Q_3(19) = 3012632120332722342584 [OK]
  Chain m=10: Q_3(23) - 4 Q_3(21) = 1959098653478775722937776 [OK]
  Chain m=11: Q_3(25) - 4 Q_3(23) = 1498354592424139435192942436 [OK]
  Chain m=12: Q_3(27) - 4 Q_3(25) = 1327456694409773304853364321900 [OK]
  Chain m=13: Q_3(29) - 4 Q_3(27) = 1344568019779511454537955511829216 [OK]

E_8: 31 moments available (m_0..m_30) → Chain m=0..12
  moments: [1, 0, 1, 1, 5, 16]... (last: m_30=2170019149477016767674782447224)
  Chain m= 0: Q_3(3) - 4 Q_3(1) = 20 [OK]
  Chain m= 1: Q_3(5) - 4 Q_3(3) = 712 [OK]
  Chain m= 2: Q_3(7) - 4 Q_3(5) = 39688 [OK]
  Chain m= 3: Q_3(9) - 4 Q_3(7) = 3386264 [OK]
  Chain m= 4: Q_3(11) - 4 Q_3(9) = 418967712 [OK]
  Chain m= 5: Q_3(13) - 4 Q_3(11) = 71779670998 [OK]
  Chain m= 6: Q_3(15) - 4 Q_3(13) = 16412137451632 [OK]
  Chain m= 7: Q_3(17) - 4 Q_3(15) = 4860826045846054 [OK]
  Chain m= 8: Q_3(19) - 4 Q_3(17) = 1819329566769989676 [OK]
  Chain m= 9: Q_3(21) - 4 Q_3(19) = 842777847683000089004 [OK]
  Chain m=10: Q_3(23) - 4 Q_3(21) = 474615767565712513376848 [OK]
  Chain m=11: Q_3(25) - 4 Q_3(23) = 319918904174221679580209080 [OK]
  Chain m=12: Q_3(27) - 4 Q_3(25) = 254606802534203997074812990264 [OK]
