BEGIN D14_19_nocache m12 no-reflect-cache 2026-05-04T08:17:10+00:00
Exact classical Chain bridge C++: max_chain=12, moment_max=29, families=D, rank_min=14, rank_cap=19, reflect_cache_limit=0
  m_1 = 0  (|support| = 1, |cache| = 0)
  m_2 = 1  (|support| = 6, |cache| = 0)
  m_3 = 1  (|support| = 14, |cache| = 0)
  m_4 = 6  (|support| = 32, |cache| = 0)
  m_5 = 22  (|support| = 66, |cache| = 0)
  m_6 = 130  (|support| = 132, |cache| = 0)
  m_7 = 822  (|support| = 249, |cache| = 0)
  m_8 = 6202  (|support| = 454, |cache| = 0)
  m_9 = 52552  (|support| = 796, |cache| = 0)
  m_10 = 499194  (|support| = 1359, |cache| = 0)
  m_11 = 5238370  (|support| = 2255, |cache| = 0)
  m_12 = 60222844  (|support| = 3663, |cache| = 0)
  m_13 = 752587764  (|support| = 5821, |cache| = 0)
  m_14 = 10157945045  (|support| = 9087, |cache| = 0)
  m_15 = 147267180599  (|support| = 13941, |cache| = 0)
  m_16 = 2282355173625  (|support| = 21068, |cache| = 0)
  m_17 = 37655004455624  (|support| = 31383, |cache| = 0)
  m_18 = 658906785343199  (|support| = 46154, |cache| = 0)
  m_19 = 12188912206596219  (|support| = 67052, |cache| = 0)
  m_20 = 237669568141099826  (|support| = 96338, |cache| = 0)
  m_21 = 4871977824640849670  (|support| = 136963, |cache| = 0)
  m_22 = 104742943275025359066  (|support| = 192835, |cache| = 0)
  m_23 = 2356627352174435980871  (|support| = 269001, |cache| = 0)
  m_24 = 55378935923556273200990  (|support| = 372040, |cache| = 0)
  m_25 = 1356745625715004380259548  (|support| = 510351, |cache| = 0)
  m_26 = 34596171890064742681779950  (|support| = 694727, |cache| = 0)
  m_27 = 916779554284905098959490498  (|support| = 938818, |cache| = 0)
  m_28 = 25211002509503764363700819748  (|support| = 1259939, |cache| = 0)
  m_29 = 718503677174990232475261133710  (|support| = 1679781, |cache| = 0)
D14: min_diff_m0..12=32 diff_m12=2678063655036574770252176399876 Q3(27)=2691329017014396078526339180164 m0..6=[1, 0, 1, 1, 6, 22, 130] dt=226.383s OK
  m_1 = 0  (|support| = 1, |cache| = 0)
  m_2 = 1  (|support| = 6, |cache| = 0)
  m_3 = 1  (|support| = 14, |cache| = 0)
  m_4 = 6  (|support| = 32, |cache| = 0)
  m_5 = 22  (|support| = 66, |cache| = 0)
  m_6 = 130  (|support| = 132, |cache| = 0)
  m_7 = 822  (|support| = 248, |cache| = 0)
  m_8 = 6202  (|support| = 453, |cache| = 0)
  m_9 = 52552  (|support| = 796, |cache| = 0)
  m_10 = 499194  (|support| = 1362, |cache| = 0)
  m_11 = 5238370  (|support| = 2266, |cache| = 0)
  m_12 = 60222844  (|support| = 3692, |cache| = 0)
  m_13 = 752587764  (|support| = 5885, |cache| = 0)
  m_14 = 10157945044  (|support| = 9219, |cache| = 0)
  m_15 = 147267180509  (|support| = 14195, |cache| = 0)
  m_16 = 2282355168165  (|support| = 21535, |cache| = 0)
  m_17 = 37655004179068  (|support| = 32206, |cache| = 0)
  m_18 = 658906772642669  (|support| = 47566, |cache| = 0)
  m_19 = 12188911655708091  (|support| = 69401, |cache| = 0)
  m_20 = 237669545033720201  (|support| = 100165, |cache| = 0)
  m_21 = 4871976873347149265  (|support| = 143063, |cache| = 0)
  m_22 = 104742904457224537167  (|support| = 202388, |cache| = 0)
  m_23 = 2356625771443666061801  (|support| = 283705, |cache| = 0)
  m_24 = 55378871372697554095154  (|support| = 394347, |cache| = 0)
  m_25 = 1356742972973916373107948  (|support| = 543707, |cache| = 0)
  m_26 = 34596061896621338046507650  (|support| = 743990, |cache| = 0)
  m_27 = 916774943652094654320905738  (|support| = 1010700, |cache| = 0)
  m_28 = 25210806846839482259791336698  (|support| = 1363694, |cache| = 0)
  m_29 = 718495261603547177153896640858  (|support| = 1827989, |cache| = 0)
D15: min_diff_m0..12=32 diff_m12=2678043004689519712756009485112 Q3(27)=2691308322605163477606957004280 m0..6=[1, 0, 1, 1, 6, 22, 130] dt=265.804s OK
  m_1 = 0  (|support| = 1, |cache| = 0)
  m_2 = 1  (|support| = 6, |cache| = 0)
  m_3 = 1  (|support| = 14, |cache| = 0)
  m_4 = 6  (|support| = 32, |cache| = 0)
  m_5 = 22  (|support| = 66, |cache| = 0)
  m_6 = 130  (|support| = 132, |cache| = 0)
  m_7 = 822  (|support| = 248, |cache| = 0)
  m_8 = 6202  (|support| = 454, |cache| = 0)
  m_9 = 52552  (|support| = 798, |cache| = 0)
  m_10 = 499194  (|support| = 1367, |cache| = 0)
  m_11 = 5238370  (|support| = 2278, |cache| = 0)
  m_12 = 60222844  (|support| = 3718, |cache| = 0)
  m_13 = 752587764  (|support| = 5939, |cache| = 0)
  m_14 = 10157945044  (|support| = 9326, |cache| = 0)
  m_15 = 147267180508  (|support| = 14397, |cache| = 0)
  m_16 = 2282355168061  (|support| = 21903, |cache| = 0)
  m_17 = 37655004171928  (|support| = 32858, |cache| = 0)
  m_18 = 658906772237984  (|support| = 48683, |cache| = 0)
  m_19 = 12188911635085833  (|support| = 71274, |cache| = 0)
  m_20 = 237669544047747197  (|support| = 103232, |cache| = 0)
  m_21 = 4871976828011919794  (|support| = 147990, |cache| = 0)
  m_22 = 104742902420973549957  (|support| = 210157, |cache| = 0)
  m_23 = 2356625681163205363736  (|support| = 295767, |cache| = 0)
  m_24 = 55378867392620511309002  (|support| = 412781, |cache| = 0)
  m_25 = 1356742797585423050737488  (|support| = 571507, |cache| = 0)
  m_26 = 34596054141383021209630160  (|support| = 785372, |cache| = 0)
  m_27 = 916774598569764147554269838  (|support| = 1071585, |cache| = 0)
  m_28 = 25210791361243550135279683098  (|support| = 1452277, |cache| = 0)
  m_29 = 718494559614685594031335760828  (|support| = 1955571, |cache| = 0)
D16: min_diff_m0..12=32 diff_m12=2678041324103353204258066434512 Q3(27)=2691306638798776976309379024560 m0..6=[1, 0, 1, 1, 6, 22, 130] dt=292.733s OK
  m_1 = 0  (|support| = 1, |cache| = 0)
  m_2 = 1  (|support| = 6, |cache| = 0)
  m_3 = 1  (|support| = 14, |cache| = 0)
  m_4 = 6  (|support| = 32, |cache| = 0)
  m_5 = 22  (|support| = 66, |cache| = 0)
  m_6 = 130  (|support| = 132, |cache| = 0)
  m_7 = 822  (|support| = 248, |cache| = 0)
  m_8 = 6202  (|support| = 453, |cache| = 0)
  m_9 = 52552  (|support| = 797, |cache| = 0)
  m_10 = 499194  (|support| = 1367, |cache| = 0)
  m_11 = 5238370  (|support| = 2281, |cache| = 0)
  m_12 = 60222844  (|support| = 3729, |cache| = 0)
  m_13 = 752587764  (|support| = 5968, |cache| = 0)
  m_14 = 10157945044  (|support| = 9390, |cache| = 0)
  m_15 = 147267180508  (|support| = 14528, |cache| = 0)
  m_16 = 2282355168060  (|support| = 22156, |cache| = 0)
  m_17 = 37655004171809  (|support| = 33321, |cache| = 0)
  m_18 = 658906772228804  (|support| = 49503, |cache| = 0)
  m_19 = 12188911634507169  (|support| = 72679, |cache| = 0)
  m_20 = 237669544015203332  (|support| = 105579, |cache| = 0)
  m_21 = 4871976826305228815  (|support| = 151819, |cache| = 0)
  m_22 = 104742902335337098056  (|support| = 216286, |cache| = 0)
  m_23 = 2356625676984111326486  (|support| = 305393, |cache| = 0)
  m_24 = 55378867192076364700196  (|support| = 427669, |cache| = 0)
  m_25 = 1356742788048640281284538  (|support| = 594189, |cache| = 0)
  m_26 = 34596053689433506733281700  (|support| = 819475, |cache| = 0)
  m_27 = 916774577137129005154600598  (|support| = 1122218, |cache| = 0)
  m_28 = 25210790340969754962421789248  (|support| = 1526611, |cache| = 0)
  m_29 = 718494510743756792044007419838  (|support| = 2063521, |cache| = 0)
D17: min_diff_m0..12=32 diff_m12=2678041209703326162922197850312 Q3(27)=2691306524203045699892635786280 m0..6=[1, 0, 1, 1, 6, 22, 130] dt=329.743s OK
  m_1 = 0  (|support| = 1, |cache| = 0)
  m_2 = 1  (|support| = 6, |cache| = 0)
  m_3 = 1  (|support| = 14, |cache| = 0)
  m_4 = 6  (|support| = 32, |cache| = 0)
  m_5 = 22  (|support| = 66, |cache| = 0)
  m_6 = 130  (|support| = 132, |cache| = 0)
  m_7 = 822  (|support| = 248, |cache| = 0)
  m_8 = 6202  (|support| = 453, |cache| = 0)
  m_9 = 52552  (|support| = 798, |cache| = 0)
  m_10 = 499194  (|support| = 1369, |cache| = 0)
  m_11 = 5238370  (|support| = 2286, |cache| = 0)
  m_12 = 60222844  (|support| = 3741, |cache| = 0)
  m_13 = 752587764  (|support| = 5994, |cache| = 0)
  m_14 = 10157945044  (|support| = 9444, |cache| = 0)
  m_15 = 147267180508  (|support| = 14635, |cache| = 0)
  m_16 = 2282355168060  (|support| = 22357, |cache| = 0)
  m_17 = 37655004171808  (|support| = 33688, |cache| = 0)
  m_18 = 658906772228669  (|support| = 50151, |cache| = 0)
  m_19 = 12188911634495541  (|support| = 73793, |cache| = 0)
  m_20 = 237669544014392602  (|support| = 107445, |cache| = 0)
  m_21 = 4871976826255152320  (|support| = 154884, |cache| = 0)
  m_22 = 104742902332469167452  (|support| = 221215, |cache| = 0)
  m_23 = 2356625676827704018121  (|support| = 313191, |cache| = 0)
  m_24 = 55378867183814247940244  (|support| = 439804, |cache| = 0)
  m_25 = 1356742787621001039599388  (|support| = 612806, |cache| = 0)
  m_26 = 34596053667568449975473150  (|support| = 847647, |cache| = 0)
  m_27 = 916774576026202960148706338  (|support| = 1164340, |cache| = 0)
  m_28 = 25210790284631792013794638548  (|support| = 1588851, |cache| = 0)
  m_29 = 718494507882501323723365524608  (|support| = 2154528, |cache| = 0)
D18: min_diff_m0..12=32 diff_m12=2678041203142226963602864322752 Q3(27)=2691306517632002980243159911200 m0..6=[1, 0, 1, 1, 6, 22, 130] dt=361.037s OK
  m_1 = 0  (|support| = 1, |cache| = 0)
  m_2 = 1  (|support| = 6, |cache| = 0)
  m_3 = 1  (|support| = 14, |cache| = 0)
  m_4 = 6  (|support| = 32, |cache| = 0)
  m_5 = 22  (|support| = 66, |cache| = 0)
  m_6 = 130  (|support| = 132, |cache| = 0)
  m_7 = 822  (|support| = 248, |cache| = 0)
  m_8 = 6202  (|support| = 453, |cache| = 0)
  m_9 = 52552  (|support| = 797, |cache| = 0)
  m_10 = 499194  (|support| = 1368, |cache| = 0)
  m_11 = 5238370  (|support| = 2286, |cache| = 0)
  m_12 = 60222844  (|support| = 3744, |cache| = 0)
  m_13 = 752587764  (|support| = 6005, |cache| = 0)
  m_14 = 10157945044  (|support| = 9473, |cache| = 0)
  m_15 = 147267180508  (|support| = 14699, |cache| = 0)
  m_16 = 2282355168060  (|support| = 22488, |cache| = 0)
  m_17 = 37655004171808  (|support| = 33940, |cache| = 0)
  m_18 = 658906772228668  (|support| = 50613, |cache| = 0)
  m_19 = 12188911634495389  (|support| = 74609, |cache| = 0)
  m_20 = 237669544014378067  (|support| = 108847, |cache| = 0)
  m_21 = 4871976826254036905  (|support| = 157224, |cache| = 0)
  m_22 = 104742902332393830267  (|support| = 225042, |cache| = 0)
  m_23 = 2356625676823010790197  (|support| = 319322, |cache| = 0)
  m_24 = 55378867183537065478688  (|support| = 449459, |cache| = 0)
  m_25 = 1356742787605204955504388  (|support| = 627767, |cache| = 0)
  m_26 = 34596053666689363173158000  (|support| = 870511, |cache| = 0)
  m_27 = 916774575978018318717951938  (|support| = 1198811, |cache| = 0)
  m_28 = 25210790282014296389848150263  (|support| = 1640215, |cache| = 0)
  m_29 = 718494507740924221285667021123  (|support| = 2230200, |cache| = 0)
D19: min_diff_m0..12=32 diff_m12=2678041202823701323079528908602 Q3(27)=2691306517313053921969771881050 m0..6=[1, 0, 1, 1, 6, 22, 130] dt=403.909s OK

Summary table:
group,rank,min_chain_diff,last_chain_diff,last_odd_Q3,seconds
D14,14,32,2678063655036574770252176399876,2691329017014396078526339180164,226.383
D15,15,32,2678043004689519712756009485112,2691308322605163477606957004280,265.804
D16,16,32,2678041324103353204258066434512,2691306638798776976309379024560,292.733
D17,17,32,2678041209703326162922197850312,2691306524203045699892635786280,329.743
D18,18,32,2678041203142226963602864322752,2691306517632002980243159911200,361.037
D19,19,32,2678041202823701323079528908602,2691306517313053921969771881050,403.909

RESULT: ALL PASS
END D14_19_nocache m12 nocache rc=0 2026-05-04T08:48:29+00:00
