BEGIN D20_24_nocache m12 no-reflect-cache 2026-05-04T08:17:10+00:00
Exact classical Chain bridge C++: max_chain=12, moment_max=29, families=D, rank_min=20, rank_cap=24, reflect_cache_limit=0
  m_1 = 0  (|support| = 1, |cache| = 0)
  m_2 = 1  (|support| = 6, |cache| = 0)
  m_3 = 1  (|support| = 14, |cache| = 0)
  m_4 = 6  (|support| = 32, |cache| = 0)
  m_5 = 22  (|support| = 66, |cache| = 0)
  m_6 = 130  (|support| = 132, |cache| = 0)
  m_7 = 822  (|support| = 248, |cache| = 0)
  m_8 = 6202  (|support| = 453, |cache| = 0)
  m_9 = 52552  (|support| = 797, |cache| = 0)
  m_10 = 499194  (|support| = 1369, |cache| = 0)
  m_11 = 5238370  (|support| = 2288, |cache| = 0)
  m_12 = 60222844  (|support| = 3749, |cache| = 0)
  m_13 = 752587764  (|support| = 6017, |cache| = 0)
  m_14 = 10157945044  (|support| = 9499, |cache| = 0)
  m_15 = 147267180508  (|support| = 14753, |cache| = 0)
  m_16 = 2282355168060  (|support| = 22595, |cache| = 0)
  m_17 = 37655004171808  (|support| = 34141, |cache| = 0)
  m_18 = 658906772228668  (|support| = 50979, |cache| = 0)
  m_19 = 12188911634495388  (|support| = 75256, |cache| = 0)
  m_20 = 237669544014377897  (|support| = 109957, |cache| = 0)
  m_21 = 4871976826254018950  (|support| = 159087, |cache| = 0)
  m_22 = 104742902332392320451  (|support| = 228100, |cache| = 0)
  m_23 = 2356625676822899721932  (|support| = 324249, |cache| = 0)
  m_24 = 55378867183529566242944  (|support| = 457259, |cache| = 0)
  m_25 = 1356742787604726896242488  (|support| = 639931, |cache| = 0)
  m_26 = 34596053666660061967399175  (|support| = 889201, |cache| = 0)
  m_27 = 916774575976269986059606808  (|support| = 1227165, |cache| = 0)
  m_28 = 25210790281911839335548304563  (|support| = 1682704, |cache| = 0)
  m_29 = 718494507734988601554089113388  (|support| = 2293168, |cache| = 0)
D20: min_diff_m0..12=32 diff_m12=2678041202810580657898639545052 Q3(27)=2691306517299918152398043877980 m0..6=[1, 0, 1, 1, 6, 22, 130] dt=454.059s OK
  m_1 = 0  (|support| = 1, |cache| = 0)
  m_2 = 1  (|support| = 6, |cache| = 0)
  m_3 = 1  (|support| = 14, |cache| = 0)
  m_4 = 6  (|support| = 32, |cache| = 0)
  m_5 = 22  (|support| = 66, |cache| = 0)
  m_6 = 130  (|support| = 132, |cache| = 0)
  m_7 = 822  (|support| = 248, |cache| = 0)
  m_8 = 6202  (|support| = 453, |cache| = 0)
  m_9 = 52552  (|support| = 797, |cache| = 0)
  m_10 = 499194  (|support| = 1368, |cache| = 0)
  m_11 = 5238370  (|support| = 2287, |cache| = 0)
  m_12 = 60222844  (|support| = 3749, |cache| = 0)
  m_13 = 752587764  (|support| = 6020, |cache| = 0)
  m_14 = 10157945044  (|support| = 9510, |cache| = 0)
  m_15 = 147267180508  (|support| = 14782, |cache| = 0)
  m_16 = 2282355168060  (|support| = 22659, |cache| = 0)
  m_17 = 37655004171808  (|support| = 34272, |cache| = 0)
  m_18 = 658906772228668  (|support| = 51231, |cache| = 0)
  m_19 = 12188911634495388  (|support| = 75717, |cache| = 0)
  m_20 = 237669544014377896  (|support| = 110772, |cache| = 0)
  m_21 = 4871976826254018761  (|support| = 160485, |cache| = 0)
  m_22 = 104742902332392298506  (|support| = 230437, |cache| = 0)
  m_23 = 2356625676822897708052  (|support| = 328069, |cache| = 0)
  m_24 = 55378867183529405466251  (|support| = 463388, |cache| = 0)
  m_25 = 1356742787604715169202933  (|support| = 649588, |cache| = 0)
  m_26 = 34596053666659257492985055  (|support| = 904191, |cache| = 0)
  m_27 = 916774575976217102579812208  (|support| = 1250102, |cache| = 0)
  m_28 = 25210790281908465065036644788  (|support| = 1717357, |cache| = 0)
  m_29 = 718494507734777703005916263123  (|support| = 2344898, |cache| = 0)
D21: min_diff_m0..12=32 diff_m12=2678041202810122037444955077302 Q3(27)=2691306517299459082168780416710 m0..6=[1, 0, 1, 1, 6, 22, 130] dt=488.627s OK
  m_1 = 0  (|support| = 1, |cache| = 0)
  m_2 = 1  (|support| = 6, |cache| = 0)
  m_3 = 1  (|support| = 14, |cache| = 0)
  m_4 = 6  (|support| = 32, |cache| = 0)
  m_5 = 22  (|support| = 66, |cache| = 0)
  m_6 = 130  (|support| = 132, |cache| = 0)
  m_7 = 822  (|support| = 248, |cache| = 0)
  m_8 = 6202  (|support| = 453, |cache| = 0)
  m_9 = 52552  (|support| = 797, |cache| = 0)
  m_10 = 499194  (|support| = 1368, |cache| = 0)
  m_11 = 5238370  (|support| = 2288, |cache| = 0)
  m_12 = 60222844  (|support| = 3751, |cache| = 0)
  m_13 = 752587764  (|support| = 6025, |cache| = 0)
  m_14 = 10157945044  (|support| = 9522, |cache| = 0)
  m_15 = 147267180508  (|support| = 14808, |cache| = 0)
  m_16 = 2282355168060  (|support| = 22713, |cache| = 0)
  m_17 = 37655004171808  (|support| = 34379, |cache| = 0)
  m_18 = 658906772228668  (|support| = 51432, |cache| = 0)
  m_19 = 12188911634495388  (|support| = 76083, |cache| = 0)
  m_20 = 237669544014377896  (|support| = 111418, |cache| = 0)
  m_21 = 4871976826254018760  (|support| = 161594, |cache| = 0)
  m_22 = 104742902332392298297  (|support| = 232296, |cache| = 0)
  m_23 = 2356625676822897681487  (|support| = 331124, |cache| = 0)
  m_24 = 55378867183529402815547  (|support| = 468308, |cache| = 0)
  m_25 = 1356742787604714940307508  (|support| = 657386, |cache| = 0)
  m_26 = 34596053666659239511216250  (|support| = 916357, |cache| = 0)
  m_27 = 916774575976215778814509088  (|support| = 1268821, |cache| = 0)
  m_28 = 25210790281908371974618661238  (|support| = 1745784, |cache| = 0)
  m_29 = 718494507734771366614429005278  (|support| = 2387569, |cache| = 0)
D22: min_diff_m0..12=32 diff_m12=2678041202810108465924859459752 Q3(27)=2691306517299445499550518262080 m0..6=[1, 0, 1, 1, 6, 22, 130] dt=524.803s OK
  m_1 = 0  (|support| = 1, |cache| = 0)
  m_2 = 1  (|support| = 6, |cache| = 0)
  m_3 = 1  (|support| = 14, |cache| = 0)
  m_4 = 6  (|support| = 32, |cache| = 0)
  m_5 = 22  (|support| = 66, |cache| = 0)
  m_6 = 130  (|support| = 132, |cache| = 0)
  m_7 = 822  (|support| = 248, |cache| = 0)
  m_8 = 6202  (|support| = 453, |cache| = 0)
  m_9 = 52552  (|support| = 797, |cache| = 0)
  m_10 = 499194  (|support| = 1368, |cache| = 0)
  m_11 = 5238370  (|support| = 2287, |cache| = 0)
  m_12 = 60222844  (|support| = 3750, |cache| = 0)
  m_13 = 752587764  (|support| = 6025, |cache| = 0)
  m_14 = 10157945044  (|support| = 9525, |cache| = 0)
  m_15 = 147267180508  (|support| = 14819, |cache| = 0)
  m_16 = 2282355168060  (|support| = 22742, |cache| = 0)
  m_17 = 37655004171808  (|support| = 34443, |cache| = 0)
  m_18 = 658906772228668  (|support| = 51563, |cache| = 0)
  m_19 = 12188911634495388  (|support| = 76335, |cache| = 0)
  m_20 = 237669544014377896  (|support| = 111879, |cache| = 0)
  m_21 = 4871976826254018760  (|support| = 162408, |cache| = 0)
  m_22 = 104742902332392298296  (|support| = 233693, |cache| = 0)
  m_23 = 2356625676822897681257  (|support| = 333457, |cache| = 0)
  m_24 = 55378867183529402783669  (|support| = 472125, |cache| = 0)
  m_25 = 1356742787604714936860658  (|support| = 663508, |cache| = 0)
  m_26 = 34596053666659239190247225  (|support| = 926012, |cache| = 0)
  m_27 = 916774575976215751732338908  (|support| = 1283813, |cache| = 0)
  m_28 = 25210790281908369840561335838  (|support| = 1768750, |cache| = 0)
  m_29 = 718494507734771206454348435438  (|support| = 2422295, |cache| = 0)
D23: min_diff_m0..12=32 diff_m12=2678041202810108127667204710292 Q3(27)=2691306517299445161068747473100 m0..6=[1, 0, 1, 1, 6, 22, 130] dt=575.42s OK
  m_1 = 0  (|support| = 1, |cache| = 0)
  m_2 = 1  (|support| = 6, |cache| = 0)
  m_3 = 1  (|support| = 14, |cache| = 0)
  m_4 = 6  (|support| = 32, |cache| = 0)
  m_5 = 22  (|support| = 66, |cache| = 0)
  m_6 = 130  (|support| = 132, |cache| = 0)
  m_7 = 822  (|support| = 248, |cache| = 0)
  m_8 = 6202  (|support| = 453, |cache| = 0)
  m_9 = 52552  (|support| = 797, |cache| = 0)
  m_10 = 499194  (|support| = 1368, |cache| = 0)
  m_11 = 5238370  (|support| = 2287, |cache| = 0)
  m_12 = 60222844  (|support| = 3751, |cache| = 0)
  m_13 = 752587764  (|support| = 6027, |cache| = 0)
  m_14 = 10157945044  (|support| = 9530, |cache| = 0)
  m_15 = 147267180508  (|support| = 14831, |cache| = 0)
  m_16 = 2282355168060  (|support| = 22768, |cache| = 0)
  m_17 = 37655004171808  (|support| = 34497, |cache| = 0)
  m_18 = 658906772228668  (|support| = 51670, |cache| = 0)
  m_19 = 12188911634495388  (|support| = 76536, |cache| = 0)
  m_20 = 237669544014377896  (|support| = 112245, |cache| = 0)
  m_21 = 4871976826254018760  (|support| = 163054, |cache| = 0)
  m_22 = 104742902332392298296  (|support| = 234801, |cache| = 0)
  m_23 = 2356625676822897681256  (|support| = 335315, |cache| = 0)
  m_24 = 55378867183529402783417  (|support| = 475176, |cache| = 0)
  m_25 = 1356742787604714936822708  (|support| = 668425, |cache| = 0)
  m_26 = 34596053666659239185814550  (|support| = 933803, |cache| = 0)
  m_27 = 916774575976215751288473083  (|support| = 1295977, |cache| = 0)
  m_28 = 25210790281908369800439287508  (|support| = 1787471, |cache| = 0)
  m_29 = 718494507734771203078199885300  (|support| = 2450751, |cache| = 0)
D24: min_diff_m0..12=32 diff_m12=2678041202810108120627981600176 Q3(27)=2691306517299445154025893354384 m0..6=[1, 0, 1, 1, 6, 22, 130] dt=618.116s OK

Summary table:
group,rank,min_chain_diff,last_chain_diff,last_odd_Q3,seconds
D20,20,32,2678041202810580657898639545052,2691306517299918152398043877980,454.059
D21,21,32,2678041202810122037444955077302,2691306517299459082168780416710,488.627
D22,22,32,2678041202810108465924859459752,2691306517299445499550518262080,524.803
D23,23,32,2678041202810108127667204710292,2691306517299445161068747473100,575.42
D24,24,32,2678041202810108120627981600176,2691306517299445154025893354384,618.116

RESULT: ALL PASS
END D20_24_nocache m12 nocache rc=0 2026-05-04T09:01:31+00:00
