BEGIN D28_nocache m12 no-reflect-cache 2026-05-04T08:17:10+00:00
Exact classical Chain bridge C++: max_chain=12, moment_max=29, families=D, rank_min=28, rank_cap=28, reflect_cache_limit=0
  m_1 = 0  (|support| = 1, |cache| = 0)
  m_2 = 1  (|support| = 6, |cache| = 0)
  m_3 = 1  (|support| = 14, |cache| = 0)
  m_4 = 6  (|support| = 32, |cache| = 0)
  m_5 = 22  (|support| = 66, |cache| = 0)
  m_6 = 130  (|support| = 132, |cache| = 0)
  m_7 = 822  (|support| = 248, |cache| = 0)
  m_8 = 6202  (|support| = 453, |cache| = 0)
  m_9 = 52552  (|support| = 797, |cache| = 0)
  m_10 = 499194  (|support| = 1368, |cache| = 0)
  m_11 = 5238370  (|support| = 2287, |cache| = 0)
  m_12 = 60222844  (|support| = 3750, |cache| = 0)
  m_13 = 752587764  (|support| = 6026, |cache| = 0)
  m_14 = 10157945044  (|support| = 9532, |cache| = 0)
  m_15 = 147267180508  (|support| = 14841, |cache| = 0)
  m_16 = 2282355168060  (|support| = 22799, |cache| = 0)
  m_17 = 37655004171808  (|support| = 34575, |cache| = 0)
  m_18 = 658906772228668  (|support| = 51843, |cache| = 0)
  m_19 = 12188911634495388  (|support| = 76892, |cache| = 0)
  m_20 = 237669544014377896  (|support| = 112936, |cache| = 0)
  m_21 = 4871976826254018760  (|support| = 164334, |cache| = 0)
  m_22 = 104742902332392298296  (|support| = 237088, |cache| = 0)
  m_23 = 2356625676822897681256  (|support| = 339279, |cache| = 0)
  m_24 = 55378867183529402783416  (|support| = 481869, |cache| = 0)
  m_25 = 1356742787604714936822432  (|support| = 679476, |cache| = 0)
  m_26 = 34596053666659239185769400  (|support| = 951696, |cache| = 0)
  m_27 = 916774575976215751282777432  (|support| = 1324440, |cache| = 0)
  m_28 = 25210790281908369799826090833  (|support| = 1832047, |cache| = 0)
  m_29 = 718494507734771203018827478570  (|support| = 2519575, |cache| = 0)
D28: min_diff_m0..12=32 diff_m12=2678041202810108120505643087604 Q3(27)=2691306517299445153903508708596 m0..6=[1, 0, 1, 1, 6, 22, 130] dt=855.708s OK

Summary table:
group,rank,min_chain_diff,last_chain_diff,last_odd_Q3,seconds
D28,28,32,2678041202810108120505643087604,2691306517299445153903508708596,855.708

RESULT: ALL PASS
END D28_nocache m12 nocache rc=0 2026-05-04T08:31:25+00:00
