COMMAND: make -j 8 replay-build
g++ -O3 -march=native -std=c++20 -Wall -fopenmp verify_sun_repair_certificates_gmp.cpp -lgmpxx -lgmp -o verify_sun_repair_certificates_gmp
g++ -O3 -march=native -std=c++20 -Wall verify_character_ring_moment_sources_gmp.cpp -lgmpxx -lgmp -o verify_character_ring_moment_sources_gmp
g++ -O3 -march=native -std=c++20 -Wall -fopenmp verify_bc_row_gated_bridge_gmp.cpp -lgmpxx -lgmp -o verify_bc_row_gated_bridge_gmp
g++ -O3 -march=native -std=c++20 -Wall -fopenmp verify_d_high_rank_finite_tails_gmp.cpp -lgmpxx -lgmp -o verify_d_high_rank_finite_tails_gmp
g++ -O3 -march=native -std=c++20 -Wall -fopenmp dunkl_exceptional_coefficients_gmp.cpp -lgmpxx -lgmp -o dunkl_exceptional_coefficients_gmp
g++ -O3 -march=native -std=c++20 -Wall direct_chain_rect_g2_f4_certificate.cpp -lgmpxx -lgmp -o direct_chain_rect_g2_f4_certificate
g++ -O3 -march=native -std=c++20 -Wall -fopenmp direct_chain_rect_e6_e7_rank_certificate.cpp -lgmpxx -lgmp -o direct_chain_rect_e6_e7_rank_certificate
g++ -O3 -march=native -std=c++20 -Wall trace_square_cutoff_mpfr.cpp -l:libmpfr.so.6 -lgmp -o trace_square_cutoff_mpfr
g++ -O3 -march=native -std=c++20 -Wall -fopenmp verify_e8_negative_bounds_gmp.cpp -lgmpxx -lgmp -o verify_e8_negative_bounds_gmp
g++ -O3 -march=native -std=c++20 -Wall -fopenmp direct_chain_rect_e8_parallel_certificate.cpp -lgmpxx -lgmp -o direct_chain_rect_e8_parallel_certificate
g++ -O3 -march=native -std=c++20 -Wall post_m29_b_unitary_square_trace_mpfr.cpp -l:libmpfr.so.6 -lgmp -o post_m29_b_unitary_square_trace_mpfr
g++ -O3 -march=native -std=c++20 -Wall post_m29_bc_tilted_mgf_mpfr.cpp -l:libmpfr.so.6 -lgmp -o post_m29_bc_tilted_mgf_mpfr
g++ -O3 -march=native -std=c++20 -Wall post_m29_bc_layered_mgf_mpfr.cpp -l:libmpfr.so.6 -lgmpxx -lgmp -o post_m29_bc_layered_mgf_mpfr
g++ -O3 -march=native -std=c++20 -Wall -fopenmp post_m29_d_stable_window_interval_gmp.cpp -lgmpxx -lgmp -o post_m29_d_stable_window_interval_gmp
g++ -O3 -march=native -std=c++20 -Wall -fopenmp post_m29_d_interval_bridge_frontier_gmp.cpp -lgmpxx -lgmp -o post_m29_d_interval_bridge_frontier_gmp
g++ -O3 -march=native -std=c++20 -Wall classical_boundary_certificate.cpp -lgmpxx -lgmp -o classical_boundary_source_replay_gmp
g++ -O3 -march=native -std=c++20 -Wall verify_d10_exact_tail_gmp.cpp -lgmpxx -lgmp -o verify_d10_exact_tail_gmp
g++ -O3 -march=native -std=c++20 -Wall -fopenmp -Wall -Wextra -Wpedantic -Wconversion \
	-Wsign-conversion -Werror verify_full_q3_bcd_bounded_littlewood_gmp.cpp \
	-lgmpxx -lgmp -o verify_full_q3_bcd_bounded_littlewood_gmp
g++ -O3 -march=native -std=c++20 -Wall -fopenmp post_m29_bc_cheb80_negative_tail_gmp.cpp -lgmpxx -lgmp -o post_m29_bc_cheb80_negative_tail_gmp
g++ -O3 -march=native -std=c++20 -Wall -fopenmp post_m29_bc_interval_formula_mpfr.cpp -l:libmpfr.so.6 -lgmp -o post_m29_bc_interval_formula_mpfr
g++ -O3 -march=native -std=c++20 -Wall -fopenmp post_m29_bc_interval_bridge_frontier_gmp.cpp -lgmpxx -lgmp -o post_m29_bc_interval_bridge_frontier_gmp
g++ -O3 -march=native -std=c++20 -Wall -fopenmp post_m29_bc_pieri_powerloss_gmp.cpp -lgmpxx -lgmp -o post_m29_bc_pieri_powerloss_gmp
g++ -O3 -march=native -std=c++20 -Wall -fopenmp post_m29_bc_b14_j37_badshape_gmp.cpp -lgmpxx -lgmp -o post_m29_bc_b14_j37_badshape_gmp
g++ -O3 -march=native -std=c++20 -Wall -fopenmp post_m29_bc_b_eighth_frontier_gmp.cpp -lgmpxx -lgmp -o post_m29_bc_b_eighth_frontier_gmp
g++ -O3 -march=native -std=c++20 -Wall -fopenmp post_m29_bc_ninth_frontier_gmp.cpp -lgmpxx -lgmp -o post_m29_bc_ninth_frontier_gmp
g++ -O3 -march=native -std=c++20 -Wall -fopenmp post_m29_bc_tenth_frontier_gmp.cpp -lgmpxx -lgmp -o post_m29_bc_tenth_frontier_gmp
g++ -O3 -march=native -std=c++20 -Wall -fopenmp post_m29_bc_eleventh_frontier_gmp.cpp -lgmpxx -lgmp -o post_m29_bc_eleventh_frontier_gmp
g++ -O3 -march=native -std=c++20 -Wall -fopenmp post_m29_bc_twelfth_frontier_gmp.cpp -lgmpxx -lgmp -o post_m29_bc_twelfth_frontier_gmp
g++ -O3 -march=native -std=c++20 -Wall -fopenmp post_m29_bc_thirteenth_frontier_gmp.cpp -lgmpxx -lgmp -o post_m29_bc_thirteenth_frontier_gmp
g++ -O3 -march=native -std=c++20 -Wall -fopenmp post_m29_bc_fourteenth_frontier_gmp.cpp -lgmpxx -lgmp -o post_m29_bc_fourteenth_frontier_gmp
g++ -O3 -march=native -std=c++20 -Wall -fopenmp post_m29_bc_fifteenth_frontier_gmp.cpp -lgmpxx -lgmp -o post_m29_bc_fifteenth_frontier_gmp
g++ -O3 -march=native -std=c++20 -Wall -fopenmp post_m29_bc_sixteenth_frontier_gmp.cpp -lgmpxx -lgmp -o post_m29_bc_sixteenth_frontier_gmp
g++ -O3 -march=native -std=c++20 -Wall -fopenmp post_m29_bc_seventeenth_frontier_gmp.cpp -lgmpxx -lgmp -o post_m29_bc_seventeenth_frontier_gmp
g++ -O3 -march=native -std=c++20 -Wall -fopenmp post_m29_bc_eighteenth_frontier_gmp.cpp -lgmpxx -lgmp -o post_m29_bc_eighteenth_frontier_gmp
g++ -O3 -march=native -std=c++20 -Wall -fopenmp post_m29_bc_nineteenth_frontier_gmp.cpp -lgmpxx -lgmp -o post_m29_bc_nineteenth_frontier_gmp
g++ -O3 -march=native -std=c++20 -Wall -fopenmp post_m29_bc_twentieth_frontier_gmp.cpp -lgmpxx -lgmp -o post_m29_bc_twentieth_frontier_gmp
g++ -O3 -march=native -std=c++20 -Wall -fopenmp post_m29_bc_twentyfirst_frontier_gmp.cpp -lgmpxx -lgmp -o post_m29_bc_twentyfirst_frontier_gmp
g++ -O3 -march=native -std=c++20 -Wall -fopenmp post_m29_bc_twentysecond_frontier_gmp.cpp -lgmpxx -lgmp -o post_m29_bc_twentysecond_frontier_gmp
g++ -O3 -march=native -std=c++20 -Wall -fopenmp post_m29_bc_twentythird_frontier_gmp.cpp -lgmpxx -lgmp -o post_m29_bc_twentythird_frontier_gmp
g++ -O3 -march=native -std=c++20 -Wall -fopenmp post_m29_bc_twentyfourth_frontier_gmp.cpp -lgmpxx -lgmp -o post_m29_bc_twentyfourth_frontier_gmp
g++ -O3 -march=native -std=c++20 -Wall -fopenmp post_m29_bc_twentyfifth_frontier_gmp.cpp -lgmpxx -lgmp -o post_m29_bc_twentyfifth_frontier_gmp
g++ -O3 -march=native -std=c++20 -Wall -fopenmp post_m29_bc_twentysixth_frontier_gmp.cpp -lgmpxx -lgmp -o post_m29_bc_twentysixth_frontier_gmp
g++ -O3 -march=native -std=c++20 -Wall -fopenmp post_m29_bc_twentyseventh_frontier_gmp.cpp -lgmpxx -lgmp -o post_m29_bc_twentyseventh_frontier_gmp
g++ -O3 -march=native -std=c++20 -Wall -fopenmp post_m29_bc_twentyeighth_frontier_gmp.cpp -lgmpxx -lgmp -o post_m29_bc_twentyeighth_frontier_gmp
g++ -O3 -march=native -std=c++20 -Wall post_m29_bc_twentyeighth_b_absorption_gmp.cpp -lgmpxx -lgmp -o post_m29_bc_twentyeighth_b_absorption_gmp
g++ -O3 -march=native -std=c++20 -Wall post_m29_bc_twentyninth_c_frontier_gmp.cpp -lgmpxx -lgmp -o post_m29_bc_twentyninth_c_frontier_gmp
g++ -O3 -march=native -std=c++20 -Wall post_m29_bc_twentyninth_b_absorption_gmp.cpp -lgmpxx -lgmp -o post_m29_bc_twentyninth_b_absorption_gmp
