COMMAND: ./classical_boundary_source_replay_gmp --bc-lower-range 19 30 --d-lower-range 35 63 --chain-m 29 --stable-moments /tmp/ginibre-q3-clean-room-jb3u4pkg/ginibre_q3/references/oeis_A002137_stable.txt
m=29 remaining low-row lower certificate
stable Chain diff D(29) = 601101928572633606043640402579591572896576321369733121741661664564304348781808026451968
negative linear coefficient indices = [28, 29, 30, 31, 32, 33, 34, 35]
negative quadratic pairs = [(0,61,-8), (1,60,-456), (2,59,-12752), (3,58,-233168), (4,57,-3134552), (5,56,-33029144), (6,55,-283998624), (7,54,-2048327072), (8,53,-12641839848), (9,52,-67775023272), (10,51,-319315881456), (11,50,-1334245821168), (12,49,-4980575154360), (13,48,-16706191749240), (14,47,-50586053367360), (15,46,-138767189198400), (16,45,-345761579752680), (17,44,-783830549575080), (18,43,-1617726124272720), (19,42,-3037991836960080), (20,41,-5180165568149880), (21,40,-7984465725343800), (22,39,-11033079911384160), (23,38,-13456822866745440), (24,37,-14031199452521160), (25,36,-11536763994295176), (26,35,-5324660305059312), (28,35,-4511170536230806), (29,34,-14777972446273330), (30,33,-23800313518734942), (31,32,-29089272078453818)]
begin B_30: first boundary = 62; exact through m_31
B_30 tail = -219082451579668351863316990992807039094833005240303736774668938659516073023726436239872; linear exact = 0; negative quadratic exact = 0; lower margin = 382019476992965254180323411586784533801743316129429384966992725904788275758081590212096
begin B_29: first boundary = 60; exact through m_31
B_29 tail = -346778483463470230247585976996445280049384311855976200702192711188411632222211596568064; linear exact = 0; negative quadratic exact = 0; lower margin = 254323445109163375796054425583146292847192009513756921039468953375892716559596429883904
begin B_28: first boundary = 58; exact through m_31
B_28 tail = -418983114524354689420714266967228475991138844752962654904826814317094460828831092971008; linear exact = 0; negative quadratic exact = 0; lower margin = 182118814048278916622926135612363096905437476616770466836834850247209887952976933480960
begin B_27: first boundary = 56; exact through m_31
B_27 tail = -468604413498992032864430881395811198244693171632733442723005067199405691855597693320192; linear exact = 0; negative quadratic exact = 0; lower margin = 132497515073641573179209521183780374651883149736999679018656597364898656926210333131776
begin B_26: first boundary = 54; exact through m_31
B_26 tail = -505571921584311754984288948938504303684478288613509252526224841314720128207506690557440; linear exact = 0; negative quadratic exact = 0; lower margin = 95530006988321851059351453641087269212098032756223869215436823249584220574301335894528
begin B_25: first boundary = 52; exact through m_31
B_25 tail = -533656907455528497907798342572178735493933999089052355136726468912244847658325501179392; linear exact = 0; negative quadratic exact = 0; lower margin = 67445021117105108135842060007412837402642322280680766604935195652059501123482525272576
begin B_24: first boundary = 50; exact through m_31
B_24 tail = -554983533370572042749318928265074086665878663190901318052709865688418376730741342779904; linear exact = 0; negative quadratic exact = 0; lower margin = 46118395202061563294321474314517486230697658178831803688951798875885972051066683672064
begin B_23: first boundary = 48; exact through m_31
B_23 tail = -570988952570223339747157234402737930421825998746297157881333261763637184571092067385344; linear exact = 0; negative quadratic exact = 0; lower margin = 30112976002410266296483168176853642474750322623435963860328402800667164210715959066624
begin B_22: first boundary = 46; exact through m_31
B_22 tail = -582732893383219926442296517360264081602872728076339199744726178653129289093067942705664; linear exact = 0; negative quadratic exact = 0; lower margin = 18369035189413679601343885219327491293703593293393921996935485911175059688740083746304
begin B_21: first boundary = 44; exact through m_31
B_21 tail = -591043339757480658379660558824804313680710003803854544580459950736970490928141630590464; linear exact = 0; negative quadratic exact = 0; lower margin = 10058588815152947663979843754787259215866317565878577161201713827333857853666395861504
begin B_20: first boundary = 42; exact through m_31
B_20 tail = -596597304848870686571293824431027247482229479327252142751776088366674558301400676079104; linear exact = 0; negative quadratic exact = 0; lower margin = 4504623723762919472346578148564325414346842042480978989885576197629790480407350372864
begin B_19: first boundary = 40; exact through m_31
B_19 tail = -599969753836162569106660175521483838283239312213636246551259317379148461882551001631744; linear exact = 0; negative quadratic exact = 0; lower margin = 1132174736471036936980227058107734613337009156096875190402347185155886899257024820224
begin C_30: first boundary = 62; exact through m_31
C_30 tail = -219082451579668351863316990992807039094833005240303736774668938659516073023726436239872; linear exact = 0; negative quadratic exact = 0; lower margin = 382019476992965254180323411586784533801743316129429384966992725904788275758081590212096
begin C_29: first boundary = 60; exact through m_31
C_29 tail = -346778483463470230247585976996445280049384311855976200702192711188411632222211596568064; linear exact = 0; negative quadratic exact = 0; lower margin = 254323445109163375796054425583146292847192009513756921039468953375892716559596429883904
begin C_28: first boundary = 58; exact through m_31
C_28 tail = -418983114524354689420714266967228475991138844752962654904826814317094460828831092971008; linear exact = 0; negative quadratic exact = 0; lower margin = 182118814048278916622926135612363096905437476616770466836834850247209887952976933480960
begin C_27: first boundary = 56; exact through m_31
C_27 tail = -468604413498992032864430881395811198244693171632733442723005067199405691855597693320192; linear exact = 0; negative quadratic exact = 0; lower margin = 132497515073641573179209521183780374651883149736999679018656597364898656926210333131776
begin C_26: first boundary = 54; exact through m_31
C_26 tail = -505571921584311754984288948938504303684478288613509252526224841314720128207506690557440; linear exact = 0; negative quadratic exact = 0; lower margin = 95530006988321851059351453641087269212098032756223869215436823249584220574301335894528
begin C_25: first boundary = 52; exact through m_31
C_25 tail = -533656907455528497907798342572178735493933999089052355136726468912244847658325501179392; linear exact = 0; negative quadratic exact = 0; lower margin = 67445021117105108135842060007412837402642322280680766604935195652059501123482525272576
begin C_24: first boundary = 50; exact through m_31
C_24 tail = -554983533370572042749318928265074086665878663190901318052709865688418376730741342779904; linear exact = 0; negative quadratic exact = 0; lower margin = 46118395202061563294321474314517486230697658178831803688951798875885972051066683672064
begin C_23: first boundary = 48; exact through m_31
C_23 tail = -570988952570223339747157234402737930421825998746297157881333261763637184571092067385344; linear exact = 0; negative quadratic exact = 0; lower margin = 30112976002410266296483168176853642474750322623435963860328402800667164210715959066624
begin C_22: first boundary = 46; exact through m_31
C_22 tail = -582732893383219926442296517360264081602872728076339199744726178653129289093067942705664; linear exact = 0; negative quadratic exact = 0; lower margin = 18369035189413679601343885219327491293703593293393921996935485911175059688740083746304
begin C_21: first boundary = 44; exact through m_31
C_21 tail = -591043339757480658379660558824804313680710003803854544580459950736970490928141630590464; linear exact = 0; negative quadratic exact = 0; lower margin = 10058588815152947663979843754787259215866317565878577161201713827333857853666395861504
begin C_20: first boundary = 42; exact through m_31
C_20 tail = -596597304848870686571293824431027247482229479327252142751776088366674558301400676079104; linear exact = 0; negative quadratic exact = 0; lower margin = 4504623723762919472346578148564325414346842042480978989885576197629790480407350372864
begin C_19: first boundary = 40; exact through m_31
C_19 tail = -599969753836162569106660175521483838283239312213636246551259317379148461882551001631744; linear exact = 0; negative quadratic exact = 0; lower margin = 1132174736471036936980227058107734613337009156096875190402347185155886899257024820224
begin D_63 lower row
D_63 negative linear = 0; negative quadratic = 0; lower margin = 601101928572633606043640402579591572896576321369733121741661664564304348781808026451968
begin D_62 lower row
D_62 negative linear = 0; negative quadratic = 0; lower margin = 601101928572633606043640402579591572896576321369733121741661664564304348781808026451968
begin D_61 lower row
D_61 negative linear = 0; negative quadratic = 0; lower margin = 601101928572633606043640402579591572896576321369733121741661664564304348781808026451968
begin D_60 lower row
D_60 negative linear = 0; negative quadratic = 0; lower margin = 601101928572633606043640402579591572896576321369733121741661664564304348781808026451968
begin D_59 lower row
D_59 negative linear = 0; negative quadratic = 0; lower margin = 601101928572633606043640402579591572896576321369733121741661664564304348781808026451968
begin D_58 lower row
D_58 negative linear = 0; negative quadratic = 0; lower margin = 601101928572633606043640402579591572896576321369733121741661664564304348781808026451968
begin D_57 lower row
D_57 negative linear = 0; negative quadratic = 0; lower margin = 601101928572633606043640402579591572896576321369733121741661664564304348781808026451968
begin D_56 lower row
D_56 negative linear = 0; negative quadratic = 0; lower margin = 601101928572633606043640402579591572896576321369733121741661664564304348781808026451968
begin D_55 lower row
D_55 negative linear = 0; negative quadratic = 0; lower margin = 601101928572633606043640402579591572896576321369733121741661664564304348781808026451968
begin D_54 lower row
D_54 negative linear = 0; negative quadratic = 0; lower margin = 601101928572633606043640402579591572896576321369733121741661664564304348781808026451968
begin D_53 lower row
D_53 negative linear = 0; negative quadratic = 0; lower margin = 601101928572633606043640402579591572896576321369733121741661664564304348781808026451968
begin D_52 lower row
D_52 negative linear = 0; negative quadratic = 0; lower margin = 601101928572633606043640402579591572896576321369733121741661664564304348781808026451968
begin D_51 lower row
D_51 negative linear = 0; negative quadratic = 0; lower margin = 601101928572633606043640402579591572896576321369733121741661664564304348781808026451968
begin D_50 lower row
D_50 negative linear = 0; negative quadratic = 0; lower margin = 601101928572633606043640402579591572896576321369733121741661664564304348781808026451968
begin D_49 lower row
D_49 negative linear = 0; negative quadratic = 0; lower margin = 601101928572633606043640402579591572896576321369733121741661664564304348781808026451968
begin D_48 lower row
D_48 negative linear = 0; negative quadratic = 0; lower margin = 601101928572633606043640402579591572896576321369733121741661664564304348781808026451968
begin D_47 lower row
D_47 negative linear = 0; negative quadratic = 0; lower margin = 601101928572633606043640402579591572896576321369733121741661664564304348781808026451968
begin D_46 lower row
D_46 negative linear = 0; negative quadratic = 0; lower margin = 601101928572633606043640402579591572896576321369733121741661664564304348781808026451968
begin D_45 lower row
D_45 negative linear = 0; negative quadratic = 0; lower margin = 601101928572633606043640402579591572896576321369733121741661664564304348781808026451968
begin D_44 lower row
D_44 negative linear = 0; negative quadratic = 0; lower margin = 601101928572633606043640402579591572896576321369733121741661664564304348781808026451968
begin D_43 lower row
D_43 negative linear = 0; negative quadratic = 0; lower margin = 601101928572633606043640402579591572896576321369733121741661664564304348781808026451968
begin D_42 lower row
D_42 negative linear = 0; negative quadratic = 0; lower margin = 601101928572633606043640402579591572896576321369733121741661664564304348781808026451968
begin D_41 lower row
D_41 negative linear = 0; negative quadratic = 0; lower margin = 601101928572633606043640402579591572896576321369733121741661664564304348781808026451968
begin D_40 lower row
D_40 negative linear = 0; negative quadratic = 0; lower margin = 601101928572633606043640402579591572896576321369733121741661664564304348781808026451968
begin D_39 lower row
D_39 negative linear = 0; negative quadratic = 0; lower margin = 601101928572633606043640402579591572896576321369733121741661664564304348781808026451968
begin D_38 lower row
D_38 negative linear = 0; negative quadratic = 0; lower margin = 601101928572633606043640402579591572896576321369733121741661664564304348781808026451968
begin D_37 lower row
D_37 negative linear = 0; negative quadratic = 0; lower margin = 601101928572633606043640402579591572896576321369733121741661664564304348781808026451968
begin D_36 lower row
D_36 negative linear = 0; negative quadratic = 0; lower margin = 601101928572633606043640402579591572896576321369733121741661664564304348781808026451968
begin D_35 lower row
  D_35 Delta_35 = 1
D_35 negative linear = -113914386548509535468562865823255040027223392; negative quadratic = 0; lower margin = 601101928572633606043640402579591572896576207455346573232126196001438525526767999228576
minimum lower margin = B_19: 1132174736471036936980227058107734613337009156096875190402347185155886899257024820224
