COMMAND: ./post_m29_b_unitary_square_trace_mpfr
B-unitary-square post-m29 trace certificate
mpfr_version=4.2.1 precision_bits=384
source_identity=Rains_2003_Theorem_1.5_equation_23_p2
source_concentration=CJL_2022_Lemma_2.2_m1
source_positive_tail=CJL_2022_Theorem_1.4
r=2001/1000 eta=7/20 ranks=B_124..B_217
ROW B_124 gaussian_over_tv=241.2884285337764921702787731 gaussian_over_tau=129.8752097734806303361152259 push_over_2negative=130.6932295046527423443852499 push_over_2central=126.2795089908854522554432548 ok=1
ROW B_125 gaussian_over_tv=244.2775181608096153196819216 gaussian_over_tau=134.7958314377738437073535965 push_over_2negative=135.6148604204158034922532588 push_over_2central=127.2525168238067561703543646 ok=1
ROW B_126 gaussian_over_tv=247.2746271155363162438321493 gaussian_over_tau=139.7777349008666148515084552 push_over_2negative=140.5977729095857560155155614 push_over_2central=128.2254282506147765721635534 ok=1
ROW B_127 gaussian_over_tv=250.2796915954568795446895691 gaussian_over_tau=144.8209196615791723720522013 push_over_2negative=145.6419664780564267115609472 push_over_2central=129.1982448002444363014283726 ok=1
ROW B_128 gaussian_over_tv=253.292648805339073963891427 gaussian_over_tau=149.9253852304877199882787917 push_over_2negative=150.7474406432022668334591501 push_over_2central=130.1709679655211828436652364 ok=1
ROW B_129 gaussian_over_tv=256.3134369335511888996211424 gaussian_over_tau=155.0911311295596152951884676 push_over_2negative=155.9141949335262944698869902 push_over_2central=131.1435992042899167062072661 ok=1
ROW B_130 gaussian_over_tv=259.3419951291307731201036916 gaussian_over_tau=160.3181568918025913751185748 push_over_2negative=161.1422288883213947707208673 push_over_2central=132.1161399405001158502303756 ok=1
ROW B_131 gaussian_over_tv=262.3782634795607083138114904 gaussian_over_tau=165.6064620609273775645328367 push_over_2negative=166.4315420573443760199588284 push_over_2central=133.0885915652491812933405887 ok=1
ROW B_132 gaussian_over_tv=265.42218298922555264970713 gaussian_over_tau=170.9560461910231098418058766 push_over_2negative=171.7821340005022108858683787 push_over_2central=134.0609554377859205410029424 ok=1
ROW B_133 gaussian_over_tv=268.4736955585223228069771428 gaussian_over_tau=176.3669088462449534077682897 push_over_2negative=177.1940042875499216624436351 push_over_2central=135.0332328864759836397072407 ok=1
ROW B_134 gaussian_over_tv=271.5327439636010511484015362 gaussian_over_tau=181.8390496005133902184406355 push_over_2negative=182.6671524977995960772393537 push_over_2central=136.0054252097309709235499733 ok=1
ROW B_135 gaussian_over_tv=274.5992718367115617492770881 gaussian_over_tau=187.3724680372246526267656418 push_over_2negative=188.2015782198400463905657722 push_over_2central=136.977533676902841534836205 ok=1
ROW B_136 gaussian_over_tv=277.6732236471339584889095914 gaussian_over_tau=192.9671637489718110158121965 push_over_2negative=193.7972810512666491539896463 push_over_2central=137.9495595291451671551271676 ok=1
ROW B_137 gaussian_over_tv=280.7545446826713137572593602 gaussian_over_tau=198.6231363372760484697768714 push_over_2negative=199.4542605984209262288071894 push_over_2central=138.9215039802426957309205658 ok=1
ROW B_138 gaussian_over_tv=283.8431810316839906950613677 gaussian_over_tau=204.3403854123276792330831419 push_over_2negative=205.1725164761394495775213872 push_over_2central=139.8933682174106149888974568 ok=1
ROW B_139 gaussian_over_tv=286.9390795656459282341220366 gaussian_over_tau=210.118910592736490046570618 push_over_2negative=210.9520483075116730169550475 push_over_2central=140.8651534020648349043710875 ok=1
ROW B_140 gaussian_over_tv=290.0421879222040693057182116 gaussian_over_tau=215.9587115052910045110100866 push_over_2negative=216.7928557236463136382268708 push_over_2central=141.8368606705645417302203825 ok=1
ROW B_141 gaussian_over_tv=293.152454488722921030780103 gaussian_over_tau=221.8597877847262904935746429 push_over_2negative=222.694938363445924028796261 push_over_2central=142.8084911349282134494597826 ok=1
ROW B_142 gaussian_over_tv=296.2698283862970039216998914 gaussian_over_tau=227.8221390734999493382916412 push_over_2negative=228.6582958733893138425548493 push_over_2central=143.7800458835242273386598269 ok=1
ROW B_143 gaussian_over_tv=299.394259454214677383928128 gaussian_over_tau=233.845765021575943337435603 push_over_2negative=234.6829279073214957183181952 push_over_2central=144.7515259817371344949034803 ok=1
ROW B_144 gaussian_over_tv=302.5256982348575232344464525 gaussian_over_tau=239.9306652862159346329373342 push_over_2negative=240.7688341262508461035995702 push_over_2central=145.7229324726106234749668287 ok=1
ROW B_145 gaussian_over_tv=305.6640959590201295488467495 gaussian_over_tau=246.0768395317778245062880023 push_over_2negative=246.9160141981531862538338492 push_over_2central=146.6942663774681454257654755 ok=1
ROW B_146 gaussian_over_tv=308.8094045316357457800936783 gaussian_over_tau=252.2842874295211969390289681 push_over_2negative=253.1244677977825025982126589 push_over_2central=147.6655286965121260671982471 ok=1
ROW B_147 gaussian_over_tv=311.961576517893878515491105 gaussian_over_tau=258.55300865741938443678405 push_over_2negative=259.3941946064880388395526187 push_over_2central=148.6367204094026454522823193 ok=1
ROW B_148 gaussian_over_tv=315.1205651297364671015882451 gaussian_over_tau=264.8830028999778874573692335 push_over_2negative=265.7251943120375046315641545 push_over_2central=149.6078424758164244164473094 ok=1
ROW B_149 gaussian_over_tv=318.2863242127198212170011389 gaussian_over_tau=271.2742698480588914139425563 push_over_2negative=272.1174666084461574940195953 push_over_2central=150.5788958359869168903175607 ok=1
ROW B_150 gaussian_over_tv=321.4588082332300197639751227 gaussian_over_tau=277.7268091987116371804929835 push_over_2negative=278.571011195811525823428681 push_over_2central=151.5498814112262696504822232 ok=1
ROW B_151 gaussian_over_tv=324.6379722660399635471511695 gaussian_over_tau=284.240620655008412349416964 push_over_2negative=285.0858277801535514701944081 push_over_2central=152.5208001044298754920638146 ok=1
ROW B_152 gaussian_over_tv=327.8237719821967443969930055 gaussian_over_tau=290.815703925885941217053549 push_over_2negative=291.6619160732599404167819232 push_over_2central=153.491652800564212105318032 ok=1
ROW B_153 gaussian_over_tv=331.0161636372284418840258943 gaussian_over_tau=297.4520587259919616379454862 push_over_2negative=298.2992757925365196369541293 push_over_2central=154.4624403671386270139194211 ok=1
ROW B_154 gaussian_over_tv=334.2151040596598866955414691 gaussian_over_tau=304.1496847755367865250857237 push_over_2negative=304.997906660862407273354382 push_over_2central=155.4331636546616986802451613 ok=1
ROW B_155 gaussian_over_tv=337.4205506398273381792476211 gaussian_over_tau=310.9085818001496569121984751 push_over_2negative=311.7578084064498118675123182 push_over_2central=156.4038234970827752049196369 ok=1
ROW B_156 gaussian_over_tv=340.6324613189824135067077882 gaussian_over_tau=317.7287495307397021639242339 push_over_2negative=318.5789807627082845388251122 push_over_2central=157.3744207122192648525179701 ok=1
ROW B_157 gaussian_over_tv=343.8507945786759783232491927 gaussian_over_tau=324.6101877033613311475303444 push_over_2negative=325.4614234681132557617034192 push_over_2central=158.3449561021702268369268715 ok=1
ROW B_158 gaussian_over_tv=347.0755094304130645256840564 gaussian_over_tau=331.5528960590838859906506812 push_over_2negative=332.4051362660786957558287388 push_over_2central=159.3154304537167863181792355 ok=1
ROW B_159 gaussian_over_tv=350.3065654055702207889323013 gaussian_over_tau=338.5568743438653974671815698 push_over_2negative=339.4101189048337445048893905 push_over_2central=160.2858445387098743224594824 ok=1
ROW B_160 gaussian_over_tv=353.5439225455670264438218986 gaussian_over_tau=345.6221223084302880999615223 push_over_2negative=346.4763711373031640744663129 push_over_2central=161.256199114445771228002532 ok=1
ROW B_161 gaussian_over_tv=356.7875413922838100424486923 gaussian_over_tau=352.7486397081508757649991302 push_over_2negative=353.6038927209914722289146479 push_over_2central=162.2264949240299114957748094 ok=1
ROW B_162 gaussian_over_tv=360.0373829787179111438815716 gaussian_over_tau=359.9364263029325369472637325 push_over_2negative=360.7926834178706223679684095 push_over_2central=163.1967326967293874032344523 ok=1
ROW B_163 gaussian_over_tv=363.2934088198711081815909422 gaussian_over_tau=367.1854818571023948506987875 push_over_2negative=368.042742994271100533144157 push_over_2central=164.16691314831457060405303 ok=1
ROW B_164 gaussian_over_tv=366.5555809038611073675852411 gaussian_over_tau=374.4958061393014033223242701 push_over_2negative=375.3540712207763156875917601 push_over_2central=165.1370369813902523319461193 ok=1
ROW B_165 gaussian_over_tv=369.8238616832502480448899068 gaussian_over_tau=381.8673989223797030281869556 push_over_2negative=382.7266678721201646656535763 push_over_2central=166.1071048857166859415388185 ok=1
ROW B_166 gaussian_over_tv=373.098214066584829285038742 gaussian_over_tau=389.3002599832951315326491719 push_over_2negative=390.1605327270876581339874627 push_over_2central=167.0771175385208991854262308 ok=1
ROW B_167 gaussian_over_tv=376.3786014101387013752996599 gaussian_over_tau=396.7943891030147738963226188 push_over_2negative=397.6556655684184986178028504 push_over_2central=168.047075604798628119120873 ok=1
ROW B_168 gaussian_over_tv=379.664987509854994657186507 gaussian_over_tau=404.3497860664194451352508218 push_over_2negative=405.2120661827135061359032502 push_over_2central=169.016979737607209761961312 ok=1
ROW B_169 gaussian_over_tv=382.9573365934800774420293979 gaussian_over_tau=411.9664506622110003873251875 push_over_2negative=412.8297343603437912684545863 push_over_2central=169.9868305783497565823733654 ok=1
ROW B_170 gaussian_over_tv=386.2556133128840448940629729 gaussian_over_tau=419.6443826828223729232470761 push_over_2negative=420.5086698953625795626647898 push_over_2central=170.9566287570509224825778424 ok=1
ROW B_171 gaussian_over_tv=389.5597827365622422656873763 gaussian_over_tau=427.3835819243302442297893645 push_over_2negative=428.248872585419595074193461 push_over_2central=171.9263748926245571955910904 ok=1
ROW B_172 gaussian_over_tv=392.8698103423125190996779043 gaussian_over_tau=435.1840481863702542931835106 push_over_2negative=436.0503422316779145558472195 push_over_2central=172.896069593133533842901073 ok=1
ROW B_173 gaussian_over_tv=396.1856620100830963642766147 gaussian_over_tau=443.0457812720546639300716843 push_over_2negative=443.9130786387332073491385046 push_over_2central=173.8657134560420228031945576 ok=1
ROW B_174 gaussian_over_tv=399.5073040149861063243302562 gaussian_over_tau=450.968780987892384561957796 push_over_2negative=451.8370816145352794172551383 push_over_2central=174.8353070684604739814467457 ok=1
ROW B_175 gaussian_over_tv=402.8347030204720356210640692 gaussian_over_tau=458.9530471437112942152718884 push_over_2negative=459.8223509703118431880793487 push_over_2central=175.8048510073835590157491199 ok=1
ROW B_176 gaussian_over_tv=406.1678260716604658629866642 gaussian_over_tau=466.9985795525827617613344238 push_over_2negative=467.8688865204944379608249233 push_over_2central=176.7743458399213148902224783 ok=1
ROW B_177 gaussian_over_tv=409.5066405888226633322747696 gaussian_over_tau=475.1053780307483044965060492 push_over_2negative=475.9766880826464285769167606 push_over_2central=177.7437921235237208115106638 ok=1
ROW B_178 gaussian_over_tv=412.8511143610117204803887546 gaussian_over_tau=483.2734423975483071100295694 push_over_2negative=484.1457554773930128718018025 push_over_2central=178.7131904061989310303465512 ok=1
ROW B_179 gaussian_over_tv=416.2012155398360970042472573 gaussian_over_tau=491.5027724753527329024958229 push_over_2negative=492.3760885283531711159584824 push_over_2central=179.6825412267253775265085196 ok=1
ROW B_180 gaussian_over_tv=419.5569126333725477265330514 gaussian_over_tau=499.7933680894937608080875776 push_over_2negative=500.6676870620734932266113941 push_over_2central=180.6518451148579481043580638 ok=1
ROW B_181 gaussian_over_tv=422.9181745002145585037545287 gaussian_over_tau=508.1452290682002843450045624 push_over_2negative=509.0205509079638219923718405 push_over_2central=181.6211025915284374474391813 ok=1
ROW B_182 gaussian_over_tv=426.2849703436525401940798578 gaussian_over_tau=516.558355242534211076635011 push_over_2negative=517.4346798982346529067111278 push_over_2central=182.5903141690404610357856768 ok=1
ROW B_183 gaussian_over_tv=429.657269705982154562309978 gaussian_over_tau=525.0327464463285035166794301 push_over_2negative=525.9100738678362334580333991 push_over_2central=183.5594803512590145211019709 ok=1
ROW B_184 gaussian_over_tv=433.0350424629372650990144413 gaussian_over_tau=533.5684025161269046598129114 push_over_2negative=534.4467326543993068790709332 push_over_2central=184.5286016337948541662937461 ok=1
ROW B_185 gaussian_over_tv=436.4182588182441202915226603 gaussian_over_tau=542.1653232911252934705708109 push_over_2negative=543.0446560981774474210370565 push_over_2central=185.4976785041838672712657105 ok=1
ROW B_186 gaussian_over_tv=439.8068892982934871027706057 gaussian_over_tau=550.8235086131146177216688383 push_over_2negative=551.7038440419909361928526772 push_over_2central=186.4667114420615951116616473 ok=1
ROW B_187 gaussian_over_tv=443.2009047469275584770465791 gaussian_over_tau=559.5429583264253535433803851 push_over_2negative=560.4242963311721284969915633 push_over_2central=187.4357009193330647972810674 ok=1
ROW B_188 gaussian_over_tv=446.600276320338560777535966 gaussian_over_tau=568.3236722778734429321118534 push_over_2negative=569.2060128135122654050268932 push_over_2central=188.4046474003380805990021248 ok=1
ROW B_189 gaussian_over_tv=450.0049754820760853387706102 gaussian_over_tau=577.1656503167076622729379785 push_over_2negative=578.0489933392096840515604652 push_over_2central=189.3735513420121196846135169 ok=1
ROW B_190 gaussian_over_tv=453.4149739981602629490931479 gaussian_over_tau=586.0688922945583766613703304 push_over_2negative=586.9532377608193827884342548 push_over_2central=190.3424131940429718331158136 ok=1
ROW B_191 gaussian_over_tv=456.8302439322979912178389628 gaussian_over_tau=595.0333980653876364676216248 push_over_2negative=595.9187459332038989353357696 push_over_2central=191.3112333990232575525287997 ok=1
ROW B_192 gaussian_over_tv=460.2507576411995125756479806 gaussian_over_tau=604.0591674854405741754974808 push_over_2negative=604.9455177134854583913142134 push_over_2central=192.2800123925989540973603815 ok=1
ROW B_193 gaussian_over_tv=463.6764877699927252437945604 gaussian_over_tau=613.1462004131980610510208052 push_over_2negative=614.0335529609993578373603472 push_over_2central=193.2487506036140541585355931 ok=1
ROW B_194 gaussian_over_tv=467.1074072477326910227923119 gaussian_over_tau=622.2944967093305846560307121 push_over_2negative=623.1828515372485416659509229 push_over_2central=194.2174484542514774711573971 ok=1
ROW B_195 gaussian_over_tv=470.5434892830038823187313725 gaussian_over_tau=631.5040562366533096221995137 push_over_2negative=632.3934133058593371220544029 push_over_2central=195.18610636017035124487563 ok=1
ROW B_196 gaussian_over_tv=473.9847073596127865689095301 gaussian_over_tau=640.774878860082285443931434 push_over_2negative=641.6652381325383124341361018 push_over_2central=196.154724730639771159245131 ok=1
ROW B_197 gaussian_over_tv=477.431035232368559261827861 gaussian_over_tau=650.106964446591766337059035 push_over_2negative=650.9983258850302239556552672 push_over_2central=197.1233039686691506740682453 ok=1
ROW B_198 gaussian_over_tv=480.8824469229494871807530312 gaussian_over_tau=659.5003128651726094466195698 push_over_2negative=660.3926764330770195297580906 push_over_2central=198.0918444711352625745662486 ok=1
ROW B_199 gaussian_over_tv=484.3389167158530914400006609 gaussian_over_tau=668.9549239867917188736304712 push_over_2negative=669.8482896483778664345668595 push_over_2central=199.0603466289060729959276264 ok=1
ROW B_200 gaussian_over_tv=487.8004191544277654293002007 gaussian_over_tau=678.4707976843525041299299403 push_over_2negative=679.3651654045501733657638947 push_over_2central=200.0288108269614646443287526 ok=1
ROW B_201 gaussian_over_tv=491.2669290369839060299677389 gaussian_over_tau=688.0479338326563227239326403 push_over_2negative=688.9433035770915769690828389 push_over_2central=200.9972374445109425452554298 ok=1
ROW B_202 gaussian_over_tv=494.7384214129825575087438411 gaussian_over_tau=697.6863323083648776305939877 push_over_2negative=698.5827040433428644497639254 push_over_2central=201.9656268551084123985447377 ok=1
ROW B_203 gaussian_over_tv=498.2148715792996464185657156 gaussian_over_tau=707.3859929899635414079019552 push_over_2negative=708.2833666824518047608254036 push_over_2central=202.9339794267641184970020113 ok=1
ROW B_204 gaussian_over_tv=501.6962550765639427238671382 gaussian_over_tau=717.1469157577255796916508548 push_over_2negative=718.0452913753378618088833191 push_over_2central=203.9022955220538251660104518 ok=1
ROW B_205 gaussian_over_tv=505.1825476855669373011706226 gaussian_over_tau=726.9691004936772477318362467 push_over_2negative=727.8684780046577640168656558 push_over_2central=204.8705754982253227998042976 ok=1
ROW B_206 gaussian_over_tv=508.6737254237428790201742737 gaussian_over_tau=736.8525470815637345293984129 push_over_2negative=737.7529264547719054488845327 push_over_2central=205.8388197073023368008496017 ok=1
ROW B_207 gaussian_over_tv=512.1697645417172658593165775 gaussian_over_tau=746.7972554068159299928083222 push_over_2negative=747.6986366117115545352466943 push_over_2central=206.8070284961859150671496772 ok=1
ROW B_208 gaussian_over_tv=515.6706415199221340228197562 gaussian_over_tau=756.8032253565179913616334762 push_over_2negative=757.7056083631468472365217752 push_over_2central=207.7752022067533671135833291 ok=1
ROW B_209 gaussian_over_tv=519.1763330652765368703309676 gaussian_over_tau=766.8704568193756859401685544 push_over_2negative=767.7738415983555422561061475 push_over_2central=208.7433411759548254531365283 ok=1
ROW B_210 gaussian_over_tv=522.6868161079306517094813851 gaussian_over_tau=776.9989496856854879498264161 push_over_2negative=777.9033362081925166521099857 push_over_2central=209.7114457359074974978591027 ok=1
ROW B_211 gaussian_over_tv=526.2020677980719971972006161 gaussian_over_tau=787.1887038473044080455534248 push_over_2negative=788.0940920850599809128882784 push_over_2central=210.6795162139876739635264532 ok=1
ROW B_212 gaussian_over_tv=529.7220655027922873060765701 gaussian_over_tau=797.439719197620534750292741 push_over_2negative=798.3461091228783932473071003 push_over_2central=211.6475529329205575724630932 ok=1
ROW B_213 gaussian_over_tv=533.2467868030134895935650143 gaussian_over_tau=807.7519956315242677436458042 push_over_2negative=808.6593872170580535020041296 push_over_2central=212.6155562108679737421225157 ok=1
ROW B_214 gaussian_over_tv=536.7762094904716959181796905 gaussian_over_tau=818.1255330453802235974962912 push_over_2negative=819.0339262644713577545349557 push_over_2central=213.5835263615140229193214325 ok=1
ROW B_215 gaussian_over_tv=540.3103115647574528294200559 gaussian_over_tau=828.5603313369997951835309142 push_over_2negative=829.4697261634256952444127348 push_over_2central=214.5514636941487322681641702 ok=1
ROW B_216 gaussian_over_tv=543.8490712304112366664479383 gaussian_over_tau=839.0563904056143465863364675 push_over_2negative=839.9667868136369698946200798 push_over_2central=215.5193685137497625404884279 ok=1
ROW B_217 gaussian_over_tv=547.3924668940727949816766909 gaussian_over_tau=849.6137101518490259420445864 push_over_2negative=850.5251081162037292451261928 push_over_2central=216.4872411210622241480873657 ok=1
MINIMUM gaussian_over_tv B_124 value=241.2884285337764921702787731
MINIMUM gaussian_over_tau B_124 value=129.8752097734806303361152259
MINIMUM push_over_2negative B_124 value=130.6932295046527423443852499
MINIMUM push_over_2central B_124 value=126.2795089908854522554432548
SUMMARY rows_checked=94 failures=0
__EXIT_STATUS=0
