SU2_V2_PRESBURGER_CHAMBER categories=1,1,1 result=empty
SU2_V2_PRESBURGER_CHAMBER categories=1,1,2 result=unsat uniform_choice=q0
SU2_V2_PRESBURGER_CHAMBER categories=1,1,3 result=unsat uniform_choice=q0
SU2_V2_PRESBURGER_CHAMBER categories=1,1,4 result=empty
SU2_V2_PRESBURGER_CHAMBER categories=1,1,5 result=unsat uniform_choice=q0
SU2_V2_PRESBURGER_CHAMBER categories=1,1,6 result=unsat uniform_choice=q0
SU2_V2_PRESBURGER_CHAMBER categories=1,1,7 result=empty
SU2_V2_PRESBURGER_CHAMBER categories=1,2,2 result=unsat uniform_choice=q0
SU2_V2_PRESBURGER_CHAMBER categories=1,2,3 result=unsat uniform_choice=q0
SU2_V2_PRESBURGER_CHAMBER categories=1,2,4 result=unsat uniform_choice=q0
SU2_V2_PRESBURGER_CHAMBER categories=1,2,5 result=unsat uniform_choice=q0
SU2_V2_PRESBURGER_CHAMBER categories=1,2,6 result=unsat uniform_choice=r0
SU2_V2_PRESBURGER_CHAMBER categories=1,2,7 result=unsat uniform_choice=q0
SU2_V2_PRESBURGER_CHAMBER categories=1,3,3 result=unsat uniform_choice=q0
SU2_V2_PRESBURGER_CHAMBER categories=1,3,4 result=unsat uniform_choice=q0
SU2_V2_PRESBURGER_CHAMBER categories=1,3,5 result=unsat uniform_choice=q0
SU2_V2_PRESBURGER_CHAMBER categories=1,3,6 result=unsat uniform_choice=q0
SU2_V2_PRESBURGER_CHAMBER categories=1,3,7 result=unsat uniform_choice=q0
SU2_V2_PRESBURGER_CHAMBER categories=1,4,4 result=empty
SU2_V2_PRESBURGER_CHAMBER categories=1,4,5 result=unsat uniform_choice=q0
SU2_V2_PRESBURGER_CHAMBER categories=1,4,6 result=unsat uniform_choice=q0
SU2_V2_PRESBURGER_CHAMBER categories=1,4,7 result=empty
SU2_V2_PRESBURGER_CHAMBER categories=1,5,5 result=unsat uniform_choice=q0
SU2_V2_PRESBURGER_CHAMBER categories=1,5,6 result=unsat uniform_choice=q0
SU2_V2_PRESBURGER_CHAMBER categories=1,5,7 result=unsat uniform_choice=q0
SU2_V2_PRESBURGER_CHAMBER categories=1,6,6 result=unsat uniform_choice=q0
SU2_V2_PRESBURGER_CHAMBER categories=1,6,7 result=unsat uniform_choice=q0
SU2_V2_PRESBURGER_CHAMBER categories=1,7,7 result=empty
SU2_V2_PRESBURGER_CHAMBER categories=2,2,2 result=unsat uniform_choice=q1
SU2_V2_PRESBURGER_CHAMBER categories=2,2,3 result=unsat uniform_choice=q0
SU2_V2_PRESBURGER_CHAMBER categories=2,2,4 result=unsat uniform_choice=q0
SU2_V2_PRESBURGER_CHAMBER categories=2,2,5 result=unsat uniform_choice=q2
SU2_V2_PRESBURGER_CHAMBER categories=2,2,6 result=unsat uniform_choice=q2
SU2_V2_PRESBURGER_CHAMBER categories=2,2,7 result=unsat uniform_choice=q1
SU2_V2_PRESBURGER_CHAMBER categories=2,3,3 result=unsat uniform_choice=q0
SU2_V2_PRESBURGER_CHAMBER categories=2,3,4 result=unsat uniform_choice=q0
SU2_V2_PRESBURGER_CHAMBER categories=2,3,5 result=unsat uniform_choice=q0
SU2_V2_PRESBURGER_CHAMBER categories=2,3,6 result=unsat uniform_choice=q0
SU2_V2_PRESBURGER_CHAMBER categories=2,3,7 result=unsat uniform_choice=q0
SU2_V2_PRESBURGER_CHAMBER categories=2,4,4 result=unsat uniform_choice=q0
SU2_V2_PRESBURGER_CHAMBER categories=2,4,5 result=unsat uniform_choice=q0
SU2_V2_PRESBURGER_CHAMBER categories=2,4,6 result=unsat uniform_choice=q0
SU2_V2_PRESBURGER_CHAMBER categories=2,4,7 result=unsat uniform_choice=q0
SU2_V2_PRESBURGER_CHAMBER categories=2,5,5 result=unsat uniform_choice=q0
SU2_V2_PRESBURGER_CHAMBER categories=2,5,6 result=unsat uniform_choice=q0
SU2_V2_PRESBURGER_CHAMBER categories=2,5,7 result=unsat uniform_choice=q0
SU2_V2_PRESBURGER_CHAMBER categories=2,6,6 result=unsat uniform_choice=q0
SU2_V2_PRESBURGER_CHAMBER categories=2,6,7 result=unsat uniform_choice=q0
SU2_V2_PRESBURGER_CHAMBER categories=2,7,7 result=unsat uniform_choice=q0
SU2_V2_PRESBURGER_CHAMBER categories=3,3,3 result=unsat uniform_choice=q1
SU2_V2_PRESBURGER_CHAMBER categories=3,3,4 result=unsat uniform_choice=q0
SU2_V2_PRESBURGER_CHAMBER categories=3,3,5 result=unsat uniform_choice=q2
SU2_V2_PRESBURGER_CHAMBER categories=3,3,6 result=unsat uniform_choice=q2
SU2_V2_PRESBURGER_CHAMBER categories=3,3,7 result=unsat uniform_choice=q1
SU2_V2_PRESBURGER_CHAMBER categories=3,4,4 result=unsat uniform_choice=q0
SU2_V2_PRESBURGER_CHAMBER categories=3,4,5 result=unsat uniform_choice=q0
SU2_V2_PRESBURGER_CHAMBER categories=3,4,6 result=unsat uniform_choice=q0
SU2_V2_PRESBURGER_CHAMBER categories=3,4,7 result=unsat uniform_choice=q0
SU2_V2_PRESBURGER_CHAMBER categories=3,5,5 result=unsat uniform_choice=q0
SU2_V2_PRESBURGER_CHAMBER categories=3,5,6 result=unsat uniform_choice=q0
SU2_V2_PRESBURGER_CHAMBER categories=3,5,7 result=unsat uniform_choice=q0
SU2_V2_PRESBURGER_CHAMBER categories=3,6,6 result=unsat uniform_choice=q0
SU2_V2_PRESBURGER_CHAMBER categories=3,6,7 result=unsat uniform_choice=q0
SU2_V2_PRESBURGER_CHAMBER categories=3,7,7 result=unsat uniform_choice=q0
SU2_V2_PRESBURGER_CHAMBER categories=4,4,4 result=empty
SU2_V2_PRESBURGER_CHAMBER categories=4,4,5 result=unsat uniform_choice=q0
SU2_V2_PRESBURGER_CHAMBER categories=4,4,6 result=unsat uniform_choice=q0
SU2_V2_PRESBURGER_CHAMBER categories=4,4,7 result=empty
SU2_V2_PRESBURGER_CHAMBER categories=4,5,5 result=unsat uniform_choice=q0
SU2_V2_PRESBURGER_CHAMBER categories=4,5,6 result=unsat uniform_choice=q0
SU2_V2_PRESBURGER_CHAMBER categories=4,5,7 result=unsat uniform_choice=q0
SU2_V2_PRESBURGER_CHAMBER categories=4,6,6 result=unsat uniform_choice=q0
SU2_V2_PRESBURGER_CHAMBER categories=4,6,7 result=unsat uniform_choice=q0
SU2_V2_PRESBURGER_CHAMBER categories=4,7,7 result=empty
SU2_V2_PRESBURGER_CHAMBER categories=5,5,5 result=unsat uniform_choice=r1
SU2_V2_PRESBURGER_CHAMBER categories=5,5,6 result=unsat uniform_choice=q0
SU2_V2_PRESBURGER_CHAMBER categories=5,5,7 result=unsat uniform_choice=q0
SU2_V2_PRESBURGER_CHAMBER categories=5,6,6 result=unsat uniform_choice=q0
SU2_V2_PRESBURGER_CHAMBER categories=5,6,7 result=unsat uniform_choice=q0
SU2_V2_PRESBURGER_CHAMBER categories=5,7,7 result=unsat uniform_choice=q0
SU2_V2_PRESBURGER_CHAMBER categories=6,6,6 result=unsat uniform_choice=r1
SU2_V2_PRESBURGER_CHAMBER categories=6,6,7 result=unsat uniform_choice=q0
SU2_V2_PRESBURGER_CHAMBER categories=6,7,7 result=unsat uniform_choice=q0
SU2_V2_PRESBURGER_CHAMBER categories=7,7,7 result=empty
SU2_V2_PRESBURGER_FULL mode=--full-separated-chambers chambers=84 result=unsat
elapsed=700.45 maxrss_kib=54408
