SU2_V2_PRESBURGER_CHAMBER categories=1,1,1 result=unsat uniform_choice=q1
SU2_V2_PRESBURGER_CHAMBER categories=1,1,2 result=unsat uniform_choice=q2
SU2_V2_PRESBURGER_CHAMBER categories=1,1,3 result=unsat uniform_choice=r0
SU2_V2_PRESBURGER_CHAMBER categories=1,1,4 result=unsat uniform_choice=q1
SU2_V2_PRESBURGER_CHAMBER categories=1,2,2 result=unsat uniform_choice=q0
SU2_V2_PRESBURGER_CHAMBER categories=1,2,3 result=unsat uniform_choice=q0
SU2_V2_PRESBURGER_CHAMBER categories=1,2,4 result=unsat uniform_choice=q0
SU2_V2_PRESBURGER_CHAMBER categories=1,3,3 result=unsat uniform_choice=q0
SU2_V2_PRESBURGER_CHAMBER categories=1,3,4 result=unsat uniform_choice=q0
SU2_V2_PRESBURGER_CHAMBER categories=1,4,4 result=unsat uniform_choice=q0
SU2_V2_PRESBURGER_CHAMBER categories=2,2,2 result=unsat uniform_choice=q0
SU2_V2_PRESBURGER_CHAMBER categories=2,2,3 result=unsat uniform_choice=q0
SU2_V2_PRESBURGER_CHAMBER categories=2,2,4 result=unsat uniform_choice=q0
SU2_V2_PRESBURGER_CHAMBER categories=2,3,3 result=unsat uniform_choice=q0
SU2_V2_PRESBURGER_CHAMBER categories=2,3,4 result=unsat uniform_choice=q0
SU2_V2_PRESBURGER_CHAMBER categories=2,4,4 result=unsat uniform_choice=q0
SU2_V2_PRESBURGER_CHAMBER categories=3,3,3 result=unsat uniform_choice=q0
SU2_V2_PRESBURGER_CHAMBER categories=3,3,4 result=unsat uniform_choice=q0
SU2_V2_PRESBURGER_CHAMBER categories=3,4,4 result=unsat uniform_choice=q0
SU2_V2_PRESBURGER_CHAMBER categories=4,4,4 result=empty
SU2_V2_PRESBURGER_FULL mode=--full-q3-r5-chambers chambers=20 result=unsat
elapsed=272.87 maxrss_kib=85528
