SU2_V2_PRESBURGER_CHAMBER categories=1,1,1 result=empty
SU2_V2_PRESBURGER_CHAMBER categories=1,1,2 result=unsat uniform_choice=q0
SU2_V2_PRESBURGER_CHAMBER categories=1,1,3 result=unsat uniform_choice=q0
SU2_V2_PRESBURGER_CHAMBER categories=1,1,4 result=unsat uniform_choice=q0
SU2_V2_PRESBURGER_CHAMBER categories=1,1,5 result=empty
SU2_V2_PRESBURGER_CHAMBER categories=1,2,2 result=unsat uniform_choice=q0
SU2_V2_PRESBURGER_CHAMBER categories=1,2,3 result=unsat uniform_choice=q0
SU2_V2_PRESBURGER_CHAMBER categories=1,2,4 result=unsat uniform_choice=r0
SU2_V2_PRESBURGER_CHAMBER categories=1,2,5 result=unsat uniform_choice=q0
SU2_V2_PRESBURGER_CHAMBER categories=1,3,3 result=excluded-adjacent-two-neighbor
SU2_V2_PRESBURGER_CHAMBER categories=1,3,4 result=unsat uniform_choice=q0
SU2_V2_PRESBURGER_CHAMBER categories=1,3,5 result=unsat uniform_choice=q0
SU2_V2_PRESBURGER_CHAMBER categories=1,4,4 result=unsat uniform_choice=q0
SU2_V2_PRESBURGER_CHAMBER categories=1,4,5 result=unsat uniform_choice=q0
SU2_V2_PRESBURGER_CHAMBER categories=1,5,5 result=empty
SU2_V2_PRESBURGER_CHAMBER categories=2,2,2 result=unsat uniform_choice=q1
SU2_V2_PRESBURGER_CHAMBER categories=2,2,3 result=unsat uniform_choice=q2
SU2_V2_PRESBURGER_CHAMBER categories=2,2,4 result=unsat uniform_choice=q2
SU2_V2_PRESBURGER_CHAMBER categories=2,2,5 result=unsat uniform_choice=q1
SU2_V2_PRESBURGER_CHAMBER categories=2,3,3 result=excluded-adjacent-two-neighbor
SU2_V2_PRESBURGER_CHAMBER categories=2,3,4 result=unsat uniform_choice=q0
SU2_V2_PRESBURGER_CHAMBER categories=2,3,5 result=unsat uniform_choice=q0
SU2_V2_PRESBURGER_CHAMBER categories=2,4,4 result=unsat uniform_choice=q0
SU2_V2_PRESBURGER_CHAMBER categories=2,4,5 result=unsat uniform_choice=q0
SU2_V2_PRESBURGER_CHAMBER categories=2,5,5 result=unsat uniform_choice=q0
SU2_V2_PRESBURGER_CHAMBER categories=3,3,3 result=excluded-adjacent-two-neighbor
SU2_V2_PRESBURGER_CHAMBER categories=3,3,4 result=excluded-adjacent-two-neighbor
SU2_V2_PRESBURGER_CHAMBER categories=3,3,5 result=excluded-adjacent-two-neighbor
SU2_V2_PRESBURGER_CHAMBER categories=3,4,4 result=unsat uniform_choice=q0
SU2_V2_PRESBURGER_CHAMBER categories=3,4,5 result=unsat uniform_choice=q0
SU2_V2_PRESBURGER_CHAMBER categories=3,5,5 result=unsat uniform_choice=q0
SU2_V2_PRESBURGER_CHAMBER categories=4,4,4 result=unsat uniform_choice=r1
SU2_V2_PRESBURGER_CHAMBER categories=4,4,5 result=unsat uniform_choice=q0
SU2_V2_PRESBURGER_CHAMBER categories=4,5,5 result=unsat uniform_choice=q0
SU2_V2_PRESBURGER_CHAMBER categories=5,5,5 result=empty
SU2_V2_PRESBURGER_FULL mode=--full-adjacent-chambers chambers=35 result=unsat
elapsed=645.43 maxrss_kib=98952
