full-Q3 exact finite residual certificate B_18..B_21 and D_31..D_70
stable_moments_regenerated=72
FULL_Q3_RESIDUAL family=B moment_tasks=8 parallel_threads=16
FULL_Q3_RESIDUAL family=B completed_task=1/8 moment=38
FULL_Q3_RESIDUAL family=B completed_task=2/8 moment=39
FULL_Q3_RESIDUAL family=B completed_task=3/8 moment=40
FULL_Q3_RESIDUAL family=B completed_task=4/8 moment=41
FULL_Q3_RESIDUAL family=B completed_task=5/8 moment=42
FULL_Q3_RESIDUAL family=B completed_task=6/8 moment=43
FULL_Q3_RESIDUAL family=B completed_task=7/8 moment=44
FULL_Q3_RESIDUAL family=B completed_task=8/8 moment=45
B_18 m_38 correction=-2042162142208813 moment=37163028392637978591540031294451343353122035
B_18 m_39 correction=-1751060563659019945 moment=1430766394626124941747614907035829607048980663
B_18 m_40 correction=-814262937309038775714 moment=56514900379404445074668149590767440793338521342
B_19 m_40 correction=-17047255430494497 moment=56514900379404445074668150405013330846946802559
B_18 m_41 correction=-272449050215084058121644 moment=2288839508814965177355229115692375581552995723476
B_19 m_41 correction=-16285735939376438620 moment=2288839508814965177355229388125140060697677406500
B_18 m_42 correction=-73485189010958919570486624 moment=94986302333375732067392681370010442265416545844032
B_19 m_42 correction=-8402455962294670172241 moment=94986302333375732067392754846796997262041446158415
B_20 m_42 correction=-142816973618414817 moment=94986302333375732067392754855199310407362497915839
B_18 m_43 correction=-16981037449037328200370198516 moment=4036896628145342057070109079684136726006525924418860
B_19 m_43 correction=-3107929003489299924142341 moment=4036896628145342057070126057613656759845426370475035
B_20 m_43 correction=-151176515363784012501 moment=4036896628145342057070126060721434586819362510604875
B_18 m_44 correction=-3490805714772690345133113397704 moment=175604143934124951377758046126595284127331290935224312
B_18 m_45 correction=-654773257088848818512195525855010 moment=7814348742732519468596184852343284741995756453527877662
FULL_Q3_RESIDUAL family=D moment_tasks=41 parallel_threads=16
FULL_Q3_RESIDUAL family=D completed_task=1/41 moment=31
FULL_Q3_RESIDUAL family=D completed_task=2/41 moment=32
FULL_Q3_RESIDUAL family=D completed_task=3/41 moment=33
FULL_Q3_RESIDUAL family=D completed_task=4/41 moment=34
FULL_Q3_RESIDUAL family=D completed_task=5/41 moment=35
FULL_Q3_RESIDUAL family=D completed_task=6/41 moment=36
FULL_Q3_RESIDUAL family=D completed_task=7/41 moment=37
FULL_Q3_RESIDUAL family=D completed_task=8/41 moment=38
FULL_Q3_RESIDUAL family=D completed_task=9/41 moment=39
FULL_Q3_RESIDUAL family=D completed_task=10/41 moment=40
FULL_Q3_RESIDUAL family=D completed_task=11/41 moment=41
FULL_Q3_RESIDUAL family=D completed_task=12/41 moment=42
FULL_Q3_RESIDUAL family=D completed_task=13/41 moment=43
FULL_Q3_RESIDUAL family=D completed_task=14/41 moment=44
FULL_Q3_RESIDUAL family=D completed_task=15/41 moment=56
FULL_Q3_RESIDUAL family=D completed_task=16/41 moment=60
FULL_Q3_RESIDUAL family=D completed_task=17/41 moment=58
FULL_Q3_RESIDUAL family=D completed_task=18/41 moment=62
FULL_Q3_RESIDUAL family=D completed_task=19/41 moment=45
FULL_Q3_RESIDUAL family=D completed_task=20/41 moment=64
FULL_Q3_RESIDUAL family=D completed_task=21/41 moment=65
FULL_Q3_RESIDUAL family=D completed_task=22/41 moment=66
FULL_Q3_RESIDUAL family=D completed_task=23/41 moment=68
FULL_Q3_RESIDUAL family=D completed_task=24/41 moment=63
FULL_Q3_RESIDUAL family=D completed_task=25/41 moment=70
FULL_Q3_RESIDUAL family=D completed_task=26/41 moment=71
FULL_Q3_RESIDUAL family=D completed_task=27/41 moment=69
FULL_Q3_RESIDUAL family=D completed_task=28/41 moment=67
FULL_Q3_RESIDUAL family=D completed_task=29/41 moment=54
FULL_Q3_RESIDUAL family=D completed_task=30/41 moment=61
FULL_Q3_RESIDUAL family=D completed_task=31/41 moment=46
FULL_Q3_RESIDUAL family=D completed_task=32/41 moment=57
FULL_Q3_RESIDUAL family=D completed_task=33/41 moment=59
FULL_Q3_RESIDUAL family=D completed_task=34/41 moment=50
FULL_Q3_RESIDUAL family=D completed_task=35/41 moment=55
FULL_Q3_RESIDUAL family=D completed_task=36/41 moment=47
FULL_Q3_RESIDUAL family=D completed_task=37/41 moment=52
FULL_Q3_RESIDUAL family=D completed_task=38/41 moment=48
FULL_Q3_RESIDUAL family=D completed_task=39/41 moment=51
FULL_Q3_RESIDUAL family=D completed_task=40/41 moment=53
FULL_Q3_RESIDUAL family=D completed_task=41/41 moment=49
D_31 m_31 determinant_correction=1 moment=646445436398533915729244850762961
D_31 m_32 determinant_correction=465 moment=20362761120361641062721160118086369
D_32 m_32 determinant_correction=1 moment=20362761120361641062721160118085905
D_31 m_33 determinant_correction=123256 moment=661781769206665466758119766654592120
D_32 m_33 determinant_correction=496 moment=661781769206665466758119766654469360
D_33 m_33 determinant_correction=1 moment=661781769206665466758119766654468865
D_31 m_34 determinant_correction=24469665 moment=22169446310373468650582709302315934129
D_32 m_34 determinant_correction=139656 moment=22169446310373468650582709302291604120
D_33 m_34 determinant_correction=528 moment=22169446310373468650582709302291464992
D_34 m_34 determinant_correction=1 moment=22169446310373468650582709302291464465
D_31 m_35 determinant_correction=4049268301 moment=764838245717201679353401617521964809309
D_32 m_35 determinant_correction=29355481 moment=764838245717201679353401617517944896489
D_33 m_35 determinant_correction=157641 moment=764838245717201679353401617517915698649
D_34 m_35 determinant_correction=561 moment=764838245717201679353401617517915541569
D_35 m_35 determinant_correction=1 moment=764838245717201679353401617517915541009
D_31 m_36 determinant_correction=590775213007 moment=27151509068287164227418370178138611430447
D_32 m_36 determinant_correction=5129545015 moment=27151509068287164227418370177552965762455
D_33 m_36 determinant_correction=35028280 moment=27151509068287164227418370177547871245720
D_34 m_36 determinant_correction=177310 moment=27151509068287164227418370177547836394750
D_35 m_36 determinant_correction=595 moment=27151509068287164227418370177547836218035
D_36 m_36 determinant_correction=1 moment=27151509068287164227418370177547836217441
D_31 m_37 determinant_correction=78618357338571 moment=991021752128621887393916677840541798030379
D_32 m_37 determinant_correction=788436047358 moment=991021752128621887393916677762711876739166
D_33 m_37 determinant_correction=6453829341 moment=991021752128621887393916677761929894521149
D_34 m_37 determinant_correction=41586336 moment=991021752128621887393916677761923482278144
D_35 m_37 determinant_correction=198765 moment=991021752128621887393916677761923440890573
D_36 m_37 determinant_correction=630 moment=991021752128621887393916677761923440692438
D_37 m_37 determinant_correction=1 moment=991021752128621887393916677761923440691809
D_31 m_38 determinant_correction=9759743086131973 moment=37163028392637978591540031306253248581462821
D_32 m_38 determinant_correction=110315351996263 moment=37163028392637978591540031296603820847327111
D_33 m_38 determinant_correction=1043665079248 moment=37163028392637978591540031296494549160410096
D_34 m_38 determinant_correction=8067881746 moment=37163028392637978591540031296493513563212594
D_35 m_38 determinant_correction=49136851 moment=37163028392637978591540031296493505544467699
D_36 m_38 determinant_correction=222111 moment=37163028392637978591540031296493505495552959
D_37 m_38 determinant_correction=666 moment=37163028392637978591540031296493505495331514
D_38 m_38 determinant_correction=1 moment=37163028392637978591540031296493505495330849
D_31 m_39 determinant_correction=1148178661529129686 moment=1430766394626124941747614909935068832237130294
D_32 m_39 determinant_correction=14372776707654808 moment=1430766394626124941747614908801262947415655416
D_33 m_39 determinant_correction=153338465315062 moment=1430766394626124941747614908787043509173315670
D_34 m_39 determinant_correction=1370892854215 moment=1430766394626124941747614908786891541600854823
D_35 m_39 determinant_correction=10024396903 moment=1430766394626124941747614908786890180732397511
D_36 m_39 determinant_correction=57796480 moment=1430766394626124941747614908786890170765797088
D_37 m_39 determinant_correction=247456 moment=1430766394626124941747614908786890170708248064
D_38 m_39 determinant_correction=703 moment=1430766394626124941747614908786890170708001311
D_39 m_39 determinant_correction=1 moment=1430766394626124941747614908786890170708000609
D_31 m_40 determinant_correction=129493629166901969229 moment=56514900379404445074668150534524007269279266285
D_32 m_40 determinant_correction=1771747501569624969 moment=56514900379404445074668150406802125603946922025
D_33 m_40 determinant_correction=20942659550438574 moment=56514900379404445074668150405051320761927735630
D_34 m_40 determinant_correction=211248795116814 moment=56514900379404445074668150405030589351172413870
D_35 m_40 determinant_correction=1787617680654 moment=56514900379404445074668150405030379889994977710
D_36 m_40 determinant_correction=12383819526 moment=56514900379404445074668150405030378114761116582
D_37 m_40 determinant_correction=67691871 moment=56514900379404445074668150405030378102444988927
D_38 m_40 determinant_correction=274911 moment=56514900379404445074668150405030378102377571967
D_39 m_40 determinant_correction=741 moment=56514900379404445074668150405030378102377297797
D_40 m_40 determinant_correction=1 moment=56514900379404445074668150405030378102377297057
D_31 m_41 determinant_correction=14123605692293440084678 moment=2288839508814965177355229402265031488930493929798
D_32 m_41 determinant_correction=209071065141908009860 moment=2288839508814965177355229388350496861778961854980
D_33 m_41 determinant_correction=2702075703008904535 moment=2288839508814965177355229388144127872340062749655
D_34 m_41 determinant_correction=30210793800316780 moment=2288839508814965177355229388141456007430854161900
D_35 m_41 determinant_correction=288583791965080 moment=2288839508814965177355229388141426085220845810200
D_36 m_41 determinant_correction=2314947953488 moment=2288839508814965177355229388141425798952001798608
D_37 m_41 determinant_correction=15215230135 moment=2288839508814965177355229388141425796652269075255
D_38 m_41 determinant_correction=78960220 moment=2288839508814965177355229388141425796637132805340
D_39 m_41 determinant_correction=304590 moment=2288839508814965177355229388141425796637054149710
D_40 m_41 determinant_correction=780 moment=2288839508814965177355229388141425796637053845900
D_41 m_41 determinant_correction=1 moment=2288839508814965177355229388141425796637053845121
D_31 m_42 determinant_correction=1499829692317196607108769 moment=94986302333375732067392756355029145541532723439425
D_32 m_42 determinant_correction=23826509186145083455792 moment=94986302333375732067392754879025962410481199786448
D_33 m_42 determinant_correction=333259614653418947794 moment=94986302333375732067392754855532712838989535278450
D_34 m_42 determinant_correction=4075402364189461969 moment=94986302333375732067392754855203528626700305792625
D_35 m_42 determinant_correction=43167983542390006 moment=94986302333375732067392754855199496392319658720662
D_36 m_42 determinant_correction=391088025550951 moment=94986302333375732067392754855199453615424141881607
D_37 m_42 determinant_correction=2978222057539 moment=94986302333375732067392754855199453227314338388195
D_38 m_42 determinant_correction=18597304636 moment=94986302333375732067392754855199453224354713635292
D_39 m_42 determinant_correction=91749841 moment=94986302333375732067392754855199453224336208080497
D_40 m_42 determinant_correction=336610 moment=94986302333375732067392754855199453224336116667266
D_41 m_42 determinant_correction=820 moment=94986302333375732067392754855199453224336116331476
D_42 m_42 determinant_correction=1 moment=94986302333375732067392754855199453224336116330657
D_31 m_43 determinant_correction=155907305991619105842469362 moment=4036896628145342057070126216628891754953832137086738
D_32 m_43 determinant_correction=2640507171148121925995247 moment=4036896628145342057070126063362092934482848220612623
D_33 m_43 determinant_correction=39644332939468892814627 moment=4036896628145342057070126060761230096274195187432003
D_34 m_43 determinant_correction=524820466935717646869 moment=4036896628145342057070126060722110583801662012264245
D_35 m_43 determinant_correction=6082370489794414809 moment=4036896628145342057070126060721591845705216089032185
D_36 m_43 determinant_correction=61128380523669114 moment=4036896628145342057070126060721585824463106818286490
D_37 m_43 determinant_correction=525990278177994 moment=4036896628145342057070126060721585763860716572795370
D_38 m_43 determinant_correction=3807714478974 moment=4036896628145342057070126060721585763338534009096350
D_39 m_43 determinant_correction=22619351706 moment=4036896628145342057070126060721585763334748913969082
D_40 m_43 determinant_correction=106220751 moment=4036896628145342057070126060721585763334726400838127
D_41 m_43 determinant_correction=371091 moment=4036896628145342057070126060721585763334726294988467
D_42 m_43 determinant_correction=861 moment=4036896628145342057070126060721585763334726294618237
D_43 m_43 determinant_correction=1 moment=4036896628145342057070126060721585763334726294617377
D_31 m_44 determinant_correction=15932894493642779040192136954 moment=175604143934124951377761552865204550460455464240758970
D_32 m_44 determinant_correction=286116331095888673110767812 moment=175604143934124951377761537218426387913565097159389828
D_33 m_44 determinant_correction=4580593446147847780334458 moment=175604143934124951377761536936890650263824271828956474
D_34 m_44 determinant_correction=65106524846523627337828 moment=175604143934124951377761536932375163342522947675959844
D_35 m_44 determinant_correction=817053984588602655280 moment=175604143934124951377761536932310873871661012651277296
D_36 m_44 determinant_correction=8987464133421634246 moment=175604143934124951377761536932310065805140557470256262
D_37 m_44 determinant_correction=85822578065391124 moment=175604143934124951377761536932310056903499002114013140
D_38 m_44 determinant_correction=702334710147610 moment=175604143934124951377761536932310056818378758758769626
D_39 m_44 determinant_correction=4839437453236 moment=175604143934124951377761536932310056817681263486075252
D_40 m_44 determinant_correction=27382432078 moment=175604143934124951377761536932310056817676451431054094
D_41 m_44 determinant_correction=122545270 moment=175604143934124951377761536932310056817676424171167286
D_42 m_44 determinant_correction=408156 moment=175604143934124951377761536932310056817676424049030172
D_43 m_44 determinant_correction=903 moment=175604143934124951377761536932310056817676424048622919
D_44 m_44 determinant_correction=1 moment=175604143934124951377761536932310056817676424048622017
D_31 m_45 determinant_correction=1606416662882109922982036940646 moment=7814348742732519468596841232017036472924191631090673318
D_32 m_45 determinant_correction=30446391737548004654005413976 moment=7814348742732519468596839656046765328362273303059146648
D_33 m_45 determinant_correction=516903600653542995450408136 moment=7814348742732519468596839626117277191467811644504140808
D_34 m_45 determinant_correction=7835766961762524534621976 moment=7814348742732519468596839625608209357776031173588354648
D_35 m_45 determinant_correction=105604505885343558303496 moment=7814348742732519468596839625600479195320153992612036168
D_36 m_45 determinant_correction=1258213123738438792210 moment=7814348742732519468596839625600374849027392387492524882
D_37 m_45 determinant_correction=13154621203878805090 moment=7814348742732519468596839625600373603968889852932537762
D_38 m_45 determinant_correction=119514133870718950 moment=7814348742732519468596839625600373590933782782924451622
D_39 m_45 determinant_correction=931374890938360 moment=7814348742732519468596839625600373590815200023944671032
D_40 m_45 determinant_correction=6116048214760 moment=7814348742732519468596839625600373590814274765101947432
D_41 m_45 determinant_correction=33000563926 moment=7814348742732519468596839625600373590814268682054296598
D_42 m_45 determinant_correction=140908636 moment=7814348742732519468596839625600373590814268649194641308
D_43 m_45 determinant_correction=447931 moment=7814348742732519468596839625600373590814268649054180603
D_44 m_45 determinant_correction=946 moment=7814348742732519468596839625600373590814268649053733618
D_45 m_45 determinant_correction=1 moment=7814348742732519468596839625600373590814268649053732673
D_31 m_46 determinant_correction=160259065573411609475207301413424 moment=355551352238135110262357787772921967649345624465236172144
D_32 m_46 determinant_correction=3193217274584326465723317325470 moment=355551352238135110262357630707073668822062614981252084190
D_33 m_46 determinant_correction=57225084491860296846603255180 moment=355551352238135110262357627571081478729596446104538013900
D_34 m_46 determinant_correction=920072438180171568538143030 moment=355551352238135110262357627514776466675916320826472901750
D_35 m_46 determinant_correction=13227464109045947997555270 moment=355551352238135110262357627513869621701845195205932313990
D_36 m_46 determinant_correction=169287286891033052819496 moment=355551352238135110262357627513856563525023040290987578216
D_37 m_46 determinant_correction=1917581360253002753310 moment=355551352238135110262357627513856396155317509510937512030
D_38 m_46 determinant_correction=19080753973473788190 moment=355551352238135110262357627513856394256816903231408546910
D_39 m_46 determinant_correction=165144616436827710 moment=355551352238135110262357627513856394237901293874371586430
D_40 m_46 determinant_correction=1227040649788680 moment=355551352238135110262357627513856394237737376298584547400
D_41 m_46 determinant_correction=7687872688464 moment=355551352238135110262357627513856394237736156945807447184
D_42 m_46 determinant_correction=39602018655 moment=355551352238135110262357627513856394237736149297536777375
D_43 m_46 determinant_correction=161509635 moment=355551352238135110262357627513856394237736149258096268355
D_44 m_46 determinant_correction=490545 moment=355551352238135110262357627513856394237736149257935249265
D_45 m_46 determinant_correction=990 moment=355551352238135110262357627513856394237736149257934759710
D_46 m_46 determinant_correction=1 moment=355551352238135110262357627513856394237736149257934758721
D_31 m_47 determinant_correction=15857846408724511826081538398308546 moment=16533071956148091642947938155536479135818850206369545126018
D_32 m_47 determinant_correction=331064614132066027383586344723790 moment=16533071956148091642947922628754684543373051508417491541262
D_33 m_47 determinant_correction=6237959178676678288753120702516 moment=16533071956148091642947922303928029589983702413584267519988
D_34 m_47 determinant_correction=105881189343161077906114985596 moment=16533071956148091642947922297795951600650185202737261803068
D_35 m_47 determinant_correction=1614756739474764803210192290 moment=16533071956148091642947922297691685168046498889634357009762
D_36 m_47 determinant_correction=22049221453528610217288880 moment=16533071956148091642947922297690092460528477653441364106352
D_37 m_47 determinant_correction=268348704269637045573586 moment=16533071956148091642947922297690070679655728394468192391058
D_38 m_47 determinant_correction=2893777646273620315210 moment=16533071956148091642947922297690070414200801771104767132682
D_39 m_47 determinant_correction=27439334186300645500 moment=16533071956148091642947922297690070411334463459017447462972
D_40 m_47 determinant_correction=226513212794842546 moment=16533071956148091642947922297690070411307250638043941660018
D_41 m_47 determinant_correction=1606488978151036 moment=16533071956148091642947922297690070411307025731320124968508
D_42 m_47 determinant_correction=9614057276440 moment=16533071956148091642947922297690070411307024134445204093912
D_43 m_47 determinant_correction=47330711506 moment=16533071956148091642947922297690070411307024124878477528978
D_44 m_47 determinant_correction=184561246 moment=16533071956148091642947922297690070411307024124831331378718
D_45 m_47 determinant_correction=536130 moment=16533071956148091642947922297690070411307024124831147353602
D_46 m_47 determinant_correction=1035 moment=16533071956148091642947922297690070411307024124831146818507
D_47 m_47 determinant_correction=1 moment=16533071956148091642947922297690070411307024124831146817473
D_32 m_48 determinant_correction=34014872604586119358543333285148380 moment=785317984503258803855330006864183160595052867015893034210972
D_33 m_48 determinant_correction=671576379143315854444772686053760 moment=785317984503258803855329973520886935152249362917332435116352
D_34 m_48 determinant_correction=11986413649015068070810608649456 moment=785317984503258803855329972861296969657948576543370357712048
D_35 m_48 determinant_correction=193008405567470510608203101536 moment=785317984503258803855329972849503564414500978983167952164128
D_36 m_48 determinant_correction=2796192096826184513881668496 moment=785317984503258803855329972849313352201030334657073630731088
D_37 m_48 determinant_correction=36315874279956304491424516 moment=785317984503258803855329972849310592324807788428864240487108
D_38 m_48 determinant_correction=420861388025236347231796 moment=785317984503258803855329972849310556429794896497796096294388
D_39 m_48 determinant_correction=4326020228922688356220 moment=785317984503258803855329972849310556013259528701482437418812
D_40 m_48 determinant_correction=39136714616946130300 moment=785317984503258803855329972849310556008972645187176695192892
D_41 m_48 determinant_correction=308498023965363535 moment=785317984503258803855329972849310556008933816970583714426127
D_42 m_48 determinant_correction=2090751623432335 moment=785317984503258803855329972849310556008933510563311372494927
D_43 m_48 determinant_correction=11963861246395 moment=785317984503258803855329972849310556008933508484523610308987
D_44 m_48 determinant_correction=56347691491 moment=785317984503258803855329972849310556008933508472616096754083
D_45 m_48 determinant_correction=210291301 moment=785317984503258803855329972849310556008933508472559959353893
D_46 m_48 determinant_correction=584821 moment=785317984503258803855329972849310556008933508472559749647413
D_47 m_48 determinant_correction=1081 moment=785317984503258803855329972849310556008933508472559749063673
D_48 m_48 determinant_correction=1 moment=785317984503258803855329972849310556008933508472559749062593
D_32 m_49 determinant_correction=3470623304946773805759189951766510800 moment=38087788784726914579541403033843705002245184947501764360917712
D_33 m_49 determinant_correction=71589278227563431100782813201290908 moment=38087788784726914579541399634809678283034810289094625795697820
D_34 m_49 determinant_correction=1338983509349675536304229533640912 moment=38087788784726914579541399564559383564821054724616042128047824
D_35 m_49 determinant_correction=22673959193586511189455678989808 moment=38087788784726914579541399563243074014664965699501268273396720
D_36 m_49 determinant_correction=346877365506537848306731692720 moment=38087788784726914579541399563220746932836885726160119326099632
D_37 m_49 determinant_correction=4780590494136856594554405516 moment=38087788784726914579541399563220404836061873325168407148812428
D_38 m_49 determinant_correction=59133301951650062995632768 moment=38087788784726914579541399563220400114604681139961875590039680
D_39 m_49 determinant_correction=653367989681164549221144 moment=38087788784726914579541399563220400056124747177992977143628056
D_40 m_49 determinant_correction=6409295513581310302128 moment=38087788784726914579541399563220400055477788483825393904709040
D_41 m_49 determinant_correction=55384480244462823861 moment=38087788784726914579541399563220400055471434572792057057230773
D_42 m_49 determinant_correction=417327427093853760 moment=38087788784726914579541399563220400055471379605639239688260672
D_43 m_49 determinant_correction=2705493557852268 moment=38087788784726914579541399563220400055471379191017306152259180
D_44 m_49 determinant_correction=14818103122152 moment=38087788784726914579541399563220400055471379188326630697529064
D_45 m_49 determinant_correction=66832735278 moment=38087788784726914579541399563220400055471379188311879427142190
D_46 m_49 determinant_correction=238943160 moment=38087788784726914579541399563220400055471379188311812833350072
D_47 m_49 determinant_correction=636756 moment=38087788784726914579541399563220400055471379188311812595043668
D_48 m_49 determinant_correction=1128 moment=38087788784726914579541399563220400055471379188311812594408040
D_49 m_49 determinant_correction=1 moment=38087788784726914579541399563220400055471379188311812594406913
D_36 m_50 determinant_correction=42256006394942736936315734073556 moment=1885339339071848340014332990645374553165233204508569131906732180
D_37 m_50 determinant_correction=615052130109722016445009343956 moment=1885339339071848340014332990645332912210968371493649261182002580
D_38 m_50 determinant_correction=8074402333559810275889817256 moment=1885339339071848340014332990645332305233240595331443092062475880
D_39 m_50 determinant_correction=95242020084003680751451756 moment=1885339339071848340014332990645332297254080281855636496924110380
D_40 m_50 determinant_correction=1004513376069793452713431 moment=1885339339071848340014332990645332297159842775147702609625372055
D_41 m_50 determinant_correction=9414648041800857463111 moment=1885339339071848340014332990645332297158847676419674617030121735
D_42 m_50 determinant_correction=77791868604792937336 moment=1885339339071848340014332990645332297158838339563501420965595960
D_43 m_50 determinant_correction=560911319767195411 moment=1885339339071848340014332990645332297158838262332544135939854035
D_44 m_50 determinant_correction=3481898197967161 moment=1885339339071848340014332990645332297158838261775114714370625785
D_45 m_50 determinant_correction=18270775411861 moment=1885339339071848340014332990645332297158838261771651086948070485
D_46 m_50 determinant_correction=78986049751 moment=1885339339071848340014332990645332297158838261771632895158708375
D_47 m_50 determinant_correction=270776401 moment=1885339339071848340014332990645332297158838261771632816443435025
D_48 m_50 determinant_correction=692076 moment=1885339339071848340014332990645332297158838261771632816173350700
D_49 m_50 determinant_correction=1176 moment=1885339339071848340014332990645332297158838261771632816172659800
D_50 m_50 determinant_correction=1 moment=1885339339071848340014332990645332297158838261771632816172658625
D_36 m_51 determinant_correction=5070977856987996066036523678880320 moment=95209341861812270694970940293692300407461526496184382269430481920
D_37 m_51 determinant_correction=77638976308891411179507709607200 moment=95209341861812270694970940293687307068580847391529525253461208800
D_38 m_51 determinant_correction=1076606315283598499075539550800 moment=95209341861812270694970940293687230506210853783716844821291152400
D_39 m_51 determinant_correction=13480157080198928032481887600 moment=95209341861812270694970940293687229443084695580317273778233489200
D_40 m_51 determinant_correction=151809393243318078904001500 moment=95209341861812270694970940293687229429756347893361663824655603100
D_41 m_51 determinant_correction=1530097515862519616809420 moment=95209341861812270694970940293687229429606068597634208265368411020
D_42 m_51 determinant_correction=13716145689084144993100 moment=95209341861812270694970940293687229429604552216264034829896594700
D_43 m_51 determinant_correction=108483191841901844500 moment=95209341861812270694970940293687229429604538608601537587653446100
D_44 m_51 determinant_correction=749243704471955575 moment=95209341861812270694970940293687229429604538500867589450223557175
D_45 m_51 determinant_correction=4457697099708175 moment=95209341861812270694970940293687229429604538500122803442851309775
D_46 m_51 determinant_correction=22430842987435 moment=95209341861812270694970940293687229429604538500118368176594589035
D_47 m_51 determinant_correction=93030088075 moment=95209341861812270694970940293687229429604538500118345838781689675
D_48 m_51 determinant_correction=306067525 moment=95209341861812270694970940293687229429604538500118345746057669125
D_49 m_51 determinant_correction=750925 moment=95209341861812270694970940293687229429604538500118345745752352525
D_50 m_51 determinant_correction=1225 moment=95209341861812270694970940293687229429604538500118345745751602825
D_51 m_51 determinant_correction=1 moment=95209341861812270694970940293687229429604538500118345745751601601
D_38 m_52 determinant_correction=140730009699486818878803019604856 moment=4903266810544563254695333653057854778724215905878110224403288063480
D_40 m_52 determinant_correction=22256667076279002596603142861 moment=4903266810544563254695333653057854638016462873467570348196871601485
D_41 m_52 determinant_correction=239574569559170387510107686 moment=4903266810544563254695333653057854637994445780960850515987778566310
D_42 m_52 determinant_correction=2310054012268548890335356 moment=4903266810544563254695333653057854637994208516445303614149158793980
D_43 m_52 determinant_correction=19826495460817432879311 moment=4903266810544563254695333653057854637994206226217786806417701337935
D_44 m_52 determinant_correction=150246257050376292261 moment=4903266810544563254695333653057854637994206206541537602650644750885
D_45 m_52 determinant_correction=994889943545259126 moment=4903266810544563254695333653057854637994206206392286235543813717750
D_46 m_52 determinant_correction=5678363871423426 moment=4903266810544563254695333653057854637994206206391297023964139882050
D_47 m_52 determinant_correction=27424241450061 moment=4903266810544563254695333653057854637994206206391291373024509908685
D_48 m_52 determinant_correction=109211484201 moment=4903266810544563254695333653057854637994206206391291345709479942825
D_49 m_52 determinant_correction=345110676 moment=4903266810544563254695333653057854637994206206391291345600613569300
D_50 m_52 determinant_correction=813450 moment=4903266810544563254695333653057854637994206206391291345600269272074
D_51 m_52 determinant_correction=1275 moment=4903266810544563254695333653057854637994206206391291345600268459899
D_52 m_52 determinant_correction=1 moment=4903266810544563254695333653057854637994206206391291345600268458625
D_38 m_53 determinant_correction=18093753159544136127720509633899576 moment=257420799961522256421436833308684484573758698743380246556257731695800
D_40 m_53 determinant_correction=3181058107269460883145422250256 moment=257420799961522256421436833308684466483186597306513579718893520046480
D_41 m_53 determinant_correction=36359321096334994016068136431 moment=257420799961522256421436833308684466480041898520340453829764165932655
D_42 m_53 determinant_correction=374490016622461286948949106 moment=257420799961522256421436833308684466480005913689260741297035046745330
D_43 m_53 determinant_correction=3458021600549853315728581 moment=257420799961522256421436833308684466480005542657265719385601413524805
D_44 m_53 determinant_correction=28443807762017985696736 moment=257420799961522256421436833308684466480005539227687926597766083492960
D_45 m_53 determinant_correction=206719044688353417961 moment=257420799961522256421436833308684466480005539199450837880436451214185
D_46 m_53 determinant_correction=1313574143486514286 moment=257420799961522256421436833308684466480005539199245432409891584310510
D_47 m_53 determinant_correction=7198494244626061 moment=257420799961522256421436833308684466480005539199244126034242342422285
D_48 m_53 determinant_correction=33396092882386 moment=257420799961522256421436833308684466480005539199244118869144190678610
D_49 m_53 determinant_correction=127803110851 moment=257420799961522256421436833308684466480005539199244118835875900907075
D_50 m_53 determinant_correction=388218376 moment=257420799961522256421436833308684466480005539199244118835748486014600
D_51 m_53 determinant_correction=879801 moment=257420799961522256421436833308684466480005539199244118835748098676025
D_52 m_53 determinant_correction=1326 moment=257420799961522256421436833308684466480005539199244118835748097797550
D_53 m_53 determinant_correction=1 moment=257420799961522256421436833308684466480005539199244118835748097796225
D_42 m_54 determinant_correction=58797384861838261954908505186 moment=13771977065833964133817334893247642017100050249830375497435772613007330
D_44 m_54 determinant_correction=5134385275517065667684131 moment=13771977065833964133817334893247642017099991457579898934690883372186275
D_45 m_54 determinant_correction=40512652095312420385636 moment=13771977065833964133817334893247642017099991452486026311269130124887780
D_46 m_54 determinant_correction=282623398971508859356 moment=13771977065833964133817334893247642017099991452445796282572789213361500
D_47 m_54 determinant_correction=1724884540671400291 moment=13771977065833964133817334893247642017099991452445515384058358375902435
D_48 m_54 determinant_correction=9083396630655361 moment=13771977065833964133817334893247642017099991452445513668257214335157505
D_49 m_54 determinant_correction=40513157499088 moment=13771977065833964133817334893247642017099991452445513659214330862001232
D_50 m_54 determinant_correction=149106266128 moment=13771977065833964133817334893247642017099991452445513659173966810768272
D_51 m_54 determinant_correction=435722275 moment=13771977065833964133817334893247642017099991452445513659173818140224419
D_52 m_54 determinant_correction=950131 moment=13771977065833964133817334893247642017099991452445513659173817705452275
D_53 m_54 determinant_correction=1378 moment=13771977065833964133817334893247642017099991452445513659173817704503522
D_54 m_54 determinant_correction=1 moment=13771977065833964133817334893247642017099991452445513659173817704502145
D_42 m_55 determinant_correction=8985688530018777966632254270137 moment=750570909947066995055424650776515840126359114156001000874929201414091065
D_44 m_55 determinant_correction=890625179904627358524078162 moment=750570909947066995055424650776515840126350129358096162001589927683899090
D_45 m_55 determinant_correction=7563932197814707450053462 moment=750570909947066995055424650776515840126350128475034914294777276609874390
D_46 m_55 determinant_correction=57303340068783972476457 moment=750570909947066995055424650776515840126350128467528285437031353132297385
D_47 m_55 determinant_correction=384056245329924344607 moment=750570909947066995055424650776515840126350128467471366153207899084165535
D_48 m_55 determinant_correction=2253117489352618032 moment=750570909947066995055424650776515840126350128467470984350080058512438960
D_49 m_55 determinant_correction=11410920083475342 moment=750570909947066995055424650776515840126350128467470982108373489243296270
D_50 m_55 determinant_correction=48966540864957 moment=750570909947066995055424650776515840126350128467470982097011535700685885
D_51 m_55 determinant_correction=173452994001 moment=750570909947066995055424650776515840126350128467470982096962742612814929
D_52 m_55 determinant_correction=487973916 moment=750570909947066995055424650776515840126350128467470982096962569647794844
D_53 m_55 determinant_correction=1024596 moment=750570909947066995055424650776515840126350128467470982096962569160845524
D_54 m_55 determinant_correction=1431 moment=750570909947066995055424650776515840126350128467470982096962569159822359
D_55 m_55 determinant_correction=1 moment=750570909947066995055424650776515840126350128467470982096962569159820929
D_46 m_56 determinant_correction=11059610095135285446341260 moment=41656588897766692204622475514373595085166948369895589360211550637756717580
D_47 m_56 determinant_correction=80514342160013354291380 moment=41656588897766692204622475514373595085166948369884610264458575365664667700
D_48 m_56 determinant_correction=518850919039457863540 moment=41656588897766692204622475514373595085166948369884530268967334391768239860
D_49 m_56 determinant_correction=2928283731003149200 moment=41656588897766692204622475514373595085166948369884529753044699083313525520
D_50 m_56 determinant_correction=14273549397094240 moment=41656588897766692204622475514373595085166948369884529750130688901707470560
D_51 m_56 determinant_correction=58974677554276 moment=41656588897766692204622475514373595085166948369884529750116474326987930596
D_52 m_56 determinant_correction=201208544020 moment=41656588897766692204622475514373595085166948369884529750116415553518920340
D_53 m_56 determinant_correction=545345515 moment=41656588897766692204622475514373595085166948369884529750116415352855721835
D_54 m_56 determinant_correction=1103355 moment=41656588897766692204622475514373595085166948369884529750116415352311479675
D_55 m_56 determinant_correction=1485 moment=41656588897766692204622475514373595085166948369884529750116415352310377805
D_56 m_56 determinant_correction=1 moment=41656588897766692204622475514373595085166948369884529750116415352310376321
D_46 m_57 determinant_correction=2047981304971254604219456132 moment=2353592104550586210415883713512804843110090729072993931273792738941617200260
D_47 m_57 determinant_correction=16054310825935371510561712 moment=2353592104550586210415883713512804843110090729070962004279647419708908305840
D_48 m_57 determinant_correction=112403927887661650841272 moment=2353592104550586210415883713512804843110090729070946062372749371999048585400
D_49 m_57 determinant_correction=697023612077531819752 moment=2353592104550586210415883713512804843110090729070945950665845096414929563880
D_50 m_57 determinant_correction=3787304088024953596 moment=2353592104550586210415883713512804843110090729070945949972608788425422697724
D_51 m_57 determinant_correction=17780800103837596 moment=2353592104550586210415883713512804843110090729070945949968839265137501581724
D_52 m_57 determinant_correction=70786613378152 moment=2353592104550586210415883713512804843110090729070945949968821555124011122280
D_53 m_57 determinant_correction=232773975721 moment=2353592104550586210415883713512804843110090729070945949968821484570171719849
D_54 m_57 determinant_correction=608230756 moment=2353592104550586210415883713512804843110090729070945949968821484338005974884
D_55 m_57 determinant_correction=1186570 moment=2353592104550586210415883713512804843110090729070945949968821484337398930698
D_56 m_57 determinant_correction=1540 moment=2353592104550586210415883713512804843110090729070945949968821484337397745668
D_57 m_57 determinant_correction=1 moment=2353592104550586210415883713512804843110090729070945949968821484337397744129
D_48 m_58 determinant_correction=23143151424839668258121592 moment=135331264354280596525260395031909851696288032809093276799704132861602546786040
D_49 m_58 determinant_correction=155958555884807557795992 moment=135331264354280596525260395031909851696288032809093253812511263906741846460440
D_50 m_58 determinant_correction=931322773926529744992 moment=135331264354280596525260395031909851696288032809093253657484030795860818409440
D_51 m_58 determinant_correction=4875425614058708292 moment=135331264354280596525260395031909851696288032809093253656557583447548347372740
D_52 m_58 determinant_correction=22061949420726447 moment=135331264354280596525260395031909851696288032809093253656552730083883709390895
D_53 m_58 determinant_correction=84685609608447 moment=135331264354280596525260395031909851696288032809093253656552708106619898272895
D_54 m_58 determinant_correction=268588913286 moment=135331264354280596525260395031909851696288032809093253656552708022202877577734
D_55 m_58 determinant_correction=677045601 moment=135331264354280596525260395031909851696288032809093253656552708021934965710049
D_56 m_58 determinant_correction=1274406 moment=135331264354280596525260395031909851696288032809093253656552708021934289938854
D_57 m_58 determinant_correction=1596 moment=135331264354280596525260395031909851696288032809093253656552708021934288666044
D_58 m_58 determinant_correction=1 moment=135331264354280596525260395031909851696288032809093253656552708021934288664449
D_48 m_59 determinant_correction=4565088656099008573939048012 moment=7916863333164200256454983215209254526609310199558109014589962375794962698688460
D_49 m_59 determinant_correction=33139416407740756732849324 moment=7916863333164200256454983215209254526609310199558104482640722684527145492489772
D_50 m_59 determinant_correction=215107278719863411638004 moment=7916863333164200256454983215209254526609310199558104449716413555506252171278452
D_51 m_59 determinant_correction=1237902594650575854556 moment=7916863333164200256454983215209254526609310199558104449502544179381039335495004
D_52 m_59 determinant_correction=6247893590198766292 moment=7916863333164200256454983215209254526609310199558104449501312524679978958406740
D_53 m_59 determinant_correction=27269142729819964 moment=7916863333164200256454983215209254526609310199558104449501306304055531489460412
D_54 m_59 determinant_correction=100993093979044 moment=7916863333164200256454983215209254526609310199558104449501306276887381853619492
D_55 m_59 determinant_correction=309134456128 moment=7916863333164200256454983215209254526609310199558104449501306276786697894096576
D_56 m_59 determinant_correction=752229115 moment=7916863333164200256454983215209254526609310199558104449501306276786389511869563
D_57 m_59 determinant_correction=1367031 moment=7916863333164200256454983215209254526609310199558104449501306276786388761007479
D_58 m_59 determinant_correction=1653 moment=7916863333164200256454983215209254526609310199558104449501306276786388759642101
D_59 m_59 determinant_correction=1 moment=7916863333164200256454983215209254526609310199558104449501306276786388759640449
D_52 m_60 determinant_correction=1637145520304027831053 moment=471052485162704317319812795970408289233468930472224275965918663689510076337616909
D_54 m_60 determinant_correction=33580918989449278 moment=471052485162704317319812795970408289233468930472224275965917026577570691299235134
D_55 m_60 determinant_correction=120072984648298 moment=471052485162704317319812795970408289233468930472224275965917026544109845294434154
D_56 m_60 determinant_correction=354936251176 moment=471052485162704317319812795970408289233468930472224275965917026543990127246037032
D_57 m_60 determinant_correction=834244306 moment=471052485162704317319812795970408289233468930472224275965917026543989773144030162
D_58 m_60 determinant_correction=1464616 moment=471052485162704317319812795970408289233468930472224275965917026543989772311250472
D_59 m_60 determinant_correction=1711 moment=471052485162704317319812795970408289233468930472224275965917026543989772309787567
D_60 m_60 determinant_correction=1 moment=471052485162704317319812795970408289233468930472224275965917026543989772309785857
D_52 m_61 determinant_correction=402318122039889055120800 moment=28498624571845034398726355851930572188102264622234847765953403994169785862284626080
D_54 m_61 determinant_correction=10128991568751038910 moment=28498624571845034398726355851930572188102264622234847765953001686176737541980544190
D_55 m_61 determinant_correction=41206202572228050 moment=28498624571845034398726355851930572188102264622234847765953001676088952175801733330
D_56 m_61 determinant_correction=142336414761612 moment=28498624571845034398726355851930572188102264622234847765953001676047888309644266892
D_57 m_61 determinant_correction=406567732740 moment=28498624571845034398726355851930572188102264622234847765953001676047746379797238020
D_58 m_61 determinant_correction=923578980 moment=28498624571845034398726355851930572188102264622234847765953001676047745974153084260
D_59 m_61 determinant_correction=1567335 moment=28498624571845034398726355851930572188102264622234847765953001676047745973231072615
D_60 m_61 determinant_correction=1770 moment=28498624571845034398726355851930572188102264622234847765953001676047745973229507050
D_61 m_61 determinant_correction=1 moment=28498624571845034398726355851930572188102264622234847765953001676047745973229505281
D_56 m_62 determinant_correction=50388813428579146 moment=1752662440577781575209503668238126873333784709049940063414466650371627177861183318602
D_58 m_62 determinant_correction=464653535941 moment=1752662440577781575209503668238126873333784709049940063414466650371576789512408275397
D_59 m_62 determinant_correction=1020746611 moment=1752662440577781575209503668238126873333784709049940063414466650371576789048775486067
D_60 m_62 determinant_correction=1675365 moment=1752662440577781575209503668238126873333784709049940063414466650371576789047756414821
D_61 m_62 determinant_correction=1830 moment=1752662440577781575209503668238126873333784709049940063414466650371576789047754741286
D_62 m_62 determinant_correction=1 moment=1752662440577781575209503668238126873333784709049940063414466650371576789047754739457
D_56 m_63 determinant_correction=16156278406347835978 moment=109541225789834175931658495496403519547416502620151868387334469329774192790269565955914
D_58 m_63 determinant_correction=198325887151078 moment=109541225789834175931658495496403519547416502620151868387334469329758036710189105271014
D_59 m_63 determinant_correction=529873089796 moment=109541225789834175931658495496403519547416502620151868387334469329758036512393091209732
D_60 m_63 determinant_correction=1126287226 moment=109541225789834175931658495496403519547416502620151868387334469329758036511864344407162
D_61 m_63 determinant_correction=1788886 moment=109541225789834175931658495496403519547416502620151868387334469329758036511863219908822
D_62 m_63 determinant_correction=1891 moment=109541225789834175931658495496403519547416502620151868387334469329758036511863218121827
D_63 m_63 determinant_correction=1 moment=109541225789834175931658495496403519547416502620151868387334469329758036511863218119937
D_60 m_64 determinant_correction=602964396153 moment=6955857144727139970751971374393603317023904378932489274710276754474844390072277030726009
D_61 m_64 determinant_correction=1240768305 moment=6955857144727139970751971374393603317023904378932489274710276754474844390071675307098161
D_62 m_64 determinant_correction=1908081 moment=6955857144727139970751971374393603317023904378932489274710276754474844390071674068237937
D_63 m_64 determinant_correction=1953 moment=6955857144727139970751971374393603317023904378932489274710276754474844390071674066331809
D_64 m_64 determinant_correction=1 moment=6955857144727139970751971374393603317023904378932489274710276754474844390071674066329857
D_60 m_65 determinant_correction=273402511492384 moment=448652128232881537732129952277792373763923626445924353990403553556345456494899515161535776
D_61 m_65 determinant_correction=684728000776 moment=448652128232881537732129952277792373763923626445924353990403553556345456494626797378044168
D_62 m_65 determinant_correction=1364785696 moment=448652128232881537732129952277792373763923626445924353990403553556345456494626114014829088
D_63 m_65 determinant_correction=2033136 moment=448652128232881537732129952277792373763923626445924353990403553556345456494626112652076528
D_64 m_65 determinant_correction=2016 moment=448652128232881537732129952277792373763923626445924353990403553556345456494626112650045408
D_65 m_65 determinant_correction=1 moment=448652128232881537732129952277792373763923626445924353990403553556345456494626112650043393
D_62 m_66 determinant_correction=776031162985 moment=29386673299901708964749475366759569189602963178165778925986743273997422841560681418905957225
D_64 m_66 determinant_correction=2164240 moment=29386673299901708964749475366759569189602963178165778925986743273997422841560680642876958480
D_65 m_66 determinant_correction=2080 moment=29386673299901708964749475366759569189602963178165778925986743273997422841560680642874796320
D_66 m_66 determinant_correction=1 moment=29386673299901708964749475366759569189602963178165778925986743273997422841560680642874794241
D_62 m_67 determinant_correction=373143404937369 moment=1954211164681443257926522972458391584067198254211562226984238146980200166454946878135766679961
D_64 m_67 determinant_correction=1643960241 moment=1954211164681443257926522972458391584067198254211562226984238146980200166454946504994005702833
D_65 m_67 determinant_correction=2301585 moment=1954211164681443257926522972458391584067198254211562226984238146980200166454946504992364044177
D_66 m_67 determinant_correction=2145 moment=1954211164681443257926522972458391584067198254211562226984238146980200166454946504992361744737
D_67 m_67 determinant_correction=1 moment=1954211164681443257926522972458391584067198254211562226984238146980200166454946504992361742593
D_66 m_68 determinant_correction=2445366 moment=131909085289227211701789514679798928329813646427039837649312285390118158678556363102491604473398
D_67 m_68 determinant_correction=2211 moment=131909085289227211701789514679798928329813646427039837649312285390118158678556363102491602030243
D_68 m_68 determinant_correction=1 moment=131909085289227211701789514679798928329813646427039837649312285390118158678556363102491602028033
D_66 m_69 determinant_correction=1969180720 moment=9035761317088612444238991255468019455529981888205233547194765799344522272227693822804442724304432
D_67 m_69 determinant_correction=2595781 moment=9035761317088612444238991255468019455529981888205233547194765799344522272227693822804440757719493
D_68 m_69 determinant_correction=2278 moment=9035761317088612444238991255468019455529981888205233547194765799344522272227693822804440755125990
D_69 m_69 determinant_correction=1 moment=9035761317088612444238991255468019455529981888205233547194765799344522272227693822804440755123713
D_70 m_70 determinant_correction=1 moment=627984678371728270376818250246812081830104244785246538569736365153874640142027958326866251995349505
D_70 m_71 determinant_correction=2415 moment=44272870337243698081214185227207892678077895911020322840262089997508206015789182033584431273635430255
FULL_Q3_RESIDUAL row=B_18 stable_through=37 tail_onset=47 pairs=78
FULL_Q3_RESIDUAL row=B_19 stable_through=39 tail_onset=45 pairs=39
FULL_Q3_RESIDUAL row=B_20 stable_through=41 tail_onset=45 pairs=20
FULL_Q3_RESIDUAL row=B_21 stable_through=43 tail_onset=45 pairs=0
FULL_Q3_RESIDUAL row=D_31 stable_through=30 tail_onset=49 pairs=162
FULL_Q3_RESIDUAL row=D_32 stable_through=31 tail_onset=51 pairs=171
FULL_Q3_RESIDUAL row=D_33 stable_through=32 tail_onset=51 pairs=171
FULL_Q3_RESIDUAL row=D_34 stable_through=33 tail_onset=51 pairs=156
FULL_Q3_RESIDUAL row=D_35 stable_through=34 tail_onset=51 pairs=156
FULL_Q3_RESIDUAL row=D_36 stable_through=35 tail_onset=53 pairs=164
FULL_Q3_RESIDUAL row=D_37 stable_through=36 tail_onset=53 pairs=164
FULL_Q3_RESIDUAL row=D_38 stable_through=37 tail_onset=55 pairs=172
FULL_Q3_RESIDUAL row=D_39 stable_through=38 tail_onset=53 pairs=147
FULL_Q3_RESIDUAL row=D_40 stable_through=39 tail_onset=55 pairs=154
FULL_Q3_RESIDUAL row=D_41 stable_through=40 tail_onset=55 pairs=154
FULL_Q3_RESIDUAL row=D_42 stable_through=41 tail_onset=57 pairs=161
FULL_Q3_RESIDUAL row=D_43 stable_through=42 tail_onset=55 pairs=135
FULL_Q3_RESIDUAL row=D_44 stable_through=43 tail_onset=57 pairs=141
FULL_Q3_RESIDUAL row=D_45 stable_through=44 tail_onset=57 pairs=141
FULL_Q3_RESIDUAL row=D_46 stable_through=45 tail_onset=59 pairs=147
FULL_Q3_RESIDUAL row=D_47 stable_through=46 tail_onset=59 pairs=147
FULL_Q3_RESIDUAL row=D_48 stable_through=47 tail_onset=61 pairs=153
FULL_Q3_RESIDUAL row=D_49 stable_through=48 tail_onset=61 pairs=153
FULL_Q3_RESIDUAL row=D_50 stable_through=49 tail_onset=61 pairs=130
FULL_Q3_RESIDUAL row=D_51 stable_through=50 tail_onset=61 pairs=130
FULL_Q3_RESIDUAL row=D_52 stable_through=51 tail_onset=63 pairs=135
FULL_Q3_RESIDUAL row=D_53 stable_through=52 tail_onset=61 pairs=106
FULL_Q3_RESIDUAL row=D_54 stable_through=53 tail_onset=63 pairs=110
FULL_Q3_RESIDUAL row=D_55 stable_through=54 tail_onset=63 pairs=110
FULL_Q3_RESIDUAL row=D_56 stable_through=55 tail_onset=65 pairs=114
FULL_Q3_RESIDUAL row=D_57 stable_through=56 tail_onset=63 pairs=84
FULL_Q3_RESIDUAL row=D_58 stable_through=57 tail_onset=65 pairs=87
FULL_Q3_RESIDUAL row=D_59 stable_through=58 tail_onset=65 pairs=87
FULL_Q3_RESIDUAL row=D_60 stable_through=59 tail_onset=67 pairs=90
FULL_Q3_RESIDUAL row=D_61 stable_through=60 tail_onset=67 pairs=90
FULL_Q3_RESIDUAL row=D_62 stable_through=61 tail_onset=69 pairs=93
FULL_Q3_RESIDUAL row=D_63 stable_through=62 tail_onset=67 pairs=61
FULL_Q3_RESIDUAL row=D_64 stable_through=63 tail_onset=69 pairs=63
FULL_Q3_RESIDUAL row=D_65 stable_through=64 tail_onset=69 pairs=63
FULL_Q3_RESIDUAL row=D_66 stable_through=65 tail_onset=71 pairs=65
FULL_Q3_RESIDUAL row=D_67 stable_through=66 tail_onset=71 pairs=65
FULL_Q3_RESIDUAL row=D_68 stable_through=67 tail_onset=71 pairs=33
FULL_Q3_RESIDUAL row=D_69 stable_through=68 tail_onset=71 pairs=33
FULL_Q3_RESIDUAL row=D_70 stable_through=69 tail_onset=73 pairs=34
FULL_Q3_RESIDUAL B_pairs=137 D_pairs=4732 total_pairs=4869
FULL_Q3_RESIDUAL minimum=D_31 a=8 n=15 value=1272988116891284109857142182380802
FULL_Q3_B18_D31_RESIDUAL VERIFICATION: ALL PASS
