__RUN_ID=fullq3bcdanalytic0001_mean_shift_and_monotonicity
__HOST=nb1cb2f
__START_UTC=2026-07-15T07:16:02Z
__CPU_MODEL=AMD Ryzen 9 7950X 16-Core Processor
__LOGICAL_CPUS=32
ea02f81ac518eaaf849039112fd06781f908c4094619d54f0685987a7b2424c3  trace_square_cutoff_mpfr.cpp
c3003a3edd6205236ff7d2c335a5d1643f6a7d151ce6f168733a6958d3ba55a1  verify_full_q3_bcd_high_mpfr.cpp
00c01e10d551f5ae8c8e833b080f5eef7f97727ef865fae9863d62c5e538637a  verify_full_q3_bcd_mid_mpfr.cpp
g++ (Ubuntu 13.3.0-6ubuntu2~24.04.1) 13.3.0
__COMPILE_TRACE_STATUS=0
__COMPILE_HIGH_STATUS=0
verify_full_q3_bcd_mid_mpfr.cpp:63:10: fatal error: full_q3_bcd_low_tail_data.hpp: No such file or directory
   63 | #include "full_q3_bcd_low_tail_data.hpp"
      |          ^~~~~~~~~~~~~~~~~~~~~~~~~~~~~~~
compilation terminated.
__COMPILE_MID_STATUS=1
first_hit_rows=57 minimum_row=D_281
first_hit_minimum_log_margin in [0.6644444976107690011484081126, 0.6644444976107690011484081126]
chernoff_rows=118 minimum_row=B_219
chernoff_minimum_log_margin in [0.3074299695438132583903429588, 0.3074299695438132583903429588]
Rains-square trace cutoff directed-MPFR certificate
precision_bits=384 mpfr_version=4.2.1 cutoff=296
gaussian_minus_required in [0.1677608962635477038868179017, 0.1677608962635477038868179017]
positive_tv_log_plus_A_C in [-914.9370966193170798895594924, -914.9370966193170798895594924]
unitary_projection_minus_half_orth in [-700.4390468854576971878703919, -700.4390468854576971878703919]
log_R0_minus_log_half in [-2.235202672572002190857121799, -2.235202672572002190857121799]
log_R1_minus_log_half in [-2.234984464502011289224995988, -2.234984464502011289224995988]
log_R2_minus_log_half in [-40.52244965622191697987309132, -40.52244965622191697987309132]
gaussian_derivative in [0.01455981081081081081081081081, 0.01455981081081081081081081081]
log_R2_derivative in [-0.1252277516136237978820123724, -0.1252277516136237978820123724]
pre_cutoff_bad_range=248..295
integer replay OK for 296 <= C <= 10000
SUMMARY failures=0 directed_rounding=1
__TRACE_EXIT_STATUS=0
BCD full-Q3 high-rank directed-MPFR certificate
precision_bits=384 mpfr_version=4.2.1 cutoff=296
base_lower=10.8183102323305949795675956281402872
H_cutoff_lower=8.35318325193642080868906644469826139
H_derivative_cutoff_lower=0.100799141105427482361096818691677408
log_base_minus_A_cutoff_lower=0.0957400904581415409575083562796855843
fredholm_a11_v4_upper=0.634206977882544811252769511291037273
fredholm_b11_v4_upper=0.448452054736574199254928215313972789
BCD_HIGH_FULL_Q3 VERIFICATION: ALL PASS
__HIGH_EXIT_STATUS=0
__MID_EXIT_STATUS=125
__EXIT_STATUS=1
__END_UTC=2026-07-15T07:16:06Z
