BEGIN C m14 no-reflect-cache 2026-05-04T10:54:52+00:00
Exact classical Chain bridge C++: max_chain=14, moment_max=33, families=C, rank_min=2, rank_cap=15, reflect_cache_limit=0
  m_1 = 0  (|support| = 1, |cache| = 0)
  m_2 = 1  (|support| = 6, |cache| = 0)
  m_3 = 1  (|support| = 10, |cache| = 0)
  m_4 = 6  (|support| = 15, |cache| = 0)
  m_5 = 22  (|support| = 21, |cache| = 0)
  m_6 = 115  (|support| = 28, |cache| = 0)
  m_7 = 611  (|support| = 36, |cache| = 0)
  m_8 = 3556  (|support| = 45, |cache| = 0)
  m_9 = 21716  (|support| = 55, |cache| = 0)
  m_10 = 138882  (|support| = 66, |cache| = 0)
  m_11 = 921230  (|support| = 78, |cache| = 0)
  m_12 = 6305684  (|support| = 91, |cache| = 0)
  m_13 = 44334006  (|support| = 105, |cache| = 0)
  m_14 = 319045025  (|support| = 120, |cache| = 0)
  m_15 = 2343236105  (|support| = 136, |cache| = 0)
  m_16 = 17522447360  (|support| = 153, |cache| = 0)
  m_17 = 133144919192  (|support| = 171, |cache| = 0)
  m_18 = 1026309263244  (|support| = 190, |cache| = 0)
  m_19 = 8013773625828  (|support| = 210, |cache| = 0)
  m_20 = 63309732739656  (|support| = 231, |cache| = 0)
  m_21 = 505498597115760  (|support| = 253, |cache| = 0)
  m_22 = 4075552833545634  (|support| = 276, |cache| = 0)
  m_23 = 33152851412172558  (|support| = 300, |cache| = 0)
  m_24 = 271903910777993616  (|support| = 325, |cache| = 0)
  m_25 = 2246973648063022792  (|support| = 351, |cache| = 0)
  m_26 = 18699342067072593900  (|support| = 378, |cache| = 0)
  m_27 = 156633331120410093092  (|support| = 406, |cache| = 0)
  m_28 = 1320010898286054911832  (|support| = 435, |cache| = 0)
  m_29 = 11187462780427028158322  (|support| = 465, |cache| = 0)
  m_30 = 95320992366572384525939  (|support| = 496, |cache| = 0)
  m_31 = 816216214381014735969555  (|support| = 528, |cache| = 0)
  m_32 = 7021847513784386675546312  (|support| = 561, |cache| = 0)
  m_33 = 60674795698564022884278032  (|support| = 595, |cache| = 0)
C2: min_diff_m0..14=32 diff_m14=260268291318609962976935078040 Q3(31)=265727447569471171735098649984 m0..6=[1, 0, 1, 1, 6, 22, 115] dt=0.0172183s OK
  m_1 = 0  (|support| = 1, |cache| = 0)
  m_2 = 1  (|support| = 6, |cache| = 0)
  m_3 = 1  (|support| = 14, |cache| = 0)
  m_4 = 6  (|support| = 24, |cache| = 0)
  m_5 = 22  (|support| = 38, |cache| = 0)
  m_6 = 130  (|support| = 57, |cache| = 0)
  m_7 = 822  (|support| = 81, |cache| = 0)
  m_8 = 6097  (|support| = 111, |cache| = 0)
  m_9 = 49716  (|support| = 148, |cache| = 0)
  m_10 = 441513  (|support| = 192, |cache| = 0)
  m_11 = 4197240  (|support| = 244, |cache| = 0)
  m_12 = 42279897  (|support| = 305, |cache| = 0)
  m_13 = 447494622  (|support| = 375, |cache| = 0)
  m_14 = 4944379817  (|support| = 455, |cache| = 0)
  m_15 = 56731920560  (|support| = 546, |cache| = 0)
  m_16 = 673084351995  (|support| = 648, |cache| = 0)
  m_17 = 8227793212904  (|support| = 762, |cache| = 0)
  m_18 = 103313675389419  (|support| = 889, |cache| = 0)
  m_19 = 1329152203653885  (|support| = 1029, |cache| = 0)
  m_20 = 17481232430395236  (|support| = 1183, |cache| = 0)
  m_21 = 234593244474624750  (|support| = 1352, |cache| = 0)
  m_22 = 3206833994475428520  (|support| = 1536, |cache| = 0)
  m_23 = 44587662523922390950  (|support| = 1736, |cache| = 0)
  m_24 = 629744448005673298655  (|support| = 1953, |cache| = 0)
  m_25 = 9024492419861562996588  (|support| = 2187, |cache| = 0)
  m_26 = 131081514165023804095975  (|support| = 2439, |cache| = 0)
  m_27 = 1928049964273846829390403  (|support| = 2710, |cache| = 0)
  m_28 = 28694025518681484143015328  (|support| = 3000, |cache| = 0)
  m_29 = 431751887662241246326467528  (|support| = 3310, |cache| = 0)
  m_30 = 6563725329653752526563681416  (|support| = 3641, |cache| = 0)
  m_31 = 100755937195774847302798584540  (|support| = 3993, |cache| = 0)
  m_32 = 1560807721120874114452802838171  (|support| = 4367, |cache| = 0)
  m_33 = 24387207964026949321670904048096  (|support| = 4764, |cache| = 0)
C3: min_diff_m0..14=32 diff_m14=2335983195351673478145659494389792 Q3(31)=2356769789681739300397750107789768 m0..6=[1, 0, 1, 1, 6, 22, 130] dt=0.126262s OK
  m_1 = 0  (|support| = 1, |cache| = 0)
  m_2 = 1  (|support| = 6, |cache| = 0)
  m_3 = 1  (|support| = 14, |cache| = 0)
  m_4 = 6  (|support| = 32, |cache| = 0)
  m_5 = 22  (|support| = 55, |cache| = 0)
  m_6 = 130  (|support| = 89, |cache| = 0)
  m_7 = 822  (|support| = 136, |cache| = 0)
  m_8 = 6202  (|support| = 200, |cache| = 0)
  m_9 = 52552  (|support| = 284, |cache| = 0)
  m_10 = 498249  (|support| = 392, |cache| = 0)
  m_11 = 5196789  (|support| = 528, |cache| = 0)
  m_12 = 58964994  (|support| = 697, |cache| = 0)
  m_13 = 720151722  (|support| = 903, |cache| = 0)
  m_14 = 9383818899  (|support| = 1152, |cache| = 0)
  m_15 = 129474626610  (|support| = 1449, |cache| = 0)
  m_16 = 1879661849940  (|support| = 1800, |cache| = 0)
  m_17 = 28558484041800  (|support| = 2211, |cache| = 0)
  m_18 = 452039912994576  (|support| = 2689, |cache| = 0)
  m_19 = 7425417513482460  (|support| = 3240, |cache| = 0)
  m_20 = 126159732874309546  (|support| = 3872, |cache| = 0)
  m_21 = 2210670103626215020  (|support| = 4592, |cache| = 0)
  m_22 = 39850890068356234476  (|support| = 5408, |cache| = 0)
  m_23 = 737401001243036128900  (|support| = 6328, |cache| = 0)
  m_24 = 13978909617372147756796  (|support| = 7361, |cache| = 0)
  m_25 = 271015004539744032354384  (|support| = 8515, |cache| = 0)
  m_26 = 5365260362868217736329765  (|support| = 9800, |cache| = 0)
  m_27 = 108308277354705890161501009  (|support| = 11225, |cache| = 0)
  m_28 = 2226698644314544597441576224  (|support| = 12800, |cache| = 0)
  m_29 = 46569072618700562730832324054  (|support| = 14535, |cache| = 0)
  m_30 = 989743797025683543174750095653  (|support| = 16441, |cache| = 0)
  m_31 = 21356474152632838101398703110550  (|support| = 18528, |cache| = 0)
  m_32 = 467461161078242741184922630921528  (|support| = 20808, |cache| = 0)
  m_33 = 10371212064446311043398728247708528  (|support| = 23292, |cache| = 0)
C4: min_diff_m0..14=32 diff_m14=127235950889137377670517607077538456 Q3(31)=128032793623685259420503023729059464 m0..6=[1, 0, 1, 1, 6, 22, 130] dt=0.850844s OK
  m_1 = 0  (|support| = 1, |cache| = 0)
  m_2 = 1  (|support| = 6, |cache| = 0)
  m_3 = 1  (|support| = 14, |cache| = 0)
  m_4 = 6  (|support| = 32, |cache| = 0)
  m_5 = 22  (|support| = 66, |cache| = 0)
  m_6 = 130  (|support| = 113, |cache| = 0)
  m_7 = 822  (|support| = 183, |cache| = 0)
  m_8 = 6202  (|support| = 284, |cache| = 0)
  m_9 = 52552  (|support| = 425, |cache| = 0)
  m_10 = 499194  (|support| = 617, |cache| = 0)
  m_11 = 5238370  (|support| = 872, |cache| = 0)
  m_12 = 60212449  (|support| = 1205, |cache| = 0)
  m_13 = 751912088  (|support| = 1632, |cache| = 0)
  m_14 = 10129431481  (|support| = 2172, |cache| = 0)
  m_15 = 146273931146  (|support| = 2846, |cache| = 0)
  m_16 = 2251095856625  (|support| = 3677, |cache| = 0)
  m_17 = 36725415148436  (|support| = 4691, |cache| = 0)
  m_18 = 632107359078601  (|support| = 5917, |cache| = 0)
  m_19 = 11427908228358741  (|support| = 7386, |cache| = 0)
  m_20 = 216161916757159252  (|support| = 9133, |cache| = 0)
  m_21 = 4262706110094517180  (|support| = 11195, |cache| = 0)
  m_22 = 87357723519491885040  (|support| = 13613, |cache| = 0)
  m_23 = 1855182921248505920962  (|support| = 16431, |cache| = 0)
  m_24 = 40722111892868939093731  (|support| = 19697, |cache| = 0)
  m_25 = 921796082989278281035410  (|support| = 23462, |cache| = 0)
  m_26 = 21473561370142039154074075  (|support| = 27781, |cache| = 0)
  m_27 = 513842638524579062385973715  (|support| = 32713, |cache| = 0)
  m_28 = 12609066759370542921964031460  (|support| = 38321, |cache| = 0)
  m_29 = 316811277692181793564055449850  (|support| = 44672, |cache| = 0)
  m_30 = 8139193290864400973208229919360  (|support| = 51838, |cache| = 0)
  m_31 = 213538508274301174629015044481150  (|support| = 59894, |cache| = 0)
  m_32 = 5714563024939578235257175603529075  (|support| = 68921, |cache| = 0)
  m_33 = 155826463150878117643454582500520600  (|support| = 79004, |cache| = 0)
C5: min_diff_m0..14=32 diff_m14=896232215905675390981088652714878880 Q3(31)=900600562710465872738491465943994760 m0..6=[1, 0, 1, 1, 6, 22, 130] dt=4.34319s OK
  m_1 = 0  (|support| = 1, |cache| = 0)
  m_2 = 1  (|support| = 6, |cache| = 0)
  m_3 = 1  (|support| = 14, |cache| = 0)
  m_4 = 6  (|support| = 32, |cache| = 0)
  m_5 = 22  (|support| = 66, |cache| = 0)
  m_6 = 130  (|support| = 132, |cache| = 0)
  m_7 = 822  (|support| = 222, |cache| = 0)
  m_8 = 6202  (|support| = 358, |cache| = 0)
  m_9 = 52552  (|support| = 557, |cache| = 0)
  m_10 = 499194  (|support| = 839, |cache| = 0)
  m_11 = 5238370  (|support| = 1230, |cache| = 0)
  m_12 = 60222844  (|support| = 1762, |cache| = 0)
  m_13 = 752587764  (|support| = 2471, |cache| = 0)
  m_14 = 10157809909  (|support| = 3402, |cache| = 0)
  m_15 = 147255018357  (|support| = 4608, |cache| = 0)
  m_16 = 2281672060530  (|support| = 6148, |cache| = 0)
  m_17 = 37624128514392  (|support| = 8093, |cache| = 0)
  m_18 = 657670228917422  (|support| = 10525, |cache| = 0)
  m_19 = 12142845824927454  (|support| = 13534, |cache| = 0)
  m_20 = 236027471009829488  (|support| = 17226, |cache| = 0)
  m_21 = 4814960157172131430  (|support| = 21720, |cache| = 0)
  m_22 = 102791343795501660408  (|support| = 27147, |cache| = 0)
  m_23 = 2290232773274587543523  (|support| = 33657, |cache| = 0)
  m_24 = 53120562001948228249604  (|support| = 41417, |cache| = 0)
  m_25 = 1279611912573214906758456  (|support| = 50609, |cache| = 0)
  m_26 = 31942453624792546688918550  (|support| = 61438, |cache| = 0)
  m_27 = 824595478322292392751646806  (|support| = 74130, |cache| = 0)
  m_28 = 21971926095229738661819857056  (|support| = 88930, |cache| = 0)
  m_29 = 603228558898428979110215192076  (|support| = 106110, |cache| = 0)
  m_30 = 17036132237797730256519684251187  (|support| = 125968, |cache| = 0)
  m_31 = 494170851033612315984674090107980  (|support| = 148824, |cache| = 0)
  m_32 = 14702493519354740263131036541337112  (|support| = 175031, |cache| = 0)
  m_33 = 448072822410819011977450503492170592  (|support| = 204972, |cache| = 0)
C6: min_diff_m0..14=32 diff_m14=1982443508406792715976441514535998744 Q3(31)=1990685567728015064975299516542760536 m0..6=[1, 0, 1, 1, 6, 22, 130] dt=16.1912s OK
  m_1 = 0  (|support| = 1, |cache| = 0)
  m_2 = 1  (|support| = 6, |cache| = 0)
  m_3 = 1  (|support| = 14, |cache| = 0)
  m_4 = 6  (|support| = 32, |cache| = 0)
  m_5 = 22  (|support| = 66, |cache| = 0)
  m_6 = 130  (|support| = 132, |cache| = 0)
  m_7 = 822  (|support| = 248, |cache| = 0)
  m_8 = 6202  (|support| = 412, |cache| = 0)
  m_9 = 52552  (|support| = 660, |cache| = 0)
  m_10 = 499194  (|support| = 1024, |cache| = 0)
  m_11 = 5238370  (|support| = 1546, |cache| = 0)
  m_12 = 60222844  (|support| = 2279, |cache| = 0)
  m_13 = 752587764  (|support| = 3288, |cache| = 0)
  m_14 = 10157945044  (|support| = 4655, |cache| = 0)
  m_15 = 147267180508  (|support| = 6479, |cache| = 0)
  m_16 = 2282353141035  (|support| = 8879, |cache| = 0)
  m_17 = 37654762955832  (|support| = 11999, |cache| = 0)
  m_18 = 658889370218907  (|support| = 16010, |cache| = 0)
  m_19 = 12187921684113162  (|support| = 21112, |cache| = 0)
  m_20 = 237620435402638589  (|support| = 27542, |cache| = 0)
  m_21 = 4869740321830527440  (|support| = 35575, |cache| = 0)
  m_22 = 104646520484691888549  (|support| = 45528, |cache| = 0)
  m_23 = 2352618374495015803088  (|support| = 57769, |cache| = 0)
  m_24 = 55215996758662457705141  (|support| = 72719, |cache| = 0)
  m_25 = 1350211721928611677832202  (|support| = 90857, |cache| = 0)
  m_26 = 34335921928269712029452425  (|support| = 112730, |cache| = 0)
  m_27 = 906431907175288322892895507  (|support| = 138956, |cache| = 0)
  m_28 = 24798756734512549620544153602  (|support| = 170231, |cache| = 0)
  m_29 = 702000036427667594820076271377  (|support| = 207339, |cache| = 0)
  m_30 = 20530261466370079647519207004624  (|support| = 251158, |cache| = 0)
  m_31 = 619400202115764817244277399188085  (|support| = 302666, |cache| = 0)
  m_32 = 19251640733626984275011242178167279  (|support| = 362955, |cache| = 0)
  m_33 = 615621027769678305547097280774257704  (|support| = 433236, |cache| = 0)
C7: min_diff_m0..14=32 diff_m14=2503412267908269049997318505396509208 Q3(31)=2513132527045696797139526835056779352 m0..6=[1, 0, 1, 1, 6, 22, 130] dt=43.9788s OK
  m_1 = 0  (|support| = 1, |cache| = 0)
  m_2 = 1  (|support| = 6, |cache| = 0)
  m_3 = 1  (|support| = 14, |cache| = 0)
  m_4 = 6  (|support| = 32, |cache| = 0)
  m_5 = 22  (|support| = 66, |cache| = 0)
  m_6 = 130  (|support| = 132, |cache| = 0)
  m_7 = 822  (|support| = 248, |cache| = 0)
  m_8 = 6202  (|support| = 453, |cache| = 0)
  m_9 = 52552  (|support| = 741, |cache| = 0)
  m_10 = 499194  (|support| = 1175, |cache| = 0)
  m_11 = 5238370  (|support| = 1813, |cache| = 0)
  m_12 = 60222844  (|support| = 2732, |cache| = 0)
  m_13 = 752587764  (|support| = 4029, |cache| = 0)
  m_14 = 10157945044  (|support| = 5830, |cache| = 0)
  m_15 = 147267180508  (|support| = 8292, |cache| = 0)
  m_16 = 2282355168060  (|support| = 11611, |cache| = 0)
  m_17 = 37655004171808  (|support| = 16028, |cache| = 0)
  m_18 = 658906737769243  (|support| = 21840, |cache| = 0)
  m_19 = 12188906396662787  (|support| = 29404, |cache| = 0)
  m_20 = 237669071954714650  (|support| = 39153, |cache| = 0)
  m_21 = 4871943827908606250  (|support| = 51603, |cache| = 0)
  m_22 = 104740917413165837629  (|support| = 67368, |cache| = 0)
  m_23 = 2356517277450056823344  (|support| = 87173, |cache| = 0)
  m_24 = 55373318653315979249154  (|support| = 111872, |cache| = 0)
  m_25 = 1356471052390972632183828  (|support| = 142460, |cache| = 0)
  m_26 = 34583139752632602291166350  (|support| = 180098, |cache| = 0)
  m_27 = 916173012324380673252168428  (|support| = 226129, |cache| = 0)
  m_28 = 25183119256191030823873623003  (|support| = 282103, |cache| = 0)
  m_29 = 717230644516925136768732436868  (|support| = 349799, |cache| = 0)
  m_30 = 21137679197689460225681666991716  (|support| = 431256, |cache| = 0)
  m_31 = 643822376056736814062423721618690  (|support| = 528795, |cache| = 0)
  m_32 = 20242867742602643890552132842794996  (|support| = 645058, |cache| = 0)
  m_33 = 656273702353822750214803930379781536  (|support| = 783035, |cache| = 0)
C8: min_diff_m0..14=32 diff_m14=2616703783082207839992816555286455672 Q3(31)=2626684849422773514081165874155217168 m0..6=[1, 0, 1, 1, 6, 22, 130] dt=90.2204s OK
  m_1 = 0  (|support| = 1, |cache| = 0)
  m_2 = 1  (|support| = 6, |cache| = 0)
  m_3 = 1  (|support| = 14, |cache| = 0)
  m_4 = 6  (|support| = 32, |cache| = 0)
  m_5 = 22  (|support| = 66, |cache| = 0)
  m_6 = 130  (|support| = 132, |cache| = 0)
  m_7 = 822  (|support| = 248, |cache| = 0)
  m_8 = 6202  (|support| = 453, |cache| = 0)
  m_9 = 52552  (|support| = 797, |cache| = 0)
  m_10 = 499194  (|support| = 1285, |cache| = 0)
  m_11 = 5238370  (|support| = 2017, |cache| = 0)
  m_12 = 60222844  (|support| = 3093, |cache| = 0)
  m_13 = 752587764  (|support| = 4642, |cache| = 0)
  m_14 = 10157945044  (|support| = 6836, |cache| = 0)
  m_15 = 147267180508  (|support| = 9896, |cache| = 0)
  m_16 = 2282355168060  (|support| = 14102, |cache| = 0)
  m_17 = 37655004171808  (|support| = 19810, |cache| = 0)
  m_18 = 658906772228668  (|support| = 27467, |cache| = 0)
  m_19 = 12188911634495388  (|support| = 37623, |cache| = 0)
  m_20 = 237669543359648821  (|support| = 50961, |cache| = 0)
  m_21 = 4871976702510223584  (|support| = 68315, |cache| = 0)
  m_22 = 104742888706825518261  (|support| = 90695, |cache| = 0)
  m_23 = 2356624528892957725974  (|support| = 119324, |cache| = 0)
  m_24 = 55378784890867004167921  (|support| = 155671, |cache| = 0)
  m_25 = 1356737482394317363644954  (|support| = 201483, |cache| = 0)
  m_26 = 34595735743061727981485525  (|support| = 258841, |cache| = 0)
  m_27 = 916756479196607425551511479  (|support| = 330203, |cache| = 0)
  m_28 = 25209797134898691244158731379  (|support| = 418455, |cache| = 0)
  m_29 = 718441392930256060776676443849  (|support| = 526982, |cache| = 0)
  m_30 = 21192452813060763406598396141433  (|support| = 659733, |cache| = 0)
  m_31 = 646300571606300237124897884018565  (|support| = 821287, |cache| = 0)
  m_32 = 20355294016611396502448624060196033  (|support| = 1016953, |cache| = 0)
  m_33 = 661398224927008166415407152623378312  (|support| = 1252852, |cache| = 0)
C9: min_diff_m0..14=32 diff_m14=2629897948401662977844646603311418984 Q3(31)=2639903581905298227830524147919008512 m0..6=[1, 0, 1, 1, 6, 22, 130] dt=165.596s OK
  m_1 = 0  (|support| = 1, |cache| = 0)
  m_2 = 1  (|support| = 6, |cache| = 0)
  m_3 = 1  (|support| = 14, |cache| = 0)
  m_4 = 6  (|support| = 32, |cache| = 0)
  m_5 = 22  (|support| = 66, |cache| = 0)
  m_6 = 130  (|support| = 132, |cache| = 0)
  m_7 = 822  (|support| = 248, |cache| = 0)
  m_8 = 6202  (|support| = 453, |cache| = 0)
  m_9 = 52552  (|support| = 797, |cache| = 0)
  m_10 = 499194  (|support| = 1368, |cache| = 0)
  m_11 = 5238370  (|support| = 2175, |cache| = 0)
  m_12 = 60222844  (|support| = 3379, |cache| = 0)
  m_13 = 752587764  (|support| = 5140, |cache| = 0)
  m_14 = 10157945044  (|support| = 7674, |cache| = 0)
  m_15 = 147267180508  (|support| = 11264, |cache| = 0)
  m_16 = 2282355168060  (|support| = 16277, |cache| = 0)
  m_17 = 37655004171808  (|support| = 23189, |cache| = 0)
  m_18 = 658906772228668  (|support| = 32607, |cache| = 0)
  m_19 = 12188911634495388  (|support| = 45297, |cache| = 0)
  m_20 = 237669544014377896  (|support| = 62225, |cache| = 0)
  m_21 = 4871976826254018760  (|support| = 84592, |cache| = 0)
  m_22 = 104742902318642987721  (|support| = 113884, |cache| = 0)
  m_23 = 2356625673660556249005  (|support| = 151931, |cache| = 0)
  m_24 = 55378866765784099582938  (|support| = 200968, |cache| = 0)
  m_25 = 1356742745861808031052580  (|support| = 263708, |cache| = 0)
  m_26 = 34596050151194950887085300  (|support| = 343433, |cache| = 0)
  m_27 = 916774311915975292234613080  (|support| = 444087, |cache| = 0)
  m_28 = 25210771976884017560119123230  (|support| = 570386, |cache| = 0)
  m_29 = 718493310120036165177971713030  (|support| = 727950, |cache| = 0)
  m_30 = 21195168052976443143484596011860  (|support| = 923441, |cache| = 0)
  m_31 = 646440869323077646850337119133435  (|support| = 1164720, |cache| = 0)
  m_32 = 20362489622862474025840279173615094  (|support| = 1461040, |cache| = 0)
  m_33 = 661765887915212915849671373353866304  (|support| = 1823238, |cache| = 0)
C10: min_diff_m0..14=32 diff_m14=2630786892228913400074096068806428368 Q3(31)=2640793835960280933908647925867117528 m0..6=[1, 0, 1, 1, 6, 22, 130] dt=230.466s OK
  m_1 = 0  (|support| = 1, |cache| = 0)
  m_2 = 1  (|support| = 6, |cache| = 0)
  m_3 = 1  (|support| = 14, |cache| = 0)
  m_4 = 6  (|support| = 32, |cache| = 0)
  m_5 = 22  (|support| = 66, |cache| = 0)
  m_6 = 130  (|support| = 132, |cache| = 0)
  m_7 = 822  (|support| = 248, |cache| = 0)
  m_8 = 6202  (|support| = 453, |cache| = 0)
  m_9 = 52552  (|support| = 797, |cache| = 0)
  m_10 = 499194  (|support| = 1368, |cache| = 0)
  m_11 = 5238370  (|support| = 2287, |cache| = 0)
  m_12 = 60222844  (|support| = 3590, |cache| = 0)
  m_13 = 752587764  (|support| = 5520, |cache| = 0)
  m_14 = 10157945044  (|support| = 8332, |cache| = 0)
  m_15 = 147267180508  (|support| = 12367, |cache| = 0)
  m_16 = 2282355168060  (|support| = 18075, |cache| = 0)
  m_17 = 37655004171808  (|support| = 26047, |cache| = 0)
  m_18 = 658906772228668  (|support| = 37051, |cache| = 0)
  m_19 = 12188911634495388  (|support| = 52072, |cache| = 0)
  m_20 = 237669544014377896  (|support| = 72370, |cache| = 0)
  m_21 = 4871976826254018760  (|support| = 99539, |cache| = 0)
  m_22 = 104742902332392298296  (|support| = 135582, |cache| = 0)
  m_23 = 2356625676822897681256  (|support| = 183002, |cache| = 0)
  m_24 = 55378867183213168640191  (|support| = 244905, |cache| = 0)
  m_25 = 1356742787517750547435556  (|support| = 325120, |cache| = 0)
  m_26 = 34596053653084888587835975  (|support| = 428346, |cache| = 0)
  m_27 = 916774574388941716193437406  (|support| = 560316, |cache| = 0)
  m_28 = 25210790126766207642859566381  (|support| = 727988, |cache| = 0)
  m_29 = 718494494306787505356057163358  (|support| = 939770, |cache| = 0)
  m_30 = 21195242098815249822887028230741  (|support| = 1205776, |cache| = 0)
  m_31 = 646445357006513664705886946843490  (|support| = 1538113, |cache| = 0)
  m_32 = 20362755480182347933866538995494171  (|support| = 1951225, |cache| = 0)
  m_33 = 661781382542660514273114111704768276  (|support| = 2462270, |cache| = 0)
C11: min_diff_m0..14=32 diff_m14=2630822454108956347338168952729782456 Q3(31)=2640829437736946799823912245007377232 m0..6=[1, 0, 1, 1, 6, 22, 130] dt=402.961s OK
  m_1 = 0  (|support| = 1, |cache| = 0)
  m_2 = 1  (|support| = 6, |cache| = 0)
  m_3 = 1  (|support| = 14, |cache| = 0)
  m_4 = 6  (|support| = 32, |cache| = 0)
  m_5 = 22  (|support| = 66, |cache| = 0)
  m_6 = 130  (|support| = 132, |cache| = 0)
  m_7 = 822  (|support| = 248, |cache| = 0)
  m_8 = 6202  (|support| = 453, |cache| = 0)
  m_9 = 52552  (|support| = 797, |cache| = 0)
  m_10 = 499194  (|support| = 1368, |cache| = 0)
  m_11 = 5238370  (|support| = 2287, |cache| = 0)
  m_12 = 60222844  (|support| = 3750, |cache| = 0)
  m_13 = 752587764  (|support| = 5813, |cache| = 0)
  m_14 = 10157945044  (|support| = 8849, |cache| = 0)
  m_15 = 147267180508  (|support| = 13250, |cache| = 0)
  m_16 = 2282355168060  (|support| = 19540, |cache| = 0)
  m_17 = 37655004171808  (|support| = 28417, |cache| = 0)
  m_18 = 658906772228668  (|support| = 40801, |cache| = 0)
  m_19 = 12188911634495388  (|support| = 57885, |cache| = 0)
  m_20 = 237669544014377896  (|support| = 81219, |cache| = 0)
  m_21 = 4871976826254018760  (|support| = 112789, |cache| = 0)
  m_22 = 104742902332392298296  (|support| = 155122, |cache| = 0)
  m_23 = 2356625676822897681256  (|support| = 211419, |cache| = 0)
  m_24 = 55378867183529402783416  (|support| = 285706, |cache| = 0)
  m_25 = 1356742787604714936822432  (|support| = 383005, |cache| = 0)
  m_26 = 34596053666651333332188775  (|support| = 509565, |cache| = 0)
  m_27 = 916774575973654254722654931  (|support| = 673105, |cache| = 0)
  m_28 = 25210790281441963967837118606  (|support| = 883110, |cache| = 0)
  m_29 = 718494507671679835078636755486  (|support| = 1151189, |cache| = 0)
  m_30 = 21195243157554621321714627461307  (|support| = 1491482, |cache| = 0)
  m_31 = 646445435698859051677313479242930  (|support| = 1921118, |cache| = 0)
  m_32 = 20362761057331977130352871988484132  (|support| = 2460790, |cache| = 0)
  m_33 = 661781763904928679897895262953361936  (|support| = 3135375, |cache| = 0)
C12: min_diff_m0..14=32 diff_m14=2630823292007007051805845428365532296 Q3(31)=2640830276306889280238209378658219608 m0..6=[1, 0, 1, 1, 6, 22, 130] dt=485.046s OK
  m_1 = 0  (|support| = 1, |cache| = 0)
  m_2 = 1  (|support| = 6, |cache| = 0)
  m_3 = 1  (|support| = 14, |cache| = 0)
  m_4 = 6  (|support| = 32, |cache| = 0)
  m_5 = 22  (|support| = 66, |cache| = 0)
  m_6 = 130  (|support| = 132, |cache| = 0)
  m_7 = 822  (|support| = 248, |cache| = 0)
  m_8 = 6202  (|support| = 453, |cache| = 0)
  m_9 = 52552  (|support| = 797, |cache| = 0)
  m_10 = 499194  (|support| = 1368, |cache| = 0)
  m_11 = 5238370  (|support| = 2287, |cache| = 0)
  m_12 = 60222844  (|support| = 3750, |cache| = 0)
  m_13 = 752587764  (|support| = 6026, |cache| = 0)
  m_14 = 10157945044  (|support| = 9236, |cache| = 0)
  m_15 = 147267180508  (|support| = 13927, |cache| = 0)
  m_16 = 2282355168060  (|support| = 20688, |cache| = 0)
  m_17 = 37655004171808  (|support| = 30312, |cache| = 0)
  m_18 = 658906772228668  (|support| = 43854, |cache| = 0)
  m_19 = 12188911634495388  (|support| = 62701, |cache| = 0)
  m_20 = 237669544014377896  (|support| = 88672, |cache| = 0)
  m_21 = 4871976826254018760  (|support| = 124124, |cache| = 0)
  m_22 = 104742902332392298296  (|support| = 172092, |cache| = 0)
  m_23 = 2356625676822897681256  (|support| = 236462, |cache| = 0)
  m_24 = 55378867183529402783416  (|support| = 322173, |cache| = 0)
  m_25 = 1356742787604714936822432  (|support| = 435460, |cache| = 0)
  m_26 = 34596053666659239185769400  (|support| = 584162, |cache| = 0)
  m_27 = 916774575976215751282777432  (|support| = 778068, |cache| = 0)
  m_28 = 25210790281908156341779413957  (|support| = 1029342, |cache| = 0)
  m_29 = 718494507734690729335230296316  (|support| = 1353031, |cache| = 0)
  m_30 = 21195243164620458352881384040773  (|support| = 1767655, |cache| = 0)
  m_31 = 646445436395914497328156580555070  (|support| = 2295900, |cache| = 0)
  m_32 = 20362761120026934082215508458169917  (|support| = 2965455, |cache| = 0)
  m_33 = 661781769169240409486211654428145672  (|support| = 3809959, |cache| = 0)
C13: min_diff_m0..14=32 diff_m14=2630823303163838083172684415336801344 Q3(31)=2640830287469485564936794471280863656 m0..6=[1, 0, 1, 1, 6, 22, 130] dt=668.182s OK
  m_1 = 0  (|support| = 1, |cache| = 0)
  m_2 = 1  (|support| = 6, |cache| = 0)
  m_3 = 1  (|support| = 14, |cache| = 0)
  m_4 = 6  (|support| = 32, |cache| = 0)
  m_5 = 22  (|support| = 66, |cache| = 0)
  m_6 = 130  (|support| = 132, |cache| = 0)
  m_7 = 822  (|support| = 248, |cache| = 0)
  m_8 = 6202  (|support| = 453, |cache| = 0)
  m_9 = 52552  (|support| = 797, |cache| = 0)
  m_10 = 499194  (|support| = 1368, |cache| = 0)
  m_11 = 5238370  (|support| = 2287, |cache| = 0)
  m_12 = 60222844  (|support| = 3750, |cache| = 0)
  m_13 = 752587764  (|support| = 6026, |cache| = 0)
  m_14 = 10157945044  (|support| = 9531, |cache| = 0)
  m_15 = 147267180508  (|support| = 14451, |cache| = 0)
  m_16 = 2282355168060  (|support| = 21590, |cache| = 0)
  m_17 = 37655004171808  (|support| = 31822, |cache| = 0)
  m_18 = 658906772228668  (|support| = 46321, |cache| = 0)
  m_19 = 12188911634495388  (|support| = 66646, |cache| = 0)
  m_20 = 237669544014377896  (|support| = 94858, |cache| = 0)
  m_21 = 4871976826254018760  (|support| = 133655, |cache| = 0)
  m_22 = 104742902332392298296  (|support| = 186543, |cache| = 0)
  m_23 = 2356625676822897681256  (|support| = 258052, |cache| = 0)
  m_24 = 55378867183529402783416  (|support| = 353995, |cache| = 0)
  m_25 = 1356742787604714936822432  (|support| = 481781, |cache| = 0)
  m_26 = 34596053666659239185769400  (|support| = 650808, |cache| = 0)
  m_27 = 916774575976215751282777432  (|support| = 872926, |cache| = 0)
  m_28 = 25210790281908369799826090832  (|support| = 1162997, |cache| = 0)
  m_29 = 718494507734771203018827478192  (|support| = 1539574, |cache| = 0)
  m_30 = 21195243164637357826436792234929  (|support| = 2025707, |cache| = 0)
  m_31 = 646445436398531229146269375614209  (|support| = 2649895, |cache| = 0)
  m_32 = 20362761120360996090908262119874814  (|support| = 3447236, |cache| = 0)
  m_33 = 661781769206551985493235696371038192  (|support| = 4460767, |cache| = 0)
C14: min_diff_m0..14=32 diff_m14=2630823303240699131865190143280800024 Q3(31)=2640830287546367777069074120991598240 m0..6=[1, 0, 1, 1, 6, 22, 130] dt=859.293s OK
  m_1 = 0  (|support| = 1, |cache| = 0)
  m_2 = 1  (|support| = 6, |cache| = 0)
  m_3 = 1  (|support| = 14, |cache| = 0)
  m_4 = 6  (|support| = 32, |cache| = 0)
  m_5 = 22  (|support| = 66, |cache| = 0)
  m_6 = 130  (|support| = 132, |cache| = 0)
  m_7 = 822  (|support| = 248, |cache| = 0)
  m_8 = 6202  (|support| = 453, |cache| = 0)
  m_9 = 52552  (|support| = 797, |cache| = 0)
  m_10 = 499194  (|support| = 1368, |cache| = 0)
  m_11 = 5238370  (|support| = 2287, |cache| = 0)
  m_12 = 60222844  (|support| = 3750, |cache| = 0)
  m_13 = 752587764  (|support| = 6026, |cache| = 0)
  m_14 = 10157945044  (|support| = 9531, |cache| = 0)
  m_15 = 147267180508  (|support| = 14840, |cache| = 0)
  m_16 = 2282355168060  (|support| = 22274, |cache| = 0)
  m_17 = 37655004171808  (|support| = 32989, |cache| = 0)
  m_18 = 658906772228668  (|support| = 48261, |cache| = 0)
  m_19 = 12188911634495388  (|support| = 69796, |cache| = 0)
  m_20 = 237669544014377896  (|support| = 99869, |cache| = 0)
  m_21 = 4871976826254018760  (|support| = 141481, |cache| = 0)
  m_22 = 104742902332392298296  (|support| = 198561, |cache| = 0)
  m_23 = 2356625676822897681256  (|support| = 276228, |cache| = 0)
  m_24 = 55378867183529402783416  (|support| = 381103, |cache| = 0)
  m_25 = 1356742787604714936822432  (|support| = 521690, |cache| = 0)
  m_26 = 34596053666659239185769400  (|support| = 708865, |cache| = 0)
  m_27 = 916774575976215751282777432  (|support| = 956452, |cache| = 0)
  m_28 = 25210790281908369799826090832  (|support| = 1281924, |cache| = 0)
  m_29 = 718494507734771203018827478192  (|support| = 1707273, |cache| = 0)
  m_30 = 21195243164637364016720145864304  (|support| = 2260040, |cache| = 0)
  m_31 = 646445436398533915729244850762960  (|support| = 2974544, |cache| = 0)
  m_32 = 20362761120361640870822376155575279  (|support| = 3893395, |cache| = 0)
  m_33 = 661781769206665371768221705211709488  (|support| = 5069257, |cache| = 0)
C15: min_diff_m0..14=32 diff_m14=2630823303240928098202060420383608416 Q3(31)=2640830287546596764898608201895596640 m0..6=[1, 0, 1, 1, 6, 22, 130] dt=1063.58s OK

Summary table:
group,rank,min_chain_diff,last_chain_diff,last_odd_Q3,seconds
C2,2,32,260268291318609962976935078040,265727447569471171735098649984,0.0172183
C3,3,32,2335983195351673478145659494389792,2356769789681739300397750107789768,0.126262
C4,4,32,127235950889137377670517607077538456,128032793623685259420503023729059464,0.850844
C5,5,32,896232215905675390981088652714878880,900600562710465872738491465943994760,4.34319
C6,6,32,1982443508406792715976441514535998744,1990685567728015064975299516542760536,16.1912
C7,7,32,2503412267908269049997318505396509208,2513132527045696797139526835056779352,43.9788
C8,8,32,2616703783082207839992816555286455672,2626684849422773514081165874155217168,90.2204
C9,9,32,2629897948401662977844646603311418984,2639903581905298227830524147919008512,165.596
C10,10,32,2630786892228913400074096068806428368,2640793835960280933908647925867117528,230.466
C11,11,32,2630822454108956347338168952729782456,2640829437736946799823912245007377232,402.961
C12,12,32,2630823292007007051805845428365532296,2640830276306889280238209378658219608,485.046
C13,13,32,2630823303163838083172684415336801344,2640830287469485564936794471280863656,668.182
C14,14,32,2630823303240699131865190143280800024,2640830287546367777069074120991598240,859.293
C15,15,32,2630823303240928098202060420383608416,2640830287546596764898608201895596640,1063.58

RESULT: ALL PASS
END C m14 nocache rc=0 2026-05-04T12:02:04+00:00
