BEGIN D16_22 m14 no-reflect-cache 2026-05-04T10:54:52+00:00
Exact classical Chain bridge C++: max_chain=14, moment_max=33, families=D, rank_min=16, rank_cap=22, reflect_cache_limit=0
  m_1 = 0  (|support| = 1, |cache| = 0)
  m_2 = 1  (|support| = 6, |cache| = 0)
  m_3 = 1  (|support| = 14, |cache| = 0)
  m_4 = 6  (|support| = 32, |cache| = 0)
  m_5 = 22  (|support| = 66, |cache| = 0)
  m_6 = 130  (|support| = 132, |cache| = 0)
  m_7 = 822  (|support| = 248, |cache| = 0)
  m_8 = 6202  (|support| = 454, |cache| = 0)
  m_9 = 52552  (|support| = 798, |cache| = 0)
  m_10 = 499194  (|support| = 1367, |cache| = 0)
  m_11 = 5238370  (|support| = 2278, |cache| = 0)
  m_12 = 60222844  (|support| = 3718, |cache| = 0)
  m_13 = 752587764  (|support| = 5939, |cache| = 0)
  m_14 = 10157945044  (|support| = 9326, |cache| = 0)
  m_15 = 147267180508  (|support| = 14397, |cache| = 0)
  m_16 = 2282355168061  (|support| = 21903, |cache| = 0)
  m_17 = 37655004171928  (|support| = 32858, |cache| = 0)
  m_18 = 658906772237984  (|support| = 48683, |cache| = 0)
  m_19 = 12188911635085833  (|support| = 71274, |cache| = 0)
  m_20 = 237669544047747197  (|support| = 103232, |cache| = 0)
  m_21 = 4871976828011919794  (|support| = 147990, |cache| = 0)
  m_22 = 104742902420973549957  (|support| = 210157, |cache| = 0)
  m_23 = 2356625681163205363736  (|support| = 295767, |cache| = 0)
  m_24 = 55378867392620511309002  (|support| = 412781, |cache| = 0)
  m_25 = 1356742797585423050737488  (|support| = 571507, |cache| = 0)
  m_26 = 34596054141383021209630160  (|support| = 785372, |cache| = 0)
  m_27 = 916774598569764147554269838  (|support| = 1071585, |cache| = 0)
  m_28 = 25210791361243550135279683098  (|support| = 1452277, |cache| = 0)
  m_29 = 718494559614685594031335760828  (|support| = 1955571, |cache| = 0)
  m_30 = 21195245678361648189732711304346  (|support| = 2617231, |cache| = 0)
  m_31 = 646445559350783035972972038441360  (|support| = 3482302, |cache| = 0)
  m_32 = 20362767198118629899554292496925346  (|support| = 4607532, |cache| = 0)
  m_33 = 661782073098581644945335800873801600  (|support| = 6063806, |cache| = 0)
D16: min_diff_m0..14=32 diff_m14=2630824051032925897505811888243934560 Q3(31)=2640831036520600438345967278125940096 m0..6=[1, 0, 1, 1, 6, 22, 130] dt=1194.71s OK
  m_1 = 0  (|support| = 1, |cache| = 0)
  m_2 = 1  (|support| = 6, |cache| = 0)
  m_3 = 1  (|support| = 14, |cache| = 0)
  m_4 = 6  (|support| = 32, |cache| = 0)
  m_5 = 22  (|support| = 66, |cache| = 0)
  m_6 = 130  (|support| = 132, |cache| = 0)
  m_7 = 822  (|support| = 248, |cache| = 0)
  m_8 = 6202  (|support| = 453, |cache| = 0)
  m_9 = 52552  (|support| = 797, |cache| = 0)
  m_10 = 499194  (|support| = 1367, |cache| = 0)
  m_11 = 5238370  (|support| = 2281, |cache| = 0)
  m_12 = 60222844  (|support| = 3729, |cache| = 0)
  m_13 = 752587764  (|support| = 5968, |cache| = 0)
  m_14 = 10157945044  (|support| = 9390, |cache| = 0)
  m_15 = 147267180508  (|support| = 14528, |cache| = 0)
  m_16 = 2282355168060  (|support| = 22156, |cache| = 0)
  m_17 = 37655004171809  (|support| = 33321, |cache| = 0)
  m_18 = 658906772228804  (|support| = 49503, |cache| = 0)
  m_19 = 12188911634507169  (|support| = 72679, |cache| = 0)
  m_20 = 237669544015203332  (|support| = 105579, |cache| = 0)
  m_21 = 4871976826305228815  (|support| = 151819, |cache| = 0)
  m_22 = 104742902335337098056  (|support| = 216286, |cache| = 0)
  m_23 = 2356625676984111326486  (|support| = 305393, |cache| = 0)
  m_24 = 55378867192076364700196  (|support| = 427669, |cache| = 0)
  m_25 = 1356742788048640281284538  (|support| = 594189, |cache| = 0)
  m_26 = 34596053689433506733281700  (|support| = 819475, |cache| = 0)
  m_27 = 916774577137129005154600598  (|support| = 1122218, |cache| = 0)
  m_28 = 25210790340969754962421789248  (|support| = 1526611, |cache| = 0)
  m_29 = 718494510743756792044007419838  (|support| = 2063521, |cache| = 0)
  m_30 = 21195243318550996434059020666496  (|support| = 2772471, |cache| = 0)
  m_31 = 646445444319040020212678185571340  (|support| = 3703455, |cache| = 0)
  m_32 = 20362761531073548983608373557834091  (|support| = 4919856, |cache| = 0)
  m_33 = 661781790693616165270258381782032231  (|support| = 6501235, |cache| = 0)
D17: min_diff_m0..14=32 diff_m14=2630823354971213242425848533861548702 Q3(31)=2640830339351422242406157293703211838 m0..6=[1, 0, 1, 1, 6, 22, 130] dt=1413.34s OK
  m_1 = 0  (|support| = 1, |cache| = 0)
  m_2 = 1  (|support| = 6, |cache| = 0)
  m_3 = 1  (|support| = 14, |cache| = 0)
  m_4 = 6  (|support| = 32, |cache| = 0)
  m_5 = 22  (|support| = 66, |cache| = 0)
  m_6 = 130  (|support| = 132, |cache| = 0)
  m_7 = 822  (|support| = 248, |cache| = 0)
  m_8 = 6202  (|support| = 453, |cache| = 0)
  m_9 = 52552  (|support| = 798, |cache| = 0)
  m_10 = 499194  (|support| = 1369, |cache| = 0)
  m_11 = 5238370  (|support| = 2286, |cache| = 0)
  m_12 = 60222844  (|support| = 3741, |cache| = 0)
  m_13 = 752587764  (|support| = 5994, |cache| = 0)
  m_14 = 10157945044  (|support| = 9444, |cache| = 0)
  m_15 = 147267180508  (|support| = 14635, |cache| = 0)
  m_16 = 2282355168060  (|support| = 22357, |cache| = 0)
  m_17 = 37655004171808  (|support| = 33688, |cache| = 0)
  m_18 = 658906772228669  (|support| = 50151, |cache| = 0)
  m_19 = 12188911634495541  (|support| = 73793, |cache| = 0)
  m_20 = 237669544014392602  (|support| = 107445, |cache| = 0)
  m_21 = 4871976826255152320  (|support| = 154884, |cache| = 0)
  m_22 = 104742902332469167452  (|support| = 221215, |cache| = 0)
  m_23 = 2356625676827704018121  (|support| = 313191, |cache| = 0)
  m_24 = 55378867183814247940244  (|support| = 439804, |cache| = 0)
  m_25 = 1356742787621001039599388  (|support| = 612806, |cache| = 0)
  m_26 = 34596053667568449975473150  (|support| = 847647, |cache| = 0)
  m_27 = 916774576026202960148706338  (|support| = 1164340, |cache| = 0)
  m_28 = 25210790284631792013794638548  (|support| = 1588851, |cache| = 0)
  m_29 = 718494507882501323723365524608  (|support| = 2154528, |cache| = 0)
  m_30 = 21195243172644499880733296515421  (|support| = 2904199, |cache| = 0)
  m_31 = 646445436833390688302625035294340  (|support| = 3892360, |cache| = 0)
  m_32 = 20362761144076637778376928437181771  (|support| = 5188356, |cache| = 0)
  m_33 = 661781770507605818647058841294513056  (|support| = 6879740, |cache| = 0)
D18: min_diff_m0..14=32 diff_m14=2630823306310280818860771627555409272 Q3(31)=2640830290619962070854599758105792488 m0..6=[1, 0, 1, 1, 6, 22, 130] dt=1517.06s OK
  m_1 = 0  (|support| = 1, |cache| = 0)
  m_2 = 1  (|support| = 6, |cache| = 0)
  m_3 = 1  (|support| = 14, |cache| = 0)
  m_4 = 6  (|support| = 32, |cache| = 0)
  m_5 = 22  (|support| = 66, |cache| = 0)
  m_6 = 130  (|support| = 132, |cache| = 0)
  m_7 = 822  (|support| = 248, |cache| = 0)
  m_8 = 6202  (|support| = 453, |cache| = 0)
  m_9 = 52552  (|support| = 797, |cache| = 0)
  m_10 = 499194  (|support| = 1368, |cache| = 0)
  m_11 = 5238370  (|support| = 2286, |cache| = 0)
  m_12 = 60222844  (|support| = 3744, |cache| = 0)
  m_13 = 752587764  (|support| = 6005, |cache| = 0)
  m_14 = 10157945044  (|support| = 9473, |cache| = 0)
  m_15 = 147267180508  (|support| = 14699, |cache| = 0)
  m_16 = 2282355168060  (|support| = 22488, |cache| = 0)
  m_17 = 37655004171808  (|support| = 33940, |cache| = 0)
  m_18 = 658906772228668  (|support| = 50613, |cache| = 0)
  m_19 = 12188911634495389  (|support| = 74609, |cache| = 0)
  m_20 = 237669544014378067  (|support| = 108847, |cache| = 0)
  m_21 = 4871976826254036905  (|support| = 157224, |cache| = 0)
  m_22 = 104742902332393830267  (|support| = 225042, |cache| = 0)
  m_23 = 2356625676823010790197  (|support| = 319322, |cache| = 0)
  m_24 = 55378867183537065478688  (|support| = 449459, |cache| = 0)
  m_25 = 1356742787605204955504388  (|support| = 627767, |cache| = 0)
  m_26 = 34596053666689363173158000  (|support| = 870511, |cache| = 0)
  m_27 = 916774575978018318717951938  (|support| = 1198811, |cache| = 0)
  m_28 = 25210790282014296389848150263  (|support| = 1640215, |cache| = 0)
  m_29 = 718494507740924221285667021123  (|support| = 2230200, |cache| = 0)
  m_30 = 21195243164992404510472007331821  (|support| = 3014543, |cache| = 0)
  m_31 = 646445436418961424201813112808040  (|support| = 4051696, |cache| = 0)
  m_32 = 20362761121537028042132191592510771  (|support| = 5416382, |cache| = 0)
  m_33 = 661781769274458479817852943438780136  (|support| = 7203265, |cache| = 0)
D19: min_diff_m0..14=32 diff_m14=2630823303397895507275141753608657912 Q3(31)=2640830287703749242571657609686312808 m0..6=[1, 0, 1, 1, 6, 22, 130] dt=1637.42s OK
  m_1 = 0  (|support| = 1, |cache| = 0)
  m_2 = 1  (|support| = 6, |cache| = 0)
  m_3 = 1  (|support| = 14, |cache| = 0)
  m_4 = 6  (|support| = 32, |cache| = 0)
  m_5 = 22  (|support| = 66, |cache| = 0)
  m_6 = 130  (|support| = 132, |cache| = 0)
  m_7 = 822  (|support| = 248, |cache| = 0)
  m_8 = 6202  (|support| = 453, |cache| = 0)
  m_9 = 52552  (|support| = 797, |cache| = 0)
  m_10 = 499194  (|support| = 1369, |cache| = 0)
  m_11 = 5238370  (|support| = 2288, |cache| = 0)
  m_12 = 60222844  (|support| = 3749, |cache| = 0)
  m_13 = 752587764  (|support| = 6017, |cache| = 0)
  m_14 = 10157945044  (|support| = 9499, |cache| = 0)
  m_15 = 147267180508  (|support| = 14753, |cache| = 0)
  m_16 = 2282355168060  (|support| = 22595, |cache| = 0)
  m_17 = 37655004171808  (|support| = 34141, |cache| = 0)
  m_18 = 658906772228668  (|support| = 50979, |cache| = 0)
  m_19 = 12188911634495388  (|support| = 75256, |cache| = 0)
  m_20 = 237669544014377897  (|support| = 109957, |cache| = 0)
  m_21 = 4871976826254018950  (|support| = 159087, |cache| = 0)
  m_22 = 104742902332392320451  (|support| = 228100, |cache| = 0)
  m_23 = 2356625676822899721932  (|support| = 324249, |cache| = 0)
  m_24 = 55378867183529566242944  (|support| = 457259, |cache| = 0)
  m_25 = 1356742787604726896242488  (|support| = 639931, |cache| = 0)
  m_26 = 34596053666660061967399175  (|support| = 889201, |cache| = 0)
  m_27 = 916774575976269986059606808  (|support| = 1227165, |cache| = 0)
  m_28 = 25210790281911839335548304563  (|support| = 1682704, |cache| = 0)
  m_29 = 718494507734988601554089113388  (|support| = 2293168, |cache| = 0)
  m_30 = 21195243164650797251733003747221  (|support| = 3106881, |cache| = 0)
  m_31 = 646445436399356676232500328780290  (|support| = 4185803, |cache| = 0)
  m_32 = 20362761120411789307795209237772931  (|support| = 5609355, |cache| = 0)
  m_33 = 661781769209716703730698946935595536  (|support| = 7478590, |cache| = 0)
D20: min_diff_m0..14=32 diff_m14=2630823303247870177329632565068302272 Q3(31)=2640830287553546171716529450932408408 m0..6=[1, 0, 1, 1, 6, 22, 130] dt=1740.91s OK
  m_1 = 0  (|support| = 1, |cache| = 0)
  m_2 = 1  (|support| = 6, |cache| = 0)
  m_3 = 1  (|support| = 14, |cache| = 0)
  m_4 = 6  (|support| = 32, |cache| = 0)
  m_5 = 22  (|support| = 66, |cache| = 0)
  m_6 = 130  (|support| = 132, |cache| = 0)
  m_7 = 822  (|support| = 248, |cache| = 0)
  m_8 = 6202  (|support| = 453, |cache| = 0)
  m_9 = 52552  (|support| = 797, |cache| = 0)
  m_10 = 499194  (|support| = 1368, |cache| = 0)
  m_11 = 5238370  (|support| = 2287, |cache| = 0)
  m_12 = 60222844  (|support| = 3749, |cache| = 0)
  m_13 = 752587764  (|support| = 6020, |cache| = 0)
  m_14 = 10157945044  (|support| = 9510, |cache| = 0)
  m_15 = 147267180508  (|support| = 14782, |cache| = 0)
  m_16 = 2282355168060  (|support| = 22659, |cache| = 0)
  m_17 = 37655004171808  (|support| = 34272, |cache| = 0)
  m_18 = 658906772228668  (|support| = 51231, |cache| = 0)
  m_19 = 12188911634495388  (|support| = 75717, |cache| = 0)
  m_20 = 237669544014377896  (|support| = 110772, |cache| = 0)
  m_21 = 4871976826254018761  (|support| = 160485, |cache| = 0)
  m_22 = 104742902332392298506  (|support| = 230437, |cache| = 0)
  m_23 = 2356625676822897708052  (|support| = 328069, |cache| = 0)
  m_24 = 55378867183529405466251  (|support| = 463388, |cache| = 0)
  m_25 = 1356742787604715169202933  (|support| = 649588, |cache| = 0)
  m_26 = 34596053666659257492985055  (|support| = 904191, |cache| = 0)
  m_27 = 916774575976217102579812208  (|support| = 1250102, |cache| = 0)
  m_28 = 25210790281908465065036644788  (|support| = 1717357, |cache| = 0)
  m_29 = 718494507734777703005916263123  (|support| = 2344898, |cache| = 0)
  m_30 = 21195243164637797331338064163856  (|support| = 3183277, |cache| = 0)
  m_31 = 646445436398562337929073011239580  (|support| = 4297469, |cache| = 0)
  m_32 = 20362761120363485196953645115928631  (|support| = 5771053, |cache| = 0)
  m_33 = 661781769206784317657115022796229836  (|support| = 7710654, |cache| = 0)
D21: min_diff_m0..14=32 diff_m14=2630823303241194281294363094448400352 Q3(31)=2640830287546863197117224110643370968 m0..6=[1, 0, 1, 1, 6, 22, 130] dt=1949.3s OK
  m_1 = 0  (|support| = 1, |cache| = 0)
  m_2 = 1  (|support| = 6, |cache| = 0)
  m_3 = 1  (|support| = 14, |cache| = 0)
  m_4 = 6  (|support| = 32, |cache| = 0)
  m_5 = 22  (|support| = 66, |cache| = 0)
  m_6 = 130  (|support| = 132, |cache| = 0)
  m_7 = 822  (|support| = 248, |cache| = 0)
  m_8 = 6202  (|support| = 453, |cache| = 0)
  m_9 = 52552  (|support| = 797, |cache| = 0)
  m_10 = 499194  (|support| = 1368, |cache| = 0)
  m_11 = 5238370  (|support| = 2288, |cache| = 0)
  m_12 = 60222844  (|support| = 3751, |cache| = 0)
  m_13 = 752587764  (|support| = 6025, |cache| = 0)
  m_14 = 10157945044  (|support| = 9522, |cache| = 0)
  m_15 = 147267180508  (|support| = 14808, |cache| = 0)
  m_16 = 2282355168060  (|support| = 22713, |cache| = 0)
  m_17 = 37655004171808  (|support| = 34379, |cache| = 0)
  m_18 = 658906772228668  (|support| = 51432, |cache| = 0)
  m_19 = 12188911634495388  (|support| = 76083, |cache| = 0)
  m_20 = 237669544014377896  (|support| = 111418, |cache| = 0)
  m_21 = 4871976826254018760  (|support| = 161594, |cache| = 0)
  m_22 = 104742902332392298297  (|support| = 232296, |cache| = 0)
  m_23 = 2356625676822897681487  (|support| = 331124, |cache| = 0)
  m_24 = 55378867183529402815547  (|support| = 468308, |cache| = 0)
  m_25 = 1356742787604714940307508  (|support| = 657386, |cache| = 0)
  m_26 = 34596053666659239511216250  (|support| = 916357, |cache| = 0)
  m_27 = 916774575976215778814509088  (|support| = 1268821, |cache| = 0)
  m_28 = 25210790281908371974618661238  (|support| = 1745784, |cache| = 0)
  m_29 = 718494507734771366614429005278  (|support| = 2387569, |cache| = 0)
  m_30 = 21195243164637375895762128478181  (|support| = 3246611, |cache| = 0)
  m_31 = 646445436398534756510366372281965  (|support| = 4390530, |cache| = 0)
  m_32 = 20362761120361699491094861105748471  (|support| = 5906479, |cache| = 0)
  m_33 = 661781769206669475444498753834826256  (|support| = 7905982, |cache| = 0)
D22: min_diff_m0..14=32 diff_m14=2630823303240937122726265615173956472 Q3(31)=2640830287546605796683450029601538528 m0..6=[1, 0, 1, 1, 6, 22, 130] dt=2053.38s OK

Summary table:
group,rank,min_chain_diff,last_chain_diff,last_odd_Q3,seconds
D16,16,32,2630824051032925897505811888243934560,2640831036520600438345967278125940096,1194.71
D17,17,32,2630823354971213242425848533861548702,2640830339351422242406157293703211838,1413.34
D18,18,32,2630823306310280818860771627555409272,2640830290619962070854599758105792488,1517.06
D19,19,32,2630823303397895507275141753608657912,2640830287703749242571657609686312808,1637.42
D20,20,32,2630823303247870177329632565068302272,2640830287553546171716529450932408408,1740.91
D21,21,32,2630823303241194281294363094448400352,2640830287546863197117224110643370968,1949.3
D22,22,32,2630823303240937122726265615173956472,2640830287546605796683450029601538528,2053.38

RESULT: ALL PASS
END D16_22 m14 nocache rc=0 2026-05-04T14:06:39+00:00
