BEGIN D23_27 m14 no-reflect-cache 2026-05-04T10:54:52+00:00
Exact classical Chain bridge C++: max_chain=14, moment_max=33, families=D, rank_min=23, rank_cap=27, reflect_cache_limit=0
  m_1 = 0  (|support| = 1, |cache| = 0)
  m_2 = 1  (|support| = 6, |cache| = 0)
  m_3 = 1  (|support| = 14, |cache| = 0)
  m_4 = 6  (|support| = 32, |cache| = 0)
  m_5 = 22  (|support| = 66, |cache| = 0)
  m_6 = 130  (|support| = 132, |cache| = 0)
  m_7 = 822  (|support| = 248, |cache| = 0)
  m_8 = 6202  (|support| = 453, |cache| = 0)
  m_9 = 52552  (|support| = 797, |cache| = 0)
  m_10 = 499194  (|support| = 1368, |cache| = 0)
  m_11 = 5238370  (|support| = 2287, |cache| = 0)
  m_12 = 60222844  (|support| = 3750, |cache| = 0)
  m_13 = 752587764  (|support| = 6025, |cache| = 0)
  m_14 = 10157945044  (|support| = 9525, |cache| = 0)
  m_15 = 147267180508  (|support| = 14819, |cache| = 0)
  m_16 = 2282355168060  (|support| = 22742, |cache| = 0)
  m_17 = 37655004171808  (|support| = 34443, |cache| = 0)
  m_18 = 658906772228668  (|support| = 51563, |cache| = 0)
  m_19 = 12188911634495388  (|support| = 76335, |cache| = 0)
  m_20 = 237669544014377896  (|support| = 111879, |cache| = 0)
  m_21 = 4871976826254018760  (|support| = 162408, |cache| = 0)
  m_22 = 104742902332392298296  (|support| = 233693, |cache| = 0)
  m_23 = 2356625676822897681257  (|support| = 333457, |cache| = 0)
  m_24 = 55378867183529402783669  (|support| = 472125, |cache| = 0)
  m_25 = 1356742787604714936860658  (|support| = 663508, |cache| = 0)
  m_26 = 34596053666659239190247225  (|support| = 926012, |cache| = 0)
  m_27 = 916774575976215751732338908  (|support| = 1283813, |cache| = 0)
  m_28 = 25210790281908369840561335838  (|support| = 1768750, |cache| = 0)
  m_29 = 718494507734771206454348435438  (|support| = 2422295, |cache| = 0)
  m_30 = 21195243164637364291870633934456  (|support| = 3298523, |cache| = 0)
  m_31 = 646445436398533936948325343447225  (|support| = 4467292, |cache| = 0)
  m_32 = 20362761120361642654222082379695471  (|support| = 6018867, |cache| = 0)
  m_33 = 661781769206665583721320690305346936  (|support| = 8068995, |cache| = 0)
D23: min_diff_m0..14=32 diff_m14=2630823303240928542258558349599310752 Q3(31)=2640830287546597209135820656183600568 m0..6=[1, 0, 1, 1, 6, 22, 130] dt=2412.12s OK
  m_1 = 0  (|support| = 1, |cache| = 0)
  m_2 = 1  (|support| = 6, |cache| = 0)
  m_3 = 1  (|support| = 14, |cache| = 0)
  m_4 = 6  (|support| = 32, |cache| = 0)
  m_5 = 22  (|support| = 66, |cache| = 0)
  m_6 = 130  (|support| = 132, |cache| = 0)
  m_7 = 822  (|support| = 248, |cache| = 0)
  m_8 = 6202  (|support| = 453, |cache| = 0)
  m_9 = 52552  (|support| = 797, |cache| = 0)
  m_10 = 499194  (|support| = 1368, |cache| = 0)
  m_11 = 5238370  (|support| = 2287, |cache| = 0)
  m_12 = 60222844  (|support| = 3751, |cache| = 0)
  m_13 = 752587764  (|support| = 6027, |cache| = 0)
  m_14 = 10157945044  (|support| = 9530, |cache| = 0)
  m_15 = 147267180508  (|support| = 14831, |cache| = 0)
  m_16 = 2282355168060  (|support| = 22768, |cache| = 0)
  m_17 = 37655004171808  (|support| = 34497, |cache| = 0)
  m_18 = 658906772228668  (|support| = 51670, |cache| = 0)
  m_19 = 12188911634495388  (|support| = 76536, |cache| = 0)
  m_20 = 237669544014377896  (|support| = 112245, |cache| = 0)
  m_21 = 4871976826254018760  (|support| = 163054, |cache| = 0)
  m_22 = 104742902332392298296  (|support| = 234801, |cache| = 0)
  m_23 = 2356625676822897681256  (|support| = 335315, |cache| = 0)
  m_24 = 55378867183529402783417  (|support| = 475176, |cache| = 0)
  m_25 = 1356742787604714936822708  (|support| = 668425, |cache| = 0)
  m_26 = 34596053666659239185814550  (|support| = 933803, |cache| = 0)
  m_27 = 916774575976215751288473083  (|support| = 1295977, |cache| = 0)
  m_28 = 25210790281908369800439287508  (|support| = 1787471, |cache| = 0)
  m_29 = 718494507734771203078199885300  (|support| = 2450751, |cache| = 0)
  m_30 = 21195243164637364022054705158166  (|support| = 3341267, |cache| = 0)
  m_31 = 646445436398533916183206547174010  (|support| = 4530808, |cache| = 0)
  m_32 = 20362761120361641099831693068386751  (|support| = 6112294, |cache| = 0)
  m_33 = 661781769206665469702409288437188976  (|support| = 8205143, |cache| = 0)
D24: min_diff_m0..14=32 diff_m14=2630823303240928294491882145514723328 Q3(31)=2640830287546596961192246753659538768 m0..6=[1, 0, 1, 1, 6, 22, 130] dt=2573.2s OK
  m_1 = 0  (|support| = 1, |cache| = 0)
  m_2 = 1  (|support| = 6, |cache| = 0)
  m_3 = 1  (|support| = 14, |cache| = 0)
  m_4 = 6  (|support| = 32, |cache| = 0)
  m_5 = 22  (|support| = 66, |cache| = 0)
  m_6 = 130  (|support| = 132, |cache| = 0)
  m_7 = 822  (|support| = 248, |cache| = 0)
  m_8 = 6202  (|support| = 453, |cache| = 0)
  m_9 = 52552  (|support| = 797, |cache| = 0)
  m_10 = 499194  (|support| = 1368, |cache| = 0)
  m_11 = 5238370  (|support| = 2287, |cache| = 0)
  m_12 = 60222844  (|support| = 3750, |cache| = 0)
  m_13 = 752587764  (|support| = 6026, |cache| = 0)
  m_14 = 10157945044  (|support| = 9530, |cache| = 0)
  m_15 = 147267180508  (|support| = 14834, |cache| = 0)
  m_16 = 2282355168060  (|support| = 22779, |cache| = 0)
  m_17 = 37655004171808  (|support| = 34526, |cache| = 0)
  m_18 = 658906772228668  (|support| = 51734, |cache| = 0)
  m_19 = 12188911634495388  (|support| = 76667, |cache| = 0)
  m_20 = 237669544014377896  (|support| = 112497, |cache| = 0)
  m_21 = 4871976826254018760  (|support| = 163515, |cache| = 0)
  m_22 = 104742902332392298296  (|support| = 235615, |cache| = 0)
  m_23 = 2356625676822897681256  (|support| = 336711, |cache| = 0)
  m_24 = 55378867183529402783416  (|support| = 477508, |cache| = 0)
  m_25 = 1356742787604714936822433  (|support| = 672238, |cache| = 0)
  m_26 = 34596053666659239185769700  (|support| = 939922, |cache| = 0)
  m_27 = 916774575976215751282830407  (|support| = 1305625, |cache| = 0)
  m_28 = 25210790281908369799833268458  (|support| = 1802461, |cache| = 0)
  m_29 = 718494507734771203019654145320  (|support| = 2473719, |cache| = 0)
  m_30 = 21195243164637364016805488371856  (|support| = 3376022, |cache| = 0)
  m_31 = 646445436398533915737397306547700  (|support| = 4582793, |cache| = 0)
  m_32 = 20362761120361641063456909129481925  (|support| = 6189238, |cache| = 0)
  m_33 = 661781769206665466821763936473266026  (|support| = 8317897, |cache| = 0)
D25: min_diff_m0..14=32 diff_m14=2630823303240928288316547471848841300 Q3(31)=2640830287546596955013162992987881028 m0..6=[1, 0, 1, 1, 6, 22, 130] dt=2661.01s OK
  m_1 = 0  (|support| = 1, |cache| = 0)
  m_2 = 1  (|support| = 6, |cache| = 0)
  m_3 = 1  (|support| = 14, |cache| = 0)
  m_4 = 6  (|support| = 32, |cache| = 0)
  m_5 = 22  (|support| = 66, |cache| = 0)
  m_6 = 130  (|support| = 132, |cache| = 0)
  m_7 = 822  (|support| = 248, |cache| = 0)
  m_8 = 6202  (|support| = 453, |cache| = 0)
  m_9 = 52552  (|support| = 797, |cache| = 0)
  m_10 = 499194  (|support| = 1368, |cache| = 0)
  m_11 = 5238370  (|support| = 2287, |cache| = 0)
  m_12 = 60222844  (|support| = 3750, |cache| = 0)
  m_13 = 752587764  (|support| = 6027, |cache| = 0)
  m_14 = 10157945044  (|support| = 9532, |cache| = 0)
  m_15 = 147267180508  (|support| = 14839, |cache| = 0)
  m_16 = 2282355168060  (|support| = 22791, |cache| = 0)
  m_17 = 37655004171808  (|support| = 34552, |cache| = 0)
  m_18 = 658906772228668  (|support| = 51788, |cache| = 0)
  m_19 = 12188911634495388  (|support| = 76774, |cache| = 0)
  m_20 = 237669544014377896  (|support| = 112698, |cache| = 0)
  m_21 = 4871976826254018760  (|support| = 163881, |cache| = 0)
  m_22 = 104742902332392298296  (|support| = 236261, |cache| = 0)
  m_23 = 2356625676822897681256  (|support| = 337819, |cache| = 0)
  m_24 = 55378867183529402783416  (|support| = 479365, |cache| = 0)
  m_25 = 1356742787604714936822432  (|support| = 675288, |cache| = 0)
  m_26 = 34596053666659239185769401  (|support| = 944835, |cache| = 0)
  m_27 = 916774575976215751282777757  (|support| = 1313413, |cache| = 0)
  m_28 = 25210790281908369799826152608  (|support| = 1814618, |cache| = 0)
  m_29 = 718494507734771203018836445892  (|support| = 2492438, |cache| = 0)
  m_30 = 21195243164637364016721248301305  (|support| = 3404480, |cache| = 0)
  m_31 = 646445436398533915729365951776106  (|support| = 4625566, |cache| = 0)
  m_32 = 20362761120361641062733436061656325  (|support| = 6252827, |cache| = 0)
  m_33 = 661781769206665466759292628511694176  (|support| = 8411506, |cache| = 0)
D26: min_diff_m0..14=32 diff_m14=2630823303240928288184309859765605784 Q3(31)=2640830287546596954880858636818416776 m0..6=[1, 0, 1, 1, 6, 22, 130] dt=2829.39s OK
  m_1 = 0  (|support| = 1, |cache| = 0)
  m_2 = 1  (|support| = 6, |cache| = 0)
  m_3 = 1  (|support| = 14, |cache| = 0)
  m_4 = 6  (|support| = 32, |cache| = 0)
  m_5 = 22  (|support| = 66, |cache| = 0)
  m_6 = 130  (|support| = 132, |cache| = 0)
  m_7 = 822  (|support| = 248, |cache| = 0)
  m_8 = 6202  (|support| = 453, |cache| = 0)
  m_9 = 52552  (|support| = 797, |cache| = 0)
  m_10 = 499194  (|support| = 1368, |cache| = 0)
  m_11 = 5238370  (|support| = 2287, |cache| = 0)
  m_12 = 60222844  (|support| = 3750, |cache| = 0)
  m_13 = 752587764  (|support| = 6026, |cache| = 0)
  m_14 = 10157945044  (|support| = 9531, |cache| = 0)
  m_15 = 147267180508  (|support| = 14839, |cache| = 0)
  m_16 = 2282355168060  (|support| = 22794, |cache| = 0)
  m_17 = 37655004171808  (|support| = 34563, |cache| = 0)
  m_18 = 658906772228668  (|support| = 51817, |cache| = 0)
  m_19 = 12188911634495388  (|support| = 76838, |cache| = 0)
  m_20 = 237669544014377896  (|support| = 112829, |cache| = 0)
  m_21 = 4871976826254018760  (|support| = 164133, |cache| = 0)
  m_22 = 104742902332392298296  (|support| = 236722, |cache| = 0)
  m_23 = 2356625676822897681256  (|support| = 338633, |cache| = 0)
  m_24 = 55378867183529402783416  (|support| = 480761, |cache| = 0)
  m_25 = 1356742787604714936822432  (|support| = 677619, |cache| = 0)
  m_26 = 34596053666659239185769400  (|support| = 948647, |cache| = 0)
  m_27 = 916774575976215751282777433  (|support| = 1319528, |cache| = 0)
  m_28 = 25210790281908369799826091183  (|support| = 1824263, |cache| = 0)
  m_29 = 718494507734771203018827549823  (|support| = 2507421, |cache| = 0)
  m_30 = 21195243164637364016720156979395  (|support| = 3427446, |cache| = 0)
  m_31 = 646445436398533915729246306226880  (|support| = 4660323, |cache| = 0)
  m_32 = 20362761120361641062721329911558301  (|support| = 6304841, |cache| = 0)
  m_33 = 661781769206665466758137998840992856  (|support| = 8488523, |cache| = 0)
D27: min_diff_m0..14=32 diff_m14=2630823303240928288181894273295658616 Q3(31)=2640830287546596954878442066660222472 m0..6=[1, 0, 1, 1, 6, 22, 130] dt=3067.06s OK

Summary table:
group,rank,min_chain_diff,last_chain_diff,last_odd_Q3,seconds
D23,23,32,2630823303240928542258558349599310752,2640830287546597209135820656183600568,2412.12
D24,24,32,2630823303240928294491882145514723328,2640830287546596961192246753659538768,2573.2
D25,25,32,2630823303240928288316547471848841300,2640830287546596955013162992987881028,2661.01
D26,26,32,2630823303240928288184309859765605784,2640830287546596954880858636818416776,2829.39
D27,27,32,2630823303240928288181894273295658616,2640830287546596954878442066660222472,3067.06

RESULT: ALL PASS
END D23_27 m14 nocache rc=0 2026-05-04T14:40:36+00:00
