BEGIN D33 m14 no-reflect-cache 2026-05-04T10:54:52+00:00
Exact classical Chain bridge C++: max_chain=14, moment_max=33, families=D, rank_min=33, rank_cap=33, reflect_cache_limit=0
  m_1 = 0  (|support| = 1, |cache| = 0)
  m_2 = 1  (|support| = 6, |cache| = 0)
  m_3 = 1  (|support| = 14, |cache| = 0)
  m_4 = 6  (|support| = 32, |cache| = 0)
  m_5 = 22  (|support| = 66, |cache| = 0)
  m_6 = 130  (|support| = 132, |cache| = 0)
  m_7 = 822  (|support| = 248, |cache| = 0)
  m_8 = 6202  (|support| = 453, |cache| = 0)
  m_9 = 52552  (|support| = 797, |cache| = 0)
  m_10 = 499194  (|support| = 1368, |cache| = 0)
  m_11 = 5238370  (|support| = 2287, |cache| = 0)
  m_12 = 60222844  (|support| = 3750, |cache| = 0)
  m_13 = 752587764  (|support| = 6026, |cache| = 0)
  m_14 = 10157945044  (|support| = 9531, |cache| = 0)
  m_15 = 147267180508  (|support| = 14840, |cache| = 0)
  m_16 = 2282355168060  (|support| = 22800, |cache| = 0)
  m_17 = 37655004171808  (|support| = 34584, |cache| = 0)
  m_18 = 658906772228668  (|support| = 51874, |cache| = 0)
  m_19 = 12188911634495388  (|support| = 76973, |cache| = 0)
  m_20 = 237669544014377896  (|support| = 113120, |cache| = 0)
  m_21 = 4871976826254018760  (|support| = 164719, |cache| = 0)
  m_22 = 104742902332392298296  (|support| = 237843, |cache| = 0)
  m_23 = 2356625676822897681256  (|support| = 340690, |cache| = 0)
  m_24 = 55378867183529402783416  (|support| = 484408, |cache| = 0)
  m_25 = 1356742787604714936822432  (|support| = 683901, |cache| = 0)
  m_26 = 34596053666659239185769400  (|support| = 959202, |cache| = 0)
  m_27 = 916774575976215751282777432  (|support| = 1336884, |cache| = 0)
  m_28 = 25210790281908369799826090832  (|support| = 1852263, |cache| = 0)
  m_29 = 718494507734771203018827478192  (|support| = 2551834, |cache| = 0)
  m_30 = 21195243164637364016720145864304  (|support| = 3496823, |cache| = 0)
  m_31 = 646445436398533915729244850762960  (|support| = 4767211, |cache| = 0)
  m_32 = 20362761120361641062721160118085904  (|support| = 6467456, |cache| = 0)
  m_33 = 661781769206665466758119766654468865  (|support| = 8733076, |cache| = 0)
D33: min_diff_m0..14=32 diff_m14=2630823303240928288181856543269127170 Q3(31)=2640830287546596954878404324781115394 m0..6=[1, 0, 1, 1, 6, 22, 130] dt=5027.94s OK

Summary table:
group,rank,min_chain_diff,last_chain_diff,last_odd_Q3,seconds
D33,33,32,2630823303240928288181856543269127170,2640830287546596954878404324781115394,5027.94

RESULT: ALL PASS
END D33 m14 nocache rc=0 2026-05-04T12:18:41+00:00
