BEGIN D4_15 m14 no-reflect-cache 2026-05-04T10:54:52+00:00
Exact classical Chain bridge C++: max_chain=14, moment_max=33, families=D, rank_min=4, rank_cap=15, reflect_cache_limit=0
  m_1 = 0  (|support| = 1, |cache| = 0)
  m_2 = 1  (|support| = 7, |cache| = 0)
  m_3 = 1  (|support| = 15, |cache| = 0)
  m_4 = 7  (|support| = 30, |cache| = 0)
  m_5 = 28  (|support| = 54, |cache| = 0)
  m_6 = 185  (|support| = 91, |cache| = 0)
  m_7 = 1278  (|support| = 143, |cache| = 0)
  m_8 = 10388  (|support| = 217, |cache| = 0)
  m_9 = 92704  (|support| = 315, |cache| = 0)
  m_10 = 905964  (|support| = 444, |cache| = 0)
  m_11 = 9534595  (|support| = 609, |cache| = 0)
  m_12 = 107083669  (|support| = 817, |cache| = 0)
  m_13 = 1272659964  (|support| = 1073, |cache| = 0)
  m_14 = 15899798941  (|support| = 1387, |cache| = 0)
  m_15 = 207654466894  (|support| = 1764, |cache| = 0)
  m_16 = 2821860438960  (|support| = 2214, |cache| = 0)
  m_17 = 39742352437504  (|support| = 2745, |cache| = 0)
  m_18 = 578125687744444  (|support| = 3367, |cache| = 0)
  m_19 = 8661040537166640  (|support| = 4088, |cache| = 0)
  m_20 = 133288185368672896  (|support| = 4921, |cache| = 0)
  m_21 = 2102422262432220160  (|support| = 5874, |cache| = 0)
  m_22 = 33923750969047103556  (|support| = 6960, |cache| = 0)
  m_23 = 558972441971038067896  (|support| = 8190, |cache| = 0)
  m_24 = 9390960308437216019056  (|support| = 9577, |cache| = 0)
  m_25 = 160644065666630834354304  (|support| = 11132, |cache| = 0)
  m_26 = 2794589949093043147805500  (|support| = 12871, |cache| = 0)
  m_27 = 49384117939496953616709979  (|support| = 14805, |cache| = 0)
  m_28 = 885596575421489799427174629  (|support| = 16950, |cache| = 0)
  m_29 = 16101573435702567198130951948  (|support| = 19320, |cache| = 0)
  m_30 = 296568217138190656648746978787  (|support| = 21931, |cache| = 0)
  m_31 = 5529381173366012741058770320690  (|support| = 24797, |cache| = 0)
  m_32 = 104285472045967039195520235480712  (|support| = 27937, |cache| = 0)
  m_33 = 1988341909441918229802205269508352  (|support| = 31365, |cache| = 0)
D4: min_diff_m0..14=44 diff_m14=78899872033649678972922707674151552 Q3(31)=79433711774830240709855350680147056 m0..6=[1, 0, 1, 1, 7, 28, 185] dt=1.00205s OK
  m_1 = 0  (|support| = 1, |cache| = 0)
  m_2 = 1  (|support| = 6, |cache| = 0)
  m_3 = 1  (|support| = 14, |cache| = 0)
  m_4 = 6  (|support| = 31, |cache| = 0)
  m_5 = 23  (|support| = 59, |cache| = 0)
  m_6 = 140  (|support| = 108, |cache| = 0)
  m_7 = 942  (|support| = 181, |cache| = 0)
  m_8 = 7553  (|support| = 294, |cache| = 0)
  m_9 = 68555  (|support| = 452, |cache| = 0)
  m_10 = 696357  (|support| = 679, |cache| = 0)
  m_11 = 7786135  (|support| = 981, |cache| = 0)
  m_12 = 94703257  (|support| = 1391, |cache| = 0)
  m_13 = 1240514709  (|support| = 1918, |cache| = 0)
  m_14 = 17356139333  (|support| = 2605, |cache| = 0)
  m_15 = 257584751585  (|support| = 3465, |cache| = 0)
  m_16 = 4031527438905  (|support| = 4551, |cache| = 0)
  m_17 = 66212282258438  (|support| = 5879, |cache| = 0)
  m_18 = 1136222412390401  (|support| = 7517, |cache| = 0)
  m_19 = 20296685750011317  (|support| = 9484, |cache| = 0)
  m_20 = 376190126848923844  (|support| = 11862, |cache| = 0)
  m_21 = 7213777516036292035  (|support| = 14674, |cache| = 0)
  m_22 = 142753365194628334398  (|support| = 18018, |cache| = 0)
  m_23 = 2908671106878197951180  (|support| = 21922, |cache| = 0)
  m_24 = 60898658587502410420349  (|support| = 26501, |cache| = 0)
  m_25 = 1307782013267182330010220  (|support| = 31788, |cache| = 0)
  m_26 = 28758403974828460277223125  (|support| = 37916, |cache| = 0)
  m_27 = 646622610844271377138302545  (|support| = 44924, |cache| = 0)
  m_28 = 14845944554429580254444231970  (|support| = 52965, |cache| = 0)
  m_29 = 347617732794615894723611139095  (|support| = 62083, |cache| = 0)
  m_30 = 8291737346481232382428248275600  (|support| = 72454, |cache| = 0)
  m_31 = 201275978742840218588917381447950  (|support| = 84127, |cache| = 0)
  m_32 = 4967419442001406961217536555771785  (|support| = 97300, |cache| = 0)
  m_33 = 124532986318610588300404325425075720  (|support| = 112030, |cache| = 0)
D5: min_diff_m0..14=34 diff_m14=989557605393869253320547833627557760 Q3(31)=994807508733739754677580505077274960 m0..6=[1, 0, 1, 1, 6, 23, 140] dt=5.73709s OK
  m_1 = 0  (|support| = 1, |cache| = 0)
  m_2 = 1  (|support| = 6, |cache| = 0)
  m_3 = 1  (|support| = 15, |cache| = 0)
  m_4 = 6  (|support| = 33, |cache| = 0)
  m_5 = 22  (|support| = 65, |cache| = 0)
  m_6 = 131  (|support| = 122, |cache| = 0)
  m_7 = 837  (|support| = 213, |cache| = 0)
  m_8 = 6433  (|support| = 357, |cache| = 0)
  m_9 = 55892  (|support| = 574, |cache| = 0)
  m_10 = 548370  (|support| = 891, |cache| = 0)
  m_11 = 5980772  (|support| = 1341, |cache| = 0)
  m_12 = 71826590  (|support| = 1970, |cache| = 0)
  m_13 = 940910184  (|support| = 2824, |cache| = 0)
  m_14 = 13335581935  (|support| = 3969, |cache| = 0)
  m_15 = 203007925568  (|support| = 5477, |cache| = 0)
  m_16 = 3298059152784  (|support| = 7435, |cache| = 0)
  m_17 = 56857014515648  (|support| = 9943, |cache| = 0)
  m_18 = 1034952498485174  (|support| = 13124, |cache| = 0)
  m_19 = 19804190937791058  (|support| = 17107, |cache| = 0)
  m_20 = 396833839534435772  (|support| = 22053, |cache| = 0)
  m_21 = 8298195265340537276  (|support| = 28137, |cache| = 0)
  m_22 = 180533070856633858272  (|support| = 35560, |cache| = 0)
  m_23 = 4075168170733166665675  (|support| = 44546, |cache| = 0)
  m_24 = 95211632171482701636467  (|support| = 55355, |cache| = 0)
  m_25 = 2297396592717685466809716  (|support| = 68261, |cache| = 0)
  m_26 = 57137443459038713668954750  (|support| = 83586, |cache| = 0)
  m_27 = 1462048139786325116647309116  (|support| = 101677, |cache| = 0)
  m_28 = 38427807322856339396811895266  (|support| = 122920, |cache| = 0)
  m_29 = 1035907827624587799626952460596  (|support| = 147737, |cache| = 0)
  m_30 = 28601650597701162778034245817487  (|support| = 176602, |cache| = 0)
  m_31 = 807805406046178947373270304562036  (|support| = 210015, |cache| = 0)
  m_32 = 23311079832511183792531832371797252  (|support| = 248542, |cache| = 0)
  m_33 = 686579611471317027880293604380331008  (|support| = 292787, |cache| = 0)
D6: min_diff_m0..14=32 diff_m14=3243525827228277244285459957731020328 Q3(31)=3257552985704267493422079403140856056 m0..6=[1, 0, 1, 1, 6, 22, 131] dt=19.6885s OK
  m_1 = 0  (|support| = 1, |cache| = 0)
  m_2 = 1  (|support| = 6, |cache| = 0)
  m_3 = 1  (|support| = 14, |cache| = 0)
  m_4 = 6  (|support| = 32, |cache| = 0)
  m_5 = 22  (|support| = 65, |cache| = 0)
  m_6 = 130  (|support| = 126, |cache| = 0)
  m_7 = 823  (|support| = 226, |cache| = 0)
  m_8 = 6223  (|support| = 392, |cache| = 0)
  m_9 = 52958  (|support| = 647, |cache| = 0)
  m_10 = 506475  (|support| = 1038, |cache| = 0)
  m_11 = 5368160  (|support| = 1609, |cache| = 0)
  m_12 = 62561972  (|support| = 2437, |cache| = 0)
  m_13 = 795709272  (|support| = 3595, |cache| = 0)
  m_14 = 10975604822  (|support| = 5207, |cache| = 0)
  m_15 = 163263086525  (|support| = 7388, |cache| = 0)
  m_16 = 2605674726375  (|support| = 10321, |cache| = 0)
  m_17 = 44410723895444  (|support| = 14184, |cache| = 0)
  m_18 = 804824023089959  (|support| = 19240, |cache| = 0)
  m_19 = 15445448965009557  (|support| = 25746, |cache| = 0)
  m_20 = 312716675117557358  (|support| = 34074, |cache| = 0)
  m_21 = 6656345342320514795  (|support| = 44585, |cache| = 0)
  m_22 = 148475233947460162512  (|support| = 57783, |cache| = 0)
  m_23 = 3460319712359562268337  (|support| = 74167, |cache| = 0)
  m_24 = 84030983899812922639337  (|support| = 94409, |cache| = 0)
  m_25 = 2120998994626375258725242  (|support| = 119174, |cache| = 0)
  m_26 = 55517318201883249201105125  (|support| = 149346, |cache| = 0)
  m_27 = 1503825139707027523059219637  (|support| = 185796, |cache| = 0)
  m_28 = 42074377390374527954675484612  (|support| = 229659, |cache| = 0)
  m_29 = 1213750631727573938970597879547  (|support| = 282063, |cache| = 0)
  m_30 = 36044150030127794418386581237864  (|support| = 344445, |cache| = 0)
  m_31 = 1100250475121574318389660567420010  (|support| = 418235, |cache| = 0)
  m_32 = 34475270072050290524204540486123521  (|support| = 505236, |cache| = 0)
  m_33 = 1107479808841360853498858541508954696  (|support| = 607238, |cache| = 0)
D7: min_diff_m0..14=32 diff_m14=4395595474059966627137860324027572336 Q3(31)=4412286073887780500813496291031675400 m0..6=[1, 0, 1, 1, 6, 22, 130] dt=47.0901s OK
  m_1 = 0  (|support| = 1, |cache| = 0)
  m_2 = 1  (|support| = 6, |cache| = 0)
  m_3 = 1  (|support| = 14, |cache| = 0)
  m_4 = 6  (|support| = 33, |cache| = 0)
  m_5 = 22  (|support| = 67, |cache| = 0)
  m_6 = 130  (|support| = 131, |cache| = 0)
  m_7 = 822  (|support| = 239, |cache| = 0)
  m_8 = 6203  (|support| = 420, |cache| = 0)
  m_9 = 52580  (|support| = 707, |cache| = 0)
  m_10 = 499860  (|support| = 1154, |cache| = 0)
  m_11 = 5252825  (|support| = 1826, |cache| = 0)
  m_12 = 60528710  (|support| = 2820, |cache| = 0)
  m_13 = 759046932  (|support| = 4251, |cache| = 0)
  m_14 = 10295977016  (|support| = 6282, |cache| = 0)
  m_15 = 150274817102  (|support| = 9108, |cache| = 0)
  m_16 = 2349474292770  (|support| = 12990, |cache| = 0)
  m_17 = 39193023510680  (|support| = 18238, |cache| = 0)
  m_18 = 695147625321404  (|support| = 25256, |cache| = 0)
  m_19 = 13067669676294027  (|support| = 34519, |cache| = 0)
  m_20 = 259601824935130199  (|support| = 46627, |cache| = 0)
  m_21 = 5435375417073017870  (|support| = 62285, |cache| = 0)
  m_22 = 119634723527961404172  (|support| = 82361, |cache| = 0)
  m_23 = 2761481553277253787266  (|support| = 107868, |cache| = 0)
  m_24 = 66693786461889776403899  (|support| = 140033, |cache| = 0)
  m_25 = 1681642368291989453298468  (|support| = 180275, |cache| = 0)
  m_26 = 44175078084941292724966100  (|support| = 230287, |cache| = 0)
  m_27 = 1206563081082453373197090458  (|support| = 292018, |cache| = 0)
  m_28 = 34200211087910821191981989733  (|support| = 367761, |cache| = 0)
  m_29 = 1004232626703601608447052707548  (|support| = 460137, |cache| = 0)
  m_30 = 30495173944594928958106904378126  (|support| = 572201, |cache| = 0)
  m_31 = 956151855245977946724490065435540  (|support| = 707421, |cache| = 0)
  m_32 = 30908049500004450120056088438089696  (|support| = 869801, |cache| = 0)
  m_33 = 1028622711625126703527047332808572864  (|support| = 1063864, |cache| = 0)
D8: min_diff_m0..14=32 diff_m14=3883394163214542220395537643147448304 Q3(31)=3897450799378565467900906052475384160 m0..6=[1, 0, 1, 1, 6, 22, 130] dt=94.6981s OK
  m_1 = 0  (|support| = 1, |cache| = 0)
  m_2 = 1  (|support| = 6, |cache| = 0)
  m_3 = 1  (|support| = 14, |cache| = 0)
  m_4 = 6  (|support| = 32, |cache| = 0)
  m_5 = 22  (|support| = 66, |cache| = 0)
  m_6 = 130  (|support| = 131, |cache| = 0)
  m_7 = 822  (|support| = 242, |cache| = 0)
  m_8 = 6202  (|support| = 432, |cache| = 0)
  m_9 = 52553  (|support| = 738, |cache| = 0)
  m_10 = 499230  (|support| = 1224, |cache| = 0)
  m_11 = 5239405  (|support| = 1966, |cache| = 0)
  m_12 = 60249530  (|support| = 3088, |cache| = 0)
  m_13 = 753247710  (|support| = 4730, |cache| = 0)
  m_14 = 10174043204  (|support| = 7110, |cache| = 0)
  m_15 = 147660752792  (|support| = 10482, |cache| = 0)
  m_16 = 2292088552215  (|support| = 15207, |cache| = 0)
  m_17 = 37899885018947  (|support| = 21712, |cache| = 0)
  m_18 = 665196482713007  (|support| = 30587, |cache| = 0)
  m_19 = 12354202641257631  (|support| = 42513, |cache| = 0)
  m_20 = 242119911923944943  (|support| = 58409, |cache| = 0)
  m_21 = 4994836194955205885  (|support| = 79341, |cache| = 0)
  m_22 = 108221909559745294803  (|support| = 106691, |cache| = 0)
  m_23 = 2457688084035905080118  (|support| = 142064, |cache| = 0)
  m_24 = 58390363991726542229471  (|support| = 187504, |cache| = 0)
  m_25 = 1448776636522548381006459  (|support| = 245355, |cache| = 0)
  m_26 = 37479810867706299281508575  (|support| = 318558, |cache| = 0)
  m_27 = 1009385179850464388210058534  (|support| = 410481, |cache| = 0)
  m_28 = 28257833347411157276450961384  (|support| = 525257, |cache| = 0)
  m_29 = 821159713920918983896776793974  (|support| = 667610, |cache| = 0)
  m_30 = 24736000357767308673220545060558  (|support| = 843272, |cache| = 0)
  m_31 = 771382719334827689069008508514570  (|support| = 1058736, |cache| = 0)
  m_32 = 24870945168757669514596613482273533  (|support| = 1321801, |cache| = 0)
  m_33 = 828051353541619334555091980935297578  (|support| = 1641279, |cache| = 0)
D9: min_diff_m0..14=32 diff_m14=3156073036067165131116934342795274736 Q3(31)=3167603947964551479698882849057275104 m0..6=[1, 0, 1, 1, 6, 22, 130] dt=171.025s OK
  m_1 = 0  (|support| = 1, |cache| = 0)
  m_2 = 1  (|support| = 6, |cache| = 0)
  m_3 = 1  (|support| = 14, |cache| = 0)
  m_4 = 6  (|support| = 32, |cache| = 0)
  m_5 = 22  (|support| = 67, |cache| = 0)
  m_6 = 130  (|support| = 133, |cache| = 0)
  m_7 = 822  (|support| = 247, |cache| = 0)
  m_8 = 6202  (|support| = 444, |cache| = 0)
  m_9 = 52552  (|support| = 765, |cache| = 0)
  m_10 = 499195  (|support| = 1280, |cache| = 0)
  m_11 = 5238415  (|support| = 2079, |cache| = 0)
  m_12 = 60224384  (|support| = 3298, |cache| = 0)
  m_13 = 752634240  (|support| = 5112, |cache| = 0)
  m_14 = 10159271447  (|support| = 7774, |cache| = 0)
  m_15 = 147304127432  (|support| = 11605, |cache| = 0)
  m_16 = 2283377761815  (|support| = 17045, |cache| = 0)
  m_17 = 37683428022464  (|support| = 24656, |cache| = 0)
  m_18 = 659705573402822  (|support| = 35181, |cache| = 0)
  m_19 = 12211707919300578  (|support| = 49552, |cache| = 0)
  m_20 = 238332074336624432  (|support| = 68982, |cache| = 0)
  m_21 = 4891623364380929000  (|support| = 94967, |cache| = 0)
  m_22 = 105338071169250184692  (|support| = 129412, |cache| = 0)
  m_23 = 2375059047276947587688  (|support| = 174656, |cache| = 0)
  m_24 = 55962817819757272831130  (|support| = 233614, |cache| = 0)
  m_25 = 1375668424897100039786100  (|support| = 309828, |cache| = 0)
  m_26 = 35223608462065954089735575  (|support| = 407659, |cache| = 0)
  m_27 = 938063350575888607206968455  (|support| = 532350, |cache| = 0)
  m_28 = 25949510887937644423948741260  (|support| = 690272, |cache| = 0)
  m_29 = 744709208436255973164004994320  (|support| = 889031, |cache| = 0)
  m_30 = 22146349156297862031057451197340  (|support| = 1137758, |cache| = 0)
  m_31 = 681715131022016368224738229621875  (|support| = 1447262, |cache| = 0)
  m_32 = 21699117207100799338053987913228420  (|support| = 1830411, |cache| = 0)
  m_33 = 713499806691529271787016460673821104  (|support| = 2302315, |cache| = 0)
D10: min_diff_m0..14=32 diff_m14=2785337400856457638449828934723195728 Q3(31)=2795752841258594352332212444397189288 m0..6=[1, 0, 1, 1, 6, 22, 130] dt=307.213s OK
  m_1 = 0  (|support| = 1, |cache| = 0)
  m_2 = 1  (|support| = 6, |cache| = 0)
  m_3 = 1  (|support| = 14, |cache| = 0)
  m_4 = 6  (|support| = 32, |cache| = 0)
  m_5 = 22  (|support| = 66, |cache| = 0)
  m_6 = 130  (|support| = 132, |cache| = 0)
  m_7 = 822  (|support| = 247, |cache| = 0)
  m_8 = 6202  (|support| = 447, |cache| = 0)
  m_9 = 52552  (|support| = 776, |cache| = 0)
  m_10 = 499194  (|support| = 1310, |cache| = 0)
  m_11 = 5238371  (|support| = 2145, |cache| = 0)
  m_12 = 60222899  (|support| = 3435, |cache| = 0)
  m_13 = 752589975  (|support| = 5373, |cache| = 0)
  m_14 = 10158022199  (|support| = 8251, |cache| = 0)
  m_15 = 147269695034  (|support| = 12437, |cache| = 0)
  m_16 = 2282434392843  (|support| = 18457, |cache| = 0)
  m_17 = 37657465035284  (|support| = 26972, |cache| = 0)
  m_18 = 658983034832627  (|support| = 38897, |cache| = 0)
  m_19 = 12191287710614634  (|support| = 55370, |cache| = 0)
  m_20 = 237744351487108901  (|support| = 77920, |cache| = 0)
  m_21 = 4874365009370974151  (|support| = 108440, |cache| = 0)
  m_22 = 104820394961791643421  (|support| = 149408, |cache| = 0)
  m_23 = 2359185641542614571973  (|support| = 203868, |cache| = 0)
  m_24 = 55465060503597145688321  (|support| = 275730, |cache| = 0)
  m_25 = 1359702866194265248157346  (|support| = 369755, |cache| = 0)
  m_26 = 34699789694491694388937505  (|support| = 491956, |cache| = 0)
  m_27 = 920485424335273565398690346  (|support| = 649604, |cache| = 0)
  m_28 = 25346306233841434211444761611  (|support| = 851744, |cache| = 0)
  m_29 = 723546814558458479358499728026  (|support| = 1109232, |cache| = 0)
  m_30 = 21387527343842102170289472914717  (|support| = 1435410, |cache| = 0)
  m_31 = 653915035240570341864364662743799  (|support| = 1846173, |cache| = 0)
  m_32 = 20658886661084567669578302904807427  (|support| = 2360839, |cache| = 0)
  m_33 = 673759899379866402676844094065418920  (|support| = 3002279, |cache| = 0)
D11: min_diff_m0..14=32 diff_m14=2665044428855638061331861975397244520 Q3(31)=2675134336524236028093293814961154584 m0..6=[1, 0, 1, 1, 6, 22, 130] dt=433.111s OK
  m_1 = 0  (|support| = 1, |cache| = 0)
  m_2 = 1  (|support| = 6, |cache| = 0)
  m_3 = 1  (|support| = 14, |cache| = 0)
  m_4 = 6  (|support| = 32, |cache| = 0)
  m_5 = 22  (|support| = 66, |cache| = 0)
  m_6 = 130  (|support| = 133, |cache| = 0)
  m_7 = 822  (|support| = 249, |cache| = 0)
  m_8 = 6202  (|support| = 452, |cache| = 0)
  m_9 = 52552  (|support| = 788, |cache| = 0)
  m_10 = 499194  (|support| = 1336, |cache| = 0)
  m_11 = 5238370  (|support| = 2200, |cache| = 0)
  m_12 = 60222845  (|support| = 3544, |cache| = 0)
  m_13 = 752587830  (|support| = 5580, |cache| = 0)
  m_14 = 10157948125  (|support| = 8626, |cache| = 0)
  m_15 = 147267303554  (|support| = 13099, |cache| = 0)
  m_16 = 2282359706595  (|support| = 19583, |cache| = 0)
  m_17 = 37655164614392  (|support| = 28845, |cache| = 0)
  m_18 = 658912324262357  (|support| = 41932, |cache| = 0)
  m_19 = 12189102167081007  (|support| = 60189, |cache| = 0)
  m_20 = 237676083729895631  (|support| = 85415, |cache| = 0)
  m_21 = 4872202621609705220  (|support| = 119906, |cache| = 0)
  m_22 = 104750775830136848097  (|support| = 166648, |cache| = 0)
  m_23 = 2356903735703879298362  (|support| = 229423, |cache| = 0)
  m_24 = 55388832476626374492122  (|support| = 313077, |cache| = 0)
  m_25 = 1357105737253726386904272  (|support| = 423659, |cache| = 0)
  m_26 = 34609501253641168942831775  (|support| = 568819, |cache| = 0)
  m_27 = 917281788899043582630204927  (|support| = 758029, |cache| = 0)
  m_28 = 25230274897153500881163949302  (|support| = 1003083, |cache| = 0)
  m_29 = 719257082044100621821597572936  (|support| = 1318469, |cache| = 0)
  m_30 = 21225654675721005727826964903708  (|support| = 1722040, |cache| = 0)
  m_31 = 647681363101685933910291706114320  (|support| = 2235505, |cache| = 0)
  m_32 = 20413946556805908102691349898740922  (|support| = 2885366, |cache| = 0)
  m_33 = 663941867394534897131660400463782752  (|support| = 3703618, |cache| = 0)
D12: min_diff_m0..14=32 diff_m14=2636766429808991409179339127380066704 Q3(31)=2646786649846646889177459128797752136 m0..6=[1, 0, 1, 1, 6, 22, 130] dt=581.585s OK
  m_1 = 0  (|support| = 1, |cache| = 0)
  m_2 = 1  (|support| = 6, |cache| = 0)
  m_3 = 1  (|support| = 14, |cache| = 0)
  m_4 = 6  (|support| = 32, |cache| = 0)
  m_5 = 22  (|support| = 66, |cache| = 0)
  m_6 = 130  (|support| = 132, |cache| = 0)
  m_7 = 822  (|support| = 248, |cache| = 0)
  m_8 = 6202  (|support| = 452, |cache| = 0)
  m_9 = 52552  (|support| = 791, |cache| = 0)
  m_10 = 499194  (|support| = 1347, |cache| = 0)
  m_11 = 5238370  (|support| = 2229, |cache| = 0)
  m_12 = 60222844  (|support| = 3609, |cache| = 0)
  m_13 = 752587765  (|support| = 5713, |cache| = 0)
  m_14 = 10157945122  (|support| = 8884, |cache| = 0)
  m_15 = 147267184694  (|support| = 13569, |cache| = 0)
  m_16 = 2282355357705  (|support| = 20413, |cache| = 0)
  m_17 = 37655012027594  (|support| = 30259, |cache| = 0)
  m_18 = 658907081665337  (|support| = 44279, |cache| = 0)
  m_19 = 12188923488232983  (|support| = 63987, |cache| = 0)
  m_20 = 237669991856175566  (|support| = 91440, |cache| = 0)
  m_21 = 4871993668126942475  (|support| = 129268, |cache| = 0)
  m_22 = 104743536786795304776  (|support| = 180961, |cache| = 0)
  m_23 = 2356649725413483987542  (|support| = 250951, |cache| = 0)
  m_24 = 55379787308777594181014  (|support| = 345004, |cache| = 0)
  m_25 = 1356778406644758169284048  (|support| = 470369, |cache| = 0)
  m_26 = 34597451112488594863516550  (|support| = 636345, |cache| = 0)
  m_27 = 916830210956139188740278247  (|support| = 854511, |cache| = 0)
  m_28 = 25213039946415876371670966627  (|support| = 1139511, |cache| = 0)
  m_29 = 718586962923154761548968052722  (|support| = 1509444, |cache| = 0)
  m_30 = 21199106760784476639413106718039  (|support| = 1986916, |cache| = 0)
  m_31 = 646609660888704156952308944501135  (|support| = 2599637, |cache| = 0)
  m_32 = 20369862763561346072319073665910729  (|support| = 3381870, |cache| = 0)
  m_33 = 662094236478148916731416049525092908  (|support| = 4375288, |cache| = 0)
D13: min_diff_m0..14=32 diff_m14=2631655329557893968641257476984695160 Q3(31)=2641664018116702275907275077901982224 m0..6=[1, 0, 1, 1, 6, 22, 130] dt=710.295s OK
  m_1 = 0  (|support| = 1, |cache| = 0)
  m_2 = 1  (|support| = 6, |cache| = 0)
  m_3 = 1  (|support| = 14, |cache| = 0)
  m_4 = 6  (|support| = 32, |cache| = 0)
  m_5 = 22  (|support| = 66, |cache| = 0)
  m_6 = 130  (|support| = 132, |cache| = 0)
  m_7 = 822  (|support| = 249, |cache| = 0)
  m_8 = 6202  (|support| = 454, |cache| = 0)
  m_9 = 52552  (|support| = 796, |cache| = 0)
  m_10 = 499194  (|support| = 1359, |cache| = 0)
  m_11 = 5238370  (|support| = 2255, |cache| = 0)
  m_12 = 60222844  (|support| = 3663, |cache| = 0)
  m_13 = 752587764  (|support| = 5821, |cache| = 0)
  m_14 = 10157945045  (|support| = 9087, |cache| = 0)
  m_15 = 147267180599  (|support| = 13941, |cache| = 0)
  m_16 = 2282355173625  (|support| = 21068, |cache| = 0)
  m_17 = 37655004455624  (|support| = 31383, |cache| = 0)
  m_18 = 658906785343199  (|support| = 46154, |cache| = 0)
  m_19 = 12188912206596219  (|support| = 67052, |cache| = 0)
  m_20 = 237669568141099826  (|support| = 96338, |cache| = 0)
  m_21 = 4871977824640849670  (|support| = 136963, |cache| = 0)
  m_22 = 104742943275025359066  (|support| = 192835, |cache| = 0)
  m_23 = 2356627352174435980871  (|support| = 269001, |cache| = 0)
  m_24 = 55378935923556273200990  (|support| = 372040, |cache| = 0)
  m_25 = 1356745625715004380259548  (|support| = 510351, |cache| = 0)
  m_26 = 34596171890064742681779950  (|support| = 694727, |cache| = 0)
  m_27 = 916779554284905098959490498  (|support| = 938818, |cache| = 0)
  m_28 = 25211002509503764363700819748  (|support| = 1259939, |cache| = 0)
  m_29 = 718503677174990232475261133710  (|support| = 1679781, |cache| = 0)
  m_30 = 21195645014733754009763553636010  (|support| = 2225567, |cache| = 0)
  m_31 = 646463310858099651423194972969325  (|support| = 2931094, |cache| = 0)
  m_32 = 20363568439524337352979243767141140  (|support| = 3838357, |cache| = 0)
  m_33 = 661818806660769612268376982698232880  (|support| = 4999079, |cache| = 0)
D14: min_diff_m0..14=32 diff_m14=2630919105405558005278945402261655144 Q3(31)=2640926270078578134432338701975337944 m0..6=[1, 0, 1, 1, 6, 22, 130] dt=776.114s OK
  m_1 = 0  (|support| = 1, |cache| = 0)
  m_2 = 1  (|support| = 6, |cache| = 0)
  m_3 = 1  (|support| = 14, |cache| = 0)
  m_4 = 6  (|support| = 32, |cache| = 0)
  m_5 = 22  (|support| = 66, |cache| = 0)
  m_6 = 130  (|support| = 132, |cache| = 0)
  m_7 = 822  (|support| = 248, |cache| = 0)
  m_8 = 6202  (|support| = 453, |cache| = 0)
  m_9 = 52552  (|support| = 796, |cache| = 0)
  m_10 = 499194  (|support| = 1362, |cache| = 0)
  m_11 = 5238370  (|support| = 2266, |cache| = 0)
  m_12 = 60222844  (|support| = 3692, |cache| = 0)
  m_13 = 752587764  (|support| = 5885, |cache| = 0)
  m_14 = 10157945044  (|support| = 9219, |cache| = 0)
  m_15 = 147267180509  (|support| = 14195, |cache| = 0)
  m_16 = 2282355168165  (|support| = 21535, |cache| = 0)
  m_17 = 37655004179068  (|support| = 32206, |cache| = 0)
  m_18 = 658906772642669  (|support| = 47566, |cache| = 0)
  m_19 = 12188911655708091  (|support| = 69401, |cache| = 0)
  m_20 = 237669545033720201  (|support| = 100165, |cache| = 0)
  m_21 = 4871976873347149265  (|support| = 143063, |cache| = 0)
  m_22 = 104742904457224537167  (|support| = 202388, |cache| = 0)
  m_23 = 2356625771443666061801  (|support| = 283705, |cache| = 0)
  m_24 = 55378871372697554095154  (|support| = 394347, |cache| = 0)
  m_25 = 1356742972973916373107948  (|support| = 543707, |cache| = 0)
  m_26 = 34596061896621338046507650  (|support| = 743990, |cache| = 0)
  m_27 = 916774943652094654320905738  (|support| = 1010700, |cache| = 0)
  m_28 = 25210806846839482259791336698  (|support| = 1363694, |cache| = 0)
  m_29 = 718495261603547177153896640858  (|support| = 1827989, |cache| = 0)
  m_30 = 21195277865365177553334013886366  (|support| = 2435279, |cache| = 0)
  m_31 = 646447053525540643492341133180500  (|support| = 3225124, |cache| = 0)
  m_32 = 20362837475583472783743598102863295  (|support| = 4247153, |cache| = 0)
  m_33 = 661785424068367938744165645050984920  (|support| = 5562854, |cache| = 0)
D15: min_diff_m0..14=32 diff_m14=2630832513306264436779624998361908320 Q3(31)=2640839513521955722848394405742097416 m0..6=[1, 0, 1, 1, 6, 22, 130] dt=1028.9s OK

Summary table:
group,rank,min_chain_diff,last_chain_diff,last_odd_Q3,seconds
D4,4,44,78899872033649678972922707674151552,79433711774830240709855350680147056,1.00205
D5,5,34,989557605393869253320547833627557760,994807508733739754677580505077274960,5.73709
D6,6,32,3243525827228277244285459957731020328,3257552985704267493422079403140856056,19.6885
D7,7,32,4395595474059966627137860324027572336,4412286073887780500813496291031675400,47.0901
D8,8,32,3883394163214542220395537643147448304,3897450799378565467900906052475384160,94.6981
D9,9,32,3156073036067165131116934342795274736,3167603947964551479698882849057275104,171.025
D10,10,32,2785337400856457638449828934723195728,2795752841258594352332212444397189288,307.213
D11,11,32,2665044428855638061331861975397244520,2675134336524236028093293814961154584,433.111
D12,12,32,2636766429808991409179339127380066704,2646786649846646889177459128797752136,581.585
D13,13,32,2631655329557893968641257476984695160,2641664018116702275907275077901982224,710.295
D14,14,32,2630919105405558005278945402261655144,2640926270078578134432338701975337944,776.114
D15,15,32,2630832513306264436779624998361908320,2640839513521955722848394405742097416,1028.9

RESULT: ALL PASS
END D4_15 m14 nocache rc=0 2026-05-04T12:04:29+00:00
