COMMAND: ./post_m29_bc_eighteenth_frontier_gmp
BC_EIGHTEENTH_FRONTIER_GMP b_cases=17 c_fpf_cases=3 c_arithmetic_cases=22 omp_max_threads=32
B_LOWER_BOX_RATIONAL numerator=21702084974242567341489161043883418505255308117330855762905856283433984937273 denominator=1642848430676142439453686466493927838235149844032662468884099699310592 ceil=13210035
B_ABSORPTION_BASE q=32 left=795121139679439680748590041906633953130656619006560341265646903093524728495031336078488722393875949486369900038245580800 right=5797126020747367985879734231578109105412357244731625958745865049716390179693892056256184534249745940480000000000000000000 margin=5002004881067928305131144189671475152281700625725065617480218146622865451198860720177695811855869990993630099961754419200
B_ABSORPTION_RATIO_BASE q=32 left=62748 right=67680 margin=4932
C_PAUSE_ABSORPTION_BASE q=46 P=13826118675637230186548178452480 central=22747362824110665179416185383175 margin=8921244148473434992868006930695
C_PAUSE_RATIO_BASE q=46 left=12432 right=17484 margin=5052
C_CENTRAL_RATIO_BASE q=46 left=12432 right=9165 margin=3267
B_CASE q=15 j=48 width_wall=30 terminal_shapes=1597
B_REVERSE_STEP q=15 after_removing_to=47 states=12929
B_REVERSE_STEP q=15 after_removing_to=44 states=109908
B_REVERSE_STEP q=15 after_removing_to=39 states=299251
B_REVERSE_STEP q=15 after_removing_to=34 states=442791
B_REVERSE_STEP q=15 after_removing_to=29 states=307322
B_REVERSE_STEP q=15 after_removing_to=24 states=129064
B_REVERSE_STEP q=15 after_removing_to=19 states=26015
B_REVERSE_STEP q=15 after_removing_to=14 states=3718
B_REVERSE_STEP q=15 after_removing_to=9 states=385
B_REVERSE_STEP q=15 after_removing_to=4 states=22
B_REVERSE_STEP q=15 after_removing_to=1 states=2
B_REVERSE_STEP q=15 after_removing_to=0 states=1
B_BAD_COUNT q=15 j=48 value=72847209805019332586002508503098120976428207913334
B_STABLE q=15 j=48 value=785317984503258803855329972849310556008933508472559749062592
B_MARGIN q=15 j=48 stable_minus_2bad=785317984357564384245291307677305539002737266519703333235924
B_CASE q=16 j=50 width_wall=32 terminal_shapes=1597
B_REVERSE_STEP q=16 after_removing_to=49 states=12929
B_REVERSE_STEP q=16 after_removing_to=44 states=185326
B_REVERSE_STEP q=16 after_removing_to=39 states=374811
B_REVERSE_STEP q=16 after_removing_to=34 states=472021
B_REVERSE_STEP q=16 after_removing_to=29 states=307807
B_REVERSE_STEP q=16 after_removing_to=24 states=129064
B_REVERSE_STEP q=16 after_removing_to=19 states=26015
B_REVERSE_STEP q=16 after_removing_to=14 states=3718
B_REVERSE_STEP q=16 after_removing_to=9 states=385
B_REVERSE_STEP q=16 after_removing_to=4 states=22
B_REVERSE_STEP q=16 after_removing_to=1 states=2
B_REVERSE_STEP q=16 after_removing_to=0 states=1
B_BAD_COUNT q=16 j=50 value=3897671958418006847914295217951096754733373051015315
B_STABLE q=16 j=50 value=1885339339071848340014332990645332297158838261771632816172658624
B_MARGIN q=16 j=50 stable_minus_2bad=1885339339064052996097496976949503706722936068262166070070627994
B_CASE q=17 j=52 width_wall=34 terminal_shapes=1597
B_REVERSE_STEP q=17 after_removing_to=51 states=12929
B_REVERSE_STEP q=17 after_removing_to=49 states=73561
B_REVERSE_STEP q=17 after_removing_to=44 states=261382
B_REVERSE_STEP q=17 after_removing_to=39 states=449203
B_REVERSE_STEP q=17 after_removing_to=34 states=486313
B_REVERSE_STEP q=17 after_removing_to=29 states=307982
B_REVERSE_STEP q=17 after_removing_to=24 states=129064
B_REVERSE_STEP q=17 after_removing_to=19 states=26015
B_REVERSE_STEP q=17 after_removing_to=14 states=3718
B_REVERSE_STEP q=17 after_removing_to=9 states=385
B_REVERSE_STEP q=17 after_removing_to=4 states=22
B_REVERSE_STEP q=17 after_removing_to=1 states=2
B_REVERSE_STEP q=17 after_removing_to=0 states=1
B_BAD_COUNT q=17 j=52 value=189956451904271257973367176544772686298983735393295632
B_STABLE q=17 j=52 value=4903266810544563254695333653057854637994206206391291345600268458624
B_MARGIN q=17 j=52 stable_minus_2bad=4903266810544183341791525110541907903641116661018693378129481867360
B_CASE q=18 j=54 width_wall=36 terminal_shapes=1597
B_REVERSE_STEP q=18 after_removing_to=53 states=12929
B_REVERSE_STEP q=18 after_removing_to=49 states=147423
B_REVERSE_STEP q=18 after_removing_to=44 states=337468
B_REVERSE_STEP q=18 after_removing_to=39 states=520438
B_REVERSE_STEP q=18 after_removing_to=34 states=492934
B_REVERSE_STEP q=18 after_removing_to=29 states=308038
B_REVERSE_STEP q=18 after_removing_to=24 states=129064
B_REVERSE_STEP q=18 after_removing_to=19 states=26015
B_REVERSE_STEP q=18 after_removing_to=14 states=3718
B_REVERSE_STEP q=18 after_removing_to=9 states=385
B_REVERSE_STEP q=18 after_removing_to=4 states=22
B_REVERSE_STEP q=18 after_removing_to=1 states=2
B_REVERSE_STEP q=18 after_removing_to=0 states=1
B_BAD_COUNT q=18 j=54 value=8515222682240817384288986784949072823253006669037635654
B_STABLE q=18 j=54 value=13771977065833964133817334893247642017099991452445513659173817704502144
B_MARGIN q=18 j=54 stable_minus_2bad=13771977065833947103371970411612873439126421554299867153160479629230836
B_CASE q=19 j=56 width_wall=38 terminal_shapes=1597
B_REVERSE_STEP q=19 after_removing_to=55 states=12929
B_REVERSE_STEP q=19 after_removing_to=54 states=40362
B_REVERSE_STEP q=19 after_removing_to=49 states=223341
B_REVERSE_STEP q=19 after_removing_to=44 states=413528
B_REVERSE_STEP q=19 after_removing_to=39 states=584111
B_REVERSE_STEP q=19 after_removing_to=34 states=495869
B_REVERSE_STEP q=19 after_removing_to=29 states=308053
B_REVERSE_STEP q=19 after_removing_to=24 states=129064
B_REVERSE_STEP q=19 after_removing_to=19 states=26015
B_REVERSE_STEP q=19 after_removing_to=14 states=3718
B_REVERSE_STEP q=19 after_removing_to=9 states=385
B_REVERSE_STEP q=19 after_removing_to=4 states=22
B_REVERSE_STEP q=19 after_removing_to=1 states=2
B_REVERSE_STEP q=19 after_removing_to=0 states=1
B_BAD_COUNT q=19 j=56 value=354009388401361339571139085869943006414905915046298093568
B_STABLE q=19 j=56 value=41656588897766692204622475514373595085166948369884529750116415352310376320
B_MARGIN q=19 j=56 stable_minus_2bad=41656588897766691496603698711650915942888776629998516920304585259714189184
B_CASE q=20 j=58 width_wall=40 terminal_shapes=1597
B_REVERSE_STEP q=20 after_removing_to=57 states=12929
B_REVERSE_STEP q=20 after_removing_to=54 states=109908
B_REVERSE_STEP q=20 after_removing_to=49 states=299427
B_REVERSE_STEP q=20 after_removing_to=44 states=489476
B_REVERSE_STEP q=20 after_removing_to=39 states=633014
B_REVERSE_STEP q=20 after_removing_to=34 states=497102
B_REVERSE_STEP q=20 after_removing_to=29 states=308056
B_REVERSE_STEP q=20 after_removing_to=24 states=129064
B_REVERSE_STEP q=20 after_removing_to=19 states=26015
B_REVERSE_STEP q=20 after_removing_to=14 states=3718
B_REVERSE_STEP q=20 after_removing_to=9 states=385
B_REVERSE_STEP q=20 after_removing_to=4 states=22
B_REVERSE_STEP q=20 after_removing_to=1 states=2
B_REVERSE_STEP q=20 after_removing_to=0 states=1
B_BAD_COUNT q=20 j=58 value=13745840672301965992126714036868470336812979278255456156804
B_STABLE q=20 j=58 value=135331264354280596525260395031909851696288032809093253656552708021934288664448
B_MARGIN q=20 j=58 stable_minus_2bad=135331264354280596497768713687305919712034604735356312982926749465423376350840
B_CASE q=21 j=60 width_wall=42 terminal_shapes=1597
B_REVERSE_STEP q=21 after_removing_to=59 states=12929
B_REVERSE_STEP q=21 after_removing_to=54 states=185326
B_REVERSE_STEP q=21 after_removing_to=49 states=375517
B_REVERSE_STEP q=21 after_removing_to=44 states=565036
B_REVERSE_STEP q=21 after_removing_to=39 states=662244
B_REVERSE_STEP q=21 after_removing_to=34 states=497587
B_REVERSE_STEP q=21 after_removing_to=29 states=308056
B_REVERSE_STEP q=21 after_removing_to=24 states=129064
B_REVERSE_STEP q=21 after_removing_to=19 states=26015
B_REVERSE_STEP q=21 after_removing_to=14 states=3718
B_REVERSE_STEP q=21 after_removing_to=9 states=385
B_REVERSE_STEP q=21 after_removing_to=4 states=22
B_REVERSE_STEP q=21 after_removing_to=1 states=2
B_REVERSE_STEP q=21 after_removing_to=0 states=1
B_BAD_COUNT q=21 j=60 value=501537005858674333330084220305394292725502806422776823786938
B_STABLE q=21 j=60 value=471052485162704317319812795970408289233468930472224275965917026543989772309785856
B_MARGIN q=21 j=60 stable_minus_2bad=471052485162704317318809721958690940566808762031613487380466020931144218662211980
B_CASE q=22 j=62 width_wall=44 terminal_shapes=1597
B_REVERSE_STEP q=22 after_removing_to=61 states=12929
B_REVERSE_STEP q=22 after_removing_to=59 states=73561
B_REVERSE_STEP q=22 after_removing_to=54 states=261382
B_REVERSE_STEP q=22 after_removing_to=49 states=451607
B_REVERSE_STEP q=22 after_removing_to=44 states=639428
B_REVERSE_STEP q=22 after_removing_to=39 states=676536
B_REVERSE_STEP q=22 after_removing_to=34 states=497762
B_REVERSE_STEP q=22 after_removing_to=29 states=308056
B_REVERSE_STEP q=22 after_removing_to=24 states=129064
B_REVERSE_STEP q=22 after_removing_to=19 states=26015
B_REVERSE_STEP q=22 after_removing_to=14 states=3718
B_REVERSE_STEP q=22 after_removing_to=9 states=385
B_REVERSE_STEP q=22 after_removing_to=4 states=22
B_REVERSE_STEP q=22 after_removing_to=1 states=2
B_REVERSE_STEP q=22 after_removing_to=0 states=1
B_BAD_COUNT q=22 j=62 value=17286220248116620360011696433092366670786327505855441698376089
B_STABLE q=22 j=62 value=1752662440577781575209503668238126873333784709049940063414466650371576789047754739456
B_MARGIN q=22 j=62 stable_minus_2bad=1752662440577781575209469095797630640093064685657073878681125077716565078164357987278
B_CASE q=23 j=64 width_wall=46 terminal_shapes=1597
B_REVERSE_STEP q=23 after_removing_to=63 states=12929
B_REVERSE_STEP q=23 after_removing_to=59 states=147423
B_REVERSE_STEP q=23 after_removing_to=54 states=337472
B_REVERSE_STEP q=23 after_removing_to=49 states=527693
B_REVERSE_STEP q=23 after_removing_to=44 states=710663
B_REVERSE_STEP q=23 after_removing_to=39 states=683157
B_REVERSE_STEP q=23 after_removing_to=34 states=497818
B_REVERSE_STEP q=23 after_removing_to=29 states=308056
B_REVERSE_STEP q=23 after_removing_to=24 states=129064
B_REVERSE_STEP q=23 after_removing_to=19 states=26015
B_REVERSE_STEP q=23 after_removing_to=14 states=3718
B_REVERSE_STEP q=23 after_removing_to=9 states=385
B_REVERSE_STEP q=23 after_removing_to=4 states=22
B_REVERSE_STEP q=23 after_removing_to=1 states=2
B_REVERSE_STEP q=23 after_removing_to=0 states=1
B_BAD_COUNT q=23 j=64 value=565412260020227317349094931173175026051291206417829480409450806
B_STABLE q=23 j=64 value=6955857144727139970751971374393603317023904378932489274710276754474844390071674066329856
B_MARGIN q=23 j=64 stable_minus_2bad=6955857144727139970751970243569083276569269680742626928360224651892431554412713247428244
B_CASE q=24 j=66 width_wall=48 terminal_shapes=1597
B_REVERSE_STEP q=24 after_removing_to=65 states=12929
B_REVERSE_STEP q=24 after_removing_to=64 states=40362
B_REVERSE_STEP q=24 after_removing_to=59 states=223341
B_REVERSE_STEP q=24 after_removing_to=54 states=413562
B_REVERSE_STEP q=24 after_removing_to=49 states=603753
B_REVERSE_STEP q=24 after_removing_to=44 states=774336
B_REVERSE_STEP q=24 after_removing_to=39 states=686092
B_REVERSE_STEP q=24 after_removing_to=34 states=497833
B_REVERSE_STEP q=24 after_removing_to=29 states=308056
B_REVERSE_STEP q=24 after_removing_to=24 states=129064
B_REVERSE_STEP q=24 after_removing_to=19 states=26015
B_REVERSE_STEP q=24 after_removing_to=14 states=3718
B_REVERSE_STEP q=24 after_removing_to=9 states=385
B_REVERSE_STEP q=24 after_removing_to=4 states=22
B_REVERSE_STEP q=24 after_removing_to=1 states=2
B_REVERSE_STEP q=24 after_removing_to=0 states=1
B_BAD_COUNT q=24 j=66 value=17622233793457998802606163139381904487039919418495500636414785527
B_STABLE q=24 j=66 value=29386673299901708964749475366759569189602963178165778925986743273997422841560680642874794240
B_MARGIN q=24 j=66 stable_minus_2bad=29386673299901708964749475331515101602686965572953452647222934299917584004569679370045223186
B_CASE q=25 j=68 width_wall=50 terminal_shapes=1597
B_REVERSE_STEP q=25 after_removing_to=67 states=12929
B_REVERSE_STEP q=25 after_removing_to=64 states=109908
B_REVERSE_STEP q=25 after_removing_to=59 states=299427
B_REVERSE_STEP q=25 after_removing_to=54 states=489652
B_REVERSE_STEP q=25 after_removing_to=49 states=679701
B_REVERSE_STEP q=25 after_removing_to=44 states=823239
B_REVERSE_STEP q=25 after_removing_to=39 states=687325
B_REVERSE_STEP q=25 after_removing_to=34 states=497836
B_REVERSE_STEP q=25 after_removing_to=29 states=308056
B_REVERSE_STEP q=25 after_removing_to=24 states=129064
B_REVERSE_STEP q=25 after_removing_to=19 states=26015
B_REVERSE_STEP q=25 after_removing_to=14 states=3718
B_REVERSE_STEP q=25 after_removing_to=9 states=385
B_REVERSE_STEP q=25 after_removing_to=4 states=22
B_REVERSE_STEP q=25 after_removing_to=1 states=2
B_REVERSE_STEP q=25 after_removing_to=0 states=1
B_BAD_COUNT q=25 j=68 value=525227120153705052445522264916256422275333828462705468427530311688
B_STABLE q=25 j=68 value=131909085289227211701789514679798928329813646427039837649312285390118158678556363102491602028032
B_MARGIN q=25 j=68 stable_minus_2bad=131909085289227211701789514678748474089506236322148793119479772545567491021630952165636541404656
B_CASE q=26 j=70 width_wall=52 terminal_shapes=1597
B_REVERSE_STEP q=26 after_removing_to=69 states=12929
B_REVERSE_STEP q=26 after_removing_to=64 states=185326
B_REVERSE_STEP q=26 after_removing_to=59 states=375517
B_REVERSE_STEP q=26 after_removing_to=54 states=565742
B_REVERSE_STEP q=26 after_removing_to=49 states=755261
B_REVERSE_STEP q=26 after_removing_to=44 states=852469
B_REVERSE_STEP q=26 after_removing_to=39 states=687810
B_REVERSE_STEP q=26 after_removing_to=34 states=497836
B_REVERSE_STEP q=26 after_removing_to=29 states=308056
B_REVERSE_STEP q=26 after_removing_to=24 states=129064
B_REVERSE_STEP q=26 after_removing_to=19 states=26015
B_REVERSE_STEP q=26 after_removing_to=14 states=3718
B_REVERSE_STEP q=26 after_removing_to=9 states=385
B_REVERSE_STEP q=26 after_removing_to=4 states=22
B_REVERSE_STEP q=26 after_removing_to=1 states=2
B_REVERSE_STEP q=26 after_removing_to=0 states=1
B_BAD_COUNT q=26 j=70 value=15017983315275271514943772179439551173264045729072445515932158299334
B_STABLE q=26 j=70 value=627984678371728270376818250246812081830104244785246538569736365153874640142027958326866251995349504
B_MARGIN q=26 j=70 stable_minus_2bad=627984678371728270376818250246782045863473694242216651025377486051528112050569813435834387678750836
B_CASE q=27 j=72 width_wall=54 terminal_shapes=1597
B_REVERSE_STEP q=27 after_removing_to=71 states=12929
B_REVERSE_STEP q=27 after_removing_to=69 states=73561
B_REVERSE_STEP q=27 after_removing_to=64 states=261382
B_REVERSE_STEP q=27 after_removing_to=59 states=451607
B_REVERSE_STEP q=27 after_removing_to=54 states=641832
B_REVERSE_STEP q=27 after_removing_to=49 states=829653
B_REVERSE_STEP q=27 after_removing_to=44 states=866761
B_REVERSE_STEP q=27 after_removing_to=39 states=687985
B_REVERSE_STEP q=27 after_removing_to=34 states=497836
B_REVERSE_STEP q=27 after_removing_to=29 states=308056
B_REVERSE_STEP q=27 after_removing_to=24 states=129064
B_REVERSE_STEP q=27 after_removing_to=19 states=26015
B_REVERSE_STEP q=27 after_removing_to=14 states=3718
B_REVERSE_STEP q=27 after_removing_to=9 states=385
B_REVERSE_STEP q=27 after_removing_to=4 states=22
B_REVERSE_STEP q=27 after_removing_to=1 states=2
B_REVERSE_STEP q=27 after_removing_to=0 states=1
B_BAD_COUNT q=27 j=72 value=413137929816968194764470941137967440190873604534173610774411341339804
B_STABLE q=27 j=72 value=3165506839235730069039027353629446009606476006070005420532280678737636588724630090276033089043302767104
B_MARGIN q=27 j=72 stable_minus_2bad=3165506839235730069039027353629445183330616372133615891590398402802756206977421021928811540220620087496
B_CASE q=28 j=74 width_wall=56 terminal_shapes=1597
B_REVERSE_STEP q=28 after_removing_to=73 states=12929
B_REVERSE_STEP q=28 after_removing_to=69 states=147423
B_REVERSE_STEP q=28 after_removing_to=64 states=337472
B_REVERSE_STEP q=28 after_removing_to=59 states=527697
B_REVERSE_STEP q=28 after_removing_to=54 states=717918
B_REVERSE_STEP q=28 after_removing_to=49 states=900888
B_REVERSE_STEP q=28 after_removing_to=44 states=873382
B_REVERSE_STEP q=28 after_removing_to=39 states=688041
B_REVERSE_STEP q=28 after_removing_to=34 states=497836
B_REVERSE_STEP q=28 after_removing_to=29 states=308056
B_REVERSE_STEP q=28 after_removing_to=24 states=129064
B_REVERSE_STEP q=28 after_removing_to=19 states=26015
B_REVERSE_STEP q=28 after_removing_to=14 states=3718
B_REVERSE_STEP q=28 after_removing_to=9 states=385
B_REVERSE_STEP q=28 after_removing_to=4 states=22
B_REVERSE_STEP q=28 after_removing_to=1 states=2
B_REVERSE_STEP q=28 after_removing_to=0 states=1
B_BAD_COUNT q=28 j=74 value=10962547901933364527319535364053039700674396423197629467092052579347946
B_STABLE q=28 j=74 value=16868160644365457941953337882591367954426383855975230713302082540604985785368227008776946896671566077008384
B_MARGIN q=28 j=74 stable_minus_2bad=16868160644365457941953337882591367932501288052108501658663011812498906384019434162381687962487460918312492
B_CASE q=29 j=76 width_wall=58 terminal_shapes=1597
B_REVERSE_STEP q=29 after_removing_to=75 states=12929
B_REVERSE_STEP q=29 after_removing_to=74 states=40362
B_REVERSE_STEP q=29 after_removing_to=69 states=223341
B_REVERSE_STEP q=29 after_removing_to=64 states=413562
B_REVERSE_STEP q=29 after_removing_to=59 states=603787
B_REVERSE_STEP q=29 after_removing_to=54 states=793978
B_REVERSE_STEP q=29 after_removing_to=49 states=964561
B_REVERSE_STEP q=29 after_removing_to=44 states=876317
B_REVERSE_STEP q=29 after_removing_to=39 states=688056
B_REVERSE_STEP q=29 after_removing_to=34 states=497836
B_REVERSE_STEP q=29 after_removing_to=29 states=308056
B_REVERSE_STEP q=29 after_removing_to=24 states=129064
B_REVERSE_STEP q=29 after_removing_to=19 states=26015
B_REVERSE_STEP q=29 after_removing_to=14 states=3718
B_REVERSE_STEP q=29 after_removing_to=9 states=385
B_REVERSE_STEP q=29 after_removing_to=4 states=22
B_REVERSE_STEP q=29 after_removing_to=1 states=2
B_REVERSE_STEP q=29 after_removing_to=0 states=1
B_BAD_COUNT q=29 j=76 value=281232323362466735177620928843846456166533731604285601669187439420430570
B_STABLE q=29 j=76 value=94879010830044980231973613148711343554513618436149013082612300294536650323289457364334503841685158561978956800
B_MARGIN q=29 j=76 stable_minus_2bad=94879010830044980231973613148711343553951153789424079612257058436848957410956389901125932638346783683138095660
B_CASE q=30 j=78 width_wall=60 terminal_shapes=1597
B_REVERSE_STEP q=30 after_removing_to=77 states=12929
B_REVERSE_STEP q=30 after_removing_to=74 states=109908
B_REVERSE_STEP q=30 after_removing_to=69 states=299427
B_REVERSE_STEP q=30 after_removing_to=64 states=489652
B_REVERSE_STEP q=30 after_removing_to=59 states=679877
B_REVERSE_STEP q=30 after_removing_to=54 states=869926
B_REVERSE_STEP q=30 after_removing_to=49 states=1013464
B_REVERSE_STEP q=30 after_removing_to=44 states=877550
B_REVERSE_STEP q=30 after_removing_to=39 states=688059
B_REVERSE_STEP q=30 after_removing_to=34 states=497836
B_REVERSE_STEP q=30 after_removing_to=29 states=308056
B_REVERSE_STEP q=30 after_removing_to=24 states=129064
B_REVERSE_STEP q=30 after_removing_to=19 states=26015
B_REVERSE_STEP q=30 after_removing_to=14 states=3718
B_REVERSE_STEP q=30 after_removing_to=9 states=385
B_REVERSE_STEP q=30 after_removing_to=4 states=22
B_REVERSE_STEP q=30 after_removing_to=1 states=2
B_REVERSE_STEP q=30 after_removing_to=0 states=1
B_BAD_COUNT q=30 j=78 value=6989805140556529916322470879509894906924056264106263867936760916148947281
B_STABLE q=30 j=78 value=562512973617582593017381142149439039365749818692513921293458034544642270082638523437614039688485926173720178234368
B_MARGIN q=30 j=78 stable_minus_2bad=562512973617582593017381142149439039365735839082232808233625389602883250292824675325085827160750052651887880339806
B_CASE q=31 j=80 width_wall=62 terminal_shapes=1597
B_REVERSE_STEP q=31 after_removing_to=79 states=12929
B_REVERSE_STEP q=31 after_removing_to=74 states=185326
B_REVERSE_STEP q=31 after_removing_to=69 states=375517
B_REVERSE_STEP q=31 after_removing_to=64 states=565742
B_REVERSE_STEP q=31 after_removing_to=59 states=755967
B_REVERSE_STEP q=31 after_removing_to=54 states=945486
B_REVERSE_STEP q=31 after_removing_to=49 states=1042694
B_REVERSE_STEP q=31 after_removing_to=44 states=878035
B_REVERSE_STEP q=31 after_removing_to=39 states=688059
B_REVERSE_STEP q=31 after_removing_to=34 states=497836
B_REVERSE_STEP q=31 after_removing_to=29 states=308056
B_REVERSE_STEP q=31 after_removing_to=24 states=129064
B_REVERSE_STEP q=31 after_removing_to=19 states=26015
B_REVERSE_STEP q=31 after_removing_to=14 states=3718
B_REVERSE_STEP q=31 after_removing_to=9 states=385
B_REVERSE_STEP q=31 after_removing_to=4 states=22
B_REVERSE_STEP q=31 after_removing_to=1 states=2
B_REVERSE_STEP q=31 after_removing_to=0 states=1
B_BAD_COUNT q=31 j=80 value=168630546042345400047058712680532671697137285643783300438293211852492794558
B_STABLE q=31 j=80 value=3510497287734778986037296352864815062600027990798090796318183554453328845300811051044661979528407676147907301081988096
B_MARGIN q=31 j=80 stable_minus_2bad=3510497287734778986037296352864815062600027653536998711627383460335903484235467656770090691961806799561483596096398980
C_FPF_BOUND q=21 j=60 value=936103804833627766619558658829368839169497669297772127543300376719453125
C_FPF_STABLE q=21 j=60 value=471052485162704317319812795970408289233468930472224275965917026543989772309785856
C_FPF_MARGIN q=21 j=60 stable_minus_2bound=471052483290496707652557262731290971574731252133228937370372771457389018870879606
C_FPF_BOUND q=22 j=62 value=147792316180051306675315989515099722426677110364389754267875360964914531250
C_FPF_STABLE q=22 j=62 value=1752662440577781575209503668238126873333784709049940063414466650371576789047754739456
C_FPF_MARGIN q=22 j=62 stable_minus_2bound=1752662440282196942849401054887494894303585264196585842685687141835826067117925676956
C_FPF_BOUND q=23 j=64 value=23313182866657367477677417211957455715304495181498386549564779747042798203125
C_FPF_STABLE q=23 j=64 value=6955857144727139970751971374393603317023904378932489274710276754474844390071674066329856
C_FPF_MARGIN q=23 j=64 stable_minus_2bound=6955857144680513605018656639438248482599989467501880284347279981375714830577588469923606
C_PAUSE_POLYNOMIAL q=24 j=66 value=485690524492741371143389184
C_BOUND q=24 j=66 value=25971103314748133597474942168790551801564629040013228753930301332973877999405487892776091648
C_STABLE q=24 j=66 value=29386673299901708964749475366759569189602963178165778925986743273997422841560680642874794240
C_MARGIN q=24 j=66 stable_minus_bound=3415569985153575367274533197969017388038334138152550172056441941023544842155192750098702592
C_PAUSE_POLYNOMIAL q=25 j=68 value=901013500420353108094484480
C_BOUND q=25 j=68 value=8190467773329625618502294483539235272979859420377873254365842186239427921169959725671949271040
C_STABLE q=25 j=68 value=131909085289227211701789514679798928329813646427039837649312285390118158678556363102491602028032
C_MARGIN q=25 j=68 stable_minus_bound=123718617515897586083287220196259693056833787006661964394946443203878730757386403376819652756992
C_PAUSE_POLYNOMIAL q=26 j=70 value=1637475412045018423195074560
C_BOUND q=26 j=70 value=2589997338979961558326525784734253780288407237195343828806475916146329007318104251860057923256320
C_STABLE q=26 j=70 value=627984678371728270376818250246812081830104244785246538569736365153874640142027958326866251995349504
C_MARGIN q=26 j=70 stable_minus_bound=625394681032748308818491724462077828049815837548051194740929889237728311134709854075006194072093184
C_PAUSE_POLYNOMIAL q=27 j=72 value=2919209192203235399393607680
C_BOUND q=27 j=72 value=821878782006650005039181852266674013111893869854499129754072025688242978426383127141826946169569280
C_STABLE q=27 j=72 value=3165506839235730069039027353629446009606476006070005420532280678737636588724630090276033089043302767104
C_MARGIN q=27 j=72 stable_minus_bound=3164684960453723419033988171777179335593364112200150921402526606711948345746203707148891262097133197824
C_PAUSE_POLYNOMIAL q=28 j=74 value=5111212844565486053329469440
C_BOUND q=28 j=74 value=261900335071974400963928637008110148878538167833634600226534074568890888571253763585637393712650649600
C_STABLE q=28 j=74 value=16868160644365457941953337882591367954426383855975230713302082540604985785368227008776946896671566077008384
C_MARGIN q=28 j=74 stable_minus_bound=16867898744030385967552373953954359844277505317807397078701856006530416894479655755013361259277853426358784
C_PAUSE_POLYNOMIAL q=29 j=76 value=8798834219976758419406454784
C_BOUND q=29 j=76 value=83858759798693611332716353907168160731497938864992238745852677656619337099018057339659373336838405095424
C_STABLE q=29 j=76 value=94879010830044980231973613148711343554513618436149013082612300294536650323289457364334503841685158561978956800
C_MARGIN q=29 j=76 stable_minus_bound=94878926971285181538362280432357436386352886938210148090373554441858993703952358346277164182311821723573861376
C_PAUSE_POLYNOMIAL q=30 j=78 value=14907371697563580919094444032
C_BOUND q=30 j=78 value=26994566587460134740022988383972937032633823941347682695405635205784910719897345602539689202824974002290688
C_STABLE q=30 j=78 value=562512973617582593017381142149439039365749818692513921293458034544642270082638523437614039688485926173720178234368
C_MARGIN q=30 j=78 stable_minus_bound=562512946623016005557246402126450655392812786058689979945775339139007064297727803540268437148796723348746175943680
C_PAUSE_POLYNOMIAL q=31 j=80 value=24879815802004287614091526144
C_BOUND q=31 j=80 value=8740225700685172010150078026625429316595726641536048177338412470897496925240821778569958850490484801115521024
C_STABLE q=31 j=80 value=3510497287734778986037296352864815062600027990798090796318183554453328845300811051044661979528407676147907301081988096
C_MARGIN q=31 j=80 stable_minus_bound=3510497278994553285352124342714737035974598674202364154782135377114916374403314125803840200958448825657422499966467072
C_PAUSE_POLYNOMIAL q=32 j=82 value=40937925700357484315497725952
C_BOUND q=32 j=82 value=2847508840752348514821715751275005478018848383764329518054833377745887632412818796397064530524095238251674075136
C_STABLE q=32 j=82 value=23031461318491612837555179058823773176080178527200963600094518531114309223041362577926853539902909757202747992401988074496
C_MARGIN q=32 j=82 stable_minus_bound=23031461315644103996802830544002057424805173049182115216330189013059475845295474945514034743505845226678652754150313999360
C_PAUSE_POLYNOMIAL q=33 j=84 value=66461509138151476374200909824
C_BOUND q=33 j=84 value=933812044250752499373738218050240282318884962751494430949149143649724817414925341656703137902477808335936762675200
C_STABLE q=33 j=84 value=158657763193874483403838398425529131802372689838172662694900518600078147210851713145329137752471518074835054484378408548673536
C_MARGIN q=33 j=84 stable_minus_bound=158657763192940671359587645926155393584322449555853777732149024169128998067201988327914212410814814936932576676042471785998336
C_PAUSE_POLYNOMIAL q=34 j=86 value=106533717472108512681303212032
C_BOUND q=34 j=86 value=308348832697823437473292757210250883719898579226045194176753654303819392551395730726862922303694147318778729349513216
C_STABLE q=34 j=86 value=1146261223216104476113850870504823904206973429576168822520545762579640219484408392454268676003664885220674937881802749476746639360
C_MARGIN q=34 j=86 stable_minus_bound=1146261223215796127281153047067350611449763178692448923941319717385463465830104573061717280272938022298371243734483970747397126144
C_PAUSE_POLYNOMIAL q=35 j=88 value=168717341749300791726141865984
C_BOUND q=35 j=88 value=102549383046483492202827847460710605142143596695284865024293865746236791610092682460105069380001498555468318585827360768
C_STABLE q=35 j=88 value=8675754396856524876368104879696901763819780995644746680921702716311206039476211825464483545239229401412629165205537483948545032599552
C_MARGIN q=35 j=88 stable_minus_bound=8675754396856422326985058396204698935972320285039604537325007431446181745610465588672873452556769296343249163706982015629959205238784
C_PAUSE_POLYNOMIAL q=36 j=90 value=264149708380352676845388562432
C_BOUND q=36 j=90 value=34358651455561571259528517599870894998530922570380572920373332363291321491806357959654055241697470062855120670209433665536
C_STABLE q=36 j=90 value=68718405964968875842382854467623549502768495062210053796191368885870745449707963177003166431289263540948708405667345880180494031457695744
C_MARGIN q=36 j=90 stable_minus_bound=68718405964968841483731398906052289974250895191315055265268798505297825076375599885681674624931303886893466708197283025059823822024030208
C_PAUSE_POLYNOMIAL q=37 j=92 value=409073328050388683175147864064
C_BOUND q=37 j=92 value=11599588084600904850342155662007686190046348315740260040191204328743457251837284401149860849884302371341410562343209225158656
C_STABLE q=37 j=92 value=569039354428064809584501754853999021023455072762059951738839148959066063112361696149660066161025803402015975603099096903459687179056288518144
C_MARGIN q=37 j=92 stable_minus_bound=569039354428064797984913670253094170681299410754373761692490833218806022921157367406202814323741402252155125718796725562049124835847063359488
C_PAUSE_POLYNOMIAL q=38 j=94 value=626957812521160029184913047552
C_BOUND q=38 j=94 value=3946677946765039309496306507835502726542355845231819973385328155352686255974859555170841307618109987356708354762825221097390080
C_STABLE q=38 j=94 value=4921474373856215123552185218948554597467557837257766363592855360411641553008081357743549992062698307473902908987085939460283542384898931370717184
C_MARGIN q=38 j=94 stable_minus_bound=4921474373856215119605507272183515287971251329422263637050499515179821579622753202390863736087838752303061601368975952103575187622073710273327104
C_PAUSE_POLYNOMIAL q=39 j=96 value=951418036509207647414246440960
C_BOUND q=39 j=96 value=1353543558004716870740961847025738201437397862599648435166816205483179195806535808700556664455143561100041456753599028118620733440
C_STABLE q=39 j=96 value=44415035728604135032970506742036555025782948717026354323141882517413937184839805579198911677167922002893977519266257451972201078556338098194593812480
C_MARGIN q=39 j=96 stable_minus_bound=44415035728604135031616963184031838155041986870000616121704484654814288749672989373715732481361386194193420854811113890872159621802739070075973079040
C_PAUSE_POLYNOMIAL q=40 j=98 value=1430196899008872205162802053120
C_BOUND q=40 j=98 value=467976042187604324592952690863768439248371528571853321363398872305666247553978160716005956710062204560575326253819232438984397291520
C_STABLE q=40 j=98 value=417889612984311197972881691783935928096937375597305446023156650306680759043116550847677204742460613417445792904328483225450985499280557127802825078673408
C_MARGIN q=40 j=98 stable_minus_bound=417889612984311197972413715741748323772344422906441677583908278778108905721753151975371538494906635256729786947618421020890410173026737895363840681381888
C_PAUSE_POLYNOMIAL q=41 j=100 value=2130561760307622776104959606784
C_BOUND q=41 j=100 value=163131156830781104418104675647117815801322820462446817357563926769727058399998630883696239386798106962074360614863676550388100058054656
C_STABLE q=41 j=100 value=4095628359235226170344431641109679151351419816735792387000577737946449523874142975437588272923325262622454337121560525749166865702147422096626218259238117376
C_MARGIN q=41 j=100 stable_minus_bound=4095628359235226170344268509952848370247001712060145269184776415125987077056785411510818545864925263991570640882173727642204791341532558420075830159180062720
C_PAUSE_POLYNOMIAL q=42 j=102 value=3146565859795394230612091207680
C_BOUND q=42 j=102 value=57339744979179075300405569213740183059036991258926386922267014582884423160552376658934456584763189036773275605975284398181095756592578560
C_STABLE q=42 j=102 value=41778449637156136111589911062266613865092602309151061119068908864847784220294565079035159834614248792781733961122566742407158611152743167848891888456932205797376
C_MARGIN q=42 j=102 stable_minus_bound=41778449637156136111589853722521634686017301903581847378885849827856525293907642812020576950191088240405075026665981979218121837877137192564493707361175613218816
C_PAUSE_POLYNOMIAL q=43 j=104 value=4608754783361488019049362489344
C_BOUND q=43 j=104 value=20324371486892946314512533225611781968561049756893476136506700455254526359223544157738404566585230192606882814857747400003620663611841576960
C_STABLE q=43 j=104 value=443216814209338571157347357905009055945908874869036427451842429620557117844903263235592653880992316734053287950441783564322616967238386329172707338675620164238483456
C_MARGIN q=43 j=104 stable_minus_bound=443216814209338571157347337580637569052962560356503201840060461059507360951427126728892198626465957510509130212037216979092424360355571471425307335054956552396906496
C_PAUSE_POLYNOMIAL q=44 j=106 value=6697059394790832303211325685760
C_BOUND q=44 j=106 value=7265274782974669129795815255902267304156229806420687696194345185782058149638805641305880805206393646301449847980458842119464489483303093534720
C_STABLE q=44 j=106 value=4886351313102937424311841336468296380298521371436515901130417647351733996153250493873294611564127635106929342080214338417609124062943660912220326840086212014801064468480
C_MARGIN q=44 j=106 stable_minus_bound=4886351313102937424311841329203021597323852241640700645228150343195504189732562797678949425782069485468123700774333533211215477761493812931761484720621722531497970933760
C_PAUSE_POLYNOMIAL q=45 j=108 value=9657817815894010546150315393024
C_BOUND q=45 j=108 value=2619305835789693166314900122919030803299167502642371311780704319568040708064180885119348573027179242239070661836877282935845838248207424392527872
C_STABLE q=45 j=108 value=55942579353574319299284514198746442384086255220415992526932728045728031109681376287975786882229157005807880280284734992352133383660743021984820927406039462145127974051889152
C_MARGIN q=45 j=108 stable_minus_bound=55942579353574319299284514196127136548296562054101092404013697242428863607039004976195082562661116297743699395165386419324954141421672360147943644470193623896920549659361280
SUMMARY failures=0
__EXIT_STATUS=0
