COMMAND: ./post_m29_bc_twentythird_frontier_gmp
ENV: B_Q_MAX=23 B_Q_MIN=21 OMP_NUM_THREADS=8 RUN_B=1 RUN_C=0
BC_TWENTYTHIRD_FRONTIER_GMP b_cases=3 c_fpf_cases=8 c_arithmetic_cases=30 run_b=1 run_c=0 b_q_min=21 b_q_max=23 omp_max_threads=8
B_LOWER_BOX_RATIONAL numerator=5413287532978551318097678891722127088655784535993669973030234234250361370376877380234841755619418027188786488040818356483827177779 denominator=323343376869893514353888006024488507396488924654735353434601397268712399548508175475572934010793064806941220715626496 ceil=16741606354773
B_ABSORPTION_BASE q=40 left=100799373482071927756100447624964335717029457547995464555007687269102068139512017998152522370498302975581376576947997835914189117769465601974511263680494378680320 right=961446671503512660926865558697259548455355905059659464369444714048531715130254590603314961882364451384985595980362059157503710042865532928000000000000000000000000 margin=860647298021440733170765111072295212738326447511663999814437026779429646990742572605162439511866148409404219403414061321589520925096067326025488736319505621319680
B_ABSORPTION_RATIO_BASE q=40 left=98280 right=102660 margin=4380
C_PAUSE_ABSORPTION_BASE q=59 P=11127725043353600952651764558062923284480 central=28792469044176159473161828154011690184400 margin=17664744000822558520510063595948766899920
C_PAUSE_RATIO_BASE q=59 left=20306 right=28560 margin=8254
C_CENTRAL_RATIO_BASE q=59 left=20306 right=14940 margin=5366
B_CASE q=21 j=65 width_wall=42 terminal_shapes=5763
B_REVERSE_STEP q=21 after_removing_to=64 states=56893
B_REVERSE_STEP q=21 after_removing_to=59 states=1044857
B_REVERSE_STEP q=21 after_removing_to=54 states=2206213
B_REVERSE_STEP q=21 after_removing_to=49 states=3356671
B_REVERSE_STEP q=21 after_removing_to=44 states=3843806
B_REVERSE_STEP q=21 after_removing_to=39 states=2842813
B_REVERSE_STEP q=21 after_removing_to=34 states=1694594
B_REVERSE_STEP q=21 after_removing_to=29 states=668163
B_REVERSE_STEP q=21 after_removing_to=24 states=147273
B_REVERSE_STEP q=21 after_removing_to=19 states=26015
B_REVERSE_STEP q=21 after_removing_to=14 states=3718
B_REVERSE_STEP q=21 after_removing_to=9 states=385
B_REVERSE_STEP q=21 after_removing_to=4 states=22
B_REVERSE_STEP q=21 after_removing_to=1 states=2
B_REVERSE_STEP q=21 after_removing_to=0 states=1
B_BAD_COUNT q=21 j=65 value=28436452122494546784503973932702955134312420993458055393779840223891968
B_STABLE q=21 j=65 value=448652128232881537732129952277792373763923626445924353990403553556345456494626112650043392
B_MARGIN q=21 j=65 stable_minus_2bad=448652128232881537675257048032803280194915678580518443721778711569429345707066432202259456
B_CASE q=22 j=67 width_wall=44 terminal_shapes=5763
B_REVERSE_STEP q=22 after_removing_to=66 states=56893
B_REVERSE_STEP q=22 after_removing_to=64 states=378564
B_REVERSE_STEP q=22 after_removing_to=59 states=1508690
B_REVERSE_STEP q=22 after_removing_to=54 states=2671223
B_REVERSE_STEP q=22 after_removing_to=49 states=3801327
B_REVERSE_STEP q=22 after_removing_to=44 states=3927818
B_REVERSE_STEP q=22 after_removing_to=39 states=2844730
B_REVERSE_STEP q=22 after_removing_to=34 states=1694601
B_REVERSE_STEP q=22 after_removing_to=29 states=668163
B_REVERSE_STEP q=22 after_removing_to=24 states=147273
B_REVERSE_STEP q=22 after_removing_to=19 states=26015
B_REVERSE_STEP q=22 after_removing_to=14 states=3718
B_REVERSE_STEP q=22 after_removing_to=9 states=385
B_REVERSE_STEP q=22 after_removing_to=4 states=22
B_REVERSE_STEP q=22 after_removing_to=1 states=2
B_REVERSE_STEP q=22 after_removing_to=0 states=1
B_BAD_COUNT q=22 j=67 value=1336195933930798511146548004105498833028709271000610258638238376308898757
B_STABLE q=22 j=67 value=1954211164681443257926522972458391584067198254211562226984238146980200166454946504992361742592
B_MARGIN q=22 j=67 stable_minus_2bad=1954211164681443257923850580590529987044905158203351229318180728438198945937670028239743945078
B_CASE q=23 j=69 width_wall=46 terminal_shapes=5763
B_REVERSE_STEP q=23 after_removing_to=68 states=56893
B_REVERSE_STEP q=23 after_removing_to=64 states=815231
B_REVERSE_STEP q=23 after_removing_to=59 states=1973688
B_REVERSE_STEP q=23 after_removing_to=54 states=3136020
B_REVERSE_STEP q=23 after_removing_to=49 states=4217988
B_REVERSE_STEP q=23 after_removing_to=44 states=3970150
B_REVERSE_STEP q=23 after_removing_to=39 states=2845511
B_REVERSE_STEP q=23 after_removing_to=34 states=1694602
B_REVERSE_STEP q=23 after_removing_to=29 states=668163
B_REVERSE_STEP q=23 after_removing_to=24 states=147273
B_REVERSE_STEP q=23 after_removing_to=19 states=26015
B_REVERSE_STEP q=23 after_removing_to=14 states=3718
B_REVERSE_STEP q=23 after_removing_to=9 states=385
B_REVERSE_STEP q=23 after_removing_to=4 states=22
B_REVERSE_STEP q=23 after_removing_to=1 states=2
B_REVERSE_STEP q=23 after_removing_to=0 states=1
B_BAD_COUNT q=23 j=69 value=58974092244345858142200133092969801790833911541634513030662754818190165252
B_STABLE q=23 j=69 value=9035761317088612444238991255468019455529981888205233547194765799344522272227693822804440755123712
B_MARGIN q=23 j=69 stable_minus_2bad=9035761317088612444238873307283530763813697487939047607591184131521439003201632497294804374793208
SUMMARY failures=0
__EXIT_STATUS=0
