COMMAND: ./post_m29_bc_twentythird_frontier_gmp
ENV: B_Q_MAX=35 B_Q_MIN=33 OMP_NUM_THREADS=8 RUN_B=1 RUN_C=0
BC_TWENTYTHIRD_FRONTIER_GMP b_cases=3 c_fpf_cases=8 c_arithmetic_cases=30 run_b=1 run_c=0 b_q_min=33 b_q_max=35 omp_max_threads=8
B_LOWER_BOX_RATIONAL numerator=5413287532978551318097678891722127088655784535993669973030234234250361370376877380234841755619418027188786488040818356483827177779 denominator=323343376869893514353888006024488507396488924654735353434601397268712399548508175475572934010793064806941220715626496 ceil=16741606354773
B_ABSORPTION_BASE q=40 left=100799373482071927756100447624964335717029457547995464555007687269102068139512017998152522370498302975581376576947997835914189117769465601974511263680494378680320 right=961446671503512660926865558697259548455355905059659464369444714048531715130254590603314961882364451384985595980362059157503710042865532928000000000000000000000000 margin=860647298021440733170765111072295212738326447511663999814437026779429646990742572605162439511866148409404219403414061321589520925096067326025488736319505621319680
B_ABSORPTION_RATIO_BASE q=40 left=98280 right=102660 margin=4380
C_PAUSE_ABSORPTION_BASE q=59 P=11127725043353600952651764558062923284480 central=28792469044176159473161828154011690184400 margin=17664744000822558520510063595948766899920
C_PAUSE_RATIO_BASE q=59 left=20306 right=28560 margin=8254
C_CENTRAL_RATIO_BASE q=59 left=20306 right=14940 margin=5366
B_CASE q=33 j=89 width_wall=66 terminal_shapes=5763
B_REVERSE_STEP q=33 after_removing_to=88 states=56893
B_REVERSE_STEP q=33 after_removing_to=84 states=815231
B_REVERSE_STEP q=33 after_removing_to=79 states=1973688
B_REVERSE_STEP q=33 after_removing_to=74 states=3136382
B_REVERSE_STEP q=33 after_removing_to=69 states=4299077
B_REVERSE_STEP q=33 after_removing_to=64 states=5461410
B_REVERSE_STEP q=33 after_removing_to=59 states=6543378
B_REVERSE_STEP q=33 after_removing_to=54 states=6295538
B_REVERSE_STEP q=33 after_removing_to=49 states=5170454
B_REVERSE_STEP q=33 after_removing_to=44 states=4008195
B_REVERSE_STEP q=33 after_removing_to=39 states=2845945
B_REVERSE_STEP q=33 after_removing_to=34 states=1694602
B_REVERSE_STEP q=33 after_removing_to=29 states=668163
B_REVERSE_STEP q=33 after_removing_to=24 states=147273
B_REVERSE_STEP q=33 after_removing_to=19 states=26015
B_REVERSE_STEP q=33 after_removing_to=14 states=3718
B_REVERSE_STEP q=33 after_removing_to=9 states=385
B_REVERSE_STEP q=33 after_removing_to=4 states=22
B_REVERSE_STEP q=33 after_removing_to=1 states=2
B_REVERSE_STEP q=33 after_removing_to=0 states=1
B_BAD_COUNT q=33 j=89 value=121741397701642803189252770380994743350843307316009993882328516506636481279153495650343536
B_STABLE q=33 j=89 value=767803834154796949339700774490437588122613781359267986367214256079028239425483726922223026617722923299526509932305209620874990088200192
B_MARGIN q=33 j=89 stable_minus_2bad=767803834154796949339700774490437588122613781115785190963928649700522698663494240220536411985702935534869476919032247062567998787513120
B_CASE q=34 j=91 width_wall=68 terminal_shapes=5763
B_REVERSE_STEP q=34 after_removing_to=90 states=56893
B_REVERSE_STEP q=34 after_removing_to=89 states=194048
B_REVERSE_STEP q=34 after_removing_to=84 states=1276432
B_REVERSE_STEP q=34 after_removing_to=79 states=2438765
B_REVERSE_STEP q=34 after_removing_to=74 states=3601460
B_REVERSE_STEP q=34 after_removing_to=69 states=4764155
B_REVERSE_STEP q=34 after_removing_to=64 states=5925524
B_REVERSE_STEP q=34 after_removing_to=59 states=6903613
B_REVERSE_STEP q=34 after_removing_to=54 states=6316238
B_REVERSE_STEP q=34 after_removing_to=49 states=5170749
B_REVERSE_STEP q=34 after_removing_to=44 states=4008195
B_REVERSE_STEP q=34 after_removing_to=39 states=2845945
B_REVERSE_STEP q=34 after_removing_to=34 states=1694602
B_REVERSE_STEP q=34 after_removing_to=29 states=668163
B_REVERSE_STEP q=34 after_removing_to=24 states=147273
B_REVERSE_STEP q=34 after_removing_to=19 states=26015
B_REVERSE_STEP q=34 after_removing_to=14 states=3718
B_REVERSE_STEP q=34 after_removing_to=9 states=385
B_REVERSE_STEP q=34 after_removing_to=4 states=22
B_REVERSE_STEP q=34 after_removing_to=1 states=2
B_REVERSE_STEP q=34 after_removing_to=0 states=1
B_BAD_COUNT q=34 j=91 value=3384581136537593661899995441061156486986342192260755133345315750613170930637552174185364260
B_STABLE q=34 j=91 value=6219012485561720169125175711747072746616101573033681749973181063396653251833907992992299794612945668029683562597320420458909289083569428480
B_MARGIN q=34 j=91 stable_minus_2bad=6219012485561720169125175711747072746616101573026912587700105876072853260951785680018327110228424157762992931096094078597634184735198699960
B_CASE q=35 j=93 width_wall=70 terminal_shapes=5763
B_REVERSE_STEP q=35 after_removing_to=92 states=56893
B_REVERSE_STEP q=35 after_removing_to=89 states=590703
B_REVERSE_STEP q=35 after_removing_to=84 states=1741161
B_REVERSE_STEP q=35 after_removing_to=79 states=2903843
B_REVERSE_STEP q=35 after_removing_to=74 states=4066538
B_REVERSE_STEP q=35 after_removing_to=69 states=5229232
B_REVERSE_STEP q=35 after_removing_to=64 states=6387689
B_REVERSE_STEP q=35 after_removing_to=59 states=7171079
B_REVERSE_STEP q=35 after_removing_to=54 states=6326016
B_REVERSE_STEP q=35 after_removing_to=49 states=5170850
B_REVERSE_STEP q=35 after_removing_to=44 states=4008195
B_REVERSE_STEP q=35 after_removing_to=39 states=2845945
B_REVERSE_STEP q=35 after_removing_to=34 states=1694602
B_REVERSE_STEP q=35 after_removing_to=29 states=668163
B_REVERSE_STEP q=35 after_removing_to=24 states=147273
B_REVERSE_STEP q=35 after_removing_to=19 states=26015
B_REVERSE_STEP q=35 after_removing_to=14 states=3718
B_REVERSE_STEP q=35 after_removing_to=9 states=385
B_REVERSE_STEP q=35 after_removing_to=4 states=22
B_REVERSE_STEP q=35 after_removing_to=1 states=2
B_REVERSE_STEP q=35 after_removing_to=0 states=1
B_BAD_COUNT q=35 j=93 value=91433429026135885153051601448881562353933632458095125897796643809931783337877280108972533346
B_STABLE q=35 j=93 value=52636114508684281023057462983247168448627959118498202995779877291910314965053518047265082413237388057261789349857946883946075327053185016705024
B_MARGIN q=35 j=93 stable_minus_2bad=52636114508684281023057462983247168448627959118498020128921825020140008861850620284140374545972471867009993756570327020379399572492967071638332
SUMMARY failures=0
__EXIT_STATUS=0
