COMMAND: ./post_m29_bc_twentyfourth_frontier_gmp
ENV: B_Q_MAX=17 B_Q_MIN=15 OMP_NUM_THREADS=8 RUN_B=1 RUN_C=0
BC_TWENTYFOURTH_FRONTIER_GMP b_cases=3 c_fpf_cases=9 c_arithmetic_cases=31 run_b=1 run_c=0 b_q_min=15 b_q_max=17 omp_max_threads=8
B_LOWER_BOX_RATIONAL numerator=7189885764136456983655939976530114679706233205135043948665828743454022081720455490347644395574905142522888623 denominator=7833157148171707308011570939888586941509981933966218053272652442206028867904865324503574511616 ceil=917878401790345
B_ABSORPTION_BASE q=42 left=281290092234071577973503421044138432694077953662272593063201152617396786044386533989846255433558737317238612037947479045428174071804158800497377420219097550803872147046400 right=12265202031961379393517517010387338887131568154382945052653251412013535324922144249034658613287059061933743916719318560380966506520420000368175349760000000000000000000000000 margin=11983911939727307815544013589343200454437490200720672459590050259396138538877757715044812357853500324616505304681371081335538332448615841567677972339780902449196127852953600
B_ABSORPTION_RATIO_BASE q=42 left=107910 right=113460 margin=5550
C_PAUSE_ABSORPTION_BASE q=61 P=544718913148137508039167628581708985532416 central=821730205038148901357321269744201244708160 margin=277011291890011393318153641162492259175744
C_PAUSE_RATIO_BASE q=61 left=21756 right=30504 margin=8748
C_CENTRAL_RATIO_BASE q=61 left=21756 right=15996 margin=5760
B_CASE q=15 j=54 width_wall=30 terminal_shapes=7338
B_REVERSE_STEP q=15 after_removing_to=53 states=74998
B_REVERSE_STEP q=15 after_removing_to=49 states=1122956
B_REVERSE_STEP q=15 after_removing_to=44 states=2729415
B_REVERSE_STEP q=15 after_removing_to=39 states=3387579
B_REVERSE_STEP q=15 after_removing_to=34 states=2014549
B_REVERSE_STEP q=15 after_removing_to=29 states=698329
B_REVERSE_STEP q=15 after_removing_to=24 states=147273
B_REVERSE_STEP q=15 after_removing_to=19 states=26015
B_REVERSE_STEP q=15 after_removing_to=14 states=3718
B_REVERSE_STEP q=15 after_removing_to=9 states=385
B_REVERSE_STEP q=15 after_removing_to=4 states=22
B_REVERSE_STEP q=15 after_removing_to=1 states=2
B_REVERSE_STEP q=15 after_removing_to=0 states=1
B_BAD_COUNT q=15 j=54 value=45045263939682490798625888586980598343275540820709885621748726
B_STABLE q=15 j=54 value=13771977065833964133817334893247642017099991452445513659173817704502144
B_MARGIN q=15 j=54 stable_minus_2bad=13771976975743436254452353295995864843138794765894432017754046461004692
B_CASE q=16 j=56 width_wall=32 terminal_shapes=7338
B_REVERSE_STEP q=16 after_removing_to=55 states=74998
B_REVERSE_STEP q=16 after_removing_to=54 states=260167
B_REVERSE_STEP q=16 after_removing_to=49 states=1769784
B_REVERSE_STEP q=16 after_removing_to=44 states=3351081
B_REVERSE_STEP q=16 after_removing_to=39 states=3504739
B_REVERSE_STEP q=16 after_removing_to=34 states=2017484
B_REVERSE_STEP q=16 after_removing_to=29 states=698344
B_REVERSE_STEP q=16 after_removing_to=24 states=147273
B_REVERSE_STEP q=16 after_removing_to=19 states=26015
B_REVERSE_STEP q=16 after_removing_to=14 states=3718
B_REVERSE_STEP q=16 after_removing_to=9 states=385
B_REVERSE_STEP q=16 after_removing_to=4 states=22
B_REVERSE_STEP q=16 after_removing_to=1 states=2
B_REVERSE_STEP q=16 after_removing_to=0 states=1
B_BAD_COUNT q=16 j=56 value=3853595618586362180667774183531853844560042311864307437609532120
B_STABLE q=16 j=56 value=41656588897766692204622475514373595085166948369884529750116415352310376320
B_MARGIN q=16 j=56 stable_minus_2bad=41656588890059500967449751153038046718103240680764445126387800477091312080
B_CASE q=17 j=58 width_wall=34 terminal_shapes=7338
B_REVERSE_STEP q=17 after_removing_to=57 states=74998
B_REVERSE_STEP q=17 after_removing_to=54 states=809126
B_REVERSE_STEP q=17 after_removing_to=49 states=2422130
B_REVERSE_STEP q=17 after_removing_to=44 states=3931144
B_REVERSE_STEP q=17 after_removing_to=39 states=3564583
B_REVERSE_STEP q=17 after_removing_to=34 states=2018717
B_REVERSE_STEP q=17 after_removing_to=29 states=698347
B_REVERSE_STEP q=17 after_removing_to=24 states=147273
B_REVERSE_STEP q=17 after_removing_to=19 states=26015
B_REVERSE_STEP q=17 after_removing_to=14 states=3718
B_REVERSE_STEP q=17 after_removing_to=9 states=385
B_REVERSE_STEP q=17 after_removing_to=4 states=22
B_REVERSE_STEP q=17 after_removing_to=1 states=2
B_REVERSE_STEP q=17 after_removing_to=0 states=1
B_BAD_COUNT q=17 j=58 value=294039258448642901148097883499242498063650162962918317768929232232
B_STABLE q=17 j=58 value=135331264354280596525260395031909851696288032809093253656552708021934288664448
B_MARGIN q=17 j=58 stable_minus_2bad=135331264353692518008363109229613655929289547812965953330626871386396430199984
SUMMARY failures=0
__EXIT_STATUS=0
