COMMAND: ./post_m29_bc_twentyfourth_frontier_gmp
ENV: B_Q_MAX=20 B_Q_MIN=18 OMP_NUM_THREADS=8 RUN_B=1 RUN_C=0
BC_TWENTYFOURTH_FRONTIER_GMP b_cases=3 c_fpf_cases=9 c_arithmetic_cases=31 run_b=1 run_c=0 b_q_min=18 b_q_max=20 omp_max_threads=8
B_LOWER_BOX_RATIONAL numerator=7189885764136456983655939976530114679706233205135043948665828743454022081720455490347644395574905142522888623 denominator=7833157148171707308011570939888586941509981933966218053272652442206028867904865324503574511616 ceil=917878401790345
B_ABSORPTION_BASE q=42 left=281290092234071577973503421044138432694077953662272593063201152617396786044386533989846255433558737317238612037947479045428174071804158800497377420219097550803872147046400 right=12265202031961379393517517010387338887131568154382945052653251412013535324922144249034658613287059061933743916719318560380966506520420000368175349760000000000000000000000000 margin=11983911939727307815544013589343200454437490200720672459590050259396138538877757715044812357853500324616505304681371081335538332448615841567677972339780902449196127852953600
B_ABSORPTION_RATIO_BASE q=42 left=107910 right=113460 margin=5550
C_PAUSE_ABSORPTION_BASE q=61 P=544718913148137508039167628581708985532416 central=821730205038148901357321269744201244708160 margin=277011291890011393318153641162492259175744
C_PAUSE_RATIO_BASE q=61 left=21756 right=30504 margin=8748
C_CENTRAL_RATIO_BASE q=61 left=21756 right=15996 margin=5760
B_CASE q=18 j=60 width_wall=36 terminal_shapes=7338
B_REVERSE_STEP q=18 after_removing_to=59 states=74998
B_REVERSE_STEP q=18 after_removing_to=54 states=1444884
B_REVERSE_STEP q=18 after_removing_to=49 states=3073946
B_REVERSE_STEP q=18 after_removing_to=44 states=4429654
B_REVERSE_STEP q=18 after_removing_to=39 states=3594303
B_REVERSE_STEP q=18 after_removing_to=34 states=2019202
B_REVERSE_STEP q=18 after_removing_to=29 states=698347
B_REVERSE_STEP q=18 after_removing_to=24 states=147273
B_REVERSE_STEP q=18 after_removing_to=19 states=26015
B_REVERSE_STEP q=18 after_removing_to=14 states=3718
B_REVERSE_STEP q=18 after_removing_to=9 states=385
B_REVERSE_STEP q=18 after_removing_to=4 states=22
B_REVERSE_STEP q=18 after_removing_to=1 states=2
B_REVERSE_STEP q=18 after_removing_to=0 states=1
B_BAD_COUNT q=18 j=60 value=20249959191843444305833437598392302381278777523904378211166683503100
B_STABLE q=18 j=60 value=471052485162704317319812795970408289233468930472224275965917026543989772309785856
B_MARGIN q=18 j=60 stable_minus_2bad=471052485162663817401429109081796622358272145867461718410869217787567438942779656
B_CASE q=19 j=62 width_wall=38 terminal_shapes=7338
B_REVERSE_STEP q=19 after_removing_to=61 states=74998
B_REVERSE_STEP q=19 after_removing_to=59 states=514180
B_REVERSE_STEP q=19 after_removing_to=54 states=2096200
B_REVERSE_STEP q=19 after_removing_to=49 states=3722614
B_REVERSE_STEP q=19 after_removing_to=44 states=4797821
B_REVERSE_STEP q=19 after_removing_to=39 states=3608595
B_REVERSE_STEP q=19 after_removing_to=34 states=2019377
B_REVERSE_STEP q=19 after_removing_to=29 states=698347
B_REVERSE_STEP q=19 after_removing_to=24 states=147273
B_REVERSE_STEP q=19 after_removing_to=19 states=26015
B_REVERSE_STEP q=19 after_removing_to=14 states=3718
B_REVERSE_STEP q=19 after_removing_to=9 states=385
B_REVERSE_STEP q=19 after_removing_to=4 states=22
B_REVERSE_STEP q=19 after_removing_to=1 states=2
B_REVERSE_STEP q=19 after_removing_to=0 states=1
B_BAD_COUNT q=19 j=62 value=1271390358886551502663758823963550766753045144774576745906496942946037
B_STABLE q=19 j=62 value=1752662440577781575209503668238126873333784709049940063414466650371576789047754739456
B_MARGIN q=19 j=62 stable_minus_2bad=1752662440577779032428785895135121545816136781948406557324177101218084976053868847382
B_CASE q=20 j=64 width_wall=40 terminal_shapes=7338
B_REVERSE_STEP q=20 after_removing_to=63 states=74998
B_REVERSE_STEP q=20 after_removing_to=59 states=1122990
B_REVERSE_STEP q=20 after_removing_to=54 states=2749546
B_REVERSE_STEP q=20 after_removing_to=49 states=4363251
B_REVERSE_STEP q=20 after_removing_to=44 states=5019610
B_REVERSE_STEP q=20 after_removing_to=39 states=3615216
B_REVERSE_STEP q=20 after_removing_to=34 states=2019433
B_REVERSE_STEP q=20 after_removing_to=29 states=698347
B_REVERSE_STEP q=20 after_removing_to=24 states=147273
B_REVERSE_STEP q=20 after_removing_to=19 states=26015
B_REVERSE_STEP q=20 after_removing_to=14 states=3718
B_REVERSE_STEP q=20 after_removing_to=9 states=385
B_REVERSE_STEP q=20 after_removing_to=4 states=22
B_REVERSE_STEP q=20 after_removing_to=1 states=2
B_REVERSE_STEP q=20 after_removing_to=0 states=1
B_BAD_COUNT q=20 j=64 value=73398462046113262012901298312547242425376312199951172643980925945125739
B_STABLE q=20 j=64 value=6955857144727139970751971374393603317023904378932489274710276754474844390071674066329856
B_MARGIN q=20 j=64 stable_minus_2bad=6955857144727139823955047282167079291221307753838004423957652354572499102109822176078378
SUMMARY failures=0
__EXIT_STATUS=0
