COMMAND: ./post_m29_bc_twentyfourth_frontier_gmp
ENV: B_Q_MAX=23 B_Q_MIN=21 OMP_NUM_THREADS=8 RUN_B=1 RUN_C=0
BC_TWENTYFOURTH_FRONTIER_GMP b_cases=3 c_fpf_cases=9 c_arithmetic_cases=31 run_b=1 run_c=0 b_q_min=21 b_q_max=23 omp_max_threads=8
B_LOWER_BOX_RATIONAL numerator=7189885764136456983655939976530114679706233205135043948665828743454022081720455490347644395574905142522888623 denominator=7833157148171707308011570939888586941509981933966218053272652442206028867904865324503574511616 ceil=917878401790345
B_ABSORPTION_BASE q=42 left=281290092234071577973503421044138432694077953662272593063201152617396786044386533989846255433558737317238612037947479045428174071804158800497377420219097550803872147046400 right=12265202031961379393517517010387338887131568154382945052653251412013535324922144249034658613287059061933743916719318560380966506520420000368175349760000000000000000000000000 margin=11983911939727307815544013589343200454437490200720672459590050259396138538877757715044812357853500324616505304681371081335538332448615841567677972339780902449196127852953600
B_ABSORPTION_RATIO_BASE q=42 left=107910 right=113460 margin=5550
C_PAUSE_ABSORPTION_BASE q=61 P=544718913148137508039167628581708985532416 central=821730205038148901357321269744201244708160 margin=277011291890011393318153641162492259175744
C_PAUSE_RATIO_BASE q=61 left=21756 right=30504 margin=8748
C_CENTRAL_RATIO_BASE q=61 left=21756 right=15996 margin=5760
B_CASE q=21 j=66 width_wall=42 terminal_shapes=7338
B_REVERSE_STEP q=21 after_removing_to=65 states=74998
B_REVERSE_STEP q=21 after_removing_to=64 states=260167
B_REVERSE_STEP q=21 after_removing_to=59 states=1769960
B_REVERSE_STEP q=21 after_removing_to=54 states=3402948
B_REVERSE_STEP q=21 after_removing_to=49 states=4984921
B_REVERSE_STEP q=21 after_removing_to=44 states=5136770
B_REVERSE_STEP q=21 after_removing_to=39 states=3618151
B_REVERSE_STEP q=21 after_removing_to=34 states=2019448
B_REVERSE_STEP q=21 after_removing_to=29 states=698347
B_REVERSE_STEP q=21 after_removing_to=24 states=147273
B_REVERSE_STEP q=21 after_removing_to=19 states=26015
B_REVERSE_STEP q=21 after_removing_to=14 states=3718
B_REVERSE_STEP q=21 after_removing_to=9 states=385
B_REVERSE_STEP q=21 after_removing_to=4 states=22
B_REVERSE_STEP q=21 after_removing_to=1 states=2
B_REVERSE_STEP q=21 after_removing_to=0 states=1
B_BAD_COUNT q=21 j=66 value=3925088466731500848265635962988754101732680429696664513864789639730385500
B_STABLE q=21 j=66 value=29386673299901708964749475366759569189602963178165778925986743273997422841560680642874794240
B_MARGIN q=21 j=66 stable_minus_2bad=29386673299901708956899298433296567493071691252188270722521382414604093813831101363414023240
B_CASE q=22 j=68 width_wall=44 terminal_shapes=7338
B_REVERSE_STEP q=22 after_removing_to=67 states=74998
B_REVERSE_STEP q=22 after_removing_to=64 states=809126
B_REVERSE_STEP q=22 after_removing_to=59 states=2422836
B_REVERSE_STEP q=22 after_removing_to=54 states=4055966
B_REVERSE_STEP q=22 after_removing_to=49 states=5564984
B_REVERSE_STEP q=22 after_removing_to=44 states=5196614
B_REVERSE_STEP q=22 after_removing_to=39 states=3619384
B_REVERSE_STEP q=22 after_removing_to=34 states=2019451
B_REVERSE_STEP q=22 after_removing_to=29 states=698347
B_REVERSE_STEP q=22 after_removing_to=24 states=147273
B_REVERSE_STEP q=22 after_removing_to=19 states=26015
B_REVERSE_STEP q=22 after_removing_to=14 states=3718
B_REVERSE_STEP q=22 after_removing_to=9 states=385
B_REVERSE_STEP q=22 after_removing_to=4 states=22
B_REVERSE_STEP q=22 after_removing_to=1 states=2
B_REVERSE_STEP q=22 after_removing_to=0 states=1
B_BAD_COUNT q=22 j=68 value=195679580685942783913621964210302707886038922705442508986856265743410077222
B_STABLE q=22 j=68 value=131909085289227211701789514679798928329813646427039837649312285390118158678556363102491602028032
B_MARGIN q=22 j=68 stable_minus_2bad=131909085289227211701398155518427042761986402498619232233540207544707273660582650571004781873588
B_CASE q=23 j=70 width_wall=46 terminal_shapes=7338
B_REVERSE_STEP q=23 after_removing_to=69 states=74998
B_REVERSE_STEP q=23 after_removing_to=64 states=1444884
B_REVERSE_STEP q=23 after_removing_to=59 states=3076350
B_REVERSE_STEP q=23 after_removing_to=54 states=4707816
B_REVERSE_STEP q=23 after_removing_to=49 states=6063494
B_REVERSE_STEP q=23 after_removing_to=44 states=5226334
B_REVERSE_STEP q=23 after_removing_to=39 states=3619869
B_REVERSE_STEP q=23 after_removing_to=34 states=2019451
B_REVERSE_STEP q=23 after_removing_to=29 states=698347
B_REVERSE_STEP q=23 after_removing_to=24 states=147273
B_REVERSE_STEP q=23 after_removing_to=19 states=26015
B_REVERSE_STEP q=23 after_removing_to=14 states=3718
B_REVERSE_STEP q=23 after_removing_to=9 states=385
B_REVERSE_STEP q=23 after_removing_to=4 states=22
B_REVERSE_STEP q=23 after_removing_to=1 states=2
B_REVERSE_STEP q=23 after_removing_to=0 states=1
B_BAD_COUNT q=23 j=70 value=9145458684858075239962878536000760042303659534014128431080163108797587710904
B_STABLE q=23 j=70 value=627984678371728270376818250246812081830104244785246538569736365153874640142027958326866251995349504
B_MARGIN q=23 j=70 stable_minus_2bad=627984678371728270376799959329442365679624319028174537049651757834806611885165798000648656819927696
SUMMARY failures=0
__EXIT_STATUS=0
