__RUN_ID=fullq3fleetbmid0001
__HOST_LABEL=machine_b
__TASK=twentyseventh_b_18_20
__START_UTC=2026-07-16T06:45:04Z
__SOURCE_SHA256=c972462934e71dbc5f99fd385ca0d2f6efd0e8297600064fe6488846836d6f0b  post_m29_bc_twentyseventh_frontier_gmp.cpp
__BINARY_SHA256=31e3707e57670960c1391d0b470832a4516826767dea284ad568cb104b070209  post_m29_bc_twentyseventh_frontier_gmp
__ENV=RUN_B=1 RUN_C=0 B_Q_MIN=18 B_Q_MAX=20 OMP_NUM_THREADS=24
__COMMAND=./post_m29_bc_twentyseventh_frontier_gmp
BC_TWENTYSEVENTH_FRONTIER_GMP b_cases=3 c_fpf_cases=12 c_arithmetic_cases=36 run_b=1 run_c=0 b_q_min=18 b_q_max=20 omp_max_threads=24
B_LOWER_BOX_RATIONAL numerator=2627146205381501605105934114888073677477007311327886945300155746611238154833874468430700303859194480319027224499 denominator=124429159411793678131320841300679691068154374989700419393399303806437927962865201395531776 ceil=21113589594277165270589
B_ABSORPTION_BASE q=48 left=1382580989788954876046671229620184847513314093131940228783286920916351208602873186022008689840612544163943709058433179375497089498785389185389770907252631190072242900215336209818152644872892879061647360 right=98750442008336013624115798714482080125644041369783596059584700502676714572050143649033796427745042294071023050579626404736512939596842694895821378210620013388054747214795243520000000000000000000000000000 margin=97367861018547058748069127484861895278130727276651655830801413581760363363447270463011787737904429749907079341521193225361015850098057305710431607303367382197982504314579907310181847355127107120938352640
B_ABSORPTION_RATIO_BASE q=48 left=139500 right=149100 margin=9600
C_PAUSE_ABSORPTION_BASE q=69 P=130891286985753943793524421574917285603272818688 central=319620688063970456986413452647207180184213345250 margin=188729401078216513192889031072289894580940526562
C_PAUSE_RATIO_BASE q=69 left=27722 right=38920 margin=11198
C_CENTRAL_RATIO_BASE q=69 left=27722 right=20370 margin=7352
B_CASE q=18 j=63 width_wall=36 terminal_shapes=14742
B_REVERSE_STEP q=18 after_removing_to=62 states=166149
B_REVERSE_STEP q=18 after_removing_to=59 states=2005137
B_REVERSE_STEP q=18 after_removing_to=54 states=6293239
B_REVERSE_STEP q=18 after_removing_to=49 states=10471052
B_REVERSE_STEP q=18 after_removing_to=44 states=10683632
B_REVERSE_STEP q=18 after_removing_to=39 states=6686810
B_REVERSE_STEP q=18 after_removing_to=34 states=2836220
B_REVERSE_STEP q=18 after_removing_to=29 states=715204
B_REVERSE_STEP q=18 after_removing_to=24 states=147273
B_REVERSE_STEP q=18 after_removing_to=19 states=26015
B_REVERSE_STEP q=18 after_removing_to=14 states=3718
B_REVERSE_STEP q=18 after_removing_to=9 states=385
B_REVERSE_STEP q=18 after_removing_to=4 states=22
B_REVERSE_STEP q=18 after_removing_to=1 states=2
B_REVERSE_STEP q=18 after_removing_to=0 states=1
B_BAD_COUNT q=18 j=63 value=29655907991638916835445397675192012571947549642047300721204222686554680413
B_STABLE q=18 j=63 value=109541225789834175931658495496403519547416502620151868387334469329758036511863218119936
B_MARGIN q=18 j=63 stable_minus_2bad=109541225789774864115675217662732628752066118595007973288050374728315628066490108759110
B_CASE q=19 j=65 width_wall=38 terminal_shapes=14742
B_REVERSE_STEP q=19 after_removing_to=64 states=166149
B_REVERSE_STEP q=19 after_removing_to=59 states=3683814
B_REVERSE_STEP q=19 after_removing_to=54 states=8038403
B_REVERSE_STEP q=19 after_removing_to=49 states=11978816
B_REVERSE_STEP q=19 after_removing_to=44 states=10846017
B_REVERSE_STEP q=19 after_removing_to=39 states=6691245
B_REVERSE_STEP q=19 after_removing_to=34 states=2836250
B_REVERSE_STEP q=19 after_removing_to=29 states=715204
B_REVERSE_STEP q=19 after_removing_to=24 states=147273
B_REVERSE_STEP q=19 after_removing_to=19 states=26015
B_REVERSE_STEP q=19 after_removing_to=14 states=3718
B_REVERSE_STEP q=19 after_removing_to=9 states=385
B_REVERSE_STEP q=19 after_removing_to=4 states=22
B_REVERSE_STEP q=19 after_removing_to=1 states=2
B_REVERSE_STEP q=19 after_removing_to=0 states=1
B_BAD_COUNT q=19 j=65 value=2256067875963381858783423727312834069835019994789637092582911048046229480704
B_STABLE q=19 j=65 value=448652128232881537732129952277792373763923626445924353990403553556345456494626112650043392
B_MARGIN q=19 j=65 stable_minus_2bad=448652128232877025596378025514074806916469000777784683950413974282160290672530020191081984
B_CASE q=20 j=67 width_wall=40 terminal_shapes=14742
B_REVERSE_STEP q=20 after_removing_to=66 states=166149
B_REVERSE_STEP q=20 after_removing_to=64 states=1242807
B_REVERSE_STEP q=20 after_removing_to=59 states=5421303
B_REVERSE_STEP q=20 after_removing_to=54 states=9778804
B_REVERSE_STEP q=20 after_removing_to=49 states=13253104
B_REVERSE_STEP q=20 after_removing_to=44 states=10930029
B_REVERSE_STEP q=20 after_removing_to=39 states=6693162
B_REVERSE_STEP q=20 after_removing_to=34 states=2836257
B_REVERSE_STEP q=20 after_removing_to=29 states=715204
B_REVERSE_STEP q=20 after_removing_to=24 states=147273
B_REVERSE_STEP q=20 after_removing_to=19 states=26015
B_REVERSE_STEP q=20 after_removing_to=14 states=3718
B_REVERSE_STEP q=20 after_removing_to=9 states=385
B_REVERSE_STEP q=20 after_removing_to=4 states=22
B_REVERSE_STEP q=20 after_removing_to=1 states=2
B_REVERSE_STEP q=20 after_removing_to=0 states=1
B_BAD_COUNT q=20 j=67 value=156705135851054898295663547510455244408428425828400720062435994071107645537547
B_STABLE q=20 j=67 value=1954211164681443257926522972458391584067198254211562226984238146980200166454946504992361742592
B_MARGIN q=20 j=67 stable_minus_2bad=1954211164681442944516251270348594992740103233301073410127386490178760041582958362777070667498
SUMMARY failures=0
__EXIT_STATUS=0
__EXIT_STATUS=0
__ELAPSED_SECONDS=5628.871023
__END_UTC=2026-07-16T08:18:53Z
