__RUN_ID=fullq3fleetbmid0001
__HOST_LABEL=machine_b
__TASK=twentyseventh_b_27_29
__START_UTC=2026-07-16T13:22:11Z
__SOURCE_SHA256=c972462934e71dbc5f99fd385ca0d2f6efd0e8297600064fe6488846836d6f0b  post_m29_bc_twentyseventh_frontier_gmp.cpp
__BINARY_SHA256=31e3707e57670960c1391d0b470832a4516826767dea284ad568cb104b070209  post_m29_bc_twentyseventh_frontier_gmp
__ENV=RUN_B=1 RUN_C=0 B_Q_MIN=27 B_Q_MAX=29 OMP_NUM_THREADS=24
__COMMAND=./post_m29_bc_twentyseventh_frontier_gmp
BC_TWENTYSEVENTH_FRONTIER_GMP b_cases=3 c_fpf_cases=12 c_arithmetic_cases=36 run_b=1 run_c=0 b_q_min=27 b_q_max=29 omp_max_threads=24
B_LOWER_BOX_RATIONAL numerator=2627146205381501605105934114888073677477007311327886945300155746611238154833874468430700303859194480319027224499 denominator=124429159411793678131320841300679691068154374989700419393399303806437927962865201395531776 ceil=21113589594277165270589
B_ABSORPTION_BASE q=48 left=1382580989788954876046671229620184847513314093131940228783286920916351208602873186022008689840612544163943709058433179375497089498785389185389770907252631190072242900215336209818152644872892879061647360 right=98750442008336013624115798714482080125644041369783596059584700502676714572050143649033796427745042294071023050579626404736512939596842694895821378210620013388054747214795243520000000000000000000000000000 margin=97367861018547058748069127484861895278130727276651655830801413581760363363447270463011787737904429749907079341521193225361015850098057305710431607303367382197982504314579907310181847355127107120938352640
B_ABSORPTION_RATIO_BASE q=48 left=139500 right=149100 margin=9600
C_PAUSE_ABSORPTION_BASE q=69 P=130891286985753943793524421574917285603272818688 central=319620688063970456986413452647207180184213345250 margin=188729401078216513192889031072289894580940526562
C_PAUSE_RATIO_BASE q=69 left=27722 right=38920 margin=11198
C_CENTRAL_RATIO_BASE q=69 left=27722 right=20370 margin=7352
B_CASE q=27 j=81 width_wall=54 terminal_shapes=14742
B_REVERSE_STEP q=27 after_removing_to=80 states=166149
B_REVERSE_STEP q=27 after_removing_to=79 states=605499
B_REVERSE_STEP q=27 after_removing_to=74 states=4550016
B_REVERSE_STEP q=27 after_removing_to=69 states=8916843
B_REVERSE_STEP q=27 after_removing_to=64 states=13287545
B_REVERSE_STEP q=27 after_removing_to=59 states=17576951
B_REVERSE_STEP q=27 after_removing_to=54 states=19115591
B_REVERSE_STEP q=27 after_removing_to=49 states=15360636
B_REVERSE_STEP q=27 after_removing_to=44 states=11010267
B_REVERSE_STEP q=27 after_removing_to=39 states=6694377
B_REVERSE_STEP q=27 after_removing_to=34 states=2836258
B_REVERSE_STEP q=27 after_removing_to=29 states=715204
B_REVERSE_STEP q=27 after_removing_to=24 states=147273
B_REVERSE_STEP q=27 after_removing_to=19 states=26015
B_REVERSE_STEP q=27 after_removing_to=14 states=3718
B_REVERSE_STEP q=27 after_removing_to=9 states=385
B_REVERSE_STEP q=27 after_removing_to=4 states=22
B_REVERSE_STEP q=27 after_removing_to=1 states=2
B_REVERSE_STEP q=27 after_removing_to=0 states=1
B_BAD_COUNT q=27 j=81 value=166934003605278021991054513877305434043372433905626045590211177291058486616900284071890480
B_STABLE q=27 j=81 value=282594820649086173955053884185975495344284302013747456720221424840390801124013460633014245696009883791290384047386173440
B_MARGIN q=27 j=81 stable_minus_2bad=282594820649086173955053884185641627337073745969765347692466813972304056256202208541833823341427766818056583479242392480
B_CASE q=28 j=83 width_wall=56 terminal_shapes=14742
B_REVERSE_STEP q=28 after_removing_to=82 states=166149
B_REVERSE_STEP q=28 after_removing_to=79 states=2005137
B_REVERSE_STEP q=28 after_removing_to=74 states=6294565
B_REVERSE_STEP q=28 after_removing_to=69 states=10665268
B_REVERSE_STEP q=28 after_removing_to=64 states=15035007
B_REVERSE_STEP q=28 after_removing_to=59 states=19213100
B_REVERSE_STEP q=28 after_removing_to=54 states=19422190
B_REVERSE_STEP q=28 after_removing_to=49 states=15370414
B_REVERSE_STEP q=28 after_removing_to=44 states=11010368
B_REVERSE_STEP q=28 after_removing_to=39 states=6694377
B_REVERSE_STEP q=28 after_removing_to=34 states=2836258
B_REVERSE_STEP q=28 after_removing_to=29 states=715204
B_REVERSE_STEP q=28 after_removing_to=24 states=147273
B_REVERSE_STEP q=28 after_removing_to=19 states=26015
B_REVERSE_STEP q=28 after_removing_to=14 states=3718
B_REVERSE_STEP q=28 after_removing_to=9 states=385
B_REVERSE_STEP q=28 after_removing_to=4 states=22
B_REVERSE_STEP q=28 after_removing_to=1 states=2
B_REVERSE_STEP q=28 after_removing_to=0 states=1
B_BAD_COUNT q=28 j=83 value=6958302733598512080536356063138042854965765630272931216428065315019591819960815872994008833
B_STABLE q=28 j=83 value=1900094241916970117931209240138935340233911259038165847124235988803945896886316841661389835985097568669023946721955405863936
B_MARGIN q=28 j=83 stable_minus_2bad=1900094241916970117931209240138921423628444062014004774412109712718235965355056295798956979854467529485384025090209417846270
B_CASE q=29 j=85 width_wall=58 terminal_shapes=14742
B_REVERSE_STEP q=29 after_removing_to=84 states=166149
B_REVERSE_STEP q=29 after_removing_to=79 states=3683815
B_REVERSE_STEP q=29 after_removing_to=74 states=8042642
B_REVERSE_STEP q=29 after_removing_to=69 states=12413693
B_REVERSE_STEP q=29 after_removing_to=64 states=16780520
B_REVERSE_STEP q=29 after_removing_to=59 states=20720864
B_REVERSE_STEP q=29 after_removing_to=54 states=19584575
B_REVERSE_STEP q=29 after_removing_to=49 states=15374849
B_REVERSE_STEP q=29 after_removing_to=44 states=11010398
B_REVERSE_STEP q=29 after_removing_to=39 states=6694377
B_REVERSE_STEP q=29 after_removing_to=34 states=2836258
B_REVERSE_STEP q=29 after_removing_to=29 states=715204
B_REVERSE_STEP q=29 after_removing_to=24 states=147273
B_REVERSE_STEP q=29 after_removing_to=19 states=26015
B_REVERSE_STEP q=29 after_removing_to=14 states=3718
B_REVERSE_STEP q=29 after_removing_to=9 states=385
B_REVERSE_STEP q=29 after_removing_to=4 states=22
B_REVERSE_STEP q=29 after_removing_to=1 states=2
B_REVERSE_STEP q=29 after_removing_to=0 states=1
B_BAD_COUNT q=29 j=85 value=277088825725952810876284704547857325133575895186683809404425333495145479185650533817152779180
B_STABLE q=29 j=85 value=13406572350450220333476929689717057966687138989819887038420149893866631339098472328960551305990254170640733808710917241753454592
B_MARGIN q=29 j=85 stable_minus_2bad=13406572350450220333476929689717057412509487537914265285850740798151981071946681955592932497139587180349775437409849607447896232
SUMMARY failures=0
__EXIT_STATUS=0
__EXIT_STATUS=0
__ELAPSED_SECONDS=12592.320583
__END_UTC=2026-07-16T16:52:03Z
