__RUN_ID=fullq3fleetbmid0001
__HOST_LABEL=machine_b
__TASK=twentyseventh_b_24_26
__START_UTC=2026-07-16T10:24:47Z
__SOURCE_SHA256=c972462934e71dbc5f99fd385ca0d2f6efd0e8297600064fe6488846836d6f0b  post_m29_bc_twentyseventh_frontier_gmp.cpp
__BINARY_SHA256=31e3707e57670960c1391d0b470832a4516826767dea284ad568cb104b070209  post_m29_bc_twentyseventh_frontier_gmp
__ENV=RUN_B=1 RUN_C=0 B_Q_MIN=24 B_Q_MAX=26 OMP_NUM_THREADS=24
__COMMAND=./post_m29_bc_twentyseventh_frontier_gmp
BC_TWENTYSEVENTH_FRONTIER_GMP b_cases=3 c_fpf_cases=12 c_arithmetic_cases=36 run_b=1 run_c=0 b_q_min=24 b_q_max=26 omp_max_threads=24
B_LOWER_BOX_RATIONAL numerator=2627146205381501605105934114888073677477007311327886945300155746611238154833874468430700303859194480319027224499 denominator=124429159411793678131320841300679691068154374989700419393399303806437927962865201395531776 ceil=21113589594277165270589
B_ABSORPTION_BASE q=48 left=1382580989788954876046671229620184847513314093131940228783286920916351208602873186022008689840612544163943709058433179375497089498785389185389770907252631190072242900215336209818152644872892879061647360 right=98750442008336013624115798714482080125644041369783596059584700502676714572050143649033796427745042294071023050579626404736512939596842694895821378210620013388054747214795243520000000000000000000000000000 margin=97367861018547058748069127484861895278130727276651655830801413581760363363447270463011787737904429749907079341521193225361015850098057305710431607303367382197982504314579907310181847355127107120938352640
B_ABSORPTION_RATIO_BASE q=48 left=139500 right=149100 margin=9600
C_PAUSE_ABSORPTION_BASE q=69 P=130891286985753943793524421574917285603272818688 central=319620688063970456986413452647207180184213345250 margin=188729401078216513192889031072289894580940526562
C_PAUSE_RATIO_BASE q=69 left=27722 right=38920 margin=11198
C_CENTRAL_RATIO_BASE q=69 left=27722 right=20370 margin=7352
B_CASE q=24 j=75 width_wall=48 terminal_shapes=14742
B_REVERSE_STEP q=24 after_removing_to=74 states=166149
B_REVERSE_STEP q=24 after_removing_to=69 states=3683815
B_REVERSE_STEP q=24 after_removing_to=64 states=8042641
B_REVERSE_STEP q=24 after_removing_to=59 states=12409455
B_REVERSE_STEP q=24 after_removing_to=54 states=16349799
B_REVERSE_STEP q=24 after_removing_to=49 states=15213592
B_REVERSE_STEP q=24 after_removing_to=44 states=11007274
B_REVERSE_STEP q=24 after_removing_to=39 states=6694369
B_REVERSE_STEP q=24 after_removing_to=34 states=2836258
B_REVERSE_STEP q=24 after_removing_to=29 states=715204
B_REVERSE_STEP q=24 after_removing_to=24 states=147273
B_REVERSE_STEP q=24 after_removing_to=19 states=26015
B_REVERSE_STEP q=24 after_removing_to=14 states=3718
B_REVERSE_STEP q=24 after_removing_to=9 states=385
B_REVERSE_STEP q=24 after_removing_to=4 states=22
B_REVERSE_STEP q=24 after_removing_to=1 states=2
B_REVERSE_STEP q=24 after_removing_to=0 states=1
B_BAD_COUNT q=24 j=75 value=1696949428373765284259737129166462341951146694794552800972673831640756318050637366474
B_STABLE q=24 j=75 value=1256676780468867042847317084437511663922571743602251232632894091548268778692545502922374370338071167240749568
B_MARGIN q=24 j=75 stable_minus_2bad=1256676780468867042847313690538654916392003224127992899708210189254879189586943557574711088825435065966016620
B_CASE q=25 j=77 width_wall=50 terminal_shapes=14742
B_REVERSE_STEP q=25 after_removing_to=76 states=166149
B_REVERSE_STEP q=25 after_removing_to=74 states=1242807
B_REVERSE_STEP q=25 after_removing_to=69 states=5421316
B_REVERSE_STEP q=25 after_removing_to=64 states=9791042
B_REVERSE_STEP q=25 after_removing_to=59 states=14149869
B_REVERSE_STEP q=25 after_removing_to=54 states=17624087
B_REVERSE_STEP q=25 after_removing_to=49 states=15297604
B_REVERSE_STEP q=25 after_removing_to=44 states=11009191
B_REVERSE_STEP q=25 after_removing_to=39 states=6694376
B_REVERSE_STEP q=25 after_removing_to=34 states=2836258
B_REVERSE_STEP q=25 after_removing_to=29 states=715204
B_REVERSE_STEP q=25 after_removing_to=24 states=147273
B_REVERSE_STEP q=25 after_removing_to=19 states=26015
B_REVERSE_STEP q=25 after_removing_to=14 states=3718
B_REVERSE_STEP q=25 after_removing_to=9 states=385
B_REVERSE_STEP q=25 after_removing_to=4 states=22
B_REVERSE_STEP q=25 after_removing_to=1 states=2
B_REVERSE_STEP q=25 after_removing_to=0 states=1
B_BAD_COUNT q=25 j=77 value=82731989165339575252414060434784850545274385729726687825829481900316811533238483595584
B_STABLE q=25 j=77 value=7258238000562610837751823684753927597931035259671566680425723838101729642262332770936508445458251496101223789568
B_MARGIN q=25 j=77 stable_minus_2bad=7258238000562610837751823519289949267251884754843445810856022747552958182808957119277544644824628429624256598400
B_CASE q=26 j=79 width_wall=52 terminal_shapes=14742
B_REVERSE_STEP q=26 after_removing_to=78 states=166149
B_REVERSE_STEP q=26 after_removing_to=74 states=2830082
B_REVERSE_STEP q=26 after_removing_to=69 states=7168497
B_REVERSE_STEP q=26 after_removing_to=64 states=11539400
B_REVERSE_STEP q=26 after_removing_to=59 states=15877815
B_REVERSE_STEP q=26 after_removing_to=54 states=18552454
B_REVERSE_STEP q=26 after_removing_to=49 states=15339936
B_REVERSE_STEP q=26 after_removing_to=44 states=11009972
B_REVERSE_STEP q=26 after_removing_to=39 states=6694377
B_REVERSE_STEP q=26 after_removing_to=34 states=2836258
B_REVERSE_STEP q=26 after_removing_to=29 states=715204
B_REVERSE_STEP q=26 after_removing_to=24 states=147273
B_REVERSE_STEP q=26 after_removing_to=19 states=26015
B_REVERSE_STEP q=26 after_removing_to=14 states=3718
B_REVERSE_STEP q=26 after_removing_to=9 states=385
B_REVERSE_STEP q=26 after_removing_to=4 states=22
B_REVERSE_STEP q=26 after_removing_to=1 states=2
B_REVERSE_STEP q=26 after_removing_to=0 states=1
B_BAD_COUNT q=26 j=79 value=3814368759124354542558575746290629944930705210239728528566956929434617931624547983042212
B_STABLE q=26 j=79 value=44157232836692700825063754574781471258472902212106712575675848416069538417621428543801846239411065327084446550596608
B_MARGIN q=26 j=79 stable_minus_2bad=44157232836692700825063754567152733740224193126989561083094588526208127997141971486667932380541829463835350584512184
SUMMARY failures=0
__EXIT_STATUS=0
__EXIT_STATUS=0
__ELAPSED_SECONDS=10643.773931
__END_UTC=2026-07-16T13:22:11Z
