__RUN_ID=fullq3fleetbmid0001
__HOST_LABEL=machine_b
__TASK=twentyseventh_b_15_17
__START_UTC=2026-07-16T05:41:07Z
__SOURCE_SHA256=c972462934e71dbc5f99fd385ca0d2f6efd0e8297600064fe6488846836d6f0b  post_m29_bc_twentyseventh_frontier_gmp.cpp
__BINARY_SHA256=31e3707e57670960c1391d0b470832a4516826767dea284ad568cb104b070209  post_m29_bc_twentyseventh_frontier_gmp
__ENV=RUN_B=1 RUN_C=0 B_Q_MIN=15 B_Q_MAX=17 OMP_NUM_THREADS=24
__COMMAND=./post_m29_bc_twentyseventh_frontier_gmp
BC_TWENTYSEVENTH_FRONTIER_GMP b_cases=3 c_fpf_cases=12 c_arithmetic_cases=36 run_b=1 run_c=0 b_q_min=15 b_q_max=17 omp_max_threads=24
B_LOWER_BOX_RATIONAL numerator=2627146205381501605105934114888073677477007311327886945300155746611238154833874468430700303859194480319027224499 denominator=124429159411793678131320841300679691068154374989700419393399303806437927962865201395531776 ceil=21113589594277165270589
B_ABSORPTION_BASE q=48 left=1382580989788954876046671229620184847513314093131940228783286920916351208602873186022008689840612544163943709058433179375497089498785389185389770907252631190072242900215336209818152644872892879061647360 right=98750442008336013624115798714482080125644041369783596059584700502676714572050143649033796427745042294071023050579626404736512939596842694895821378210620013388054747214795243520000000000000000000000000000 margin=97367861018547058748069127484861895278130727276651655830801413581760363363447270463011787737904429749907079341521193225361015850098057305710431607303367382197982504314579907310181847355127107120938352640
B_ABSORPTION_RATIO_BASE q=48 left=139500 right=149100 margin=9600
C_PAUSE_ABSORPTION_BASE q=69 P=130891286985753943793524421574917285603272818688 central=319620688063970456986413452647207180184213345250 margin=188729401078216513192889031072289894580940526562
C_PAUSE_RATIO_BASE q=69 left=27722 right=38920 margin=11198
C_CENTRAL_RATIO_BASE q=69 left=27722 right=20370 margin=7352
B_CASE q=15 j=57 width_wall=30 terminal_shapes=14742
B_REVERSE_STEP q=15 after_removing_to=56 states=166149
B_REVERSE_STEP q=15 after_removing_to=54 states=1242794
B_REVERSE_STEP q=15 after_removing_to=49 states=5409147
B_REVERSE_STEP q=15 after_removing_to=44 states=8885529
B_REVERSE_STEP q=15 after_removing_to=39 states=6614000
B_REVERSE_STEP q=15 after_removing_to=34 states=2835043
B_REVERSE_STEP q=15 after_removing_to=29 states=715203
B_REVERSE_STEP q=15 after_removing_to=24 states=147273
B_REVERSE_STEP q=15 after_removing_to=19 states=26015
B_REVERSE_STEP q=15 after_removing_to=14 states=3718
B_REVERSE_STEP q=15 after_removing_to=9 states=385
B_REVERSE_STEP q=15 after_removing_to=4 states=22
B_REVERSE_STEP q=15 after_removing_to=1 states=2
B_REVERSE_STEP q=15 after_removing_to=0 states=1
B_BAD_COUNT q=15 j=57 value=35277601780037366666732563528327716871374967582287300903680055125512
B_STABLE q=15 j=57 value=2353592104550586210415883713512804843110090729070945949968821484337397744128
B_MARGIN q=15 j=57 stable_minus_2bad=2353592033995382650341150380047677786454656986321010785394219676977287493104
B_CASE q=16 j=59 width_wall=32 terminal_shapes=14742
B_REVERSE_STEP q=16 after_removing_to=58 states=166149
B_REVERSE_STEP q=16 after_removing_to=54 states=2830001
B_REVERSE_STEP q=16 after_removing_to=49 states=7135848
B_REVERSE_STEP q=16 after_removing_to=44 states=9813896
B_REVERSE_STEP q=16 after_removing_to=39 states=6656332
B_REVERSE_STEP q=16 after_removing_to=34 states=2835824
B_REVERSE_STEP q=16 after_removing_to=29 states=715204
B_REVERSE_STEP q=16 after_removing_to=24 states=147273
B_REVERSE_STEP q=16 after_removing_to=19 states=26015
B_REVERSE_STEP q=16 after_removing_to=14 states=3718
B_REVERSE_STEP q=16 after_removing_to=9 states=385
B_REVERSE_STEP q=16 after_removing_to=4 states=22
B_REVERSE_STEP q=16 after_removing_to=1 states=2
B_REVERSE_STEP q=16 after_removing_to=0 states=1
B_BAD_COUNT q=16 j=59 value=3752610355285954976720705284648714707481093908526118009103732588495700
B_STABLE q=16 j=59 value=7916863333164200256454983215209254526609310199558104449501306276786388759640448
B_MARGIN q=16 j=59 stable_minus_2bad=7916863325658979545883073261767843957311880784595916632449070258578923582649048
B_CASE q=17 j=61 width_wall=34 terminal_shapes=14742
B_REVERSE_STEP q=17 after_removing_to=60 states=166149
B_REVERSE_STEP q=17 after_removing_to=59 states=605499
B_REVERSE_STEP q=17 after_removing_to=54 states=4549654
B_REVERSE_STEP q=17 after_removing_to=49 states=8834904
B_REVERSE_STEP q=17 after_removing_to=44 states=10377033
B_REVERSE_STEP q=17 after_removing_to=39 states=6677032
B_REVERSE_STEP q=17 after_removing_to=34 states=2836119
B_REVERSE_STEP q=17 after_removing_to=29 states=715204
B_REVERSE_STEP q=17 after_removing_to=24 states=147273
B_REVERSE_STEP q=17 after_removing_to=19 states=26015
B_REVERSE_STEP q=17 after_removing_to=14 states=3718
B_REVERSE_STEP q=17 after_removing_to=9 states=385
B_REVERSE_STEP q=17 after_removing_to=4 states=22
B_REVERSE_STEP q=17 after_removing_to=1 states=2
B_REVERSE_STEP q=17 after_removing_to=0 states=1
B_BAD_COUNT q=17 j=61 value=352648863629998188636048857413335624875939789544613675969110305982561480
B_STABLE q=17 j=61 value=28498624571845034398726355851930572188102264622234847765953001676047745973229505280
B_MARGIN q=17 j=61 stable_minus_2bad=28498624571139736671466359474658474473275593372482968186863774324109525361264382320
SUMMARY failures=0
__EXIT_STATUS=0
__EXIT_STATUS=0
__ELAPSED_SECONDS=3837.062857
__END_UTC=2026-07-16T06:45:04Z
