__RUN_ID=fullq3fleetbmid0001
__HOST_LABEL=machine_b
__TASK=twentyseventh_b_30_32
__START_UTC=2026-07-16T16:52:03Z
__SOURCE_SHA256=c972462934e71dbc5f99fd385ca0d2f6efd0e8297600064fe6488846836d6f0b  post_m29_bc_twentyseventh_frontier_gmp.cpp
__BINARY_SHA256=31e3707e57670960c1391d0b470832a4516826767dea284ad568cb104b070209  post_m29_bc_twentyseventh_frontier_gmp
__ENV=RUN_B=1 RUN_C=0 B_Q_MIN=30 B_Q_MAX=32 OMP_NUM_THREADS=24
__COMMAND=./post_m29_bc_twentyseventh_frontier_gmp
BC_TWENTYSEVENTH_FRONTIER_GMP b_cases=3 c_fpf_cases=12 c_arithmetic_cases=36 run_b=1 run_c=0 b_q_min=30 b_q_max=32 omp_max_threads=24
B_LOWER_BOX_RATIONAL numerator=2627146205381501605105934114888073677477007311327886945300155746611238154833874468430700303859194480319027224499 denominator=124429159411793678131320841300679691068154374989700419393399303806437927962865201395531776 ceil=21113589594277165270589
B_ABSORPTION_BASE q=48 left=1382580989788954876046671229620184847513314093131940228783286920916351208602873186022008689840612544163943709058433179375497089498785389185389770907252631190072242900215336209818152644872892879061647360 right=98750442008336013624115798714482080125644041369783596059584700502676714572050143649033796427745042294071023050579626404736512939596842694895821378210620013388054747214795243520000000000000000000000000000 margin=97367861018547058748069127484861895278130727276651655830801413581760363363447270463011787737904429749907079341521193225361015850098057305710431607303367382197982504314579907310181847355127107120938352640
B_ABSORPTION_RATIO_BASE q=48 left=139500 right=149100 margin=9600
C_PAUSE_ABSORPTION_BASE q=69 P=130891286985753943793524421574917285603272818688 central=319620688063970456986413452647207180184213345250 margin=188729401078216513192889031072289894580940526562
C_PAUSE_RATIO_BASE q=69 left=27722 right=38920 margin=11198
C_CENTRAL_RATIO_BASE q=69 left=27722 right=20370 margin=7352
B_CASE q=30 j=87 width_wall=60 terminal_shapes=14742
B_REVERSE_STEP q=30 after_removing_to=86 states=166149
B_REVERSE_STEP q=30 after_removing_to=84 states=1242807
B_REVERSE_STEP q=30 after_removing_to=79 states=5421316
B_REVERSE_STEP q=30 after_removing_to=74 states=9791055
B_REVERSE_STEP q=30 after_removing_to=69 states=14162107
B_REVERSE_STEP q=30 after_removing_to=64 states=18520934
B_REVERSE_STEP q=30 after_removing_to=59 states=21995152
B_REVERSE_STEP q=30 after_removing_to=54 states=19668587
B_REVERSE_STEP q=30 after_removing_to=49 states=15376766
B_REVERSE_STEP q=30 after_removing_to=44 states=11010405
B_REVERSE_STEP q=30 after_removing_to=39 states=6694377
B_REVERSE_STEP q=30 after_removing_to=34 states=2836258
B_REVERSE_STEP q=30 after_removing_to=29 states=715204
B_REVERSE_STEP q=30 after_removing_to=24 states=147273
B_REVERSE_STEP q=30 after_removing_to=19 states=26015
B_REVERSE_STEP q=30 after_removing_to=14 states=3718
B_REVERSE_STEP q=30 after_removing_to=9 states=385
B_REVERSE_STEP q=30 after_removing_to=4 states=22
B_REVERSE_STEP q=30 after_removing_to=1 states=2
B_REVERSE_STEP q=30 after_removing_to=0 states=1
B_BAD_COUNT q=30 j=87 value=10570329433299862814661160472676657405307457637730470145653908981565779398947244272276606107102
B_STABLE q=30 j=87 value=99151536294250092657629161470485213770197136715316507939921207077238303542765927359811535550145058589089625641243772254545606305792
B_MARGIN q=30 j=87 stable_minus_2bad=99151536294250092657629161470485213749056477848716782310598886131884988732151012084350595258837240625958066843349283709992394091588
B_CASE q=31 j=89 width_wall=62 terminal_shapes=14742
B_REVERSE_STEP q=31 after_removing_to=88 states=166149
B_REVERSE_STEP q=31 after_removing_to=84 states=2830082
B_REVERSE_STEP q=31 after_removing_to=79 states=7168497
B_REVERSE_STEP q=31 after_removing_to=74 states=11539481
B_REVERSE_STEP q=31 after_removing_to=69 states=15910465
B_REVERSE_STEP q=31 after_removing_to=64 states=20248880
B_REVERSE_STEP q=31 after_removing_to=59 states=22923519
B_REVERSE_STEP q=31 after_removing_to=54 states=19710919
B_REVERSE_STEP q=31 after_removing_to=49 states=15377547
B_REVERSE_STEP q=31 after_removing_to=44 states=11010406
B_REVERSE_STEP q=31 after_removing_to=39 states=6694377
B_REVERSE_STEP q=31 after_removing_to=34 states=2836258
B_REVERSE_STEP q=31 after_removing_to=29 states=715204
B_REVERSE_STEP q=31 after_removing_to=24 states=147273
B_REVERSE_STEP q=31 after_removing_to=19 states=26015
B_REVERSE_STEP q=31 after_removing_to=14 states=3718
B_REVERSE_STEP q=31 after_removing_to=9 states=385
B_REVERSE_STEP q=31 after_removing_to=4 states=22
B_REVERSE_STEP q=31 after_removing_to=1 states=2
B_REVERSE_STEP q=31 after_removing_to=0 states=1
B_BAD_COUNT q=31 j=89 value=387257498672535828005682914981142835406741710055789354636369911673172702758426544858759686734012
B_STABLE q=31 j=89 value=767803834154796949339700774490437588122613781359267986367214256079028239425483726922223026617722923299526509932305209620874990088200192
B_MARGIN q=31 j=89 stable_minus_2bad=767803834154796949339700774490437588121839266361922914711202890249065953754670243502111447908450183476180164526788356531157470714732168
B_CASE q=32 j=91 width_wall=64 terminal_shapes=14742
B_REVERSE_STEP q=32 after_removing_to=90 states=166149
B_REVERSE_STEP q=32 after_removing_to=89 states=605499
B_REVERSE_STEP q=32 after_removing_to=84 states=4550016
B_REVERSE_STEP q=32 after_removing_to=79 states=8916843
B_REVERSE_STEP q=32 after_removing_to=74 states=13287907
B_REVERSE_STEP q=32 after_removing_to=69 states=17658610
B_REVERSE_STEP q=32 after_removing_to=64 states=21948016
B_REVERSE_STEP q=32 after_removing_to=59 states=23486656
B_REVERSE_STEP q=32 after_removing_to=54 states=19731619
B_REVERSE_STEP q=32 after_removing_to=49 states=15377842
B_REVERSE_STEP q=32 after_removing_to=44 states=11010406
B_REVERSE_STEP q=32 after_removing_to=39 states=6694377
B_REVERSE_STEP q=32 after_removing_to=34 states=2836258
B_REVERSE_STEP q=32 after_removing_to=29 states=715204
B_REVERSE_STEP q=32 after_removing_to=24 states=147273
B_REVERSE_STEP q=32 after_removing_to=19 states=26015
B_REVERSE_STEP q=32 after_removing_to=14 states=3718
B_REVERSE_STEP q=32 after_removing_to=9 states=385
B_REVERSE_STEP q=32 after_removing_to=4 states=22
B_REVERSE_STEP q=32 after_removing_to=1 states=2
B_REVERSE_STEP q=32 after_removing_to=0 states=1
B_BAD_COUNT q=32 j=91 value=13656688438931108378368599401433326362006860998181941255852699321319871755128822947350119775457680
B_STABLE q=32 j=91 value=6219012485561720169125175711747072746616101573033681749973181063396653251833907992992299794612945668029683562597320420458909289083569428480
B_MARGIN q=32 j=91 stable_minus_2bad=6219012485561720169125175711747072746616074259656803887756424326197850385181183979270303430730433962631040922853810162813014588844018513120
SUMMARY failures=0
__EXIT_STATUS=0
__EXIT_STATUS=0
__ELAPSED_SECONDS=17807.506450
__END_UTC=2026-07-16T21:48:51Z
