B/C family single-delta reverse certificate
family = C
rank = 14
moment = 44
C_14 target count = 22287
    C_14 Delta_44 shared reverse step 1/44 frontier=245966 colors=1 elapsed=0.557412s
    C_14 Delta_44 shared reverse step 2/44 frontier=700081 colors=1 elapsed=6.31537s
    C_14 Delta_44 shared reverse step 3/44 frontier=1057810 colors=1 elapsed=31.3523s
    C_14 Delta_44 shared reverse step 4/44 frontier=1236192 colors=1 elapsed=64.132s
    C_14 Delta_44 shared reverse step 5/44 frontier=1270777 colors=1 elapsed=113.561s
    C_14 Delta_44 shared reverse step 6/44 frontier=1219156 colors=1 elapsed=163.975s
    C_14 Delta_44 shared reverse step 7/44 frontier=1122417 colors=1 elapsed=204.333s
    C_14 Delta_44 shared reverse step 8/44 frontier=1006438 colors=1 elapsed=242.454s
    C_14 Delta_44 shared reverse step 9/44 frontier=885623 colors=1 elapsed=277.606s
    C_14 Delta_44 shared reverse step 10/44 frontier=768500 colors=1 elapsed=309.257s
    C_14 Delta_44 shared reverse step 11/44 frontier=659223 colors=1 elapsed=337.262s
    C_14 Delta_44 shared reverse step 12/44 frontier=560065 colors=1 elapsed=361.362s
    C_14 Delta_44 shared reverse step 13/44 frontier=471588 colors=1 elapsed=382.082s
    C_14 Delta_44 shared reverse step 14/44 frontier=393828 colors=1 elapsed=399.422s
    C_14 Delta_44 shared reverse step 15/44 frontier=326140 colors=1 elapsed=419.793s
    C_14 Delta_44 shared reverse step 16/44 frontier=267825 colors=1 elapsed=436.299s
    C_14 Delta_44 shared reverse step 17/44 frontier=217922 colors=1 elapsed=447.65s
    C_14 Delta_44 shared reverse step 18/44 frontier=175577 colors=1 elapsed=455.613s
    C_14 Delta_44 shared reverse step 19/44 frontier=139866 colors=1 elapsed=461.897s
    C_14 Delta_44 shared reverse step 20/44 frontier=110013 colors=1 elapsed=466.842s
    C_14 Delta_44 shared reverse step 21/44 frontier=85252 colors=1 elapsed=470.651s
    C_14 Delta_44 shared reverse step 22/44 frontier=64959 colors=1 elapsed=473.551s
    C_14 Delta_44 shared reverse step 23/44 frontier=48547 colors=1 elapsed=475.717s
    C_14 Delta_44 shared reverse step 24/44 frontier=35528 colors=1 elapsed=477.286s
    C_14 Delta_44 shared reverse step 25/44 frontier=25436 colors=1 elapsed=478.395s
    C_14 Delta_44 shared reverse step 26/44 frontier=17839 colors=1 elapsed=479.154s
    C_14 Delta_44 shared reverse step 27/44 frontier=12288 colors=1 elapsed=479.678s
    C_14 Delta_44 shared reverse step 28/44 frontier=8347 colors=1 elapsed=480.049s
    C_14 Delta_44 shared reverse step 29/44 frontier=5604 colors=1 elapsed=480.27s
    C_14 Delta_44 shared reverse step 30/44 frontier=3718 colors=1 elapsed=480.389s
    C_14 Delta_44 shared reverse step 31/44 frontier=2436 colors=1 elapsed=480.459s
    C_14 Delta_44 shared reverse step 32/44 frontier=1575 colors=1 elapsed=480.5s
    C_14 Delta_44 shared reverse step 33/44 frontier=1002 colors=1 elapsed=480.523s
    C_14 Delta_44 shared reverse step 34/44 frontier=627 colors=1 elapsed=480.536s
    C_14 Delta_44 shared reverse step 35/44 frontier=385 colors=1 elapsed=480.543s
    C_14 Delta_44 shared reverse step 36/44 frontier=231 colors=1 elapsed=480.546s
    C_14 Delta_44 shared reverse step 37/44 frontier=135 colors=1 elapsed=480.548s
    C_14 Delta_44 shared reverse step 38/44 frontier=77 colors=1 elapsed=480.549s
    C_14 Delta_44 shared reverse step 39/44 frontier=42 colors=1 elapsed=480.549s
    C_14 Delta_44 shared reverse step 40/44 frontier=22 colors=1 elapsed=480.549s
    C_14 Delta_44 shared reverse step 41/44 frontier=11 colors=1 elapsed=480.549s
    C_14 Delta_44 shared reverse step 42/44 frontier=5 colors=1 elapsed=480.549s
    C_14 Delta_44 shared reverse step 43/44 frontier=2 colors=1 elapsed=480.549s
    C_14 Delta_44 shared reverse step 44/44 frontier=1 colors=1 elapsed=480.549s
  C_14 Delta_44 = -1119154814892255903246182207275237995796064108
__EXIT_STATUS=0
