BEGIN D12 2026-05-03T09:13:42+00:00
Exact classical Chain bridge C++: max_chain=10, moment_max=25, families=D, rank_min=12, rank_cap=12
  m_1 = 0  (|support| = 1, |cache| = 265)
  m_2 = 1  (|support| = 6, |cache| = 488)
  m_3 = 1  (|support| = 14, |cache| = 1318)
  m_4 = 6  (|support| = 32, |cache| = 2808)
  m_5 = 22  (|support| = 66, |cache| = 5933)
  m_6 = 130  (|support| = 133, |cache| = 11341)
  m_7 = 822  (|support| = 249, |cache| = 21489)
  m_8 = 6202  (|support| = 452, |cache| = 37630)
  m_9 = 52552  (|support| = 788, |cache| = 64370)
  m_10 = 499194  (|support| = 1336, |cache| = 105851)
  m_11 = 5238370  (|support| = 2200, |cache| = 169875)
  m_12 = 60222845  (|support| = 3544, |cache| = 264983)
  m_13 = 752587830  (|support| = 5580, |cache| = 405651)
  m_14 = 10157948125  (|support| = 8626, |cache| = 607158)
  m_15 = 147267303554  (|support| = 13099, |cache| = 894169)
  m_16 = 2282359706595  (|support| = 19583, |cache| = 1294983)
  m_17 = 37655164614392  (|support| = 28845, |cache| = 1849003)
  m_18 = 658912324262357  (|support| = 41932, |cache| = 2603504)
  m_19 = 12189102167081007  (|support| = 60189, |cache| = 3623230)
  m_20 = 237676083729895631  (|support| = 85415, |cache| = 4982535)
  m_21 = 4872202621609705220  (|support| = 119906, |cache| = 6782111)
  m_22 = 104750775830136848097  (|support| = 166648, |cache| = 9140054)
  m_23 = 2356903735703879298362  (|support| = 229423, |cache| = 12206955)
  m_24 = 55388832476626374492122  (|support| = 313077, |cache| = 16161770)
  m_25 = 1357105737253726386904272  (|support| = 423659, |cache| = 21230715)
D12: min_diff_m0..10=32 diff_m10=4696868728951287228122432 Q3(23)=4728417364342557291395880 m0..6=[1, 0, 1, 1, 6, 22, 130] dt=190.76s OK

Summary table:
group,rank,min_chain_diff,last_chain_diff,last_odd_Q3,seconds
D12,12,32,4696868728951287228122432,4728417364342557291395880,190.76

RESULT: ALL PASS
END D12 rc=0 2026-05-03T09:16:57+00:00
