BEGIN D13 2026-05-03T09:13:56+00:00
Exact classical Chain bridge C++: max_chain=10, moment_max=25, families=D, rank_min=13, rank_cap=13
  m_1 = 0  (|support| = 1, |cache| = 313)
  m_2 = 1  (|support| = 6, |cache| = 580)
  m_3 = 1  (|support| = 14, |cache| = 1580)
  m_4 = 6  (|support| = 32, |cache| = 3392)
  m_5 = 22  (|support| = 66, |cache| = 7217)
  m_6 = 130  (|support| = 132, |cache| = 13891)
  m_7 = 822  (|support| = 248, |cache| = 26229)
  m_8 = 6202  (|support| = 452, |cache| = 46436)
  m_9 = 52552  (|support| = 791, |cache| = 80282)
  m_10 = 499194  (|support| = 1347, |cache| = 133326)
  m_11 = 5238370  (|support| = 2229, |cache| = 216157)
  m_12 = 60222844  (|support| = 3609, |cache| = 340786)
  m_13 = 752587765  (|support| = 5713, |cache| = 527063)
  m_14 = 10157945122  (|support| = 8884, |cache| = 797214)
  m_15 = 147267184694  (|support| = 13569, |cache| = 1186972)
  m_16 = 2282355357705  (|support| = 20413, |cache| = 1736733)
  m_17 = 37655012027594  (|support| = 30259, |cache| = 2506458)
  m_18 = 658907081665337  (|support| = 44279, |cache| = 3566554)
  m_19 = 12188923488232983  (|support| = 63987, |cache| = 5016145)
  m_20 = 237669991856175566  (|support| = 91440, |cache| = 6970783)
  m_21 = 4871993668126942475  (|support| = 129268, |cache| = 9589666)
  m_22 = 104743536786795304776  (|support| = 180961, |cache| = 13058314)
  m_23 = 2356649725413483987542  (|support| = 250951, |cache| = 17623527)
  m_24 = 55379787308777594181014  (|support| = 345004, |cache| = 23575800)
  m_25 = 1356778406644758169284048  (|support| = 470369, |cache| = 31290913)
D13: min_diff_m0..10=32 diff_m10=4696070591297903282663464 Q3(23)=4727616823404603248198032 m0..6=[1, 0, 1, 1, 6, 22, 130] dt=325.527s OK

Summary table:
group,rank,min_chain_diff,last_chain_diff,last_odd_Q3,seconds
D13,13,32,4696070591297903282663464,4727616823404603248198032,325.527

RESULT: ALL PASS
END D13 rc=0 2026-05-03T09:19:28+00:00
