BEGIN D16 2026-05-03T09:15:47+00:00
Exact classical Chain bridge C++: max_chain=10, moment_max=25, families=D, rank_min=16, rank_cap=16
  m_1 = 0  (|support| = 1, |cache| = 481)
  m_2 = 1  (|support| = 6, |cache| = 904)
  m_3 = 1  (|support| = 14, |cache| = 2510)
  m_4 = 6  (|support| = 32, |cache| = 5480)
  m_5 = 22  (|support| = 66, |cache| = 11837)
  m_6 = 130  (|support| = 132, |cache| = 23125)
  m_7 = 822  (|support| = 248, |cache| = 44223)
  m_8 = 6202  (|support| = 454, |cache| = 79404)
  m_9 = 52552  (|support| = 798, |cache| = 139756)
  m_10 = 499194  (|support| = 1367, |cache| = 236105)
  m_11 = 5238370  (|support| = 2278, |cache| = 389748)
  m_12 = 60222844  (|support| = 3718, |cache| = 626210)
  m_13 = 752587764  (|support| = 5939, |cache| = 987337)
  m_14 = 10157945044  (|support| = 9326, |cache| = 1523977)
  m_15 = 147267180508  (|support| = 14397, |cache| = 2315670)
  m_16 = 2282355168061  (|support| = 21903, |cache| = 3460728)
  m_17 = 37655004171928  (|support| = 32858, |cache| = 5101473)
  m_18 = 658906772237984  (|support| = 48683, |cache| = 7418766)
  m_19 = 12188911635085833  (|support| = 71274, |cache| = 10663242)
  m_20 = 237669544047747197  (|support| = 103232, |cache| = 15150787)
  m_21 = 4871976828011919794  (|support| = 147990, |cache| = 21309888)
  m_22 = 104742902420973549957  (|support| = 210157, |cache| = 29677998)
  m_23 = 2356625681163205363736  (|support| = 295767, |cache| = 40963737)
  m_24 = 55378867392620511309002  (|support| = 412781, |cache| = 56056729)
  m_25 = 1356742797585423050737488  (|support| = 571507, |cache| = 76105541)
D16: min_diff_m0..10=32 diff_m10=4695986302648909855678576 Q3(23)=4727532313558521975783160 m0..6=[1, 0, 1, 1, 6, 22, 130] dt=496.385s OK

Summary table:
group,rank,min_chain_diff,last_chain_diff,last_odd_Q3,seconds
D16,16,32,4695986302648909855678576,4727532313558521975783160,496.385

RESULT: ALL PASS
END D16 rc=0 2026-05-03T09:24:33+00:00
