BEGIN D23 quick 2026-05-03T09:56:06+00:00
Exact classical Chain bridge C++: max_chain=10, moment_max=25, families=D, rank_min=23, rank_cap=23
  m_1 = 0  (|support| = 1, |cache| = 1013)
  m_2 = 1  (|support| = 6, |cache| = 1940)
  m_3 = 1  (|support| = 14, |cache| = 5520)
  m_4 = 6  (|support| = 32, |cache| = 12312)
  m_5 = 22  (|support| = 66, |cache| = 27097)
  m_6 = 130  (|support| = 132, |cache| = 53911)
  m_7 = 822  (|support| = 248, |cache| = 104689)
  m_8 = 6202  (|support| = 453, |cache| = 190956)
  m_9 = 52552  (|support| = 797, |cache| = 339884)
  m_10 = 499194  (|support| = 1368, |cache| = 583117)
  m_11 = 5238370  (|support| = 2287, |cache| = 977810)
  m_12 = 60222844  (|support| = 3750, |cache| = 1597862)
  m_13 = 752587764  (|support| = 6025, |cache| = 2564516)
  m_14 = 10157945044  (|support| = 9525, |cache| = 4034267)
  m_15 = 147267180508  (|support| = 14819, |cache| = 6250151)
  m_16 = 2282355168060  (|support| = 22742, |cache| = 9532815)
  m_17 = 37655004171808  (|support| = 34443, |cache| = 14350225)
  m_18 = 658906772228668  (|support| = 51563, |cache| = 21324928)
  m_19 = 12188911634495388  (|support| = 76335, |cache| = 31339238)
  m_20 = 237669544014377896  (|support| = 111879, |cache| = 45555998)
  m_21 = 4871976826254018760  (|support| = 162408, |cache| = 65584298)
  m_22 = 104742902332392298296  (|support| = 233693, |cache| = 93538607)
  m_23 = 2356625676822897681257  (|support| = 333457, |cache| = 132277960)
  m_24 = 55378867183529402783669  (|support| = 472125, |cache| = 185536756)
  m_25 = 1356742787604714936860658  (|support| = 663508, |cache| = 258288306)
D23: min_diff_m0..10=32 diff_m10=4695986280539928492527932 Q3(23)=4727532291412074203924548 m0..6=[1, 0, 1, 1, 6, 22, 130] dt=1218.55s OK

Summary table:
group,rank,min_chain_diff,last_chain_diff,last_odd_Q3,seconds
D23,23,32,4695986280539928492527932,4727532291412074203924548,1218.55

RESULT: ALL PASS
END D23 rc=0 2026-05-03T10:17:21+00:00
