BEGIN D25 quick 2026-05-03T10:17:21+00:00
Exact classical Chain bridge C++: max_chain=10, moment_max=25, families=D, rank_min=25, rank_cap=25
  m_1 = 0  (|support| = 1, |cache| = 1201)
  m_2 = 1  (|support| = 6, |cache| = 2308)
  m_3 = 1  (|support| = 14, |cache| = 6596)
  m_4 = 6  (|support| = 32, |cache| = 14768)
  m_5 = 22  (|support| = 66, |cache| = 32609)
  m_6 = 130  (|support| = 132, |cache| = 65083)
  m_7 = 822  (|support| = 248, |cache| = 126717)
  m_8 = 6202  (|support| = 453, |cache| = 231756)
  m_9 = 52552  (|support| = 797, |cache| = 413484)
  m_10 = 499194  (|support| = 1368, |cache| = 711045)
  m_11 = 5238370  (|support| = 2287, |cache| = 1194934)
  m_12 = 60222844  (|support| = 3750, |cache| = 1956882)
  m_13 = 752587764  (|support| = 6026, |cache| = 3147240)
  m_14 = 10157945044  (|support| = 9530, |cache| = 4962041)
  m_15 = 147267180508  (|support| = 14834, |cache| = 7705920)
  m_16 = 2282355168060  (|support| = 22779, |cache| = 11782609)
  m_17 = 37655004171808  (|support| = 34526, |cache| = 17782828)
  m_18 = 658906772228668  (|support| = 51734, |cache| = 26498638)
  m_19 = 12188911634495388  (|support| = 76667, |cache| = 39052962)
  m_20 = 237669544014377896  (|support| = 112497, |cache| = 56936078)
  m_21 = 4871976826254018760  (|support| = 163515, |cache| = 82218577)
  m_22 = 104742902332392298296  (|support| = 235615, |cache| = 117633476)
  m_23 = 2356625676822897681256  (|support| = 336711, |cache| = 166892004)
  m_24 = 55378867183529402783416  (|support| = 477508, |cache| = 234873665)
  m_25 = 1356742787604714936822433  (|support| = 672238, |cache| = 328095955)
D25: min_diff_m0..10=32 diff_m10=4695986280539928492451074 Q3(23)=4727532291412074203847682 m0..6=[1, 0, 1, 1, 6, 22, 130] dt=1530.49s OK

Summary table:
group,rank,min_chain_diff,last_chain_diff,last_odd_Q3,seconds
D25,25,32,4695986280539928492451074,4727532291412074203847682,1530.49

RESULT: ALL PASS
END D25 rc=0 2026-05-03T10:46:31+00:00
