Wed Jul 15 08:38:16 UTC 2026
optimus
64
5883f7d8961d34adde5ca78335480b8f412b30de35a4eadcd1a47bcfe3bb1922  /tmp/fullq3cleanfleet0001_a/run_full_q3_frontier_fleet_queue.py
g++ -O3 -march=native -std=c++20 -Wall -fopenmp post_m29_bc_twentyfifth_frontier_gmp.cpp -lgmpxx -lgmp -o post_m29_bc_twentyfifth_frontier_gmp
g++ -O3 -march=native -std=c++20 -Wall -fopenmp post_m29_bc_twentysixth_frontier_gmp.cpp -lgmpxx -lgmp -o post_m29_bc_twentysixth_frontier_gmp
g++ -O3 -march=native -std=c++20 -Wall -fopenmp post_m29_bc_twentyseventh_frontier_gmp.cpp -lgmpxx -lgmp -o post_m29_bc_twentyseventh_frontier_gmp
g++ -O3 -march=native -std=c++20 -Wall -fopenmp post_m29_bc_twentyeighth_frontier_gmp.cpp -lgmpxx -lgmp -o post_m29_bc_twentyeighth_frontier_gmp
g++ -O3 -march=native -std=c++20 -Wall post_m29_bc_twentyeighth_b_absorption_gmp.cpp -lgmpxx -lgmp -o post_m29_bc_twentyeighth_b_absorption_gmp
g++ -O3 -march=native -std=c++20 -Wall post_m29_bc_twentyninth_c_frontier_gmp.cpp -lgmpxx -lgmp -o post_m29_bc_twentyninth_c_frontier_gmp
g++ -O3 -march=native -std=c++20 -Wall post_m29_bc_twentyninth_b_absorption_gmp.cpp -lgmpxx -lgmp -o post_m29_bc_twentyninth_b_absorption_gmp
__BUILD_EXIT_STATUS=0
__SOURCE_BINARY_IDENTITIES_BEGIN
8bae2a32a41be9055b279fb333e8afc0c9a2c07d44407e64bcb66967864ef7d4  /tmp/fullq3cleanfleet0001_a/source/character_ring_iter/post_m29_bc_twentyfifth_frontier_gmp.cpp
07ca4b9fcc8b25ace7269064e42ce5ee3bb465118c937c70e3ad32a792e51a30  /tmp/fullq3cleanfleet0001_a/source/character_ring_iter/post_m29_bc_twentyfifth_frontier_gmp
864a82cb48ccc6297b0301e0bcc112ce85a41184ce117dafacef4f72dad754ad  /tmp/fullq3cleanfleet0001_a/source/character_ring_iter/post_m29_bc_twentysixth_frontier_gmp.cpp
05766ce61f05109f00afd1595a498265f87bbc54e7cc793045045b5c99ceed65  /tmp/fullq3cleanfleet0001_a/source/character_ring_iter/post_m29_bc_twentysixth_frontier_gmp
c972462934e71dbc5f99fd385ca0d2f6efd0e8297600064fe6488846836d6f0b  /tmp/fullq3cleanfleet0001_a/source/character_ring_iter/post_m29_bc_twentyseventh_frontier_gmp.cpp
536793bcfa6897d0a31f040a7ac3abd294323fa3c0b85d5e9e0fedc3a54ece6d  /tmp/fullq3cleanfleet0001_a/source/character_ring_iter/post_m29_bc_twentyseventh_frontier_gmp
86bb38d3af6ec85ffbef3258466a2a9ac52ade3f11dd457269872b590a3eb7ef  /tmp/fullq3cleanfleet0001_a/source/character_ring_iter/post_m29_bc_twentyeighth_frontier_gmp.cpp
a23ae34c16913dfcd91e2795553a1262d40b2eba76d770833f25d875bfe30a8f  /tmp/fullq3cleanfleet0001_a/source/character_ring_iter/post_m29_bc_twentyeighth_frontier_gmp
d5e0d608d10b7bfdb49032e917cee7acde9affe06114ec8b0c58c28e216e738a  /tmp/fullq3cleanfleet0001_a/source/character_ring_iter/post_m29_bc_twentyeighth_b_absorption_gmp.cpp
055b79c779d814d781aa27e1b565735d9c13d1cf380d9987358d81168a4ff124  /tmp/fullq3cleanfleet0001_a/source/character_ring_iter/post_m29_bc_twentyeighth_b_absorption_gmp
b81deece0d14750d7331abe13be0c4de20fc89a503ba0ddf050f65aad20e5e9c  /tmp/fullq3cleanfleet0001_a/source/character_ring_iter/post_m29_bc_twentyninth_c_frontier_gmp.cpp
3dcbceffad330a480cc9e163d11a2ae974daa677a19c0acb0b723966e0ba3f1d  /tmp/fullq3cleanfleet0001_a/source/character_ring_iter/post_m29_bc_twentyninth_c_frontier_gmp
f8101d7a75c6de1ce82a615b8f94e351213f394e09b155df2928ac151c48b186  /tmp/fullq3cleanfleet0001_a/source/character_ring_iter/post_m29_bc_twentyninth_b_absorption_gmp.cpp
89d2ddc7390d0c6e02803234676daa683a93fdcac749bdecceb6111c64f48bc4  /tmp/fullq3cleanfleet0001_a/source/character_ring_iter/post_m29_bc_twentyninth_b_absorption_gmp
__SOURCE_BINARY_IDENTITIES_END
