__RUN_ID=fullq3cleanfleet0002
__HOST_LABEL=optimus
__TASK=twentyfifth_b_36_38
__START_UTC=2026-07-15T11:17:53Z
__SOURCE_SHA256=8bae2a32a41be9055b279fb333e8afc0c9a2c07d44407e64bcb66967864ef7d4  post_m29_bc_twentyfifth_frontier_gmp.cpp
__BINARY_SHA256=07ca4b9fcc8b25ace7269064e42ce5ee3bb465118c937c70e3ad32a792e51a30  post_m29_bc_twentyfifth_frontier_gmp
__ENV=RUN_B=1 RUN_C=0 B_Q_MIN=36 B_Q_MAX=38 OMP_NUM_THREADS=8
__COMMAND=./post_m29_bc_twentyfifth_frontier_gmp
BC_TWENTYFIFTH_FRONTIER_GMP b_cases=3 c_fpf_cases=10 c_arithmetic_cases=33 run_b=1 run_c=0 b_q_min=36 b_q_max=38 omp_max_threads=8
B_LOWER_BOX_RATIONAL numerator=31562069652058651724050564331116427866898930990810385836335683810816344863875220220375406369645430784395169909 denominator=327680000000000000000000000000000000000000000000000000000000000000000000000000000000000000000 ceil=96319792639339148
B_ABSORPTION_BASE q=44 left=1631698339603928414165194585139136415150069360512059164383537511536124994126576640000000000000000000000000000000000000000000000000000000000000000000000000000000000000000000000000000 right=197450685722107402353682037275992488341277868034975337796656295094902858969771811440894224355027779366597957338237853638272334919686385621811850780464277094400000000000000000000000000 margin=195818987382503473939516842690853351926127798674463278632272757583366733975645234800894224355027779366597957338237853638272334919686385621811850780464277094400000000000000000000000000
B_ABSORPTION_RATIO_BASE q=44 left=117990 right=124800 margin=6810
C_PAUSE_ABSORPTION_BASE q=64 P=38106144974042111076149000047527760958062592 central=95784491736452493294473263363363867621614750 margin=57678346762410382218324263315836106663552158
C_PAUSE_RATIO_BASE q=64 left=23870 right=33540 margin=9670
C_CENTRAL_RATIO_BASE q=64 left=23870 right=17550 margin=6320
B_CASE q=36 j=97 width_wall=72 terminal_shapes=9296
B_REVERSE_STEP q=36 after_removing_to=96 states=98284
B_REVERSE_STEP q=36 after_removing_to=94 states=693998
B_REVERSE_STEP q=36 after_removing_to=89 states=2894084
B_REVERSE_STEP q=36 after_removing_to=84 states=5175152
B_REVERSE_STEP q=36 after_removing_to=79 states=7456582
B_REVERSE_STEP q=36 after_removing_to=74 states=9738012
B_REVERSE_STEP q=36 after_removing_to=69 states=12018116
B_REVERSE_STEP q=36 after_removing_to=64 states=14108800
B_REVERSE_STEP q=36 after_removing_to=59 states=13567286
B_REVERSE_STEP q=36 after_removing_to=54 states=11365018
B_REVERSE_STEP q=36 after_removing_to=49 states=9084802
B_REVERSE_STEP q=36 after_removing_to=44 states=6803573
B_REVERSE_STEP q=36 after_removing_to=39 states=4528533
B_REVERSE_STEP q=36 after_removing_to=34 states=2336225
B_REVERSE_STEP q=36 after_removing_to=29 states=711278
B_REVERSE_STEP q=36 after_removing_to=24 states=147273
B_REVERSE_STEP q=36 after_removing_to=19 states=26015
B_REVERSE_STEP q=36 after_removing_to=14 states=3718
B_REVERSE_STEP q=36 after_removing_to=9 states=385
B_REVERSE_STEP q=36 after_removing_to=4 states=22
B_REVERSE_STEP q=36 after_removing_to=1 states=2
B_REVERSE_STEP q=36 after_removing_to=0 states=1
B_BAD_COUNT q=36 j=97 value=195243007857585300168028972108265141626487986830143959392983018240227775048035735368323967882264544
B_STABLE q=36 j=97 value=4286049101830469787585519062310491636993132895599321887303824300884968128854355096965429712518063226708693734486753515105116496518270647314347804131328
B_MARGIN q=36 j=97 stable_minus_2bad=4286049101830469787585519062310491636993132895599321496817808585714367792796410880435146459542089566420774948520717034649566400446799910666412039602240
B_CASE q=37 j=99 width_wall=74 terminal_shapes=9296
B_REVERSE_STEP q=37 after_removing_to=98 states=98284
B_REVERSE_STEP q=37 after_removing_to=94 states=1537115
B_REVERSE_STEP q=37 after_removing_to=89 states=3806307
B_REVERSE_STEP q=37 after_removing_to=84 states=6087724
B_REVERSE_STEP q=37 after_removing_to=79 states=8369154
B_REVERSE_STEP q=37 after_removing_to=74 states=10650583
B_REVERSE_STEP q=37 after_removing_to=69 states=12927775
B_REVERSE_STEP q=37 after_removing_to=64 states=14794340
B_REVERSE_STEP q=37 after_removing_to=59 states=13609618
B_REVERSE_STEP q=37 after_removing_to=54 states=11365799
B_REVERSE_STEP q=37 after_removing_to=49 states=9084803
B_REVERSE_STEP q=37 after_removing_to=44 states=6803573
B_REVERSE_STEP q=37 after_removing_to=39 states=4528533
B_REVERSE_STEP q=37 after_removing_to=34 states=2336225
B_REVERSE_STEP q=37 after_removing_to=29 states=711278
B_REVERSE_STEP q=37 after_removing_to=24 states=147273
B_REVERSE_STEP q=37 after_removing_to=19 states=26015
B_REVERSE_STEP q=37 after_removing_to=14 states=3718
B_REVERSE_STEP q=37 after_removing_to=9 states=385
B_REVERSE_STEP q=37 after_removing_to=4 states=22
B_REVERSE_STEP q=37 after_removing_to=1 states=2
B_REVERSE_STEP q=37 after_removing_to=0 states=1
B_BAD_COUNT q=37 j=99 value=5414954288680224882813114357431128639023531061721428660661337850502110298527677652548871833485814200
B_STABLE q=37 j=99 value=41162110219623827986714077844387249387887643477052640993127233143936172819413605186657045749386331177847384615454820678905274123861906846980764038124146688
B_MARGIN q=37 j=99 stable_minus_2bad=41162110219623827986714077844387249387887643477052640982297324566575723053787376471794788471339269054404527294132144977901053526806551541883020371152518288
B_CASE q=38 j=101 width_wall=76 terminal_shapes=9296
B_REVERSE_STEP q=38 after_removing_to=100 states=98284
B_REVERSE_STEP q=38 after_removing_to=99 states=346686
B_REVERSE_STEP q=38 after_removing_to=94 states=2438762
B_REVERSE_STEP q=38 after_removing_to=89 states=4718866
B_REVERSE_STEP q=38 after_removing_to=84 states=7000296
B_REVERSE_STEP q=38 after_removing_to=79 states=9281726
B_REVERSE_STEP q=38 after_removing_to=74 states=11563143
B_REVERSE_STEP q=38 after_removing_to=69 states=13832335
B_REVERSE_STEP q=38 after_removing_to=64 states=15298156
B_REVERSE_STEP q=38 after_removing_to=59 states=13630318
B_REVERSE_STEP q=38 after_removing_to=54 states=11366094
B_REVERSE_STEP q=38 after_removing_to=49 states=9084803
B_REVERSE_STEP q=38 after_removing_to=44 states=6803573
B_REVERSE_STEP q=38 after_removing_to=39 states=4528533
B_REVERSE_STEP q=38 after_removing_to=34 states=2336225
B_REVERSE_STEP q=38 after_removing_to=29 states=711278
B_REVERSE_STEP q=38 after_removing_to=24 states=147273
B_REVERSE_STEP q=38 after_removing_to=19 states=26015
B_REVERSE_STEP q=38 after_removing_to=14 states=3718
B_REVERSE_STEP q=38 after_removing_to=9 states=385
B_REVERSE_STEP q=38 after_removing_to=4 states=22
B_REVERSE_STEP q=38 after_removing_to=1 states=2
B_REVERSE_STEP q=38 after_removing_to=0 states=1
B_BAD_COUNT q=38 j=101 value=146286237117273352894547699227239310976202885033796329383086113103977967509724924541573727667937924550
B_STABLE q=38 j=101 value=411610493361212659403148807521076157229850906012077840841555871690020499912092231135728529703795979343613815498825108650841231604379494136578074245596793036800
B_MARGIN q=38 j=101 stable_minus_2bad=411610493361212659403148807521076157229850906012077840841263299215785953206303135737274051081843573573546222840058936424633275669360044287494926790260917187700
SUMMARY failures=0
__EXIT_STATUS=0
__EXIT_STATUS=0
__ELAPSED_SECONDS=17137.781920
__END_UTC=2026-07-15T16:03:31Z
