__RUN_ID=fullq3cleanfleet0002
__HOST_LABEL=optimus
__TASK=twentysixth_b_24_26
__START_UTC=2026-07-15T17:01:15Z
__SOURCE_SHA256=864a82cb48ccc6297b0301e0bcc112ce85a41184ce117dafacef4f72dad754ad  post_m29_bc_twentysixth_frontier_gmp.cpp
__BINARY_SHA256=05766ce61f05109f00afd1595a498265f87bbc54e7cc793045045b5c99ceed65  post_m29_bc_twentysixth_frontier_gmp
__ENV=RUN_B=1 RUN_C=0 B_Q_MIN=24 B_Q_MAX=26 OMP_NUM_THREADS=8
__COMMAND=./post_m29_bc_twentysixth_frontier_gmp
BC_TWENTYSIXTH_FRONTIER_GMP b_cases=3 c_fpf_cases=11 c_arithmetic_cases=34 run_b=1 run_c=0 b_q_min=24 b_q_max=26 omp_max_threads=8
B_LOWER_BOX_RATIONAL numerator=10515921361294745138317260438626617216441934753953658489934041385438143468232284823955926238983677843094936348125098252699625877660467 denominator=434801086064710736754792110167239250958093807148894244421109245230847098880000000000000000000000000000000000000000 ceil=24185591292956608915
B_ABSORPTION_BASE q=46 left=24518630791967223663879224636187908518451788630001417644052433922417408816879166518893832643245474863896645192993141244974868343737632188923129425593309956864566879309733993729763149631979520 right=3969937160808720895401959629498630647790406360168322301129748464310422041758630649341780708631240196854767624444057168110272995649603642560353748940315749184568295424000000000000000000000000000 margin=3945418530016753671738080404862442739271954571538320883485696030388004632941751482822886875987994721990870979251064026865298127305866010371430619514722439227703728544690266006270236850368020480
B_ABSORPTION_RATIO_BASE q=46 left=128520 right=136680 margin=8160
C_PAUSE_ABSORPTION_BASE q=66 P=1867725731873348752568016234429315107522609152 central=2737158422982075697084497097760673619727797850 margin=869432691108726944516480863331358512205188698
C_PAUSE_RATIO_BASE q=66 left=25440 right=35644 margin=10204
C_CENTRAL_RATIO_BASE q=66 left=25440 right=18693 margin=6747
B_CASE q=24 j=74 width_wall=48 terminal_shapes=11732
B_REVERSE_STEP q=24 after_removing_to=73 states=128121
B_REVERSE_STEP q=24 after_removing_to=69 states=2091632
B_REVERSE_STEP q=24 after_removing_to=64 states=5238333
B_REVERSE_STEP q=24 after_removing_to=59 states=8404458
B_REVERSE_STEP q=24 after_removing_to=54 states=11445186
B_REVERSE_STEP q=24 after_removing_to=49 states=11642998
B_REVERSE_STEP q=24 after_removing_to=44 states=8704699
B_REVERSE_STEP q=24 after_removing_to=39 states=5562360
B_REVERSE_STEP q=24 after_removing_to=34 states=2617190
B_REVERSE_STEP q=24 after_removing_to=29 states=714755
B_REVERSE_STEP q=24 after_removing_to=24 states=147273
B_REVERSE_STEP q=24 after_removing_to=19 states=26015
B_REVERSE_STEP q=24 after_removing_to=14 states=3718
B_REVERSE_STEP q=24 after_removing_to=9 states=385
B_REVERSE_STEP q=24 after_removing_to=4 states=22
B_REVERSE_STEP q=24 after_removing_to=1 states=2
B_REVERSE_STEP q=24 after_removing_to=0 states=1
B_BAD_COUNT q=24 j=74 value=10573754681264875519488723015353060011263057374008686707178481184202572389716891922
B_STABLE q=24 j=74 value=16868160644365457941953337882591367954426383855975230713302082540604985785368227008776946896671566077008384
B_MARGIN q=24 j=74 stable_minus_2bad=16868160644365457941953316735082005424675344878529200007182060014490237767994812651814578491526786643224540
B_CASE q=25 j=76 width_wall=50 terminal_shapes=11732
B_REVERSE_STEP q=25 after_removing_to=75 states=128121
B_REVERSE_STEP q=25 after_removing_to=74 states=459414
B_REVERSE_STEP q=25 after_removing_to=69 states=3340584
B_REVERSE_STEP q=25 after_removing_to=64 states=6505045
B_REVERSE_STEP q=25 after_removing_to=59 states=9669506
B_REVERSE_STEP q=25 after_removing_to=54 states=12548234
B_REVERSE_STEP q=25 after_removing_to=49 states=11760158
B_REVERSE_STEP q=25 after_removing_to=44 states=8707634
B_REVERSE_STEP q=25 after_removing_to=39 states=5562375
B_REVERSE_STEP q=25 after_removing_to=34 states=2617190
B_REVERSE_STEP q=25 after_removing_to=29 states=714755
B_REVERSE_STEP q=25 after_removing_to=24 states=147273
B_REVERSE_STEP q=25 after_removing_to=19 states=26015
B_REVERSE_STEP q=25 after_removing_to=14 states=3718
B_REVERSE_STEP q=25 after_removing_to=9 states=385
B_REVERSE_STEP q=25 after_removing_to=4 states=22
B_REVERSE_STEP q=25 after_removing_to=1 states=2
B_REVERSE_STEP q=25 after_removing_to=0 states=1
B_BAD_COUNT q=25 j=76 value=489540284134649319855791487009751111014905157974902584309988452350999545911864495600
B_STABLE q=25 j=76 value=94879010830044980231973613148711343554513618436149013082612300294536650323289457364334503841685158561978956800
B_MARGIN q=25 j=76 stable_minus_2bad=94879010830044980231973612169630775285214978724566039063110078264726334373484288744357599139686066738249965600
B_CASE q=26 j=78 width_wall=52 terminal_shapes=11732
B_REVERSE_STEP q=26 after_removing_to=77 states=128121
B_REVERSE_STEP q=26 after_removing_to=74 states=1490229
B_REVERSE_STEP q=26 after_removing_to=69 states=4605102
B_REVERSE_STEP q=26 after_removing_to=64 states=7771787
B_REVERSE_STEP q=26 after_removing_to=59 states=10931372
B_REVERSE_STEP q=26 after_removing_to=54 states=13485498
B_REVERSE_STEP q=26 after_removing_to=49 states=11820002
B_REVERSE_STEP q=26 after_removing_to=44 states=8708867
B_REVERSE_STEP q=26 after_removing_to=39 states=5562378
B_REVERSE_STEP q=26 after_removing_to=34 states=2617190
B_REVERSE_STEP q=26 after_removing_to=29 states=714755
B_REVERSE_STEP q=26 after_removing_to=24 states=147273
B_REVERSE_STEP q=26 after_removing_to=19 states=26015
B_REVERSE_STEP q=26 after_removing_to=14 states=3718
B_REVERSE_STEP q=26 after_removing_to=9 states=385
B_REVERSE_STEP q=26 after_removing_to=4 states=22
B_REVERSE_STEP q=26 after_removing_to=1 states=2
B_REVERSE_STEP q=26 after_removing_to=0 states=1
B_BAD_COUNT q=26 j=78 value=21464720110478056403269132232850430828760278394671529010299701477620114799491350862892
B_STABLE q=26 j=78 value=562512973617582593017381142149439039365749818692513921293458034544642270082638523437614039688485926173720178234368
B_MARGIN q=26 j=78 stable_minus_2bad=562512973617582593017381142106509599144793705885975656827757172887121713293295465417014636733245696574737476508584
SUMMARY failures=0
__EXIT_STATUS=0
__EXIT_STATUS=0
__ELAPSED_SECONDS=9406.270438
__END_UTC=2026-07-15T19:38:02Z
