__RUN_ID=fullq3cleanfleet0002
__HOST_LABEL=optimus
__TASK=twentysixth_b_45_45
__START_UTC=2026-07-16T02:19:30Z
__SOURCE_SHA256=864a82cb48ccc6297b0301e0bcc112ce85a41184ce117dafacef4f72dad754ad  post_m29_bc_twentysixth_frontier_gmp.cpp
__BINARY_SHA256=05766ce61f05109f00afd1595a498265f87bbc54e7cc793045045b5c99ceed65  post_m29_bc_twentysixth_frontier_gmp
__ENV=RUN_B=1 RUN_C=0 B_Q_MIN=45 B_Q_MAX=45 OMP_NUM_THREADS=8
__COMMAND=./post_m29_bc_twentysixth_frontier_gmp
BC_TWENTYSIXTH_FRONTIER_GMP b_cases=1 c_fpf_cases=11 c_arithmetic_cases=34 run_b=1 run_c=0 b_q_min=45 b_q_max=45 omp_max_threads=8
B_LOWER_BOX_RATIONAL numerator=10515921361294745138317260438626617216441934753953658489934041385438143468232284823955926238983677843094936348125098252699625877660467 denominator=434801086064710736754792110167239250958093807148894244421109245230847098880000000000000000000000000000000000000000 ceil=24185591292956608915
B_ABSORPTION_BASE q=46 left=24518630791967223663879224636187908518451788630001417644052433922417408816879166518893832643245474863896645192993141244974868343737632188923129425593309956864566879309733993729763149631979520 right=3969937160808720895401959629498630647790406360168322301129748464310422041758630649341780708631240196854767624444057168110272995649603642560353748940315749184568295424000000000000000000000000000 margin=3945418530016753671738080404862442739271954571538320883485696030388004632941751482822886875987994721990870979251064026865298127305866010371430619514722439227703728544690266006270236850368020480
B_ABSORPTION_RATIO_BASE q=46 left=128520 right=136680 margin=8160
C_PAUSE_ABSORPTION_BASE q=66 P=1867725731873348752568016234429315107522609152 central=2737158422982075697084497097760673619727797850 margin=869432691108726944516480863331358512205188698
C_PAUSE_RATIO_BASE q=66 left=25440 right=35644 margin=10204
C_CENTRAL_RATIO_BASE q=66 left=25440 right=18693 margin=6747
B_CASE q=45 j=116 width_wall=90 terminal_shapes=11732
B_REVERSE_STEP q=45 after_removing_to=115 states=128121
B_REVERSE_STEP q=45 after_removing_to=114 states=459414
B_REVERSE_STEP q=45 after_removing_to=109 states=3340584
B_REVERSE_STEP q=45 after_removing_to=104 states=6505045
B_REVERSE_STEP q=45 after_removing_to=99 states=9671910
B_REVERSE_STEP q=45 after_removing_to=94 states=12838775
B_REVERSE_STEP q=45 after_removing_to=89 states=16005640
B_REVERSE_STEP q=45 after_removing_to=84 states=19172505
B_REVERSE_STEP q=45 after_removing_to=79 states=22336966
B_REVERSE_STEP q=45 after_removing_to=74 states=25215694
B_REVERSE_STEP q=45 after_removing_to=69 states=24427609
B_REVERSE_STEP q=45 after_removing_to=64 states=21374156
B_REVERSE_STEP q=45 after_removing_to=59 states=18209255
B_REVERSE_STEP q=45 after_removing_to=54 states=15042393
B_REVERSE_STEP q=45 after_removing_to=49 states=11875537
B_REVERSE_STEP q=45 after_removing_to=44 states=8709601
B_REVERSE_STEP q=45 after_removing_to=39 states=5562378
B_REVERSE_STEP q=45 after_removing_to=34 states=2617190
B_REVERSE_STEP q=45 after_removing_to=29 states=714755
B_REVERSE_STEP q=45 after_removing_to=24 states=147273
B_REVERSE_STEP q=45 after_removing_to=19 states=26015
B_REVERSE_STEP q=45 after_removing_to=14 states=3718
B_REVERSE_STEP q=45 after_removing_to=9 states=385
B_REVERSE_STEP q=45 after_removing_to=4 states=22
B_REVERSE_STEP q=45 after_removing_to=1 states=2
B_REVERSE_STEP q=45 after_removing_to=0 states=1
B_BAD_COUNT q=45 j=116 value=312202437646449602712951412960205378516013455981113721784023617967412344145793515280937416396048073761868268391500
B_STABLE q=45 j=116 value=1382796873366955667733698787057536557094947531550646235759600563816536525238578832424633479999317511186757194485032377096464507288910250789143473115598916569386956180384413235845406714920960
B_MARGIN q=45 j=116 stable_minus_2bad=1382796873366955667733698787057536557094947531550646235759600563816536525237954427549340580793891608360836783728000350184502279845342203553208648427307329538825081347592317088321670178137960
SUMMARY failures=0
__EXIT_STATUS=0
__EXIT_STATUS=0
__ELAPSED_SECONDS=12584.034551
__END_UTC=2026-07-16T05:49:14Z
