__RUN_ID=fullq3cleanfleet0002
__HOST_LABEL=optimus
__TASK=twentyfifth_b_33_35
__START_UTC=2026-07-15T10:45:25Z
__SOURCE_SHA256=8bae2a32a41be9055b279fb333e8afc0c9a2c07d44407e64bcb66967864ef7d4  post_m29_bc_twentyfifth_frontier_gmp.cpp
__BINARY_SHA256=07ca4b9fcc8b25ace7269064e42ce5ee3bb465118c937c70e3ad32a792e51a30  post_m29_bc_twentyfifth_frontier_gmp
__ENV=RUN_B=1 RUN_C=0 B_Q_MIN=33 B_Q_MAX=35 OMP_NUM_THREADS=8
__COMMAND=./post_m29_bc_twentyfifth_frontier_gmp
BC_TWENTYFIFTH_FRONTIER_GMP b_cases=3 c_fpf_cases=10 c_arithmetic_cases=33 run_b=1 run_c=0 b_q_min=33 b_q_max=35 omp_max_threads=8
B_LOWER_BOX_RATIONAL numerator=31562069652058651724050564331116427866898930990810385836335683810816344863875220220375406369645430784395169909 denominator=327680000000000000000000000000000000000000000000000000000000000000000000000000000000000000000 ceil=96319792639339148
B_ABSORPTION_BASE q=44 left=1631698339603928414165194585139136415150069360512059164383537511536124994126576640000000000000000000000000000000000000000000000000000000000000000000000000000000000000000000000000000 right=197450685722107402353682037275992488341277868034975337796656295094902858969771811440894224355027779366597957338237853638272334919686385621811850780464277094400000000000000000000000000 margin=195818987382503473939516842690853351926127798674463278632272757583366733975645234800894224355027779366597957338237853638272334919686385621811850780464277094400000000000000000000000000
B_ABSORPTION_RATIO_BASE q=44 left=117990 right=124800 margin=6810
C_PAUSE_ABSORPTION_BASE q=64 P=38106144974042111076149000047527760958062592 central=95784491736452493294473263363363867621614750 margin=57678346762410382218324263315836106663552158
C_PAUSE_RATIO_BASE q=64 left=23870 right=33540 margin=9670
C_CENTRAL_RATIO_BASE q=64 left=23870 right=17550 margin=6320
B_CASE q=33 j=91 width_wall=66 terminal_shapes=9296
B_REVERSE_STEP q=33 after_removing_to=90 states=98284
B_REVERSE_STEP q=33 after_removing_to=89 states=346686
B_REVERSE_STEP q=33 after_removing_to=84 states=2438762
B_REVERSE_STEP q=33 after_removing_to=79 states=4718866
B_REVERSE_STEP q=33 after_removing_to=74 states=7000296
B_REVERSE_STEP q=33 after_removing_to=69 states=9281713
B_REVERSE_STEP q=33 after_removing_to=64 states=11550905
B_REVERSE_STEP q=33 after_removing_to=59 states=13016726
B_REVERSE_STEP q=33 after_removing_to=54 states=11348888
B_REVERSE_STEP q=33 after_removing_to=49 states=9084664
B_REVERSE_STEP q=33 after_removing_to=44 states=6803573
B_REVERSE_STEP q=33 after_removing_to=39 states=4528533
B_REVERSE_STEP q=33 after_removing_to=34 states=2336225
B_REVERSE_STEP q=33 after_removing_to=29 states=711278
B_REVERSE_STEP q=33 after_removing_to=24 states=147273
B_REVERSE_STEP q=33 after_removing_to=19 states=26015
B_REVERSE_STEP q=33 after_removing_to=14 states=3718
B_REVERSE_STEP q=33 after_removing_to=9 states=385
B_REVERSE_STEP q=33 after_removing_to=4 states=22
B_REVERSE_STEP q=33 after_removing_to=1 states=2
B_REVERSE_STEP q=33 after_removing_to=0 states=1
B_BAD_COUNT q=33 j=91 value=7710283187893013835784344358602922029642325400191151143795062012174421286757753724395062592270
B_STABLE q=33 j=91 value=6219012485561720169125175711747072746616101573033681749973181063396653251833907992992299794612945668029683562597320420458909289083569428480
B_MARGIN q=33 j=91 stable_minus_2bad=6219012485561720169125175711747072746616101557613115374187153391827964534628063933707648994230643380439559538248477846943401840293444243940
B_CASE q=34 j=93 width_wall=68 terminal_shapes=9296
B_REVERSE_STEP q=34 after_removing_to=92 states=98284
B_REVERSE_STEP q=34 after_removing_to=89 states=1101297
B_REVERSE_STEP q=34 after_removing_to=84 states=3350089
B_REVERSE_STEP q=34 after_removing_to=79 states=5631438
B_REVERSE_STEP q=34 after_removing_to=74 states=7912868
B_REVERSE_STEP q=34 after_removing_to=69 states=10194217
B_REVERSE_STEP q=34 after_removing_to=64 states=12443006
B_REVERSE_STEP q=34 after_removing_to=59 states=13320889
B_REVERSE_STEP q=34 after_removing_to=54 states=11358666
B_REVERSE_STEP q=34 after_removing_to=49 states=9084765
B_REVERSE_STEP q=34 after_removing_to=44 states=6803573
B_REVERSE_STEP q=34 after_removing_to=39 states=4528533
B_REVERSE_STEP q=34 after_removing_to=34 states=2336225
B_REVERSE_STEP q=34 after_removing_to=29 states=711278
B_REVERSE_STEP q=34 after_removing_to=24 states=147273
B_REVERSE_STEP q=34 after_removing_to=19 states=26015
B_REVERSE_STEP q=34 after_removing_to=14 states=3718
B_REVERSE_STEP q=34 after_removing_to=9 states=385
B_REVERSE_STEP q=34 after_removing_to=4 states=22
B_REVERSE_STEP q=34 after_removing_to=1 states=2
B_REVERSE_STEP q=34 after_removing_to=0 states=1
B_BAD_COUNT q=34 j=93 value=233324004198302830434854312274352246658842166040188021897341170251820615304989830564682131613676
B_STABLE q=34 j=93 value=52636114508684281023057462983247168448627959118498202995779877291910314965053518047265082413237388057261789349857946883946075327053185016705024
B_MARGIN q=34 j=93 stable_minus_2bad=52636114508684281023057462983247168448627959118031554987383271631040606340504813553947398081157012013467107009354305653336095665923820753477672
B_CASE q=35 j=95 width_wall=70 terminal_shapes=9296
B_REVERSE_STEP q=35 after_removing_to=94 states=98284
B_REVERSE_STEP q=35 after_removing_to=89 states=1985389
B_REVERSE_STEP q=35 after_removing_to=84 states=4262581
B_REVERSE_STEP q=35 after_removing_to=79 states=6544010
B_REVERSE_STEP q=35 after_removing_to=74 states=8825440
B_REVERSE_STEP q=35 after_removing_to=69 states=11106508
B_REVERSE_STEP q=35 after_removing_to=64 states=13306487
B_REVERSE_STEP q=35 after_removing_to=59 states=13483274
B_REVERSE_STEP q=35 after_removing_to=54 states=11363101
B_REVERSE_STEP q=35 after_removing_to=49 states=9084795
B_REVERSE_STEP q=35 after_removing_to=44 states=6803573
B_REVERSE_STEP q=35 after_removing_to=39 states=4528533
B_REVERSE_STEP q=35 after_removing_to=34 states=2336225
B_REVERSE_STEP q=35 after_removing_to=29 states=711278
B_REVERSE_STEP q=35 after_removing_to=24 states=147273
B_REVERSE_STEP q=35 after_removing_to=19 states=26015
B_REVERSE_STEP q=35 after_removing_to=14 states=3718
B_REVERSE_STEP q=35 after_removing_to=9 states=385
B_REVERSE_STEP q=35 after_removing_to=4 states=22
B_REVERSE_STEP q=35 after_removing_to=1 states=2
B_REVERSE_STEP q=35 after_removing_to=0 states=1
B_BAD_COUNT q=35 j=95 value=6848108068247151965795627395858831467260786613484327219811180368085085014244250337430578107544895
B_STABLE q=35 j=95 value=465079114888095472747378954931122536275227942736325905210281246424033797827610545350466452851548111593259269814311579163792561772263843903304880128
B_MARGIN q=35 j=95 stable_minus_2bad=465079114888095472747378954931122536275227942736312208994144752120102206572818827687531931278321142938819647453575408993764073271588982747089790338
SUMMARY failures=0
__EXIT_STATUS=0
__EXIT_STATUS=0
__ELAPSED_SECONDS=14093.255764
__END_UTC=2026-07-15T14:40:18Z
