__RUN_ID=fullq3cleanfleet0002
__HOST_LABEL=optimus
__TASK=twentysixth_b_39_41
__START_UTC=2026-07-15T21:10:05Z
__SOURCE_SHA256=864a82cb48ccc6297b0301e0bcc112ce85a41184ce117dafacef4f72dad754ad  post_m29_bc_twentysixth_frontier_gmp.cpp
__BINARY_SHA256=05766ce61f05109f00afd1595a498265f87bbc54e7cc793045045b5c99ceed65  post_m29_bc_twentysixth_frontier_gmp
__ENV=RUN_B=1 RUN_C=0 B_Q_MIN=39 B_Q_MAX=41 OMP_NUM_THREADS=8
__COMMAND=./post_m29_bc_twentysixth_frontier_gmp
BC_TWENTYSIXTH_FRONTIER_GMP b_cases=3 c_fpf_cases=11 c_arithmetic_cases=34 run_b=1 run_c=0 b_q_min=39 b_q_max=41 omp_max_threads=8
B_LOWER_BOX_RATIONAL numerator=10515921361294745138317260438626617216441934753953658489934041385438143468232284823955926238983677843094936348125098252699625877660467 denominator=434801086064710736754792110167239250958093807148894244421109245230847098880000000000000000000000000000000000000000 ceil=24185591292956608915
B_ABSORPTION_BASE q=46 left=24518630791967223663879224636187908518451788630001417644052433922417408816879166518893832643245474863896645192993141244974868343737632188923129425593309956864566879309733993729763149631979520 right=3969937160808720895401959629498630647790406360168322301129748464310422041758630649341780708631240196854767624444057168110272995649603642560353748940315749184568295424000000000000000000000000000 margin=3945418530016753671738080404862442739271954571538320883485696030388004632941751482822886875987994721990870979251064026865298127305866010371430619514722439227703728544690266006270236850368020480
B_ABSORPTION_RATIO_BASE q=46 left=128520 right=136680 margin=8160
C_PAUSE_ABSORPTION_BASE q=66 P=1867725731873348752568016234429315107522609152 central=2737158422982075697084497097760673619727797850 margin=869432691108726944516480863331358512205188698
C_PAUSE_RATIO_BASE q=66 left=25440 right=35644 margin=10204
C_CENTRAL_RATIO_BASE q=66 left=25440 right=18693 margin=6747
B_CASE q=39 j=104 width_wall=78 terminal_shapes=11732
B_REVERSE_STEP q=39 after_removing_to=103 states=128121
B_REVERSE_STEP q=39 after_removing_to=99 states=2091632
B_REVERSE_STEP q=39 after_removing_to=94 states=5238333
B_REVERSE_STEP q=39 after_removing_to=89 states=8405164
B_REVERSE_STEP q=39 after_removing_to=84 states=11572029
B_REVERSE_STEP q=39 after_removing_to=79 states=14738894
B_REVERSE_STEP q=39 after_removing_to=74 states=17905053
B_REVERSE_STEP q=39 after_removing_to=69 states=20945781
B_REVERSE_STEP q=39 after_removing_to=64 states=21143584
B_REVERSE_STEP q=39 after_removing_to=59 states=18204356
B_REVERSE_STEP q=39 after_removing_to=54 states=15042375
B_REVERSE_STEP q=39 after_removing_to=49 states=11875537
B_REVERSE_STEP q=39 after_removing_to=44 states=8709601
B_REVERSE_STEP q=39 after_removing_to=39 states=5562378
B_REVERSE_STEP q=39 after_removing_to=34 states=2617190
B_REVERSE_STEP q=39 after_removing_to=29 states=714755
B_REVERSE_STEP q=39 after_removing_to=24 states=147273
B_REVERSE_STEP q=39 after_removing_to=19 states=26015
B_REVERSE_STEP q=39 after_removing_to=14 states=3718
B_REVERSE_STEP q=39 after_removing_to=9 states=385
B_REVERSE_STEP q=39 after_removing_to=4 states=22
B_REVERSE_STEP q=39 after_removing_to=1 states=2
B_REVERSE_STEP q=39 after_removing_to=0 states=1
B_BAD_COUNT q=39 j=104 value=1206044687792254181303708651303529937047336444986902982429310558715055468073090129470849239157382816314608
B_STABLE q=39 j=104 value=443216814209338571157347357905009055945908874869036427451842429620557117844903263235592653880992316734053287950441783564322616967238386329172707338675620164238483456
B_MARGIN q=39 j=104 stable_minus_2bad=443216814209338571157347357905009055945908874869036427451840017531181533336540655818290046821118222061163314144476924943205186856302240148913765640197305398605854240
B_CASE q=40 j=106 width_wall=80 terminal_shapes=11732
B_REVERSE_STEP q=40 after_removing_to=105 states=128121
B_REVERSE_STEP q=40 after_removing_to=104 states=459414
B_REVERSE_STEP q=40 after_removing_to=99 states=3340584
B_REVERSE_STEP q=40 after_removing_to=94 states=6505045
B_REVERSE_STEP q=40 after_removing_to=89 states=9671910
B_REVERSE_STEP q=40 after_removing_to=84 states=12838775
B_REVERSE_STEP q=40 after_removing_to=79 states=16005640
B_REVERSE_STEP q=40 after_removing_to=74 states=19170101
B_REVERSE_STEP q=40 after_removing_to=69 states=22048829
B_REVERSE_STEP q=40 after_removing_to=64 states=21260744
B_REVERSE_STEP q=40 after_removing_to=59 states=18207291
B_REVERSE_STEP q=40 after_removing_to=54 states=15042390
B_REVERSE_STEP q=40 after_removing_to=49 states=11875537
B_REVERSE_STEP q=40 after_removing_to=44 states=8709601
B_REVERSE_STEP q=40 after_removing_to=39 states=5562378
B_REVERSE_STEP q=40 after_removing_to=34 states=2617190
B_REVERSE_STEP q=40 after_removing_to=29 states=714755
B_REVERSE_STEP q=40 after_removing_to=24 states=147273
B_REVERSE_STEP q=40 after_removing_to=19 states=26015
B_REVERSE_STEP q=40 after_removing_to=14 states=3718
B_REVERSE_STEP q=40 after_removing_to=9 states=385
B_REVERSE_STEP q=40 after_removing_to=4 states=22
B_REVERSE_STEP q=40 after_removing_to=1 states=2
B_REVERSE_STEP q=40 after_removing_to=0 states=1
B_BAD_COUNT q=40 j=106 value=32187488170851049863703086485715250211819640942554701632119218869551393156780522032004045469819870772012320
B_STABLE q=40 j=106 value=4886351313102937424311841336468296380298521371436515901130417647351733996153250493873294611564127635106929342080214338417609124062943660912220326840086212014801064468480
B_MARGIN q=40 j=106 stable_minus_2bad=4886351313102937424311841336468296380298521371436515901130417582976757654451150766467121640133627211467647456970811074179171384960157347351176262831995272375059520443840
B_CASE q=41 j=108 width_wall=82 terminal_shapes=11732
B_REVERSE_STEP q=41 after_removing_to=107 states=128121
B_REVERSE_STEP q=41 after_removing_to=104 states=1490229
B_REVERSE_STEP q=41 after_removing_to=99 states=4605102
B_REVERSE_STEP q=41 after_removing_to=94 states=7771791
B_REVERSE_STEP q=41 after_removing_to=89 states=10938656
B_REVERSE_STEP q=41 after_removing_to=84 states=14105521
B_REVERSE_STEP q=41 after_removing_to=79 states=17272382
B_REVERSE_STEP q=41 after_removing_to=74 states=20431967
B_REVERSE_STEP q=41 after_removing_to=69 states=22986093
B_REVERSE_STEP q=41 after_removing_to=64 states=21320588
B_REVERSE_STEP q=41 after_removing_to=59 states=18208524
B_REVERSE_STEP q=41 after_removing_to=54 states=15042393
B_REVERSE_STEP q=41 after_removing_to=49 states=11875537
B_REVERSE_STEP q=41 after_removing_to=44 states=8709601
B_REVERSE_STEP q=41 after_removing_to=39 states=5562378
B_REVERSE_STEP q=41 after_removing_to=34 states=2617190
B_REVERSE_STEP q=41 after_removing_to=29 states=714755
B_REVERSE_STEP q=41 after_removing_to=24 states=147273
B_REVERSE_STEP q=41 after_removing_to=19 states=26015
B_REVERSE_STEP q=41 after_removing_to=14 states=3718
B_REVERSE_STEP q=41 after_removing_to=9 states=385
B_REVERSE_STEP q=41 after_removing_to=4 states=22
B_REVERSE_STEP q=41 after_removing_to=1 states=2
B_REVERSE_STEP q=41 after_removing_to=0 states=1
B_BAD_COUNT q=41 j=108 value=839053013257483506515389156333197005254495991216659055763600855443924839973280041376124458385060932962833408
B_STABLE q=41 j=108 value=55942579353574319299284514198746442384086255220415992526932728045728031109681376287975786882229157005807880280284734992352133383660743021984820927406039462145127974051889152
B_MARGIN q=41 j=108 stable_minus_2bad=55942579353574319299284514198746442384086255220415992526932728044049925083166409274945008569562762995298888297851416880824931672772893342038260844653790545375006108126222336
SUMMARY failures=0
__EXIT_STATUS=0
__EXIT_STATUS=0
__ELAPSED_SECONDS=28437.232864
__END_UTC=2026-07-16T05:04:02Z
