__RUN_ID=fullq3cleanfleet0002
__HOST_LABEL=optimus
__TASK=twentyfifth_b_21_23
__START_UTC=2026-07-15T09:22:16Z
__SOURCE_SHA256=8bae2a32a41be9055b279fb333e8afc0c9a2c07d44407e64bcb66967864ef7d4  post_m29_bc_twentyfifth_frontier_gmp.cpp
__BINARY_SHA256=07ca4b9fcc8b25ace7269064e42ce5ee3bb465118c937c70e3ad32a792e51a30  post_m29_bc_twentyfifth_frontier_gmp
__ENV=RUN_B=1 RUN_C=0 B_Q_MIN=21 B_Q_MAX=23 OMP_NUM_THREADS=8
__COMMAND=./post_m29_bc_twentyfifth_frontier_gmp
BC_TWENTYFIFTH_FRONTIER_GMP b_cases=3 c_fpf_cases=10 c_arithmetic_cases=33 run_b=1 run_c=0 b_q_min=21 b_q_max=23 omp_max_threads=8
B_LOWER_BOX_RATIONAL numerator=31562069652058651724050564331116427866898930990810385836335683810816344863875220220375406369645430784395169909 denominator=327680000000000000000000000000000000000000000000000000000000000000000000000000000000000000000 ceil=96319792639339148
B_ABSORPTION_BASE q=44 left=1631698339603928414165194585139136415150069360512059164383537511536124994126576640000000000000000000000000000000000000000000000000000000000000000000000000000000000000000000000000000 right=197450685722107402353682037275992488341277868034975337796656295094902858969771811440894224355027779366597957338237853638272334919686385621811850780464277094400000000000000000000000000 margin=195818987382503473939516842690853351926127798674463278632272757583366733975645234800894224355027779366597957338237853638272334919686385621811850780464277094400000000000000000000000000
B_ABSORPTION_RATIO_BASE q=44 left=117990 right=124800 margin=6810
C_PAUSE_ABSORPTION_BASE q=64 P=38106144974042111076149000047527760958062592 central=95784491736452493294473263363363867621614750 margin=57678346762410382218324263315836106663552158
C_PAUSE_RATIO_BASE q=64 left=23870 right=33540 margin=9670
C_CENTRAL_RATIO_BASE q=64 left=23870 right=17550 margin=6320
B_CASE q=21 j=67 width_wall=42 terminal_shapes=9296
B_REVERSE_STEP q=21 after_removing_to=66 states=98284
B_REVERSE_STEP q=21 after_removing_to=64 states=693998
B_REVERSE_STEP q=21 after_removing_to=59 states=2894084
B_REVERSE_STEP q=21 after_removing_to=54 states=5173826
B_REVERSE_STEP q=21 after_removing_to=49 states=7264510
B_REVERSE_STEP q=21 after_removing_to=44 states=6723196
B_REVERSE_STEP q=21 after_removing_to=39 states=4527318
B_REVERSE_STEP q=21 after_removing_to=34 states=2336224
B_REVERSE_STEP q=21 after_removing_to=29 states=711278
B_REVERSE_STEP q=21 after_removing_to=24 states=147273
B_REVERSE_STEP q=21 after_removing_to=19 states=26015
B_REVERSE_STEP q=21 after_removing_to=14 states=3718
B_REVERSE_STEP q=21 after_removing_to=9 states=385
B_REVERSE_STEP q=21 after_removing_to=4 states=22
B_REVERSE_STEP q=21 after_removing_to=1 states=2
B_REVERSE_STEP q=21 after_removing_to=0 states=1
B_BAD_COUNT q=21 j=67 value=538765609706049811735637740933424335650982597262166834434347342128085157340
B_STABLE q=21 j=67 value=1954211164681443257926522972458391584067198254211562226984238146980200166454946504992361742592
B_MARGIN q=21 j=67 stable_minus_2bad=1954211164681443256848991753046291960595922772344713555682272952455866497586251820736191427912
B_CASE q=22 j=69 width_wall=44 terminal_shapes=9296
B_REVERSE_STEP q=22 after_removing_to=68 states=98284
B_REVERSE_STEP q=22 after_removing_to=64 states=1537115
B_REVERSE_STEP q=22 after_removing_to=59 states=3806306
B_REVERSE_STEP q=22 after_removing_to=54 states=6083485
B_REVERSE_STEP q=22 after_removing_to=49 states=7950050
B_REVERSE_STEP q=22 after_removing_to=44 states=6765528
B_REVERSE_STEP q=22 after_removing_to=39 states=4528099
B_REVERSE_STEP q=22 after_removing_to=34 states=2336225
B_REVERSE_STEP q=22 after_removing_to=29 states=711278
B_REVERSE_STEP q=22 after_removing_to=24 states=147273
B_REVERSE_STEP q=22 after_removing_to=19 states=26015
B_REVERSE_STEP q=22 after_removing_to=14 states=3718
B_REVERSE_STEP q=22 after_removing_to=9 states=385
B_REVERSE_STEP q=22 after_removing_to=4 states=22
B_REVERSE_STEP q=22 after_removing_to=1 states=2
B_REVERSE_STEP q=22 after_removing_to=0 states=1
B_BAD_COUNT q=22 j=69 value=28472554463555590153447734908385862845491061556375669678159717963940642743534
B_STABLE q=22 j=69 value=9035761317088612444238991255468019455529981888205233547194765799344522272227693822804440755123712
B_MARGIN q=22 j=69 stable_minus_2bad=9035761317088612444182046146540908275223086418388461821503783676231770932871374386876559469636644
B_CASE q=23 j=71 width_wall=46 terminal_shapes=9296
B_REVERSE_STEP q=23 after_removing_to=70 states=98284
B_REVERSE_STEP q=23 after_removing_to=69 states=346686
B_REVERSE_STEP q=23 after_removing_to=64 states=2438762
B_REVERSE_STEP q=23 after_removing_to=59 states=4718853
B_REVERSE_STEP q=23 after_removing_to=54 states=6988045
B_REVERSE_STEP q=23 after_removing_to=49 states=8453866
B_REVERSE_STEP q=23 after_removing_to=44 states=6786228
B_REVERSE_STEP q=23 after_removing_to=39 states=4528394
B_REVERSE_STEP q=23 after_removing_to=34 states=2336225
B_REVERSE_STEP q=23 after_removing_to=29 states=711278
B_REVERSE_STEP q=23 after_removing_to=24 states=147273
B_REVERSE_STEP q=23 after_removing_to=19 states=26015
B_REVERSE_STEP q=23 after_removing_to=14 states=3718
B_REVERSE_STEP q=23 after_removing_to=9 states=385
B_REVERSE_STEP q=23 after_removing_to=4 states=22
B_REVERSE_STEP q=23 after_removing_to=1 states=2
B_REVERSE_STEP q=23 after_removing_to=0 states=1
B_BAD_COUNT q=23 j=71 value=1407999823983756896957975237043370441410192679057679962625726147821044728467240
B_STABLE q=23 j=71 value=44272870337243698081214185227207892678077895911020322840262089997508206015789182033584431273635427840
B_MARGIN q=23 j=71 stable_minus_2bad=44272870337243698081211369227559925164283979960546236099379269612150090655863930581288789184178493360
SUMMARY failures=0
__EXIT_STATUS=0
__EXIT_STATUS=0
__ELAPSED_SECONDS=4989.200998
__END_UTC=2026-07-15T10:45:25Z
