__RUN_ID=fullq3cleanfleet0002
__HOST_LABEL=optimus
__TASK=twentyfifth_b_18_20
__START_UTC=2026-07-15T09:22:16Z
__SOURCE_SHA256=8bae2a32a41be9055b279fb333e8afc0c9a2c07d44407e64bcb66967864ef7d4  post_m29_bc_twentyfifth_frontier_gmp.cpp
__BINARY_SHA256=07ca4b9fcc8b25ace7269064e42ce5ee3bb465118c937c70e3ad32a792e51a30  post_m29_bc_twentyfifth_frontier_gmp
__ENV=RUN_B=1 RUN_C=0 B_Q_MIN=18 B_Q_MAX=20 OMP_NUM_THREADS=8
__COMMAND=./post_m29_bc_twentyfifth_frontier_gmp
BC_TWENTYFIFTH_FRONTIER_GMP b_cases=3 c_fpf_cases=10 c_arithmetic_cases=33 run_b=1 run_c=0 b_q_min=18 b_q_max=20 omp_max_threads=8
B_LOWER_BOX_RATIONAL numerator=31562069652058651724050564331116427866898930990810385836335683810816344863875220220375406369645430784395169909 denominator=327680000000000000000000000000000000000000000000000000000000000000000000000000000000000000000 ceil=96319792639339148
B_ABSORPTION_BASE q=44 left=1631698339603928414165194585139136415150069360512059164383537511536124994126576640000000000000000000000000000000000000000000000000000000000000000000000000000000000000000000000000000 right=197450685722107402353682037275992488341277868034975337796656295094902858969771811440894224355027779366597957338237853638272334919686385621811850780464277094400000000000000000000000000 margin=195818987382503473939516842690853351926127798674463278632272757583366733975645234800894224355027779366597957338237853638272334919686385621811850780464277094400000000000000000000000000
B_ABSORPTION_RATIO_BASE q=44 left=117990 right=124800 margin=6810
C_PAUSE_ABSORPTION_BASE q=64 P=38106144974042111076149000047527760958062592 central=95784491736452493294473263363363867621614750 margin=57678346762410382218324263315836106663552158
C_PAUSE_RATIO_BASE q=64 left=23870 right=33540 margin=9670
C_CENTRAL_RATIO_BASE q=64 left=23870 right=17550 margin=6320
B_CASE q=18 j=61 width_wall=36 terminal_shapes=9296
B_REVERSE_STEP q=18 after_removing_to=60 states=98284
B_REVERSE_STEP q=18 after_removing_to=59 states=346686
B_REVERSE_STEP q=18 after_removing_to=54 states=2438749
B_REVERSE_STEP q=18 after_removing_to=49 states=4706615
B_REVERSE_STEP q=18 after_removing_to=44 states=6172636
B_REVERSE_STEP q=18 after_removing_to=39 states=4511188
B_REVERSE_STEP q=18 after_removing_to=34 states=2336086
B_REVERSE_STEP q=18 after_removing_to=29 states=711278
B_REVERSE_STEP q=18 after_removing_to=24 states=147273
B_REVERSE_STEP q=18 after_removing_to=19 states=26015
B_REVERSE_STEP q=18 after_removing_to=14 states=3718
B_REVERSE_STEP q=18 after_removing_to=9 states=385
B_REVERSE_STEP q=18 after_removing_to=4 states=22
B_REVERSE_STEP q=18 after_removing_to=1 states=2
B_REVERSE_STEP q=18 after_removing_to=0 states=1
B_BAD_COUNT q=18 j=61 value=2303513684154537786512596537819715085137130432054160558264571499792840
B_STABLE q=18 j=61 value=28498624571845034398726355851930572188102264622234847765953001676047745973229505280
B_MARGIN q=18 j=61 stable_minus_2bad=28498624571840427371358046776357546995026625192064573505088893354931216830229919600
B_CASE q=19 j=63 width_wall=38 terminal_shapes=9296
B_REVERSE_STEP q=19 after_removing_to=62 states=98284
B_REVERSE_STEP q=19 after_removing_to=59 states=1101297
B_REVERSE_STEP q=19 after_removing_to=54 states=3350008
B_REVERSE_STEP q=19 after_removing_to=49 states=5598716
B_REVERSE_STEP q=19 after_removing_to=44 states=6476799
B_REVERSE_STEP q=19 after_removing_to=39 states=4520966
B_REVERSE_STEP q=19 after_removing_to=34 states=2336187
B_REVERSE_STEP q=19 after_removing_to=29 states=711278
B_REVERSE_STEP q=19 after_removing_to=24 states=147273
B_REVERSE_STEP q=19 after_removing_to=19 states=26015
B_REVERSE_STEP q=19 after_removing_to=14 states=3718
B_REVERSE_STEP q=19 after_removing_to=9 states=385
B_REVERSE_STEP q=19 after_removing_to=4 states=22
B_REVERSE_STEP q=19 after_removing_to=1 states=2
B_REVERSE_STEP q=19 after_removing_to=0 states=1
B_BAD_COUNT q=19 j=63 value=154331061421702794859302866377271197814492106835326405573603958567232701
B_STABLE q=19 j=63 value=109541225789834175931658495496403519547416502620151868387334469329758036511863218119936
B_MARGIN q=19 j=63 stable_minus_2bad=109541225789833867269535652090813800941683748077756239403120798676946889303946083654534
B_CASE q=20 j=65 width_wall=40 terminal_shapes=9296
B_REVERSE_STEP q=20 after_removing_to=64 states=98284
B_REVERSE_STEP q=20 after_removing_to=59 states=1985389
B_REVERSE_STEP q=20 after_removing_to=54 states=4262219
B_REVERSE_STEP q=20 after_removing_to=49 states=6462197
B_REVERSE_STEP q=20 after_removing_to=44 states=6639184
B_REVERSE_STEP q=20 after_removing_to=39 states=4525401
B_REVERSE_STEP q=20 after_removing_to=34 states=2336217
B_REVERSE_STEP q=20 after_removing_to=29 states=711278
B_REVERSE_STEP q=20 after_removing_to=24 states=147273
B_REVERSE_STEP q=20 after_removing_to=19 states=26015
B_REVERSE_STEP q=20 after_removing_to=14 states=3718
B_REVERSE_STEP q=20 after_removing_to=9 states=385
B_REVERSE_STEP q=20 after_removing_to=4 states=22
B_REVERSE_STEP q=20 after_removing_to=1 states=2
B_REVERSE_STEP q=20 after_removing_to=0 states=1
B_BAD_COUNT q=20 j=65 value=9484773290242459222057202928554516041650527645222023360762614503785816096
B_STABLE q=20 j=65 value=448652128232881537732129952277792373763923626445924353990403553556345456494626112650043392
B_MARGIN q=20 j=65 stable_minus_2bad=448652128232881518762583371792873929649517769336892270689348263112298734969397105078411200
SUMMARY failures=0
__EXIT_STATUS=0
__EXIT_STATUS=0
__ELAPSED_SECONDS=3503.954833
__END_UTC=2026-07-15T10:20:39Z
