__RUN_ID=fullq3cleanfleet0002
__HOST_LABEL=optimus
__TASK=twentysixth_b_42_43
__START_UTC=2026-07-15T22:24:57Z
__SOURCE_SHA256=864a82cb48ccc6297b0301e0bcc112ce85a41184ce117dafacef4f72dad754ad  post_m29_bc_twentysixth_frontier_gmp.cpp
__BINARY_SHA256=05766ce61f05109f00afd1595a498265f87bbc54e7cc793045045b5c99ceed65  post_m29_bc_twentysixth_frontier_gmp
__ENV=RUN_B=1 RUN_C=0 B_Q_MIN=42 B_Q_MAX=43 OMP_NUM_THREADS=8
__COMMAND=./post_m29_bc_twentysixth_frontier_gmp
BC_TWENTYSIXTH_FRONTIER_GMP b_cases=2 c_fpf_cases=11 c_arithmetic_cases=34 run_b=1 run_c=0 b_q_min=42 b_q_max=43 omp_max_threads=8
B_LOWER_BOX_RATIONAL numerator=10515921361294745138317260438626617216441934753953658489934041385438143468232284823955926238983677843094936348125098252699625877660467 denominator=434801086064710736754792110167239250958093807148894244421109245230847098880000000000000000000000000000000000000000 ceil=24185591292956608915
B_ABSORPTION_BASE q=46 left=24518630791967223663879224636187908518451788630001417644052433922417408816879166518893832643245474863896645192993141244974868343737632188923129425593309956864566879309733993729763149631979520 right=3969937160808720895401959629498630647790406360168322301129748464310422041758630649341780708631240196854767624444057168110272995649603642560353748940315749184568295424000000000000000000000000000 margin=3945418530016753671738080404862442739271954571538320883485696030388004632941751482822886875987994721990870979251064026865298127305866010371430619514722439227703728544690266006270236850368020480
B_ABSORPTION_RATIO_BASE q=46 left=128520 right=136680 margin=8160
C_PAUSE_ABSORPTION_BASE q=66 P=1867725731873348752568016234429315107522609152 central=2737158422982075697084497097760673619727797850 margin=869432691108726944516480863331358512205188698
C_PAUSE_RATIO_BASE q=66 left=25440 right=35644 margin=10204
C_CENTRAL_RATIO_BASE q=66 left=25440 right=18693 margin=6747
B_CASE q=42 j=110 width_wall=84 terminal_shapes=11732
B_REVERSE_STEP q=42 after_removing_to=109 states=128121
B_REVERSE_STEP q=42 after_removing_to=104 states=2712091
B_REVERSE_STEP q=42 after_removing_to=99 states=5871676
B_REVERSE_STEP q=42 after_removing_to=94 states=9038537
B_REVERSE_STEP q=42 after_removing_to=89 states=12205402
B_REVERSE_STEP q=42 after_removing_to=84 states=15372267
B_REVERSE_STEP q=42 after_removing_to=79 states=18539098
B_REVERSE_STEP q=42 after_removing_to=74 states=21685799
B_REVERSE_STEP q=42 after_removing_to=69 states=23671785
B_REVERSE_STEP q=42 after_removing_to=64 states=21350308
B_REVERSE_STEP q=42 after_removing_to=59 states=18209009
B_REVERSE_STEP q=42 after_removing_to=54 states=15042393
B_REVERSE_STEP q=42 after_removing_to=49 states=11875537
B_REVERSE_STEP q=42 after_removing_to=44 states=8709601
B_REVERSE_STEP q=42 after_removing_to=39 states=5562378
B_REVERSE_STEP q=42 after_removing_to=34 states=2617190
B_REVERSE_STEP q=42 after_removing_to=29 states=714755
B_REVERSE_STEP q=42 after_removing_to=24 states=147273
B_REVERSE_STEP q=42 after_removing_to=19 states=26015
B_REVERSE_STEP q=42 after_removing_to=14 states=3718
B_REVERSE_STEP q=42 after_removing_to=9 states=385
B_REVERSE_STEP q=42 after_removing_to=4 states=22
B_REVERSE_STEP q=42 after_removing_to=1 states=2
B_REVERSE_STEP q=42 after_removing_to=0 states=1
B_BAD_COUNT q=42 j=110 value=21385223305700231649835781065387779841108191414233705599136207393321832940552003575085601578457342925744754852
B_STABLE q=42 j=110 value=664639403789427225561471734204949656190733499851796782764062551226287971651362417892137703002486589770811023774833335325757097449192299425748200620137423972410025590095658041344
B_MARGIN q=42 j=110 stable_minus_2bad=664639403789427225561471734204949656190733499851796782764062551226245201204751017428838031440355814211128807392004867914558825034405655759867096612987252769253110904244168531640
B_CASE q=43 j=112 width_wall=86 terminal_shapes=11732
B_REVERSE_STEP q=43 after_removing_to=111 states=128121
B_REVERSE_STEP q=43 after_removing_to=109 states=931314
B_REVERSE_STEP q=43 after_removing_to=104 states=3972259
B_REVERSE_STEP q=43 after_removing_to=99 states=7138418
B_REVERSE_STEP q=43 after_removing_to=94 states=10305283
B_REVERSE_STEP q=43 after_removing_to=89 states=13472148
B_REVERSE_STEP q=43 after_removing_to=84 states=16639013
B_REVERSE_STEP q=43 after_removing_to=79 states=19805702
B_REVERSE_STEP q=43 after_removing_to=74 states=22920566
B_REVERSE_STEP q=43 after_removing_to=69 states=24086702
B_REVERSE_STEP q=43 after_removing_to=64 states=21364600
B_REVERSE_STEP q=43 after_removing_to=59 states=18209184
B_REVERSE_STEP q=43 after_removing_to=54 states=15042393
B_REVERSE_STEP q=43 after_removing_to=49 states=11875537
B_REVERSE_STEP q=43 after_removing_to=44 states=8709601
B_REVERSE_STEP q=43 after_removing_to=39 states=5562378
B_REVERSE_STEP q=43 after_removing_to=34 states=2617190
B_REVERSE_STEP q=43 after_removing_to=29 states=714755
B_REVERSE_STEP q=43 after_removing_to=24 states=147273
B_REVERSE_STEP q=43 after_removing_to=19 states=26015
B_REVERSE_STEP q=43 after_removing_to=14 states=3718
B_REVERSE_STEP q=43 after_removing_to=9 states=385
B_REVERSE_STEP q=43 after_removing_to=4 states=22
B_REVERSE_STEP q=43 after_removing_to=1 states=2
B_REVERSE_STEP q=43 after_removing_to=0 states=1
B_BAD_COUNT q=43 j=112 value=533426863339630522942386704167383375265348936717436299631391502646560486682428498838791352171715432495505626738
B_STABLE q=43 j=112 value=8188851318177335552057955124585261106215486320894958362107801118438162831077350676560375879370029788116315774609378908934919493899728437031856132732574541595388382655660681687711744
B_MARGIN q=43 j=112 stable_minus_2bad=8188851318177335552057955124585261106215486320894958362107801118438161764223623997299329994596621453349565243911505474062320231116723143910882767875576864012684039224795690676458268
SUMMARY failures=0
__EXIT_STATUS=0
__EXIT_STATUS=0
__ELAPSED_SECONDS=23131.465075
__END_UTC=2026-07-16T04:50:28Z
