    B4 modular Weyl 9223372036854775783 moment 0/61 support=1 elapsed=4.61e-07s
    B4 modular Weyl 9223372036854775783 moment 1/61 support=33 elapsed=6.2788e-05s
    B4 modular Weyl 9223372036854775783 moment 2/61 support=257 elapsed=0.000113031s
    B4 modular Weyl 9223372036854775783 moment 3/61 support=1025 elapsed=0.000254546s
    B4 modular Weyl 9223372036854775783 moment 4/61 support=2881 elapsed=0.000688787s
    B4 modular Weyl 9223372036854775783 moment 5/61 support=6561 elapsed=0.00289829s
    B4 modular Weyl 9223372036854775783 moment 6/61 support=12993 elapsed=0.00614687s
    B4 modular Weyl 9223372036854775783 moment 7/61 support=23297 elapsed=0.0129822s
    B4 modular Weyl 9223372036854775783 moment 8/61 support=38785 elapsed=0.0271741s
    B4 modular Weyl 9223372036854775783 moment 9/61 support=60961 elapsed=0.0467745s
    B4 modular Weyl 9223372036854775783 moment 10/61 support=91521 elapsed=0.0792712s
    B4 modular Weyl 9223372036854775783 moment 11/61 support=132353 elapsed=0.128791s
    B4 modular Weyl 9223372036854775783 moment 12/61 support=185537 elapsed=0.205983s
    B4 modular Weyl 9223372036854775783 moment 13/61 support=253345 elapsed=0.327078s
    B4 modular Weyl 9223372036854775783 moment 14/61 support=338241 elapsed=0.511131s
    B4 modular Weyl 9223372036854775783 moment 15/61 support=442881 elapsed=0.817971s
    B4 modular Weyl 9223372036854775783 moment 16/61 support=570113 elapsed=1.27506s
    B4 modular Weyl 9223372036854775783 moment 17/61 support=722977 elapsed=1.84168s
    B4 modular Weyl 9223372036854775783 moment 18/61 support=904705 elapsed=2.52522s
    B4 modular Weyl 9223372036854775783 moment 19/61 support=1118721 elapsed=3.48506s
    B4 modular Weyl 9223372036854775783 moment 20/61 support=1368641 elapsed=4.71132s
    B4 modular Weyl 9223372036854775783 moment 21/61 support=1658273 elapsed=6.25398s
    B4 modular Weyl 9223372036854775783 moment 22/61 support=1991617 elapsed=8.23711s
    B4 modular Weyl 9223372036854775783 moment 23/61 support=2372865 elapsed=10.7308s
    B4 modular Weyl 9223372036854775783 moment 24/61 support=2806401 elapsed=13.7231s
    B4 modular Weyl 9223372036854775783 moment 25/61 support=3296801 elapsed=17.3906s
    B4 modular Weyl 9223372036854775783 moment 26/61 support=3848833 elapsed=21.7999s
    B4 modular Weyl 9223372036854775783 moment 27/61 support=4467457 elapsed=27.9565s
    B4 modular Weyl 9223372036854775783 moment 28/61 support=5157825 elapsed=35.0453s
    B4 modular Weyl 9223372036854775783 moment 29/61 support=5925281 elapsed=43.368s
    B4 modular Weyl 9223372036854775783 moment 30/61 support=6775361 elapsed=52.5757s
    B4 modular Weyl 9223372036854775783 moment 31/61 support=7713793 elapsed=63.6956s
    B4 modular Weyl 9223372036854775783 moment 32/61 support=8746497 elapsed=76.7731s
    B4 modular Weyl 9223372036854775783 moment 33/61 support=9879585 elapsed=92.4997s
    B4 modular Weyl 9223372036854775783 moment 34/61 support=11119361 elapsed=109.22s
    B4 modular Weyl 9223372036854775783 moment 35/61 support=12472321 elapsed=129.937s
    B4 modular Weyl 9223372036854775783 moment 36/61 support=13945153 elapsed=154.608s
    B4 modular Weyl 9223372036854775783 moment 37/61 support=15544737 elapsed=182.895s
    B4 modular Weyl 9223372036854775783 moment 38/61 support=17278145 elapsed=215.245s
    B4 modular Weyl 9223372036854775783 moment 39/61 support=19152641 elapsed=249.853s
    B4 modular Weyl 9223372036854775783 moment 40/61 support=21175681 elapsed=289.923s
    B4 modular Weyl 9223372036854775783 moment 41/61 support=23354913 elapsed=335.416s
    B4 modular Weyl 9223372036854775783 moment 42/61 support=25698177 elapsed=383.348s
    B4 modular Weyl 9223372036854775783 moment 43/61 support=28213505 elapsed=441.131s
    B4 modular Weyl 9223372036854775783 moment 44/61 support=30909121 elapsed=503.123s
    B4 modular Weyl 9223372036854775783 moment 45/61 support=33793441 elapsed=574.647s
    B4 modular Weyl 9223372036854775783 moment 46/61 support=36875073 elapsed=654.133s
    B4 modular Weyl 9223372036854775783 moment 47/61 support=40162817 elapsed=742.182s
    B4 modular Weyl 9223372036854775783 moment 48/61 support=43665665 elapsed=840.65s
    B4 modular Weyl 9223372036854775783 moment 49/61 support=47392801 elapsed=944.356s
    B4 modular Weyl 9223372036854775783 moment 50/61 support=51353601 elapsed=1059.74s
    B4 modular Weyl 9223372036854775783 moment 51/61 support=55557633 elapsed=1187.24s
    B4 modular Weyl 9223372036854775783 moment 52/61 support=60014657 elapsed=1341.18s
    B4 modular Weyl 9223372036854775783 moment 53/61 support=64734625 elapsed=1497.27s
    B4 modular Weyl 9223372036854775783 moment 54/61 support=69727681 elapsed=1671.94s
    B4 modular Weyl 9223372036854775783 moment 55/61 support=75004161 elapsed=1862.73s
    B4 modular Weyl 9223372036854775783 moment 56/61 support=80574593 elapsed=2064.56s
    B4 modular Weyl 9223372036854775783 moment 57/61 support=86449697 elapsed=2281.7s
    B4 modular Weyl 9223372036854775783 moment 58/61 support=92640385 elapsed=2498.58s
    B4 modular Weyl 9223372036854775783 moment 59/61 support=99157761 elapsed=2721.9s
    B4 modular Weyl 9223372036854775783 moment 60/61 support=106013121 elapsed=2972.25s
    B4 modular Weyl 9223372036854775783 moment 61/61 support=113217953 elapsed=3237.48s
B_4 MOD 9223372036854775783 Weyl density constant term = 384
B_4 MOD 9223372036854775783 m_0 moment=1
B_4 MOD 9223372036854775783 m_1 moment=0
B_4 MOD 9223372036854775783 m_2 moment=1
B_4 MOD 9223372036854775783 m_3 moment=1
B_4 MOD 9223372036854775783 m_4 moment=6
B_4 MOD 9223372036854775783 m_5 moment=22
B_4 MOD 9223372036854775783 m_6 moment=130
B_4 MOD 9223372036854775783 m_7 moment=822
B_4 MOD 9223372036854775783 m_8 moment=6202
B_4 MOD 9223372036854775783 m_9 moment=52552
B_4 MOD 9223372036854775783 m_10 moment=498591
B_4 MOD 9223372036854775783 m_11 moment=5210715
B_4 MOD 9223372036854775783 m_12 moment=59344098
B_4 MOD 9223372036854775783 m_13 moment=728810658
B_4 MOD 9223372036854775783 m_14 moment=9564530430
B_4 MOD 9223372036854775783 m_15 moment=133066760584
B_4 MOD 9223372036854775783 m_16 moment=1949272050600
B_4 MOD 9223372036854775783 m_17 moment=29892206780720
B_4 MOD 9223372036854775783 m_18 moment=477532564286970
B_4 MOD 9223372036854775783 m_19 moment=7914358104935202
B_4 MOD 9223372036854775783 m_20 moment=135606068908550236
B_4 MOD 9223372036854775783 m_21 moment=2394976664800991580
B_4 MOD 9223372036854775783 m_22 moment=6594897310177102460
B_4 MOD 9223372036854775783 m_23 moment=7660325973627694251
B_4 MOD 9223372036854775783 m_24 moment=1586130706389300599
B_4 MOD 9223372036854775783 m_25 moment=7710707208290195893
B_4 MOD 9223372036854775783 m_26 moment=1010857892857799506
B_4 MOD 9223372036854775783 m_27 moment=5088741472985449039
B_4 MOD 9223372036854775783 m_28 moment=4737271295944546007
B_4 MOD 9223372036854775783 m_29 moment=3463088537062034545
B_4 MOD 9223372036854775783 m_30 moment=7788738210779831280
B_4 MOD 9223372036854775783 m_31 moment=8627611679564853396
B_4 MOD 9223372036854775783 m_32 moment=6334437721682133043
B_4 MOD 9223372036854775783 m_33 moment=1616494816804922322
B_4 MOD 9223372036854775783 m_34 moment=4749567502415961425
B_4 MOD 9223372036854775783 m_35 moment=8890367328611846770
B_4 MOD 9223372036854775783 m_36 moment=7545481275245778662
B_4 MOD 9223372036854775783 m_37 moment=2376987787509416993
B_4 MOD 9223372036854775783 m_38 moment=5940796414882443530
B_4 MOD 9223372036854775783 m_39 moment=475784754489970905
B_4 MOD 9223372036854775783 m_40 moment=7495138251461242397
B_4 MOD 9223372036854775783 m_41 moment=5505244904062061248
B_4 MOD 9223372036854775783 m_42 moment=5167213812960980861
B_4 MOD 9223372036854775783 m_43 moment=2945298212940135045
B_4 MOD 9223372036854775783 m_44 moment=4267205849556289028
B_4 MOD 9223372036854775783 m_45 moment=8391832364626497918
B_4 MOD 9223372036854775783 m_46 moment=2136006282977576468
B_4 MOD 9223372036854775783 m_47 moment=234203754108947892
B_4 MOD 9223372036854775783 m_48 moment=3379317705193846160
B_4 MOD 9223372036854775783 m_49 moment=6517897257469987759
B_4 MOD 9223372036854775783 m_50 moment=5457167888804880207
B_4 MOD 9223372036854775783 m_51 moment=9108953417637245590
B_4 MOD 9223372036854775783 m_52 moment=1773433012970176502
B_4 MOD 9223372036854775783 m_53 moment=8129139673218692058
B_4 MOD 9223372036854775783 m_54 moment=2023937262823698276
B_4 MOD 9223372036854775783 m_55 moment=5135124800486594137
B_4 MOD 9223372036854775783 m_56 moment=6636276801769540336
B_4 MOD 9223372036854775783 m_57 moment=3717364449764733169
B_4 MOD 9223372036854775783 m_58 moment=2132871248158496739
B_4 MOD 9223372036854775783 m_59 moment=7894337330909032442
B_4 MOD 9223372036854775783 m_60 moment=2207923733634649921
B_4 MOD 9223372036854775783 m_61 moment=7822596336760740192
__EXIT_STATUS=0
