    B4 modular Weyl 9223372036854775433 moment 0/61 support=1 elapsed=1.1e-07s
    B4 modular Weyl 9223372036854775433 moment 1/61 support=33 elapsed=6.7847e-05s
    B4 modular Weyl 9223372036854775433 moment 2/61 support=257 elapsed=0.000124553s
    B4 modular Weyl 9223372036854775433 moment 3/61 support=1025 elapsed=0.000254685s
    B4 modular Weyl 9223372036854775433 moment 4/61 support=2881 elapsed=0.000693184s
    B4 modular Weyl 9223372036854775433 moment 5/61 support=6561 elapsed=0.00203194s
    B4 modular Weyl 9223372036854775433 moment 6/61 support=12993 elapsed=0.00489782s
    B4 modular Weyl 9223372036854775433 moment 7/61 support=23297 elapsed=0.0120325s
    B4 modular Weyl 9223372036854775433 moment 8/61 support=38785 elapsed=0.0239192s
    B4 modular Weyl 9223372036854775433 moment 9/61 support=60961 elapsed=0.0421587s
    B4 modular Weyl 9223372036854775433 moment 10/61 support=91521 elapsed=0.0728039s
    B4 modular Weyl 9223372036854775433 moment 11/61 support=132353 elapsed=0.120781s
    B4 modular Weyl 9223372036854775433 moment 12/61 support=185537 elapsed=0.191258s
    B4 modular Weyl 9223372036854775433 moment 13/61 support=253345 elapsed=0.330154s
    B4 modular Weyl 9223372036854775433 moment 14/61 support=338241 elapsed=0.530688s
    B4 modular Weyl 9223372036854775433 moment 15/61 support=442881 elapsed=0.806106s
    B4 modular Weyl 9223372036854775433 moment 16/61 support=570113 elapsed=1.16966s
    B4 modular Weyl 9223372036854775433 moment 17/61 support=722977 elapsed=1.63949s
    B4 modular Weyl 9223372036854775433 moment 18/61 support=904705 elapsed=2.30626s
    B4 modular Weyl 9223372036854775433 moment 19/61 support=1118721 elapsed=3.19003s
    B4 modular Weyl 9223372036854775433 moment 20/61 support=1368641 elapsed=4.32411s
    B4 modular Weyl 9223372036854775433 moment 21/61 support=1658273 elapsed=5.70039s
    B4 modular Weyl 9223372036854775433 moment 22/61 support=1991617 elapsed=7.48442s
    B4 modular Weyl 9223372036854775433 moment 23/61 support=2372865 elapsed=9.74519s
    B4 modular Weyl 9223372036854775433 moment 24/61 support=2806401 elapsed=12.5357s
    B4 modular Weyl 9223372036854775433 moment 25/61 support=3296801 elapsed=15.9702s
    B4 modular Weyl 9223372036854775433 moment 26/61 support=3848833 elapsed=19.8611s
    B4 modular Weyl 9223372036854775433 moment 27/61 support=4467457 elapsed=24.7395s
    B4 modular Weyl 9223372036854775433 moment 28/61 support=5157825 elapsed=30.5765s
    B4 modular Weyl 9223372036854775433 moment 29/61 support=5925281 elapsed=37.7769s
    B4 modular Weyl 9223372036854775433 moment 30/61 support=6775361 elapsed=45.7795s
    B4 modular Weyl 9223372036854775433 moment 31/61 support=7713793 elapsed=56.6691s
    B4 modular Weyl 9223372036854775433 moment 32/61 support=8746497 elapsed=69.4407s
    B4 modular Weyl 9223372036854775433 moment 33/61 support=9879585 elapsed=84.0654s
    B4 modular Weyl 9223372036854775433 moment 34/61 support=11119361 elapsed=99.8338s
    B4 modular Weyl 9223372036854775433 moment 35/61 support=12472321 elapsed=117.353s
    B4 modular Weyl 9223372036854775433 moment 36/61 support=13945153 elapsed=139.758s
    B4 modular Weyl 9223372036854775433 moment 37/61 support=15544737 elapsed=164.635s
    B4 modular Weyl 9223372036854775433 moment 38/61 support=17278145 elapsed=191.497s
    B4 modular Weyl 9223372036854775433 moment 39/61 support=19152641 elapsed=221.16s
    B4 modular Weyl 9223372036854775433 moment 40/61 support=21175681 elapsed=254.591s
    B4 modular Weyl 9223372036854775433 moment 41/61 support=23354913 elapsed=291.137s
    B4 modular Weyl 9223372036854775433 moment 42/61 support=25698177 elapsed=333.098s
    B4 modular Weyl 9223372036854775433 moment 43/61 support=28213505 elapsed=381.663s
    B4 modular Weyl 9223372036854775433 moment 44/61 support=30909121 elapsed=436.443s
    B4 modular Weyl 9223372036854775433 moment 45/61 support=33793441 elapsed=497.681s
    B4 modular Weyl 9223372036854775433 moment 46/61 support=36875073 elapsed=563.849s
    B4 modular Weyl 9223372036854775433 moment 47/61 support=40162817 elapsed=641.248s
    B4 modular Weyl 9223372036854775433 moment 48/61 support=43665665 elapsed=724.056s
    B4 modular Weyl 9223372036854775433 moment 49/61 support=47392801 elapsed=815.404s
    B4 modular Weyl 9223372036854775433 moment 50/61 support=51353601 elapsed=912.518s
    B4 modular Weyl 9223372036854775433 moment 51/61 support=55557633 elapsed=1019.36s
    B4 modular Weyl 9223372036854775433 moment 52/61 support=60014657 elapsed=1150.66s
    B4 modular Weyl 9223372036854775433 moment 53/61 support=64734625 elapsed=1289.8s
    B4 modular Weyl 9223372036854775433 moment 54/61 support=69727681 elapsed=1445.15s
    B4 modular Weyl 9223372036854775433 moment 55/61 support=75004161 elapsed=1605.89s
    B4 modular Weyl 9223372036854775433 moment 56/61 support=80574593 elapsed=1786.71s
    B4 modular Weyl 9223372036854775433 moment 57/61 support=86449697 elapsed=1982.61s
    B4 modular Weyl 9223372036854775433 moment 58/61 support=92640385 elapsed=2188.94s
    B4 modular Weyl 9223372036854775433 moment 59/61 support=99157761 elapsed=2413.23s
    B4 modular Weyl 9223372036854775433 moment 60/61 support=106013121 elapsed=2658.94s
    B4 modular Weyl 9223372036854775433 moment 61/61 support=113217953 elapsed=2900.11s
B_4 MOD 9223372036854775433 Weyl density constant term = 384
B_4 MOD 9223372036854775433 m_0 moment=1
B_4 MOD 9223372036854775433 m_1 moment=0
B_4 MOD 9223372036854775433 m_2 moment=1
B_4 MOD 9223372036854775433 m_3 moment=1
B_4 MOD 9223372036854775433 m_4 moment=6
B_4 MOD 9223372036854775433 m_5 moment=22
B_4 MOD 9223372036854775433 m_6 moment=130
B_4 MOD 9223372036854775433 m_7 moment=822
B_4 MOD 9223372036854775433 m_8 moment=6202
B_4 MOD 9223372036854775433 m_9 moment=52552
B_4 MOD 9223372036854775433 m_10 moment=498591
B_4 MOD 9223372036854775433 m_11 moment=5210715
B_4 MOD 9223372036854775433 m_12 moment=59344098
B_4 MOD 9223372036854775433 m_13 moment=728810658
B_4 MOD 9223372036854775433 m_14 moment=9564530430
B_4 MOD 9223372036854775433 m_15 moment=133066760584
B_4 MOD 9223372036854775433 m_16 moment=1949272050600
B_4 MOD 9223372036854775433 m_17 moment=29892206780720
B_4 MOD 9223372036854775433 m_18 moment=477532564286970
B_4 MOD 9223372036854775433 m_19 moment=7914358104935202
B_4 MOD 9223372036854775433 m_20 moment=135606068908550236
B_4 MOD 9223372036854775433 m_21 moment=2394976664800991580
B_4 MOD 9223372036854775433 m_22 moment=6594897310177103860
B_4 MOD 9223372036854775433 m_23 moment=7660325973627724701
B_4 MOD 9223372036854775433 m_24 moment=1586130706389886849
B_4 MOD 9223372036854775433 m_25 moment=7710707208301625843
B_4 MOD 9223372036854775433 m_26 moment=1010857893085227056
B_4 MOD 9223372036854775433 m_27 moment=5088741477597626539
B_4 MOD 9223372036854775433 m_28 moment=4737271391162511157
B_4 MOD 9223372036854775433 m_29 moment=3463090536036810595
B_4 MOD 9223372036854775433 m_30 moment=7788780843272694380
B_4 MOD 9223372036854775433 m_31 moment=8628534520419323196
B_4 MOD 9223372036854775433 m_32 moment=6354696198706511293
B_4 MOD 9223372036854775433 m_33 moment=2067157431565435022
B_4 MOD 9223372036854775433 m_34 moment=5678349966053141342
B_4 MOD 9223372036854775433 m_35 moment=527555056425004812
B_4 MOD 9223372036854775433 m_36 moment=3771383859754775055
B_4 MOD 9223372036854775433 m_37 moment=7936230857238630538
B_4 MOD 9223372036854775433 m_38 moment=2624536143940574785
B_4 MOD 9223372036854775433 m_39 moment=2824896606777255420
B_4 MOD 9223372036854775433 m_40 moment=8576953282718243189
B_4 MOD 9223372036854775433 m_41 moment=3042919262042914332
B_4 MOD 9223372036854775433 m_42 moment=851986943500042871
B_4 MOD 9223372036854775433 m_43 moment=8494097868418157525
B_4 MOD 9223372036854775433 m_44 moment=5941398315970979504
B_4 MOD 9223372036854775433 m_45 moment=8529478134305324975
B_4 MOD 9223372036854775433 m_46 moment=7229489993396736359
B_4 MOD 9223372036854775433 m_47 moment=3505187448163512385
B_4 MOD 9223372036854775433 m_48 moment=156515240592334000
B_4 MOD 9223372036854775433 m_49 moment=4952163166923231872
B_4 MOD 9223372036854775433 m_50 moment=1410194774586538762
B_4 MOD 9223372036854775433 m_51 moment=2388250138614052147
B_4 MOD 9223372036854775433 m_52 moment=3091929651279672648
B_4 MOD 9223372036854775433 m_53 moment=6835981882471963262
B_4 MOD 9223372036854775433 m_54 moment=3462646842726291552
B_4 MOD 9223372036854775433 m_55 moment=1547938000237598912
B_4 MOD 9223372036854775433 m_56 moment=6327986482560677944
B_4 MOD 9223372036854775433 m_57 moment=8722417200232708030
B_4 MOD 9223372036854775433 m_58 moment=2773749817416333676
B_4 MOD 9223372036854775433 m_59 moment=1800412628435465194
B_4 MOD 9223372036854775433 m_60 moment=6895130099998803501
B_4 MOD 9223372036854775433 m_61 moment=3909606291698173897
__EXIT_STATUS=0
