    C4 modular Weyl 9223372036854775433 moment 0/61 support=1 elapsed=3.71e-07s
    C4 modular Weyl 9223372036854775433 moment 1/61 support=33 elapsed=6.9931e-05s
    C4 modular Weyl 9223372036854775433 moment 2/61 support=225 elapsed=9.3916e-05s
    C4 modular Weyl 9223372036854775433 moment 3/61 support=833 elapsed=0.000200124s
    C4 modular Weyl 9223372036854775433 moment 4/61 support=2241 elapsed=0.000557523s
    C4 modular Weyl 9223372036854775433 moment 5/61 support=4961 elapsed=0.00167099s
    C4 modular Weyl 9223372036854775433 moment 6/61 support=9633 elapsed=0.00451156s
    C4 modular Weyl 9223372036854775433 moment 7/61 support=17025 elapsed=0.00987259s
    C4 modular Weyl 9223372036854775433 moment 8/61 support=28033 elapsed=0.0186216s
    C4 modular Weyl 9223372036854775433 moment 9/61 support=43681 elapsed=0.0312515s
    C4 modular Weyl 9223372036854775433 moment 10/61 support=65121 elapsed=0.0548421s
    C4 modular Weyl 9223372036854775433 moment 11/61 support=93633 elapsed=0.0868966s
    C4 modular Weyl 9223372036854775433 moment 12/61 support=130625 elapsed=0.140934s
    C4 modular Weyl 9223372036854775433 moment 13/61 support=177633 elapsed=0.233196s
    C4 modular Weyl 9223372036854775433 moment 14/61 support=236321 elapsed=0.361996s
    C4 modular Weyl 9223372036854775433 moment 15/61 support=308481 elapsed=0.524685s
    C4 modular Weyl 9223372036854775433 moment 16/61 support=396033 elapsed=0.769679s
    C4 modular Weyl 9223372036854775433 moment 17/61 support=501025 elapsed=1.08228s
    C4 modular Weyl 9223372036854775433 moment 18/61 support=625633 elapsed=1.50063s
    C4 modular Weyl 9223372036854775433 moment 19/61 support=772161 elapsed=2.02864s
    C4 modular Weyl 9223372036854775433 moment 20/61 support=943041 elapsed=2.74379s
    C4 modular Weyl 9223372036854775433 moment 21/61 support=1140833 elapsed=3.64862s
    C4 modular Weyl 9223372036854775433 moment 22/61 support=1368225 elapsed=4.817s
    C4 modular Weyl 9223372036854775433 moment 23/61 support=1628033 elapsed=6.24402s
    C4 modular Weyl 9223372036854775433 moment 24/61 support=1923201 elapsed=8.01693s
    C4 modular Weyl 9223372036854775433 moment 25/61 support=2256801 elapsed=10.1095s
    C4 modular Weyl 9223372036854775433 moment 26/61 support=2632033 elapsed=12.5848s
    C4 modular Weyl 9223372036854775433 moment 27/61 support=3052225 elapsed=15.4302s
    C4 modular Weyl 9223372036854775433 moment 28/61 support=3520833 elapsed=19.0516s
    C4 modular Weyl 9223372036854775433 moment 29/61 support=4041441 elapsed=23.6098s
    C4 modular Weyl 9223372036854775433 moment 30/61 support=4617761 elapsed=29.097s
    C4 modular Weyl 9223372036854775433 moment 31/61 support=5253633 elapsed=34.6821s
    C4 modular Weyl 9223372036854775433 moment 32/61 support=5953025 elapsed=41.2042s
    C4 modular Weyl 9223372036854775433 moment 33/61 support=6720033 elapsed=48.4813s
    C4 modular Weyl 9223372036854775433 moment 34/61 support=7558881 elapsed=57.1133s
    C4 modular Weyl 9223372036854775433 moment 35/61 support=8473921 elapsed=67.3277s
    C4 modular Weyl 9223372036854775433 moment 36/61 support=9469633 elapsed=78.4704s
    C4 modular Weyl 9223372036854775433 moment 37/61 support=10550625 elapsed=90.5766s
    C4 modular Weyl 9223372036854775433 moment 38/61 support=11721633 elapsed=104.776s
    C4 modular Weyl 9223372036854775433 moment 39/61 support=12987521 elapsed=120.391s
    C4 modular Weyl 9223372036854775433 moment 40/61 support=14353281 elapsed=138.329s
    C4 modular Weyl 9223372036854775433 moment 41/61 support=15824033 elapsed=159.017s
    C4 modular Weyl 9223372036854775433 moment 42/61 support=17405025 elapsed=181.657s
    C4 modular Weyl 9223372036854775433 moment 43/61 support=19101633 elapsed=206.97s
    C4 modular Weyl 9223372036854775433 moment 44/61 support=20919361 elapsed=235.052s
    C4 modular Weyl 9223372036854775433 moment 45/61 support=22863841 elapsed=266.688s
    C4 modular Weyl 9223372036854775433 moment 46/61 support=24940833 elapsed=301.5s
    C4 modular Weyl 9223372036854775433 moment 47/61 support=27156225 elapsed=341.68s
    C4 modular Weyl 9223372036854775433 moment 48/61 support=29516033 elapsed=386.831s
    C4 modular Weyl 9223372036854775433 moment 49/61 support=32026401 elapsed=434.969s
    C4 modular Weyl 9223372036854775433 moment 50/61 support=34693601 elapsed=489.355s
    C4 modular Weyl 9223372036854775433 moment 51/61 support=37524033 elapsed=547.766s
    C4 modular Weyl 9223372036854775433 moment 52/61 support=40524225 elapsed=609.393s
    C4 modular Weyl 9223372036854775433 moment 53/61 support=43700833 elapsed=676.448s
    C4 modular Weyl 9223372036854775433 moment 54/61 support=47060641 elapsed=754.494s
    C4 modular Weyl 9223372036854775433 moment 55/61 support=50610561 elapsed=833.697s
    C4 modular Weyl 9223372036854775433 moment 56/61 support=54357633 elapsed=918.891s
    C4 modular Weyl 9223372036854775433 moment 57/61 support=58309025 elapsed=1019.18s
    C4 modular Weyl 9223372036854775433 moment 58/61 support=62472033 elapsed=1126.5s
    C4 modular Weyl 9223372036854775433 moment 59/61 support=66854081 elapsed=1244.11s
    C4 modular Weyl 9223372036854775433 moment 60/61 support=71462721 elapsed=1370.01s
    C4 modular Weyl 9223372036854775433 moment 61/61 support=76305633 elapsed=1506.6s
C_4 MOD 9223372036854775433 Weyl density constant term = 384
C_4 MOD 9223372036854775433 m_0 moment=1
C_4 MOD 9223372036854775433 m_1 moment=0
C_4 MOD 9223372036854775433 m_2 moment=1
C_4 MOD 9223372036854775433 m_3 moment=1
C_4 MOD 9223372036854775433 m_4 moment=6
C_4 MOD 9223372036854775433 m_5 moment=22
C_4 MOD 9223372036854775433 m_6 moment=130
C_4 MOD 9223372036854775433 m_7 moment=822
C_4 MOD 9223372036854775433 m_8 moment=6202
C_4 MOD 9223372036854775433 m_9 moment=52552
C_4 MOD 9223372036854775433 m_10 moment=498249
C_4 MOD 9223372036854775433 m_11 moment=5196789
C_4 MOD 9223372036854775433 m_12 moment=58964994
C_4 MOD 9223372036854775433 m_13 moment=720151722
C_4 MOD 9223372036854775433 m_14 moment=9383818899
C_4 MOD 9223372036854775433 m_15 moment=129474626610
C_4 MOD 9223372036854775433 m_16 moment=1879661849940
C_4 MOD 9223372036854775433 m_17 moment=28558484041800
C_4 MOD 9223372036854775433 m_18 moment=452039912994576
C_4 MOD 9223372036854775433 m_19 moment=7425417513482460
C_4 MOD 9223372036854775433 m_20 moment=126159732874309546
C_4 MOD 9223372036854775433 m_21 moment=2210670103626215020
C_4 MOD 9223372036854775433 m_22 moment=2957401920937132744
C_4 MOD 9223372036854775433 m_23 moment=8754610331508869693
C_4 MOD 9223372036854775433 m_24 moment=5500981537162975801
C_4 MOD 9223372036854775433 m_25 moment=4663980840165806545
C_4 MOD 9223372036854775433 m_26 moment=6402285721157402799
C_4 MOD 9223372036854775433 m_27 moment=8860095412078216011
C_4 MOD 9223372036854775433 m_28 moment=7043296038965834274
C_4 MOD 9223372036854775433 m_29 moment=3532893886771030044
C_4 MOD 9223372036854775433 m_30 moment=8576152259204186184
C_4 MOD 9223372036854775433 m_31 moment=4654505841483948547
C_4 MOD 9223372036854775433 m_32 moment=6575315969780527782
C_4 MOD 9223372036854775433 m_33 moment=3976319789716870280
C_4 MOD 9223372036854775433 m_34 moment=8528216733158673110
C_4 MOD 9223372036854775433 m_35 moment=4594954638612615839
C_4 MOD 9223372036854775433 m_36 moment=2463485512967495909
C_4 MOD 9223372036854775433 m_37 moment=4786278823278862962
C_4 MOD 9223372036854775433 m_38 moment=981296997476372793
C_4 MOD 9223372036854775433 m_39 moment=6463531816649834938
C_4 MOD 9223372036854775433 m_40 moment=3412251853292137380
C_4 MOD 9223372036854775433 m_41 moment=8652573726932691418
C_4 MOD 9223372036854775433 m_42 moment=7534014416976432911
C_4 MOD 9223372036854775433 m_43 moment=2102385988711895385
C_4 MOD 9223372036854775433 m_44 moment=7889596046757118147
C_4 MOD 9223372036854775433 m_45 moment=2264711793227296339
C_4 MOD 9223372036854775433 m_46 moment=2954316939870816911
C_4 MOD 9223372036854775433 m_47 moment=2019286645690544989
C_4 MOD 9223372036854775433 m_48 moment=3674745085953879599
C_4 MOD 9223372036854775433 m_49 moment=7696246518653229009
C_4 MOD 9223372036854775433 m_50 moment=7303968948259449229
C_4 MOD 9223372036854775433 m_51 moment=8009891966765547124
C_4 MOD 9223372036854775433 m_52 moment=762544390725317297
C_4 MOD 9223372036854775433 m_53 moment=258899729367226254
C_4 MOD 9223372036854775433 m_54 moment=8591433794741549134
C_4 MOD 9223372036854775433 m_55 moment=781071923071981985
C_4 MOD 9223372036854775433 m_56 moment=9143665848110355738
C_4 MOD 9223372036854775433 m_57 moment=220246806286264564
C_4 MOD 9223372036854775433 m_58 moment=7590024601551669686
C_4 MOD 9223372036854775433 m_59 moment=5717795671639604059
C_4 MOD 9223372036854775433 m_60 moment=1306762948124714506
C_4 MOD 9223372036854775433 m_61 moment=2830355607669360551
__EXIT_STATUS=0
