    C4 modular Weyl 9223372036854775421 moment 0/61 support=1 elapsed=1.1e-07s
    C4 modular Weyl 9223372036854775421 moment 1/61 support=33 elapsed=7.7003e-05s
    C4 modular Weyl 9223372036854775421 moment 2/61 support=225 elapsed=9.5798e-05s
    C4 modular Weyl 9223372036854775421 moment 3/61 support=833 elapsed=0.000180907s
    C4 modular Weyl 9223372036854775421 moment 4/61 support=2241 elapsed=0.000491658s
    C4 modular Weyl 9223372036854775421 moment 5/61 support=4961 elapsed=0.00142651s
    C4 modular Weyl 9223372036854775421 moment 6/61 support=9633 elapsed=0.00361459s
    C4 modular Weyl 9223372036854775421 moment 7/61 support=17025 elapsed=0.00833761s
    C4 modular Weyl 9223372036854775421 moment 8/61 support=28033 elapsed=0.0163293s
    C4 modular Weyl 9223372036854775421 moment 9/61 support=43681 elapsed=0.0292092s
    C4 modular Weyl 9223372036854775421 moment 10/61 support=65121 elapsed=0.0516345s
    C4 modular Weyl 9223372036854775421 moment 11/61 support=93633 elapsed=0.0833979s
    C4 modular Weyl 9223372036854775421 moment 12/61 support=130625 elapsed=0.133342s
    C4 modular Weyl 9223372036854775421 moment 13/61 support=177633 elapsed=0.20208s
    C4 modular Weyl 9223372036854775421 moment 14/61 support=236321 elapsed=0.299922s
    C4 modular Weyl 9223372036854775421 moment 15/61 support=308481 elapsed=0.443465s
    C4 modular Weyl 9223372036854775421 moment 16/61 support=396033 elapsed=0.679296s
    C4 modular Weyl 9223372036854775421 moment 17/61 support=501025 elapsed=0.990507s
    C4 modular Weyl 9223372036854775421 moment 18/61 support=625633 elapsed=1.38778s
    C4 modular Weyl 9223372036854775421 moment 19/61 support=772161 elapsed=1.9773s
    C4 modular Weyl 9223372036854775421 moment 20/61 support=943041 elapsed=2.69892s
    C4 modular Weyl 9223372036854775421 moment 21/61 support=1140833 elapsed=3.58792s
    C4 modular Weyl 9223372036854775421 moment 22/61 support=1368225 elapsed=4.71876s
    C4 modular Weyl 9223372036854775421 moment 23/61 support=1628033 elapsed=6.05381s
    C4 modular Weyl 9223372036854775421 moment 24/61 support=1923201 elapsed=7.59738s
    C4 modular Weyl 9223372036854775421 moment 25/61 support=2256801 elapsed=9.45823s
    C4 modular Weyl 9223372036854775421 moment 26/61 support=2632033 elapsed=11.7499s
    C4 modular Weyl 9223372036854775421 moment 27/61 support=3052225 elapsed=14.5813s
    C4 modular Weyl 9223372036854775421 moment 28/61 support=3520833 elapsed=17.7316s
    C4 modular Weyl 9223372036854775421 moment 29/61 support=4041441 elapsed=21.7007s
    C4 modular Weyl 9223372036854775421 moment 30/61 support=4617761 elapsed=26.1898s
    C4 modular Weyl 9223372036854775421 moment 31/61 support=5253633 elapsed=31.2626s
    C4 modular Weyl 9223372036854775421 moment 32/61 support=5953025 elapsed=36.978s
    C4 modular Weyl 9223372036854775421 moment 33/61 support=6720033 elapsed=44.0433s
    C4 modular Weyl 9223372036854775421 moment 34/61 support=7558881 elapsed=51.6709s
    C4 modular Weyl 9223372036854775421 moment 35/61 support=8473921 elapsed=60.6967s
    C4 modular Weyl 9223372036854775421 moment 36/61 support=9469633 elapsed=70.4121s
    C4 modular Weyl 9223372036854775421 moment 37/61 support=10550625 elapsed=81.4156s
    C4 modular Weyl 9223372036854775421 moment 38/61 support=11721633 elapsed=93.8977s
    C4 modular Weyl 9223372036854775421 moment 39/61 support=12987521 elapsed=107.847s
    C4 modular Weyl 9223372036854775421 moment 40/61 support=14353281 elapsed=123.195s
    C4 modular Weyl 9223372036854775421 moment 41/61 support=15824033 elapsed=141.14s
    C4 modular Weyl 9223372036854775421 moment 42/61 support=17405025 elapsed=161.199s
    C4 modular Weyl 9223372036854775421 moment 43/61 support=19101633 elapsed=183.498s
    C4 modular Weyl 9223372036854775421 moment 44/61 support=20919361 elapsed=208.764s
    C4 modular Weyl 9223372036854775421 moment 45/61 support=22863841 elapsed=236.138s
    C4 modular Weyl 9223372036854775421 moment 46/61 support=24940833 elapsed=268.761s
    C4 modular Weyl 9223372036854775421 moment 47/61 support=27156225 elapsed=303.1s
    C4 modular Weyl 9223372036854775421 moment 48/61 support=29516033 elapsed=344.459s
    C4 modular Weyl 9223372036854775421 moment 49/61 support=32026401 elapsed=389.895s
    C4 modular Weyl 9223372036854775421 moment 50/61 support=34693601 elapsed=439.915s
    C4 modular Weyl 9223372036854775421 moment 51/61 support=37524033 elapsed=493.907s
    C4 modular Weyl 9223372036854775421 moment 52/61 support=40524225 elapsed=553.038s
    C4 modular Weyl 9223372036854775421 moment 53/61 support=43700833 elapsed=617.818s
    C4 modular Weyl 9223372036854775421 moment 54/61 support=47060641 elapsed=687.816s
    C4 modular Weyl 9223372036854775421 moment 55/61 support=50610561 elapsed=763.099s
    C4 modular Weyl 9223372036854775421 moment 56/61 support=54357633 elapsed=844.464s
    C4 modular Weyl 9223372036854775421 moment 57/61 support=58309025 elapsed=941.856s
    C4 modular Weyl 9223372036854775421 moment 58/61 support=62472033 elapsed=1045.86s
    C4 modular Weyl 9223372036854775421 moment 59/61 support=66854081 elapsed=1157.63s
    C4 modular Weyl 9223372036854775421 moment 60/61 support=71462721 elapsed=1274.59s
    C4 modular Weyl 9223372036854775421 moment 61/61 support=76305633 elapsed=1404.49s
C_4 MOD 9223372036854775421 Weyl density constant term = 384
C_4 MOD 9223372036854775421 m_0 moment=1
C_4 MOD 9223372036854775421 m_1 moment=0
C_4 MOD 9223372036854775421 m_2 moment=1
C_4 MOD 9223372036854775421 m_3 moment=1
C_4 MOD 9223372036854775421 m_4 moment=6
C_4 MOD 9223372036854775421 m_5 moment=22
C_4 MOD 9223372036854775421 m_6 moment=130
C_4 MOD 9223372036854775421 m_7 moment=822
C_4 MOD 9223372036854775421 m_8 moment=6202
C_4 MOD 9223372036854775421 m_9 moment=52552
C_4 MOD 9223372036854775421 m_10 moment=498249
C_4 MOD 9223372036854775421 m_11 moment=5196789
C_4 MOD 9223372036854775421 m_12 moment=58964994
C_4 MOD 9223372036854775421 m_13 moment=720151722
C_4 MOD 9223372036854775421 m_14 moment=9383818899
C_4 MOD 9223372036854775421 m_15 moment=129474626610
C_4 MOD 9223372036854775421 m_16 moment=1879661849940
C_4 MOD 9223372036854775421 m_17 moment=28558484041800
C_4 MOD 9223372036854775421 m_18 moment=452039912994576
C_4 MOD 9223372036854775421 m_19 moment=7425417513482460
C_4 MOD 9223372036854775421 m_20 moment=126159732874309546
C_4 MOD 9223372036854775421 m_21 moment=2210670103626215020
C_4 MOD 9223372036854775421 m_22 moment=2957401920937132792
C_4 MOD 9223372036854775421 m_23 moment=8754610331508870641
C_4 MOD 9223372036854775421 m_24 moment=5500981537162993981
C_4 MOD 9223372036854775421 m_25 moment=4663980840166159141
C_4 MOD 9223372036854775421 m_26 moment=6402285721164383223
C_4 MOD 9223372036854775421 m_27 moment=8860095412219129683
C_4 MOD 9223372036854775421 m_28 moment=7043296041862864074
C_4 MOD 9223372036854775421 m_29 moment=3532893947359377684
C_4 MOD 9223372036854775421 m_30 moment=8576153546903036100
C_4 MOD 9223372036854775421 m_31 moment=4654533627166756039
C_4 MOD 9223372036854775421 m_32 moment=6575924156668200126
C_4 MOD 9223372036854775421 m_33 moment=3989813178498766952
C_4 MOD 9223372036854775421 m_34 moment=8831437902484657742
C_4 MOD 9223372036854775421 m_35 moment=2268638676427695726
C_4 MOD 9223372036854775421 m_36 moment=4362599177148852460
C_4 MOD 9223372036854775421 m_37 moment=7109863675985099818
C_4 MOD 9223372036854775421 m_38 moment=4176339992816637405
C_4 MOD 9223372036854775421 m_39 moment=2979052307570902850
C_4 MOD 9223372036854775421 m_40 moment=8381877938707539165
C_4 MOD 9223372036854775421 m_41 moment=3206917832946264060
C_4 MOD 9223372036854775421 m_42 moment=2749289082905587459
C_4 MOD 9223372036854775421 m_43 moment=496322098791413524
C_4 MOD 9223372036854775421 m_44 moment=3845820293212786453
C_4 MOD 9223372036854775421 m_45 moment=4927172888397147085
C_4 MOD 9223372036854775421 m_46 moment=6779126889071837087
C_4 MOD 9223372036854775421 m_47 moment=6680611939129585141
C_4 MOD 9223372036854775421 m_48 moment=6820633386898923858
C_4 MOD 9223372036854775421 m_49 moment=2134326430451880052
C_4 MOD 9223372036854775421 m_50 moment=4678835228630846543
C_4 MOD 9223372036854775421 m_51 moment=4023032826905332016
C_4 MOD 9223372036854775421 m_52 moment=2440687214611725984
C_4 MOD 9223372036854775421 m_53 moment=6684066329633368137
C_4 MOD 9223372036854775421 m_54 moment=103132347184136180
C_4 MOD 9223372036854775421 m_55 moment=8714588837721516901
C_4 MOD 9223372036854775421 m_56 moment=4483283368338543047
C_4 MOD 9223372036854775421 m_57 moment=6716497027699714603
C_4 MOD 9223372036854775421 m_58 moment=6942399695382520217
C_4 MOD 9223372036854775421 m_59 moment=899139257991478273
C_4 MOD 9223372036854775421 m_60 moment=8495252639248858141
C_4 MOD 9223372036854775421 m_61 moment=8626125820922524049
__EXIT_STATUS=0
