    C4 modular Weyl 9223372036854775783 moment 0/61 support=1 elapsed=1.1e-07s
    C4 modular Weyl 9223372036854775783 moment 1/61 support=33 elapsed=6.6063e-05s
    C4 modular Weyl 9223372036854775783 moment 2/61 support=225 elapsed=8.3886e-05s
    C4 modular Weyl 9223372036854775783 moment 3/61 support=833 elapsed=0.000190936s
    C4 modular Weyl 9223372036854775783 moment 4/61 support=2241 elapsed=0.000505884s
    C4 modular Weyl 9223372036854775783 moment 5/61 support=4961 elapsed=0.00176332s
    C4 modular Weyl 9223372036854775783 moment 6/61 support=9633 elapsed=0.00385187s
    C4 modular Weyl 9223372036854775783 moment 7/61 support=17025 elapsed=0.00893563s
    C4 modular Weyl 9223372036854775783 moment 8/61 support=28033 elapsed=0.017538s
    C4 modular Weyl 9223372036854775783 moment 9/61 support=43681 elapsed=0.0322144s
    C4 modular Weyl 9223372036854775783 moment 10/61 support=65121 elapsed=0.0594465s
    C4 modular Weyl 9223372036854775783 moment 11/61 support=93633 elapsed=0.103931s
    C4 modular Weyl 9223372036854775783 moment 12/61 support=130625 elapsed=0.168967s
    C4 modular Weyl 9223372036854775783 moment 13/61 support=177633 elapsed=0.251977s
    C4 modular Weyl 9223372036854775783 moment 14/61 support=236321 elapsed=0.389238s
    C4 modular Weyl 9223372036854775783 moment 15/61 support=308481 elapsed=0.58479s
    C4 modular Weyl 9223372036854775783 moment 16/61 support=396033 elapsed=0.856684s
    C4 modular Weyl 9223372036854775783 moment 17/61 support=501025 elapsed=1.2466s
    C4 modular Weyl 9223372036854775783 moment 18/61 support=625633 elapsed=1.79098s
    C4 modular Weyl 9223372036854775783 moment 19/61 support=772161 elapsed=2.44373s
    C4 modular Weyl 9223372036854775783 moment 20/61 support=943041 elapsed=3.37648s
    C4 modular Weyl 9223372036854775783 moment 21/61 support=1140833 elapsed=4.41555s
    C4 modular Weyl 9223372036854775783 moment 22/61 support=1368225 elapsed=5.88104s
    C4 modular Weyl 9223372036854775783 moment 23/61 support=1628033 elapsed=7.58599s
    C4 modular Weyl 9223372036854775783 moment 24/61 support=1923201 elapsed=9.61094s
    C4 modular Weyl 9223372036854775783 moment 25/61 support=2256801 elapsed=12.0269s
    C4 modular Weyl 9223372036854775783 moment 26/61 support=2632033 elapsed=15.1943s
    C4 modular Weyl 9223372036854775783 moment 27/61 support=3052225 elapsed=18.6734s
    C4 modular Weyl 9223372036854775783 moment 28/61 support=3520833 elapsed=22.6175s
    C4 modular Weyl 9223372036854775783 moment 29/61 support=4041441 elapsed=27.1001s
    C4 modular Weyl 9223372036854775783 moment 30/61 support=4617761 elapsed=32.29s
    C4 modular Weyl 9223372036854775783 moment 31/61 support=5253633 elapsed=38.8699s
    C4 modular Weyl 9223372036854775783 moment 32/61 support=5953025 elapsed=46.7631s
    C4 modular Weyl 9223372036854775783 moment 33/61 support=6720033 elapsed=55.3487s
    C4 modular Weyl 9223372036854775783 moment 34/61 support=7558881 elapsed=64.883s
    C4 modular Weyl 9223372036854775783 moment 35/61 support=8473921 elapsed=76.1818s
    C4 modular Weyl 9223372036854775783 moment 36/61 support=9469633 elapsed=88.2959s
    C4 modular Weyl 9223372036854775783 moment 37/61 support=10550625 elapsed=103.388s
    C4 modular Weyl 9223372036854775783 moment 38/61 support=11721633 elapsed=120.226s
    C4 modular Weyl 9223372036854775783 moment 39/61 support=12987521 elapsed=138.969s
    C4 modular Weyl 9223372036854775783 moment 40/61 support=14353281 elapsed=158.556s
    C4 modular Weyl 9223372036854775783 moment 41/61 support=15824033 elapsed=181.262s
    C4 modular Weyl 9223372036854775783 moment 42/61 support=17405025 elapsed=205.386s
    C4 modular Weyl 9223372036854775783 moment 43/61 support=19101633 elapsed=233.451s
    C4 modular Weyl 9223372036854775783 moment 44/61 support=20919361 elapsed=268.144s
    C4 modular Weyl 9223372036854775783 moment 45/61 support=22863841 elapsed=306.166s
    C4 modular Weyl 9223372036854775783 moment 46/61 support=24940833 elapsed=347.41s
    C4 modular Weyl 9223372036854775783 moment 47/61 support=27156225 elapsed=389.25s
    C4 modular Weyl 9223372036854775783 moment 48/61 support=29516033 elapsed=433.71s
    C4 modular Weyl 9223372036854775783 moment 49/61 support=32026401 elapsed=483.39s
    C4 modular Weyl 9223372036854775783 moment 50/61 support=34693601 elapsed=538.405s
    C4 modular Weyl 9223372036854775783 moment 51/61 support=37524033 elapsed=598.54s
    C4 modular Weyl 9223372036854775783 moment 52/61 support=40524225 elapsed=668.723s
    C4 modular Weyl 9223372036854775783 moment 53/61 support=43700833 elapsed=743.277s
    C4 modular Weyl 9223372036854775783 moment 54/61 support=47060641 elapsed=823.528s
    C4 modular Weyl 9223372036854775783 moment 55/61 support=50610561 elapsed=910.795s
    C4 modular Weyl 9223372036854775783 moment 56/61 support=54357633 elapsed=1004.66s
    C4 modular Weyl 9223372036854775783 moment 57/61 support=58309025 elapsed=1102.47s
    C4 modular Weyl 9223372036854775783 moment 58/61 support=62472033 elapsed=1213.07s
    C4 modular Weyl 9223372036854775783 moment 59/61 support=66854081 elapsed=1332.76s
    C4 modular Weyl 9223372036854775783 moment 60/61 support=71462721 elapsed=1458.89s
    C4 modular Weyl 9223372036854775783 moment 61/61 support=76305633 elapsed=1595.58s
C_4 MOD 9223372036854775783 Weyl density constant term = 384
C_4 MOD 9223372036854775783 m_0 moment=1
C_4 MOD 9223372036854775783 m_1 moment=0
C_4 MOD 9223372036854775783 m_2 moment=1
C_4 MOD 9223372036854775783 m_3 moment=1
C_4 MOD 9223372036854775783 m_4 moment=6
C_4 MOD 9223372036854775783 m_5 moment=22
C_4 MOD 9223372036854775783 m_6 moment=130
C_4 MOD 9223372036854775783 m_7 moment=822
C_4 MOD 9223372036854775783 m_8 moment=6202
C_4 MOD 9223372036854775783 m_9 moment=52552
C_4 MOD 9223372036854775783 m_10 moment=498249
C_4 MOD 9223372036854775783 m_11 moment=5196789
C_4 MOD 9223372036854775783 m_12 moment=58964994
C_4 MOD 9223372036854775783 m_13 moment=720151722
C_4 MOD 9223372036854775783 m_14 moment=9383818899
C_4 MOD 9223372036854775783 m_15 moment=129474626610
C_4 MOD 9223372036854775783 m_16 moment=1879661849940
C_4 MOD 9223372036854775783 m_17 moment=28558484041800
C_4 MOD 9223372036854775783 m_18 moment=452039912994576
C_4 MOD 9223372036854775783 m_19 moment=7425417513482460
C_4 MOD 9223372036854775783 m_20 moment=126159732874309546
C_4 MOD 9223372036854775783 m_21 moment=2210670103626215020
C_4 MOD 9223372036854775783 m_22 moment=2957401920937131344
C_4 MOD 9223372036854775783 m_23 moment=8754610331508842043
C_4 MOD 9223372036854775783 m_24 moment=5500981537162445551
C_4 MOD 9223372036854775783 m_25 moment=4663980840155522495
C_4 MOD 9223372036854775783 m_26 moment=6402285720953807099
C_4 MOD 9223372036854775783 m_27 moment=8860095407968233911
C_4 MOD 9223372036854775783 m_28 moment=7043295954469131774
C_4 MOD 9223372036854775783 m_29 moment=3532892119610890544
C_4 MOD 9223372036854775783 m_30 moment=8576114701321063634
C_4 MOD 9223372036854775783 m_31 moment=4653695425735396697
C_4 MOD 9223372036854775783 m_32 moment=6557577185556751082
C_4 MOD 9223372036854775783 m_33 moment=3582762616911550680
C_4 MOD 9223372036854775783 m_34 moment=8907637998005563793
C_4 MOD 9223372036854775783 m_35 moment=6345003938213569915
C_4 MOD 9223372036854775783 m_36 moment=3950131201615893325
C_4 MOD 9223372036854775783 m_37 moment=4653115556286200404
C_4 MOD 9223372036854775783 m_38 moment=26263335365745573
C_4 MOD 9223372036854775783 m_39 moment=488177070504612703
C_4 MOD 9223372036854775783 m_40 moment=1427090989779004829
C_4 MOD 9223372036854775783 m_41 moment=7612423362964235471
C_4 MOD 9223372036854775783 m_42 moment=5663498774050069055
C_4 MOD 9223372036854775783 m_43 moment=1292647456574940977
C_4 MOD 9223372036854775783 m_44 moment=5949554576558167893
C_4 MOD 9223372036854775783 m_45 moment=8127980772438682411
C_4 MOD 9223372036854775783 m_46 moment=5639574560955559624
C_4 MOD 9223372036854775783 m_47 moment=5609156037726451329
C_4 MOD 9223372036854775783 m_48 moment=5475070608529369868
C_4 MOD 9223372036854775783 m_49 moment=8973651893066373011
C_4 MOD 9223372036854775783 m_50 moment=1836281608345961772
C_4 MOD 9223372036854775783 m_51 moment=5514755754771803313
C_4 MOD 9223372036854775783 m_52 moment=4548675270523745806
C_4 MOD 9223372036854775783 m_53 moment=5993782628986720528
C_4 MOD 9223372036854775783 m_54 moment=8156872211599547213
C_4 MOD 9223372036854775783 m_55 moment=9056273197056283635
C_4 MOD 9223372036854775783 m_56 moment=6733892110216948749
C_4 MOD 9223372036854775783 m_57 moment=3004245523052313293
C_4 MOD 9223372036854775783 m_58 moment=1631897199229303380
C_4 MOD 9223372036854775783 m_59 moment=7256985448136678088
C_4 MOD 9223372036854775783 m_60 moment=4153265642826315562
C_4 MOD 9223372036854775783 m_61 moment=7958661351566920012
__EXIT_STATUS=0
