m=28 remaining low-row lower certificate
stable Chain diff D(28) = 153889275723409762152911972708157654219985447590746073156624800187079091955425345536
negative linear coefficient indices = [27, 28, 29, 30, 31, 32, 33, 34]
negative quadratic pairs = [(0,59,-8), (1,58,-440), (2,57,-11864), (3,56,-209000), (4,55,-2704688), (5,54,-27410768), (6,53,-226472400), (7,52,-1567971504), (8,51,-9279424440), (9,50,-47648202888), (10,49,-214740051240), (11,48,-857117515800), (12,47,-3051600071520), (13,46,-9745874090400), (14,45,-28042705115040), (15,44,-72935904877920), (16,43,-171847064881800), (17,42,-367200514933560), (18,41,-711478029523800), (19,40,-1247835262978920), (20,39,-1973017012668240), (21,38,-2790596437028400), (22,37,-3478870024659120), (23,36,-3708486380398800), (24,35,-3135356667064440), (25,34,-1557564279767496), (27,34,-1035350614872644), (28,33,-3771634382750346), (29,32,-6199353065899994), (30,31,-7629973004184608)]
begin D_12 lower row
  D_12 Delta_12 = 1
  D_12 Delta_13 = 66
  D_12 Delta_14 = 3081
  D_12 Delta_15 = 123046
  D_12 Delta_16 = 4538535
    depth 5: determinant reverse step 1/17 frontier=28 elapsed=0.000536723s
    depth 5: determinant reverse step 2/17 frontier=55 elapsed=0.00243384s
    depth 5: determinant reverse step 3/17 frontier=67 elapsed=0.00595084s
    depth 5: determinant reverse step 4/17 frontier=72 elapsed=0.0100668s
    depth 5: determinant reverse step 5/17 frontier=74 elapsed=0.0130845s
    depth 5: determinant reverse step 6/17 frontier=74 elapsed=0.0154349s
    depth 5: determinant reverse step 7/17 frontier=74 elapsed=0.018832s
    depth 5: determinant reverse step 8/17 frontier=74 elapsed=0.0200765s
    depth 5: determinant reverse step 9/17 frontier=74 elapsed=0.0246373s
    depth 5: determinant reverse step 10/17 frontier=73 elapsed=0.0252419s
    depth 5: determinant reverse step 11/17 frontier=66 elapsed=0.0256076s
    depth 5: determinant reverse step 12/17 frontier=42 elapsed=0.0260899s
    depth 5: determinant reverse step 13/17 frontier=22 elapsed=0.0261878s
    depth 5: determinant reverse step 14/17 frontier=11 elapsed=0.0262225s
    depth 5: determinant reverse step 15/17 frontier=5 elapsed=0.0262346s
    depth 5: determinant reverse step 16/17 frontier=2 elapsed=0.0262375s
    depth 5: determinant reverse step 17/17 frontier=1 elapsed=0.0262391s
  D_12 Delta_17 = 160442584
    depth 6: determinant reverse step 1/18 frontier=47 elapsed=0.000799133s
    depth 6: determinant reverse step 2/18 frontier=95 elapsed=0.00454935s
    depth 6: determinant reverse step 3/18 frontier=120 elapsed=0.0112309s
    depth 6: determinant reverse step 4/18 frontier=132 elapsed=0.0176178s
    depth 6: determinant reverse step 5/18 frontier=137 elapsed=0.023284s
    depth 6: determinant reverse step 6/18 frontier=139 elapsed=0.0279057s
    depth 6: determinant reverse step 7/18 frontier=139 elapsed=0.0314555s
    depth 6: determinant reverse step 8/18 frontier=139 elapsed=0.0341526s
    depth 6: determinant reverse step 9/18 frontier=139 elapsed=0.0359945s
    depth 6: determinant reverse step 10/18 frontier=136 elapsed=0.037222s
    depth 6: determinant reverse step 11/18 frontier=120 elapsed=0.0380374s
    depth 6: determinant reverse step 12/18 frontier=77 elapsed=0.0384563s
    depth 6: determinant reverse step 13/18 frontier=42 elapsed=0.0386483s
    depth 6: determinant reverse step 14/18 frontier=22 elapsed=0.038726s
    depth 6: determinant reverse step 15/18 frontier=11 elapsed=0.0387701s
    depth 6: determinant reverse step 16/18 frontier=5 elapsed=0.0387811s
    depth 6: determinant reverse step 17/18 frontier=2 elapsed=0.038784s
    depth 6: determinant reverse step 18/18 frontier=1 elapsed=0.0387855s
  D_12 Delta_18 = 5552033689
    depth 7: determinant reverse step 1/19 frontier=73 elapsed=0.00115008s
    depth 7: determinant reverse step 2/19 frontier=156 elapsed=0.00611094s
    depth 7: determinant reverse step 3/19 frontier=204 elapsed=0.0168482s
    depth 7: determinant reverse step 4/19 frontier=230 elapsed=0.0281369s
    depth 7: determinant reverse step 5/19 frontier=242 elapsed=0.0387426s
    depth 7: determinant reverse step 6/19 frontier=247 elapsed=0.0476282s
    depth 7: determinant reverse step 7/19 frontier=249 elapsed=0.0547721s
    depth 7: determinant reverse step 8/19 frontier=249 elapsed=0.0606885s
    depth 7: determinant reverse step 9/19 frontier=248 elapsed=0.064496s
    depth 7: determinant reverse step 10/19 frontier=241 elapsed=0.0671807s
    depth 7: determinant reverse step 11/19 frontier=209 elapsed=0.0687868s
    depth 7: determinant reverse step 12/19 frontier=135 elapsed=0.0697218s
    depth 7: determinant reverse step 13/19 frontier=77 elapsed=0.0701833s
    depth 7: determinant reverse step 14/19 frontier=42 elapsed=0.0703769s
    depth 7: determinant reverse step 15/19 frontier=22 elapsed=0.0704611s
    depth 7: determinant reverse step 16/19 frontier=11 elapsed=0.0704893s
    depth 7: determinant reverse step 17/19 frontier=5 elapsed=0.0704983s
    depth 7: determinant reverse step 18/19 frontier=2 elapsed=0.0705016s
    depth 7: determinant reverse step 19/19 frontier=1 elapsed=0.0705033s
  D_12 Delta_19 = 190532585619
    depth 8: determinant reverse step 1/20 frontier=114 elapsed=0.00163965s
    depth 8: determinant reverse step 2/20 frontier=251 elapsed=0.00936745s
    depth 8: determinant reverse step 3/20 frontier=338 elapsed=0.0250764s
    depth 8: determinant reverse step 4/20 frontier=389 elapsed=0.0437054s
    depth 8: determinant reverse step 5/20 frontier=415 elapsed=0.0617665s
    depth 8: determinant reverse step 6/20 frontier=427 elapsed=0.0773489s
    depth 8: determinant reverse step 7/20 frontier=432 elapsed=0.0898366s
    depth 8: determinant reverse step 8/20 frontier=434 elapsed=0.0994121s
    depth 8: determinant reverse step 9/20 frontier=431 elapsed=0.106315s
    depth 8: determinant reverse step 10/20 frontier=415 elapsed=0.111075s
    depth 8: determinant reverse step 11/20 frontier=355 elapsed=0.11416s
    depth 8: determinant reverse step 12/20 frontier=231 elapsed=0.116046s
    depth 8: determinant reverse step 13/20 frontier=135 elapsed=0.117026s
    depth 8: determinant reverse step 14/20 frontier=77 elapsed=0.117461s
    depth 8: determinant reverse step 15/20 frontier=42 elapsed=0.117661s
    depth 8: determinant reverse step 16/20 frontier=22 elapsed=0.11774s
    depth 8: determinant reverse step 17/20 frontier=11 elapsed=0.117768s
    depth 8: determinant reverse step 18/20 frontier=5 elapsed=0.117782s
    depth 8: determinant reverse step 19/20 frontier=2 elapsed=0.117785s
    depth 8: determinant reverse step 20/20 frontier=1 elapsed=0.117787s
  D_12 Delta_20 = 6539715517735
    depth 9: determinant reverse step 1/21 frontier=170 elapsed=0.00220384s
    depth 9: determinant reverse step 2/21 frontier=391 elapsed=0.0140713s
    depth 9: determinant reverse step 3/21 frontier=543 elapsed=0.0389654s
    depth 9: determinant reverse step 4/21 frontier=637 elapsed=0.0697089s
    depth 9: determinant reverse step 5/21 frontier=689 elapsed=0.101681s
    depth 9: determinant reverse step 6/21 frontier=715 elapsed=0.128088s
    depth 9: determinant reverse step 7/21 frontier=727 elapsed=0.150021s
    depth 9: determinant reverse step 8/21 frontier=731 elapsed=0.169065s
    depth 9: determinant reverse step 9/21 frontier=726 elapsed=0.181647s
    depth 9: determinant reverse step 10/21 frontier=693 elapsed=0.19052s
    depth 9: determinant reverse step 11/21 frontier=585 elapsed=0.1964s
    depth 9: determinant reverse step 12/21 frontier=385 elapsed=0.19996s
    depth 9: determinant reverse step 13/21 frontier=231 elapsed=0.201867s
    depth 9: determinant reverse step 14/21 frontier=135 elapsed=0.202821s
    depth 9: determinant reverse step 15/21 frontier=77 elapsed=0.20326s
    depth 9: determinant reverse step 16/21 frontier=42 elapsed=0.203461s
    depth 9: determinant reverse step 17/21 frontier=22 elapsed=0.203541s
    depth 9: determinant reverse step 18/21 frontier=11 elapsed=0.20357s
    depth 9: determinant reverse step 19/21 frontier=5 elapsed=0.203584s
    depth 9: determinant reverse step 20/21 frontier=2 elapsed=0.203587s
    depth 9: determinant reverse step 21/21 frontier=1 elapsed=0.203589s
  D_12 Delta_21 = 225795355686460
    depth 10: determinant reverse step 1/22 frontier=253 elapsed=0.00309239s
    depth 10: determinant reverse step 2/22 frontier=599 elapsed=0.0206078s
    depth 10: determinant reverse step 3/22 frontier=854 elapsed=0.059164s
    depth 10: determinant reverse step 4/22 frontier=1021 elapsed=0.108914s
    depth 10: determinant reverse step 5/22 frontier=1118 elapsed=0.159488s
    depth 10: determinant reverse step 6/22 frontier=1170 elapsed=0.204998s
    depth 10: determinant reverse step 7/22 frontier=1196 elapsed=0.242551s
    depth 10: determinant reverse step 8/22 frontier=1205 elapsed=0.272791s
    depth 10: determinant reverse step 9/22 frontier=1194 elapsed=0.29537s
    depth 10: determinant reverse step 10/22 frontier=1133 elapsed=0.313819s
    depth 10: determinant reverse step 11/22 frontier=946 elapsed=0.326342s
    depth 10: determinant reverse step 12/22 frontier=627 elapsed=0.333383s
    depth 10: determinant reverse step 13/22 frontier=385 elapsed=0.336994s
    depth 10: determinant reverse step 14/22 frontier=231 elapsed=0.338905s
    depth 10: determinant reverse step 15/22 frontier=135 elapsed=0.339871s
    depth 10: determinant reverse step 16/22 frontier=77 elapsed=0.34035s
    depth 10: determinant reverse step 17/22 frontier=42 elapsed=0.340545s
    depth 10: determinant reverse step 18/22 frontier=22 elapsed=0.340623s
    depth 10: determinant reverse step 19/22 frontier=11 elapsed=0.340653s
    depth 10: determinant reverse step 20/22 frontier=5 elapsed=0.340662s
    depth 10: determinant reverse step 21/22 frontier=2 elapsed=0.340665s
    depth 10: determinant reverse step 22/22 frontier=1 elapsed=0.340667s
  D_12 Delta_22 = 7873497744549801
    depth 11: determinant reverse step 1/23 frontier=365 elapsed=0.00408485s
    depth 11: determinant reverse step 2/23 frontier=897 elapsed=0.029435s
    depth 11: determinant reverse step 3/23 frontier=1313 elapsed=0.0886609s
    depth 11: determinant reverse step 4/23 frontier=1598 elapsed=0.164405s
    depth 11: determinant reverse step 5/23 frontier=1772 elapsed=0.245966s
    depth 11: determinant reverse step 6/23 frontier=1870 elapsed=0.329757s
    depth 11: determinant reverse step 7/23 frontier=1921 elapsed=0.392577s
    depth 11: determinant reverse step 8/23 frontier=1940 elapsed=0.44471s
    depth 11: determinant reverse step 9/23 frontier=1919 elapsed=0.483484s
    depth 11: determinant reverse step 10/23 frontier=1808 elapsed=0.512133s
    depth 11: determinant reverse step 11/23 frontier=1498 elapsed=0.531549s
    depth 11: determinant reverse step 12/23 frontier=1002 elapsed=0.54396s
    depth 11: determinant reverse step 13/23 frontier=627 elapsed=0.550804s
    depth 11: determinant reverse step 14/23 frontier=385 elapsed=0.554436s
    depth 11: determinant reverse step 15/23 frontier=231 elapsed=0.556408s
    depth 11: determinant reverse step 16/23 frontier=135 elapsed=0.557341s
    depth 11: determinant reverse step 17/23 frontier=77 elapsed=0.557798s
    depth 11: determinant reverse step 18/23 frontier=42 elapsed=0.557993s
    depth 11: determinant reverse step 19/23 frontier=22 elapsed=0.55808s
    depth 11: determinant reverse step 20/23 frontier=11 elapsed=0.558114s
    depth 11: determinant reverse step 21/23 frontier=5 elapsed=0.558125s
    depth 11: determinant reverse step 22/23 frontier=2 elapsed=0.558128s
    depth 11: determinant reverse step 23/23 frontier=1 elapsed=0.55813s
  D_12 Delta_23 = 278058880981617106
    depth 12: determinant reverse step 1/24 frontier=525 elapsed=0.00579523s
    depth 12: determinant reverse step 2/24 frontier=1326 elapsed=0.0428249s
    depth 12: determinant reverse step 3/24 frontier=1988 elapsed=0.129367s
    depth 12: determinant reverse step 4/24 frontier=2460 elapsed=0.249491s
    depth 12: determinant reverse step 5/24 frontier=2760 elapsed=0.37686s
    depth 12: determinant reverse step 6/24 frontier=2937 elapsed=0.497315s
    depth 12: determinant reverse step 7/24 frontier=3032 elapsed=0.602938s
    depth 12: determinant reverse step 8/24 frontier=3068 elapsed=0.688475s
    depth 12: determinant reverse step 9/24 frontier=3031 elapsed=0.754131s
    depth 12: determinant reverse step 10/24 frontier=2838 elapsed=0.802596s
    depth 12: determinant reverse step 11/24 frontier=2333 elapsed=0.845988s
    depth 12: determinant reverse step 12/24 frontier=1575 elapsed=0.867948s
    depth 12: determinant reverse step 13/24 frontier=1002 elapsed=0.880598s
    depth 12: determinant reverse step 14/24 frontier=627 elapsed=0.887232s
    depth 12: determinant reverse step 15/24 frontier=385 elapsed=0.890817s
    depth 12: determinant reverse step 16/24 frontier=231 elapsed=0.892707s
    depth 12: determinant reverse step 17/24 frontier=135 elapsed=0.893645s
    depth 12: determinant reverse step 18/24 frontier=77 elapsed=0.894098s
    depth 12: determinant reverse step 19/24 frontier=42 elapsed=0.894313s
    depth 12: determinant reverse step 20/24 frontier=22 elapsed=0.894389s
    depth 12: determinant reverse step 21/24 frontier=11 elapsed=0.894417s
    depth 12: determinant reverse step 22/24 frontier=5 elapsed=0.894431s
    depth 12: determinant reverse step 23/24 frontier=2 elapsed=0.894434s
    depth 12: determinant reverse step 24/24 frontier=1 elapsed=0.894436s
  D_12 Delta_24 = 9965293096971708706
    depth 13: determinant reverse step 1/25 frontier=738 elapsed=0.00759168s
    depth 13: determinant reverse step 2/25 frontier=1926 elapsed=0.059445s
    depth 13: determinant reverse step 3/25 frontier=2957 elapsed=0.186695s
    depth 13: determinant reverse step 4/25 frontier=3720 elapsed=0.369327s
    depth 13: determinant reverse step 5/25 frontier=4222 elapsed=0.56751s
    depth 13: determinant reverse step 6/25 frontier=4528 elapsed=0.756533s
    depth 13: determinant reverse step 7/25 frontier=4699 elapsed=0.919411s
    depth 13: determinant reverse step 8/25 frontier=4764 elapsed=1.06512s
    depth 13: determinant reverse step 9/25 frontier=4699 elapsed=1.17154s
    depth 13: determinant reverse step 10/25 frontier=4376 elapsed=1.24976s
    depth 13: determinant reverse step 11/25 frontier=3576 elapsed=1.30714s
    depth 13: determinant reverse step 12/25 frontier=2434 elapsed=1.34321s
    depth 13: determinant reverse step 13/25 frontier=1575 elapsed=1.36435s
    depth 13: determinant reverse step 14/25 frontier=1002 elapsed=1.3765s
    depth 13: determinant reverse step 15/25 frontier=627 elapsed=1.3832s
    depth 13: determinant reverse step 16/25 frontier=385 elapsed=1.38682s
    depth 13: determinant reverse step 17/25 frontier=231 elapsed=1.38869s
    depth 13: determinant reverse step 18/25 frontier=135 elapsed=1.38962s
    depth 13: determinant reverse step 19/25 frontier=77 elapsed=1.39007s
    depth 13: determinant reverse step 20/25 frontier=42 elapsed=1.39027s
    depth 13: determinant reverse step 21/25 frontier=22 elapsed=1.39035s
    depth 13: determinant reverse step 22/25 frontier=11 elapsed=1.39038s
    depth 13: determinant reverse step 23/25 frontier=5 elapsed=1.39039s
    depth 13: determinant reverse step 24/25 frontier=2 elapsed=1.39039s
    depth 13: determinant reverse step 25/25 frontier=1 elapsed=1.3904s
  D_12 Delta_25 = 362949649013808723216
    depth 15: determinant reverse step 1/27 frontier=1422 elapsed=0.0133138s
    depth 15: determinant reverse step 2/27 frontier=3922 elapsed=0.116136s
    depth 15: determinant reverse step 3/27 frontier=6290 elapsed=0.384448s
    depth 15: determinant reverse step 4/27 frontier=8159 elapsed=0.786618s
    depth 15: determinant reverse step 5/27 frontier=9465 elapsed=1.23674s
    depth 15: determinant reverse step 6/27 frontier=10307 elapsed=1.68507s
    depth 15: determinant reverse step 7/27 frontier=10798 elapsed=2.09049s
    depth 15: determinant reverse step 8/27 frontier=10992 elapsed=2.42711s
    depth 15: determinant reverse step 9/27 frontier=10813 elapsed=2.69756s
    depth 15: determinant reverse step 10/27 frontier=9968 elapsed=2.91957s
    depth 15: determinant reverse step 11/27 frontier=8073 elapsed=3.06854s
    depth 15: determinant reverse step 12/27 frontier=5585 elapsed=3.16798s
    depth 15: determinant reverse step 13/27 frontier=3711 elapsed=3.22963s
    depth 15: determinant reverse step 14/27 frontier=2434 elapsed=3.26616s
    depth 15: determinant reverse step 15/27 frontier=1575 elapsed=3.28764s
    depth 15: determinant reverse step 16/27 frontier=1002 elapsed=3.30007s
    depth 15: determinant reverse step 17/27 frontier=627 elapsed=3.30679s
    depth 15: determinant reverse step 18/27 frontier=385 elapsed=3.31046s
    depth 15: determinant reverse step 19/27 frontier=231 elapsed=3.31235s
    depth 15: determinant reverse step 20/27 frontier=135 elapsed=3.3133s
    depth 15: determinant reverse step 21/27 frontier=77 elapsed=3.31375s
    depth 15: determinant reverse step 22/27 frontier=42 elapsed=3.31396s
    depth 15: determinant reverse step 23/27 frontier=22 elapsed=3.31404s
    depth 15: determinant reverse step 24/27 frontier=11 elapsed=3.31407s
    depth 15: determinant reverse step 25/27 frontier=5 elapsed=3.31408s
    depth 15: determinant reverse step 26/27 frontier=2 elapsed=3.31408s
    depth 15: determinant reverse step 27/27 frontier=1 elapsed=3.31409s
  D_12 Delta_27 = 507212922992591769742126
    depth 16: determinant reverse step 1/28 frontier=1948 elapsed=0.0173651s
    depth 16: determinant reverse step 2/28 frontier=5507 elapsed=0.157737s
    depth 16: determinant reverse step 3/28 frontier=9013 elapsed=0.539617s
    depth 16: determinant reverse step 4/28 frontier=11863 elapsed=1.11746s
    depth 16: determinant reverse step 5/28 frontier=13904 elapsed=1.79706s
    depth 16: determinant reverse step 6/28 frontier=15251 elapsed=2.47364s
    depth 16: determinant reverse step 7/28 frontier=16052 elapsed=3.09402s
    depth 16: determinant reverse step 8/28 frontier=16371 elapsed=3.61968s
    depth 16: determinant reverse step 9/28 frontier=16083 elapsed=4.04888s
    depth 16: determinant reverse step 10/28 frontier=14763 elapsed=4.37888s
    depth 16: determinant reverse step 11/28 frontier=11916 elapsed=4.62138s
    depth 16: determinant reverse step 12/28 frontier=8304 elapsed=4.78685s
    depth 16: determinant reverse step 13/28 frontier=5585 elapsed=4.88734s
    depth 16: determinant reverse step 14/28 frontier=3711 elapsed=4.9496s
    depth 16: determinant reverse step 15/28 frontier=2434 elapsed=4.99385s
    depth 16: determinant reverse step 16/28 frontier=1575 elapsed=5.01535s
    depth 16: determinant reverse step 17/28 frontier=1002 elapsed=5.02769s
    depth 16: determinant reverse step 18/28 frontier=627 elapsed=5.03452s
    depth 16: determinant reverse step 19/28 frontier=385 elapsed=5.03822s
    depth 16: determinant reverse step 20/28 frontier=231 elapsed=5.04016s
    depth 16: determinant reverse step 21/28 frontier=135 elapsed=5.04113s
    depth 16: determinant reverse step 22/28 frontier=77 elapsed=5.04159s
    depth 16: determinant reverse step 23/28 frontier=42 elapsed=5.04179s
    depth 16: determinant reverse step 24/28 frontier=22 elapsed=5.04187s
    depth 16: determinant reverse step 25/28 frontier=11 elapsed=5.04191s
    depth 16: determinant reverse step 26/28 frontier=5 elapsed=5.04192s
    depth 16: determinant reverse step 27/28 frontier=2 elapsed=5.04193s
    depth 16: determinant reverse step 28/28 frontier=1 elapsed=5.04193s
  D_12 Delta_28 = 19484615269603250487453276
    depth 17: determinant reverse step 1/29 frontier=2634 elapsed=0.0231685s
    depth 17: determinant reverse step 2/29 frontier=7648 elapsed=0.214503s
    depth 17: determinant reverse step 3/29 frontier=12771 elapsed=0.743624s
    depth 17: determinant reverse step 4/29 frontier=17048 elapsed=1.57547s
    depth 17: determinant reverse step 5/29 frontier=20186 elapsed=2.57145s
    depth 17: determinant reverse step 6/29 frontier=22298 elapsed=3.58254s
    depth 17: determinant reverse step 7/29 frontier=23574 elapsed=4.51678s
    depth 17: determinant reverse step 8/29 frontier=24087 elapsed=5.30873s
    depth 17: determinant reverse step 9/29 frontier=23635 elapsed=5.97914s
    depth 17: determinant reverse step 10/29 frontier=21607 elapsed=6.49936s
    depth 17: determinant reverse step 11/29 frontier=17397 elapsed=6.86847s
    depth 17: determinant reverse step 12/29 frontier=12213 elapsed=7.1223s
    depth 17: determinant reverse step 13/29 frontier=8304 elapsed=7.28216s
    depth 17: determinant reverse step 14/29 frontier=5585 elapsed=7.38233s
    depth 17: determinant reverse step 15/29 frontier=3711 elapsed=7.44441s
    depth 17: determinant reverse step 16/29 frontier=2434 elapsed=7.48103s
    depth 17: determinant reverse step 17/29 frontier=1575 elapsed=7.50233s
    depth 17: determinant reverse step 18/29 frontier=1002 elapsed=7.51445s
    depth 17: determinant reverse step 19/29 frontier=627 elapsed=7.52121s
    depth 17: determinant reverse step 20/29 frontier=385 elapsed=7.53058s
    depth 17: determinant reverse step 21/29 frontier=231 elapsed=7.53284s
    depth 17: determinant reverse step 22/29 frontier=135 elapsed=7.5338s
    depth 17: determinant reverse step 23/29 frontier=77 elapsed=7.53456s
    depth 17: determinant reverse step 24/29 frontier=42 elapsed=7.53475s
    depth 17: determinant reverse step 25/29 frontier=22 elapsed=7.53483s
    depth 17: determinant reverse step 26/29 frontier=11 elapsed=7.53488s
    depth 17: determinant reverse step 27/29 frontier=5 elapsed=7.53489s
    depth 17: determinant reverse step 28/29 frontier=2 elapsed=7.53489s
    depth 17: determinant reverse step 29/29 frontier=1 elapsed=7.5349s
  D_12 Delta_29 = 762574312354786440005753956
    depth 18: determinant reverse step 1/30 frontier=3545 elapsed=0.0299549s
    depth 18: determinant reverse step 2/30 frontier=10536 elapsed=0.287951s
    depth 18: determinant reverse step 3/30 frontier=17932 elapsed=1.02946s
    depth 18: determinant reverse step 4/30 frontier=24264 elapsed=2.23017s
    depth 18: determinant reverse step 5/30 frontier=29011 elapsed=3.67295s
    depth 18: determinant reverse step 6/30 frontier=32268 elapsed=5.17005s
    depth 18: determinant reverse step 7/30 frontier=34261 elapsed=6.55646s
    depth 18: determinant reverse step 8/30 frontier=35067 elapsed=7.76317s
    depth 18: determinant reverse step 9/30 frontier=34371 elapsed=8.75568s
    depth 18: determinant reverse step 10/30 frontier=31306 elapsed=9.53005s
    depth 18: determinant reverse step 11/30 frontier=25152 elapsed=10.1169s
    depth 18: determinant reverse step 12/30 frontier=17782 elapsed=10.5087s
    depth 18: determinant reverse step 13/30 frontier=12213 elapsed=10.7638s
    depth 18: determinant reverse step 14/30 frontier=8304 elapsed=10.9351s
    depth 18: determinant reverse step 15/30 frontier=5585 elapsed=11.0349s
    depth 18: determinant reverse step 16/30 frontier=3711 elapsed=11.0973s
    depth 18: determinant reverse step 17/30 frontier=2434 elapsed=11.1349s
    depth 18: determinant reverse step 18/30 frontier=1575 elapsed=11.1565s
    depth 18: determinant reverse step 19/30 frontier=1002 elapsed=11.169s
    depth 18: determinant reverse step 20/30 frontier=627 elapsed=11.1763s
    depth 18: determinant reverse step 21/30 frontier=385 elapsed=11.18s
    depth 18: determinant reverse step 22/30 frontier=231 elapsed=11.1819s
    depth 18: determinant reverse step 23/30 frontier=135 elapsed=11.1829s
    depth 18: determinant reverse step 24/30 frontier=77 elapsed=11.1834s
    depth 18: determinant reverse step 25/30 frontier=42 elapsed=11.1836s
    depth 18: determinant reverse step 26/30 frontier=22 elapsed=11.1837s
    depth 18: determinant reverse step 27/30 frontier=11 elapsed=11.1837s
    depth 18: determinant reverse step 28/30 frontier=5 elapsed=11.1837s
    depth 18: determinant reverse step 29/30 frontier=2 elapsed=11.1837s
    depth 18: determinant reverse step 30/30 frontier=1 elapsed=11.1837s
  D_12 Delta_30 = 30411511413250360502806515712
    depth 19: determinant reverse step 1/31 frontier=4721 elapsed=0.0384218s
    depth 19: determinant reverse step 2/31 frontier=14382 elapsed=0.391304s
    depth 19: determinant reverse step 3/31 frontier=24940 elapsed=1.43232s
    depth 19: determinant reverse step 4/31 frontier=34200 elapsed=3.11562s
    depth 19: determinant reverse step 5/31 frontier=41282 elapsed=5.23395s
    depth 19: determinant reverse step 6/31 frontier=46223 elapsed=7.46667s
    depth 19: determinant reverse step 7/31 frontier=49286 elapsed=9.52151s
    depth 19: determinant reverse step 8/31 frontier=50529 elapsed=11.3137s
    depth 19: determinant reverse step 9/31 frontier=49471 elapsed=12.8076s
    depth 19: determinant reverse step 10/31 frontier=44911 elapsed=13.9819s
    depth 19: determinant reverse step 11/31 frontier=36027 elapsed=14.8669s
    depth 19: determinant reverse step 12/31 frontier=25642 elapsed=15.4728s
    depth 19: determinant reverse step 13/31 frontier=17782 elapsed=15.8703s
    depth 19: determinant reverse step 14/31 frontier=12213 elapsed=16.1341s
    depth 19: determinant reverse step 15/31 frontier=8304 elapsed=16.2933s
    depth 19: determinant reverse step 16/31 frontier=5585 elapsed=16.3937s
    depth 19: determinant reverse step 17/31 frontier=3711 elapsed=16.4565s
    depth 19: determinant reverse step 18/31 frontier=2434 elapsed=16.4932s
    depth 19: determinant reverse step 19/31 frontier=1575 elapsed=16.5145s
    depth 19: determinant reverse step 20/31 frontier=1002 elapsed=16.5269s
    depth 19: determinant reverse step 21/31 frontier=627 elapsed=16.5337s
    depth 19: determinant reverse step 22/31 frontier=385 elapsed=16.5374s
    depth 19: determinant reverse step 23/31 frontier=231 elapsed=16.5393s
    depth 19: determinant reverse step 24/31 frontier=135 elapsed=16.5403s
    depth 19: determinant reverse step 25/31 frontier=77 elapsed=16.5408s
    depth 19: determinant reverse step 26/31 frontier=42 elapsed=16.541s
    depth 19: determinant reverse step 27/31 frontier=22 elapsed=16.5411s
    depth 19: determinant reverse step 28/31 frontier=11 elapsed=16.5411s
    depth 19: determinant reverse step 29/31 frontier=5 elapsed=16.5411s
    depth 19: determinant reverse step 30/31 frontier=2 elapsed=16.5411s
    depth 19: determinant reverse step 31/31 frontier=1 elapsed=16.5411s
  D_12 Delta_31 = 1235926735915836568256520598680
    depth 20: determinant reverse step 1/32 frontier=6259 elapsed=0.0477193s
    depth 20: determinant reverse step 2/32 frontier=19494 elapsed=0.52094s
    depth 20: determinant reverse step 3/32 frontier=34414 elapsed=1.92517s
    depth 20: determinant reverse step 4/32 frontier=47800 elapsed=4.27511s
    depth 20: determinant reverse step 5/32 frontier=58234 elapsed=7.28566s
    depth 20: determinant reverse step 6/32 frontier=65626 elapsed=10.532s
    depth 20: determinant reverse step 7/32 frontier=70257 elapsed=13.546s
    depth 20: determinant reverse step 8/32 frontier=72146 elapsed=16.1819s
    depth 20: determinant reverse step 9/32 frontier=70561 elapsed=18.3806s
    depth 20: determinant reverse step 10/32 frontier=63859 elapsed=20.1457s
    depth 20: determinant reverse step 11/32 frontier=51170 elapsed=21.4809s
    depth 20: determinant reverse step 12/32 frontier=36654 elapsed=22.4094s
    depth 20: determinant reverse step 13/32 frontier=25642 elapsed=23.0231s
    depth 20: determinant reverse step 14/32 frontier=17782 elapsed=23.4286s
    depth 20: determinant reverse step 15/32 frontier=12213 elapsed=23.6848s
    depth 20: determinant reverse step 16/32 frontier=8304 elapsed=23.8467s
    depth 20: determinant reverse step 17/32 frontier=5585 elapsed=23.9465s
    depth 20: determinant reverse step 18/32 frontier=3711 elapsed=24.009s
    depth 20: determinant reverse step 19/32 frontier=2434 elapsed=24.0463s
    depth 20: determinant reverse step 20/32 frontier=1575 elapsed=24.0678s
    depth 20: determinant reverse step 21/32 frontier=1002 elapsed=24.0798s
    depth 20: determinant reverse step 22/32 frontier=627 elapsed=24.0866s
    depth 20: determinant reverse step 23/32 frontier=385 elapsed=24.0902s
    depth 20: determinant reverse step 24/32 frontier=231 elapsed=24.0922s
    depth 20: determinant reverse step 25/32 frontier=135 elapsed=24.0932s
    depth 20: determinant reverse step 26/32 frontier=77 elapsed=24.0936s
    depth 20: determinant reverse step 27/32 frontier=42 elapsed=24.0938s
    depth 20: determinant reverse step 28/32 frontier=22 elapsed=24.0939s
    depth 20: determinant reverse step 29/32 frontier=11 elapsed=24.094s
    depth 20: determinant reverse step 30/32 frontier=5 elapsed=24.094s
    depth 20: determinant reverse step 31/32 frontier=2 elapsed=24.094s
    depth 20: determinant reverse step 32/32 frontier=1 elapsed=24.094s
  D_12 Delta_32 = 51185439484632399373777264136602
    depth 21: determinant reverse step 1/33 frontier=8227 elapsed=0.0609154s
    depth 21: determinant reverse step 2/33 frontier=26218 elapsed=0.677507s
    depth 21: determinant reverse step 3/33 frontier=47107 elapsed=2.5844s
    depth 21: determinant reverse step 4/33 frontier=66255 elapsed=5.865s
    depth 21: determinant reverse step 5/33 frontier=81448 elapsed=10.148s
    depth 21: determinant reverse step 6/33 frontier=92368 elapsed=14.7835s
    depth 21: determinant reverse step 7/33 frontier=99274 elapsed=19.1982s
    depth 21: determinant reverse step 8/33 frontier=102098 elapsed=23.0547s
    depth 21: determinant reverse step 9/33 frontier=99759 elapsed=26.3195s
    depth 21: determinant reverse step 10/33 frontier=90030 elapsed=28.9186s
    depth 21: determinant reverse step 11/33 frontier=72086 elapsed=30.8843s
    depth 21: determinant reverse step 12/33 frontier=51962 elapsed=32.2696s
    depth 21: determinant reverse step 13/33 frontier=36654 elapsed=33.2148s
    depth 21: determinant reverse step 14/33 frontier=25642 elapsed=33.825s
    depth 21: determinant reverse step 15/33 frontier=17782 elapsed=34.2307s
    depth 21: determinant reverse step 16/33 frontier=12213 elapsed=34.4833s
    depth 21: determinant reverse step 17/33 frontier=8304 elapsed=34.6445s
    depth 21: determinant reverse step 18/33 frontier=5585 elapsed=34.7441s
    depth 21: determinant reverse step 19/33 frontier=3711 elapsed=34.8067s
    depth 21: determinant reverse step 20/33 frontier=2434 elapsed=34.8503s
    depth 21: determinant reverse step 21/33 frontier=1575 elapsed=34.8733s
    depth 21: determinant reverse step 22/33 frontier=1002 elapsed=34.8856s
    depth 21: determinant reverse step 23/33 frontier=627 elapsed=34.8923s
    depth 21: determinant reverse step 24/33 frontier=385 elapsed=34.8959s
    depth 21: determinant reverse step 25/33 frontier=231 elapsed=34.8978s
    depth 21: determinant reverse step 26/33 frontier=135 elapsed=34.8988s
    depth 21: determinant reverse step 27/33 frontier=77 elapsed=34.8992s
    depth 21: determinant reverse step 28/33 frontier=42 elapsed=34.8994s
    depth 21: determinant reverse step 29/33 frontier=22 elapsed=34.8995s
    depth 21: determinant reverse step 30/33 frontier=11 elapsed=34.8995s
    depth 21: determinant reverse step 31/33 frontier=5 elapsed=34.8995s
    depth 21: determinant reverse step 32/33 frontier=2 elapsed=34.8995s
    depth 21: determinant reverse step 33/33 frontier=1 elapsed=34.8995s
  D_12 Delta_33 = 2160098455524019769746111305780832
    depth 22: determinant reverse step 1/34 frontier=10767 elapsed=0.0777298s
    depth 22: determinant reverse step 2/34 frontier=35041 elapsed=0.875931s
    depth 22: determinant reverse step 3/34 frontier=64031 elapsed=3.42436s
    depth 22: determinant reverse step 4/34 frontier=91162 elapsed=7.94983s
    depth 22: determinant reverse step 5/34 frontier=113049 elapsed=13.9535s
    depth 22: determinant reverse step 6/34 frontier=128990 elapsed=20.6731s
    depth 22: determinant reverse step 7/34 frontier=139162 elapsed=27.0911s
    depth 22: determinant reverse step 8/34 frontier=143329 elapsed=32.6608s
    depth 22: determinant reverse step 9/34 frontier=139911 elapsed=37.3377s
    depth 22: determinant reverse step 10/34 frontier=125946 elapsed=41.1806s
    depth 22: determinant reverse step 11/34 frontier=100797 elapsed=44.1038s
    depth 22: determinant reverse step 12/34 frontier=73088 elapsed=46.186s
    depth 22: determinant reverse step 13/34 frontier=51962 elapsed=47.6066s
    depth 22: determinant reverse step 14/34 frontier=36654 elapsed=48.5431s
    depth 22: determinant reverse step 15/34 frontier=25642 elapsed=49.1705s
    depth 22: determinant reverse step 16/34 frontier=17782 elapsed=49.571s
    depth 22: determinant reverse step 17/34 frontier=12213 elapsed=49.8394s
    depth 22: determinant reverse step 18/34 frontier=8304 elapsed=50.0028s
    depth 22: determinant reverse step 19/34 frontier=5585 elapsed=50.1062s
    depth 22: determinant reverse step 20/34 frontier=3711 elapsed=50.1683s
    depth 22: determinant reverse step 21/34 frontier=2434 elapsed=50.2051s
    depth 22: determinant reverse step 22/34 frontier=1575 elapsed=50.2264s
    depth 22: determinant reverse step 23/34 frontier=1002 elapsed=50.2388s
    depth 22: determinant reverse step 24/34 frontier=627 elapsed=50.2456s
    depth 22: determinant reverse step 25/34 frontier=385 elapsed=50.2492s
    depth 22: determinant reverse step 26/34 frontier=231 elapsed=50.2512s
    depth 22: determinant reverse step 27/34 frontier=135 elapsed=50.2521s
    depth 22: determinant reverse step 28/34 frontier=77 elapsed=50.2526s
    depth 22: determinant reverse step 29/34 frontier=42 elapsed=50.2528s
    depth 22: determinant reverse step 30/34 frontier=22 elapsed=50.2529s
    depth 22: determinant reverse step 31/34 frontier=11 elapsed=50.2529s
    depth 22: determinant reverse step 32/34 frontier=5 elapsed=50.2529s
    depth 22: determinant reverse step 33/34 frontier=2 elapsed=50.253s
    depth 22: determinant reverse step 34/34 frontier=1 elapsed=50.253s
  D_12 Delta_34 = 92881376375792963702455981854344082
    depth 23: determinant reverse step 1/35 frontier=13989 elapsed=0.0999862s
    depth 23: determinant reverse step 2/35 frontier=46519 elapsed=1.16625s
    depth 23: determinant reverse step 3/35 frontier=86428 elapsed=4.61934s
    depth 23: determinant reverse step 4/35 frontier=124522 elapsed=10.8681s
    depth 23: determinant reverse step 5/35 frontier=155747 elapsed=19.4522s
    depth 23: determinant reverse step 6/35 frontier=178769 elapsed=29.1426s
    depth 23: determinant reverse step 7/35 frontier=193575 elapsed=38.6921s
    depth 23: determinant reverse step 8/35 frontier=199653 elapsed=46.9573s
    depth 23: determinant reverse step 9/35 frontier=194716 elapsed=53.8705s
    depth 23: determinant reverse step 10/35 frontier=174871 elapsed=59.4195s
    depth 23: determinant reverse step 11/35 frontier=139935 elapsed=63.6737s
    depth 23: determinant reverse step 12/35 frontier=102052 elapsed=66.7575s
    depth 23: determinant reverse step 13/35 frontier=73088 elapsed=68.9468s
    depth 23: determinant reverse step 14/35 frontier=51962 elapsed=70.4072s
    depth 23: determinant reverse step 15/35 frontier=36654 elapsed=71.373s
    depth 23: determinant reverse step 16/35 frontier=25642 elapsed=72.0003s
    depth 23: determinant reverse step 17/35 frontier=17782 elapsed=72.4182s
    depth 23: determinant reverse step 18/35 frontier=12213 elapsed=72.6813s
    depth 23: determinant reverse step 19/35 frontier=8304 elapsed=72.8489s
    depth 23: determinant reverse step 20/35 frontier=5585 elapsed=72.952s
    depth 23: determinant reverse step 21/35 frontier=3711 elapsed=73.0148s
    depth 23: determinant reverse step 22/35 frontier=2434 elapsed=73.0524s
    depth 23: determinant reverse step 23/35 frontier=1575 elapsed=73.0744s
    depth 23: determinant reverse step 24/35 frontier=1002 elapsed=73.0868s
    depth 23: determinant reverse step 25/35 frontier=627 elapsed=73.0937s
    depth 23: determinant reverse step 26/35 frontier=385 elapsed=73.0974s
    depth 23: determinant reverse step 27/35 frontier=231 elapsed=73.0993s
    depth 23: determinant reverse step 28/35 frontier=135 elapsed=73.1003s
    depth 23: determinant reverse step 29/35 frontier=77 elapsed=73.1007s
    depth 23: determinant reverse step 30/35 frontier=42 elapsed=73.1009s
    depth 23: determinant reverse step 31/35 frontier=22 elapsed=73.101s
    depth 23: determinant reverse step 32/35 frontier=11 elapsed=73.101s
    depth 23: determinant reverse step 33/35 frontier=5 elapsed=73.101s
    depth 23: determinant reverse step 34/35 frontier=2 elapsed=73.1011s
    depth 23: determinant reverse step 35/35 frontier=1 elapsed=73.1011s
  D_12 Delta_35 = 4068656485409383361434925383435713514
    depth 24: determinant reverse step 1/36 frontier=18102 elapsed=0.132925s
    depth 24: determinant reverse step 2/36 frontier=61412 elapsed=1.53926s
    depth 24: determinant reverse step 3/36 frontier=115942 elapsed=6.15472s
    depth 24: determinant reverse step 4/36 frontier=168986 elapsed=14.6087s
    depth 24: determinant reverse step 5/36 frontier=213124 elapsed=26.5514s
    depth 24: determinant reverse step 6/36 frontier=246048 elapsed=40.7686s
    depth 24: determinant reverse step 7/36 frontier=267371 elapsed=55.2796s
    depth 24: determinant reverse step 8/36 frontier=276133 elapsed=67.2231s
    depth 24: determinant reverse step 9/36 frontier=269076 elapsed=77.0308s
    depth 24: determinant reverse step 10/36 frontier=241137 elapsed=85.0313s
    depth 24: determinant reverse step 11/36 frontier=192973 elapsed=91.4254s
    depth 24: determinant reverse step 12/36 frontier=141510 elapsed=96.0071s
    depth 24: determinant reverse step 13/36 frontier=102052 elapsed=99.1749s
    depth 24: determinant reverse step 14/36 frontier=73088 elapsed=101.286s
    depth 24: determinant reverse step 15/36 frontier=51962 elapsed=102.714s
    depth 24: determinant reverse step 16/36 frontier=36654 elapsed=103.671s
    depth 24: determinant reverse step 17/36 frontier=25642 elapsed=104.305s
    depth 24: determinant reverse step 18/36 frontier=17782 elapsed=104.714s
    depth 24: determinant reverse step 19/36 frontier=12213 elapsed=104.975s
    depth 24: determinant reverse step 20/36 frontier=8304 elapsed=105.14s
    depth 24: determinant reverse step 21/36 frontier=5585 elapsed=105.251s
    depth 24: determinant reverse step 22/36 frontier=3711 elapsed=105.314s
    depth 24: determinant reverse step 23/36 frontier=2434 elapsed=105.351s
    depth 24: determinant reverse step 24/36 frontier=1575 elapsed=105.373s
    depth 24: determinant reverse step 25/36 frontier=1002 elapsed=105.385s
    depth 24: determinant reverse step 26/36 frontier=627 elapsed=105.392s
    depth 24: determinant reverse step 27/36 frontier=385 elapsed=105.396s
    depth 24: determinant reverse step 28/36 frontier=231 elapsed=105.398s
    depth 24: determinant reverse step 29/36 frontier=135 elapsed=105.399s
    depth 24: determinant reverse step 30/36 frontier=77 elapsed=105.399s
    depth 24: determinant reverse step 31/36 frontier=42 elapsed=105.399s
    depth 24: determinant reverse step 32/36 frontier=22 elapsed=105.399s
    depth 24: determinant reverse step 33/36 frontier=11 elapsed=105.399s
    depth 24: determinant reverse step 34/36 frontier=5 elapsed=105.399s
    depth 24: determinant reverse step 35/36 frontier=2 elapsed=105.399s
    depth 24: determinant reverse step 36/36 frontier=1 elapsed=105.399s
  D_12 Delta_36 = 181538294946614072772630834755638052920
    depth 25: determinant reverse step 1/37 frontier=23278 elapsed=0.153762s
    depth 25: determinant reverse step 2/37 frontier=80594 elapsed=1.95793s
    depth 25: determinant reverse step 3/37 frontier=154572 elapsed=8.1039s
    depth 25: determinant reverse step 4/37 frontier=227861 elapsed=19.5936s
    depth 25: determinant reverse step 5/37 frontier=289725 elapsed=36.2463s
    depth 25: determinant reverse step 6/37 frontier=336372 elapsed=56.7307s
    depth 25: determinant reverse step 7/37 frontier=366787 elapsed=77.5671s
    depth 25: determinant reverse step 8/37 frontier=379290 elapsed=95.782s
    depth 25: determinant reverse step 9/37 frontier=369293 elapsed=110.113s
    depth 25: determinant reverse step 10/37 frontier=330313 elapsed=121.612s
    depth 25: determinant reverse step 11/37 frontier=264415 elapsed=130.584s
    depth 25: determinant reverse step 12/37 frontier=194930 elapsed=137.102s
    depth 25: determinant reverse step 13/37 frontier=141510 elapsed=141.746s
    depth 25: determinant reverse step 14/37 frontier=102052 elapsed=144.872s
    depth 25: determinant reverse step 15/37 frontier=73088 elapsed=147.041s
    depth 25: determinant reverse step 16/37 frontier=51962 elapsed=148.494s
    depth 25: determinant reverse step 17/37 frontier=36654 elapsed=149.462s
    depth 25: determinant reverse step 18/37 frontier=25642 elapsed=150.088s
    depth 25: determinant reverse step 19/37 frontier=17782 elapsed=150.51s
    depth 25: determinant reverse step 20/37 frontier=12213 elapsed=150.776s
    depth 25: determinant reverse step 21/37 frontier=8304 elapsed=150.939s
    depth 25: determinant reverse step 22/37 frontier=5585 elapsed=151.041s
    depth 25: determinant reverse step 23/37 frontier=3711 elapsed=151.103s
    depth 25: determinant reverse step 24/37 frontier=2434 elapsed=151.141s
    depth 25: determinant reverse step 25/37 frontier=1575 elapsed=151.162s
    depth 25: determinant reverse step 26/37 frontier=1002 elapsed=151.175s
    depth 25: determinant reverse step 27/37 frontier=627 elapsed=151.182s
    depth 25: determinant reverse step 28/37 frontier=385 elapsed=151.185s
    depth 25: determinant reverse step 29/37 frontier=231 elapsed=151.187s
    depth 25: determinant reverse step 30/37 frontier=135 elapsed=151.188s
    depth 25: determinant reverse step 31/37 frontier=77 elapsed=151.189s
    depth 25: determinant reverse step 32/37 frontier=42 elapsed=151.189s
    depth 25: determinant reverse step 33/37 frontier=22 elapsed=151.189s
    depth 25: determinant reverse step 34/37 frontier=11 elapsed=151.189s
    depth 25: determinant reverse step 35/37 frontier=5 elapsed=151.189s
    depth 25: determinant reverse step 36/37 frontier=2 elapsed=151.189s
    depth 25: determinant reverse step 37/37 frontier=1 elapsed=151.189s
  D_12 Delta_37 = 8248955034448606163189690693360078427060
    depth 26: determinant reverse step 1/38 frontier=29820 elapsed=0.19127s
    depth 26: determinant reverse step 2/38 frontier=105235 elapsed=2.51172s
    depth 26: determinant reverse step 3/38 frontier=204934 elapsed=10.6006s
    depth 26: determinant reverse step 4/38 frontier=305455 elapsed=25.9411s
    depth 26: determinant reverse step 5/38 frontier=391480 elapsed=48.8127s
    depth 26: determinant reverse step 6/38 frontier=457009 elapsed=77.5019s
    depth 26: determinant reverse step 7/38 frontier=499991 elapsed=107.334s
    depth 26: determinant reverse step 8/38 frontier=517670 elapsed=134.141s
    depth 26: determinant reverse step 9/38 frontier=503630 elapsed=154.604s
    depth 26: determinant reverse step 10/38 frontier=449675 elapsed=170.784s
    depth 26: determinant reverse step 11/38 frontier=360133 elapsed=183.379s
    depth 26: determinant reverse step 12/38 frontier=266849 elapsed=192.779s
    depth 26: determinant reverse step 13/38 frontier=194930 elapsed=199.471s
    depth 26: determinant reverse step 14/38 frontier=141510 elapsed=204.062s
    depth 26: determinant reverse step 15/38 frontier=102052 elapsed=207.201s
    depth 26: determinant reverse step 16/38 frontier=73088 elapsed=209.339s
    depth 26: determinant reverse step 17/38 frontier=51962 elapsed=210.8s
    depth 26: determinant reverse step 18/38 frontier=36654 elapsed=211.761s
    depth 26: determinant reverse step 19/38 frontier=25642 elapsed=212.401s
    depth 26: determinant reverse step 20/38 frontier=17782 elapsed=212.822s
    depth 26: determinant reverse step 21/38 frontier=12213 elapsed=213.085s
    depth 26: determinant reverse step 22/38 frontier=8304 elapsed=213.251s
    depth 26: determinant reverse step 23/38 frontier=5585 elapsed=213.353s
    depth 26: determinant reverse step 24/38 frontier=3711 elapsed=213.415s
    depth 26: determinant reverse step 25/38 frontier=2434 elapsed=213.452s
    depth 26: determinant reverse step 26/38 frontier=1575 elapsed=213.474s
    depth 26: determinant reverse step 27/38 frontier=1002 elapsed=213.486s
    depth 26: determinant reverse step 28/38 frontier=627 elapsed=213.493s
    depth 26: determinant reverse step 29/38 frontier=385 elapsed=213.497s
    depth 26: determinant reverse step 30/38 frontier=231 elapsed=213.499s
    depth 26: determinant reverse step 31/38 frontier=135 elapsed=213.5s
    depth 26: determinant reverse step 32/38 frontier=77 elapsed=213.5s
    depth 26: determinant reverse step 33/38 frontier=42 elapsed=213.501s
    depth 26: determinant reverse step 34/38 frontier=22 elapsed=213.501s
    depth 26: determinant reverse step 35/38 frontier=11 elapsed=213.501s
    depth 26: determinant reverse step 36/38 frontier=5 elapsed=213.501s
    depth 26: determinant reverse step 37/38 frontier=2 elapsed=213.501s
    depth 26: determinant reverse step 38/38 frontier=1 elapsed=213.501s
  D_12 Delta_38 = 381640923670526409412712341797725262245320
    depth 27: determinant reverse step 1/39 frontier=37994 elapsed=0.237215s
    depth 27: determinant reverse step 2/39 frontier=136689 elapsed=3.22168s
    depth 27: determinant reverse step 3/39 frontier=270213 elapsed=13.7482s
    depth 27: determinant reverse step 4/39 frontier=407138 elapsed=34.0859s
    depth 27: determinant reverse step 5/39 frontier=525869 elapsed=64.4974s
    depth 27: determinant reverse step 6/39 frontier=617192 elapsed=102.572s
    depth 27: determinant reverse step 7/39 frontier=677423 elapsed=144.149s
    depth 27: determinant reverse step 8/39 frontier=702195 elapsed=180.607s
    depth 27: determinant reverse step 9/39 frontier=682648 elapsed=208s
    depth 27: determinant reverse step 10/39 frontier=608542 elapsed=230.624s
    depth 27: determinant reverse step 11/39 frontier=487669 elapsed=248.39s
    depth 27: determinant reverse step 12/39 frontier=363139 elapsed=261.448s
    depth 27: determinant reverse step 13/39 frontier=266849 elapsed=270.695s
    depth 27: determinant reverse step 14/39 frontier=194930 elapsed=277.221s
    depth 27: determinant reverse step 15/39 frontier=141510 elapsed=281.747s
    depth 27: determinant reverse step 16/39 frontier=102052 elapsed=284.908s
    depth 27: determinant reverse step 17/39 frontier=73088 elapsed=287.039s
    depth 27: determinant reverse step 18/39 frontier=51962 elapsed=288.466s
    depth 27: determinant reverse step 19/39 frontier=36654 elapsed=289.428s
    depth 27: determinant reverse step 20/39 frontier=25642 elapsed=290.055s
    depth 27: determinant reverse step 21/39 frontier=17782 elapsed=290.462s
    depth 27: determinant reverse step 22/39 frontier=12213 elapsed=290.718s
    depth 27: determinant reverse step 23/39 frontier=8304 elapsed=290.893s
    depth 27: determinant reverse step 24/39 frontier=5585 elapsed=290.995s
    depth 27: determinant reverse step 25/39 frontier=3711 elapsed=291.059s
    depth 27: determinant reverse step 26/39 frontier=2434 elapsed=291.095s
    depth 27: determinant reverse step 27/39 frontier=1575 elapsed=291.117s
    depth 27: determinant reverse step 28/39 frontier=1002 elapsed=291.129s
    depth 27: determinant reverse step 29/39 frontier=627 elapsed=291.136s
    depth 27: determinant reverse step 30/39 frontier=385 elapsed=291.14s
    depth 27: determinant reverse step 31/39 frontier=231 elapsed=291.141s
    depth 27: determinant reverse step 32/39 frontier=135 elapsed=291.142s
    depth 27: determinant reverse step 33/39 frontier=77 elapsed=291.143s
    depth 27: determinant reverse step 34/39 frontier=42 elapsed=291.143s
    depth 27: determinant reverse step 35/39 frontier=22 elapsed=291.143s
    depth 27: determinant reverse step 36/39 frontier=11 elapsed=291.143s
    depth 27: determinant reverse step 37/39 frontier=5 elapsed=291.143s
    depth 27: determinant reverse step 38/39 frontier=2 elapsed=291.143s
    depth 27: determinant reverse step 39/39 frontier=1 elapsed=291.143s
  D_12 Delta_39 = 17973933048489750423998430384072617204020044
    depth 28: determinant reverse step 1/40 frontier=48235 elapsed=0.292457s
    depth 28: determinant reverse step 2/40 frontier=176732 elapsed=4.05732s
    depth 28: determinant reverse step 3/40 frontier=354500 elapsed=17.6307s
    depth 28: determinant reverse step 4/40 frontier=539816 elapsed=44.6637s
    depth 28: determinant reverse step 5/40 frontier=702543 elapsed=84.6888s
    depth 28: determinant reverse step 6/40 frontier=828856 elapsed=134.324s
    depth 28: determinant reverse step 7/40 frontier=912597 elapsed=189.512s
    depth 28: determinant reverse step 8/40 frontier=947026 elapsed=236.441s
    depth 28: determinant reverse step 9/40 frontier=920006 elapsed=274.241s
    depth 28: determinant reverse step 10/40 frontier=818952 elapsed=305.431s
    depth 28: determinant reverse step 11/40 frontier=656777 elapsed=329.902s
    depth 28: determinant reverse step 12/40 frontier=491380 elapsed=348.174s
    depth 28: determinant reverse step 13/40 frontier=363139 elapsed=361.298s
    depth 28: determinant reverse step 14/40 frontier=266849 elapsed=370.532s
    depth 28: determinant reverse step 15/40 frontier=194930 elapsed=377.147s
    depth 28: determinant reverse step 16/40 frontier=141510 elapsed=381.716s
    depth 28: determinant reverse step 17/40 frontier=102052 elapsed=384.937s
    depth 28: determinant reverse step 18/40 frontier=73088 elapsed=387.052s
    depth 28: determinant reverse step 19/40 frontier=51962 elapsed=388.495s
    depth 28: determinant reverse step 20/40 frontier=36654 elapsed=389.491s
    depth 28: determinant reverse step 21/40 frontier=25642 elapsed=390.146s
    depth 28: determinant reverse step 22/40 frontier=17782 elapsed=390.556s
    depth 28: determinant reverse step 23/40 frontier=12213 elapsed=390.822s
    depth 28: determinant reverse step 24/40 frontier=8304 elapsed=390.997s
    depth 28: determinant reverse step 25/40 frontier=5585 elapsed=391.103s
    depth 28: determinant reverse step 26/40 frontier=3711 elapsed=391.166s
    depth 28: determinant reverse step 27/40 frontier=2434 elapsed=391.204s
    depth 28: determinant reverse step 28/40 frontier=1575 elapsed=391.226s
    depth 28: determinant reverse step 29/40 frontier=1002 elapsed=391.238s
    depth 28: determinant reverse step 30/40 frontier=627 elapsed=391.245s
    depth 28: determinant reverse step 31/40 frontier=385 elapsed=391.249s
    depth 28: determinant reverse step 32/40 frontier=231 elapsed=391.251s
    depth 28: determinant reverse step 33/40 frontier=135 elapsed=391.252s
    depth 28: determinant reverse step 34/40 frontier=77 elapsed=391.253s
    depth 28: determinant reverse step 35/40 frontier=42 elapsed=391.253s
    depth 28: determinant reverse step 36/40 frontier=22 elapsed=391.253s
    depth 28: determinant reverse step 37/40 frontier=11 elapsed=391.253s
    depth 28: determinant reverse step 38/40 frontier=5 elapsed=391.253s
    depth 28: determinant reverse step 39/40 frontier=2 elapsed=391.253s
    depth 28: determinant reverse step 40/40 frontier=1 elapsed=391.253s
  D_12 Delta_40 = 861522715339774454521630221239532366891190812
    depth 29: determinant reverse step 1/41 frontier=60944 elapsed=0.362951s
    depth 29: determinant reverse step 2/41 frontier=227430 elapsed=5.15718s
    depth 29: determinant reverse step 3/41 frontier=462778 elapsed=22.6173s
    depth 29: determinant reverse step 4/41 frontier=712046 elapsed=57.8105s
    depth 29: determinant reverse step 5/41 frontier=933610 elapsed=113.226s
    depth 29: determinant reverse step 6/41 frontier=1107091 elapsed=181.572s
    depth 29: determinant reverse step 7/41 frontier=1222650 elapsed=259.417s
    depth 29: determinant reverse step 8/41 frontier=1270143 elapsed=323.504s
    depth 29: determinant reverse step 9/41 frontier=1233072 elapsed=375.313s
    depth 29: determinant reverse step 10/41 frontier=1096195 elapsed=419.036s
    depth 29: determinant reverse step 11/41 frontier=879896 elapsed=453.308s
    depth 29: determinant reverse step 12/41 frontier=661330 elapsed=478.792s
    depth 29: determinant reverse step 13/41 frontier=491380 elapsed=497.106s
    depth 29: determinant reverse step 14/41 frontier=363139 elapsed=510.338s
    depth 29: determinant reverse step 15/41 frontier=266849 elapsed=519.56s
    depth 29: determinant reverse step 16/41 frontier=194930 elapsed=526.019s
    depth 29: determinant reverse step 17/41 frontier=141510 elapsed=530.567s
    depth 29: determinant reverse step 18/41 frontier=102052 elapsed=533.718s
    depth 29: determinant reverse step 19/41 frontier=73088 elapsed=535.884s
    depth 29: determinant reverse step 20/41 frontier=51962 elapsed=537.326s
    depth 29: determinant reverse step 21/41 frontier=36654 elapsed=538.3s
    depth 29: determinant reverse step 22/41 frontier=25642 elapsed=538.954s
    depth 29: determinant reverse step 23/41 frontier=17782 elapsed=539.373s
    depth 29: determinant reverse step 24/41 frontier=12213 elapsed=539.637s
    depth 29: determinant reverse step 25/41 frontier=8304 elapsed=539.805s
    depth 29: determinant reverse step 26/41 frontier=5585 elapsed=539.91s
    depth 29: determinant reverse step 27/41 frontier=3711 elapsed=539.986s
    depth 29: determinant reverse step 28/41 frontier=2434 elapsed=540.025s
    depth 29: determinant reverse step 29/41 frontier=1575 elapsed=540.048s
    depth 29: determinant reverse step 30/41 frontier=1002 elapsed=540.061s
    depth 29: determinant reverse step 31/41 frontier=627 elapsed=540.068s
    depth 29: determinant reverse step 32/41 frontier=385 elapsed=540.072s
    depth 29: determinant reverse step 33/41 frontier=231 elapsed=540.074s
    depth 29: determinant reverse step 34/41 frontier=135 elapsed=540.075s
    depth 29: determinant reverse step 35/41 frontier=77 elapsed=540.075s
    depth 29: determinant reverse step 36/41 frontier=42 elapsed=540.075s
    depth 29: determinant reverse step 37/41 frontier=22 elapsed=540.076s
    depth 29: determinant reverse step 38/41 frontier=11 elapsed=540.076s
    depth 29: determinant reverse step 39/41 frontier=5 elapsed=540.076s
    depth 29: determinant reverse step 40/41 frontier=2 elapsed=540.076s
    depth 29: determinant reverse step 41/41 frontier=1 elapsed=540.076s
  D_12 Delta_41 = 42017144251805145111612256412436259494632626240
    depth 30: determinant reverse step 1/42 frontier=76744 elapsed=0.451772s
    depth 30: determinant reverse step 2/42 frontier=291449 elapsed=6.52104s
    depth 30: determinant reverse step 3/42 frontier=601382 elapsed=29.2378s
    depth 30: determinant reverse step 4/42 frontier=934737 elapsed=75.411s
    depth 30: determinant reverse step 5/42 frontier=1234528 elapsed=147.335s
    depth 30: determinant reverse step 6/42 frontier=1471218 elapsed=238.28s
    depth 30: determinant reverse step 7/42 frontier=1629573 elapsed=340.419s
    depth 30: determinant reverse step 8/42 frontier=1694609 elapsed=428.624s
    depth 30: determinant reverse step 9/42 frontier=1644095 elapsed=500.672s
    depth 30: determinant reverse step 10/42 frontier=1459866 elapsed=560.693s
    depth 30: determinant reverse step 11/42 frontier=1172939 elapsed=608.227s
    depth 30: determinant reverse step 12/42 frontier=885481 elapsed=643.696s
    depth 30: determinant reverse step 13/42 frontier=661330 elapsed=669.31s
    depth 30: determinant reverse step 14/42 frontier=491380 elapsed=687.87s
    depth 30: determinant reverse step 15/42 frontier=363139 elapsed=701.121s
    depth 30: determinant reverse step 16/42 frontier=266849 elapsed=710.478s
    depth 30: determinant reverse step 17/42 frontier=194930 elapsed=716.983s
    depth 30: determinant reverse step 18/42 frontier=141510 elapsed=721.518s
    depth 30: determinant reverse step 19/42 frontier=102052 elapsed=724.648s
    depth 30: determinant reverse step 20/42 frontier=73088 elapsed=726.793s
    depth 30: determinant reverse step 21/42 frontier=51962 elapsed=728.23s
    depth 30: determinant reverse step 22/42 frontier=36654 elapsed=729.186s
    depth 30: determinant reverse step 23/42 frontier=25642 elapsed=729.827s
    depth 30: determinant reverse step 24/42 frontier=17782 elapsed=730.245s
    depth 30: determinant reverse step 25/42 frontier=12213 elapsed=730.517s
    depth 30: determinant reverse step 26/42 frontier=8304 elapsed=730.683s
    depth 30: determinant reverse step 27/42 frontier=5585 elapsed=730.786s
    depth 30: determinant reverse step 28/42 frontier=3711 elapsed=730.849s
    depth 30: determinant reverse step 29/42 frontier=2434 elapsed=730.887s
    depth 30: determinant reverse step 30/42 frontier=1575 elapsed=730.908s
    depth 30: determinant reverse step 31/42 frontier=1002 elapsed=730.921s
    depth 30: determinant reverse step 32/42 frontier=627 elapsed=730.928s
    depth 30: determinant reverse step 33/42 frontier=385 elapsed=730.932s
    depth 30: determinant reverse step 34/42 frontier=231 elapsed=730.934s
    depth 30: determinant reverse step 35/42 frontier=135 elapsed=730.935s
    depth 30: determinant reverse step 36/42 frontier=77 elapsed=730.935s
    depth 30: determinant reverse step 37/42 frontier=42 elapsed=730.935s
    depth 30: determinant reverse step 38/42 frontier=22 elapsed=730.935s
    depth 30: determinant reverse step 39/42 frontier=11 elapsed=730.935s
    depth 30: determinant reverse step 40/42 frontier=5 elapsed=730.935s
    depth 30: determinant reverse step 41/42 frontier=2 elapsed=730.935s
    depth 30: determinant reverse step 42/42 frontier=1 elapsed=730.935s
  D_12 Delta_42 = 2084594847929619039599324868193470518814415528689
    depth 31: determinant reverse step 1/43 frontier=96228 elapsed=0.56245s
    depth 31: determinant reverse step 2/43 frontier=371897 elapsed=8.16427s
    depth 31: determinant reverse step 3/43 frontier=777984 elapsed=37.1359s
    depth 31: determinant reverse step 4/43 frontier=1221346 elapsed=97.1267s
    depth 31: determinant reverse step 5/43 frontier=1624592 elapsed=190.646s
    depth 31: determinant reverse step 6/43 frontier=1945488 elapsed=310.874s
    depth 31: determinant reverse step 7/43 frontier=2161073 elapsed=450.547s
    depth 31: determinant reverse step 8/43 frontier=2249537 elapsed=567.981s
    depth 31: determinant reverse step 9/43 frontier=2181144 elapsed=665.923s
    depth 31: determinant reverse step 10/43 frontier=1934695 elapsed=747.533s
    depth 31: determinant reverse step 11/43 frontier=1556094 elapsed=812.5s
    depth 31: determinant reverse step 12/43 frontier=1179751 elapsed=861.084s
    depth 31: determinant reverse step 13/43 frontier=885481 elapsed=896.776s
    depth 31: determinant reverse step 14/43 frontier=661330 elapsed=922.621s
    depth 31: determinant reverse step 15/43 frontier=491380 elapsed=941.359s
    depth 31: determinant reverse step 16/43 frontier=363139 elapsed=954.572s
    depth 31: determinant reverse step 17/43 frontier=266849 elapsed=964.022s
    depth 31: determinant reverse step 18/43 frontier=194930 elapsed=970.646s
    depth 31: determinant reverse step 19/43 frontier=141510 elapsed=975.249s
    depth 31: determinant reverse step 20/43 frontier=102052 elapsed=978.419s
    depth 31: determinant reverse step 21/43 frontier=73088 elapsed=980.601s
    depth 31: determinant reverse step 22/43 frontier=51962 elapsed=982.066s
    depth 31: determinant reverse step 23/43 frontier=36654 elapsed=983.068s
    depth 31: determinant reverse step 24/43 frontier=25642 elapsed=983.729s
    depth 31: determinant reverse step 25/43 frontier=17782 elapsed=984.159s
    depth 31: determinant reverse step 26/43 frontier=12213 elapsed=984.435s
    depth 31: determinant reverse step 27/43 frontier=8304 elapsed=984.614s
    depth 31: determinant reverse step 28/43 frontier=5585 elapsed=984.721s
    depth 31: determinant reverse step 29/43 frontier=3711 elapsed=984.787s
    depth 31: determinant reverse step 30/43 frontier=2434 elapsed=984.825s
    depth 31: determinant reverse step 31/43 frontier=1575 elapsed=984.848s
    depth 31: determinant reverse step 32/43 frontier=1002 elapsed=984.86s
    depth 31: determinant reverse step 33/43 frontier=627 elapsed=984.867s
    depth 31: determinant reverse step 34/43 frontier=385 elapsed=984.871s
    depth 31: determinant reverse step 35/43 frontier=231 elapsed=984.873s
    depth 31: determinant reverse step 36/43 frontier=135 elapsed=984.874s
    depth 31: determinant reverse step 37/43 frontier=77 elapsed=984.875s
    depth 31: determinant reverse step 38/43 frontier=42 elapsed=984.875s
    depth 31: determinant reverse step 39/43 frontier=22 elapsed=984.875s
    depth 31: determinant reverse step 40/43 frontier=11 elapsed=984.875s
    depth 31: determinant reverse step 41/43 frontier=5 elapsed=984.875s
    depth 31: determinant reverse step 42/43 frontier=2 elapsed=984.875s
    depth 31: determinant reverse step 43/43 frontier=1 elapsed=984.875s
  D_12 Delta_43 = 105184164451438366982860650514617391964768142194184
    depth 32: determinant reverse step 1/44 frontier=120280 elapsed=0.69009s
    depth 32: determinant reverse step 2/44 frontier=472731 elapsed=10.3593s
    depth 32: determinant reverse step 3/44 frontier=1002256 elapsed=47.3514s
    depth 32: determinant reverse step 4/44 frontier=1588846 elapsed=125.447s
    depth 32: determinant reverse step 5/44 frontier=2128219 elapsed=253.004s
    depth 32: determinant reverse step 6/44 frontier=2560698 elapsed=420.108s
    depth 32: determinant reverse step 7/44 frontier=2852361 elapsed=607.766s
    depth 32: determinant reverse step 8/44 frontier=2971935 elapsed=768.484s
    depth 32: determinant reverse step 9/44 frontier=2879896 elapsed=900.924s
    depth 32: determinant reverse step 10/44 frontier=2552062 elapsed=1011.82s
    depth 32: determinant reverse step 11/44 frontier=2054975 elapsed=1100.1s
    depth 32: determinant reverse step 12/44 frontier=1564398 elapsed=1167s
    depth 32: determinant reverse step 13/44 frontier=1179751 elapsed=1216.32s
    depth 32: determinant reverse step 14/44 frontier=885481 elapsed=1252.14s
    depth 32: determinant reverse step 15/44 frontier=661330 elapsed=1278.11s
    depth 32: determinant reverse step 16/44 frontier=491380 elapsed=1296.56s
    depth 32: determinant reverse step 17/44 frontier=363139 elapsed=1309.78s
    depth 32: determinant reverse step 18/44 frontier=266849 elapsed=1319.12s
    depth 32: determinant reverse step 19/44 frontier=194930 elapsed=1325.66s
    depth 32: determinant reverse step 20/44 frontier=141510 elapsed=1330.29s
    depth 32: determinant reverse step 21/44 frontier=102052 elapsed=1333.44s
    depth 32: determinant reverse step 22/44 frontier=73088 elapsed=1335.61s
    depth 32: determinant reverse step 23/44 frontier=51962 elapsed=1337.08s
    depth 32: determinant reverse step 24/44 frontier=36654 elapsed=1338.07s
    depth 32: determinant reverse step 25/44 frontier=25642 elapsed=1338.72s
    depth 32: determinant reverse step 26/44 frontier=17782 elapsed=1339.14s
    depth 32: determinant reverse step 27/44 frontier=12213 elapsed=1339.42s
    depth 32: determinant reverse step 28/44 frontier=8304 elapsed=1339.6s
    depth 32: determinant reverse step 29/44 frontier=5585 elapsed=1339.71s
    depth 32: determinant reverse step 30/44 frontier=3711 elapsed=1339.77s
    depth 32: determinant reverse step 31/44 frontier=2434 elapsed=1339.82s
    depth 32: determinant reverse step 32/44 frontier=1575 elapsed=1339.84s
    depth 32: determinant reverse step 33/44 frontier=1002 elapsed=1339.86s
    depth 32: determinant reverse step 34/44 frontier=627 elapsed=1339.86s
    depth 32: determinant reverse step 35/44 frontier=385 elapsed=1339.87s
    depth 32: determinant reverse step 36/44 frontier=231 elapsed=1339.87s
    depth 32: determinant reverse step 37/44 frontier=135 elapsed=1339.87s
    depth 32: determinant reverse step 38/44 frontier=77 elapsed=1339.87s
    depth 32: determinant reverse step 39/44 frontier=42 elapsed=1339.87s
    depth 32: determinant reverse step 40/44 frontier=22 elapsed=1339.87s
    depth 32: determinant reverse step 41/44 frontier=11 elapsed=1339.87s
    depth 32: determinant reverse step 42/44 frontier=5 elapsed=1339.87s
    depth 32: determinant reverse step 43/44 frontier=2 elapsed=1339.87s
    depth 32: determinant reverse step 44/44 frontier=1 elapsed=1339.87s
  D_12 Delta_44 = 5396479694429022110513151401352778680933663624497273
    depth 33: determinant reverse step 1/45 frontier=149768 elapsed=0.846262s
    depth 33: determinant reverse step 2/45 frontier=598571 elapsed=12.8309s
    depth 33: determinant reverse step 3/45 frontier=1285889 elapsed=59.7261s
    depth 33: determinant reverse step 4/45 frontier=2058109 elapsed=159.391s
    depth 33: determinant reverse step 5/45 frontier=2775716 elapsed=319.493s
    depth 33: determinant reverse step 6/45 frontier=3355297 elapsed=535.345s
    depth 33: determinant reverse step 7/45 frontier=3747568 elapsed=782.844s
    depth 33: determinant reverse step 8/45 frontier=3908214 elapsed=997.1s
    depth 33: determinant reverse step 9/45 frontier=3785093 elapsed=1177.45s
    depth 33: determinant reverse step 10/45 frontier=3351375 elapsed=1328.41s
    depth 33: determinant reverse step 11/45 frontier=2701830 elapsed=1449.9s
    depth 33: determinant reverse step 12/45 frontier=2065051 elapsed=1541.18s
    depth 33: determinant reverse step 13/45 frontier=1564398 elapsed=1608.21s
    depth 33: determinant reverse step 14/45 frontier=1179751 elapsed=1657.57s
    depth 33: determinant reverse step 15/45 frontier=885481 elapsed=1693.55s
    depth 33: determinant reverse step 16/45 frontier=661330 elapsed=1719.73s
    depth 33: determinant reverse step 17/45 frontier=491380 elapsed=1738.45s
    depth 33: determinant reverse step 18/45 frontier=363139 elapsed=1751.93s
    depth 33: determinant reverse step 19/45 frontier=266849 elapsed=1761.39s
    depth 33: determinant reverse step 20/45 frontier=194930 elapsed=1768.03s
    depth 33: determinant reverse step 21/45 frontier=141510 elapsed=1772.66s
    depth 33: determinant reverse step 22/45 frontier=102052 elapsed=1775.86s
    depth 33: determinant reverse step 23/45 frontier=73088 elapsed=1778.04s
    depth 33: determinant reverse step 24/45 frontier=51962 elapsed=1779.5s
    depth 33: determinant reverse step 25/45 frontier=36654 elapsed=1780.48s
    depth 33: determinant reverse step 26/45 frontier=25642 elapsed=1781.14s
    depth 33: determinant reverse step 27/45 frontier=17782 elapsed=1781.56s
    depth 33: determinant reverse step 28/45 frontier=12213 elapsed=1781.82s
    depth 33: determinant reverse step 29/45 frontier=8304 elapsed=1781.99s
    depth 33: determinant reverse step 30/45 frontier=5585 elapsed=1782.1s
    depth 33: determinant reverse step 31/45 frontier=3711 elapsed=1782.17s
    depth 33: determinant reverse step 32/45 frontier=2434 elapsed=1782.2s
    depth 33: determinant reverse step 33/45 frontier=1575 elapsed=1782.23s
    depth 33: determinant reverse step 34/45 frontier=1002 elapsed=1782.24s
    depth 33: determinant reverse step 35/45 frontier=627 elapsed=1782.25s
    depth 33: determinant reverse step 36/45 frontier=385 elapsed=1782.25s
    depth 33: determinant reverse step 37/45 frontier=231 elapsed=1782.25s
    depth 33: determinant reverse step 38/45 frontier=135 elapsed=1782.25s
    depth 33: determinant reverse step 39/45 frontier=77 elapsed=1782.25s
    depth 33: determinant reverse step 40/45 frontier=42 elapsed=1782.25s
    depth 33: determinant reverse step 41/45 frontier=22 elapsed=1782.25s
    depth 33: determinant reverse step 42/45 frontier=11 elapsed=1782.25s
    depth 33: determinant reverse step 43/45 frontier=5 elapsed=1782.25s
    depth 33: determinant reverse step 44/45 frontier=2 elapsed=1782.25s
    depth 33: determinant reverse step 45/45 frontier=1 elapsed=1782.25s
  D_12 Delta_45 = 281449350598710153279218345556048374736031768922619948
    depth 34: determinant reverse step 1/46 frontier=185935 elapsed=1.00697s
    depth 34: determinant reverse step 2/46 frontier=755226 elapsed=15.9211s
    depth 34: determinant reverse step 3/46 frontier=1643455 elapsed=75.5159s
    depth 34: determinant reverse step 4/46 frontier=2655237 elapsed=204.141s
    depth 34: determinant reverse step 5/46 frontier=3605130 elapsed=414.091s
    depth 34: determinant reverse step 6/46 frontier=4377675 elapsed=703.257s
    depth 34: determinant reverse step 7/46 frontier=4902318 elapsed=1036.74s
    depth 34: determinant reverse step 8/46 frontier=5116916 elapsed=1328.23s
    depth 34: determinant reverse step 9/46 frontier=4953098 elapsed=1572.5s
    depth 34: determinant reverse step 10/46 frontier=4382247 elapsed=1780.02s
    depth 34: determinant reverse step 11/46 frontier=3537310 elapsed=1943.26s
    depth 34: determinant reverse step 12/46 frontier=2714043 elapsed=2067.84s
    depth 34: determinant reverse step 13/46 frontier=2065051 elapsed=2159.11s
    depth 34: determinant reverse step 14/46 frontier=1564398 elapsed=2227.09s
    depth 34: determinant reverse step 15/46 frontier=1179751 elapsed=2276.75s
    depth 34: determinant reverse step 16/46 frontier=885481 elapsed=2313.3s
    depth 34: determinant reverse step 17/46 frontier=661330 elapsed=2339.66s
    depth 34: determinant reverse step 18/46 frontier=491380 elapsed=2358.34s
    depth 34: determinant reverse step 19/46 frontier=363139 elapsed=2371.51s
    depth 34: determinant reverse step 20/46 frontier=266849 elapsed=2380.89s
    depth 34: determinant reverse step 21/46 frontier=194930 elapsed=2387.47s
    depth 34: determinant reverse step 22/46 frontier=141510 elapsed=2392.07s
    depth 34: determinant reverse step 23/46 frontier=102052 elapsed=2395.23s
    depth 34: determinant reverse step 24/46 frontier=73088 elapsed=2397.38s
    depth 34: determinant reverse step 25/46 frontier=51962 elapsed=2398.85s
    depth 34: determinant reverse step 26/46 frontier=36654 elapsed=2399.83s
    depth 34: determinant reverse step 27/46 frontier=25642 elapsed=2400.49s
    depth 34: determinant reverse step 28/46 frontier=17782 elapsed=2400.91s
    depth 34: determinant reverse step 29/46 frontier=12213 elapsed=2401.17s
    depth 34: determinant reverse step 30/46 frontier=8304 elapsed=2401.34s
    depth 34: determinant reverse step 31/46 frontier=5585 elapsed=2401.45s
    depth 34: determinant reverse step 32/46 frontier=3711 elapsed=2401.52s
    depth 34: determinant reverse step 33/46 frontier=2434 elapsed=2401.55s
    depth 34: determinant reverse step 34/46 frontier=1575 elapsed=2401.58s
    depth 34: determinant reverse step 35/46 frontier=1002 elapsed=2401.59s
    depth 34: determinant reverse step 36/46 frontier=627 elapsed=2401.59s
    depth 34: determinant reverse step 37/46 frontier=385 elapsed=2401.6s
    depth 34: determinant reverse step 38/46 frontier=231 elapsed=2401.6s
    depth 34: determinant reverse step 39/46 frontier=135 elapsed=2401.6s
    depth 34: determinant reverse step 40/46 frontier=77 elapsed=2401.6s
    depth 34: determinant reverse step 41/46 frontier=42 elapsed=2401.6s
    depth 34: determinant reverse step 42/46 frontier=22 elapsed=2401.6s
    depth 34: determinant reverse step 43/46 frontier=11 elapsed=2401.6s
    depth 34: determinant reverse step 44/46 frontier=5 elapsed=2401.6s
    depth 34: determinant reverse step 45/46 frontier=2 elapsed=2401.6s
    depth 34: determinant reverse step 46/46 frontier=1 elapsed=2401.6s
  D_12 Delta_46 = 14918253705164022953151550462683211098516526794147404655
    depth 35: determinant reverse step 1/47 frontier=230034 elapsed=1.21098s
    depth 35: determinant reverse step 2/47 frontier=949488 elapsed=19.5686s
    depth 35: determinant reverse step 3/47 frontier=2092540 elapsed=94.2232s
    depth 35: determinant reverse step 4/47 frontier=3412169 elapsed=258.012s
    depth 35: determinant reverse step 5/47 frontier=4663456 elapsed=532.369s
    depth 35: determinant reverse step 6/47 frontier=5687948 elapsed=913.978s
    depth 35: determinant reverse step 7/47 frontier=6385894 elapsed=1353.9s
    depth 35: determinant reverse step 8/47 frontier=6671032 elapsed=1735.66s
    depth 35: determinant reverse step 9/47 frontier=6454230 elapsed=2061.16s
    depth 35: determinant reverse step 10/47 frontier=5706575 elapsed=2335.21s
    depth 35: determinant reverse step 11/47 frontier=4612281 elapsed=2557.57s
    depth 35: determinant reverse step 12/47 frontier=3552054 elapsed=2728.41s
    depth 35: determinant reverse step 13/47 frontier=2714043 elapsed=2855.94s
    depth 35: determinant reverse step 14/47 frontier=2065051 elapsed=2949.47s
    depth 35: determinant reverse step 15/47 frontier=1564398 elapsed=3018.88s
    depth 35: determinant reverse step 16/47 frontier=1179751 elapsed=3069.23s
    depth 35: determinant reverse step 17/47 frontier=885481 elapsed=3106.47s
    depth 35: determinant reverse step 18/47 frontier=661330 elapsed=3133.38s
    depth 35: determinant reverse step 19/47 frontier=491380 elapsed=3152.73s
    depth 35: determinant reverse step 20/47 frontier=363139 elapsed=3166.25s
    depth 35: determinant reverse step 21/47 frontier=266849 elapsed=3175.9s
    depth 35: determinant reverse step 22/47 frontier=194930 elapsed=3182.58s
    depth 35: determinant reverse step 23/47 frontier=141510 elapsed=3187.31s
    depth 35: determinant reverse step 24/47 frontier=102052 elapsed=3190.64s
    depth 35: determinant reverse step 25/47 frontier=73088 elapsed=3192.88s
    depth 35: determinant reverse step 26/47 frontier=51962 elapsed=3194.37s
    depth 35: determinant reverse step 27/47 frontier=36654 elapsed=3195.37s
    depth 35: determinant reverse step 28/47 frontier=25642 elapsed=3196.04s
    depth 35: determinant reverse step 29/47 frontier=17782 elapsed=3196.47s
    depth 35: determinant reverse step 30/47 frontier=12213 elapsed=3196.74s
    depth 35: determinant reverse step 31/47 frontier=8304 elapsed=3196.92s
    depth 35: determinant reverse step 32/47 frontier=5585 elapsed=3197.03s
    depth 35: determinant reverse step 33/47 frontier=3711 elapsed=3197.09s
    depth 35: determinant reverse step 34/47 frontier=2434 elapsed=3197.13s
    depth 35: determinant reverse step 35/47 frontier=1575 elapsed=3197.15s
    depth 35: determinant reverse step 36/47 frontier=1002 elapsed=3197.16s
    depth 35: determinant reverse step 37/47 frontier=627 elapsed=3197.17s
    depth 35: determinant reverse step 38/47 frontier=385 elapsed=3197.18s
    depth 35: determinant reverse step 39/47 frontier=231 elapsed=3197.18s
    depth 35: determinant reverse step 40/47 frontier=135 elapsed=3197.18s
    depth 35: determinant reverse step 41/47 frontier=77 elapsed=3197.18s
    depth 35: determinant reverse step 42/47 frontier=42 elapsed=3197.18s
    depth 35: determinant reverse step 43/47 frontier=22 elapsed=3197.18s
    depth 35: determinant reverse step 44/47 frontier=11 elapsed=3197.18s
    depth 35: determinant reverse step 45/47 frontier=5 elapsed=3197.18s
    depth 35: determinant reverse step 46/47 frontier=2 elapsed=3197.18s
    depth 35: determinant reverse step 47/47 frontier=1 elapsed=3197.18s
  D_12 Delta_47 = 803457753079487808875973792450657752067209828890698369402
D_12 negative linear = -1027279216686485683557034583925645149578372465255181308448844276726700070060288; negative quadratic = -738005494176806232930594582682625813497968507924388810004027170773424763840; lower margin = 153888247706187581490422182742979145892210055720312310050927541338775194481930521408
minimum lower margin = D_12: 153888247706187581490422182742979145892210055720312310050927541338775194481930521408
__EXIT_STATUS=0
