m=28 remaining low-row lower certificate
stable Chain diff D(28) = 153889275723409762152911972708157654219985447590746073156624800187079091955425345536
negative linear coefficient indices = [27, 28, 29, 30, 31, 32, 33, 34]
negative quadratic pairs = [(0,59,-8), (1,58,-440), (2,57,-11864), (3,56,-209000), (4,55,-2704688), (5,54,-27410768), (6,53,-226472400), (7,52,-1567971504), (8,51,-9279424440), (9,50,-47648202888), (10,49,-214740051240), (11,48,-857117515800), (12,47,-3051600071520), (13,46,-9745874090400), (14,45,-28042705115040), (15,44,-72935904877920), (16,43,-171847064881800), (17,42,-367200514933560), (18,41,-711478029523800), (19,40,-1247835262978920), (20,39,-1973017012668240), (21,38,-2790596437028400), (22,37,-3478870024659120), (23,36,-3708486380398800), (24,35,-3135356667064440), (25,34,-1557564279767496), (27,34,-1035350614872644), (28,33,-3771634382750346), (29,32,-6199353065899994), (30,31,-7629973004184608)]
begin D_10 lower row
  D_10 Delta_10 = 1
  D_10 Delta_11 = 45
  D_10 Delta_12 = 1540
  D_10 Delta_13 = 46476
  D_10 Delta_14 = 1326403
    depth 5: determinant reverse step 1/15 frontier=28 elapsed=0.000337611s
    depth 5: determinant reverse step 2/15 frontier=55 elapsed=0.00155971s
    depth 5: determinant reverse step 3/15 frontier=67 elapsed=0.00364144s
    depth 5: determinant reverse step 4/15 frontier=72 elapsed=0.00567556s
    depth 5: determinant reverse step 5/15 frontier=74 elapsed=0.00737809s
    depth 5: determinant reverse step 6/15 frontier=74 elapsed=0.00864731s
    depth 5: determinant reverse step 7/15 frontier=74 elapsed=0.00951096s
    depth 5: determinant reverse step 8/15 frontier=73 elapsed=0.0102076s
    depth 5: determinant reverse step 9/15 frontier=66 elapsed=0.0105604s
    depth 5: determinant reverse step 10/15 frontier=42 elapsed=0.01078s
    depth 5: determinant reverse step 11/15 frontier=22 elapsed=0.0108723s
    depth 5: determinant reverse step 12/15 frontier=11 elapsed=0.0109016s
    depth 5: determinant reverse step 13/15 frontier=5 elapsed=0.0109108s
    depth 5: determinant reverse step 14/15 frontier=2 elapsed=0.0109155s
    depth 5: determinant reverse step 15/15 frontier=1 elapsed=0.0109171s
  D_10 Delta_15 = 36946924
    depth 6: determinant reverse step 1/16 frontier=47 elapsed=0.000550768s
    depth 6: determinant reverse step 2/16 frontier=95 elapsed=0.00259596s
    depth 6: determinant reverse step 3/16 frontier=120 elapsed=0.00619729s
    depth 6: determinant reverse step 4/16 frontier=132 elapsed=0.00995248s
    depth 6: determinant reverse step 5/16 frontier=137 elapsed=0.0132294s
    depth 6: determinant reverse step 6/16 frontier=139 elapsed=0.0159511s
    depth 6: determinant reverse step 7/16 frontier=139 elapsed=0.0185173s
    depth 6: determinant reverse step 8/16 frontier=136 elapsed=0.0197784s
    depth 6: determinant reverse step 9/16 frontier=120 elapsed=0.0205726s
    depth 6: determinant reverse step 10/16 frontier=77 elapsed=0.0210202s
    depth 6: determinant reverse step 11/16 frontier=42 elapsed=0.0212293s
    depth 6: determinant reverse step 12/16 frontier=22 elapsed=0.0213187s
    depth 6: determinant reverse step 13/16 frontier=11 elapsed=0.0213528s
    depth 6: determinant reverse step 14/16 frontier=5 elapsed=0.0213721s
    depth 6: determinant reverse step 15/16 frontier=2 elapsed=0.021377s
    depth 6: determinant reverse step 16/16 frontier=1 elapsed=0.021379s
  D_10 Delta_16 = 1022593755
    depth 7: determinant reverse step 1/17 frontier=73 elapsed=0.000807077s
    depth 7: determinant reverse step 2/17 frontier=156 elapsed=0.00426066s
    depth 7: determinant reverse step 3/17 frontier=204 elapsed=0.0117682s
    depth 7: determinant reverse step 4/17 frontier=230 elapsed=0.0183267s
    depth 7: determinant reverse step 5/17 frontier=242 elapsed=0.0243129s
    depth 7: determinant reverse step 6/17 frontier=247 elapsed=0.0290869s
    depth 7: determinant reverse step 7/17 frontier=248 elapsed=0.0326669s
    depth 7: determinant reverse step 8/17 frontier=241 elapsed=0.0353908s
    depth 7: determinant reverse step 9/17 frontier=209 elapsed=0.0370544s
    depth 7: determinant reverse step 10/17 frontier=135 elapsed=0.0380224s
    depth 7: determinant reverse step 11/17 frontier=77 elapsed=0.0384992s
    depth 7: determinant reverse step 12/17 frontier=42 elapsed=0.038731s
    depth 7: determinant reverse step 13/17 frontier=22 elapsed=0.0388347s
    depth 7: determinant reverse step 14/17 frontier=11 elapsed=0.0388706s
    depth 7: determinant reverse step 15/17 frontier=5 elapsed=0.0388829s
    depth 7: determinant reverse step 16/17 frontier=2 elapsed=0.0388891s
    depth 7: determinant reverse step 17/17 frontier=1 elapsed=0.0388912s
  D_10 Delta_17 = 28423850656
    depth 8: determinant reverse step 1/18 frontier=114 elapsed=0.00116575s
    depth 8: determinant reverse step 2/18 frontier=251 elapsed=0.00637887s
    depth 8: determinant reverse step 3/18 frontier=338 elapsed=0.0166s
    depth 8: determinant reverse step 4/18 frontier=389 elapsed=0.0280966s
    depth 8: determinant reverse step 5/18 frontier=415 elapsed=0.0389649s
    depth 8: determinant reverse step 6/18 frontier=427 elapsed=0.0478077s
    depth 8: determinant reverse step 7/18 frontier=429 elapsed=0.0543795s
    depth 8: determinant reverse step 8/18 frontier=415 elapsed=0.0591996s
    depth 8: determinant reverse step 9/18 frontier=355 elapsed=0.0625795s
    depth 8: determinant reverse step 10/18 frontier=231 elapsed=0.0645141s
    depth 8: determinant reverse step 11/18 frontier=135 elapsed=0.0655426s
    depth 8: determinant reverse step 12/18 frontier=77 elapsed=0.0660391s
    depth 8: determinant reverse step 13/18 frontier=42 elapsed=0.0662556s
    depth 8: determinant reverse step 14/18 frontier=22 elapsed=0.0663579s
    depth 8: determinant reverse step 15/18 frontier=11 elapsed=0.0663985s
    depth 8: determinant reverse step 16/18 frontier=5 elapsed=0.0664119s
    depth 8: determinant reverse step 17/18 frontier=2 elapsed=0.0664158s
    depth 8: determinant reverse step 18/18 frontier=1 elapsed=0.0664177s
  D_10 Delta_18 = 798801174154
    depth 9: determinant reverse step 1/19 frontier=170 elapsed=0.00164461s
    depth 9: determinant reverse step 2/19 frontier=391 elapsed=0.0152619s
    depth 9: determinant reverse step 3/19 frontier=543 elapsed=0.0344264s
    depth 9: determinant reverse step 4/19 frontier=637 elapsed=0.0530213s
    depth 9: determinant reverse step 5/19 frontier=689 elapsed=0.0725212s
    depth 9: determinant reverse step 6/19 frontier=714 elapsed=0.0877484s
    depth 9: determinant reverse step 7/19 frontier=719 elapsed=0.0995956s
    depth 9: determinant reverse step 8/19 frontier=691 elapsed=0.108288s
    depth 9: determinant reverse step 9/19 frontier=585 elapsed=0.114131s
    depth 9: determinant reverse step 10/19 frontier=385 elapsed=0.117835s
    depth 9: determinant reverse step 11/19 frontier=231 elapsed=0.119715s
    depth 9: determinant reverse step 12/19 frontier=135 elapsed=0.120681s
    depth 9: determinant reverse step 13/19 frontier=77 elapsed=0.121157s
    depth 9: determinant reverse step 14/19 frontier=42 elapsed=0.121375s
    depth 9: determinant reverse step 15/19 frontier=22 elapsed=0.121454s
    depth 9: determinant reverse step 16/19 frontier=11 elapsed=0.121488s
    depth 9: determinant reverse step 17/19 frontier=5 elapsed=0.121501s
    depth 9: determinant reverse step 18/19 frontier=2 elapsed=0.121504s
    depth 9: determinant reverse step 19/19 frontier=1 elapsed=0.121505s
  D_10 Delta_19 = 22796284805190
    depth 10: determinant reverse step 1/20 frontier=253 elapsed=0.00211061s
    depth 10: determinant reverse step 2/20 frontier=599 elapsed=0.0142904s
    depth 10: determinant reverse step 3/20 frontier=854 elapsed=0.0383134s
    depth 10: determinant reverse step 4/20 frontier=1021 elapsed=0.0687359s
    depth 10: determinant reverse step 5/20 frontier=1118 elapsed=0.098297s
    depth 10: determinant reverse step 6/20 frontier=1167 elapsed=0.124923s
    depth 10: determinant reverse step 7/20 frontier=1177 elapsed=0.145387s
    depth 10: determinant reverse step 8/20 frontier=1126 elapsed=0.16085s
    depth 10: determinant reverse step 9/20 frontier=944 elapsed=0.171696s
    depth 10: determinant reverse step 10/20 frontier=627 elapsed=0.178451s
    depth 10: determinant reverse step 11/20 frontier=385 elapsed=0.182302s
    depth 10: determinant reverse step 12/20 frontier=231 elapsed=0.184146s
    depth 10: determinant reverse step 13/20 frontier=135 elapsed=0.185097s
    depth 10: determinant reverse step 14/20 frontier=77 elapsed=0.185547s
    depth 10: determinant reverse step 15/20 frontier=42 elapsed=0.185775s
    depth 10: determinant reverse step 16/20 frontier=22 elapsed=0.185854s
    depth 10: determinant reverse step 17/20 frontier=11 elapsed=0.185886s
    depth 10: determinant reverse step 18/20 frontier=5 elapsed=0.185897s
    depth 10: determinant reverse step 19/20 frontier=2 elapsed=0.1859s
    depth 10: determinant reverse step 20/20 frontier=1 elapsed=0.185902s
  D_10 Delta_20 = 662530322246536
    depth 11: determinant reverse step 1/21 frontier=365 elapsed=0.00289457s
    depth 11: determinant reverse step 2/21 frontier=897 elapsed=0.019573s
    depth 11: determinant reverse step 3/21 frontier=1313 elapsed=0.0578143s
    depth 11: determinant reverse step 4/21 frontier=1598 elapsed=0.104302s
    depth 11: determinant reverse step 5/21 frontier=1771 elapsed=0.15067s
    depth 11: determinant reverse step 6/21 frontier=1862 elapsed=0.193553s
    depth 11: determinant reverse step 7/21 frontier=1881 elapsed=0.229775s
    depth 11: determinant reverse step 8/21 frontier=1791 elapsed=0.256488s
    depth 11: determinant reverse step 9/21 frontier=1491 elapsed=0.27494s
    depth 11: determinant reverse step 10/21 frontier=1000 elapsed=0.286854s
    depth 11: determinant reverse step 11/21 frontier=627 elapsed=0.293711s
    depth 11: determinant reverse step 12/21 frontier=385 elapsed=0.297338s
    depth 11: determinant reverse step 13/21 frontier=231 elapsed=0.299227s
    depth 11: determinant reverse step 14/21 frontier=135 elapsed=0.300182s
    depth 11: determinant reverse step 15/21 frontier=77 elapsed=0.300742s
    depth 11: determinant reverse step 16/21 frontier=42 elapsed=0.300974s
    depth 11: determinant reverse step 17/21 frontier=22 elapsed=0.301054s
    depth 11: determinant reverse step 18/21 frontier=11 elapsed=0.301087s
    depth 11: determinant reverse step 19/21 frontier=5 elapsed=0.301096s
    depth 11: determinant reverse step 20/21 frontier=2 elapsed=0.301108s
    depth 11: determinant reverse step 21/21 frontier=1 elapsed=0.30111s
  D_10 Delta_21 = 19646538164368570
    depth 12: determinant reverse step 1/22 frontier=525 elapsed=0.00386023s
    depth 12: determinant reverse step 2/22 frontier=1326 elapsed=0.0299536s
    depth 12: determinant reverse step 3/22 frontier=1988 elapsed=0.0879679s
    depth 12: determinant reverse step 4/22 frontier=2460 elapsed=0.16023s
    depth 12: determinant reverse step 5/22 frontier=2757 elapsed=0.234073s
    depth 12: determinant reverse step 6/22 frontier=2918 elapsed=0.30205s
    depth 12: determinant reverse step 7/22 frontier=2953 elapsed=0.358141s
    depth 12: determinant reverse step 8/22 frontier=2800 elapsed=0.40371s
    depth 12: determinant reverse step 9/22 frontier=2316 elapsed=0.435317s
    depth 12: determinant reverse step 10/22 frontier=1568 elapsed=0.455847s
    depth 12: determinant reverse step 11/22 frontier=1000 elapsed=0.468085s
    depth 12: determinant reverse step 12/22 frontier=627 elapsed=0.47498s
    depth 12: determinant reverse step 13/22 frontier=385 elapsed=0.48246s
    depth 12: determinant reverse step 14/22 frontier=231 elapsed=0.487165s
    depth 12: determinant reverse step 15/22 frontier=135 elapsed=0.488137s
    depth 12: determinant reverse step 16/22 frontier=77 elapsed=0.489076s
    depth 12: determinant reverse step 17/22 frontier=42 elapsed=0.489272s
    depth 12: determinant reverse step 18/22 frontier=22 elapsed=0.489352s
    depth 12: determinant reverse step 19/22 frontier=11 elapsed=0.489386s
    depth 12: determinant reverse step 20/22 frontier=5 elapsed=0.489399s
    depth 12: determinant reverse step 21/22 frontier=2 elapsed=0.489401s
    depth 12: determinant reverse step 22/22 frontier=1 elapsed=0.489403s
  D_10 Delta_22 = 595168845869419710
    depth 13: determinant reverse step 1/23 frontier=738 elapsed=0.00598747s
    depth 13: determinant reverse step 2/23 frontier=1926 elapsed=0.0428592s
    depth 13: determinant reverse step 3/23 frontier=2957 elapsed=0.125728s
    depth 13: determinant reverse step 4/23 frontier=3719 elapsed=0.23372s
    depth 13: determinant reverse step 5/23 frontier=4214 elapsed=0.348339s
    depth 13: determinant reverse step 6/23 frontier=4488 elapsed=0.455076s
    depth 13: determinant reverse step 7/23 frontier=4549 elapsed=0.545652s
    depth 13: determinant reverse step 8/23 frontier=4298 elapsed=0.616771s
    depth 13: determinant reverse step 9/23 frontier=3538 elapsed=0.670215s
    depth 13: determinant reverse step 10/23 frontier=2417 elapsed=0.706118s
    depth 13: determinant reverse step 11/23 frontier=1568 elapsed=0.726985s
    depth 13: determinant reverse step 12/23 frontier=1000 elapsed=0.739005s
    depth 13: determinant reverse step 13/23 frontier=627 elapsed=0.745735s
    depth 13: determinant reverse step 14/23 frontier=385 elapsed=0.749397s
    depth 13: determinant reverse step 15/23 frontier=231 elapsed=0.751303s
    depth 13: determinant reverse step 16/23 frontier=135 elapsed=0.752265s
    depth 13: determinant reverse step 17/23 frontier=77 elapsed=0.752728s
    depth 13: determinant reverse step 18/23 frontier=42 elapsed=0.752927s
    depth 13: determinant reverse step 19/23 frontier=22 elapsed=0.753007s
    depth 13: determinant reverse step 20/23 frontier=11 elapsed=0.75304s
    depth 13: determinant reverse step 21/23 frontier=5 elapsed=0.753052s
    depth 13: determinant reverse step 22/23 frontier=2 elapsed=0.753054s
    depth 13: determinant reverse step 23/23 frontier=1 elapsed=0.753056s
  D_10 Delta_23 = 18433371713175061951
    depth 14: determinant reverse step 1/24 frontier=1033 elapsed=0.00678388s
    depth 14: determinant reverse step 2/24 frontier=2767 elapsed=0.0549854s
    depth 14: determinant reverse step 3/24 frontier=4342 elapsed=0.171596s
    depth 14: determinant reverse step 4/24 frontier=5545 elapsed=0.341399s
    depth 14: determinant reverse step 5/24 frontier=6348 elapsed=0.517759s
    depth 14: determinant reverse step 6/24 frontier=6802 elapsed=0.684623s
    depth 14: determinant reverse step 7/24 frontier=6904 elapsed=0.826412s
    depth 14: determinant reverse step 8/24 frontier=6501 elapsed=0.942955s
    depth 14: determinant reverse step 9/24 frontier=5331 elapsed=1.02614s
    depth 14: determinant reverse step 10/24 frontier=3673 elapsed=1.08397s
    depth 14: determinant reverse step 11/24 frontier=2417 elapsed=1.11819s
    depth 14: determinant reverse step 12/24 frontier=1568 elapsed=1.13879s
    depth 14: determinant reverse step 13/24 frontier=1000 elapsed=1.15057s
    depth 14: determinant reverse step 14/24 frontier=627 elapsed=1.15711s
    depth 14: determinant reverse step 15/24 frontier=385 elapsed=1.16069s
    depth 14: determinant reverse step 16/24 frontier=231 elapsed=1.16259s
    depth 14: determinant reverse step 17/24 frontier=135 elapsed=1.16353s
    depth 14: determinant reverse step 18/24 frontier=77 elapsed=1.16398s
    depth 14: determinant reverse step 19/24 frontier=42 elapsed=1.16419s
    depth 14: determinant reverse step 20/24 frontier=22 elapsed=1.16428s
    depth 14: determinant reverse step 21/24 frontier=11 elapsed=1.16432s
    depth 14: determinant reverse step 22/24 frontier=5 elapsed=1.16433s
    depth 14: determinant reverse step 23/24 frontier=2 elapsed=1.16433s
    depth 14: determinant reverse step 24/24 frontier=1 elapsed=1.16433s
  D_10 Delta_24 = 583950770169251987038
    depth 15: determinant reverse step 1/25 frontier=1422 elapsed=0.0103341s
    depth 15: determinant reverse step 2/25 frontier=3922 elapsed=0.0786509s
    depth 15: determinant reverse step 3/25 frontier=6289 elapsed=0.257247s
    depth 15: determinant reverse step 4/25 frontier=8151 elapsed=0.499949s
    depth 15: determinant reverse step 5/25 frontier=9425 elapsed=0.765409s
    depth 15: determinant reverse step 6/25 frontier=10157 elapsed=1.01966s
    depth 15: determinant reverse step 7/25 frontier=10324 elapsed=1.24414s
    depth 15: determinant reverse step 8/25 frontier=9692 elapsed=1.43104s
    depth 15: determinant reverse step 9/25 frontier=7923 elapsed=1.56396s
    depth 15: determinant reverse step 10/25 frontier=5507 elapsed=1.65717s
    depth 15: determinant reverse step 11/25 frontier=3673 elapsed=1.71548s
    depth 15: determinant reverse step 12/25 frontier=2417 elapsed=1.75s
    depth 15: determinant reverse step 13/25 frontier=1568 elapsed=1.77022s
    depth 15: determinant reverse step 14/25 frontier=1000 elapsed=1.782s
    depth 15: determinant reverse step 15/25 frontier=627 elapsed=1.78855s
    depth 15: determinant reverse step 16/25 frontier=385 elapsed=1.79211s
    depth 15: determinant reverse step 17/25 frontier=231 elapsed=1.79397s
    depth 15: determinant reverse step 18/25 frontier=135 elapsed=1.79492s
    depth 15: determinant reverse step 19/25 frontier=77 elapsed=1.79537s
    depth 15: determinant reverse step 20/25 frontier=42 elapsed=1.79557s
    depth 15: determinant reverse step 21/25 frontier=22 elapsed=1.79567s
    depth 15: determinant reverse step 22/25 frontier=11 elapsed=1.7957s
    depth 15: determinant reverse step 23/25 frontier=5 elapsed=1.79571s
    depth 15: determinant reverse step 24/25 frontier=2 elapsed=1.79571s
    depth 15: determinant reverse step 25/25 frontier=1 elapsed=1.79571s
  D_10 Delta_25 = 18925649345267978910276
    depth 17: determinant reverse step 1/27 frontier=2634 elapsed=0.0163596s
    depth 17: determinant reverse step 2/27 frontier=7647 elapsed=0.143536s
    depth 17: determinant reverse step 3/27 frontier=12763 elapsed=0.488451s
    depth 17: determinant reverse step 4/27 frontier=17008 elapsed=1.01405s
    depth 17: determinant reverse step 5/27 frontier=20036 elapsed=1.60527s
    depth 17: determinant reverse step 6/27 frontier=21823 elapsed=2.18769s
    depth 17: determinant reverse step 7/27 frontier=22236 elapsed=2.71188s
    depth 17: determinant reverse step 8/27 frontier=20768 elapsed=3.15071s
    depth 17: determinant reverse step 9/27 frontier=16908 elapsed=3.48225s
    depth 17: determinant reverse step 10/27 frontier=11937 elapsed=3.70977s
    depth 17: determinant reverse step 11/27 frontier=8154 elapsed=3.85676s
    depth 17: determinant reverse step 12/27 frontier=5507 elapsed=3.96022s
    depth 17: determinant reverse step 13/27 frontier=3673 elapsed=4.01716s
    depth 17: determinant reverse step 14/27 frontier=2417 elapsed=4.05338s
    depth 17: determinant reverse step 15/27 frontier=1568 elapsed=4.07392s
    depth 17: determinant reverse step 16/27 frontier=1000 elapsed=4.086s
    depth 17: determinant reverse step 17/27 frontier=627 elapsed=4.09443s
    depth 17: determinant reverse step 18/27 frontier=385 elapsed=4.09823s
    depth 17: determinant reverse step 19/27 frontier=231 elapsed=4.10028s
    depth 17: determinant reverse step 20/27 frontier=135 elapsed=4.10129s
    depth 17: determinant reverse step 21/27 frontier=77 elapsed=4.10174s
    depth 17: determinant reverse step 22/27 frontier=42 elapsed=4.10198s
    depth 17: determinant reverse step 23/27 frontier=22 elapsed=4.10206s
    depth 17: determinant reverse step 24/27 frontier=11 elapsed=4.10209s
    depth 17: determinant reverse step 25/27 frontier=5 elapsed=4.1021s
    depth 17: determinant reverse step 26/27 frontier=2 elapsed=4.10211s
    depth 17: determinant reverse step 27/27 frontier=1 elapsed=4.10211s
  D_10 Delta_27 = 21288846572850869487162766
    depth 18: determinant reverse step 1/28 frontier=3545 elapsed=0.0195931s
    depth 18: determinant reverse step 2/28 frontier=10533 elapsed=0.191548s
    depth 18: determinant reverse step 3/28 frontier=17913 elapsed=0.683123s
    depth 18: determinant reverse step 4/28 frontier=24185 elapsed=1.44838s
    depth 18: determinant reverse step 5/28 frontier=28740 elapsed=2.33037s
    depth 18: determinant reverse step 6/28 frontier=31458 elapsed=3.1878s
    depth 18: determinant reverse step 7/28 frontier=32089 elapsed=3.954s
    depth 18: determinant reverse step 8/28 frontier=29904 elapsed=4.59763s
    depth 18: determinant reverse step 9/28 frontier=24313 elapsed=5.10172s
    depth 18: determinant reverse step 10/28 frontier=17293 elapsed=5.47126s
    depth 18: determinant reverse step 11/28 frontier=11937 elapsed=5.7051s
    depth 18: determinant reverse step 12/28 frontier=8154 elapsed=5.85564s
    depth 18: determinant reverse step 13/28 frontier=5507 elapsed=5.94925s
    depth 18: determinant reverse step 14/28 frontier=3673 elapsed=6.00827s
    depth 18: determinant reverse step 15/28 frontier=2417 elapsed=6.04586s
    depth 18: determinant reverse step 16/28 frontier=1568 elapsed=6.06664s
    depth 18: determinant reverse step 17/28 frontier=1000 elapsed=6.07891s
    depth 18: determinant reverse step 18/28 frontier=627 elapsed=6.0856s
    depth 18: determinant reverse step 19/28 frontier=385 elapsed=6.08954s
    depth 18: determinant reverse step 20/28 frontier=231 elapsed=6.0914s
    depth 18: determinant reverse step 21/28 frontier=135 elapsed=6.09236s
    depth 18: determinant reverse step 22/28 frontier=77 elapsed=6.09293s
    depth 18: determinant reverse step 23/28 frontier=42 elapsed=6.09314s
    depth 18: determinant reverse step 24/28 frontier=22 elapsed=6.09323s
    depth 18: determinant reverse step 25/28 frontier=11 elapsed=6.09326s
    depth 18: determinant reverse step 26/28 frontier=5 elapsed=6.09327s
    depth 18: determinant reverse step 27/28 frontier=2 elapsed=6.09327s
    depth 18: determinant reverse step 28/28 frontier=1 elapsed=6.09327s
  D_10 Delta_28 = 738725649579622874207889576
    depth 19: determinant reverse step 1/29 frontier=4720 elapsed=0.0266347s
    depth 19: determinant reverse step 2/29 frontier=14374 elapsed=0.273278s
    depth 19: determinant reverse step 3/29 frontier=24900 elapsed=0.947939s
    depth 19: determinant reverse step 4/29 frontier=34050 elapsed=2.03367s
    depth 19: determinant reverse step 5/29 frontier=40807 elapsed=3.28157s
    depth 19: determinant reverse step 6/29 frontier=44877 elapsed=4.50328s
    depth 19: determinant reverse step 7/29 frontier=45825 elapsed=5.62676s
    depth 19: determinant reverse step 8/29 frontier=42621 elapsed=6.56442s
    depth 19: determinant reverse step 9/29 frontier=34624 elapsed=7.30911s
    depth 19: determinant reverse step 10/29 frontier=24803 elapsed=7.84976s
    depth 19: determinant reverse step 11/29 frontier=17293 elapsed=8.1992s
    depth 19: determinant reverse step 12/29 frontier=11937 elapsed=8.42918s
    depth 19: determinant reverse step 13/29 frontier=8154 elapsed=8.57551s
    depth 19: determinant reverse step 14/29 frontier=5507 elapsed=8.66909s
    depth 19: determinant reverse step 15/29 frontier=3673 elapsed=8.72782s
    depth 19: determinant reverse step 16/29 frontier=2417 elapsed=8.76217s
    depth 19: determinant reverse step 17/29 frontier=1568 elapsed=8.78298s
    depth 19: determinant reverse step 18/29 frontier=1000 elapsed=8.79508s
    depth 19: determinant reverse step 19/29 frontier=627 elapsed=8.80321s
    depth 19: determinant reverse step 20/29 frontier=385 elapsed=8.80685s
    depth 19: determinant reverse step 21/29 frontier=231 elapsed=8.80876s
    depth 19: determinant reverse step 22/29 frontier=135 elapsed=8.80973s
    depth 19: determinant reverse step 23/29 frontier=77 elapsed=8.81017s
    depth 19: determinant reverse step 24/29 frontier=42 elapsed=8.81036s
    depth 19: determinant reverse step 25/29 frontier=22 elapsed=8.81044s
    depth 19: determinant reverse step 26/29 frontier=11 elapsed=8.81047s
    depth 19: determinant reverse step 27/29 frontier=5 elapsed=8.81048s
    depth 19: determinant reverse step 28/29 frontier=2 elapsed=8.81049s
    depth 19: determinant reverse step 29/29 frontier=1 elapsed=8.81049s
  D_10 Delta_29 = 26215039239765777741363691276
    depth 20: determinant reverse step 1/30 frontier=6256 elapsed=0.032305s
    depth 20: determinant reverse step 2/30 frontier=19475 elapsed=0.352221s
    depth 20: determinant reverse step 3/30 frontier=34335 elapsed=1.28487s
    depth 20: determinant reverse step 4/30 frontier=47529 elapsed=2.79626s
    depth 20: determinant reverse step 5/30 frontier=57424 elapsed=4.62723s
    depth 20: determinant reverse step 6/30 frontier=63436 elapsed=6.42412s
    depth 20: determinant reverse step 7/30 frontier=64838 elapsed=8.06733s
    depth 20: determinant reverse step 8/30 frontier=60195 elapsed=9.46117s
    depth 20: determinant reverse step 9/30 frontier=48877 elapsed=10.5578s
    depth 20: determinant reverse step 10/30 frontier=35251 elapsed=11.3405s
    depth 20: determinant reverse step 11/30 frontier=24803 elapsed=11.8694s
    depth 20: determinant reverse step 12/30 frontier=17293 elapsed=12.2234s
    depth 20: determinant reverse step 13/30 frontier=11937 elapsed=12.4513s
    depth 20: determinant reverse step 14/30 frontier=8154 elapsed=12.6011s
    depth 20: determinant reverse step 15/30 frontier=5507 elapsed=12.6941s
    depth 20: determinant reverse step 16/30 frontier=3673 elapsed=12.7509s
    depth 20: determinant reverse step 17/30 frontier=2417 elapsed=12.7854s
    depth 20: determinant reverse step 18/30 frontier=1568 elapsed=12.8056s
    depth 20: determinant reverse step 19/30 frontier=1000 elapsed=12.8192s
    depth 20: determinant reverse step 20/30 frontier=627 elapsed=12.8259s
    depth 20: determinant reverse step 21/30 frontier=385 elapsed=12.8296s
    depth 20: determinant reverse step 22/30 frontier=231 elapsed=12.8316s
    depth 20: determinant reverse step 23/30 frontier=135 elapsed=12.8326s
    depth 20: determinant reverse step 24/30 frontier=77 elapsed=12.833s
    depth 20: determinant reverse step 25/30 frontier=42 elapsed=12.8332s
    depth 20: determinant reverse step 26/30 frontier=22 elapsed=12.8333s
    depth 20: determinant reverse step 27/30 frontier=11 elapsed=12.8333s
    depth 20: determinant reverse step 28/30 frontier=5 elapsed=12.8334s
    depth 20: determinant reverse step 29/30 frontier=2 elapsed=12.8334s
    depth 20: determinant reverse step 30/30 frontier=1 elapsed=12.8334s
  D_10 Delta_30 = 951127995185495125549488317602
    depth 21: determinant reverse step 1/31 frontier=8219 elapsed=0.0404544s
    depth 21: determinant reverse step 2/31 frontier=26178 elapsed=0.457704s
    depth 21: determinant reverse step 3/31 frontier=46957 elapsed=1.71909s
    depth 21: determinant reverse step 4/31 frontier=65780 elapsed=3.83799s
    depth 21: determinant reverse step 5/31 frontier=80101 elapsed=6.41537s
    depth 21: determinant reverse step 6/31 frontier=88869 elapsed=9.01144s
    depth 21: determinant reverse step 7/31 frontier=90918 elapsed=11.3559s
    depth 21: determinant reverse step 8/31 frontier=84270 elapsed=13.375s
    depth 21: determinant reverse step 9/31 frontier=68414 elapsed=14.9795s
    depth 21: determinant reverse step 10/31 frontier=49668 elapsed=16.1402s
    depth 21: determinant reverse step 11/31 frontier=35251 elapsed=16.9411s
    depth 21: determinant reverse step 12/31 frontier=24803 elapsed=17.4685s
    depth 21: determinant reverse step 13/31 frontier=17293 elapsed=17.8285s
    depth 21: determinant reverse step 14/31 frontier=11937 elapsed=18.058s
    depth 21: determinant reverse step 15/31 frontier=8154 elapsed=18.2036s
    depth 21: determinant reverse step 16/31 frontier=5507 elapsed=18.2953s
    depth 21: determinant reverse step 17/31 frontier=3673 elapsed=18.3521s
    depth 21: determinant reverse step 18/31 frontier=2417 elapsed=18.3887s
    depth 21: determinant reverse step 19/31 frontier=1568 elapsed=18.4099s
    depth 21: determinant reverse step 20/31 frontier=1000 elapsed=18.4223s
    depth 21: determinant reverse step 21/31 frontier=627 elapsed=18.4291s
    depth 21: determinant reverse step 22/31 frontier=385 elapsed=18.4329s
    depth 21: determinant reverse step 23/31 frontier=231 elapsed=18.4349s
    depth 21: determinant reverse step 24/31 frontier=135 elapsed=18.4359s
    depth 21: determinant reverse step 25/31 frontier=77 elapsed=18.4363s
    depth 21: determinant reverse step 26/31 frontier=42 elapsed=18.4365s
    depth 21: determinant reverse step 27/31 frontier=22 elapsed=18.4366s
    depth 21: determinant reverse step 28/31 frontier=11 elapsed=18.4366s
    depth 21: determinant reverse step 29/31 frontier=5 elapsed=18.4366s
    depth 21: determinant reverse step 30/31 frontier=2 elapsed=18.4367s
    depth 21: determinant reverse step 31/31 frontier=1 elapsed=18.4367s
  D_10 Delta_31 = 35271090697103961995950344624930
    depth 22: determinant reverse step 1/32 frontier=10750 elapsed=0.0524433s
    depth 22: determinant reverse step 2/32 frontier=34963 elapsed=0.618632s
    depth 22: determinant reverse step 3/32 frontier=63761 elapsed=2.41067s
    depth 22: determinant reverse step 4/32 frontier=90353 elapsed=5.43635s
    depth 22: determinant reverse step 5/32 frontier=110857 elapsed=9.25446s
    depth 22: determinant reverse step 6/32 frontier=123497 elapsed=13.0437s
    depth 22: determinant reverse step 7/32 frontier=126452 elapsed=16.4332s
    depth 22: determinant reverse step 8/32 frontier=117035 elapsed=19.3553s
    depth 22: determinant reverse step 9/32 frontier=95020 elapsed=21.7031s
    depth 22: determinant reverse step 10/32 frontier=69414 elapsed=23.4678s
    depth 22: determinant reverse step 11/32 frontier=49668 elapsed=24.6943s
    depth 22: determinant reverse step 12/32 frontier=35251 elapsed=25.5272s
    depth 22: determinant reverse step 13/32 frontier=24803 elapsed=26.0644s
    depth 22: determinant reverse step 14/32 frontier=17293 elapsed=26.4376s
    depth 22: determinant reverse step 15/32 frontier=11937 elapsed=26.676s
    depth 22: determinant reverse step 16/32 frontier=8154 elapsed=26.8268s
    depth 22: determinant reverse step 17/32 frontier=5507 elapsed=26.9226s
    depth 22: determinant reverse step 18/32 frontier=3673 elapsed=26.9817s
    depth 22: determinant reverse step 19/32 frontier=2417 elapsed=27.0166s
    depth 22: determinant reverse step 20/32 frontier=1568 elapsed=27.0387s
    depth 22: determinant reverse step 21/32 frontier=1000 elapsed=27.0516s
    depth 22: determinant reverse step 22/32 frontier=627 elapsed=27.0584s
    depth 22: determinant reverse step 23/32 frontier=385 elapsed=27.0621s
    depth 22: determinant reverse step 24/32 frontier=231 elapsed=27.0641s
    depth 22: determinant reverse step 25/32 frontier=135 elapsed=27.0652s
    depth 22: determinant reverse step 26/32 frontier=77 elapsed=27.0657s
    depth 22: determinant reverse step 27/32 frontier=42 elapsed=27.0659s
    depth 22: determinant reverse step 28/32 frontier=22 elapsed=27.066s
    depth 22: determinant reverse step 29/32 frontier=11 elapsed=27.066s
    depth 22: determinant reverse step 30/32 frontier=5 elapsed=27.066s
    depth 22: determinant reverse step 31/32 frontier=2 elapsed=27.0661s
    depth 22: determinant reverse step 32/32 frontier=1 elapsed=27.0661s
  D_10 Delta_32 = 1336443093237023813120957377753162
    depth 23: determinant reverse step 1/33 frontier=13956 elapsed=0.0676466s
    depth 23: determinant reverse step 2/33 frontier=46374 elapsed=0.804519s
    depth 23: determinant reverse step 3/33 frontier=85958 elapsed=3.14058s
    depth 23: determinant reverse step 4/33 frontier=123180 elapsed=7.21751s
    depth 23: determinant reverse step 5/33 frontier=152245 elapsed=12.4144s
    depth 23: determinant reverse step 6/33 frontier=170276 elapsed=17.6742s
    depth 23: determinant reverse step 7/33 frontier=174492 elapsed=22.4362s
    depth 23: determinant reverse step 8/33 frontier=161285 elapsed=26.6243s
    depth 23: determinant reverse step 9/33 frontier=130991 elapsed=30.0942s
    depth 23: determinant reverse step 10/33 frontier=96271 elapsed=32.6336s
    depth 23: determinant reverse step 11/33 frontier=69414 elapsed=34.4016s
    depth 23: determinant reverse step 12/33 frontier=49668 elapsed=35.594s
    depth 23: determinant reverse step 13/33 frontier=35251 elapsed=36.4203s
    depth 23: determinant reverse step 14/33 frontier=24803 elapsed=36.9699s
    depth 23: determinant reverse step 15/33 frontier=17293 elapsed=37.3519s
    depth 23: determinant reverse step 16/33 frontier=11937 elapsed=37.5928s
    depth 23: determinant reverse step 17/33 frontier=8154 elapsed=37.745s
    depth 23: determinant reverse step 18/33 frontier=5507 elapsed=37.8434s
    depth 23: determinant reverse step 19/33 frontier=3673 elapsed=37.9053s
    depth 23: determinant reverse step 20/33 frontier=2417 elapsed=37.9426s
    depth 23: determinant reverse step 21/33 frontier=1568 elapsed=37.9635s
    depth 23: determinant reverse step 22/33 frontier=1000 elapsed=37.9774s
    depth 23: determinant reverse step 23/33 frontier=627 elapsed=37.9849s
    depth 23: determinant reverse step 24/33 frontier=385 elapsed=37.9885s
    depth 23: determinant reverse step 25/33 frontier=231 elapsed=37.9904s
    depth 23: determinant reverse step 26/33 frontier=135 elapsed=37.9914s
    depth 23: determinant reverse step 27/33 frontier=77 elapsed=37.9921s
    depth 23: determinant reverse step 28/33 frontier=42 elapsed=37.9923s
    depth 23: determinant reverse step 29/33 frontier=22 elapsed=37.9924s
    depth 23: determinant reverse step 30/33 frontier=11 elapsed=37.9925s
    depth 23: determinant reverse step 31/33 frontier=5 elapsed=37.9925s
    depth 23: determinant reverse step 32/33 frontier=2 elapsed=37.9925s
    depth 23: determinant reverse step 33/33 frontier=1 elapsed=37.9925s
  D_10 Delta_33 = 51723389640917307854563960255154272
    depth 24: determinant reverse step 1/34 frontier=18043 elapsed=0.0862924s
    depth 24: determinant reverse step 2/34 frontier=61158 elapsed=1.03047s
    depth 24: determinant reverse step 3/34 frontier=115149 elapsed=4.18798s
    depth 24: determinant reverse step 4/34 frontier=166810 elapsed=9.85298s
    depth 24: determinant reverse step 5/34 frontier=207629 elapsed=17.1104s
    depth 24: determinant reverse step 6/34 frontier=233097 elapsed=24.4413s
    depth 24: determinant reverse step 7/34 frontier=239051 elapsed=31.2747s
    depth 24: determinant reverse step 8/34 frontier=220694 elapsed=37.2193s
    depth 24: determinant reverse step 9/34 frontier=179328 elapsed=42.0461s
    depth 24: determinant reverse step 10/34 frontier=132559 elapsed=45.5205s
    depth 24: determinant reverse step 11/34 frontier=96271 elapsed=47.9768s
    depth 24: determinant reverse step 12/34 frontier=69414 elapsed=49.675s
    depth 24: determinant reverse step 13/34 frontier=49668 elapsed=50.8605s
    depth 24: determinant reverse step 14/34 frontier=35251 elapsed=51.6732s
    depth 24: determinant reverse step 15/34 frontier=24803 elapsed=52.2119s
    depth 24: determinant reverse step 16/34 frontier=17293 elapsed=52.5717s
    depth 24: determinant reverse step 17/34 frontier=11937 elapsed=52.8004s
    depth 24: determinant reverse step 18/34 frontier=8154 elapsed=52.9493s
    depth 24: determinant reverse step 19/34 frontier=5507 elapsed=53.0443s
    depth 24: determinant reverse step 20/34 frontier=3673 elapsed=53.1047s
    depth 24: determinant reverse step 21/34 frontier=2417 elapsed=53.1399s
    depth 24: determinant reverse step 22/34 frontier=1568 elapsed=53.1603s
    depth 24: determinant reverse step 23/34 frontier=1000 elapsed=53.1739s
    depth 24: determinant reverse step 24/34 frontier=627 elapsed=53.1806s
    depth 24: determinant reverse step 25/34 frontier=385 elapsed=53.1843s
    depth 24: determinant reverse step 26/34 frontier=231 elapsed=53.1863s
    depth 24: determinant reverse step 27/34 frontier=135 elapsed=53.1872s
    depth 24: determinant reverse step 28/34 frontier=77 elapsed=53.1877s
    depth 24: determinant reverse step 29/34 frontier=42 elapsed=53.1879s
    depth 24: determinant reverse step 30/34 frontier=22 elapsed=53.188s
    depth 24: determinant reverse step 31/34 frontier=11 elapsed=53.188s
    depth 24: determinant reverse step 32/34 frontier=5 elapsed=53.188s
    depth 24: determinant reverse step 33/34 frontier=2 elapsed=53.188s
    depth 24: determinant reverse step 34/34 frontier=1 elapsed=53.188s
  D_10 Delta_34 = 2043982794137253530295576769766383182
    depth 25: determinant reverse step 1/35 frontier=23177 elapsed=0.101661s
    depth 25: determinant reverse step 2/35 frontier=80165 elapsed=1.30817s
    depth 25: determinant reverse step 3/35 frontier=153272 elapsed=5.31235s
    depth 25: determinant reverse step 4/35 frontier=224400 elapsed=12.8357s
    depth 25: determinant reverse step 5/35 frontier=281236 elapsed=22.7248s
    depth 25: determinant reverse step 6/35 frontier=316880 elapsed=32.6914s
    depth 25: determinant reverse step 7/35 frontier=325211 elapsed=42.0712s
    depth 25: determinant reverse step 8/35 frontier=299922 elapsed=50.4714s
    depth 25: determinant reverse step 9/35 frontier=243871 elapsed=57.2087s
    depth 25: determinant reverse step 10/35 frontier=181274 elapsed=62.2388s
    depth 25: determinant reverse step 11/35 frontier=132559 elapsed=65.8226s
    depth 25: determinant reverse step 12/35 frontier=96271 elapsed=68.3667s
    depth 25: determinant reverse step 13/35 frontier=69414 elapsed=70.1294s
    depth 25: determinant reverse step 14/35 frontier=49668 elapsed=71.3578s
    depth 25: determinant reverse step 15/35 frontier=35251 elapsed=72.193s
    depth 25: determinant reverse step 16/35 frontier=24803 elapsed=72.7481s
    depth 25: determinant reverse step 17/35 frontier=17293 elapsed=73.1169s
    depth 25: determinant reverse step 18/35 frontier=11937 elapsed=73.3563s
    depth 25: determinant reverse step 19/35 frontier=8154 elapsed=73.5096s
    depth 25: determinant reverse step 20/35 frontier=5507 elapsed=73.6103s
    depth 25: determinant reverse step 21/35 frontier=3673 elapsed=73.6694s
    depth 25: determinant reverse step 22/35 frontier=2417 elapsed=73.7077s
    depth 25: determinant reverse step 23/35 frontier=1568 elapsed=73.729s
    depth 25: determinant reverse step 24/35 frontier=1000 elapsed=73.7433s
    depth 25: determinant reverse step 25/35 frontier=627 elapsed=73.7504s
    depth 25: determinant reverse step 26/35 frontier=385 elapsed=73.7542s
    depth 25: determinant reverse step 27/35 frontier=231 elapsed=73.7564s
    depth 25: determinant reverse step 28/35 frontier=135 elapsed=73.7575s
    depth 25: determinant reverse step 29/35 frontier=77 elapsed=73.7579s
    depth 25: determinant reverse step 30/35 frontier=42 elapsed=73.7581s
    depth 25: determinant reverse step 31/35 frontier=22 elapsed=73.7582s
    depth 25: determinant reverse step 32/35 frontier=11 elapsed=73.7583s
    depth 25: determinant reverse step 33/35 frontier=5 elapsed=73.7583s
    depth 25: determinant reverse step 34/35 frontier=2 elapsed=73.7583s
    depth 25: determinant reverse step 35/35 frontier=1 elapsed=73.7583s
  D_10 Delta_35 = 82445602868599657001528434371447340798
    depth 26: determinant reverse step 1/36 frontier=29655 elapsed=0.137387s
    depth 26: determinant reverse step 2/36 frontier=104534 elapsed=1.70362s
    depth 26: determinant reverse step 3/36 frontier=202854 elapsed=7.11389s
    depth 26: determinant reverse step 4/36 frontier=300054 elapsed=17.1873s
    depth 26: determinant reverse step 5/36 frontier=378551 elapsed=30.8153s
    depth 26: determinant reverse step 6/36 frontier=428018 elapsed=44.5238s
    depth 26: determinant reverse step 7/36 frontier=439569 elapsed=57.5703s
    depth 26: determinant reverse step 8/36 frontier=405000 elapsed=69.1458s
    depth 26: determinant reverse step 9/36 frontier=329577 elapsed=78.6039s
    depth 26: determinant reverse step 10/36 frontier=246288 elapsed=85.6386s
    depth 26: determinant reverse step 11/36 frontier=181274 elapsed=90.6874s
    depth 26: determinant reverse step 12/36 frontier=132559 elapsed=94.269s
    depth 26: determinant reverse step 13/36 frontier=96271 elapsed=96.7751s
    depth 26: determinant reverse step 14/36 frontier=69414 elapsed=98.4845s
    depth 26: determinant reverse step 15/36 frontier=49668 elapsed=99.6589s
    depth 26: determinant reverse step 16/36 frontier=35251 elapsed=100.455s
    depth 26: determinant reverse step 17/36 frontier=24803 elapsed=100.983s
    depth 26: determinant reverse step 18/36 frontier=17293 elapsed=101.351s
    depth 26: determinant reverse step 19/36 frontier=11937 elapsed=101.59s
    depth 26: determinant reverse step 20/36 frontier=8154 elapsed=101.736s
    depth 26: determinant reverse step 21/36 frontier=5507 elapsed=101.831s
    depth 26: determinant reverse step 22/36 frontier=3673 elapsed=101.897s
    depth 26: determinant reverse step 23/36 frontier=2417 elapsed=101.939s
    depth 26: determinant reverse step 24/36 frontier=1568 elapsed=101.965s
    depth 26: determinant reverse step 25/36 frontier=1000 elapsed=101.978s
    depth 26: determinant reverse step 26/36 frontier=627 elapsed=101.985s
    depth 26: determinant reverse step 27/36 frontier=385 elapsed=101.989s
    depth 26: determinant reverse step 28/36 frontier=231 elapsed=101.991s
    depth 26: determinant reverse step 29/36 frontier=135 elapsed=101.992s
    depth 26: determinant reverse step 30/36 frontier=77 elapsed=101.992s
    depth 26: determinant reverse step 31/36 frontier=42 elapsed=101.993s
    depth 26: determinant reverse step 32/36 frontier=22 elapsed=101.993s
    depth 26: determinant reverse step 33/36 frontier=11 elapsed=101.993s
    depth 26: determinant reverse step 34/36 frontier=5 elapsed=101.993s
    depth 26: determinant reverse step 35/36 frontier=2 elapsed=101.993s
    depth 26: determinant reverse step 36/36 frontier=1 elapsed=101.993s
  D_10 Delta_36 = 3393148585704189130027715539490621334100
    depth 27: determinant reverse step 1/37 frontier=37732 elapsed=0.177756s
    depth 27: determinant reverse step 2/37 frontier=135575 elapsed=2.18395s
    depth 27: determinant reverse step 3/37 frontier=266952 elapsed=9.18571s
    depth 27: determinant reverse step 4/37 frontier=398845 elapsed=22.6028s
    depth 27: determinant reverse step 5/37 frontier=506440 elapsed=40.573s
    depth 27: determinant reverse step 6/37 frontier=574542 elapsed=59.3095s
    depth 27: determinant reverse step 7/37 frontier=590436 elapsed=77.1132s
    depth 27: determinant reverse step 8/37 frontier=543543 elapsed=93.0539s
    depth 27: determinant reverse step 9/37 frontier=442732 elapsed=106.072s
    depth 27: determinant reverse step 10/37 frontier=332557 elapsed=115.984s
    depth 27: determinant reverse step 11/37 frontier=246288 elapsed=123.121s
    depth 27: determinant reverse step 12/37 frontier=181274 elapsed=128.121s
    depth 27: determinant reverse step 13/37 frontier=132559 elapsed=131.703s
    depth 27: determinant reverse step 14/37 frontier=96271 elapsed=134.172s
    depth 27: determinant reverse step 15/37 frontier=69414 elapsed=135.89s
    depth 27: determinant reverse step 16/37 frontier=49668 elapsed=137.099s
    depth 27: determinant reverse step 17/37 frontier=35251 elapsed=137.898s
    depth 27: determinant reverse step 18/37 frontier=24803 elapsed=138.449s
    depth 27: determinant reverse step 19/37 frontier=17293 elapsed=138.804s
    depth 27: determinant reverse step 20/37 frontier=11937 elapsed=139.034s
    depth 27: determinant reverse step 21/37 frontier=8154 elapsed=139.187s
    depth 27: determinant reverse step 22/37 frontier=5507 elapsed=139.281s
    depth 27: determinant reverse step 23/37 frontier=3673 elapsed=139.341s
    depth 27: determinant reverse step 24/37 frontier=2417 elapsed=139.376s
    depth 27: determinant reverse step 25/37 frontier=1568 elapsed=139.397s
    depth 27: determinant reverse step 26/37 frontier=1000 elapsed=139.409s
    depth 27: determinant reverse step 27/37 frontier=627 elapsed=139.416s
    depth 27: determinant reverse step 28/37 frontier=385 elapsed=139.419s
    depth 27: determinant reverse step 29/37 frontier=231 elapsed=139.421s
    depth 27: determinant reverse step 30/37 frontier=135 elapsed=139.424s
    depth 27: determinant reverse step 31/37 frontier=77 elapsed=139.424s
    depth 27: determinant reverse step 32/37 frontier=42 elapsed=139.425s
    depth 27: determinant reverse step 33/37 frontier=22 elapsed=139.425s
    depth 27: determinant reverse step 34/37 frontier=11 elapsed=139.425s
    depth 27: determinant reverse step 35/37 frontier=5 elapsed=139.425s
    depth 27: determinant reverse step 36/37 frontier=2 elapsed=139.425s
    depth 27: determinant reverse step 37/37 frontier=1 elapsed=139.425s
  D_10 Delta_37 = 142438840134597942046952934692216699236644
    depth 28: determinant reverse step 1/38 frontier=47831 elapsed=0.195978s
    depth 28: determinant reverse step 2/38 frontier=175003 elapsed=2.70694s
    depth 28: determinant reverse step 3/38 frontier=349487 elapsed=11.6927s
    depth 28: determinant reverse step 4/38 frontier=527271 elapsed=29.1395s
    depth 28: determinant reverse step 5/38 frontier=673701 elapsed=52.7649s
    depth 28: determinant reverse step 6/38 frontier=766759 elapsed=77.9708s
    depth 28: determinant reverse step 7/38 frontier=788454 elapsed=102.562s
    depth 28: determinant reverse step 8/38 frontier=725290 elapsed=124.49s
    depth 28: determinant reverse step 9/38 frontier=591374 elapsed=142.602s
    depth 28: determinant reverse step 10/38 frontier=446405 elapsed=156.241s
    depth 28: determinant reverse step 11/38 frontier=332557 elapsed=166.092s
    depth 28: determinant reverse step 12/38 frontier=246288 elapsed=173.152s
    depth 28: determinant reverse step 13/38 frontier=181274 elapsed=178.192s
    depth 28: determinant reverse step 14/38 frontier=132559 elapsed=181.755s
    depth 28: determinant reverse step 15/38 frontier=96271 elapsed=184.194s
    depth 28: determinant reverse step 16/38 frontier=69414 elapsed=185.908s
    depth 28: determinant reverse step 17/38 frontier=49668 elapsed=187.089s
    depth 28: determinant reverse step 18/38 frontier=35251 elapsed=187.881s
    depth 28: determinant reverse step 19/38 frontier=24803 elapsed=188.42s
    depth 28: determinant reverse step 20/38 frontier=17293 elapsed=188.769s
    depth 28: determinant reverse step 21/38 frontier=11937 elapsed=189.001s
    depth 28: determinant reverse step 22/38 frontier=8154 elapsed=189.146s
    depth 28: determinant reverse step 23/38 frontier=5507 elapsed=189.245s
    depth 28: determinant reverse step 24/38 frontier=3673 elapsed=189.306s
    depth 28: determinant reverse step 25/38 frontier=2417 elapsed=189.341s
    depth 28: determinant reverse step 26/38 frontier=1568 elapsed=189.362s
    depth 28: determinant reverse step 27/38 frontier=1000 elapsed=189.374s
    depth 28: determinant reverse step 28/38 frontier=627 elapsed=189.38s
    depth 28: determinant reverse step 29/38 frontier=385 elapsed=189.384s
    depth 28: determinant reverse step 30/38 frontier=231 elapsed=189.386s
    depth 28: determinant reverse step 31/38 frontier=135 elapsed=189.387s
    depth 28: determinant reverse step 32/38 frontier=77 elapsed=189.388s
    depth 28: determinant reverse step 33/38 frontier=42 elapsed=189.388s
    depth 28: determinant reverse step 34/38 frontier=22 elapsed=189.388s
    depth 28: determinant reverse step 35/38 frontier=11 elapsed=189.388s
    depth 28: determinant reverse step 36/38 frontier=5 elapsed=189.388s
    depth 28: determinant reverse step 37/38 frontier=2 elapsed=189.388s
    depth 28: determinant reverse step 38/38 frontier=1 elapsed=189.388s
  D_10 Delta_38 = 6096631774015551508307562462350301797376628
    depth 29: determinant reverse step 1/39 frontier=60334 elapsed=0.237651s
    depth 29: determinant reverse step 2/39 frontier=224798 elapsed=3.40013s
    depth 29: determinant reverse step 3/39 frontier=455197 elapsed=15.0929s
    depth 29: determinant reverse step 4/39 frontier=693329 elapsed=37.8806s
    depth 29: determinant reverse step 5/39 frontier=891273 elapsed=69.5659s
    depth 29: determinant reverse step 6/39 frontier=1017543 elapsed=103.487s
    depth 29: determinant reverse step 7/39 frontier=1046953 elapsed=136.734s
    depth 29: determinant reverse step 8/39 frontier=962441 elapsed=166.666s
    depth 29: determinant reverse step 9/39 frontier=785624 elapsed=191.161s
    depth 29: determinant reverse step 10/39 frontier=595872 elapsed=209.804s
    depth 29: determinant reverse step 11/39 frontier=446405 elapsed=223.533s
    depth 29: determinant reverse step 12/39 frontier=332557 elapsed=233.486s
    depth 29: determinant reverse step 13/39 frontier=246288 elapsed=240.509s
    depth 29: determinant reverse step 14/39 frontier=181274 elapsed=245.453s
    depth 29: determinant reverse step 15/39 frontier=132559 elapsed=248.986s
    depth 29: determinant reverse step 16/39 frontier=96271 elapsed=251.529s
    depth 29: determinant reverse step 17/39 frontier=69414 elapsed=253.233s
    depth 29: determinant reverse step 18/39 frontier=49668 elapsed=254.407s
    depth 29: determinant reverse step 19/39 frontier=35251 elapsed=255.205s
    depth 29: determinant reverse step 20/39 frontier=24803 elapsed=255.746s
    depth 29: determinant reverse step 21/39 frontier=17293 elapsed=256.102s
    depth 29: determinant reverse step 22/39 frontier=11937 elapsed=256.333s
    depth 29: determinant reverse step 23/39 frontier=8154 elapsed=256.481s
    depth 29: determinant reverse step 24/39 frontier=5507 elapsed=256.575s
    depth 29: determinant reverse step 25/39 frontier=3673 elapsed=256.635s
    depth 29: determinant reverse step 26/39 frontier=2417 elapsed=256.67s
    depth 29: determinant reverse step 27/39 frontier=1568 elapsed=256.691s
    depth 29: determinant reverse step 28/39 frontier=1000 elapsed=256.703s
    depth 29: determinant reverse step 29/39 frontier=627 elapsed=256.71s
    depth 29: determinant reverse step 30/39 frontier=385 elapsed=256.713s
    depth 29: determinant reverse step 31/39 frontier=231 elapsed=256.715s
    depth 29: determinant reverse step 32/39 frontier=135 elapsed=256.716s
    depth 29: determinant reverse step 33/39 frontier=77 elapsed=256.717s
    depth 29: determinant reverse step 34/39 frontier=42 elapsed=256.717s
    depth 29: determinant reverse step 35/39 frontier=22 elapsed=256.717s
    depth 29: determinant reverse step 36/39 frontier=11 elapsed=256.717s
    depth 29: determinant reverse step 37/39 frontier=5 elapsed=256.717s
    depth 29: determinant reverse step 38/39 frontier=2 elapsed=256.717s
    depth 29: determinant reverse step 39/39 frontier=1 elapsed=256.717s
  D_10 Delta_39 = 265971240383073707731791074892945390917114056
    depth 30: determinant reverse step 1/40 frontier=75842 elapsed=0.30857s
    depth 30: determinant reverse step 2/40 frontier=287516 elapsed=4.32098s
    depth 30: determinant reverse step 3/40 frontier=590089 elapsed=19.4103s
    depth 30: determinant reverse step 4/40 frontier=907160 elapsed=49.6619s
    depth 30: determinant reverse step 5/40 frontier=1173039 elapsed=91.7253s
    depth 30: determinant reverse step 6/40 frontier=1343236 elapsed=137.112s
    depth 30: determinant reverse step 7/40 frontier=1382834 elapsed=182.067s
    depth 30: determinant reverse step 8/40 frontier=1270462 elapsed=223.245s
    depth 30: determinant reverse step 9/40 frontier=1038283 elapsed=257.095s
    depth 30: determinant reverse step 10/40 frontier=791131 elapsed=282.76s
    depth 30: determinant reverse step 11/40 frontier=595872 elapsed=301.887s
    depth 30: determinant reverse step 12/40 frontier=446405 elapsed=315.463s
    depth 30: determinant reverse step 13/40 frontier=332557 elapsed=325.304s
    depth 30: determinant reverse step 14/40 frontier=246288 elapsed=332.407s
    depth 30: determinant reverse step 15/40 frontier=181274 elapsed=337.457s
    depth 30: determinant reverse step 16/40 frontier=132559 elapsed=341.045s
    depth 30: determinant reverse step 17/40 frontier=96271 elapsed=343.578s
    depth 30: determinant reverse step 18/40 frontier=69414 elapsed=345.335s
    depth 30: determinant reverse step 19/40 frontier=49668 elapsed=346.54s
    depth 30: determinant reverse step 20/40 frontier=35251 elapsed=347.373s
    depth 30: determinant reverse step 21/40 frontier=24803 elapsed=347.95s
    depth 30: determinant reverse step 22/40 frontier=17293 elapsed=348.34s
    depth 30: determinant reverse step 23/40 frontier=11937 elapsed=348.6s
    depth 30: determinant reverse step 24/40 frontier=8154 elapsed=348.76s
    depth 30: determinant reverse step 25/40 frontier=5507 elapsed=348.862s
    depth 30: determinant reverse step 26/40 frontier=3673 elapsed=348.925s
    depth 30: determinant reverse step 27/40 frontier=2417 elapsed=348.961s
    depth 30: determinant reverse step 28/40 frontier=1568 elapsed=348.983s
    depth 30: determinant reverse step 29/40 frontier=1000 elapsed=348.995s
    depth 30: determinant reverse step 30/40 frontier=627 elapsed=349.002s
    depth 30: determinant reverse step 31/40 frontier=385 elapsed=349.006s
    depth 30: determinant reverse step 32/40 frontier=231 elapsed=349.008s
    depth 30: determinant reverse step 33/40 frontier=135 elapsed=349.009s
    depth 30: determinant reverse step 34/40 frontier=77 elapsed=349.009s
    depth 30: determinant reverse step 35/40 frontier=42 elapsed=349.01s
    depth 30: determinant reverse step 36/40 frontier=22 elapsed=349.01s
    depth 30: determinant reverse step 37/40 frontier=11 elapsed=349.01s
    depth 30: determinant reverse step 38/40 frontier=5 elapsed=349.01s
    depth 30: determinant reverse step 39/40 frontier=2 elapsed=349.01s
    depth 30: determinant reverse step 40/40 frontier=1 elapsed=349.01s
  D_10 Delta_40 = 11822561825669300279796964248858833900355219204
    depth 31: determinant reverse step 1/41 frontier=94915 elapsed=0.395638s
    depth 31: determinant reverse step 2/41 frontier=366110 elapsed=5.59605s
    depth 31: determinant reverse step 3/41 frontier=761391 elapsed=25.2632s
    depth 31: determinant reverse step 4/41 frontier=1181178 elapsed=64.7451s
    depth 31: determinant reverse step 5/41 frontier=1536158 elapsed=120.496s
    depth 31: determinant reverse step 6/41 frontier=1764128 elapsed=182.397s
    depth 31: determinant reverse step 7/41 frontier=1817111 elapsed=243.747s
    depth 31: determinant reverse step 8/41 frontier=1668604 elapsed=299.511s
    depth 31: determinant reverse step 9/41 frontier=1365377 elapsed=345.084s
    depth 31: determinant reverse step 10/41 frontier=1044986 elapsed=380.275s
    depth 31: determinant reverse step 11/41 frontier=791131 elapsed=405.961s
    depth 31: determinant reverse step 12/41 frontier=595872 elapsed=425.102s
    depth 31: determinant reverse step 13/41 frontier=446405 elapsed=438.729s
    depth 31: determinant reverse step 14/41 frontier=332557 elapsed=448.599s
    depth 31: determinant reverse step 15/41 frontier=246288 elapsed=455.567s
    depth 31: determinant reverse step 16/41 frontier=181274 elapsed=460.611s
    depth 31: determinant reverse step 17/41 frontier=132559 elapsed=464.155s
    depth 31: determinant reverse step 18/41 frontier=96271 elapsed=466.645s
    depth 31: determinant reverse step 19/41 frontier=69414 elapsed=468.389s
    depth 31: determinant reverse step 20/41 frontier=49668 elapsed=469.637s
    depth 31: determinant reverse step 21/41 frontier=35251 elapsed=470.466s
    depth 31: determinant reverse step 22/41 frontier=24803 elapsed=471.025s
    depth 31: determinant reverse step 23/41 frontier=17293 elapsed=471.387s
    depth 31: determinant reverse step 24/41 frontier=11937 elapsed=471.626s
    depth 31: determinant reverse step 25/41 frontier=8154 elapsed=471.777s
    depth 31: determinant reverse step 26/41 frontier=5507 elapsed=471.871s
    depth 31: determinant reverse step 27/41 frontier=3673 elapsed=471.932s
    depth 31: determinant reverse step 28/41 frontier=2417 elapsed=471.969s
    depth 31: determinant reverse step 29/41 frontier=1568 elapsed=471.99s
    depth 31: determinant reverse step 30/41 frontier=1000 elapsed=472.003s
    depth 31: determinant reverse step 31/41 frontier=627 elapsed=472.01s
    depth 31: determinant reverse step 32/41 frontier=385 elapsed=472.014s
    depth 31: determinant reverse step 33/41 frontier=231 elapsed=472.016s
    depth 31: determinant reverse step 34/41 frontier=135 elapsed=472.017s
    depth 31: determinant reverse step 35/41 frontier=77 elapsed=472.017s
    depth 31: determinant reverse step 36/41 frontier=42 elapsed=472.017s
    depth 31: determinant reverse step 37/41 frontier=22 elapsed=472.018s
    depth 31: determinant reverse step 38/41 frontier=11 elapsed=472.018s
    depth 31: determinant reverse step 39/41 frontier=5 elapsed=472.018s
    depth 31: determinant reverse step 40/41 frontier=2 elapsed=472.018s
    depth 31: determinant reverse step 41/41 frontier=1 elapsed=472.018s
  D_10 Delta_41 = 535268766777856733679937523924620977387806795560
    depth 32: determinant reverse step 1/42 frontier=118399 elapsed=0.457943s
    depth 32: determinant reverse step 2/42 frontier=464336 elapsed=6.92804s
    depth 32: determinant reverse step 3/42 frontier=978178 elapsed=31.7475s
    depth 32: determinant reverse step 4/42 frontier=1530967 elapsed=81.3943s
    depth 32: determinant reverse step 5/42 frontier=2002194 elapsed=152.045s
    depth 32: determinant reverse step 6/42 frontier=2305734 elapsed=232.106s
    depth 32: determinant reverse step 7/42 frontier=2376196 elapsed=313.56s
    depth 32: determinant reverse step 8/42 frontier=2181025 elapsed=387.538s
    depth 32: determinant reverse step 9/42 frontier=1787003 elapsed=449.01s
    depth 32: determinant reverse step 10/42 frontier=1373531 elapsed=496.824s
    depth 32: determinant reverse step 11/42 frontier=1044986 elapsed=531.965s
    depth 32: determinant reverse step 12/42 frontier=791131 elapsed=558.21s
    depth 32: determinant reverse step 13/42 frontier=595872 elapsed=577.314s
    depth 32: determinant reverse step 14/42 frontier=446405 elapsed=591.313s
    depth 32: determinant reverse step 15/42 frontier=332557 elapsed=601.719s
    depth 32: determinant reverse step 16/42 frontier=246288 elapsed=609.205s
    depth 32: determinant reverse step 17/42 frontier=181274 elapsed=614.495s
    depth 32: determinant reverse step 18/42 frontier=132559 elapsed=618.229s
    depth 32: determinant reverse step 19/42 frontier=96271 elapsed=620.854s
    depth 32: determinant reverse step 20/42 frontier=69414 elapsed=622.722s
    depth 32: determinant reverse step 21/42 frontier=49668 elapsed=624.048s
    depth 32: determinant reverse step 22/42 frontier=35251 elapsed=624.923s
    depth 32: determinant reverse step 23/42 frontier=24803 elapsed=625.5s
    depth 32: determinant reverse step 24/42 frontier=17293 elapsed=625.9s
    depth 32: determinant reverse step 25/42 frontier=11937 elapsed=626.161s
    depth 32: determinant reverse step 26/42 frontier=8154 elapsed=626.326s
    depth 32: determinant reverse step 27/42 frontier=5507 elapsed=626.423s
    depth 32: determinant reverse step 28/42 frontier=3673 elapsed=626.483s
    depth 32: determinant reverse step 29/42 frontier=2417 elapsed=626.52s
    depth 32: determinant reverse step 30/42 frontier=1568 elapsed=626.542s
    depth 32: determinant reverse step 31/42 frontier=1000 elapsed=626.555s
    depth 32: determinant reverse step 32/42 frontier=627 elapsed=626.562s
    depth 32: determinant reverse step 33/42 frontier=385 elapsed=626.566s
    depth 32: determinant reverse step 34/42 frontier=231 elapsed=626.568s
    depth 32: determinant reverse step 35/42 frontier=135 elapsed=626.569s
    depth 32: determinant reverse step 36/42 frontier=77 elapsed=626.569s
    depth 32: determinant reverse step 37/42 frontier=42 elapsed=626.569s
    depth 32: determinant reverse step 38/42 frontier=22 elapsed=626.569s
    depth 32: determinant reverse step 39/42 frontier=11 elapsed=626.569s
    depth 32: determinant reverse step 40/42 frontier=5 elapsed=626.569s
    depth 32: determinant reverse step 41/42 frontier=2 elapsed=626.569s
    depth 32: determinant reverse step 42/42 frontier=1 elapsed=626.569s
  D_10 Delta_42 = 24675684153344560558912323893303033081155300749046
    depth 33: determinant reverse step 1/43 frontier=147107 elapsed=0.580657s
    depth 33: determinant reverse step 2/43 frontier=586546 elapsed=8.84366s
    depth 33: determinant reverse step 3/43 frontier=1251341 elapsed=40.8662s
    depth 33: determinant reverse step 4/43 frontier=1975531 elapsed=106.515s
    depth 33: determinant reverse step 5/43 frontier=2597669 elapsed=203.468s
    depth 33: determinant reverse step 6/43 frontier=2999547 elapsed=314.939s
    depth 33: determinant reverse step 7/43 frontier=3092739 elapsed=427.315s
    depth 33: determinant reverse step 8/43 frontier=2837640 elapsed=531.417s
    depth 33: determinant reverse step 9/43 frontier=2328132 elapsed=617.806s
    depth 33: determinant reverse step 10/43 frontier=1796874 elapsed=684.165s
    depth 33: determinant reverse step 11/43 frontier=1373531 elapsed=733.133s
    depth 33: determinant reverse step 12/43 frontier=1044986 elapsed=769.949s
    depth 33: determinant reverse step 13/43 frontier=791131 elapsed=797.509s
    depth 33: determinant reverse step 14/43 frontier=595872 elapsed=817.059s
    depth 33: determinant reverse step 15/43 frontier=446405 elapsed=830.903s
    depth 33: determinant reverse step 16/43 frontier=332557 elapsed=841.098s
    depth 33: determinant reverse step 17/43 frontier=246288 elapsed=848.513s
    depth 33: determinant reverse step 18/43 frontier=181274 elapsed=853.884s
    depth 33: determinant reverse step 19/43 frontier=132559 elapsed=857.722s
    depth 33: determinant reverse step 20/43 frontier=96271 elapsed=860.361s
    depth 33: determinant reverse step 21/43 frontier=69414 elapsed=862.184s
    depth 33: determinant reverse step 22/43 frontier=49668 elapsed=863.433s
    depth 33: determinant reverse step 23/43 frontier=35251 elapsed=864.279s
    depth 33: determinant reverse step 24/43 frontier=24803 elapsed=864.847s
    depth 33: determinant reverse step 25/43 frontier=17293 elapsed=865.199s
    depth 33: determinant reverse step 26/43 frontier=11937 elapsed=865.426s
    depth 33: determinant reverse step 27/43 frontier=8154 elapsed=865.568s
    depth 33: determinant reverse step 28/43 frontier=5507 elapsed=865.67s
    depth 33: determinant reverse step 29/43 frontier=3673 elapsed=865.73s
    depth 33: determinant reverse step 30/43 frontier=2417 elapsed=865.769s
    depth 33: determinant reverse step 31/43 frontier=1568 elapsed=865.791s
    depth 33: determinant reverse step 32/43 frontier=1000 elapsed=865.805s
    depth 33: determinant reverse step 33/43 frontier=627 elapsed=865.812s
    depth 33: determinant reverse step 34/43 frontier=385 elapsed=865.815s
    depth 33: determinant reverse step 35/43 frontier=231 elapsed=865.817s
    depth 33: determinant reverse step 36/43 frontier=135 elapsed=865.818s
    depth 33: determinant reverse step 37/43 frontier=77 elapsed=865.819s
    depth 33: determinant reverse step 38/43 frontier=42 elapsed=865.819s
    depth 33: determinant reverse step 39/43 frontier=22 elapsed=865.819s
    depth 33: determinant reverse step 40/43 frontier=11 elapsed=865.819s
    depth 33: determinant reverse step 41/43 frontier=5 elapsed=865.819s
    depth 33: determinant reverse step 42/43 frontier=2 elapsed=865.819s
    depth 33: determinant reverse step 43/43 frontier=1 elapsed=865.819s
  D_10 Delta_43 = 1157869615886727234194419474560337809596547658962150
    depth 34: determinant reverse step 1/44 frontier=182217 elapsed=0.700819s
    depth 34: determinant reverse step 2/44 frontier=738201 elapsed=11.1087s
    depth 34: determinant reverse step 3/44 frontier=1594407 elapsed=51.9314s
    depth 34: determinant reverse step 4/44 frontier=2538504 elapsed=136.896s
    depth 34: determinant reverse step 5/44 frontier=3355618 elapsed=256.847s
    depth 34: determinant reverse step 6/44 frontier=3884832 elapsed=396.883s
    depth 34: determinant reverse step 7/44 frontier=4007408 elapsed=539.093s
    depth 34: determinant reverse step 8/44 frontier=3675679 elapsed=670.315s
    depth 34: determinant reverse step 9/44 frontier=3019857 elapsed=777.986s
    depth 34: determinant reverse step 10/44 frontier=2340069 elapsed=864.233s
    depth 34: determinant reverse step 11/44 frontier=1796874 elapsed=929.077s
    depth 34: determinant reverse step 12/44 frontier=1373531 elapsed=979.145s
    depth 34: determinant reverse step 13/44 frontier=1044986 elapsed=1015.28s
    depth 34: determinant reverse step 14/44 frontier=791131 elapsed=1042.4s
    depth 34: determinant reverse step 15/44 frontier=595872 elapsed=1061.73s
    depth 34: determinant reverse step 16/44 frontier=446405 elapsed=1075.53s
    depth 34: determinant reverse step 17/44 frontier=332557 elapsed=1085.46s
    depth 34: determinant reverse step 18/44 frontier=246288 elapsed=1092.5s
    depth 34: determinant reverse step 19/44 frontier=181274 elapsed=1097.53s
    depth 34: determinant reverse step 20/44 frontier=132559 elapsed=1101.1s
    depth 34: determinant reverse step 21/44 frontier=96271 elapsed=1103.59s
    depth 34: determinant reverse step 22/44 frontier=69414 elapsed=1105.32s
    depth 34: determinant reverse step 23/44 frontier=49668 elapsed=1106.52s
    depth 34: determinant reverse step 24/44 frontier=35251 elapsed=1107.33s
    depth 34: determinant reverse step 25/44 frontier=24803 elapsed=1107.86s
    depth 34: determinant reverse step 26/44 frontier=17293 elapsed=1108.22s
    depth 34: determinant reverse step 27/44 frontier=11937 elapsed=1108.46s
    depth 34: determinant reverse step 28/44 frontier=8154 elapsed=1108.61s
    depth 34: determinant reverse step 29/44 frontier=5507 elapsed=1108.71s
    depth 34: determinant reverse step 30/44 frontier=3673 elapsed=1108.77s
    depth 34: determinant reverse step 31/44 frontier=2417 elapsed=1108.8s
    depth 34: determinant reverse step 32/44 frontier=1568 elapsed=1108.82s
    depth 34: determinant reverse step 33/44 frontier=1000 elapsed=1108.84s
    depth 34: determinant reverse step 34/44 frontier=627 elapsed=1108.84s
    depth 34: determinant reverse step 35/44 frontier=385 elapsed=1108.85s
    depth 34: determinant reverse step 36/44 frontier=231 elapsed=1108.85s
    depth 34: determinant reverse step 37/44 frontier=135 elapsed=1108.85s
    depth 34: determinant reverse step 38/44 frontier=77 elapsed=1108.85s
    depth 34: determinant reverse step 39/44 frontier=42 elapsed=1108.85s
    depth 34: determinant reverse step 40/44 frontier=22 elapsed=1108.85s
    depth 34: determinant reverse step 41/44 frontier=11 elapsed=1108.85s
    depth 34: determinant reverse step 42/44 frontier=5 elapsed=1108.85s
    depth 34: determinant reverse step 43/44 frontier=2 elapsed=1108.85s
    depth 34: determinant reverse step 44/44 frontier=1 elapsed=1108.85s
  D_10 Delta_44 = 55284336553776824793807374087180517493790981537482648
    depth 35: determinant reverse step 1/45 frontier=224893 elapsed=0.802244s
    depth 35: determinant reverse step 2/45 frontier=925633 elapsed=13.2886s
    depth 35: determinant reverse step 3/45 frontier=2023574 elapsed=62.8352s
    depth 35: determinant reverse step 4/45 frontier=3248578 elapsed=166.684s
    depth 35: determinant reverse step 5/45 frontier=4316454 elapsed=320.501s
    depth 35: determinant reverse step 6/45 frontier=5009789 elapsed=504.223s
    depth 35: determinant reverse step 7/45 frontier=5170205 elapsed=694.732s
    depth 35: determinant reverse step 8/45 frontier=4740953 elapsed=871.259s
    depth 35: determinant reverse step 9/45 frontier=3900572 elapsed=1022.92s
    depth 35: determinant reverse step 10/45 frontier=3034232 elapsed=1141.16s
    depth 35: determinant reverse step 11/45 frontier=2340069 elapsed=1230.99s
    depth 35: determinant reverse step 12/45 frontier=1796874 elapsed=1297.75s
    depth 35: determinant reverse step 13/45 frontier=1373531 elapsed=1347.94s
    depth 35: determinant reverse step 14/45 frontier=1044986 elapsed=1384.56s
    depth 35: determinant reverse step 15/45 frontier=791131 elapsed=1411.32s
    depth 35: determinant reverse step 16/45 frontier=595872 elapsed=1430.68s
    depth 35: determinant reverse step 17/45 frontier=446405 elapsed=1444.57s
    depth 35: determinant reverse step 18/45 frontier=332557 elapsed=1454.71s
    depth 35: determinant reverse step 19/45 frontier=246288 elapsed=1462.05s
    depth 35: determinant reverse step 20/45 frontier=181274 elapsed=1467.26s
    depth 35: determinant reverse step 21/45 frontier=132559 elapsed=1470.97s
    depth 35: determinant reverse step 22/45 frontier=96271 elapsed=1473.58s
    depth 35: determinant reverse step 23/45 frontier=69414 elapsed=1475.39s
    depth 35: determinant reverse step 24/45 frontier=49668 elapsed=1476.62s
    depth 35: determinant reverse step 25/45 frontier=35251 elapsed=1477.44s
    depth 35: determinant reverse step 26/45 frontier=24803 elapsed=1478.01s
    depth 35: determinant reverse step 27/45 frontier=17293 elapsed=1478.38s
    depth 35: determinant reverse step 28/45 frontier=11937 elapsed=1478.62s
    depth 35: determinant reverse step 29/45 frontier=8154 elapsed=1478.78s
    depth 35: determinant reverse step 30/45 frontier=5507 elapsed=1478.87s
    depth 35: determinant reverse step 31/45 frontier=3673 elapsed=1478.93s
    depth 35: determinant reverse step 32/45 frontier=2417 elapsed=1478.97s
    depth 35: determinant reverse step 33/45 frontier=1568 elapsed=1478.99s
    depth 35: determinant reverse step 34/45 frontier=1000 elapsed=1479s
    depth 35: determinant reverse step 35/45 frontier=627 elapsed=1479.01s
    depth 35: determinant reverse step 36/45 frontier=385 elapsed=1479.01s
    depth 35: determinant reverse step 37/45 frontier=231 elapsed=1479.02s
    depth 35: determinant reverse step 38/45 frontier=135 elapsed=1479.02s
    depth 35: determinant reverse step 39/45 frontier=77 elapsed=1479.02s
    depth 35: determinant reverse step 40/45 frontier=42 elapsed=1479.02s
    depth 35: determinant reverse step 41/45 frontier=22 elapsed=1479.02s
    depth 35: determinant reverse step 42/45 frontier=11 elapsed=1479.02s
    depth 35: determinant reverse step 43/45 frontier=5 elapsed=1479.02s
    depth 35: determinant reverse step 44/45 frontier=2 elapsed=1479.02s
    depth 35: determinant reverse step 45/45 frontier=1 elapsed=1479.02s
  D_10 Delta_45 = 2685085373779006991846555032383549503678255527832144456
    depth 36: determinant reverse step 1/46 frontier=276768 elapsed=0.984975s
    depth 36: determinant reverse step 2/46 frontier=1156706 elapsed=16.5826s
    depth 36: determinant reverse step 3/46 frontier=2558794 elapsed=80.6231s
    depth 36: determinant reverse step 4/46 frontier=4141165 elapsed=217.709s
    depth 36: determinant reverse step 5/46 frontier=5530142 elapsed=424.256s
    depth 36: determinant reverse step 6/46 frontier=6434045 elapsed=669.037s
    depth 36: determinant reverse step 7/46 frontier=6642950 elapsed=922.947s
    depth 36: determinant reverse step 8/46 frontier=6090081 elapsed=1160.5s
    depth 36: determinant reverse step 9/46 frontier=5017721 elapsed=1360.67s
    depth 36: determinant reverse step 10/46 frontier=3917865 elapsed=1518.96s
    depth 36: determinant reverse step 11/46 frontier=3034232 elapsed=1638.74s
    depth 36: determinant reverse step 12/46 frontier=2340069 elapsed=1729.59s
    depth 36: determinant reverse step 13/46 frontier=1796874 elapsed=1798.98s
    depth 36: determinant reverse step 14/46 frontier=1373531 elapsed=1850.66s
    depth 36: determinant reverse step 15/46 frontier=1044986 elapsed=1888.07s
    depth 36: determinant reverse step 16/46 frontier=791131 elapsed=1916.97s
    depth 36: determinant reverse step 17/46 frontier=595872 elapsed=1938.03s
    depth 36: determinant reverse step 18/46 frontier=446405 elapsed=1953s
    depth 36: determinant reverse step 19/46 frontier=332557 elapsed=1963.59s
    depth 36: determinant reverse step 20/46 frontier=246288 elapsed=1971.23s
    depth 36: determinant reverse step 21/46 frontier=181274 elapsed=1976.68s
    depth 36: determinant reverse step 22/46 frontier=132559 elapsed=1980.51s
    depth 36: determinant reverse step 23/46 frontier=96271 elapsed=1983.25s
    depth 36: determinant reverse step 24/46 frontier=69414 elapsed=1985.13s
    depth 36: determinant reverse step 25/46 frontier=49668 elapsed=1986.52s
    depth 36: determinant reverse step 26/46 frontier=35251 elapsed=1987.41s
    depth 36: determinant reverse step 27/46 frontier=24803 elapsed=1987.99s
    depth 36: determinant reverse step 28/46 frontier=17293 elapsed=1988.38s
    depth 36: determinant reverse step 29/46 frontier=11937 elapsed=1988.63s
    depth 36: determinant reverse step 30/46 frontier=8154 elapsed=1988.78s
    depth 36: determinant reverse step 31/46 frontier=5507 elapsed=1988.87s
    depth 36: determinant reverse step 32/46 frontier=3673 elapsed=1988.94s
    depth 36: determinant reverse step 33/46 frontier=2417 elapsed=1988.98s
    depth 36: determinant reverse step 34/46 frontier=1568 elapsed=1989s
    depth 36: determinant reverse step 35/46 frontier=1000 elapsed=1989.02s
    depth 36: determinant reverse step 36/46 frontier=627 elapsed=1989.03s
    depth 36: determinant reverse step 37/46 frontier=385 elapsed=1989.03s
    depth 36: determinant reverse step 38/46 frontier=231 elapsed=1989.03s
    depth 36: determinant reverse step 39/46 frontier=135 elapsed=1989.03s
    depth 36: determinant reverse step 40/46 frontier=77 elapsed=1989.03s
    depth 36: determinant reverse step 41/46 frontier=42 elapsed=1989.03s
    depth 36: determinant reverse step 42/46 frontier=22 elapsed=1989.03s
    depth 36: determinant reverse step 43/46 frontier=11 elapsed=1989.03s
    depth 36: determinant reverse step 44/46 frontier=5 elapsed=1989.03s
    depth 36: determinant reverse step 45/46 frontier=2 elapsed=1989.03s
    depth 36: determinant reverse step 46/46 frontier=1 elapsed=1989.03s
  D_10 Delta_46 = 132614789377129564865418311371222768178929409675033682685
    depth 37: determinant reverse step 1/47 frontier=339484 elapsed=1.32329s
    depth 37: determinant reverse step 2/47 frontier=1440531 elapsed=21.2325s
    depth 37: determinant reverse step 3/47 frontier=3223861 elapsed=105.18s
    depth 37: determinant reverse step 4/47 frontier=5259051 elapsed=286.988s
    depth 37: determinant reverse step 5/47 frontier=7057487 elapsed=564.33s
    depth 37: determinant reverse step 6/47 frontier=8230399 elapsed=888.962s
    depth 37: determinant reverse step 7/47 frontier=8501200 elapsed=1228.67s
    depth 37: determinant reverse step 8/47 frontier=7792338 elapsed=1544.79s
    depth 37: determinant reverse step 9/47 frontier=6429565 elapsed=1813.64s
    depth 37: determinant reverse step 10/47 frontier=5038443 elapsed=2024.65s
    depth 37: determinant reverse step 11/47 frontier=3917865 elapsed=2185.6s
    depth 37: determinant reverse step 12/47 frontier=3034232 elapsed=2308.64s
    depth 37: determinant reverse step 13/47 frontier=2340069 elapsed=2401.25s
    depth 37: determinant reverse step 14/47 frontier=1796874 elapsed=2470.28s
    depth 37: determinant reverse step 15/47 frontier=1373531 elapsed=2521.17s
    depth 37: determinant reverse step 16/47 frontier=1044986 elapsed=2558.95s
    depth 37: determinant reverse step 17/47 frontier=791131 elapsed=2586.35s
    depth 37: determinant reverse step 18/47 frontier=595872 elapsed=2606.61s
    depth 37: determinant reverse step 19/47 frontier=446405 elapsed=2621.14s
    depth 37: determinant reverse step 20/47 frontier=332557 elapsed=2631.88s
    depth 37: determinant reverse step 21/47 frontier=246288 elapsed=2639.54s
    depth 37: determinant reverse step 22/47 frontier=181274 elapsed=2644.9s
    depth 37: determinant reverse step 23/47 frontier=132559 elapsed=2648.74s
    depth 37: determinant reverse step 24/47 frontier=96271 elapsed=2651.35s
    depth 37: determinant reverse step 25/47 frontier=69414 elapsed=2653.26s
    depth 37: determinant reverse step 26/47 frontier=49668 elapsed=2654.61s
    depth 37: determinant reverse step 27/47 frontier=35251 elapsed=2655.54s
    depth 37: determinant reverse step 28/47 frontier=24803 elapsed=2656.11s
    depth 37: determinant reverse step 29/47 frontier=17293 elapsed=2656.48s
    depth 37: determinant reverse step 30/47 frontier=11937 elapsed=2656.72s
    depth 37: determinant reverse step 31/47 frontier=8154 elapsed=2656.88s
    depth 37: determinant reverse step 32/47 frontier=5507 elapsed=2656.97s
    depth 37: determinant reverse step 33/47 frontier=3673 elapsed=2657.03s
    depth 37: determinant reverse step 34/47 frontier=2417 elapsed=2657.07s
    depth 37: determinant reverse step 35/47 frontier=1568 elapsed=2657.09s
    depth 37: determinant reverse step 36/47 frontier=1000 elapsed=2657.11s
    depth 37: determinant reverse step 37/47 frontier=627 elapsed=2657.11s
    depth 37: determinant reverse step 38/47 frontier=385 elapsed=2657.12s
    depth 37: determinant reverse step 39/47 frontier=231 elapsed=2657.12s
    depth 37: determinant reverse step 40/47 frontier=135 elapsed=2657.12s
    depth 37: determinant reverse step 41/47 frontier=77 elapsed=2657.12s
    depth 37: determinant reverse step 42/47 frontier=42 elapsed=2657.12s
    depth 37: determinant reverse step 43/47 frontier=22 elapsed=2657.12s
    depth 37: determinant reverse step 44/47 frontier=11 elapsed=2657.12s
    depth 37: determinant reverse step 45/47 frontier=5 elapsed=2657.12s
    depth 37: determinant reverse step 46/47 frontier=2 elapsed=2657.12s
    depth 37: determinant reverse step 47/47 frontier=1 elapsed=2657.12s
  D_10 Delta_47 = 6658413172591333514151745898782953593656917960237174037754
    depth 38: determinant reverse step 1/48 frontier=415287 elapsed=1.44719s
    depth 38: determinant reverse step 2/48 frontier=1788313 elapsed=25.7296s
    depth 38: determinant reverse step 3/48 frontier=4047874 elapsed=129.282s
    depth 38: determinant reverse step 4/48 frontier=6654662 elapsed=355.113s
    depth 38: determinant reverse step 5/48 frontier=8973124 elapsed=708.927s
    depth 38: determinant reverse step 6/48 frontier=10488288 elapsed=1128.39s
    depth 38: determinant reverse step 7/48 frontier=10837742 elapsed=1567.2s
    depth 38: determinant reverse step 8/48 frontier=9932736 elapsed=1983.6s
    depth 38: determinant reverse step 9/48 frontier=8207625 elapsed=2336.25s
    depth 38: determinant reverse step 10/48 frontier=6454368 elapsed=2616.02s
    depth 38: determinant reverse step 11/48 frontier=5038443 elapsed=2828.82s
    depth 38: determinant reverse step 12/48 frontier=3917865 elapsed=2992.27s
    depth 38: determinant reverse step 13/48 frontier=3034232 elapsed=3116.21s
    depth 38: determinant reverse step 14/48 frontier=2340069 elapsed=3209.59s
    depth 38: determinant reverse step 15/48 frontier=1796874 elapsed=3279.1s
    depth 38: determinant reverse step 16/48 frontier=1373531 elapsed=3331.21s
    depth 38: determinant reverse step 17/48 frontier=1044986 elapsed=3369.1s
    depth 38: determinant reverse step 18/48 frontier=791131 elapsed=3396.95s
    depth 38: determinant reverse step 19/48 frontier=595872 elapsed=3417.43s
    depth 38: determinant reverse step 20/48 frontier=446405 elapsed=3432.53s
    depth 38: determinant reverse step 21/48 frontier=332557 elapsed=3443.34s
    depth 38: determinant reverse step 22/48 frontier=246288 elapsed=3451.11s
    depth 38: determinant reverse step 23/48 frontier=181274 elapsed=3456.78s
    depth 38: determinant reverse step 24/48 frontier=132559 elapsed=3460.73s
    depth 38: determinant reverse step 25/48 frontier=96271 elapsed=3463.45s
    depth 38: determinant reverse step 26/48 frontier=69414 elapsed=3465.3s
    depth 38: determinant reverse step 27/48 frontier=49668 elapsed=3466.63s
    depth 38: determinant reverse step 28/48 frontier=35251 elapsed=3467.55s
    depth 38: determinant reverse step 29/48 frontier=24803 elapsed=3468.14s
    depth 38: determinant reverse step 30/48 frontier=17293 elapsed=3468.54s
    depth 38: determinant reverse step 31/48 frontier=11937 elapsed=3468.78s
    depth 38: determinant reverse step 32/48 frontier=8154 elapsed=3468.93s
    depth 38: determinant reverse step 33/48 frontier=5507 elapsed=3469.03s
    depth 38: determinant reverse step 34/48 frontier=3673 elapsed=3469.09s
    depth 38: determinant reverse step 35/48 frontier=2417 elapsed=3469.13s
    depth 38: determinant reverse step 36/48 frontier=1568 elapsed=3469.15s
    depth 38: determinant reverse step 37/48 frontier=1000 elapsed=3469.16s
    depth 38: determinant reverse step 38/48 frontier=627 elapsed=3469.17s
    depth 38: determinant reverse step 39/48 frontier=385 elapsed=3469.17s
    depth 38: determinant reverse step 40/48 frontier=231 elapsed=3469.17s
    depth 38: determinant reverse step 41/48 frontier=135 elapsed=3469.18s
    depth 38: determinant reverse step 42/48 frontier=77 elapsed=3469.18s
    depth 38: determinant reverse step 43/48 frontier=42 elapsed=3469.18s
    depth 38: determinant reverse step 44/48 frontier=22 elapsed=3469.18s
    depth 38: determinant reverse step 45/48 frontier=11 elapsed=3469.18s
    depth 38: determinant reverse step 46/48 frontier=5 elapsed=3469.18s
    depth 38: determinant reverse step 47/48 frontier=2 elapsed=3469.18s
    depth 38: determinant reverse step 48/48 frontier=1 elapsed=3469.18s
  D_10 Delta_48 = 339753714815961245540492478343768397562774387842356276954604
    depth 39: determinant reverse step 1/49 frontier=506475 elapsed=1.86414s
    depth 39: determinant reverse step 2/49 frontier=2213039 elapsed=31.2314s
    depth 39: determinant reverse step 3/49 frontier=5065429 elapsed=158.951s
    depth 39: determinant reverse step 4/49 frontier=8391091 elapsed=445.538s
    depth 39: determinant reverse step 5/49 frontier=11367462 elapsed=902.119s
    depth 39: determinant reverse step 6/49 frontier=13316341 elapsed=1448.15s
    depth 39: determinant reverse step 7/49 frontier=13765404 elapsed=2027.94s
    depth 39: determinant reverse step 8/49 frontier=12614772 elapsed=2583.05s
