m=28 remaining low-row lower certificate
stable Chain diff D(28) = 153889275723409762152911972708157654219985447590746073156624800187079091955425345536
negative linear coefficient indices = [27, 28, 29, 30, 31, 32, 33, 34]
negative quadratic pairs = [(0,59,-8), (1,58,-440), (2,57,-11864), (3,56,-209000), (4,55,-2704688), (5,54,-27410768), (6,53,-226472400), (7,52,-1567971504), (8,51,-9279424440), (9,50,-47648202888), (10,49,-214740051240), (11,48,-857117515800), (12,47,-3051600071520), (13,46,-9745874090400), (14,45,-28042705115040), (15,44,-72935904877920), (16,43,-171847064881800), (17,42,-367200514933560), (18,41,-711478029523800), (19,40,-1247835262978920), (20,39,-1973017012668240), (21,38,-2790596437028400), (22,37,-3478870024659120), (23,36,-3708486380398800), (24,35,-3135356667064440), (25,34,-1557564279767496), (27,34,-1035350614872644), (28,33,-3771634382750346), (29,32,-6199353065899994), (30,31,-7629973004184608)]
begin D_11 lower row
  D_11 Delta_11 = 1
  D_11 Delta_12 = 55
  D_11 Delta_13 = 2211
  D_11 Delta_14 = 77155
  D_11 Delta_15 = 2514526
    depth 5: determinant reverse step 1/16 frontier=28 elapsed=0.000414846s
    depth 5: determinant reverse step 2/16 frontier=55 elapsed=0.00206831s
    depth 5: determinant reverse step 3/16 frontier=67 elapsed=0.00533419s
    depth 5: determinant reverse step 4/16 frontier=72 elapsed=0.00841911s
    depth 5: determinant reverse step 5/16 frontier=74 elapsed=0.0108108s
    depth 5: determinant reverse step 6/16 frontier=74 elapsed=0.0126749s
    depth 5: determinant reverse step 7/16 frontier=74 elapsed=0.0142307s
    depth 5: determinant reverse step 8/16 frontier=74 elapsed=0.015171s
    depth 5: determinant reverse step 9/16 frontier=73 elapsed=0.0157896s
    depth 5: determinant reverse step 10/16 frontier=66 elapsed=0.0161593s
    depth 5: determinant reverse step 11/16 frontier=42 elapsed=0.0163568s
    depth 5: determinant reverse step 12/16 frontier=22 elapsed=0.0164456s
    depth 5: determinant reverse step 13/16 frontier=11 elapsed=0.0164833s
    depth 5: determinant reverse step 14/16 frontier=5 elapsed=0.0164962s
    depth 5: determinant reverse step 15/16 frontier=2 elapsed=0.0164999s
    depth 5: determinant reverse step 16/16 frontier=1 elapsed=0.0165022s
  D_11 Delta_16 = 79224783
    depth 6: determinant reverse step 1/17 frontier=47 elapsed=0.000680813s
    depth 6: determinant reverse step 2/17 frontier=95 elapsed=0.00334296s
    depth 6: determinant reverse step 3/17 frontier=120 elapsed=0.00826321s
    depth 6: determinant reverse step 4/17 frontier=132 elapsed=0.0133516s
    depth 6: determinant reverse step 5/17 frontier=137 elapsed=0.0179677s
    depth 6: determinant reverse step 6/17 frontier=139 elapsed=0.021733s
    depth 6: determinant reverse step 7/17 frontier=139 elapsed=0.0244824s
    depth 6: determinant reverse step 8/17 frontier=139 elapsed=0.0263602s
    depth 6: determinant reverse step 9/17 frontier=136 elapsed=0.0275835s
    depth 6: determinant reverse step 10/17 frontier=120 elapsed=0.0284737s
    depth 6: determinant reverse step 11/17 frontier=77 elapsed=0.0289627s
    depth 6: determinant reverse step 12/17 frontier=42 elapsed=0.0291927s
    depth 6: determinant reverse step 13/17 frontier=22 elapsed=0.0292895s
    depth 6: determinant reverse step 14/17 frontier=11 elapsed=0.0293218s
    depth 6: determinant reverse step 15/17 frontier=5 elapsed=0.029333s
    depth 6: determinant reverse step 16/17 frontier=2 elapsed=0.0293487s
    depth 6: determinant reverse step 17/17 frontier=1 elapsed=0.0293512s
  D_11 Delta_17 = 2460863476
    depth 7: determinant reverse step 1/18 frontier=73 elapsed=0.00107552s
    depth 7: determinant reverse step 2/18 frontier=156 elapsed=0.00661785s
    depth 7: determinant reverse step 3/18 frontier=204 elapsed=0.0151522s
    depth 7: determinant reverse step 4/18 frontier=230 elapsed=0.024293s
    depth 7: determinant reverse step 5/18 frontier=242 elapsed=0.038692s
    depth 7: determinant reverse step 6/18 frontier=247 elapsed=0.0466479s
    depth 7: determinant reverse step 7/18 frontier=249 elapsed=0.051717s
    depth 7: determinant reverse step 8/18 frontier=248 elapsed=0.0555346s
    depth 7: determinant reverse step 9/18 frontier=241 elapsed=0.0580413s
    depth 7: determinant reverse step 10/18 frontier=209 elapsed=0.0597994s
    depth 7: determinant reverse step 11/18 frontier=135 elapsed=0.0607898s
    depth 7: determinant reverse step 12/18 frontier=77 elapsed=0.0612887s
    depth 7: determinant reverse step 13/18 frontier=42 elapsed=0.0615071s
    depth 7: determinant reverse step 14/18 frontier=22 elapsed=0.0616232s
    depth 7: determinant reverse step 15/18 frontier=11 elapsed=0.0616636s
    depth 7: determinant reverse step 16/18 frontier=5 elapsed=0.0616842s
    depth 7: determinant reverse step 17/18 frontier=2 elapsed=0.0616885s
    depth 7: determinant reverse step 18/18 frontier=1 elapsed=0.0616906s
  D_11 Delta_18 = 76262603959
    depth 8: determinant reverse step 1/19 frontier=114 elapsed=0.0013828s
    depth 8: determinant reverse step 2/19 frontier=251 elapsed=0.00783779s
    depth 8: determinant reverse step 3/19 frontier=338 elapsed=0.0213123s
    depth 8: determinant reverse step 4/19 frontier=389 elapsed=0.0365981s
    depth 8: determinant reverse step 5/19 frontier=415 elapsed=0.0504928s
    depth 8: determinant reverse step 6/19 frontier=427 elapsed=0.0625122s
    depth 8: determinant reverse step 7/19 frontier=432 elapsed=0.0721349s
    depth 8: determinant reverse step 8/19 frontier=431 elapsed=0.0791195s
    depth 8: determinant reverse step 9/19 frontier=415 elapsed=0.0839645s
    depth 8: determinant reverse step 10/19 frontier=355 elapsed=0.0872224s
    depth 8: determinant reverse step 11/19 frontier=231 elapsed=0.0891299s
    depth 8: determinant reverse step 12/19 frontier=135 elapsed=0.0901241s
    depth 8: determinant reverse step 13/19 frontier=77 elapsed=0.090617s
    depth 8: determinant reverse step 14/19 frontier=42 elapsed=0.0908377s
    depth 8: determinant reverse step 15/19 frontier=22 elapsed=0.0909363s
    depth 8: determinant reverse step 16/19 frontier=11 elapsed=0.0909965s
    depth 8: determinant reverse step 17/19 frontier=5 elapsed=0.0910132s
    depth 8: determinant reverse step 18/19 frontier=2 elapsed=0.091017s
    depth 8: determinant reverse step 19/19 frontier=1 elapsed=0.0910192s
  D_11 Delta_19 = 2376076119246
    depth 9: determinant reverse step 1/20 frontier=170 elapsed=0.00195749s
    depth 9: determinant reverse step 2/20 frontier=391 elapsed=0.0124031s
    depth 9: determinant reverse step 3/20 frontier=543 elapsed=0.0326434s
    depth 9: determinant reverse step 4/20 frontier=637 elapsed=0.0575104s
    depth 9: determinant reverse step 5/20 frontier=689 elapsed=0.0809609s
    depth 9: determinant reverse step 6/20 frontier=715 elapsed=0.102074s
    depth 9: determinant reverse step 7/20 frontier=726 elapsed=0.119254s
    depth 9: determinant reverse step 8/20 frontier=724 elapsed=0.132073s
    depth 9: determinant reverse step 9/20 frontier=693 elapsed=0.140944s
    depth 9: determinant reverse step 10/20 frontier=585 elapsed=0.147044s
    depth 9: determinant reverse step 11/20 frontier=385 elapsed=0.150872s
    depth 9: determinant reverse step 12/20 frontier=231 elapsed=0.152861s
    depth 9: determinant reverse step 13/20 frontier=135 elapsed=0.153931s
    depth 9: determinant reverse step 14/20 frontier=77 elapsed=0.154468s
    depth 9: determinant reverse step 15/20 frontier=42 elapsed=0.154681s
    depth 9: determinant reverse step 16/20 frontier=22 elapsed=0.154779s
    depth 9: determinant reverse step 17/20 frontier=11 elapsed=0.154814s
    depth 9: determinant reverse step 18/20 frontier=5 elapsed=0.154827s
    depth 9: determinant reverse step 19/20 frontier=2 elapsed=0.154836s
    depth 9: determinant reverse step 20/20 frontier=1 elapsed=0.154839s
  D_11 Delta_20 = 74807472731005
    depth 10: determinant reverse step 1/21 frontier=253 elapsed=0.00263187s
    depth 10: determinant reverse step 2/21 frontier=599 elapsed=0.0175832s
    depth 10: determinant reverse step 3/21 frontier=854 elapsed=0.0495113s
    depth 10: determinant reverse step 4/21 frontier=1021 elapsed=0.0889882s
    depth 10: determinant reverse step 5/21 frontier=1118 elapsed=0.129557s
    depth 10: determinant reverse step 6/21 frontier=1170 elapsed=0.165904s
    depth 10: determinant reverse step 7/21 frontier=1193 elapsed=0.194469s
    depth 10: determinant reverse step 8/21 frontier=1189 elapsed=0.216444s
    depth 10: determinant reverse step 9/21 frontier=1131 elapsed=0.233658s
    depth 10: determinant reverse step 10/21 frontier=946 elapsed=0.244416s
    depth 10: determinant reverse step 11/21 frontier=627 elapsed=0.25103s
    depth 10: determinant reverse step 12/21 frontier=385 elapsed=0.254875s
    depth 10: determinant reverse step 13/21 frontier=231 elapsed=0.256881s
    depth 10: determinant reverse step 14/21 frontier=135 elapsed=0.257949s
    depth 10: determinant reverse step 15/21 frontier=77 elapsed=0.258471s
    depth 10: determinant reverse step 16/21 frontier=42 elapsed=0.258695s
    depth 10: determinant reverse step 17/21 frontier=22 elapsed=0.258799s
    depth 10: determinant reverse step 18/21 frontier=11 elapsed=0.258835s
    depth 10: determinant reverse step 19/21 frontier=5 elapsed=0.258849s
    depth 10: determinant reverse step 20/21 frontier=2 elapsed=0.258853s
    depth 10: determinant reverse step 21/21 frontier=1 elapsed=0.258855s
  D_11 Delta_21 = 2388183116955391
    depth 11: determinant reverse step 1/22 frontier=365 elapsed=0.00365343s
    depth 11: determinant reverse step 2/22 frontier=897 elapsed=0.0247029s
    depth 11: determinant reverse step 3/22 frontier=1313 elapsed=0.0728306s
    depth 11: determinant reverse step 4/22 frontier=1598 elapsed=0.133737s
    depth 11: determinant reverse step 5/22 frontier=1772 elapsed=0.20111s
    depth 11: determinant reverse step 6/22 frontier=1869 elapsed=0.257314s
    depth 11: determinant reverse step 7/22 frontier=1914 elapsed=0.305217s
    depth 11: determinant reverse step 8/22 frontier=1907 elapsed=0.342893s
    depth 11: determinant reverse step 9/22 frontier=1803 elapsed=0.370806s
    depth 11: determinant reverse step 10/22 frontier=1496 elapsed=0.390325s
    depth 11: determinant reverse step 11/22 frontier=1002 elapsed=0.402804s
    depth 11: determinant reverse step 12/22 frontier=627 elapsed=0.410063s
    depth 11: determinant reverse step 13/22 frontier=385 elapsed=0.414034s
    depth 11: determinant reverse step 14/22 frontier=231 elapsed=0.416066s
    depth 11: determinant reverse step 15/22 frontier=135 elapsed=0.417098s
    depth 11: determinant reverse step 16/22 frontier=77 elapsed=0.417573s
    depth 11: determinant reverse step 17/22 frontier=42 elapsed=0.417784s
    depth 11: determinant reverse step 18/22 frontier=22 elapsed=0.417878s
    depth 11: determinant reverse step 19/22 frontier=11 elapsed=0.417913s
    depth 11: determinant reverse step 20/22 frontier=5 elapsed=0.417927s
    depth 11: determinant reverse step 21/22 frontier=2 elapsed=0.417937s
    depth 11: determinant reverse step 22/22 frontier=1 elapsed=0.417939s
  D_11 Delta_22 = 77492629399345125
    depth 12: determinant reverse step 1/23 frontier=525 elapsed=0.00479623s
    depth 12: determinant reverse step 2/23 frontier=1326 elapsed=0.0359587s
    depth 12: determinant reverse step 3/23 frontier=1988 elapsed=0.109503s
    depth 12: determinant reverse step 4/23 frontier=2460 elapsed=0.213614s
    depth 12: determinant reverse step 5/23 frontier=2760 elapsed=0.314549s
    depth 12: determinant reverse step 6/23 frontier=2934 elapsed=0.405288s
    depth 12: determinant reverse step 7/23 frontier=3016 elapsed=0.481403s
    depth 12: determinant reverse step 8/23 frontier=3005 elapsed=0.542831s
    depth 12: determinant reverse step 9/23 frontier=2826 elapsed=0.589555s
    depth 12: determinant reverse step 10/23 frontier=2328 elapsed=0.623378s
    depth 12: determinant reverse step 11/23 frontier=1573 elapsed=0.644424s
    depth 12: determinant reverse step 12/23 frontier=1002 elapsed=0.656539s
    depth 12: determinant reverse step 13/23 frontier=627 elapsed=0.663391s
    depth 12: determinant reverse step 14/23 frontier=385 elapsed=0.667081s
    depth 12: determinant reverse step 15/23 frontier=231 elapsed=0.668987s
    depth 12: determinant reverse step 16/23 frontier=135 elapsed=0.669938s
    depth 12: determinant reverse step 17/23 frontier=77 elapsed=0.670434s
    depth 12: determinant reverse step 18/23 frontier=42 elapsed=0.670632s
    depth 12: determinant reverse step 19/23 frontier=22 elapsed=0.670716s
    depth 12: determinant reverse step 20/23 frontier=11 elapsed=0.670744s
    depth 12: determinant reverse step 21/23 frontier=5 elapsed=0.670754s
    depth 12: determinant reverse step 22/23 frontier=2 elapsed=0.670756s
    depth 12: determinant reverse step 23/23 frontier=1 elapsed=0.670758s
  D_11 Delta_23 = 2559964720012564711
    depth 13: determinant reverse step 1/24 frontier=738 elapsed=0.00626108s
    depth 13: determinant reverse step 2/24 frontier=1926 elapsed=0.0492199s
    depth 13: determinant reverse step 3/24 frontier=2957 elapsed=0.153913s
    depth 13: determinant reverse step 4/24 frontier=3720 elapsed=0.294254s
    depth 13: determinant reverse step 5/24 frontier=4221 elapsed=0.44764s
    depth 13: determinant reverse step 6/24 frontier=4521 elapsed=0.598918s
    depth 13: determinant reverse step 7/24 frontier=4666 elapsed=0.722661s
    depth 13: determinant reverse step 8/24 frontier=4647 elapsed=0.822488s
    depth 13: determinant reverse step 9/24 frontier=4350 elapsed=0.898327s
    depth 13: determinant reverse step 10/24 frontier=3564 elapsed=0.952489s
    depth 13: determinant reverse step 11/24 frontier=2429 elapsed=0.987833s
    depth 13: determinant reverse step 12/24 frontier=1573 elapsed=1.00887s
    depth 13: determinant reverse step 13/24 frontier=1002 elapsed=1.02095s
    depth 13: determinant reverse step 14/24 frontier=627 elapsed=1.02761s
    depth 13: determinant reverse step 15/24 frontier=385 elapsed=1.03138s
    depth 13: determinant reverse step 16/24 frontier=231 elapsed=1.03324s
    depth 13: determinant reverse step 17/24 frontier=135 elapsed=1.03421s
    depth 13: determinant reverse step 18/24 frontier=77 elapsed=1.03469s
    depth 13: determinant reverse step 19/24 frontier=42 elapsed=1.03488s
    depth 13: determinant reverse step 20/24 frontier=22 elapsed=1.03496s
    depth 13: determinant reverse step 21/24 frontier=11 elapsed=1.03499s
    depth 13: determinant reverse step 22/24 frontier=5 elapsed=1.035s
    depth 13: determinant reverse step 23/24 frontier=2 elapsed=1.03501s
    depth 13: determinant reverse step 24/24 frontier=1 elapsed=1.03501s
  D_11 Delta_24 = 86193320154432032290
    depth 14: determinant reverse step 1/25 frontier=1033 elapsed=0.0082416s
    depth 14: determinant reverse step 2/25 frontier=2767 elapsed=0.0678888s
    depth 14: determinant reverse step 3/25 frontier=4342 elapsed=0.216902s
    depth 14: determinant reverse step 4/25 frontier=5548 elapsed=0.428168s
    depth 14: determinant reverse step 5/25 frontier=6364 elapsed=0.666297s
    depth 14: determinant reverse step 6/25 frontier=6865 elapsed=0.885117s
    depth 14: determinant reverse step 7/25 frontier=7112 elapsed=1.07565s
    depth 14: determinant reverse step 8/25 frontier=7082 elapsed=1.23581s
    depth 14: determinant reverse step 9/25 frontier=6599 elapsed=1.35888s
    depth 14: determinant reverse step 10/25 frontier=5383 elapsed=1.44724s
    depth 14: determinant reverse step 11/25 frontier=3699 elapsed=1.50781s
    depth 14: determinant reverse step 12/25 frontier=2429 elapsed=1.54416s
    depth 14: determinant reverse step 13/25 frontier=1573 elapsed=1.56569s
    depth 14: determinant reverse step 14/25 frontier=1002 elapsed=1.57764s
    depth 14: determinant reverse step 15/25 frontier=627 elapsed=1.58435s
    depth 14: determinant reverse step 16/25 frontier=385 elapsed=1.58797s
    depth 14: determinant reverse step 17/25 frontier=231 elapsed=1.58989s
    depth 14: determinant reverse step 18/25 frontier=135 elapsed=1.59086s
    depth 14: determinant reverse step 19/25 frontier=77 elapsed=1.59131s
    depth 14: determinant reverse step 20/25 frontier=42 elapsed=1.59151s
    depth 14: determinant reverse step 21/25 frontier=22 elapsed=1.59159s
    depth 14: determinant reverse step 22/25 frontier=11 elapsed=1.59162s
    depth 14: determinant reverse step 23/25 frontier=5 elapsed=1.59163s
    depth 14: determinant reverse step 24/25 frontier=2 elapsed=1.59164s
    depth 14: determinant reverse step 25/25 frontier=1 elapsed=1.59164s
  D_11 Delta_25 = 2960078604114240126516
    depth 16: determinant reverse step 1/27 frontier=1948 elapsed=0.0143025s
    depth 16: determinant reverse step 2/27 frontier=5507 elapsed=0.137518s
    depth 16: determinant reverse step 3/27 frontier=9013 elapsed=0.44224s
    depth 16: determinant reverse step 4/27 frontier=11860 elapsed=0.902632s
    depth 16: determinant reverse step 5/27 frontier=13888 elapsed=1.4308s
    depth 16: determinant reverse step 6/27 frontier=15188 elapsed=1.9413s
    depth 16: determinant reverse step 7/27 frontier=15844 elapsed=2.40667s
    depth 16: determinant reverse step 8/27 frontier=15772 elapsed=2.79364s
    depth 16: determinant reverse step 9/27 frontier=14585 elapsed=3.10016s
    depth 16: determinant reverse step 10/27 frontier=11818 elapsed=3.33487s
    depth 16: determinant reverse step 11/27 frontier=8252 elapsed=3.4895s
    depth 16: determinant reverse step 12/27 frontier=5559 elapsed=3.58692s
    depth 16: determinant reverse step 13/27 frontier=3699 elapsed=3.64876s
    depth 16: determinant reverse step 14/27 frontier=2429 elapsed=3.68712s
    depth 16: determinant reverse step 15/27 frontier=1573 elapsed=3.7083s
    depth 16: determinant reverse step 16/27 frontier=1002 elapsed=3.72033s
    depth 16: determinant reverse step 17/27 frontier=627 elapsed=3.72706s
    depth 16: determinant reverse step 18/27 frontier=385 elapsed=3.73081s
    depth 16: determinant reverse step 19/27 frontier=231 elapsed=3.73276s
    depth 16: determinant reverse step 20/27 frontier=135 elapsed=3.73374s
    depth 16: determinant reverse step 21/27 frontier=77 elapsed=3.7342s
    depth 16: determinant reverse step 22/27 frontier=42 elapsed=3.7344s
    depth 16: determinant reverse step 23/27 frontier=22 elapsed=3.73449s
    depth 16: determinant reverse step 24/27 frontier=11 elapsed=3.73452s
    depth 16: determinant reverse step 25/27 frontier=5 elapsed=3.73453s
    depth 16: determinant reverse step 26/27 frontier=2 elapsed=3.73453s
    depth 16: determinant reverse step 27/27 frontier=1 elapsed=3.73453s
  D_11 Delta_27 = 3710848554707167840704166
    depth 17: determinant reverse step 1/28 frontier=2634 elapsed=0.0185613s
    depth 17: determinant reverse step 2/28 frontier=7648 elapsed=0.174863s
    depth 17: determinant reverse step 3/28 frontier=12770 elapsed=0.609499s
    depth 17: determinant reverse step 4/28 frontier=17041 elapsed=1.2833s
    depth 17: determinant reverse step 5/28 frontier=20153 elapsed=2.06801s
    depth 17: determinant reverse step 6/28 frontier=22181 elapsed=2.85016s
    depth 17: determinant reverse step 7/28 frontier=23216 elapsed=3.54775s
    depth 17: determinant reverse step 8/28 frontier=23107 elapsed=4.15087s
    depth 17: determinant reverse step 9/28 frontier=21296 elapsed=4.62746s
    depth 17: determinant reverse step 10/28 frontier=17219 elapsed=4.98258s
    depth 17: determinant reverse step 11/28 frontier=12115 elapsed=5.22213s
    depth 17: determinant reverse step 12/28 frontier=8252 elapsed=5.37658s
    depth 17: determinant reverse step 13/28 frontier=5559 elapsed=5.47379s
    depth 17: determinant reverse step 14/28 frontier=3699 elapsed=5.53301s
    depth 17: determinant reverse step 15/28 frontier=2429 elapsed=5.5684s
    depth 17: determinant reverse step 16/28 frontier=1573 elapsed=5.58928s
    depth 17: determinant reverse step 17/28 frontier=1002 elapsed=5.60128s
    depth 17: determinant reverse step 18/28 frontier=627 elapsed=5.60796s
    depth 17: determinant reverse step 19/28 frontier=385 elapsed=5.61158s
    depth 17: determinant reverse step 20/28 frontier=231 elapsed=5.61352s
    depth 17: determinant reverse step 21/28 frontier=135 elapsed=5.61448s
    depth 17: determinant reverse step 22/28 frontier=77 elapsed=5.61494s
    depth 17: determinant reverse step 23/28 frontier=42 elapsed=5.61514s
    depth 17: determinant reverse step 24/28 frontier=22 elapsed=5.61522s
    depth 17: determinant reverse step 25/28 frontier=11 elapsed=5.61525s
    depth 17: determinant reverse step 26/28 frontier=5 elapsed=5.61526s
    depth 17: determinant reverse step 27/28 frontier=2 elapsed=5.61526s
    depth 17: determinant reverse step 28/28 frontier=1 elapsed=5.61526s
  D_11 Delta_28 = 135515970353156388117254676
    depth 18: determinant reverse step 1/29 frontier=3545 elapsed=0.0237206s
    depth 18: determinant reverse step 2/29 frontier=10536 elapsed=0.231256s
    depth 18: determinant reverse step 3/29 frontier=17929 elapsed=0.842221s
    depth 18: determinant reverse step 4/29 frontier=24248 elapsed=1.80234s
    depth 18: determinant reverse step 5/29 frontier=28948 elapsed=2.95626s
    depth 18: determinant reverse step 6/29 frontier=32060 elapsed=4.09025s
    depth 18: determinant reverse step 7/29 frontier=33659 elapsed=5.11551s
    depth 18: determinant reverse step 8/29 frontier=33497 elapsed=5.99372s
    depth 18: determinant reverse step 9/29 frontier=30778 elapsed=6.69837s
    depth 18: determinant reverse step 10/29 frontier=24841 elapsed=7.23664s
    depth 18: determinant reverse step 11/29 frontier=17604 elapsed=7.60032s
    depth 18: determinant reverse step 12/29 frontier=12115 elapsed=7.84099s
    depth 18: determinant reverse step 13/29 frontier=8252 elapsed=7.99283s
    depth 18: determinant reverse step 14/29 frontier=5559 elapsed=8.09634s
    depth 18: determinant reverse step 15/29 frontier=3699 elapsed=8.15861s
    depth 18: determinant reverse step 16/29 frontier=2429 elapsed=8.19415s
    depth 18: determinant reverse step 17/29 frontier=1573 elapsed=8.21514s
    depth 18: determinant reverse step 18/29 frontier=1002 elapsed=8.22723s
    depth 18: determinant reverse step 19/29 frontier=627 elapsed=8.23398s
    depth 18: determinant reverse step 20/29 frontier=385 elapsed=8.2376s
    depth 18: determinant reverse step 21/29 frontier=231 elapsed=8.23951s
    depth 18: determinant reverse step 22/29 frontier=135 elapsed=8.24048s
    depth 18: determinant reverse step 23/29 frontier=77 elapsed=8.24093s
    depth 18: determinant reverse step 24/29 frontier=42 elapsed=8.24112s
    depth 18: determinant reverse step 25/29 frontier=22 elapsed=8.24121s
    depth 18: determinant reverse step 26/29 frontier=11 elapsed=8.24124s
    depth 18: determinant reverse step 27/29 frontier=5 elapsed=8.24125s
    depth 18: determinant reverse step 28/29 frontier=2 elapsed=8.24125s
    depth 18: determinant reverse step 29/29 frontier=1 elapsed=8.24125s
  D_11 Delta_29 = 5052308414988292548118133896
    depth 19: determinant reverse step 1/30 frontier=4721 elapsed=0.0305327s
    depth 19: determinant reverse step 2/30 frontier=14381 elapsed=0.310593s
    depth 19: determinant reverse step 3/30 frontier=24933 elapsed=1.14892s
    depth 19: determinant reverse step 4/30 frontier=34167 elapsed=2.54959s
    depth 19: determinant reverse step 5/30 frontier=41165 elapsed=4.24293s
    depth 19: determinant reverse step 6/30 frontier=45865 elapsed=5.93017s
    depth 19: determinant reverse step 7/30 frontier=48298 elapsed=7.46424s
    depth 19: determinant reverse step 8/30 frontier=48056 elapsed=8.77282s
    depth 19: determinant reverse step 9/30 frontier=44036 elapsed=9.82785s
    depth 19: determinant reverse step 10/30 frontier=35499 elapsed=10.6424s
    depth 19: determinant reverse step 11/30 frontier=25331 elapsed=11.2081s
    depth 19: determinant reverse step 12/30 frontier=17604 elapsed=11.5843s
    depth 19: determinant reverse step 13/30 frontier=12115 elapsed=11.8335s
    depth 19: determinant reverse step 14/30 frontier=8252 elapsed=11.987s
    depth 19: determinant reverse step 15/30 frontier=5559 elapsed=12.0831s
    depth 19: determinant reverse step 16/30 frontier=3699 elapsed=12.1459s
    depth 19: determinant reverse step 17/30 frontier=2429 elapsed=12.1814s
    depth 19: determinant reverse step 18/30 frontier=1573 elapsed=12.2037s
    depth 19: determinant reverse step 19/30 frontier=1002 elapsed=12.216s
    depth 19: determinant reverse step 20/30 frontier=627 elapsed=12.2227s
    depth 19: determinant reverse step 21/30 frontier=385 elapsed=12.2263s
    depth 19: determinant reverse step 22/30 frontier=231 elapsed=12.2282s
    depth 19: determinant reverse step 23/30 frontier=135 elapsed=12.2292s
    depth 19: determinant reverse step 24/30 frontier=77 elapsed=12.2296s
    depth 19: determinant reverse step 25/30 frontier=42 elapsed=12.2298s
    depth 19: determinant reverse step 26/30 frontier=22 elapsed=12.2299s
    depth 19: determinant reverse step 27/30 frontier=11 elapsed=12.2299s
    depth 19: determinant reverse step 28/30 frontier=5 elapsed=12.2299s
    depth 19: determinant reverse step 29/30 frontier=2 elapsed=12.2299s
    depth 19: determinant reverse step 30/30 frontier=1 elapsed=12.2299s
  D_11 Delta_30 = 192284308192101271135461971812
    depth 20: determinant reverse step 1/31 frontier=6259 elapsed=0.0387436s
    depth 20: determinant reverse step 2/31 frontier=19491 elapsed=0.41245s
    depth 20: determinant reverse step 3/31 frontier=34398 elapsed=1.55313s
    depth 20: determinant reverse step 4/31 frontier=47737 elapsed=3.508s
    depth 20: determinant reverse step 5/31 frontier=58026 elapsed=5.95728s
    depth 20: determinant reverse step 6/31 frontier=65024 elapsed=8.38775s
    depth 20: determinant reverse step 7/31 frontier=68669 elapsed=10.6268s
    depth 20: determinant reverse step 8/31 frontier=68315 elapsed=12.5561s
    depth 20: determinant reverse step 9/31 frontier=62441 elapsed=14.1477s
    depth 20: determinant reverse step 10/31 frontier=50295 elapsed=15.3686s
    depth 20: determinant reverse step 11/31 frontier=36126 elapsed=16.2274s
    depth 20: determinant reverse step 12/31 frontier=25331 elapsed=16.8038s
    depth 20: determinant reverse step 13/31 frontier=17604 elapsed=17.1813s
    depth 20: determinant reverse step 14/31 frontier=12115 elapsed=17.4225s
    depth 20: determinant reverse step 15/31 frontier=8252 elapsed=17.5763s
    depth 20: determinant reverse step 16/31 frontier=5559 elapsed=17.6733s
    depth 20: determinant reverse step 17/31 frontier=3699 elapsed=17.7322s
    depth 20: determinant reverse step 18/31 frontier=2429 elapsed=17.7693s
    depth 20: determinant reverse step 19/31 frontier=1573 elapsed=17.7903s
    depth 20: determinant reverse step 20/31 frontier=1002 elapsed=17.8023s
    depth 20: determinant reverse step 21/31 frontier=627 elapsed=17.809s
    depth 20: determinant reverse step 22/31 frontier=385 elapsed=17.8126s
    depth 20: determinant reverse step 23/31 frontier=231 elapsed=17.8145s
    depth 20: determinant reverse step 24/31 frontier=135 elapsed=17.8154s
    depth 20: determinant reverse step 25/31 frontier=77 elapsed=17.8159s
    depth 20: determinant reverse step 26/31 frontier=42 elapsed=17.8161s
    depth 20: determinant reverse step 27/31 frontier=22 elapsed=17.8162s
    depth 20: determinant reverse step 28/31 frontier=11 elapsed=17.8162s
    depth 20: determinant reverse step 29/31 frontier=5 elapsed=17.8162s
    depth 20: determinant reverse step 30/31 frontier=2 elapsed=17.8162s
    depth 20: determinant reverse step 31/31 frontier=1 elapsed=17.8162s
  D_11 Delta_31 = 7469608806117297397206923242470
    depth 21: determinant reverse step 1/32 frontier=8226 elapsed=0.0579973s
    depth 21: determinant reverse step 2/32 frontier=26211 elapsed=0.552091s
    depth 21: determinant reverse step 3/32 frontier=47074 elapsed=2.13104s
    depth 21: determinant reverse step 4/32 frontier=66138 elapsed=4.89125s
    depth 21: determinant reverse step 5/32 frontier=81090 elapsed=8.39878s
    depth 21: determinant reverse step 6/32 frontier=91379 elapsed=12.015s
    depth 21: determinant reverse step 7/32 frontier=96764 elapsed=15.2947s
    depth 21: determinant reverse step 8/32 frontier=96252 elapsed=18.1251s
    depth 21: determinant reverse step 9/32 frontier=87777 elapsed=20.4526s
    depth 21: determinant reverse step 10/32 frontier=70667 elapsed=22.2753s
    depth 21: determinant reverse step 11/32 frontier=51087 elapsed=23.584s
    depth 21: determinant reverse step 12/32 frontier=36126 elapsed=24.4622s
    depth 21: determinant reverse step 13/32 frontier=25331 elapsed=25.044s
    depth 21: determinant reverse step 14/32 frontier=17604 elapsed=25.4193s
    depth 21: determinant reverse step 15/32 frontier=12115 elapsed=25.6625s
    depth 21: determinant reverse step 16/32 frontier=8252 elapsed=25.817s
    depth 21: determinant reverse step 17/32 frontier=5559 elapsed=25.9141s
    depth 21: determinant reverse step 18/32 frontier=3699 elapsed=25.9738s
    depth 21: determinant reverse step 19/32 frontier=2429 elapsed=26.01s
    depth 21: determinant reverse step 20/32 frontier=1573 elapsed=26.0313s
    depth 21: determinant reverse step 21/32 frontier=1002 elapsed=26.0434s
    depth 21: determinant reverse step 22/32 frontier=627 elapsed=26.0502s
    depth 21: determinant reverse step 23/32 frontier=385 elapsed=26.0538s
    depth 21: determinant reverse step 24/32 frontier=231 elapsed=26.0558s
    depth 21: determinant reverse step 25/32 frontier=135 elapsed=26.0568s
    depth 21: determinant reverse step 26/32 frontier=77 elapsed=26.0573s
    depth 21: determinant reverse step 27/32 frontier=42 elapsed=26.0575s
    depth 21: determinant reverse step 28/32 frontier=22 elapsed=26.0575s
    depth 21: determinant reverse step 29/32 frontier=11 elapsed=26.0576s
    depth 21: determinant reverse step 30/32 frontier=5 elapsed=26.0576s
    depth 21: determinant reverse step 31/32 frontier=2 elapsed=26.0576s
    depth 21: determinant reverse step 32/32 frontier=1 elapsed=26.0576s
  D_11 Delta_32 = 296126282621170229502613037272762
    depth 22: determinant reverse step 1/33 frontier=10764 elapsed=0.0707313s
    depth 22: determinant reverse step 2/33 frontier=35025 elapsed=0.728666s
    depth 22: determinant reverse step 3/33 frontier=63968 elapsed=2.88512s
    depth 22: determinant reverse step 4/33 frontier=90954 elapsed=6.70348s
    depth 22: determinant reverse step 5/33 frontier=112447 elapsed=11.702s
    depth 22: determinant reverse step 6/33 frontier=127399 elapsed=16.8837s
    depth 22: determinant reverse step 7/33 frontier=135259 elapsed=21.6882s
    depth 22: determinant reverse step 8/33 frontier=134521 elapsed=25.7864s
    depth 22: determinant reverse step 9/33 frontier=122424 elapsed=29.206s
    depth 22: determinant reverse step 10/33 frontier=98541 elapsed=31.8907s
    depth 22: determinant reverse step 11/33 frontier=71669 elapsed=33.8025s
    depth 22: determinant reverse step 12/33 frontier=51087 elapsed=35.1033s
    depth 22: determinant reverse step 13/33 frontier=36126 elapsed=35.9853s
    depth 22: determinant reverse step 14/33 frontier=25331 elapsed=36.5563s
    depth 22: determinant reverse step 15/33 frontier=17604 elapsed=36.9445s
    depth 22: determinant reverse step 16/33 frontier=12115 elapsed=37.1866s
    depth 22: determinant reverse step 17/33 frontier=8252 elapsed=37.342s
    depth 22: determinant reverse step 18/33 frontier=5559 elapsed=37.4415s
    depth 22: determinant reverse step 19/33 frontier=3699 elapsed=37.5032s
    depth 22: determinant reverse step 20/33 frontier=2429 elapsed=37.539s
    depth 22: determinant reverse step 21/33 frontier=1573 elapsed=37.5618s
    depth 22: determinant reverse step 22/33 frontier=1002 elapsed=37.5739s
    depth 22: determinant reverse step 23/33 frontier=627 elapsed=37.5806s
    depth 22: determinant reverse step 24/33 frontier=385 elapsed=37.5843s
    depth 22: determinant reverse step 25/33 frontier=231 elapsed=37.5862s
    depth 22: determinant reverse step 26/33 frontier=135 elapsed=37.5871s
    depth 22: determinant reverse step 27/33 frontier=77 elapsed=37.5876s
    depth 22: determinant reverse step 28/33 frontier=42 elapsed=37.5878s
    depth 22: determinant reverse step 29/33 frontier=22 elapsed=37.5879s
    depth 22: determinant reverse step 30/33 frontier=11 elapsed=37.5879s
    depth 22: determinant reverse step 31/33 frontier=5 elapsed=37.5879s
    depth 22: determinant reverse step 32/33 frontier=2 elapsed=37.5879s
    depth 22: determinant reverse step 33/33 frontier=1 elapsed=37.5879s
  D_11 Delta_33 = 11978183872316335261910314636379632
    depth 23: determinant reverse step 1/34 frontier=13982 elapsed=0.0810779s
    depth 23: determinant reverse step 2/34 frontier=46486 elapsed=0.964887s
    depth 23: determinant reverse step 3/34 frontier=86311 elapsed=3.88614s
    depth 23: determinant reverse step 4/34 frontier=124164 elapsed=9.33229s
    depth 23: determinant reverse step 5/34 frontier=154758 elapsed=16.7303s
    depth 23: determinant reverse step 6/34 frontier=176251 elapsed=24.749s
    depth 23: determinant reverse step 7/34 frontier=187595 elapsed=31.865s
    depth 23: determinant reverse step 8/34 frontier=186545 elapsed=37.7905s
    depth 23: determinant reverse step 9/34 frontier=169451 elapsed=42.7801s
    depth 23: determinant reverse step 10/34 frontier=136406 elapsed=46.7213s
    depth 23: determinant reverse step 11/34 frontier=99795 elapsed=49.5466s
    depth 23: determinant reverse step 12/34 frontier=71669 elapsed=51.4919s
    depth 23: determinant reverse step 13/34 frontier=51087 elapsed=52.8099s
    depth 23: determinant reverse step 14/34 frontier=36126 elapsed=53.7203s
    depth 23: determinant reverse step 15/34 frontier=25331 elapsed=54.3058s
    depth 23: determinant reverse step 16/34 frontier=17604 elapsed=54.6978s
    depth 23: determinant reverse step 17/34 frontier=12115 elapsed=54.9454s
    depth 23: determinant reverse step 18/34 frontier=8252 elapsed=55.1038s
    depth 23: determinant reverse step 19/34 frontier=5559 elapsed=55.2019s
    depth 23: determinant reverse step 20/34 frontier=3699 elapsed=55.2628s
    depth 23: determinant reverse step 21/34 frontier=2429 elapsed=55.2989s
    depth 23: determinant reverse step 22/34 frontier=1573 elapsed=55.3204s
    depth 23: determinant reverse step 23/34 frontier=1002 elapsed=55.3324s
    depth 23: determinant reverse step 24/34 frontier=627 elapsed=55.3393s
    depth 23: determinant reverse step 25/34 frontier=385 elapsed=55.3429s
    depth 23: determinant reverse step 26/34 frontier=231 elapsed=55.3449s
    depth 23: determinant reverse step 27/34 frontier=135 elapsed=55.3459s
    depth 23: determinant reverse step 28/34 frontier=77 elapsed=55.3463s
    depth 23: determinant reverse step 29/34 frontier=42 elapsed=55.3465s
    depth 23: determinant reverse step 30/34 frontier=22 elapsed=55.3466s
    depth 23: determinant reverse step 31/34 frontier=11 elapsed=55.3466s
    depth 23: determinant reverse step 32/34 frontier=5 elapsed=55.3466s
    depth 23: determinant reverse step 33/34 frontier=2 elapsed=55.3467s
    depth 23: determinant reverse step 34/34 frontier=1 elapsed=55.3467s
  D_11 Delta_34 = 494240667425298920754142330554567642
    depth 24: determinant reverse step 1/35 frontier=18088 elapsed=0.101095s
    depth 24: determinant reverse step 2/35 frontier=61350 elapsed=1.24748s
    depth 24: determinant reverse step 3/35 frontier=115735 elapsed=5.15644s
    depth 24: determinant reverse step 4/35 frontier=168385 elapsed=12.6168s
    depth 24: determinant reverse step 5/35 frontier=211534 elapsed=22.6317s
    depth 24: determinant reverse step 6/35 frontier=242128 elapsed=34.2436s
    depth 24: determinant reverse step 7/35 frontier=258325 elapsed=44.5537s
    depth 24: determinant reverse step 8/35 frontier=256844 elapsed=53.0602s
    depth 24: determinant reverse step 9/35 frontier=232911 elapsed=60.198s
    depth 24: determinant reverse step 10/35 frontier=187539 elapsed=65.7675s
    depth 24: determinant reverse step 11/35 frontier=137979 elapsed=69.8265s
    depth 24: determinant reverse step 12/35 frontier=99795 elapsed=72.6807s
    depth 24: determinant reverse step 13/35 frontier=71669 elapsed=74.6337s
    depth 24: determinant reverse step 14/35 frontier=51087 elapsed=75.9618s
    depth 24: determinant reverse step 15/35 frontier=36126 elapsed=76.8543s
    depth 24: determinant reverse step 16/35 frontier=25331 elapsed=77.4473s
    depth 24: determinant reverse step 17/35 frontier=17604 elapsed=77.834s
    depth 24: determinant reverse step 18/35 frontier=12115 elapsed=78.0792s
    depth 24: determinant reverse step 19/35 frontier=8252 elapsed=78.2348s
    depth 24: determinant reverse step 20/35 frontier=5559 elapsed=78.3326s
    depth 24: determinant reverse step 21/35 frontier=3699 elapsed=78.3997s
    depth 24: determinant reverse step 22/35 frontier=2429 elapsed=78.4379s
    depth 24: determinant reverse step 23/35 frontier=1573 elapsed=78.4603s
    depth 24: determinant reverse step 24/35 frontier=1002 elapsed=78.4733s
    depth 24: determinant reverse step 25/35 frontier=627 elapsed=78.4803s
    depth 24: determinant reverse step 26/35 frontier=385 elapsed=78.4842s
    depth 24: determinant reverse step 27/35 frontier=231 elapsed=78.4863s
    depth 24: determinant reverse step 28/35 frontier=135 elapsed=78.4873s
    depth 24: determinant reverse step 29/35 frontier=77 elapsed=78.4878s
    depth 24: determinant reverse step 30/35 frontier=42 elapsed=78.488s
    depth 24: determinant reverse step 31/35 frontier=22 elapsed=78.4881s
    depth 24: determinant reverse step 32/35 frontier=11 elapsed=78.4882s
    depth 24: determinant reverse step 33/35 frontier=5 elapsed=78.4882s
    depth 24: determinant reverse step 34/35 frontier=2 elapsed=78.4882s
    depth 24: determinant reverse step 35/35 frontier=1 elapsed=78.4882s
  D_11 Delta_35 = 20797434985639838725361002563589920814
    depth 25: determinant reverse step 1/36 frontier=23252 elapsed=0.123127s
    depth 25: determinant reverse step 2/36 frontier=80482 elapsed=1.59301s
    depth 25: determinant reverse step 3/36 frontier=154219 elapsed=6.86895s
    depth 25: determinant reverse step 4/36 frontier=226877 elapsed=17.0652s
    depth 25: determinant reverse step 5/36 frontier=287211 elapsed=31.5487s
    depth 25: determinant reverse step 6/36 frontier=330360 elapsed=48.4918s
    depth 25: determinant reverse step 7/36 frontier=353270 elapsed=64.6009s
    depth 25: determinant reverse step 8/36 frontier=351194 elapsed=76.8288s
    depth 25: determinant reverse step 9/36 frontier=317984 elapsed=86.9626s
    depth 25: determinant reverse step 10/36 frontier=256163 elapsed=95.0223s
    depth 25: determinant reverse step 11/36 frontier=189493 elapsed=100.89s
    depth 25: determinant reverse step 12/36 frontier=137979 elapsed=105.048s
    depth 25: determinant reverse step 13/36 frontier=99795 elapsed=107.889s
    depth 25: determinant reverse step 14/36 frontier=71669 elapsed=109.885s
    depth 25: determinant reverse step 15/36 frontier=51087 elapsed=111.237s
    depth 25: determinant reverse step 16/36 frontier=36126 elapsed=112.138s
    depth 25: determinant reverse step 17/36 frontier=25331 elapsed=112.737s
    depth 25: determinant reverse step 18/36 frontier=17604 elapsed=113.122s
    depth 25: determinant reverse step 19/36 frontier=12115 elapsed=113.371s
    depth 25: determinant reverse step 20/36 frontier=8252 elapsed=113.531s
    depth 25: determinant reverse step 21/36 frontier=5559 elapsed=113.639s
    depth 25: determinant reverse step 22/36 frontier=3699 elapsed=113.701s
    depth 25: determinant reverse step 23/36 frontier=2429 elapsed=113.737s
    depth 25: determinant reverse step 24/36 frontier=1573 elapsed=113.758s
    depth 25: determinant reverse step 25/36 frontier=1002 elapsed=113.77s
    depth 25: determinant reverse step 26/36 frontier=627 elapsed=113.777s
    depth 25: determinant reverse step 27/36 frontier=385 elapsed=113.781s
    depth 25: determinant reverse step 28/36 frontier=231 elapsed=113.783s
    depth 25: determinant reverse step 29/36 frontier=135 elapsed=113.784s
    depth 25: determinant reverse step 30/36 frontier=77 elapsed=113.784s
    depth 25: determinant reverse step 31/36 frontier=42 elapsed=113.784s
    depth 25: determinant reverse step 32/36 frontier=22 elapsed=113.784s
    depth 25: determinant reverse step 33/36 frontier=11 elapsed=113.784s
    depth 25: determinant reverse step 34/36 frontier=5 elapsed=113.784s
    depth 25: determinant reverse step 35/36 frontier=2 elapsed=113.784s
    depth 25: determinant reverse step 36/36 frontier=1 elapsed=113.784s
  D_11 Delta_36 = 892255635982375389383058482533199101360
    depth 26: determinant reverse step 1/37 frontier=29775 elapsed=0.152963s
    depth 26: determinant reverse step 2/37 frontier=105043 elapsed=2.061s
    depth 26: determinant reverse step 3/37 frontier=204348 elapsed=8.83658s
    depth 26: determinant reverse step 4/37 frontier=303880 elapsed=22.3479s
    depth 26: determinant reverse step 5/37 frontier=387572 elapsed=42.3446s
    depth 26: determinant reverse step 6/37 frontier=447906 elapsed=66.1571s
    depth 26: determinant reverse step 7/37 frontier=480021 elapsed=89.1725s
    depth 26: determinant reverse step 8/37 frontier=477136 elapsed=106.291s
    depth 26: determinant reverse step 9/37 frontier=431412 elapsed=120.509s
    depth 26: determinant reverse step 10/37 frontier=347759 elapsed=131.707s
    depth 26: determinant reverse step 11/37 frontier=258592 elapsed=140.163s
    depth 26: determinant reverse step 12/37 frontier=189493 elapsed=146.176s
    depth 26: determinant reverse step 13/37 frontier=137979 elapsed=150.329s
    depth 26: determinant reverse step 14/37 frontier=99795 elapsed=153.23s
    depth 26: determinant reverse step 15/37 frontier=71669 elapsed=155.218s
    depth 26: determinant reverse step 16/37 frontier=51087 elapsed=156.558s
    depth 26: determinant reverse step 17/37 frontier=36126 elapsed=157.461s
    depth 26: determinant reverse step 18/37 frontier=25331 elapsed=158.063s
    depth 26: determinant reverse step 19/37 frontier=17604 elapsed=158.457s
    depth 26: determinant reverse step 20/37 frontier=12115 elapsed=158.709s
    depth 26: determinant reverse step 21/37 frontier=8252 elapsed=158.867s
    depth 26: determinant reverse step 22/37 frontier=5559 elapsed=158.964s
    depth 26: determinant reverse step 23/37 frontier=3699 elapsed=159.026s
    depth 26: determinant reverse step 24/37 frontier=2429 elapsed=159.07s
    depth 26: determinant reverse step 25/37 frontier=1573 elapsed=159.092s
    depth 26: determinant reverse step 26/37 frontier=1002 elapsed=159.105s
    depth 26: determinant reverse step 27/37 frontier=627 elapsed=159.112s
    depth 26: determinant reverse step 28/37 frontier=385 elapsed=159.115s
    depth 26: determinant reverse step 29/37 frontier=231 elapsed=159.117s
    depth 26: determinant reverse step 30/37 frontier=135 elapsed=159.118s
    depth 26: determinant reverse step 31/37 frontier=77 elapsed=159.119s
    depth 26: determinant reverse step 32/37 frontier=42 elapsed=159.119s
    depth 26: determinant reverse step 33/37 frontier=22 elapsed=159.119s
    depth 26: determinant reverse step 34/37 frontier=11 elapsed=159.119s
    depth 26: determinant reverse step 35/37 frontier=5 elapsed=159.119s
    depth 26: determinant reverse step 36/37 frontier=2 elapsed=159.119s
    depth 26: determinant reverse step 37/37 frontier=1 elapsed=159.119s
  D_11 Delta_37 = 39017319978537441898737510512916974015064
    depth 27: determinant reverse step 1/38 frontier=37919 elapsed=0.195524s
    depth 27: determinant reverse step 2/38 frontier=136372 elapsed=2.66153s
    depth 27: determinant reverse step 3/38 frontier=269266 elapsed=11.6548s
    depth 27: determinant reverse step 4/38 frontier=404661 elapsed=30.2885s
    depth 27: determinant reverse step 5/38 frontier=519886 elapsed=57.4192s
    depth 27: determinant reverse step 6/38 frontier=603578 elapsed=90.3118s
    depth 27: determinant reverse step 7/38 frontier=648219 elapsed=119.602s
    depth 27: determinant reverse step 8/38 frontier=644244 elapsed=142.743s
    depth 27: determinant reverse step 9/38 frontier=581779 elapsed=162.494s
    depth 27: determinant reverse step 10/38 frontier=469331 elapsed=178.357s
    depth 27: determinant reverse step 11/38 frontier=350757 elapsed=190.285s
    depth 27: determinant reverse step 12/38 frontier=258592 elapsed=198.627s
    depth 27: determinant reverse step 13/38 frontier=189493 elapsed=204.535s
    depth 27: determinant reverse step 14/38 frontier=137979 elapsed=208.697s
    depth 27: determinant reverse step 15/38 frontier=99795 elapsed=211.596s
    depth 27: determinant reverse step 16/38 frontier=71669 elapsed=213.593s
    depth 27: determinant reverse step 17/38 frontier=51087 elapsed=214.961s
    depth 27: determinant reverse step 18/38 frontier=36126 elapsed=215.871s
    depth 27: determinant reverse step 19/38 frontier=25331 elapsed=216.461s
    depth 27: determinant reverse step 20/38 frontier=17604 elapsed=216.864s
    depth 27: determinant reverse step 21/38 frontier=12115 elapsed=217.119s
    depth 27: determinant reverse step 22/38 frontier=8252 elapsed=217.282s
    depth 27: determinant reverse step 23/38 frontier=5559 elapsed=217.38s
    depth 27: determinant reverse step 24/38 frontier=3699 elapsed=217.443s
    depth 27: determinant reverse step 25/38 frontier=2429 elapsed=217.485s
    depth 27: determinant reverse step 26/38 frontier=1573 elapsed=217.506s
    depth 27: determinant reverse step 27/38 frontier=1002 elapsed=217.518s
    depth 27: determinant reverse step 28/38 frontier=627 elapsed=217.525s
    depth 27: determinant reverse step 29/38 frontier=385 elapsed=217.529s
    depth 27: determinant reverse step 30/38 frontier=231 elapsed=217.531s
    depth 27: determinant reverse step 31/38 frontier=135 elapsed=217.532s
    depth 27: determinant reverse step 32/38 frontier=77 elapsed=217.532s
    depth 27: determinant reverse step 33/38 frontier=42 elapsed=217.533s
    depth 27: determinant reverse step 34/38 frontier=22 elapsed=217.533s
    depth 27: determinant reverse step 35/38 frontier=11 elapsed=217.533s
    depth 27: determinant reverse step 36/38 frontier=5 elapsed=217.533s
    depth 27: determinant reverse step 37/38 frontier=2 elapsed=217.533s
    depth 27: determinant reverse step 38/38 frontier=1 elapsed=217.533s
  D_11 Delta_38 = 1738569090360526743204113858923378700165144
    depth 28: determinant reverse step 1/39 frontier=48115 elapsed=0.265235s
    depth 28: determinant reverse step 2/39 frontier=176223 elapsed=3.41426s
    depth 28: determinant reverse step 3/39 frontier=353006 elapsed=15.1857s
    depth 28: determinant reverse step 4/39 frontier=535990 elapsed=39.3215s
    depth 28: determinant reverse step 5/39 frontier=693504 elapsed=75.4823s
    depth 28: determinant reverse step 6/39 frontier=808729 elapsed=116.677s
    depth 28: determinant reverse step 7/39 frontier=870302 elapsed=153.917s
    depth 28: determinant reverse step 8/39 frontier=864853 elapsed=185.788s
    depth 28: determinant reverse step 9/39 frontier=780119 elapsed=212.846s
    depth 28: determinant reverse step 10/39 frontier=629894 elapsed=234.488s
    depth 28: determinant reverse step 11/39 frontier=473030 elapsed=250.729s
    depth 28: determinant reverse step 12/39 frontier=350757 elapsed=262.377s
    depth 28: determinant reverse step 13/39 frontier=258592 elapsed=270.704s
    depth 28: determinant reverse step 14/39 frontier=189493 elapsed=276.645s
    depth 28: determinant reverse step 15/39 frontier=137979 elapsed=280.829s
    depth 28: determinant reverse step 16/39 frontier=99795 elapsed=283.729s
    depth 28: determinant reverse step 17/39 frontier=71669 elapsed=285.727s
    depth 28: determinant reverse step 18/39 frontier=51087 elapsed=287.063s
    depth 28: determinant reverse step 19/39 frontier=36126 elapsed=288.011s
    depth 28: determinant reverse step 20/39 frontier=25331 elapsed=288.623s
    depth 28: determinant reverse step 21/39 frontier=17604 elapsed=289.016s
    depth 28: determinant reverse step 22/39 frontier=12115 elapsed=289.267s
    depth 28: determinant reverse step 23/39 frontier=8252 elapsed=289.424s
    depth 28: determinant reverse step 24/39 frontier=5559 elapsed=289.524s
    depth 28: determinant reverse step 25/39 frontier=3699 elapsed=289.587s
    depth 28: determinant reverse step 26/39 frontier=2429 elapsed=289.635s
    depth 28: determinant reverse step 27/39 frontier=1573 elapsed=289.657s
    depth 28: determinant reverse step 28/39 frontier=1002 elapsed=289.671s
    depth 28: determinant reverse step 29/39 frontier=627 elapsed=289.678s
    depth 28: determinant reverse step 30/39 frontier=385 elapsed=289.681s
    depth 28: determinant reverse step 31/39 frontier=231 elapsed=289.683s
    depth 28: determinant reverse step 32/39 frontier=135 elapsed=289.684s
    depth 28: determinant reverse step 33/39 frontier=77 elapsed=289.685s
    depth 28: determinant reverse step 34/39 frontier=42 elapsed=289.685s
    depth 28: determinant reverse step 35/39 frontier=22 elapsed=289.685s
    depth 28: determinant reverse step 36/39 frontier=11 elapsed=289.685s
    depth 28: determinant reverse step 37/39 frontier=5 elapsed=289.685s
    depth 28: determinant reverse step 38/39 frontier=2 elapsed=289.685s
    depth 28: determinant reverse step 39/39 frontier=1 elapsed=289.685s
  D_11 Delta_39 = 78916740569395251754910547578423184437062964
    depth 29: determinant reverse step 1/40 frontier=60757 elapsed=0.296063s
    depth 29: determinant reverse step 2/40 frontier=226633 elapsed=4.29357s
    depth 29: determinant reverse step 3/40 frontier=460464 elapsed=19.5874s
    depth 29: determinant reverse step 4/40 frontier=706229 elapsed=51.1526s
    depth 29: determinant reverse step 5/40 frontier=920127 elapsed=99.5274s
    depth 29: determinant reverse step 6/40 frontier=1077641 elapsed=153.831s
    depth 29: determinant reverse step 7/40 frontier=1161952 elapsed=205.255s
    depth 29: determinant reverse step 8/40 frontier=1154543 elapsed=248.878s
    depth 29: determinant reverse step 9/40 frontier=1040373 elapsed=286.62s
    depth 29: determinant reverse step 10/40 frontier=840876 elapsed=317.689s
    depth 29: determinant reverse step 11/40 frontier=634429 elapsed=340.345s
    depth 29: determinant reverse step 12/40 frontier=473030 elapsed=356.844s
    depth 29: determinant reverse step 13/40 frontier=350757 elapsed=368.61s
    depth 29: determinant reverse step 14/40 frontier=258592 elapsed=377.182s
    depth 29: determinant reverse step 15/40 frontier=189493 elapsed=383.138s
    depth 29: determinant reverse step 16/40 frontier=137979 elapsed=387.373s
    depth 29: determinant reverse step 17/40 frontier=99795 elapsed=390.291s
    depth 29: determinant reverse step 18/40 frontier=71669 elapsed=392.268s
    depth 29: determinant reverse step 19/40 frontier=51087 elapsed=393.595s
    depth 29: determinant reverse step 20/40 frontier=36126 elapsed=394.49s
    depth 29: determinant reverse step 21/40 frontier=25331 elapsed=395.084s
    depth 29: determinant reverse step 22/40 frontier=17604 elapsed=395.48s
    depth 29: determinant reverse step 23/40 frontier=12115 elapsed=395.732s
    depth 29: determinant reverse step 24/40 frontier=8252 elapsed=395.891s
    depth 29: determinant reverse step 25/40 frontier=5559 elapsed=395.992s
    depth 29: determinant reverse step 26/40 frontier=3699 elapsed=396.054s
    depth 29: determinant reverse step 27/40 frontier=2429 elapsed=396.091s
    depth 29: determinant reverse step 28/40 frontier=1573 elapsed=396.112s
    depth 29: determinant reverse step 29/40 frontier=1002 elapsed=396.125s
    depth 29: determinant reverse step 30/40 frontier=627 elapsed=396.131s
    depth 29: determinant reverse step 31/40 frontier=385 elapsed=396.135s
    depth 29: determinant reverse step 32/40 frontier=231 elapsed=396.137s
    depth 29: determinant reverse step 33/40 frontier=135 elapsed=396.138s
    depth 29: determinant reverse step 34/40 frontier=77 elapsed=396.139s
    depth 29: determinant reverse step 35/40 frontier=42 elapsed=396.139s
    depth 29: determinant reverse step 36/40 frontier=22 elapsed=396.139s
    depth 29: determinant reverse step 37/40 frontier=11 elapsed=396.139s
    depth 29: determinant reverse step 38/40 frontier=5 elapsed=396.139s
    depth 29: determinant reverse step 39/40 frontier=2 elapsed=396.139s
    depth 29: determinant reverse step 40/40 frontier=1 elapsed=396.139s
  D_11 Delta_40 = 3648082598999196307251345200090198792913613500
    depth 30: determinant reverse step 1/41 frontier=76460 elapsed=0.375793s
    depth 30: determinant reverse step 2/41 frontier=290229 elapsed=5.3459s
    depth 30: determinant reverse step 3/41 frontier=597863 elapsed=25.1529s
    depth 30: determinant reverse step 4/41 frontier=926015 elapsed=67.2318s
    depth 30: determinant reverse step 5/41 frontier=1214653 elapsed=128.967s
    depth 30: determinant reverse step 6/41 frontier=1428551 elapsed=203.463s
    depth 30: determinant reverse step 7/41 frontier=1543192 elapsed=271.397s
    depth 30: determinant reverse step 8/41 frontier=1533182 elapsed=330.551s
    depth 30: determinant reverse step 9/41 frontier=1380316 elapsed=381.68s
    depth 30: determinant reverse step 10/41 frontier=1116833 elapsed=423.322s
    depth 30: determinant reverse step 11/41 frontier=846435 elapsed=454.645s
    depth 30: determinant reverse step 12/41 frontier=634429 elapsed=477.291s
    depth 30: determinant reverse step 13/41 frontier=473030 elapsed=493.669s
    depth 30: determinant reverse step 14/41 frontier=350757 elapsed=505.447s
    depth 30: determinant reverse step 15/41 frontier=258592 elapsed=513.72s
    depth 30: determinant reverse step 16/41 frontier=189493 elapsed=519.652s
    depth 30: determinant reverse step 17/41 frontier=137979 elapsed=523.795s
    depth 30: determinant reverse step 18/41 frontier=99795 elapsed=526.694s
    depth 30: determinant reverse step 19/41 frontier=71669 elapsed=528.667s
    depth 30: determinant reverse step 20/41 frontier=51087 elapsed=530.007s
    depth 30: determinant reverse step 21/41 frontier=36126 elapsed=530.902s
    depth 30: determinant reverse step 22/41 frontier=25331 elapsed=531.499s
    depth 30: determinant reverse step 23/41 frontier=17604 elapsed=531.886s
    depth 30: determinant reverse step 24/41 frontier=12115 elapsed=532.134s
    depth 30: determinant reverse step 25/41 frontier=8252 elapsed=532.299s
    depth 30: determinant reverse step 26/41 frontier=5559 elapsed=532.402s
    depth 30: determinant reverse step 27/41 frontier=3699 elapsed=532.462s
    depth 30: determinant reverse step 28/41 frontier=2429 elapsed=532.498s
    depth 30: determinant reverse step 29/41 frontier=1573 elapsed=532.52s
    depth 30: determinant reverse step 30/41 frontier=1002 elapsed=532.532s
    depth 30: determinant reverse step 31/41 frontier=627 elapsed=532.539s
    depth 30: determinant reverse step 32/41 frontier=385 elapsed=532.543s
    depth 30: determinant reverse step 33/41 frontier=231 elapsed=532.545s
    depth 30: determinant reverse step 34/41 frontier=135 elapsed=532.545s
    depth 30: determinant reverse step 35/41 frontier=77 elapsed=532.546s
    depth 30: determinant reverse step 36/41 frontier=42 elapsed=532.546s
    depth 30: determinant reverse step 37/41 frontier=22 elapsed=532.546s
    depth 30: determinant reverse step 38/41 frontier=11 elapsed=532.546s
    depth 30: determinant reverse step 39/41 frontier=5 elapsed=532.546s
    depth 30: determinant reverse step 40/41 frontier=2 elapsed=532.546s
    depth 30: determinant reverse step 41/41 frontier=1 elapsed=532.546s
  D_11 Delta_41 = 171693663744769699017422172234870976307711648864
    depth 31: determinant reverse step 1/42 frontier=95805 elapsed=0.444362s
    depth 31: determinant reverse step 2/42 frontier=370062 elapsed=6.65219s
    depth 31: determinant reverse step 3/42 frontier=772717 elapsed=31.4223s
    depth 31: determinant reverse step 4/42 frontier=1208438 elapsed=84.7819s
    depth 31: determinant reverse step 5/42 frontier=1595604 elapsed=165.684s
    depth 31: determinant reverse step 6/42 frontier=1884242 elapsed=270.225s
    depth 31: determinant reverse step 7/42 frontier=2039126 elapsed=363.821s
    depth 31: determinant reverse step 8/42 frontier=2025680 elapsed=444.89s
    depth 31: determinant reverse step 9/42 frontier=1822249 elapsed=515.098s
    depth 31: determinant reverse step 10/42 frontier=1476121 elapsed=571.239s
    depth 31: determinant reverse step 11/42 frontier=1123608 elapsed=614.111s
    depth 31: determinant reverse step 12/42 frontier=846435 elapsed=645.479s
    depth 31: determinant reverse step 13/42 frontier=634429 elapsed=668.178s
    depth 31: determinant reverse step 14/42 frontier=473030 elapsed=684.672s
    depth 31: determinant reverse step 15/42 frontier=350757 elapsed=696.495s
    depth 31: determinant reverse step 16/42 frontier=258592 elapsed=704.895s
    depth 31: determinant reverse step 17/42 frontier=189493 elapsed=710.874s
    depth 31: determinant reverse step 18/42 frontier=137979 elapsed=715.06s
    depth 31: determinant reverse step 19/42 frontier=99795 elapsed=717.986s
    depth 31: determinant reverse step 20/42 frontier=71669 elapsed=720s
    depth 31: determinant reverse step 21/42 frontier=51087 elapsed=721.36s
    depth 31: determinant reverse step 22/42 frontier=36126 elapsed=722.275s
    depth 31: determinant reverse step 23/42 frontier=25331 elapsed=722.886s
    depth 31: determinant reverse step 24/42 frontier=17604 elapsed=723.289s
    depth 31: determinant reverse step 25/42 frontier=12115 elapsed=723.559s
    depth 31: determinant reverse step 26/42 frontier=8252 elapsed=723.734s
    depth 31: determinant reverse step 27/42 frontier=5559 elapsed=723.837s
    depth 31: determinant reverse step 28/42 frontier=3699 elapsed=723.901s
    depth 31: determinant reverse step 29/42 frontier=2429 elapsed=723.942s
    depth 31: determinant reverse step 30/42 frontier=1573 elapsed=723.965s
    depth 31: determinant reverse step 31/42 frontier=1002 elapsed=723.978s
    depth 31: determinant reverse step 32/42 frontier=627 elapsed=723.985s
    depth 31: determinant reverse step 33/42 frontier=385 elapsed=723.989s
    depth 31: determinant reverse step 34/42 frontier=231 elapsed=723.991s
    depth 31: determinant reverse step 35/42 frontier=135 elapsed=723.992s
    depth 31: determinant reverse step 36/42 frontier=77 elapsed=723.993s
    depth 31: determinant reverse step 37/42 frontier=42 elapsed=723.993s
    depth 31: determinant reverse step 38/42 frontier=22 elapsed=723.993s
    depth 31: determinant reverse step 39/42 frontier=11 elapsed=723.993s
    depth 31: determinant reverse step 40/42 frontier=5 elapsed=723.993s
    depth 31: determinant reverse step 41/42 frontier=2 elapsed=723.993s
    depth 31: determinant reverse step 42/42 frontier=1 elapsed=723.993s
  D_11 Delta_42 = 8224590900634490192311065156476451317041530554780
    depth 32: determinant reverse step 1/43 frontier=119662 elapsed=0.577568s
    depth 32: determinant reverse step 2/43 frontier=470018 elapsed=8.57692s
    depth 32: determinant reverse step 3/43 frontier=994482 elapsed=41.2997s
    depth 32: determinant reverse step 4/43 frontier=1569973 elapsed=111.799s
    depth 32: determinant reverse step 5/43 frontier=2086366 elapsed=219.206s
    depth 32: determinant reverse step 6/43 frontier=2473532 elapsed=359.574s
    depth 32: determinant reverse step 7/43 frontier=2681498 elapsed=483.15s
    depth 32: determinant reverse step 8/43 frontier=2663546 elapsed=592.705s
    depth 32: determinant reverse step 9/43 frontier=2394334 elapsed=688.229s
    depth 32: determinant reverse step 10/43 frontier=1941911 elapsed=765.396s
    depth 32: determinant reverse step 11/43 frontier=1484373 elapsed=824.174s
    depth 32: determinant reverse step 12/43 frontier=1123608 elapsed=867.011s
    depth 32: determinant reverse step 13/43 frontier=846435 elapsed=898.824s
    depth 32: determinant reverse step 14/43 frontier=634429 elapsed=922.215s
    depth 32: determinant reverse step 15/43 frontier=473030 elapsed=938.896s
    depth 32: determinant reverse step 16/43 frontier=350757 elapsed=951.062s
    depth 32: determinant reverse step 17/43 frontier=258592 elapsed=959.678s
    depth 32: determinant reverse step 18/43 frontier=189493 elapsed=965.8s
    depth 32: determinant reverse step 19/43 frontier=137979 elapsed=970.088s
    depth 32: determinant reverse step 20/43 frontier=99795 elapsed=973.029s
    depth 32: determinant reverse step 21/43 frontier=71669 elapsed=975.029s
    depth 32: determinant reverse step 22/43 frontier=51087 elapsed=976.432s
    depth 32: determinant reverse step 23/43 frontier=36126 elapsed=977.387s
    depth 32: determinant reverse step 24/43 frontier=25331 elapsed=977.986s
    depth 32: determinant reverse step 25/43 frontier=17604 elapsed=978.382s
    depth 32: determinant reverse step 26/43 frontier=12115 elapsed=978.634s
    depth 32: determinant reverse step 27/43 frontier=8252 elapsed=978.794s
    depth 32: determinant reverse step 28/43 frontier=5559 elapsed=978.897s
    depth 32: determinant reverse step 29/43 frontier=3699 elapsed=978.958s
    depth 32: determinant reverse step 30/43 frontier=2429 elapsed=978.995s
    depth 32: determinant reverse step 31/43 frontier=1573 elapsed=979.018s
    depth 32: determinant reverse step 32/43 frontier=1002 elapsed=979.031s
    depth 32: determinant reverse step 33/43 frontier=627 elapsed=979.039s
    depth 32: determinant reverse step 34/43 frontier=385 elapsed=979.043s
    depth 32: determinant reverse step 35/43 frontier=231 elapsed=979.045s
    depth 32: determinant reverse step 36/43 frontier=135 elapsed=979.046s
    depth 32: determinant reverse step 37/43 frontier=77 elapsed=979.046s
    depth 32: determinant reverse step 38/43 frontier=42 elapsed=979.046s
    depth 32: determinant reverse step 39/43 frontier=22 elapsed=979.047s
    depth 32: determinant reverse step 40/43 frontier=11 elapsed=979.047s
    depth 32: determinant reverse step 41/43 frontier=5 elapsed=979.047s
    depth 32: determinant reverse step 42/43 frontier=2 elapsed=979.047s
    depth 32: determinant reverse step 43/43 frontier=1 elapsed=979.047s
  D_11 Delta_43 = 400887155550099109221174691590746034277479197806227
    depth 33: determinant reverse step 1/44 frontier=148878 elapsed=0.690708s
    depth 33: determinant reverse step 2/44 frontier=594619 elapsed=10.6021s
    depth 33: determinant reverse step 3/44 frontier=1274562 elapsed=51.563s
    depth 33: determinant reverse step 4/44 frontier=2030812 elapsed=142.622s
    depth 33: determinant reverse step 5/44 frontier=2715856 elapsed=285.026s
    depth 33: determinant reverse step 6/44 frontier=3232249 elapsed=466.872s
    depth 33: determinant reverse step 7/44 frontier=3509862 elapsed=627.444s
    depth 33: determinant reverse step 8/44 frontier=3486042 elapsed=771.821s
    depth 33: determinant reverse step 9/44 frontier=3131728 elapsed=896.865s
    depth 33: determinant reverse step 10/44 frontier=2543212 elapsed=997.193s
    depth 33: determinant reverse step 11/44 frontier=1951915 elapsed=1074.98s
    depth 33: determinant reverse step 12/44 frontier=1484373 elapsed=1132.45s
    depth 33: determinant reverse step 13/44 frontier=1123608 elapsed=1174.6s
    depth 33: determinant reverse step 14/44 frontier=846435 elapsed=1206.24s
    depth 33: determinant reverse step 15/44 frontier=634429 elapsed=1229.06s
    depth 33: determinant reverse step 16/44 frontier=473030 elapsed=1245.58s
    depth 33: determinant reverse step 17/44 frontier=350757 elapsed=1257.28s
    depth 33: determinant reverse step 18/44 frontier=258592 elapsed=1265.63s
    depth 33: determinant reverse step 19/44 frontier=189493 elapsed=1271.51s
    depth 33: determinant reverse step 20/44 frontier=137979 elapsed=1275.73s
    depth 33: determinant reverse step 21/44 frontier=99795 elapsed=1278.61s
    depth 33: determinant reverse step 22/44 frontier=71669 elapsed=1280.61s
    depth 33: determinant reverse step 23/44 frontier=51087 elapsed=1281.96s
    depth 33: determinant reverse step 24/44 frontier=36126 elapsed=1282.85s
    depth 33: determinant reverse step 25/44 frontier=25331 elapsed=1283.45s
    depth 33: determinant reverse step 26/44 frontier=17604 elapsed=1283.85s
    depth 33: determinant reverse step 27/44 frontier=12115 elapsed=1284.09s
    depth 33: determinant reverse step 28/44 frontier=8252 elapsed=1284.25s
    depth 33: determinant reverse step 29/44 frontier=5559 elapsed=1284.35s
    depth 33: determinant reverse step 30/44 frontier=3699 elapsed=1284.42s
    depth 33: determinant reverse step 31/44 frontier=2429 elapsed=1284.45s
    depth 33: determinant reverse step 32/44 frontier=1573 elapsed=1284.47s
    depth 33: determinant reverse step 33/44 frontier=1002 elapsed=1284.49s
    depth 33: determinant reverse step 34/44 frontier=627 elapsed=1284.49s
    depth 33: determinant reverse step 35/44 frontier=385 elapsed=1284.5s
    depth 33: determinant reverse step 36/44 frontier=231 elapsed=1284.5s
    depth 33: determinant reverse step 37/44 frontier=135 elapsed=1284.5s
    depth 33: determinant reverse step 38/44 frontier=77 elapsed=1284.5s
    depth 33: determinant reverse step 39/44 frontier=42 elapsed=1284.5s
    depth 33: determinant reverse step 40/44 frontier=22 elapsed=1284.5s
    depth 33: determinant reverse step 41/44 frontier=11 elapsed=1284.5s
    depth 33: determinant reverse step 42/44 frontier=5 elapsed=1284.5s
    depth 33: determinant reverse step 43/44 frontier=2 elapsed=1284.5s
    depth 33: determinant reverse step 44/44 frontier=1 elapsed=1284.5s
  D_11 Delta_44 = 19877258283555007504604390408074001862272594806739710
    depth 34: determinant reverse step 1/45 frontier=184672 elapsed=0.794886s
    depth 34: determinant reverse step 2/45 frontier=749544 elapsed=12.8502s
    depth 34: determinant reverse step 3/45 frontier=1627148 elapsed=63.9194s
    depth 34: determinant reverse step 4/45 frontier=2616159 elapsed=176.642s
    depth 34: determinant reverse step 5/45 frontier=3520261 elapsed=357.617s
    depth 34: determinant reverse step 6/45 frontier=4205305 elapsed=601.789s
    depth 34: determinant reverse step 7/45 frontier=4573846 elapsed=817.009s
    depth 34: determinant reverse step 8/45 frontier=4542391 elapsed=1011.79s
    depth 34: determinant reverse step 9/45 frontier=4078456 elapsed=1182.49s
    depth 34: determinant reverse step 10/45 frontier=3316400 elapsed=1320.39s
    depth 34: determinant reverse step 11/45 frontier=2555327 elapsed=1427.75s
    depth 34: determinant reverse step 12/45 frontier=1951915 elapsed=1507.82s
    depth 34: determinant reverse step 13/45 frontier=1484373 elapsed=1566.06s
    depth 34: determinant reverse step 14/45 frontier=1123608 elapsed=1609.82s
    depth 34: determinant reverse step 15/45 frontier=846435 elapsed=1641.52s
    depth 34: determinant reverse step 16/45 frontier=634429 elapsed=1665.1s
    depth 34: determinant reverse step 17/45 frontier=473030 elapsed=1681.8s
    depth 34: determinant reverse step 18/45 frontier=350757 elapsed=1694.12s
    depth 34: determinant reverse step 19/45 frontier=258592 elapsed=1702.83s
    depth 34: determinant reverse step 20/45 frontier=189493 elapsed=1708.97s
    depth 34: determinant reverse step 21/45 frontier=137979 elapsed=1713.21s
    depth 34: determinant reverse step 22/45 frontier=99795 elapsed=1716.19s
    depth 34: determinant reverse step 23/45 frontier=71669 elapsed=1718.22s
    depth 34: determinant reverse step 24/45 frontier=51087 elapsed=1719.59s
    depth 34: determinant reverse step 25/45 frontier=36126 elapsed=1720.52s
    depth 34: determinant reverse step 26/45 frontier=25331 elapsed=1721.13s
    depth 34: determinant reverse step 27/45 frontier=17604 elapsed=1721.52s
    depth 34: determinant reverse step 28/45 frontier=12115 elapsed=1721.78s
    depth 34: determinant reverse step 29/45 frontier=8252 elapsed=1721.94s
    depth 34: determinant reverse step 30/45 frontier=5559 elapsed=1722.06s
    depth 34: determinant reverse step 31/45 frontier=3699 elapsed=1722.14s
    depth 34: determinant reverse step 32/45 frontier=2429 elapsed=1722.18s
    depth 34: determinant reverse step 33/45 frontier=1573 elapsed=1722.2s
    depth 34: determinant reverse step 34/45 frontier=1002 elapsed=1722.21s
    depth 34: determinant reverse step 35/45 frontier=627 elapsed=1722.22s
    depth 34: determinant reverse step 36/45 frontier=385 elapsed=1722.22s
    depth 34: determinant reverse step 37/45 frontier=231 elapsed=1722.22s
    depth 34: determinant reverse step 38/45 frontier=135 elapsed=1722.23s
    depth 34: determinant reverse step 39/45 frontier=77 elapsed=1722.23s
    depth 34: determinant reverse step 40/45 frontier=42 elapsed=1722.23s
    depth 34: determinant reverse step 41/45 frontier=22 elapsed=1722.23s
    depth 34: determinant reverse step 42/45 frontier=11 elapsed=1722.23s
    depth 34: determinant reverse step 43/45 frontier=5 elapsed=1722.23s
    depth 34: determinant reverse step 44/45 frontier=2 elapsed=1722.23s
    depth 34: determinant reverse step 45/45 frontier=1 elapsed=1722.23s
  D_11 Delta_45 = 1002299698247654998277487221091437956673571762795535606
    depth 35: determinant reverse step 1/46 frontier=228263 elapsed=1.0041s
    depth 35: determinant reverse step 2/46 frontier=941415 elapsed=16.2254s
    depth 35: determinant reverse step 3/46 frontier=2069311 elapsed=80.7755s
    depth 35: determinant reverse step 4/46 frontier=3356754 elapsed=232.826s
    depth 35: determinant reverse step 5/46 frontier=4544121 elapsed=469.965s
    depth 35: determinant reverse step 6/46 frontier=5448223 elapsed=792.906s
    depth 35: determinant reverse step 7/46 frontier=5934911 elapsed=1077.71s
    depth 35: determinant reverse step 8/46 frontier=5893613 elapsed=1341.96s
    depth 35: determinant reverse step 9/46 frontier=5289130 elapsed=1569.12s
    depth 35: determinant reverse step 10/46 frontier=4306719 elapsed=1756.31s
    depth 35: determinant reverse step 11/46 frontier=3331011 elapsed=1899.97s
    depth 35: determinant reverse step 12/46 frontier=2555327 elapsed=2009.15s
    depth 35: determinant reverse step 13/46 frontier=1951915 elapsed=2089.32s
    depth 35: determinant reverse step 14/46 frontier=1484373 elapsed=2150.3s
    depth 35: determinant reverse step 15/46 frontier=1123608 elapsed=2194.72s
    depth 35: determinant reverse step 16/46 frontier=846435 elapsed=2227.92s
    depth 35: determinant reverse step 17/46 frontier=634429 elapsed=2251.57s
    depth 35: determinant reverse step 18/46 frontier=473030 elapsed=2268.93s
    depth 35: determinant reverse step 19/46 frontier=350757 elapsed=2281.16s
    depth 35: determinant reverse step 20/46 frontier=258592 elapsed=2289.92s
    depth 35: determinant reverse step 21/46 frontier=189493 elapsed=2296.03s
    depth 35: determinant reverse step 22/46 frontier=137979 elapsed=2300.36s
    depth 35: determinant reverse step 23/46 frontier=99795 elapsed=2303.36s
    depth 35: determinant reverse step 24/46 frontier=71669 elapsed=2305.44s
    depth 35: determinant reverse step 25/46 frontier=51087 elapsed=2306.82s
    depth 35: determinant reverse step 26/46 frontier=36126 elapsed=2307.75s
    depth 35: determinant reverse step 27/46 frontier=25331 elapsed=2308.37s
    depth 35: determinant reverse step 28/46 frontier=17604 elapsed=2308.77s
    depth 35: determinant reverse step 29/46 frontier=12115 elapsed=2309.03s
    depth 35: determinant reverse step 30/46 frontier=8252 elapsed=2309.19s
    depth 35: determinant reverse step 31/46 frontier=5559 elapsed=2309.3s
    depth 35: determinant reverse step 32/46 frontier=3699 elapsed=2309.36s
    depth 35: determinant reverse step 33/46 frontier=2429 elapsed=2309.4s
    depth 35: determinant reverse step 34/46 frontier=1573 elapsed=2309.42s
    depth 35: determinant reverse step 35/46 frontier=1002 elapsed=2309.43s
    depth 35: determinant reverse step 36/46 frontier=627 elapsed=2309.44s
    depth 35: determinant reverse step 37/46 frontier=385 elapsed=2309.44s
    depth 35: determinant reverse step 38/46 frontier=231 elapsed=2309.44s
    depth 35: determinant reverse step 39/46 frontier=135 elapsed=2309.44s
    depth 35: determinant reverse step 40/46 frontier=77 elapsed=2309.44s
    depth 35: determinant reverse step 41/46 frontier=42 elapsed=2309.44s
    depth 35: determinant reverse step 42/46 frontier=22 elapsed=2309.44s
    depth 35: determinant reverse step 43/46 frontier=11 elapsed=2309.44s
    depth 35: determinant reverse step 44/46 frontier=5 elapsed=2309.44s
    depth 35: determinant reverse step 45/46 frontier=2 elapsed=2309.44s
    depth 35: determinant reverse step 46/46 frontier=1 elapsed=2309.44s
  D_11 Delta_46 = 51383954780006815434594539805260846342588914769825624028
    depth 36: determinant reverse step 1/47 frontier=281350 elapsed=1.22231s
    depth 36: determinant reverse step 2/47 frontier=1178462 elapsed=20.138s
    depth 36: determinant reverse step 3/47 frontier=2622140 elapsed=101.457s
    depth 36: determinant reverse step 4/47 frontier=4290679 elapsed=294.122s
    depth 36: determinant reverse step 5/47 frontier=5842753 elapsed=605.894s
    depth 36: determinant reverse step 6/47 frontier=7030120 elapsed=1028.36s
    depth 36: determinant reverse step 7/47 frontier=7669591 elapsed=1402.11s
    depth 36: determinant reverse step 8/47 frontier=7615636 elapsed=1758.83s
    depth 36: determinant reverse step 9/47 frontier=6831697 elapsed=2062.83s
    depth 36: determinant reverse step 10/47 frontier=5570480 elapsed=2310.88s
    depth 36: determinant reverse step 11/47 frontier=4324323 elapsed=2502.87s
    depth 36: determinant reverse step 12/47 frontier=3331011 elapsed=2649.84s
    depth 36: determinant reverse step 13/47 frontier=2555327 elapsed=2759.09s
    depth 36: determinant reverse step 14/47 frontier=1951915 elapsed=2842.01s
    depth 36: determinant reverse step 15/47 frontier=1484373 elapsed=2903.18s
    depth 36: determinant reverse step 16/47 frontier=1123608 elapsed=2948.48s
    depth 36: determinant reverse step 17/47 frontier=846435 elapsed=2981.34s
    depth 36: determinant reverse step 18/47 frontier=634429 elapsed=3005.6s
    depth 36: determinant reverse step 19/47 frontier=473030 elapsed=3022.84s
    depth 36: determinant reverse step 20/47 frontier=350757 elapsed=3035.16s
    depth 36: determinant reverse step 21/47 frontier=258592 elapsed=3043.94s
    depth 36: determinant reverse step 22/47 frontier=189493 elapsed=3050.16s
    depth 36: determinant reverse step 23/47 frontier=137979 elapsed=3054.5s
    depth 36: determinant reverse step 24/47 frontier=99795 elapsed=3057.53s
    depth 36: determinant reverse step 25/47 frontier=71669 elapsed=3059.63s
    depth 36: determinant reverse step 26/47 frontier=51087 elapsed=3061.06s
    depth 36: determinant reverse step 27/47 frontier=36126 elapsed=3062.03s
    depth 36: determinant reverse step 28/47 frontier=25331 elapsed=3062.63s
    depth 36: determinant reverse step 29/47 frontier=17604 elapsed=3063.06s
    depth 36: determinant reverse step 30/47 frontier=12115 elapsed=3063.32s
    depth 36: determinant reverse step 31/47 frontier=8252 elapsed=3063.49s
    depth 36: determinant reverse step 32/47 frontier=5559 elapsed=3063.59s
    depth 36: determinant reverse step 33/47 frontier=3699 elapsed=3063.65s
    depth 36: determinant reverse step 34/47 frontier=2429 elapsed=3063.69s
    depth 36: determinant reverse step 35/47 frontier=1573 elapsed=3063.72s
    depth 36: determinant reverse step 36/47 frontier=1002 elapsed=3063.73s
    depth 36: determinant reverse step 37/47 frontier=627 elapsed=3063.74s
    depth 36: determinant reverse step 38/47 frontier=385 elapsed=3063.74s
    depth 36: determinant reverse step 39/47 frontier=231 elapsed=3063.74s
    depth 36: determinant reverse step 40/47 frontier=135 elapsed=3063.74s
    depth 36: determinant reverse step 41/47 frontier=77 elapsed=3063.74s
    depth 36: determinant reverse step 42/47 frontier=42 elapsed=3063.74s
    depth 36: determinant reverse step 43/47 frontier=22 elapsed=3063.74s
    depth 36: determinant reverse step 44/47 frontier=11 elapsed=3063.74s
    depth 36: determinant reverse step 45/47 frontier=5 elapsed=3063.74s
    depth 36: determinant reverse step 46/47 frontier=2 elapsed=3063.74s
    depth 36: determinant reverse step 47/47 frontier=1 elapsed=3063.74s
  D_11 Delta_47 = 2677504276026858233526825149539980775747092594083727862986
    depth 37: determinant reverse step 1/48 frontier=345663 elapsed=1.51397s
    depth 37: determinant reverse step 2/48 frontier=1470268 elapsed=24.8494s
    depth 37: determinant reverse step 3/48 frontier=3310892 elapsed=126.33s
    depth 37: determinant reverse step 4/48 frontier=5464189 elapsed=373.409s
    depth 37: determinant reverse step 5/48 frontier=7483878 elapsed=765.205s
    depth 37: determinant reverse step 6/48 frontier=9035952 elapsed=1286.18s
    depth 37: determinant reverse step 7/48 frontier=9872169 elapsed=1783.32s
    depth 37: determinant reverse step 8/48 frontier=9802021 elapsed=2254.19s
    depth 37: determinant reverse step 9/48 frontier=8789943 elapsed=2664.55s
    depth 37: determinant reverse step 10/48 frontier=7177360 elapsed=3007.57s
    depth 37: determinant reverse step 11/48 frontier=5591609 elapsed=3270.08s
    depth 37: determinant reverse step 12/48 frontier=4324323 elapsed=3472.9s
    depth 37: determinant reverse step 13/48 frontier=3331011 elapsed=3624.44s
    depth 37: determinant reverse step 14/48 frontier=2555327 elapsed=3740.31s
    depth 37: determinant reverse step 15/48 frontier=1951915 elapsed=3825.99s
    depth 37: determinant reverse step 16/48 frontier=1484373 elapsed=3891.16s
    depth 37: determinant reverse step 17/48 frontier=1123608 elapsed=3938.11s
    depth 37: determinant reverse step 18/48 frontier=846435 elapsed=3972.54s
    depth 37: determinant reverse step 19/48 frontier=634429 elapsed=3997.1s
    depth 37: determinant reverse step 20/48 frontier=473030 elapsed=4014.85s
    depth 37: determinant reverse step 21/48 frontier=350757 elapsed=4027.58s
    depth 37: determinant reverse step 22/48 frontier=258592 elapsed=4036.72s
    depth 37: determinant reverse step 23/48 frontier=189493 elapsed=4043.16s
    depth 37: determinant reverse step 24/48 frontier=137979 elapsed=4047.66s
    depth 37: determinant reverse step 25/48 frontier=99795 elapsed=4050.78s
    depth 37: determinant reverse step 26/48 frontier=71669 elapsed=4052.93s
    depth 37: determinant reverse step 27/48 frontier=51087 elapsed=4054.44s
    depth 37: determinant reverse step 28/48 frontier=36126 elapsed=4055.43s
    depth 37: determinant reverse step 29/48 frontier=25331 elapsed=4056.05s
    depth 37: determinant reverse step 30/48 frontier=17604 elapsed=4056.46s
    depth 37: determinant reverse step 31/48 frontier=12115 elapsed=4056.72s
    depth 37: determinant reverse step 32/48 frontier=8252 elapsed=4056.89s
    depth 37: determinant reverse step 33/48 frontier=5559 elapsed=4056.99s
    depth 37: determinant reverse step 34/48 frontier=3699 elapsed=4057.05s
    depth 37: determinant reverse step 35/48 frontier=2429 elapsed=4057.09s
    depth 37: determinant reverse step 36/48 frontier=1573 elapsed=4057.11s
    depth 37: determinant reverse step 37/48 frontier=1002 elapsed=4057.13s
    depth 37: determinant reverse step 38/48 frontier=627 elapsed=4057.14s
    depth 37: determinant reverse step 39/48 frontier=385 elapsed=4057.14s
    depth 37: determinant reverse step 40/48 frontier=231 elapsed=4057.14s
    depth 37: determinant reverse step 41/48 frontier=135 elapsed=4057.14s
    depth 37: determinant reverse step 42/48 frontier=77 elapsed=4057.14s
    depth 37: determinant reverse step 43/48 frontier=42 elapsed=4057.14s
    depth 37: determinant reverse step 44/48 frontier=22 elapsed=4057.14s
    depth 37: determinant reverse step 45/48 frontier=11 elapsed=4057.14s
    depth 37: determinant reverse step 46/48 frontier=5 elapsed=4057.14s
    depth 37: determinant reverse step 47/48 frontier=2 elapsed=4057.14s
    depth 37: determinant reverse step 48/48 frontier=1 elapsed=4057.14s
  D_11 Delta_48 = 141772311360606697181371444665008467259737931846035322559939
D_11 negative linear = -6140262904873221270500955925570566678834307712263494435342987635302436589504128; negative quadratic = -28345601352107872191645058042597101641635206225410053185441397248937527097760; lower margin = 153883107114903536823769280107174041056204971647827584252136271758046540581308743648
minimum lower margin = D_11: 153883107114903536823769280107174041056204971647827584252136271758046540581308743648
__EXIT_STATUS=
