make: Entering directory '/root/ginibre-q3-review-20260714-v6/ginibre_q3'
python3 clean_room_replay.py --threads 32
[replay] isolated workspace: /tmp/ginibre-q3-clean-room-ilx_gejp
[replay] artifact integrity: PASS (129 manifests, 1504 entries)
[replay] reference archive: PASS (45 files, 14 bibliography keys, 15 mappings)
[replay] proof structure: PASS (850 results, 850 proofs, 359 main-theorem-reachable results)
[replay] B/C caller-range closure: PASS (60 correction propositions, 2834 formerly uncovered odd targets, 402 exact-arithmetic rows)
[replay] certificate identity ledger: PASS (115 rows, 119 table outputs, 96 inline hashes)
[replay] post-m29 artifact boundary: PASS (73 accepted artifacts)
[replay] accepted replay status: PASS (59 logs)
[replay] proof-spine input coverage: PASS (158 files)
[replay] purged 17 pre-existing ELF binaries
[replay] purged 10 pre-existing LaTeX outputs
[replay] build_cpp_replayers ...
[replay] build_cpp_replayers: PASS (15.34s)
[replay] stable_moment_recurrence_comparison ...
[replay] stable_moment_recurrence_comparison: PASS (0.11s)
[replay] sun_recurrence_derivation_exact ...
[replay] sun_recurrence_derivation_exact: PASS (0.03s)
[replay] sun_repair_gmp ...
[replay] sun_repair_gmp: PASS (1.42s)
[replay] classical_bc_row_gated_source_bridge ...
[replay] classical_bc_row_gated_source_bridge: PASS (228.44s)
[replay] classical_d53_63_row_gated_source_bridge ...
[replay] classical_d53_63_row_gated_source_bridge: PASS (0.01s)
[replay] classical_source_m29_weyl ...
[replay] classical_source_m29_weyl: PASS (17.33s)
[replay] classical_source_m29_high_rows ...
[replay] classical_source_m29_high_rows: PASS (0.00s)
[replay] trace_square_cutoff_mpfr ...
[replay] trace_square_cutoff_mpfr: PASS (2.17s)
[replay] d4_j18_denv_counterexample_gmp ...
[replay] d4_j18_denv_counterexample_gmp: PASS (0.11s)
[replay] b_unitary_square_mpfr ...
[replay] b_unitary_square_mpfr: PASS (0.01s)
[replay] bc_tilted_mgf_mpfr ...
[replay] bc_tilted_mgf_mpfr: PASS (0.03s)
[replay] bc_layered_mgf_mpfr ...
[replay] bc_layered_mgf_mpfr: PASS (0.51s)
[replay] d4_modular_weyl_exact_moments ...
[replay] d4_modular_weyl_exact_moments: PASS (0.03s)
[replay] d4_character_pairing_m0_m59 ...
[replay] d4_character_pairing_m0_m59: PASS (0.17s)
[replay] classical_d4_d24_source_pairing_d4 ...
[replay] classical_d4_d24_source_pairing_d4: PASS (0.03s)
[replay] classical_d4_d24_source_pairing_d5 ...
[replay] classical_d4_d24_source_pairing_d5: PASS (0.11s)
[replay] classical_d4_d24_source_pairing_d6 ...
[replay] classical_d4_d24_source_pairing_d6: PASS (0.16s)
[replay] classical_d4_d24_source_pairing_d7 ...
[replay] classical_d4_d24_source_pairing_d7: PASS (0.26s)
[replay] classical_d4_d24_source_pairing_d8 ...
[replay] classical_d4_d24_source_pairing_d8: PASS (0.26s)
[replay] classical_d4_d24_source_pairing_d9 ...
[replay] classical_d4_d24_source_pairing_d9: PASS (0.41s)
[replay] classical_d4_d24_source_pairing_d10 ...
[replay] classical_d4_d24_source_pairing_d10: PASS (0.51s)
[replay] classical_d4_d24_source_pairing_d11 ...
[replay] classical_d4_d24_source_pairing_d11: PASS (2.92s)
[replay] classical_d4_d24_source_pairing_d12 ...
[replay] classical_d4_d24_source_pairing_d12: PASS (0.82s)
[replay] classical_d4_d24_source_pairing_d13 ...
[replay] classical_d4_d24_source_pairing_d13: PASS (0.96s)
[replay] classical_d4_d24_source_pairing_d14 ...
[replay] classical_d4_d24_source_pairing_d14: PASS (1.17s)
[replay] classical_d4_d24_source_pairing_d15 ...
[replay] classical_d4_d24_source_pairing_d15: PASS (1.37s)
[replay] classical_d4_d24_source_pairing_d16 ...
[replay] classical_d4_d24_source_pairing_d16: PASS (1.52s)
[replay] classical_d4_d24_source_pairing_d17 ...
[replay] classical_d4_d24_source_pairing_d17: PASS (2.07s)
[replay] classical_d4_d24_source_pairing_d18 ...
[replay] classical_d4_d24_source_pairing_d18: PASS (2.32s)
[replay] classical_d4_d24_source_pairing_d19 ...
[replay] classical_d4_d24_source_pairing_d19: PASS (1.12s)
[replay] classical_d4_d24_source_pairing_d20 ...
[replay] classical_d4_d24_source_pairing_d20: PASS (0.51s)
[replay] classical_d4_d24_source_pairing_d21 ...
[replay] classical_d4_d24_source_pairing_d21: PASS (0.56s)
[replay] classical_d4_d24_source_pairing_d22 ...
[replay] classical_d4_d24_source_pairing_d22: PASS (0.61s)
[replay] classical_d4_d24_source_pairing_d23 ...
[replay] classical_d4_d24_source_pairing_d23: PASS (0.71s)
[replay] classical_d4_d24_source_pairing_d24 ...
[replay] classical_d4_d24_source_pairing_d24: PASS (0.81s)
[replay] d4_d24_exact_prefix_interval_gmp ...
[replay] d4_d24_exact_prefix_interval_gmp: PASS (0.03s)
[replay] d12_d24_exact_mgf_onset63_mpfr ...
[replay] d12_d24_exact_mgf_onset63_mpfr: PASS (1.37s)
[replay] classical_d19_source_pairing_d19 ...
[replay] classical_d19_source_pairing_d19: PASS (6.02s)
[replay] d19_exact_mgf_onset63_mpfr ...
[replay] d19_exact_mgf_onset63_mpfr: PASS (0.11s)
[replay] d19_correction_bridge_gmp ...
[replay] d19_correction_bridge_gmp: PASS (0.01s)
[replay] d25_d52_exact_mgf_mpfr ...
[replay] d25_d52_exact_mgf_mpfr: PASS (1.62s)
[replay] d25_d52_correction_interval_gmp ...
[replay] d25_d52_correction_interval_gmp: PASS (0.01s)
[replay] d53_d295_a_free_frontier_gmp ...
[replay] d53_d295_a_free_frontier_gmp: PASS (0.01s)
[replay] bc_cheb80_negative_tail_gmp ...
[replay] bc_cheb80_negative_tail_gmp: PASS (0.01s)
[replay] bc_interval_formula_mpfr ...
[replay] bc_interval_formula_mpfr: PASS (1.26s)
[replay] bc_lambda_half_bridge_gmp ...
[replay] bc_lambda_half_bridge_gmp: PASS (7802.49s)
[replay] bc_pieri_powerloss_2q_gmp ...
[replay] bc_pieri_powerloss_2q_gmp: PASS (5.43s)
[replay] bc_b14_j37_badshape_gmp ...
[replay] bc_b14_j37_badshape_gmp: PASS (0.11s)
[replay] bc_b_eighth_frontier_gmp ...
[replay] bc_b_eighth_frontier_gmp: PASS (0.32s)
[replay] bc_ninth_frontier_gmp ...
[replay] bc_ninth_frontier_gmp: PASS (0.82s)
[replay] bc_tenth_frontier_gmp ...
[replay] bc_tenth_frontier_gmp: PASS (1.79s)
[replay] bc_eleventh_frontier_gmp ...
[replay] bc_eleventh_frontier_gmp: PASS (5.06s)
[replay] bc_twelfth_frontier_gmp ...
[replay] bc_twelfth_frontier_gmp: PASS (12.15s)
[replay] bc_thirteenth_frontier_gmp ...
[replay] bc_thirteenth_frontier_gmp: PASS (33.85s)
[replay] bc_fourteenth_frontier_gmp ...
[replay] bc_fourteenth_frontier_gmp: PASS (69.64s)
[replay] bc_fifteenth_frontier_gmp ...
[replay] bc_fifteenth_frontier_gmp: PASS (155.15s)
[replay] bc_sixteenth_frontier_gmp ...
[replay] bc_sixteenth_frontier_gmp: PASS (282.83s)
[replay] bc_seventeenth_frontier_gmp ...
[replay] bc_seventeenth_frontier_gmp: PASS (578.71s)
[replay] bc_eighteenth_frontier_gmp ...
[replay] bc_eighteenth_frontier_gmp: PASS (1039.29s)
[replay] bc_nineteenth_frontier_gmp ...
[replay] bc_nineteenth_frontier_gmp: PASS (2022.54s)
[replay] bc_twentieth_frontier_gmp ...
[replay] bc_twentieth_frontier_gmp: PASS (3491.59s)
[replay] bc_twentyfirst_frontier_gmp ...
[replay] bc_twentyfirst_frontier_gmp: PASS (6579.12s)
[replay] bc_twentysecond_frontier_gmp ...
[replay] bc_twentysecond_frontier_gmp: PASS (11032.43s)
[replay] bc_twentythird_frontier_b_15_17 ...
[replay] bc_twentythird_frontier_b_15_17: PASS (443.49s)
[replay] bc_twentythird_frontier_b_18_20 ...
[replay] bc_twentythird_frontier_b_18_20: PASS (675.59s)
[replay] bc_twentythird_frontier_b_21_23 ...
[replay] bc_twentythird_frontier_b_21_23: PASS (951.89s)
[replay] bc_twentythird_frontier_b_24_26 ...
[replay] bc_twentythird_frontier_b_24_26: PASS (1283.17s)
[replay] bc_twentythird_frontier_b_27_29 ...
[replay] bc_twentythird_frontier_b_27_29: PASS (1671.76s)
[replay] bc_twentythird_frontier_b_30_32 ...
[replay] bc_twentythird_frontier_b_30_32: PASS (2122.52s)
[replay] bc_twentythird_frontier_b_33_35 ...
[replay] bc_twentythird_frontier_b_33_35: PASS (2578.97s)
[replay] bc_twentythird_frontier_b_36_39 ...
[replay] bc_twentythird_frontier_b_36_39: PASS (4374.45s)
[replay] bc_twentythird_frontier_c ...
[replay] bc_twentythird_frontier_c: PASS (0.00s)
[replay] bc_twentyfourth_frontier_b_15_17 ...
[replay] bc_twentyfourth_frontier_b_15_17: PASS (632.29s)
[replay] bc_twentyfourth_frontier_b_18_20 ...
[replay] bc_twentyfourth_frontier_b_18_20: PASS (981.99s)
[replay] bc_twentyfourth_frontier_b_21_23 ...
[replay] bc_twentyfourth_frontier_b_21_23: PASS (1390.42s)
[replay] bc_twentyfourth_frontier_b_24_26 ...
[replay] bc_twentyfourth_frontier_b_24_26: PASS (1897.17s)
[replay] bc_twentyfourth_frontier_b_27_29 ...
[replay] bc_twentyfourth_frontier_b_27_29: PASS (2404.77s)
[replay] bc_twentyfourth_frontier_b_30_32 ...
[replay] bc_twentyfourth_frontier_b_30_32: PASS (3135.72s)
[replay] bc_twentyfourth_frontier_b_33_35 ...
[replay] bc_twentyfourth_frontier_b_33_35: PASS (3860.38s)
[replay] bc_twentyfourth_frontier_b_36_38 ...
[replay] bc_twentyfourth_frontier_b_36_38: PASS (4647.39s)
[replay] bc_twentyfourth_frontier_b_39_41 ...
[replay] bc_twentyfourth_frontier_b_39_41: PASS (5522.57s)
[replay] bc_twentyfourth_frontier_c ...
[replay] bc_twentyfourth_frontier_c: PASS (0.00s)
[replay] bc_twentyfifth_frontier_b_15_17 ...
[replay] bc_twentyfifth_frontier_b_15_17: PASS (889.79s)
[replay] bc_twentyfifth_frontier_b_18_20 ...
[replay] bc_twentyfifth_frontier_b_18_20: PASS (1379.22s)
[replay] bc_twentyfifth_frontier_b_21_23 ...
[replay] bc_twentyfifth_frontier_b_21_23: PASS (1973.62s)
[replay] bc_twentyfifth_frontier_b_24_26 ...
[replay] bc_twentyfifth_frontier_b_24_26: PASS (3250.89s)
[replay] bc_twentyfifth_frontier_b_27_29 ...
