    B3 Weyl moment 0/61 support=1 elapsed=4.719e-06s
    B3 Weyl moment 1/61 support=19 elapsed=8.1633e-05s
    B3 Weyl moment 2/61 support=93 elapsed=0.000113011s
    B3 Weyl moment 3/61 support=263 elapsed=0.000199883s
    B3 Weyl moment 4/61 support=569 elapsed=0.000348431s
    B3 Weyl moment 5/61 support=1051 elapsed=0.000635547s
    B3 Weyl moment 6/61 support=1749 elapsed=0.00113654s
    B3 Weyl moment 7/61 support=2703 elapsed=0.00217326s
    B3 Weyl moment 8/61 support=3953 elapsed=0.00344609s
    B3 Weyl moment 9/61 support=5539 elapsed=0.00532661s
    B3 Weyl moment 10/61 support=7501 elapsed=0.00798133s
    B3 Weyl moment 11/61 support=9879 elapsed=0.0120001s
    B3 Weyl moment 12/61 support=12713 elapsed=0.0183787s
    B3 Weyl moment 13/61 support=16043 elapsed=0.0271759s
    B3 Weyl moment 14/61 support=19909 elapsed=0.0347167s
    B3 Weyl moment 15/61 support=24351 elapsed=0.0437591s
    B3 Weyl moment 16/61 support=29409 elapsed=0.0559162s
    B3 Weyl moment 17/61 support=35123 elapsed=0.0712796s
    B3 Weyl moment 18/61 support=41533 elapsed=0.0886161s
    B3 Weyl moment 19/61 support=48679 elapsed=0.108251s
    B3 Weyl moment 20/61 support=56601 elapsed=0.133546s
    B3 Weyl moment 21/61 support=65339 elapsed=0.161899s
    B3 Weyl moment 22/61 support=74933 elapsed=0.193154s
    B3 Weyl moment 23/61 support=85423 elapsed=0.231713s
    B3 Weyl moment 24/61 support=96849 elapsed=0.275844s
    B3 Weyl moment 25/61 support=109251 elapsed=0.324711s
    B3 Weyl moment 26/61 support=122669 elapsed=0.394854s
    B3 Weyl moment 27/61 support=137143 elapsed=0.478966s
    B3 Weyl moment 28/61 support=152713 elapsed=0.574546s
    B3 Weyl moment 29/61 support=169419 elapsed=0.666165s
    B3 Weyl moment 30/61 support=187301 elapsed=0.768307s
    B3 Weyl moment 31/61 support=206399 elapsed=0.879622s
    B3 Weyl moment 32/61 support=226753 elapsed=1.0248s
    B3 Weyl moment 33/61 support=248403 elapsed=1.19625s
    B3 Weyl moment 34/61 support=271389 elapsed=1.38978s
    B3 Weyl moment 35/61 support=295751 elapsed=1.57719s
    B3 Weyl moment 36/61 support=321529 elapsed=1.77773s
    B3 Weyl moment 37/61 support=348763 elapsed=2.02615s
    B3 Weyl moment 38/61 support=377493 elapsed=2.2944s
    B3 Weyl moment 39/61 support=407759 elapsed=2.58961s
    B3 Weyl moment 40/61 support=439601 elapsed=2.89736s
    B3 Weyl moment 41/61 support=473059 elapsed=3.32805s
    B3 Weyl moment 42/61 support=508173 elapsed=3.76101s
    B3 Weyl moment 43/61 support=544983 elapsed=4.24948s
    B3 Weyl moment 44/61 support=583529 elapsed=4.75498s
    B3 Weyl moment 45/61 support=623851 elapsed=5.31932s
    B3 Weyl moment 46/61 support=665989 elapsed=5.90464s
    B3 Weyl moment 47/61 support=709983 elapsed=6.55278s
    B3 Weyl moment 48/61 support=755873 elapsed=7.25289s
    B3 Weyl moment 49/61 support=803699 elapsed=8.02395s
    B3 Weyl moment 50/61 support=853501 elapsed=8.81603s
    B3 Weyl moment 51/61 support=905319 elapsed=9.73116s
    B3 Weyl moment 52/61 support=959193 elapsed=10.6883s
    B3 Weyl moment 53/61 support=1015163 elapsed=11.7107s
    B3 Weyl moment 54/61 support=1073269 elapsed=12.9671s
    B3 Weyl moment 55/61 support=1133551 elapsed=14.062s
    B3 Weyl moment 56/61 support=1196049 elapsed=15.2652s
    B3 Weyl moment 57/61 support=1260803 elapsed=16.5528s
    B3 Weyl moment 58/61 support=1327853 elapsed=17.9627s
    B3 Weyl moment 59/61 support=1397239 elapsed=19.525s
    B3 Weyl moment 60/61 support=1469001 elapsed=21.2742s
    B3 Weyl moment 61/61 support=1543179 elapsed=22.8856s
B_3 exact Weyl m=28 certificate
Weyl density constant term = 48
moment range m_0..m_61
m_49 = 796663732279103471311065776624845393615000701594432; Delta_49 = -38087788783930250847262296091909334278846533794696811892812480
m_50 = 13702277534520389004528323425202606042277791473038397; Delta_50 = -1885339339058146062479812601640803973733635655729355024699620227
m_51 = 236553335426264396699284228276476015971580809176169665; Delta_51 = -95209341861575717359544675896987945201328062484146764936575431935
m_52 = 4098497142210650708708848628656020537383808850490112222; Delta_52 = -4903266810540464757553123002349145789365550185853907536749778346402
m_53 = 71256303787533431533207440011925687961905461344855004682; Delta_53 = -257420799961451000117649299877151259039993613511282213374403242791542
m_54 = 1243002119269401929684247265413196284423588631366365049482; Delta_54 = -13771977065832721131698065491317957769834578256161090070542451339452662
m_55 = 21753040841118551568424821298772452537173268272859469154924; Delta_55 = -750570909947045242014583532224947415305051356014933808828689709690666004
m_56 = 381873742036297117783112221887249146930038756905191148577215; Delta_56 = -41656588897766310330880439217255811972945061120737599711359510161161799105
m_57 = 6723972553161213232839413849659348320076717603199740000002924; Delta_57 = -2353592104550579486443330552299572003696241069722625873251218284597397741204
m_58 = 118739503580176181522344483307233348925397400403306397411709887; Delta_58 = -135331264354280477785756814855728329351804725575744328259152304715536876954561
m_59 = 2102745152490326789800379714506365001442563500486301181162698359; Delta_59 = -7916863333164198153709830724882464726229595693193103006937805790485207596942089
m_60 = 37338862986526701307162031526533300282830005697828780872176788521; Delta_60 = -471052485162704279980949809443706982071437403938923993135911328715208900132997335
m_61 = 664785200416278277455045628439519836835637861516830931722948770854; Delta_61 = -28498624571845033733941155435652294733056636182715010930315140159216814250280734426
B_3 Chain diff D(28) = 14509736926495837347392003318544844003933323723730120934106840445534685016
    C3 Weyl moment 0/61 support=1 elapsed=1.223e-06s
    C3 Weyl moment 1/61 support=19 elapsed=4.24e-05s
    C3 Weyl moment 2/61 support=85 elapsed=5.9742e-05s
    C3 Weyl moment 3/61 support=231 elapsed=0.000105958s
    C3 Weyl moment 4/61 support=489 elapsed=0.000213279s
    C3 Weyl moment 5/61 support=891 elapsed=0.000418281s
    C3 Weyl moment 6/61 support=1469 elapsed=0.000793121s
    C3 Weyl moment 7/61 support=2255 elapsed=0.00133876s
    C3 Weyl moment 8/61 support=3281 elapsed=0.00229066s
    C3 Weyl moment 9/61 support=4579 elapsed=0.00347189s
    C3 Weyl moment 10/61 support=6181 elapsed=0.00514079s
    C3 Weyl moment 11/61 support=8119 elapsed=0.00732328s
    C3 Weyl moment 12/61 support=10425 elapsed=0.0102027s
    C3 Weyl moment 13/61 support=13131 elapsed=0.0140283s
    C3 Weyl moment 14/61 support=16269 elapsed=0.0188174s
    C3 Weyl moment 15/61 support=19871 elapsed=0.0247554s
    C3 Weyl moment 16/61 support=23969 elapsed=0.0326042s
    C3 Weyl moment 17/61 support=28595 elapsed=0.0420589s
    C3 Weyl moment 18/61 support=33781 elapsed=0.0526766s
    C3 Weyl moment 19/61 support=39559 elapsed=0.0663162s
    C3 Weyl moment 20/61 support=45961 elapsed=0.0820894s
    C3 Weyl moment 21/61 support=53019 elapsed=0.101138s
    C3 Weyl moment 22/61 support=60765 elapsed=0.122173s
    C3 Weyl moment 23/61 support=69231 elapsed=0.149906s
    C3 Weyl moment 24/61 support=78449 elapsed=0.181084s
    C3 Weyl moment 25/61 support=88451 elapsed=0.215205s
    C3 Weyl moment 26/61 support=99269 elapsed=0.253982s
    C3 Weyl moment 27/61 support=110935 elapsed=0.301527s
    C3 Weyl moment 28/61 support=123481 elapsed=0.357164s
    C3 Weyl moment 29/61 support=136939 elapsed=0.413206s
    C3 Weyl moment 30/61 support=151341 elapsed=0.47952s
    C3 Weyl moment 31/61 support=166719 elapsed=0.551197s
    C3 Weyl moment 32/61 support=183105 elapsed=0.632349s
    C3 Weyl moment 33/61 support=200531 elapsed=0.724105s
    C3 Weyl moment 34/61 support=219029 elapsed=0.843942s
    C3 Weyl moment 35/61 support=238631 elapsed=0.966821s
    C3 Weyl moment 36/61 support=259369 elapsed=1.10382s
    C3 Weyl moment 37/61 support=281275 elapsed=1.25596s
    C3 Weyl moment 38/61 support=304381 elapsed=1.42228s
    C3 Weyl moment 39/61 support=328719 elapsed=1.60094s
    C3 Weyl moment 40/61 support=354321 elapsed=1.80747s
    C3 Weyl moment 41/61 support=381219 elapsed=2.08031s
    C3 Weyl moment 42/61 support=409445 elapsed=2.33531s
    C3 Weyl moment 43/61 support=439031 elapsed=2.61409s
    C3 Weyl moment 44/61 support=470009 elapsed=2.93977s
    C3 Weyl moment 45/61 support=502411 elapsed=3.28461s
    C3 Weyl moment 46/61 support=536269 elapsed=3.68151s
    C3 Weyl moment 47/61 support=571615 elapsed=4.08912s
    C3 Weyl moment 48/61 support=608481 elapsed=4.51702s
    C3 Weyl moment 49/61 support=646899 elapsed=5.03058s
    C3 Weyl moment 50/61 support=686901 elapsed=5.52002s
    C3 Weyl moment 51/61 support=728519 elapsed=6.09795s
    C3 Weyl moment 52/61 support=771785 elapsed=6.65711s
    C3 Weyl moment 53/61 support=816731 elapsed=7.30063s
    C3 Weyl moment 54/61 support=863389 elapsed=7.8882s
    C3 Weyl moment 55/61 support=911791 elapsed=8.63166s
    C3 Weyl moment 56/61 support=961969 elapsed=9.38823s
    C3 Weyl moment 57/61 support=1013955 elapsed=10.2018s
    C3 Weyl moment 58/61 support=1067781 elapsed=11.0732s
    C3 Weyl moment 59/61 support=1123479 elapsed=12.0271s
    C3 Weyl moment 60/61 support=1181081 elapsed=13.018s
    C3 Weyl moment 61/61 support=1240619 elapsed=14.1319s
C_3 exact Weyl m=28 certificate
Weyl density constant term = 48
moment range m_0..m_61
m_49 = 736466530375078974312841414660642528382975840921640; Delta_49 = -38087788783990448049166320588907558640810736659928836753485272
m_50 = 12664772826436198168034533076945332753167107523849957; Delta_50 = -1885339339059183567187896792477297764081892929018465708648808667
m_51 = 218607223572420220271282270708878619055969172052065275; Delta_51 = -95209341861593663471398520073415947158895659881062376573699536325
m_52 = 3786994433877514601231870599938457132920455855522828892; Delta_52 = -4903266810540776260261456138456622767394267749258370889744745629732
m_53 = 65831151743605795096826506023720118201715923407178828242; Delta_53 = -257420799961456425269693227513587639973981819081042402912340918967982
m_54 = 1148210325081120382284183079142447664779352984591414031992; Delta_54 = -13771977065832815923492253772865357834020849004780734306189226290470152
m_55 = 20091576974891638903522145554637101124149637583869859545874; Delta_55 = -750570909947046903478449759137612317980795491366346832459378699300275054
m_56 = 352664029203847378885799639810241899312482327475959314065985; Delta_56 = -41656588897766339540593271666994709285527138127985217267788939392996310335
m_57 = 6208937275930198168019757154665676129573920477899227260047844; Delta_57 = -2353592104550580001478607783314636823352936063394816376048343585110137696284
m_58 = 109632425089888561648887620417614498120992327112606699797878169; Delta_58 = -135331264354280486892835305143348202808667615194595132664225595415234490786279
m_59 = 1941266685486981647236647973264786184467250579720907976641831462; Delta_59 = -7916863333164198315188297728227607289961336934771919982250726555878412117808986
m_60 = 34468040025411948601997279801753441629974013631675358174684872871; Delta_60 = -471052485162704282851772770558459687236189128718782645991903394868631597624912985
m_61 = 613614781872321523579084059333662135255368263267475808018993564880; Delta_61 = -28498624571845033785111573979609048609018205288572712510584738408571937954235940400
C_3 Chain diff D(28) = 12726675457086266171029471021212635688248515637200189842521643052616719332
