m=28 B/C rank-pair positive-quadratic certificate
rank = 15
stable Chain diff D(28) = 153889275723409762152911972708157654219985447590746073156624800187079091955425345536
begin B_15: first boundary = 32; exact through m_41
begin C_15: first boundary = 32; exact through m_41
    shared forward step 1/41 states=1 elapsed=3.567e-06s
    shared forward step 2/41 states=3 elapsed=3.0778e-05s
    shared forward step 3/41 states=7 elapsed=4.1658e-05s
    shared forward step 4/41 states=15 elapsed=6.95e-05s
    shared forward step 5/41 states=30 elapsed=0.000150953s
    shared forward step 6/41 states=58 elapsed=0.000323485s
    shared forward step 7/41 states=105 elapsed=0.000700561s
    shared forward step 8/41 states=186 elapsed=0.00150661s
    shared forward step 9/41 states=318 elapsed=0.00315161s
    shared forward step 10/41 states=530 elapsed=0.00817855s
    shared forward step 11/41 states=863 elapsed=0.0150604s
    shared forward step 12/41 states=1380 elapsed=0.0265019s
    shared forward step 13/41 states=2164 elapsed=0.0475628s
    shared forward step 14/41 states=3345 elapsed=0.0834539s
    shared forward step 15/41 states=5096 elapsed=0.145301s
    shared forward step 16/41 states=7665 elapsed=0.250037s
    shared forward step 17/41 states=11395 elapsed=0.421655s
    shared forward step 18/41 states=16765 elapsed=0.705089s
    shared forward step 19/41 states=24418 elapsed=1.13844s
    shared forward step 20/41 states=35251 elapsed=1.83031s
    shared forward step 21/41 states=50460 elapsed=2.90534s
    shared forward step 22/41 states=71669 elapsed=4.59963s
    shared forward step 23/41 states=101050 elapsed=7.17611s
    shared forward step 24/41 states=141510 elapsed=10.9932s
    shared forward step 25/41 states=196888 elapsed=16.7363s
    shared forward step 26/41 states=272293 elapsed=25.4153s
    shared forward step 27/41 states=374423 elapsed=38.1614s
    shared forward step 28/41 states=512081 elapsed=56.6882s
      shared forward step 29/41 processed=500000/512081 next_states=683206 step_elapsed=25.0816s elapsed=81.8257s
    shared forward step 29/41 states=696760 elapsed=83.9448s
      shared forward step 30/41 processed=500000/696760 next_states=701654 step_elapsed=20.8849s elapsed=104.864s
    shared forward step 30/41 states=943442 elapsed=123.137s
      shared forward step 31/41 processed=500000/943442 next_states=714082 step_elapsed=18.9327s elapsed=142.177s
    shared forward step 31/41 states=1271527 elapsed=179.777s
      shared forward step 32/41 processed=500000/1271527 next_states=721837 step_elapsed=18.1238s elapsed=198.038s
      shared forward step 32/41 processed=1000000/1271527 next_states=1378884 step_elapsed=48.7785s elapsed=228.693s
    shared forward step 32/41 states=1706159 elapsed=259.817s
    m_32: B_15 shared target 1/1 elapsed=3.096e-06s
  B_15 Delta_32 = -3602118427251
    m_32: C_15 shared target 915/915 elapsed=0.000190397s
  C_15 Delta_32 = -191898783962510625
      shared forward step 33/41 processed=500000/1706159 next_states=726800 step_elapsed=17.84s elapsed=277.878s
      shared forward step 33/41 processed=1000000/1706159 next_states=1402479 step_elapsed=44.7147s elapsed=304.752s
      shared forward step 33/41 processed=1500000/1706159 next_states=2035235 step_elapsed=85.5229s elapsed=345.561s
    shared forward step 33/41 states=2279700 elapsed=373.951s
    m_33: B_15 shared target 2/2 elapsed=3.897e-06s
  B_15 Delta_33 = -2146148841469200
    m_33: C_15 shared target 1000/1211 elapsed=0.000239258s
    m_33: C_15 shared target 1211/1211 elapsed=0.00027214s
  C_15 Delta_33 = -94989898061442759376
      shared forward step 34/41 processed=500000/2279700 next_states=731956 step_elapsed=17.2132s elapsed=391.439s
      shared forward step 34/41 processed=1000000/2279700 next_states=1414256 step_elapsed=42.995s elapsed=417.221s
      shared forward step 34/41 processed=1500000/2279700 next_states=2073625 step_elapsed=74.7029s elapsed=448.929s
      shared forward step 34/41 processed=2000000/2279700 next_states=2702873 step_elapsed=118.77s elapsed=492.995s
    shared forward step 34/41 states=3033772 elapsed=534.442s
    m_34: B_15 shared target 4/4 elapsed=5.741e-06s
  B_15 Delta_34 = -704407739253648243
    m_34: C_15 shared target 1000/1595 elapsed=0.000287989s
    m_34: C_15 shared target 1595/1595 elapsed=0.000385732s
  C_15 Delta_34 = -25843584932583193401153
      shared forward step 35/41 processed=500000/3033772 next_states=736364 step_elapsed=16.988s elapsed=551.781s
      shared forward step 35/41 processed=1000000/3033772 next_states=1428066 step_elapsed=41.1078s elapsed=575.901s
      shared forward step 35/41 processed=1500000/3033772 next_states=2103344 step_elapsed=69.3947s elapsed=604.188s
      shared forward step 35/41 processed=2000000/3033772 next_states=2752538 step_elapsed=105.067s elapsed=639.861s
      shared forward step 35/41 processed=2500000/3033772 next_states=3382735 step_elapsed=151.044s elapsed=685.837s
      shared forward step 35/41 processed=3000000/3033772 next_states=3984212 step_elapsed=216.718s elapsed=751.511s
    shared forward step 35/41 states=4021695 elapsed=760.718s
    m_35: B_15 shared target 7/7 elapsed=7.985e-06s
  B_15 Delta_35 = -168631144609941908451
    m_35: C_15 shared target 1000/2082 elapsed=0.00032629s
    m_35: C_15 shared target 2000/2082 elapsed=0.00053999s
    m_35: C_15 shared target 2082/2082 elapsed=0.000553976s
  C_15 Delta_35 = -5124388367421298726046242
      shared forward step 36/41 processed=500000/4021695 next_states=739541 step_elapsed=16.7354s elapsed=777.973s
      shared forward step 36/41 processed=1000000/4021695 next_states=1439520 step_elapsed=39.2845s elapsed=800.522s
      shared forward step 36/41 processed=1500000/4021695 next_states=2117990 step_elapsed=67.4552s elapsed=828.693s
      shared forward step 36/41 processed=2000000/4021695 next_states=2783351 step_elapsed=99.7361s elapsed=860.974s
      shared forward step 36/41 processed=2500000/4021695 next_states=3436010 step_elapsed=135.817s elapsed=897.055s
      shared forward step 36/41 processed=3000000/4021695 next_states=4074931 step_elapsed=177.16s elapsed=938.398s
      shared forward step 36/41 processed=3500000/4021695 next_states=4697254 step_elapsed=226.685s elapsed=987.923s
      shared forward step 36/41 processed=4000000/4021695 next_states=5287900 step_elapsed=303.019s elapsed=1064.26s
    shared forward step 36/41 states=5311627 elapsed=1071.79s
    m_36: B_15 shared target 12/12 elapsed=1.2634e-05s
  B_15 Delta_36 = -32933854286697266066325
    m_36: C_15 shared target 1000/2705 elapsed=0.000433871s
    m_36: C_15 shared target 2000/2705 elapsed=0.00154686s
    m_36: C_15 shared target 2705/2705 elapsed=0.00241239s
  C_15 Delta_36 = -829163717174997172928834315
      shared forward step 37/41 processed=500000/5311627 next_states=742006 step_elapsed=16.5892s elapsed=1089.02s
      shared forward step 37/41 processed=1000000/5311627 next_states=1447256 step_elapsed=38.2835s elapsed=1110.72s
      shared forward step 37/41 processed=1500000/5311627 next_states=2133702 step_elapsed=64.1152s elapsed=1136.55s
      shared forward step 37/41 processed=2000000/5311627 next_states=2809658 step_elapsed=92.907s elapsed=1165.34s
      shared forward step 37/41 processed=2500000/5311627 next_states=3475338 step_elapsed=124.523s elapsed=1196.96s
      shared forward step 37/41 processed=3000000/5311627 next_states=4133067 step_elapsed=158.458s elapsed=1230.89s
      shared forward step 37/41 processed=3500000/5311627 next_states=4775828 step_elapsed=198.246s elapsed=1270.68s
      shared forward step 37/41 processed=4000000/5311627 next_states=5402634 step_elapsed=243.72s elapsed=1316.15s
      shared forward step 37/41 processed=4500000/5311627 next_states=6025260 step_elapsed=292.352s elapsed=1364.79s
      shared forward step 37/41 processed=5000000/5311627 next_states=6631858 step_elapsed=352.914s elapsed=1425.35s
    shared forward step 37/41 states=6990367 elapsed=1488.8s
    m_37: B_15 shared target 19/19 elapsed=2.0989e-05s
  B_15 Delta_37 = -5569896129939123626495772
    m_37: C_15 shared target 1000/3489 elapsed=0.000679161s
    m_37: C_15 shared target 2000/3489 elapsed=0.00115107s
    m_37: C_15 shared target 3000/3489 elapsed=0.00147003s
    m_37: C_15 shared target 3489/3489 elapsed=0.00159166s
  C_15 Delta_37 = -116299388887283447701344464292
      shared forward step 38/41 processed=500000/6990367 next_states=744146 step_elapsed=17.0993s elapsed=1506.83s
      shared forward step 38/41 processed=1000000/6990367 next_states=1453972 step_elapsed=38.8666s elapsed=1528.59s
      shared forward step 38/41 processed=1500000/6990367 next_states=2147041 step_elapsed=64.1502s elapsed=1553.88s
      shared forward step 38/41 processed=2000000/6990367 next_states=2830913 step_elapsed=91.8165s elapsed=1581.54s
      shared forward step 38/41 processed=2500000/6990367 next_states=3507841 step_elapsed=121.596s elapsed=1611.32s
      shared forward step 38/41 processed=3000000/6990367 next_states=4163242 step_elapsed=157.021s elapsed=1646.75s
      shared forward step 38/41 processed=3500000/6990367 next_states=4827351 step_elapsed=189.785s elapsed=1679.51s
      shared forward step 38/41 processed=4000000/6990367 next_states=5482695 step_elapsed=226.592s elapsed=1716.32s
      shared forward step 38/41 processed=4500000/6990367 next_states=6117495 step_elapsed=270.045s elapsed=1759.77s
      shared forward step 38/41 processed=5000000/6990367 next_states=6757710 step_elapsed=311.151s elapsed=1800.88s
      shared forward step 38/41 processed=5500000/6990367 next_states=7381260 step_elapsed=361.861s elapsed=1851.59s
      shared forward step 38/41 processed=6000000/6990367 next_states=7994050 step_elapsed=416.611s elapsed=1906.34s
      shared forward step 38/41 processed=6500000/6990367 next_states=8598749 step_elapsed=477.855s elapsed=1967.58s
    shared forward step 38/41 states=9168321 elapsed=2058.93s
    m_38: B_15 shared target 30/30 elapsed=3.0095e-05s
  B_15 Delta_38 = -846164494948688952592844873
    m_38: C_15 shared target 1000/4480 elapsed=0.000463261s
    m_38: C_15 shared target 2000/4480 elapsed=0.00080045s
    m_38: C_15 shared target 3000/4480 elapsed=0.00108175s
    m_38: C_15 shared target 4000/4480 elapsed=0.00134421s
    m_38: C_15 shared target 4480/4480 elapsed=0.00143789s
  C_15 Delta_38 = -14675342465756140148747810358947
      shared forward step 39/41 processed=500000/9168321 next_states=746906 step_elapsed=16.7366s elapsed=2076.82s
      shared forward step 39/41 processed=1000000/9168321 next_states=1459564 step_elapsed=37.8145s elapsed=2097.9s
      shared forward step 39/41 processed=1500000/9168321 next_states=2157025 step_elapsed=61.8578s elapsed=2121.94s
      shared forward step 39/41 processed=2000000/9168321 next_states=2847382 step_elapsed=87.977s elapsed=2148.06s
      shared forward step 39/41 processed=2500000/9168321 next_states=3526241 step_elapsed=117.777s elapsed=2177.86s
      shared forward step 39/41 processed=3000000/9168321 next_states=4197976 step_elapsed=147.587s elapsed=2207.67s
      shared forward step 39/41 processed=3500000/9168321 next_states=4873062 step_elapsed=177.95s elapsed=2238.04s
      shared forward step 39/41 processed=4000000/9168321 next_states=5526343 step_elapsed=214.459s elapsed=2274.54s
      shared forward step 39/41 processed=4500000/9168321 next_states=6190942 step_elapsed=247.423s elapsed=2307.51s
      shared forward step 39/41 processed=5000000/9168321 next_states=6832169 step_elapsed=288.655s elapsed=2348.74s
      shared forward step 39/41 processed=5500000/9168321 next_states=7485770 step_elapsed=325.665s elapsed=2385.75s
      shared forward step 39/41 processed=6000000/9168321 next_states=8117498 step_elapsed=370.406s elapsed=2430.49s
      shared forward step 39/41 processed=6500000/9168321 next_states=8757237 step_elapsed=414.093s elapsed=2474.18s
      shared forward step 39/41 processed=7000000/9168321 next_states=9376909 step_elapsed=464.202s elapsed=2524.29s
      shared forward step 39/41 processed=7500000/9168321 next_states=10001721 step_elapsed=514.606s elapsed=2574.69s
      shared forward step 39/41 processed=8000000/9168321 next_states=10606350 step_elapsed=576.899s elapsed=2636.98s
      shared forward step 39/41 processed=8500000/9168321 next_states=11210028 step_elapsed=639.142s elapsed=2699.23s
      shared forward step 39/41 processed=9000000/9168321 next_states=11796998 step_elapsed=719.497s elapsed=2779.58s
    shared forward step 39/41 states=11985379 elapsed=2825.35s
    m_39: B_15 shared target 45/45 elapsed=4.8841e-05s
  B_15 Delta_39 = -118332584696302552701977772260
    m_39: C_15 shared target 1000/5716 elapsed=0.000532079s
    m_39: C_15 shared target 2000/5716 elapsed=0.000915091s
    m_39: C_15 shared target 3000/5716 elapsed=0.00134106s
    m_39: C_15 shared target 4000/5716 elapsed=0.0016909s
    m_39: C_15 shared target 5000/5716 elapsed=0.00198788s
    m_39: C_15 shared target 5716/5716 elapsed=0.00214516s
  C_15 Delta_39 = -1707967027891567856045389262163012
      shared forward step 40/41 processed=500000/11985379 next_states=749869 step_elapsed=16.9312s elapsed=2843.76s
      shared forward step 40/41 processed=1000000/11985379 next_states=1463258 step_elapsed=37.7669s elapsed=2864.59s
      shared forward step 40/41 processed=1500000/11985379 next_states=2165396 step_elapsed=61.2071s elapsed=2888.04s
      shared forward step 40/41 processed=2000000/11985379 next_states=2860788 step_elapsed=86.9654s elapsed=2913.79s
      shared forward step 40/41 processed=2500000/11985379 next_states=3538400 step_elapsed=116.573s elapsed=2943.4s
      shared forward step 40/41 processed=3000000/11985379 next_states=4222533 step_elapsed=144.405s elapsed=2971.23s
      shared forward step 40/41 processed=3500000/11985379 next_states=4897731 step_elapsed=176.955s elapsed=3003.78s
      shared forward step 40/41 processed=4000000/11985379 next_states=5568183 step_elapsed=207.618s elapsed=3034.45s
      shared forward step 40/41 processed=4500000/11985379 next_states=6221981 step_elapsed=245.739s elapsed=3072.57s
      shared forward step 40/41 processed=5000000/11985379 next_states=6898060 step_elapsed=275.045s elapsed=3101.87s
      shared forward step 40/41 processed=5500000/11985379 next_states=7547571 step_elapsed=314.716s elapsed=3141.54s
      shared forward step 40/41 processed=6000000/11985379 next_states=8209486 step_elapsed=350.761s elapsed=3177.59s
      shared forward step 40/41 processed=6500000/11985379 next_states=8852391 step_elapsed=390.23s elapsed=3217.06s
      shared forward step 40/41 processed=7000000/11985379 next_states=9489046 step_elapsed=436.422s elapsed=3263.25s
      shared forward step 40/41 processed=7500000/11985379 next_states=10141818 step_elapsed=473.794s elapsed=3300.62s
      shared forward step 40/41 processed=8000000/11985379 next_states=10769718 step_elapsed=521.105s elapsed=3347.93s
      shared forward step 40/41 processed=8500000/11985379 next_states=11395336 step_elapsed=574.5s elapsed=3401.33s
      shared forward step 40/41 processed=9000000/11985379 next_states=12032519 step_elapsed=615.777s elapsed=3442.61s
      shared forward step 40/41 processed=9500000/11985379 next_states=12644834 step_elapsed=674.301s elapsed=3501.13s
      shared forward step 40/41 processed=10000000/11985379 next_states=13267778 step_elapsed=726.005s elapsed=3552.83s
      shared forward step 40/41 processed=10500000/11985379 next_states=13869282 step_elapsed=790.737s elapsed=3617.57s
      shared forward step 40/41 processed=11000000/11985379 next_states=14476521 step_elapsed=852.95s elapsed=3679.78s
      shared forward step 40/41 processed=11500000/11985379 next_states=15065269 step_elapsed=931.128s elapsed=3757.96s
    shared forward step 40/41 states=15618506 elapsed=3865.52s
    m_40: B_15 shared target 67/67 elapsed=6.8197e-05s
  B_15 Delta_40 = -15500236532483430857257682568105
    m_40: C_15 shared target 1000/7265 elapsed=0.000669518s
    m_40: C_15 shared target 2000/7265 elapsed=0.0010635s
    m_40: C_15 shared target 3000/7265 elapsed=0.00144783s
    m_40: C_15 shared target 4000/7265 elapsed=0.00184861s
    m_40: C_15 shared target 5000/7265 elapsed=0.00221959s
    m_40: C_15 shared target 6000/7265 elapsed=0.0025604s
    m_40: C_15 shared target 7000/7265 elapsed=0.00283646s
    m_40: C_15 shared target 7265/7265 elapsed=0.00289412s
  C_15 Delta_40 = -186601883114319208817102632787187939
      shared forward step 41/41 processed=500000/15618506 next_states=751051 step_elapsed=17.0141s elapsed=3884.59s
      shared forward step 41/41 processed=1000000/15618506 next_states=1467360 step_elapsed=37.8348s elapsed=3905.41s
      shared forward step 41/41 processed=1500000/15618506 next_states=2171125 step_elapsed=61.0091s elapsed=3928.59s
      shared forward step 41/41 processed=2000000/15618506 next_states=2869794 step_elapsed=86.4414s elapsed=3954.02s
      shared forward step 41/41 processed=2500000/15618506 next_states=3551434 step_elapsed=114.89s elapsed=3982.47s
      shared forward step 41/41 processed=3000000/15618506 next_states=4245533 step_elapsed=140.989s elapsed=4008.57s
      shared forward step 41/41 processed=3500000/15618506 next_states=4918051 step_elapsed=173.178s elapsed=4040.76s
      shared forward step 41/41 processed=4000000/15618506 next_states=5604520 step_elapsed=200.732s elapsed=4068.31s
      shared forward step 41/41 processed=4500000/15618506 next_states=6267661 step_elapsed=236.198s elapsed=4103.78s
      shared forward step 41/41 processed=5000000/15618506 next_states=6945729 step_elapsed=268.096s elapsed=4135.67s
      shared forward step 41/41 processed=5500000/15618506 next_states=7606912 step_elapsed=302.389s elapsed=4169.97s
      shared forward step 41/41 processed=6000000/15618506 next_states=8259899 step_elapsed=341.836s elapsed=4209.41s
      shared forward step 41/41 processed=6500000/15618506 next_states=8932043 step_elapsed=376.196s elapsed=4243.77s
      shared forward step 41/41 processed=7000000/15618506 next_states=9583386 step_elapsed=412.816s elapsed=4280.39s
      shared forward step 41/41 processed=7500000/15618506 next_states=10226355 step_elapsed=456.773s elapsed=4324.35s
      shared forward step 41/41 processed=8000000/15618506 next_states=10878789 step_elapsed=497.626s elapsed=4365.2s
      shared forward step 41/41 processed=8500000/15618506 next_states=11532461 step_elapsed=533.216s elapsed=4400.79s
      shared forward step 41/41 processed=9000000/15618506 next_states=12167755 step_elapsed=578.832s elapsed=4446.41s
      shared forward step 41/41 processed=9500000/15618506 next_states=12800433 step_elapsed=628.58s elapsed=4496.16s
      shared forward step 41/41 processed=10000000/15618506 next_states=13452352 step_elapsed=667.872s elapsed=4535.45s
      shared forward step 41/41 processed=10500000/15618506 next_states=14080709 step_elapsed=714.139s elapsed=4581.72s
      shared forward step 41/41 processed=11000000/15618506 next_states=14701086 step_elapsed=770.241s elapsed=4637.82s
      shared forward step 41/41 processed=11500000/15618506 next_states=15330724 step_elapsed=821.691s elapsed=4689.27s
      shared forward step 41/41 processed=12000000/15618506 next_states=15960729 step_elapsed=867.609s elapsed=4735.19s
      shared forward step 41/41 processed=12500000/15618506 next_states=16570517 step_elapsed=928.94s elapsed=4796.52s
      shared forward step 41/41 processed=13000000/15618506 next_states=17185404 step_elapsed=990.654s elapsed=4858.23s
      shared forward step 41/41 processed=13500000/15618506 next_states=17798521 step_elapsed=1045.24s elapsed=4912.82s
      shared forward step 41/41 processed=14000000/15618506 next_states=18395056 step_elapsed=1121.01s elapsed=4988.59s
      shared forward step 41/41 processed=14500000/15618506 next_states=18999991 step_elapsed=1183.96s elapsed=5051.53s
      shared forward step 41/41 processed=15000000/15618506 next_states=19586490 step_elapsed=1269.66s elapsed=5137.24s
      shared forward step 41/41 processed=15500000/15618506 next_states=20160071 step_elapsed=1370.09s elapsed=5237.67s
    shared forward step 41/41 states=20290947 elapsed=5278.19s
    m_41: B_15 shared target 97/97 elapsed=0.000104515s
  B_15 Delta_41 = -1926342911785452502271099095125800
    m_41: C_15 shared target 1000/9182 elapsed=0.000761942s
    m_41: C_15 shared target 2000/9182 elapsed=0.00118801s
    m_41: C_15 shared target 3000/9182 elapsed=0.00157292s
    m_41: C_15 shared target 4000/9182 elapsed=0.00192314s
    m_41: C_15 shared target 5000/9182 elapsed=0.00229348s
    m_41: C_15 shared target 6000/9182 elapsed=0.00266175s
    m_41: C_15 shared target 7000/9182 elapsed=0.00301303s
    m_41: C_15 shared target 8000/9182 elapsed=0.00333866s
    m_41: C_15 shared target 9000/9182 elapsed=0.00358744s
    m_41: C_15 shared target 9182/9182 elapsed=0.00362657s
  C_15 Delta_41 = -19389351708011679252354115271407165700
B_15 tail = -151875977652015516170164021873481402924471078106230939468015107485047353301772727808; linear exact = -784558548997069423146395912733467798108998017802643065397693016816; negative quadratic exact = 0; positive quadratic exact = 0; lower margin = 2013298071394245198189401837606828149118456751047335579611674899388673255959600912
C_15 tail = -151875977652015516170164021873481402924471078106230939468015107485047353301772727808; linear exact = -8405450288470210096784277792590539625504616835178869123185400857969648; negative quadratic exact = 0; positive quadratic exact = 0; lower margin = 2013298071385840532459480624579467017721778944889629071774513832908553252794648080
minimum lower margin = C_15: 2013298071385840532459480624579467017721778944889629071774513832908553252794648080
__EXIT_STATUS=0
