    D4 modular Weyl 9223372036854775507 moment 0/59 support=1 elapsed=9e-08s
    D4 modular Weyl 9223372036854775507 moment 1/59 support=25 elapsed=8.0089e-05s
    D4 modular Weyl 9223372036854775507 moment 2/59 support=169 elapsed=0.000149769s
    D4 modular Weyl 9223372036854775507 moment 3/59 support=625 elapsed=0.000252151s
    D4 modular Weyl 9223372036854775507 moment 4/59 support=1681 elapsed=0.000518428s
    D4 modular Weyl 9223372036854775507 moment 5/59 support=3721 elapsed=0.00128851s
    D4 modular Weyl 9223372036854775507 moment 6/59 support=7225 elapsed=0.00281541s
    D4 modular Weyl 9223372036854775507 moment 7/59 support=12769 elapsed=0.00552652s
    D4 modular Weyl 9223372036854775507 moment 8/59 support=21025 elapsed=0.0113994s
    D4 modular Weyl 9223372036854775507 moment 9/59 support=32761 elapsed=0.0210517s
    D4 modular Weyl 9223372036854775507 moment 10/59 support=48841 elapsed=0.0334621s
    D4 modular Weyl 9223372036854775507 moment 11/59 support=70225 elapsed=0.057114s
    D4 modular Weyl 9223372036854775507 moment 12/59 support=97969 elapsed=0.0971396s
    D4 modular Weyl 9223372036854775507 moment 13/59 support=133225 elapsed=0.142692s
    D4 modular Weyl 9223372036854775507 moment 14/59 support=177241 elapsed=0.214745s
    D4 modular Weyl 9223372036854775507 moment 15/59 support=231361 elapsed=0.322966s
    D4 modular Weyl 9223372036854775507 moment 16/59 support=297025 elapsed=0.461705s
    D4 modular Weyl 9223372036854775507 moment 17/59 support=375769 elapsed=0.689022s
    D4 modular Weyl 9223372036854775507 moment 18/59 support=469225 elapsed=0.988561s
    D4 modular Weyl 9223372036854775507 moment 19/59 support=579121 elapsed=1.33595s
    D4 modular Weyl 9223372036854775507 moment 20/59 support=707281 elapsed=1.83218s
    D4 modular Weyl 9223372036854775507 moment 21/59 support=855625 elapsed=2.46971s
    D4 modular Weyl 9223372036854775507 moment 22/59 support=1026169 elapsed=3.25018s
    D4 modular Weyl 9223372036854775507 moment 23/59 support=1221025 elapsed=4.14272s
    D4 modular Weyl 9223372036854775507 moment 24/59 support=1442401 elapsed=5.4046s
    D4 modular Weyl 9223372036854775507 moment 25/59 support=1692601 elapsed=6.8347s
    D4 modular Weyl 9223372036854775507 moment 26/59 support=1974025 elapsed=8.56511s
    D4 modular Weyl 9223372036854775507 moment 27/59 support=2289169 elapsed=10.5882s
    D4 modular Weyl 9223372036854775507 moment 28/59 support=2640625 elapsed=13.2311s
    D4 modular Weyl 9223372036854775507 moment 29/59 support=3031081 elapsed=16.3628s
    D4 modular Weyl 9223372036854775507 moment 30/59 support=3463321 elapsed=19.9565s
    D4 modular Weyl 9223372036854775507 moment 31/59 support=3940225 elapsed=24.4982s
    D4 modular Weyl 9223372036854775507 moment 32/59 support=4464769 elapsed=29.2872s
    D4 modular Weyl 9223372036854775507 moment 33/59 support=5040025 elapsed=34.2942s
    D4 modular Weyl 9223372036854775507 moment 34/59 support=5669161 elapsed=40.3538s
    D4 modular Weyl 9223372036854775507 moment 35/59 support=6355441 elapsed=47.3252s
    D4 modular Weyl 9223372036854775507 moment 36/59 support=7102225 elapsed=55.1396s
    D4 modular Weyl 9223372036854775507 moment 37/59 support=7912969 elapsed=64.2422s
    D4 modular Weyl 9223372036854775507 moment 38/59 support=8791225 elapsed=74.7366s
    D4 modular Weyl 9223372036854775507 moment 39/59 support=9740641 elapsed=86.6171s
    D4 modular Weyl 9223372036854775507 moment 40/59 support=10764961 elapsed=100.521s
    D4 modular Weyl 9223372036854775507 moment 41/59 support=11868025 elapsed=116.313s
    D4 modular Weyl 9223372036854775507 moment 42/59 support=13053769 elapsed=133.468s
    D4 modular Weyl 9223372036854775507 moment 43/59 support=14326225 elapsed=151.93s
    D4 modular Weyl 9223372036854775507 moment 44/59 support=15689521 elapsed=173.755s
    D4 modular Weyl 9223372036854775507 moment 45/59 support=17147881 elapsed=198.252s
    D4 modular Weyl 9223372036854775507 moment 46/59 support=18705625 elapsed=224.992s
    D4 modular Weyl 9223372036854775507 moment 47/59 support=20367169 elapsed=257.985s
    D4 modular Weyl 9223372036854775507 moment 48/59 support=22137025 elapsed=295.64s
    D4 modular Weyl 9223372036854775507 moment 49/59 support=24019801 elapsed=336.397s
    D4 modular Weyl 9223372036854775507 moment 50/59 support=26020201 elapsed=378.646s
    D4 modular Weyl 9223372036854775507 moment 51/59 support=28143025 elapsed=424.979s
    D4 modular Weyl 9223372036854775507 moment 52/59 support=30393169 elapsed=473.617s
    D4 modular Weyl 9223372036854775507 moment 53/59 support=32775625 elapsed=528.178s
    D4 modular Weyl 9223372036854775507 moment 54/59 support=35295481 elapsed=589.355s
    D4 modular Weyl 9223372036854775507 moment 55/59 support=37957921 elapsed=652.342s
    D4 modular Weyl 9223372036854775507 moment 56/59 support=40768225 elapsed=729.502s
    D4 modular Weyl 9223372036854775507 moment 57/59 support=43731769 elapsed=808.941s
    D4 modular Weyl 9223372036854775507 moment 58/59 support=46854025 elapsed=895.339s
    D4 modular Weyl 9223372036854775507 moment 59/59 support=50140561 elapsed=991.318s
D_4 MOD 9223372036854775507 Weyl density constant term = 192
D_4 MOD 9223372036854775507 m_0 moment=1
D_4 MOD 9223372036854775507 m_1 moment=0
D_4 MOD 9223372036854775507 m_2 moment=1
D_4 MOD 9223372036854775507 m_3 moment=1
D_4 MOD 9223372036854775507 m_4 moment=7
D_4 MOD 9223372036854775507 m_5 moment=28
D_4 MOD 9223372036854775507 m_6 moment=185
D_4 MOD 9223372036854775507 m_7 moment=1278
D_4 MOD 9223372036854775507 m_8 moment=10388
D_4 MOD 9223372036854775507 m_9 moment=92704
D_4 MOD 9223372036854775507 m_10 moment=905964
D_4 MOD 9223372036854775507 m_11 moment=9534595
D_4 MOD 9223372036854775507 m_12 moment=107083669
D_4 MOD 9223372036854775507 m_13 moment=1272659964
D_4 MOD 9223372036854775507 m_14 moment=15899798941
D_4 MOD 9223372036854775507 m_15 moment=207654466894
D_4 MOD 9223372036854775507 m_16 moment=2821860438960
D_4 MOD 9223372036854775507 m_17 moment=39742352437504
D_4 MOD 9223372036854775507 m_18 moment=578125687744444
D_4 MOD 9223372036854775507 m_19 moment=8661040537166640
D_4 MOD 9223372036854775507 m_20 moment=133288185368672896
D_4 MOD 9223372036854775507 m_21 moment=2102422262432220160
D_4 MOD 9223372036854775507 m_22 moment=6253634858482777035
D_4 MOD 9223372036854775507 m_23 moment=5570119759751537476
D_4 MOD 9223372036854775507 m_24 moment=1567574919054552930
D_4 MOD 9223372036854775507 m_25 moment=594900731209348885
D_4 MOD 9223372036854775507 m_26 moment=455646414716939570
D_4 MOD 9223372036854775507 m_27 moment=7338375787825212327
D_4 MOD 9223372036854775507 m_28 moment=938664556560697118
D_4 MOD 9223372036854775507 m_29 moment=8691747543567779825
D_4 MOD 9223372036854775507 m_30 moment=1272021974538254570
D_4 MOD 9223372036854775507 m_31 moment=3577596100824181228
D_4 MOD 9223372036854775507 m_32 moment=3514572313483664575
D_4 MOD 9223372036854775507 m_33 moment=3630602494064210722
D_4 MOD 9223372036854775507 m_34 moment=7281545184002249658
D_4 MOD 9223372036854775507 m_35 moment=8773416944727951291
D_4 MOD 9223372036854775507 m_36 moment=1131668107726438873
D_4 MOD 9223372036854775507 m_37 moment=7450430683106347702
D_4 MOD 9223372036854775507 m_38 moment=3766612206913197439
D_4 MOD 9223372036854775507 m_39 moment=9186774047219716207
D_4 MOD 9223372036854775507 m_40 moment=4639227375462673413
D_4 MOD 9223372036854775507 m_41 moment=1421195374331433662
D_4 MOD 9223372036854775507 m_42 moment=8842814712953537911
D_4 MOD 9223372036854775507 m_43 moment=5712445315998580848
D_4 MOD 9223372036854775507 m_44 moment=7310113725139898471
D_4 MOD 9223372036854775507 m_45 moment=973692017709259645
D_4 MOD 9223372036854775507 m_46 moment=4738779146825984025
D_4 MOD 9223372036854775507 m_47 moment=5410202435127930094
D_4 MOD 9223372036854775507 m_48 moment=3667004243444898404
D_4 MOD 9223372036854775507 m_49 moment=7974823008489778449
D_4 MOD 9223372036854775507 m_50 moment=3432843490671551029
D_4 MOD 9223372036854775507 m_51 moment=1380839738437654644
D_4 MOD 9223372036854775507 m_52 moment=7255033106399017799
D_4 MOD 9223372036854775507 m_53 moment=95987152417635134
D_4 MOD 9223372036854775507 m_54 moment=6867435438703889345
D_4 MOD 9223372036854775507 m_55 moment=1726323604033927290
D_4 MOD 9223372036854775507 m_56 moment=2581771201851086091
D_4 MOD 9223372036854775507 m_57 moment=179035842526009257
D_4 MOD 9223372036854775507 m_58 moment=2255574859233988815
D_4 MOD 9223372036854775507 m_59 moment=2880381657251052187
