    D4 modular Weyl 9223372036854775643 moment 0/59 support=1 elapsed=1e-07s
    D4 modular Weyl 9223372036854775643 moment 1/59 support=25 elapsed=5.0946e-05s
    D4 modular Weyl 9223372036854775643 moment 2/59 support=169 elapsed=0.000104365s
    D4 modular Weyl 9223372036854775643 moment 3/59 support=625 elapsed=0.000195456s
    D4 modular Weyl 9223372036854775643 moment 4/59 support=1681 elapsed=0.000461924s
    D4 modular Weyl 9223372036854775643 moment 5/59 support=3721 elapsed=0.00126553s
    D4 modular Weyl 9223372036854775643 moment 6/59 support=7225 elapsed=0.00283066s
    D4 modular Weyl 9223372036854775643 moment 7/59 support=12769 elapsed=0.00555088s
    D4 modular Weyl 9223372036854775643 moment 8/59 support=21025 elapsed=0.0104476s
    D4 modular Weyl 9223372036854775643 moment 9/59 support=32761 elapsed=0.019534s
    D4 modular Weyl 9223372036854775643 moment 10/59 support=48841 elapsed=0.0333696s
    D4 modular Weyl 9223372036854775643 moment 11/59 support=70225 elapsed=0.0578984s
    D4 modular Weyl 9223372036854775643 moment 12/59 support=97969 elapsed=0.102984s
    D4 modular Weyl 9223372036854775643 moment 13/59 support=133225 elapsed=0.185983s
    D4 modular Weyl 9223372036854775643 moment 14/59 support=177241 elapsed=0.400616s
    D4 modular Weyl 9223372036854775643 moment 15/59 support=231361 elapsed=0.537358s
    D4 modular Weyl 9223372036854775643 moment 16/59 support=297025 elapsed=0.709673s
    D4 modular Weyl 9223372036854775643 moment 17/59 support=375769 elapsed=1.18082s
    D4 modular Weyl 9223372036854775643 moment 18/59 support=469225 elapsed=2.03621s
    D4 modular Weyl 9223372036854775643 moment 19/59 support=579121 elapsed=2.54871s
    D4 modular Weyl 9223372036854775643 moment 20/59 support=707281 elapsed=3.48348s
    D4 modular Weyl 9223372036854775643 moment 21/59 support=855625 elapsed=5.18685s
    D4 modular Weyl 9223372036854775643 moment 22/59 support=1026169 elapsed=7.38038s
    D4 modular Weyl 9223372036854775643 moment 23/59 support=1221025 elapsed=9.51363s
    D4 modular Weyl 9223372036854775643 moment 24/59 support=1442401 elapsed=11.584s
    D4 modular Weyl 9223372036854775643 moment 25/59 support=1692601 elapsed=14.739s
    D4 modular Weyl 9223372036854775643 moment 26/59 support=1974025 elapsed=18.0276s
    D4 modular Weyl 9223372036854775643 moment 27/59 support=2289169 elapsed=21.3051s
    D4 modular Weyl 9223372036854775643 moment 28/59 support=2640625 elapsed=26.9462s
    D4 modular Weyl 9223372036854775643 moment 29/59 support=3031081 elapsed=35.0149s
    D4 modular Weyl 9223372036854775643 moment 30/59 support=3463321 elapsed=44.754s
    D4 modular Weyl 9223372036854775643 moment 31/59 support=3940225 elapsed=56.0997s
    D4 modular Weyl 9223372036854775643 moment 32/59 support=4464769 elapsed=68.4429s
    D4 modular Weyl 9223372036854775643 moment 33/59 support=5040025 elapsed=80.3763s
    D4 modular Weyl 9223372036854775643 moment 34/59 support=5669161 elapsed=97.496s
    D4 modular Weyl 9223372036854775643 moment 35/59 support=6355441 elapsed=117.434s
    D4 modular Weyl 9223372036854775643 moment 36/59 support=7102225 elapsed=136.178s
    D4 modular Weyl 9223372036854775643 moment 37/59 support=7912969 elapsed=159.275s
    D4 modular Weyl 9223372036854775643 moment 38/59 support=8791225 elapsed=185.683s
    D4 modular Weyl 9223372036854775643 moment 39/59 support=9740641 elapsed=210.294s
    D4 modular Weyl 9223372036854775643 moment 40/59 support=10764961 elapsed=250.88s
    D4 modular Weyl 9223372036854775643 moment 41/59 support=11868025 elapsed=293.603s
    D4 modular Weyl 9223372036854775643 moment 42/59 support=13053769 elapsed=318.827s
    D4 modular Weyl 9223372036854775643 moment 43/59 support=14326225 elapsed=339.308s
    D4 modular Weyl 9223372036854775643 moment 44/59 support=15689521 elapsed=361.841s
    D4 modular Weyl 9223372036854775643 moment 45/59 support=17147881 elapsed=386.158s
    D4 modular Weyl 9223372036854775643 moment 46/59 support=18705625 elapsed=413.805s
    D4 modular Weyl 9223372036854775643 moment 47/59 support=20367169 elapsed=449.714s
    D4 modular Weyl 9223372036854775643 moment 48/59 support=22137025 elapsed=486.301s
    D4 modular Weyl 9223372036854775643 moment 49/59 support=24019801 elapsed=527.212s
    D4 modular Weyl 9223372036854775643 moment 50/59 support=26020201 elapsed=569.968s
    D4 modular Weyl 9223372036854775643 moment 51/59 support=28143025 elapsed=614.587s
    D4 modular Weyl 9223372036854775643 moment 52/59 support=30393169 elapsed=663.696s
    D4 modular Weyl 9223372036854775643 moment 53/59 support=32775625 elapsed=716.7s
    D4 modular Weyl 9223372036854775643 moment 54/59 support=35295481 elapsed=776.728s
    D4 modular Weyl 9223372036854775643 moment 55/59 support=37957921 elapsed=842.872s
    D4 modular Weyl 9223372036854775643 moment 56/59 support=40768225 elapsed=919.114s
    D4 modular Weyl 9223372036854775643 moment 57/59 support=43731769 elapsed=1000.98s
    D4 modular Weyl 9223372036854775643 moment 58/59 support=46854025 elapsed=1088.95s
    D4 modular Weyl 9223372036854775643 moment 59/59 support=50140561 elapsed=1184.28s
D_4 MOD 9223372036854775643 Weyl density constant term = 192
D_4 MOD 9223372036854775643 m_0 moment=1
D_4 MOD 9223372036854775643 m_1 moment=0
D_4 MOD 9223372036854775643 m_2 moment=1
D_4 MOD 9223372036854775643 m_3 moment=1
D_4 MOD 9223372036854775643 m_4 moment=7
D_4 MOD 9223372036854775643 m_5 moment=28
D_4 MOD 9223372036854775643 m_6 moment=185
D_4 MOD 9223372036854775643 m_7 moment=1278
D_4 MOD 9223372036854775643 m_8 moment=10388
D_4 MOD 9223372036854775643 m_9 moment=92704
D_4 MOD 9223372036854775643 m_10 moment=905964
D_4 MOD 9223372036854775643 m_11 moment=9534595
D_4 MOD 9223372036854775643 m_12 moment=107083669
D_4 MOD 9223372036854775643 m_13 moment=1272659964
D_4 MOD 9223372036854775643 m_14 moment=15899798941
D_4 MOD 9223372036854775643 m_15 moment=207654466894
D_4 MOD 9223372036854775643 m_16 moment=2821860438960
D_4 MOD 9223372036854775643 m_17 moment=39742352437504
D_4 MOD 9223372036854775643 m_18 moment=578125687744444
D_4 MOD 9223372036854775643 m_19 moment=8661040537166640
D_4 MOD 9223372036854775643 m_20 moment=133288185368672896
D_4 MOD 9223372036854775643 m_21 moment=2102422262432220160
D_4 MOD 9223372036854775643 m_22 moment=6253634858482776627
D_4 MOD 9223372036854775643 m_23 moment=5570119759751529316
D_4 MOD 9223372036854775643 m_24 moment=1567574919054414482
D_4 MOD 9223372036854775643 m_25 moment=594900731206980173
D_4 MOD 9223372036854775643 m_26 moment=455646414675732930
D_4 MOD 9223372036854775643 m_27 moment=7338375787097036231
D_4 MOD 9223372036854775643 m_28 moment=938664543502443190
D_4 MOD 9223372036854775643 m_29 moment=8691747306147671721
D_4 MOD 9223372036854775643 m_30 moment=1272017601595542354
D_4 MOD 9223372036854775643 m_31 moment=3577514569271884252
D_4 MOD 9223372036854775643 m_32 moment=3513034608602892199
D_4 MOD 9223372036854775643 m_33 moment=3601284095261302482
D_4 MOD 9223372036854775643 m_34 moment=6716771700174751914
D_4 MOD 9223372036854775643 m_35 moment=7010732115627640734
D_4 MOD 9223372036854775643 m_36 moment=6803880857513917369
D_4 MOD 9223372036854775643 m_37 moment=5867609942879023579
D_4 MOD 9223372036854775643 m_38 moment=5485506698026022936
D_4 MOD 9223372036854775643 m_39 moment=6178414448039117
D_4 MOD 9223372036854775643 m_40 moment=8250477271048952637
D_4 MOD 9223372036854775643 m_41 moment=6013604980029801574
D_4 MOD 9223372036854775643 m_42 moment=7362714504940804127
D_4 MOD 9223372036854775643 m_43 moment=2144564000587197753
D_4 MOD 9223372036854775643 m_44 moment=3872160470491281867
D_4 MOD 9223372036854775643 m_45 moment=9024389336660385083
D_4 MOD 9223372036854775643 m_46 moment=3492946821382504521
D_4 MOD 9223372036854775643 m_47 moment=5052722457730456639
D_4 MOD 9223372036854775643 m_48 moment=8358523443495068012
D_4 MOD 9223372036854775643 m_49 moment=535295069524246317
D_4 MOD 9223372036854775643 m_50 moment=6206379603974130007
D_4 MOD 9223372036854775643 m_51 moment=7777357808160943378
D_4 MOD 9223372036854775643 m_52 moment=6109565959272436733
D_4 MOD 9223372036854775643 m_53 moment=8965042927367517117
D_4 MOD 9223372036854775643 m_54 moment=6070385605185993844
D_4 MOD 9223372036854775643 m_55 moment=6842378159594882602
D_4 MOD 9223372036854775643 m_56 moment=5034167969552475037
D_4 MOD 9223372036854775643 m_57 moment=8978467701183952727
D_4 MOD 9223372036854775643 m_58 moment=8685667693485345793
D_4 MOD 9223372036854775643 m_59 moment=4197623980162524587
