    C4 modular Weyl 9223372036854775507 moment 0/59 support=1 elapsed=1e-07s
    C4 modular Weyl 9223372036854775507 moment 1/59 support=33 elapsed=8.6091e-05s
    C4 modular Weyl 9223372036854775507 moment 2/59 support=225 elapsed=0.00011211s
    C4 modular Weyl 9223372036854775507 moment 3/59 support=833 elapsed=0.000199804s
    C4 modular Weyl 9223372036854775507 moment 4/59 support=2241 elapsed=0.000499504s
    C4 modular Weyl 9223372036854775507 moment 5/59 support=4961 elapsed=0.00154102s
    C4 modular Weyl 9223372036854775507 moment 6/59 support=9633 elapsed=0.00340106s
    C4 modular Weyl 9223372036854775507 moment 7/59 support=17025 elapsed=0.00852677s
    C4 modular Weyl 9223372036854775507 moment 8/59 support=28033 elapsed=0.0169365s
    C4 modular Weyl 9223372036854775507 moment 9/59 support=43681 elapsed=0.0323086s
    C4 modular Weyl 9223372036854775507 moment 10/59 support=65121 elapsed=0.0595694s
    C4 modular Weyl 9223372036854775507 moment 11/59 support=93633 elapsed=0.0998608s
    C4 modular Weyl 9223372036854775507 moment 12/59 support=130625 elapsed=0.15516s
    C4 modular Weyl 9223372036854775507 moment 13/59 support=177633 elapsed=0.236089s
    C4 modular Weyl 9223372036854775507 moment 14/59 support=236321 elapsed=0.357026s
    C4 modular Weyl 9223372036854775507 moment 15/59 support=308481 elapsed=0.513479s
    C4 modular Weyl 9223372036854775507 moment 16/59 support=396033 elapsed=0.763051s
    C4 modular Weyl 9223372036854775507 moment 17/59 support=501025 elapsed=1.09179s
    C4 modular Weyl 9223372036854775507 moment 18/59 support=625633 elapsed=1.53057s
    C4 modular Weyl 9223372036854775507 moment 19/59 support=772161 elapsed=2.13259s
    C4 modular Weyl 9223372036854775507 moment 20/59 support=943041 elapsed=2.89142s
    C4 modular Weyl 9223372036854775507 moment 21/59 support=1140833 elapsed=3.819s
    C4 modular Weyl 9223372036854775507 moment 22/59 support=1368225 elapsed=5.13421s
    C4 modular Weyl 9223372036854775507 moment 23/59 support=1628033 elapsed=6.6212s
    C4 modular Weyl 9223372036854775507 moment 24/59 support=1923201 elapsed=8.4503s
    C4 modular Weyl 9223372036854775507 moment 25/59 support=2256801 elapsed=10.6997s
    C4 modular Weyl 9223372036854775507 moment 26/59 support=2632033 elapsed=13.569s
    C4 modular Weyl 9223372036854775507 moment 27/59 support=3052225 elapsed=16.924s
    C4 modular Weyl 9223372036854775507 moment 28/59 support=3520833 elapsed=20.7967s
    C4 modular Weyl 9223372036854775507 moment 29/59 support=4041441 elapsed=25.2359s
    C4 modular Weyl 9223372036854775507 moment 30/59 support=4617761 elapsed=30.4874s
    C4 modular Weyl 9223372036854775507 moment 31/59 support=5253633 elapsed=36.9021s
    C4 modular Weyl 9223372036854775507 moment 32/59 support=5953025 elapsed=44.4444s
    C4 modular Weyl 9223372036854775507 moment 33/59 support=6720033 elapsed=52.851s
    C4 modular Weyl 9223372036854775507 moment 34/59 support=7558881 elapsed=62.9159s
    C4 modular Weyl 9223372036854775507 moment 35/59 support=8473921 elapsed=73.5075s
    C4 modular Weyl 9223372036854775507 moment 36/59 support=9469633 elapsed=85.9424s
    C4 modular Weyl 9223372036854775507 moment 37/59 support=10550625 elapsed=100.604s
    C4 modular Weyl 9223372036854775507 moment 38/59 support=11721633 elapsed=118.082s
    C4 modular Weyl 9223372036854775507 moment 39/59 support=12987521 elapsed=137.19s
    C4 modular Weyl 9223372036854775507 moment 40/59 support=14353281 elapsed=158.376s
    C4 modular Weyl 9223372036854775507 moment 41/59 support=15824033 elapsed=181.623s
    C4 modular Weyl 9223372036854775507 moment 42/59 support=17405025 elapsed=207.838s
    C4 modular Weyl 9223372036854775507 moment 43/59 support=19101633 elapsed=235.511s
    C4 modular Weyl 9223372036854775507 moment 44/59 support=20919361 elapsed=270.068s
    C4 modular Weyl 9223372036854775507 moment 45/59 support=22863841 elapsed=307.823s
    C4 modular Weyl 9223372036854775507 moment 46/59 support=24940833 elapsed=349.447s
    C4 modular Weyl 9223372036854775507 moment 47/59 support=27156225 elapsed=394.233s
    C4 modular Weyl 9223372036854775507 moment 48/59 support=29516033 elapsed=443.802s
    C4 modular Weyl 9223372036854775507 moment 49/59 support=32026401 elapsed=497.731s
    C4 modular Weyl 9223372036854775507 moment 50/59 support=34693601 elapsed=561.881s
    C4 modular Weyl 9223372036854775507 moment 51/59 support=37524033 elapsed=623.819s
    C4 modular Weyl 9223372036854775507 moment 52/59 support=40524225 elapsed=697.666s
    C4 modular Weyl 9223372036854775507 moment 53/59 support=43700833 elapsed=779.768s
    C4 modular Weyl 9223372036854775507 moment 54/59 support=47060641 elapsed=868.948s
    C4 modular Weyl 9223372036854775507 moment 55/59 support=50610561 elapsed=963.832s
    C4 modular Weyl 9223372036854775507 moment 56/59 support=54357633 elapsed=1068.19s
    C4 modular Weyl 9223372036854775507 moment 57/59 support=58309025 elapsed=1175.88s
    C4 modular Weyl 9223372036854775507 moment 58/59 support=62472033 elapsed=1292.83s
    C4 modular Weyl 9223372036854775507 moment 59/59 support=66854081 elapsed=1418.25s
C_4 MOD 9223372036854775507 Weyl density constant term = 384
C_4 MOD 9223372036854775507 m_0 moment=1
C_4 MOD 9223372036854775507 m_1 moment=0
C_4 MOD 9223372036854775507 m_2 moment=1
C_4 MOD 9223372036854775507 m_3 moment=1
C_4 MOD 9223372036854775507 m_4 moment=6
C_4 MOD 9223372036854775507 m_5 moment=22
C_4 MOD 9223372036854775507 m_6 moment=130
C_4 MOD 9223372036854775507 m_7 moment=822
C_4 MOD 9223372036854775507 m_8 moment=6202
C_4 MOD 9223372036854775507 m_9 moment=52552
C_4 MOD 9223372036854775507 m_10 moment=498249
C_4 MOD 9223372036854775507 m_11 moment=5196789
C_4 MOD 9223372036854775507 m_12 moment=58964994
C_4 MOD 9223372036854775507 m_13 moment=720151722
C_4 MOD 9223372036854775507 m_14 moment=9383818899
C_4 MOD 9223372036854775507 m_15 moment=129474626610
C_4 MOD 9223372036854775507 m_16 moment=1879661849940
C_4 MOD 9223372036854775507 m_17 moment=28558484041800
C_4 MOD 9223372036854775507 m_18 moment=452039912994576
C_4 MOD 9223372036854775507 m_19 moment=7425417513482460
C_4 MOD 9223372036854775507 m_20 moment=126159732874309546
C_4 MOD 9223372036854775507 m_21 moment=2210670103626215020
C_4 MOD 9223372036854775507 m_22 moment=2957401920937132448
C_4 MOD 9223372036854775507 m_23 moment=8754610331508863847
C_4 MOD 9223372036854775507 m_24 moment=5500981537162863691
C_4 MOD 9223372036854775507 m_25 moment=4663980840163632203
C_4 MOD 9223372036854775507 m_26 moment=6402285721114356851
C_4 MOD 9223372036854775507 m_27 moment=8860095411209248367
C_4 MOD 9223372036854775507 m_28 moment=7043296021100817174
C_4 MOD 9223372036854775507 m_29 moment=3532893513142886264
C_4 MOD 9223372036854775507 m_30 moment=8576144318394611702
C_4 MOD 9223372036854775507 m_31 moment=4654334496439969013
C_4 MOD 9223372036854775507 m_32 moment=6571565483973214994
C_4 MOD 9223372036854775507 m_33 moment=3893110558895174136
C_4 MOD 9223372036854775507 m_34 moment=6658352855648434546
C_4 MOD 9223372036854775507 m_35 moment=8179969029089052308
C_4 MOD 9223372036854775507 m_36 moment=1512885293513044285
C_4 MOD 9223372036854775507 m_37 moment=2755334947396981826
C_4 MOD 9223372036854775507 m_38 moment=8948647970114056916
C_4 MOD 9223372036854775507 m_39 moment=3355496691142303382
C_4 MOD 9223372036854775507 m_40 moment=5048026458394497182
C_4 MOD 9223372036854775507 m_41 moment=2266172982136677404
C_4 MOD 9223372036854775507 m_42 moment=6295248862452022711
C_4 MOD 9223372036854775507 m_43 moment=1245887131404642016
C_4 MOD 9223372036854775507 m_44 moment=5157118514117665981
C_4 MOD 9223372036854775507 m_45 moment=4318463859108331440
C_4 MOD 9223372036854775507 m_46 moment=7680287483691290708
C_4 MOD 9223372036854775507 m_47 moment=7995985292092725451
C_4 MOD 9223372036854775507 m_48 moment=1375097023498050156
C_4 MOD 9223372036854775507 m_49 moment=4987264041536869871
C_4 MOD 9223372036854775507 m_50 moment=5660946151441912756
C_4 MOD 9223372036854775507 m_51 moment=3049608301312186635
C_4 MOD 9223372036854775507 m_52 moment=6430220932348903834
C_4 MOD 9223372036854775507 m_53 moment=913320503842995207
C_4 MOD 9223372036854775507 m_54 moment=2810847287518028342
C_4 MOD 9223372036854775507 m_55 moment=8535233015875266403
C_4 MOD 9223372036854775507 m_56 moment=4745449471831517517
C_4 MOD 9223372036854775507 m_57 moment=1118756740705745424
C_4 MOD 9223372036854775507 m_58 moment=2230365013935188184
C_4 MOD 9223372036854775507 m_59 moment=7005502803430860099
