__HOST=nb1cb2f
__SOURCE_SHA256=bc22efcafafe2d40b5f5430cb8f9cb046bc6b9b188da684e61dc6fdfaa27077e
__COMMAND=./classical_boundary_source_replay_gmp --d-exact-moment-range 11 11 43 43 --stable-moments oeis_A002137_stable.txt --reverse-target-sums --progress
D exact shared moment range ranks 11..11 moments m_43..m_43 C++ certificate
begin D_11=SO(22)
shared D exact moment m_43 ranks 11..11
    m_43: O-even shared reverse step 1/43 frontier=23909 colors=1 elapsed=0.180823s
    m_43: O-even shared reverse step 2/43 frontier=77386 colors=1 elapsed=1.76566s
    m_43: O-even shared reverse step 3/43 frontier=145013 colors=1 elapsed=6.72895s
    m_43: O-even shared reverse step 4/43 frontier=220446 colors=1 elapsed=15.6846s
    m_43: O-even shared reverse step 5/43 frontier=298846 colors=1 elapsed=28.6952s
    m_43: O-even shared reverse step 6/43 frontier=377736 colors=1 elapsed=45.5455s
    m_43: O-even shared reverse step 7/43 frontier=455079 colors=1 elapsed=65.5546s
    m_43: O-even shared reverse step 8/43 frontier=527491 colors=1 elapsed=88.6204s
    m_43: O-even shared reverse step 9/43 frontier=587999 colors=1 elapsed=114.167s
    m_43: O-even shared reverse step 10/43 frontier=624213 colors=1 elapsed=141.102s
    m_43: O-even shared reverse step 11/43 frontier=623039 colors=1 elapsed=167.867s
    m_43: O-even shared reverse step 12/43 frontier=585925 colors=1 elapsed=192.755s
    m_43: O-even shared reverse step 13/43 frontier=527951 colors=1 elapsed=214.272s
    m_43: O-even shared reverse step 14/43 frontier=460370 colors=1 elapsed=231.798s
    m_43: O-even shared reverse step 15/43 frontier=389626 colors=1 elapsed=245.399s
    m_43: O-even shared reverse step 16/43 frontier=319826 colors=1 elapsed=255.502s
    m_43: O-even shared reverse step 17/43 frontier=254093 colors=1 elapsed=262.805s
    m_43: O-even shared reverse step 18/43 frontier=195131 colors=1 elapsed=267.941s
    m_43: O-even shared reverse step 19/43 frontier=145142 colors=1 elapsed=271.498s
    m_43: O-even shared reverse step 20/43 frontier=105274 colors=1 elapsed=273.92s
    m_43: O-even shared reverse step 21/43 frontier=75162 colors=1 elapsed=275.54s
    m_43: O-even shared reverse step 22/43 frontier=53174 colors=1 elapsed=276.613s
    m_43: O-even shared reverse step 23/43 frontier=37338 colors=1 elapsed=277.313s
    m_43: O-even shared reverse step 24/43 frontier=26015 colors=1 elapsed=277.766s
    m_43: O-even shared reverse step 25/43 frontier=17977 colors=1 elapsed=278.057s
    m_43: O-even shared reverse step 26/43 frontier=12310 colors=1 elapsed=278.24s
    m_43: O-even shared reverse step 27/43 frontier=8349 colors=1 elapsed=278.354s
    m_43: O-even shared reverse step 28/43 frontier=5604 colors=1 elapsed=278.424s
    m_43: O-even shared reverse step 29/43 frontier=3718 colors=1 elapsed=278.467s
    m_43: O-even shared reverse step 30/43 frontier=2436 colors=1 elapsed=278.492s
    m_43: O-even shared reverse step 31/43 frontier=1575 colors=1 elapsed=278.506s
    m_43: O-even shared reverse step 32/43 frontier=1002 colors=1 elapsed=278.515s
    m_43: O-even shared reverse step 33/43 frontier=627 colors=1 elapsed=278.519s
    m_43: O-even shared reverse step 34/43 frontier=385 colors=1 elapsed=278.522s
    m_43: O-even shared reverse step 35/43 frontier=231 colors=1 elapsed=278.523s
    m_43: O-even shared reverse step 36/43 frontier=135 colors=1 elapsed=278.524s
    m_43: O-even shared reverse step 37/43 frontier=77 colors=1 elapsed=278.524s
    m_43: O-even shared reverse step 38/43 frontier=42 colors=1 elapsed=278.524s
    m_43: O-even shared reverse step 39/43 frontier=22 colors=1 elapsed=278.524s
    m_43: O-even shared reverse step 40/43 frontier=11 colors=1 elapsed=278.524s
    m_43: O-even shared reverse step 41/43 frontier=5 colors=1 elapsed=278.524s
    m_43: O-even shared reverse step 42/43 frontier=2 colors=1 elapsed=278.524s
    m_43: O-even shared reverse step 43/43 frontier=1 colors=1 elapsed=278.524s
    m_43: determinant shared reverse step 1/43 frontier=119662 colors=1 elapsed=0.367376s
    m_43: determinant shared reverse step 2/43 frontier=470018 colors=1 elapsed=5.42231s
    m_43: determinant shared reverse step 3/43 frontier=994482 colors=1 elapsed=24.4383s
    m_43: determinant shared reverse step 4/43 frontier=1569973 colors=1 elapsed=62.0952s
    m_43: determinant shared reverse step 5/43 frontier=2086366 colors=1 elapsed=117.248s
    m_43: determinant shared reverse step 6/43 frontier=2473532 colors=1 elapsed=183.465s
    m_43: determinant shared reverse step 7/43 frontier=2681498 colors=1 elapsed=253.121s
    m_43: determinant shared reverse step 8/43 frontier=2663546 colors=1 elapsed=319.353s
    m_43: determinant shared reverse step 9/43 frontier=2394334 colors=1 elapsed=377.851s
    m_43: determinant shared reverse step 10/43 frontier=1941911 colors=1 elapsed=425.71s
    m_43: determinant shared reverse step 11/43 frontier=1484373 colors=1 elapsed=462.159s
    m_43: determinant shared reverse step 12/43 frontier=1123608 colors=1 elapsed=489.287s
    m_43: determinant shared reverse step 13/43 frontier=846435 colors=1 elapsed=508.922s
    m_43: determinant shared reverse step 14/43 frontier=634429 colors=1 elapsed=523.384s
    m_43: determinant shared reverse step 15/43 frontier=473030 colors=1 elapsed=533.753s
    m_43: determinant shared reverse step 16/43 frontier=350757 colors=1 elapsed=541.175s
    m_43: determinant shared reverse step 17/43 frontier=258592 colors=1 elapsed=546.421s
    m_43: determinant shared reverse step 18/43 frontier=189493 colors=1 elapsed=550.089s
    m_43: determinant shared reverse step 19/43 frontier=137979 colors=1 elapsed=552.659s
    m_43: determinant shared reverse step 20/43 frontier=99795 colors=1 elapsed=554.446s
    m_43: determinant shared reverse step 21/43 frontier=71669 colors=1 elapsed=555.678s
    m_43: determinant shared reverse step 22/43 frontier=51087 colors=1 elapsed=556.52s
    m_43: determinant shared reverse step 23/43 frontier=36126 colors=1 elapsed=557.087s
    m_43: determinant shared reverse step 24/43 frontier=25331 colors=1 elapsed=557.466s
    m_43: determinant shared reverse step 25/43 frontier=17604 colors=1 elapsed=557.715s
    m_43: determinant shared reverse step 26/43 frontier=12115 colors=1 elapsed=557.876s
    m_43: determinant shared reverse step 27/43 frontier=8252 colors=1 elapsed=557.979s
    m_43: determinant shared reverse step 28/43 frontier=5559 colors=1 elapsed=558.044s
    m_43: determinant shared reverse step 29/43 frontier=3699 colors=1 elapsed=558.084s
    m_43: determinant shared reverse step 30/43 frontier=2429 colors=1 elapsed=558.108s
    m_43: determinant shared reverse step 31/43 frontier=1573 colors=1 elapsed=558.123s
    m_43: determinant shared reverse step 32/43 frontier=1002 colors=1 elapsed=558.131s
    m_43: determinant shared reverse step 33/43 frontier=627 colors=1 elapsed=558.135s
    m_43: determinant shared reverse step 34/43 frontier=385 colors=1 elapsed=558.138s
    m_43: determinant shared reverse step 35/43 frontier=231 colors=1 elapsed=558.139s
    m_43: determinant shared reverse step 36/43 frontier=135 colors=1 elapsed=558.14s
    m_43: determinant shared reverse step 37/43 frontier=77 colors=1 elapsed=558.14s
    m_43: determinant shared reverse step 38/43 frontier=42 colors=1 elapsed=558.14s
    m_43: determinant shared reverse step 39/43 frontier=22 colors=1 elapsed=558.14s
    m_43: determinant shared reverse step 40/43 frontier=11 colors=1 elapsed=558.14s
    m_43: determinant shared reverse step 41/43 frontier=5 colors=1 elapsed=558.14s
    m_43: determinant shared reverse step 42/43 frontier=2 colors=1 elapsed=558.14s
    m_43: determinant shared reverse step 43/43 frontier=1 colors=1 elapsed=558.14s
  D_11 m_43 += O_even -116679699540302840872460109577124258560370069940 + det 400887155550099109221174691590746034277479197806227; Delta_43 = 400770475850558806380302231481168910018918827736287; moment_43 = 4437667103995900863450428292202754673353645122353663
__EXIT_STATUS=0
