__HOST=nb1cb2f
__SOURCE_SHA256=bc22efcafafe2d40b5f5430cb8f9cb046bc6b9b188da684e61dc6fdfaa27077e
__COMMAND=./classical_boundary_source_replay_gmp --d-exact-moment-range 11 11 45 45 --stable-moments oeis_A002137_stable.txt --reverse-target-sums --progress
D exact shared moment range ranks 11..11 moments m_45..m_45 C++ certificate
begin D_11=SO(22)
shared D exact moment m_45 ranks 11..11
    m_45: O-even shared reverse step 1/45 frontier=42902 colors=1 elapsed=0.308812s
    m_45: O-even shared reverse step 2/45 frontier=143822 colors=1 elapsed=3.23248s
    m_45: O-even shared reverse step 3/45 frontier=276847 colors=1 elapsed=12.7468s
    m_45: O-even shared reverse step 4/45 frontier=428082 colors=1 elapsed=30.2513s
    m_45: O-even shared reverse step 5/45 frontier=586648 colors=1 elapsed=55.8662s
    m_45: O-even shared reverse step 6/45 frontier=746478 colors=1 elapsed=89.4748s
    m_45: O-even shared reverse step 7/45 frontier=902446 colors=1 elapsed=130.583s
    m_45: O-even shared reverse step 8/45 frontier=1046585 colors=1 elapsed=177.853s
    m_45: O-even shared reverse step 9/45 frontier=1163763 colors=1 elapsed=230.287s
    m_45: O-even shared reverse step 10/45 frontier=1229349 colors=1 elapsed=285.766s
    m_45: O-even shared reverse step 11/45 frontier=1220455 colors=1 elapsed=341.077s
    m_45: O-even shared reverse step 12/45 frontier=1143096 colors=1 elapsed=392.295s
    m_45: O-even shared reverse step 13/45 frontier=1026248 colors=1 elapsed=436.553s
    m_45: O-even shared reverse step 14/45 frontier=891328 colors=1 elapsed=472.708s
    m_45: O-even shared reverse step 15/45 frontier=751089 colors=1 elapsed=500.949s
    m_45: O-even shared reverse step 16/45 frontier=613944 colors=1 elapsed=522.165s
    m_45: O-even shared reverse step 17/45 frontier=486287 colors=1 elapsed=537.744s
    m_45: O-even shared reverse step 18/45 frontier=373313 colors=1 elapsed=548.879s
    m_45: O-even shared reverse step 19/45 frontier=278724 colors=1 elapsed=556.688s
    m_45: O-even shared reverse step 20/45 frontier=203856 colors=1 elapsed=562.058s
    m_45: O-even shared reverse step 21/45 frontier=147252 colors=1 elapsed=565.706s
    m_45: O-even shared reverse step 22/45 frontier=105557 colors=1 elapsed=568.171s
    m_45: O-even shared reverse step 23/45 frontier=75175 colors=1 elapsed=569.809s
    m_45: O-even shared reverse step 24/45 frontier=53174 colors=1 elapsed=570.896s
    m_45: O-even shared reverse step 25/45 frontier=37338 colors=1 elapsed=571.603s
    m_45: O-even shared reverse step 26/45 frontier=26015 colors=1 elapsed=572.061s
    m_45: O-even shared reverse step 27/45 frontier=17977 colors=1 elapsed=572.353s
    m_45: O-even shared reverse step 28/45 frontier=12310 colors=1 elapsed=572.537s
    m_45: O-even shared reverse step 29/45 frontier=8349 colors=1 elapsed=572.652s
    m_45: O-even shared reverse step 30/45 frontier=5604 colors=1 elapsed=572.723s
    m_45: O-even shared reverse step 31/45 frontier=3718 colors=1 elapsed=572.766s
    m_45: O-even shared reverse step 32/45 frontier=2436 colors=1 elapsed=572.791s
    m_45: O-even shared reverse step 33/45 frontier=1575 colors=1 elapsed=572.806s
    m_45: O-even shared reverse step 34/45 frontier=1002 colors=1 elapsed=572.814s
    m_45: O-even shared reverse step 35/45 frontier=627 colors=1 elapsed=572.819s
    m_45: O-even shared reverse step 36/45 frontier=385 colors=1 elapsed=572.821s
    m_45: O-even shared reverse step 37/45 frontier=231 colors=1 elapsed=572.823s
    m_45: O-even shared reverse step 38/45 frontier=135 colors=1 elapsed=572.823s
    m_45: O-even shared reverse step 39/45 frontier=77 colors=1 elapsed=572.824s
    m_45: O-even shared reverse step 40/45 frontier=42 colors=1 elapsed=572.824s
    m_45: O-even shared reverse step 41/45 frontier=22 colors=1 elapsed=572.824s
    m_45: O-even shared reverse step 42/45 frontier=11 colors=1 elapsed=572.824s
    m_45: O-even shared reverse step 43/45 frontier=5 colors=1 elapsed=572.824s
    m_45: O-even shared reverse step 44/45 frontier=2 colors=1 elapsed=572.824s
    m_45: O-even shared reverse step 45/45 frontier=1 colors=1 elapsed=572.824s
    m_45: determinant shared reverse step 1/45 frontier=184672 colors=1 elapsed=0.542688s
    m_45: determinant shared reverse step 2/45 frontier=749544 colors=1 elapsed=8.43844s
    m_45: determinant shared reverse step 3/45 frontier=1627148 colors=1 elapsed=39.2753s
    m_45: determinant shared reverse step 4/45 frontier=2616159 colors=1 elapsed=102.503s
    m_45: determinant shared reverse step 5/45 frontier=3520261 colors=1 elapsed=197.332s
    m_45: determinant shared reverse step 6/45 frontier=4205305 colors=1 elapsed=313.281s
    m_45: determinant shared reverse step 7/45 frontier=4573846 colors=1 elapsed=437.142s
    m_45: determinant shared reverse step 8/45 frontier=4542391 colors=1 elapsed=556.587s
    m_45: determinant shared reverse step 9/45 frontier=4078456 colors=1 elapsed=661.477s
    m_45: determinant shared reverse step 10/45 frontier=3316400 colors=1 elapsed=747.533s
    m_45: determinant shared reverse step 11/45 frontier=2555327 colors=1 elapsed=813.017s
    m_45: determinant shared reverse step 12/45 frontier=1951915 colors=1 elapsed=862.65s
    m_45: determinant shared reverse step 13/45 frontier=1484373 colors=1 elapsed=899.158s
    m_45: determinant shared reverse step 14/45 frontier=1123608 colors=1 elapsed=926.107s
    m_45: determinant shared reverse step 15/45 frontier=846435 colors=1 elapsed=945.825s
    m_45: determinant shared reverse step 16/45 frontier=634429 colors=1 elapsed=960.148s
    m_45: determinant shared reverse step 17/45 frontier=473030 colors=1 elapsed=970.49s
    m_45: determinant shared reverse step 18/45 frontier=350757 colors=1 elapsed=977.787s
    m_45: determinant shared reverse step 19/45 frontier=258592 colors=1 elapsed=982.962s
    m_45: determinant shared reverse step 20/45 frontier=189493 colors=1 elapsed=986.573s
    m_45: determinant shared reverse step 21/45 frontier=137979 colors=1 elapsed=989.118s
    m_45: determinant shared reverse step 22/45 frontier=99795 colors=1 elapsed=990.896s
    m_45: determinant shared reverse step 23/45 frontier=71669 colors=1 elapsed=992.123s
    m_45: determinant shared reverse step 24/45 frontier=51087 colors=1 elapsed=992.961s
    m_45: determinant shared reverse step 25/45 frontier=36126 colors=1 elapsed=993.53s
    m_45: determinant shared reverse step 26/45 frontier=25331 colors=1 elapsed=993.908s
    m_45: determinant shared reverse step 27/45 frontier=17604 colors=1 elapsed=994.157s
    m_45: determinant shared reverse step 28/45 frontier=12115 colors=1 elapsed=994.319s
    m_45: determinant shared reverse step 29/45 frontier=8252 colors=1 elapsed=994.422s
    m_45: determinant shared reverse step 30/45 frontier=5559 colors=1 elapsed=994.487s
    m_45: determinant shared reverse step 31/45 frontier=3699 colors=1 elapsed=994.528s
    m_45: determinant shared reverse step 32/45 frontier=2429 colors=1 elapsed=994.552s
    m_45: determinant shared reverse step 33/45 frontier=1573 colors=1 elapsed=994.566s
    m_45: determinant shared reverse step 34/45 frontier=1002 colors=1 elapsed=994.574s
    m_45: determinant shared reverse step 35/45 frontier=627 colors=1 elapsed=994.579s
    m_45: determinant shared reverse step 36/45 frontier=385 colors=1 elapsed=994.581s
    m_45: determinant shared reverse step 37/45 frontier=231 colors=1 elapsed=994.583s
    m_45: determinant shared reverse step 38/45 frontier=135 colors=1 elapsed=994.583s
    m_45: determinant shared reverse step 39/45 frontier=77 colors=1 elapsed=994.584s
    m_45: determinant shared reverse step 40/45 frontier=42 colors=1 elapsed=994.584s
    m_45: determinant shared reverse step 41/45 frontier=22 colors=1 elapsed=994.584s
    m_45: determinant shared reverse step 42/45 frontier=11 colors=1 elapsed=994.584s
    m_45: determinant shared reverse step 43/45 frontier=5 colors=1 elapsed=994.584s
    m_45: determinant shared reverse step 44/45 frontier=2 colors=1 elapsed=994.584s
    m_45: determinant shared reverse step 45/45 frontier=1 colors=1 elapsed=994.584s
  D_11 m_45 += O_even -535265240514427629052262965012168209105931778484564 + det 1002299698247654998277487221091437956673571762795535606; Delta_45 = 1001764433007140570648434958126425788464465831017051042; moment_45 = 8816113175739660039245274583726799379278734480070783714
__EXIT_STATUS=0
