__HOST=nb1cb2f
__SOURCE_SHA256=bc22efcafafe2d40b5f5430cb8f9cb046bc6b9b188da684e61dc6fdfaa27077e
__COMMAND=./classical_boundary_source_replay_gmp --d-exact-moment-range 11 11 46 46 --stable-moments oeis_A002137_stable.txt --reverse-target-sums --progress
D exact shared moment range ranks 11..11 moments m_46..m_46 C++ certificate
begin D_11=SO(22)
shared D exact moment m_46 ranks 11..11
    m_46: O-even shared reverse step 1/46 frontier=56890 colors=1 elapsed=0.410024s
    m_46: O-even shared reverse step 2/46 frontier=194016 colors=1 elapsed=4.34936s
    m_46: O-even shared reverse step 3/46 frontier=378397 colors=1 elapsed=17.2521s
    m_46: O-even shared reverse step 4/46 frontier=590027 colors=1 elapsed=41.4501s
    m_46: O-even shared reverse step 5/46 frontier=812909 colors=1 elapsed=77.7248s
    m_46: O-even shared reverse step 6/46 frontier=1037773 colors=1 elapsed=125.446s
    m_46: O-even shared reverse step 7/46 frontier=1256691 colors=1 elapsed=183.991s
    m_46: O-even shared reverse step 8/46 frontier=1457694 colors=1 elapsed=251.358s
    m_46: O-even shared reverse step 9/46 frontier=1618876 colors=1 elapsed=326.195s
    m_46: O-even shared reverse step 10/46 frontier=1706039 colors=1 elapsed=405.397s
    m_46: O-even shared reverse step 11/46 frontier=1689393 colors=1 elapsed=484.516s
    m_46: O-even shared reverse step 12/46 frontier=1579223 colors=1 elapsed=557.83s
    m_46: O-even shared reverse step 13/46 frontier=1415309 colors=1 elapsed=621.545s
    m_46: O-even shared reverse step 14/46 frontier=1226946 colors=1 elapsed=673.602s
    m_46: O-even shared reverse step 15/46 frontier=1031880 colors=1 elapsed=714.28s
    m_46: O-even shared reverse step 16/46 frontier=841980 colors=1 elapsed=745.362s
    m_46: O-even shared reverse step 17/46 frontier=666196 colors=1 elapsed=768.142s
    m_46: O-even shared reverse step 18/46 frontier=511577 colors=1 elapsed=784.54s
    m_46: O-even shared reverse step 19/46 frontier=382807 colors=1 elapsed=796.098s
    m_46: O-even shared reverse step 20/46 frontier=281150 colors=1 elapsed=804.125s
    m_46: O-even shared reverse step 21/46 frontier=204194 colors=1 elapsed=809.615s
    m_46: O-even shared reverse step 22/46 frontier=147270 colors=1 elapsed=813.269s
    m_46: O-even shared reverse step 23/46 frontier=105558 colors=1 elapsed=815.775s
    m_46: O-even shared reverse step 24/46 frontier=75175 colors=1 elapsed=817.445s
    m_46: O-even shared reverse step 25/46 frontier=53174 colors=1 elapsed=818.546s
    m_46: O-even shared reverse step 26/46 frontier=37338 colors=1 elapsed=819.263s
    m_46: O-even shared reverse step 27/46 frontier=26015 colors=1 elapsed=819.726s
    m_46: O-even shared reverse step 28/46 frontier=17977 colors=1 elapsed=820.022s
    m_46: O-even shared reverse step 29/46 frontier=12310 colors=1 elapsed=820.209s
    m_46: O-even shared reverse step 30/46 frontier=8349 colors=1 elapsed=820.326s
    m_46: O-even shared reverse step 31/46 frontier=5604 colors=1 elapsed=820.398s
    m_46: O-even shared reverse step 32/46 frontier=3718 colors=1 elapsed=820.441s
    m_46: O-even shared reverse step 33/46 frontier=2436 colors=1 elapsed=820.467s
    m_46: O-even shared reverse step 34/46 frontier=1575 colors=1 elapsed=820.482s
    m_46: O-even shared reverse step 35/46 frontier=1002 colors=1 elapsed=820.49s
    m_46: O-even shared reverse step 36/46 frontier=627 colors=1 elapsed=820.495s
    m_46: O-even shared reverse step 37/46 frontier=385 colors=1 elapsed=820.497s
    m_46: O-even shared reverse step 38/46 frontier=231 colors=1 elapsed=820.499s
    m_46: O-even shared reverse step 39/46 frontier=135 colors=1 elapsed=820.499s
    m_46: O-even shared reverse step 40/46 frontier=77 colors=1 elapsed=820.5s
    m_46: O-even shared reverse step 41/46 frontier=42 colors=1 elapsed=820.5s
    m_46: O-even shared reverse step 42/46 frontier=22 colors=1 elapsed=820.5s
    m_46: O-even shared reverse step 43/46 frontier=11 colors=1 elapsed=820.5s
    m_46: O-even shared reverse step 44/46 frontier=5 colors=1 elapsed=820.5s
    m_46: O-even shared reverse step 45/46 frontier=2 colors=1 elapsed=820.5s
    m_46: O-even shared reverse step 46/46 frontier=1 colors=1 elapsed=820.5s
    m_46: determinant shared reverse step 1/46 frontier=228263 colors=1 elapsed=0.675203s
    m_46: determinant shared reverse step 2/46 frontier=941415 colors=1 elapsed=10.7186s
    m_46: determinant shared reverse step 3/46 frontier=2069311 colors=1 elapsed=50.5481s
    m_46: determinant shared reverse step 4/46 frontier=3356754 colors=1 elapsed=133.451s
    m_46: determinant shared reverse step 5/46 frontier=4544121 colors=1 elapsed=258.107s
    m_46: determinant shared reverse step 6/46 frontier=5448223 colors=1 elapsed=410.962s
    m_46: determinant shared reverse step 7/46 frontier=5934911 colors=1 elapsed=574.831s
    m_46: determinant shared reverse step 8/46 frontier=5893613 colors=1 elapsed=734.077s
    m_46: determinant shared reverse step 9/46 frontier=5289130 colors=1 elapsed=875.347s
    m_46: determinant shared reverse step 10/46 frontier=4306719 colors=1 elapsed=991.975s
    m_46: determinant shared reverse step 11/46 frontier=3331011 colors=1 elapsed=1082.25s
    m_46: determinant shared reverse step 12/46 frontier=2555327 colors=1 elapsed=1150.57s
    m_46: determinant shared reverse step 13/46 frontier=1951915 colors=1 elapsed=1201.21s
    m_46: determinant shared reverse step 14/46 frontier=1484373 colors=1 elapsed=1238.68s
    m_46: determinant shared reverse step 15/46 frontier=1123608 colors=1 elapsed=1266.28s
    m_46: determinant shared reverse step 16/46 frontier=846435 colors=1 elapsed=1286.52s
    m_46: determinant shared reverse step 17/46 frontier=634429 colors=1 elapsed=1301.16s
    m_46: determinant shared reverse step 18/46 frontier=473030 colors=1 elapsed=1311.68s
    m_46: determinant shared reverse step 19/46 frontier=350757 colors=1 elapsed=1319.2s
    m_46: determinant shared reverse step 20/46 frontier=258592 colors=1 elapsed=1324.51s
    m_46: determinant shared reverse step 21/46 frontier=189493 colors=1 elapsed=1328.24s
    m_46: determinant shared reverse step 22/46 frontier=137979 colors=1 elapsed=1330.88s
    m_46: determinant shared reverse step 23/46 frontier=99795 colors=1 elapsed=1332.71s
    m_46: determinant shared reverse step 24/46 frontier=71669 colors=1 elapsed=1333.97s
    m_46: determinant shared reverse step 25/46 frontier=51087 colors=1 elapsed=1334.84s
    m_46: determinant shared reverse step 26/46 frontier=36126 colors=1 elapsed=1335.42s
    m_46: determinant shared reverse step 27/46 frontier=25331 colors=1 elapsed=1335.81s
    m_46: determinant shared reverse step 28/46 frontier=17604 colors=1 elapsed=1336.06s
    m_46: determinant shared reverse step 29/46 frontier=12115 colors=1 elapsed=1336.22s
    m_46: determinant shared reverse step 30/46 frontier=8252 colors=1 elapsed=1336.33s
    m_46: determinant shared reverse step 31/46 frontier=5559 colors=1 elapsed=1336.39s
    m_46: determinant shared reverse step 32/46 frontier=3699 colors=1 elapsed=1336.44s
    m_46: determinant shared reverse step 33/46 frontier=2429 colors=1 elapsed=1336.46s
    m_46: determinant shared reverse step 34/46 frontier=1573 colors=1 elapsed=1336.47s
    m_46: determinant shared reverse step 35/46 frontier=1002 colors=1 elapsed=1336.48s
    m_46: determinant shared reverse step 36/46 frontier=627 colors=1 elapsed=1336.49s
    m_46: determinant shared reverse step 37/46 frontier=385 colors=1 elapsed=1336.49s
    m_46: determinant shared reverse step 38/46 frontier=231 colors=1 elapsed=1336.49s
    m_46: determinant shared reverse step 39/46 frontier=135 colors=1 elapsed=1336.49s
    m_46: determinant shared reverse step 40/46 frontier=77 colors=1 elapsed=1336.49s
    m_46: determinant shared reverse step 41/46 frontier=42 colors=1 elapsed=1336.49s
    m_46: determinant shared reverse step 42/46 frontier=22 colors=1 elapsed=1336.49s
    m_46: determinant shared reverse step 43/46 frontier=11 colors=1 elapsed=1336.49s
    m_46: determinant shared reverse step 44/46 frontier=5 colors=1 elapsed=1336.49s
    m_46: determinant shared reverse step 45/46 frontier=2 colors=1 elapsed=1336.49s
    m_46: determinant shared reverse step 46/46 frontier=1 colors=1 elapsed=1336.49s
  D_11 m_46 += O_even -36473334641405997987689917413076856556606344111045379 + det 51383954780006815434594539805260846342588914769825624028; Delta_46 = 51347481445365409436606849887847769486032308425714578649; moment_46 = 406898833683500519698964477401704163723768457683649337369
__EXIT_STATUS=0
